DEBUG - 2022-10-07 09:07:17 --> UTF-8 Support Enabled
DEBUG - 2022-10-07 09:07:17 --> Global POST, GET and COOKIE data sanitized
DEBUG - 2022-10-07 09:07:17 --> Config file loaded: /hwonpark/www/application/config/tree.php
DEBUG - 2022-10-07 09:07:17 --> Total execution time: 0.2213
DEBUG - 2022-10-07 09:07:18 --> UTF-8 Support Enabled
DEBUG - 2022-10-07 09:07:18 --> Global POST, GET and COOKIE data sanitized
ERROR - 2022-10-07 09:07:18 --> 404 Page Not Found: Faviconico/index
DEBUG - 2022-10-07 09:07:25 --> UTF-8 Support Enabled
DEBUG - 2022-10-07 09:07:25 --> Global POST, GET and COOKIE data sanitized
DEBUG - 2022-10-07 09:07:25 --> Config file loaded: /hwonpark/www/application/config/tree.php
DEBUG - 2022-10-07 09:07:26 --> UTF-8 Support Enabled
DEBUG - 2022-10-07 09:07:26 --> Global POST, GET and COOKIE data sanitized
DEBUG - 2022-10-07 09:07:26 --> Config file loaded: /hwonpark/www/application/config/tree.php
DEBUG - 2022-10-07 09:07:26 --> Encryption: Auto-configured driver 'openssl'.
DEBUG - 2022-10-07 09:07:26 --> UTF-8 Support Enabled
DEBUG - 2022-10-07 09:07:26 --> Global POST, GET and COOKIE data sanitized
DEBUG - 2022-10-07 09:07:26 --> Config file loaded: /hwonpark/www/application/config/tree.php
DEBUG - 2022-10-07 09:07:26 --> Encryption: Auto-configured driver 'openssl'.
DEBUG - 2022-10-07 09:07:26 --> Encryption class already loaded. Second attempt ignored.
DEBUG - 2022-10-07 09:07:26 --> Total execution time: 0.0755
DEBUG - 2022-10-07 09:07:29 --> UTF-8 Support Enabled
DEBUG - 2022-10-07 09:07:29 --> Global POST, GET and COOKIE data sanitized
DEBUG - 2022-10-07 09:07:29 --> Config file loaded: /hwonpark/www/application/config/tree.php
DEBUG - 2022-10-07 09:07:29 --> Encryption: Auto-configured driver 'openssl'.
DEBUG - 2022-10-07 09:07:29 --> Encryption class already loaded. Second attempt ignored.
DEBUG - 2022-10-07 09:07:29 --> Total execution time: 0.0639
DEBUG - 2022-10-07 09:07:32 --> UTF-8 Support Enabled
DEBUG - 2022-10-07 09:07:32 --> Global POST, GET and COOKIE data sanitized
DEBUG - 2022-10-07 09:07:32 --> Config file loaded: /hwonpark/www/application/config/tree.php
DEBUG - 2022-10-07 09:07:32 --> Encryption: Auto-configured driver 'openssl'.
DEBUG - 2022-10-07 09:07:32 --> Total execution time: 0.0877
DEBUG - 2022-10-07 09:07:40 --> UTF-8 Support Enabled
DEBUG - 2022-10-07 09:07:40 --> Global POST, GET and COOKIE data sanitized
DEBUG - 2022-10-07 09:07:40 --> Config file loaded: /hwonpark/www/application/config/tree.php
DEBUG - 2022-10-07 09:07:40 --> Encryption: Auto-configured driver 'openssl'.
DEBUG - 2022-10-07 09:07:40 --> Total execution time: 0.0430
DEBUG - 2022-10-07 09:07:45 --> UTF-8 Support Enabled
DEBUG - 2022-10-07 09:07:45 --> Global POST, GET and COOKIE data sanitized
DEBUG - 2022-10-07 09:07:45 --> Config file loaded: /hwonpark/www/application/config/tree.php
DEBUG - 2022-10-07 09:07:45 --> Encryption: Auto-configured driver 'openssl'.
DEBUG - 2022-10-07 09:07:45 --> Total execution time: 0.0750
DEBUG - 2022-10-07 09:07:47 --> UTF-8 Support Enabled
DEBUG - 2022-10-07 09:07:47 --> Global POST, GET and COOKIE data sanitized
DEBUG - 2022-10-07 09:07:47 --> Config file loaded: /hwonpark/www/application/config/tree.php
DEBUG - 2022-10-07 09:07:47 --> Encryption: Auto-configured driver 'openssl'.
DEBUG - 2022-10-07 09:07:47 --> Total execution time: 0.0736
DEBUG - 2022-10-07 09:08:42 --> UTF-8 Support Enabled
DEBUG - 2022-10-07 09:08:42 --> Global POST, GET and COOKIE data sanitized
DEBUG - 2022-10-07 09:08:42 --> Config file loaded: /hwonpark/www/application/config/tree.php
DEBUG - 2022-10-07 09:08:42 --> Encryption: Auto-configured driver 'openssl'.
DEBUG - 2022-10-07 09:08:43 --> UTF-8 Support Enabled
DEBUG - 2022-10-07 09:08:43 --> Global POST, GET and COOKIE data sanitized
DEBUG - 2022-10-07 09:08:43 --> Config file loaded: /hwonpark/www/application/config/tree.php
DEBUG - 2022-10-07 09:08:44 --> Encryption: Auto-configured driver 'openssl'.
DEBUG - 2022-10-07 09:08:44 --> Total execution time: 0.0428
DEBUG - 2022-10-07 09:11:35 --> UTF-8 Support Enabled
DEBUG - 2022-10-07 09:11:35 --> Global POST, GET and COOKIE data sanitized
DEBUG - 2022-10-07 09:11:35 --> Config file loaded: /hwonpark/www/application/config/tree.php
DEBUG - 2022-10-07 09:11:35 --> Encryption: Auto-configured driver 'openssl'.
DEBUG - 2022-10-07 09:11:35 --> Total execution time: 0.0438
DEBUG - 2022-10-07 09:11:48 --> UTF-8 Support Enabled
DEBUG - 2022-10-07 09:11:48 --> Global POST, GET and COOKIE data sanitized
DEBUG - 2022-10-07 09:11:48 --> Config file loaded: /hwonpark/www/application/config/tree.php
DEBUG - 2022-10-07 09:11:48 --> Encryption: Auto-configured driver 'openssl'.
DEBUG - 2022-10-07 09:11:50 --> UTF-8 Support Enabled
DEBUG - 2022-10-07 09:11:50 --> Global POST, GET and COOKIE data sanitized
DEBUG - 2022-10-07 09:11:50 --> Config file loaded: /hwonpark/www/application/config/tree.php
DEBUG - 2022-10-07 09:11:50 --> Encryption: Auto-configured driver 'openssl'.
DEBUG - 2022-10-07 09:11:50 --> Total execution time: 0.0397
DEBUG - 2022-10-07 09:12:16 --> UTF-8 Support Enabled
DEBUG - 2022-10-07 09:12:16 --> Global POST, GET and COOKIE data sanitized
DEBUG - 2022-10-07 09:12:16 --> Config file loaded: /hwonpark/www/application/config/tree.php
DEBUG - 2022-10-07 09:12:16 --> Encryption: Auto-configured driver 'openssl'.
DEBUG - 2022-10-07 09:12:16 --> Total execution time: 0.0717
DEBUG - 2022-10-07 09:12:30 --> UTF-8 Support Enabled
DEBUG - 2022-10-07 09:12:30 --> Global POST, GET and COOKIE data sanitized
DEBUG - 2022-10-07 09:12:30 --> Config file loaded: /hwonpark/www/application/config/tree.php
DEBUG - 2022-10-07 09:12:30 --> Encryption: Auto-configured driver 'openssl'.
DEBUG - 2022-10-07 09:12:31 --> UTF-8 Support Enabled
DEBUG - 2022-10-07 09:12:31 --> Global POST, GET and COOKIE data sanitized
DEBUG - 2022-10-07 09:12:31 --> Config file loaded: /hwonpark/www/application/config/tree.php
DEBUG - 2022-10-07 09:12:31 --> Encryption: Auto-configured driver 'openssl'.
DEBUG - 2022-10-07 09:12:31 --> Total execution time: 0.0385
DEBUG - 2022-10-07 09:12:33 --> UTF-8 Support Enabled
DEBUG - 2022-10-07 09:12:33 --> Global POST, GET and COOKIE data sanitized
DEBUG - 2022-10-07 09:12:33 --> Config file loaded: /hwonpark/www/application/config/tree.php
DEBUG - 2022-10-07 09:12:33 --> Encryption: Auto-configured driver 'openssl'.
DEBUG - 2022-10-07 09:12:33 --> UTF-8 Support Enabled
DEBUG - 2022-10-07 09:12:33 --> Global POST, GET and COOKIE data sanitized
DEBUG - 2022-10-07 09:12:33 --> Config file loaded: /hwonpark/www/application/config/tree.php
DEBUG - 2022-10-07 09:12:33 --> Encryption: Auto-configured driver 'openssl'.
DEBUG - 2022-10-07 09:12:33 --> Encryption class already loaded. Second attempt ignored.
DEBUG - 2022-10-07 09:12:33 --> Total execution time: 0.0376
DEBUG - 2022-10-07 09:12:36 --> UTF-8 Support Enabled
DEBUG - 2022-10-07 09:12:36 --> Global POST, GET and COOKIE data sanitized
DEBUG - 2022-10-07 09:12:36 --> Config file loaded: /hwonpark/www/application/config/tree.php
DEBUG - 2022-10-07 09:12:36 --> Encryption: Auto-configured driver 'openssl'.
DEBUG - 2022-10-07 09:12:36 --> Total execution time: 0.0412
DEBUG - 2022-10-07 09:16:10 --> UTF-8 Support Enabled
DEBUG - 2022-10-07 09:16:10 --> Global POST, GET and COOKIE data sanitized
DEBUG - 2022-10-07 09:16:10 --> Config file loaded: /hwonpark/www/application/config/tree.php
DEBUG - 2022-10-07 09:16:10 --> Total execution time: 0.0561
DEBUG - 2022-10-07 09:16:11 --> UTF-8 Support Enabled
DEBUG - 2022-10-07 09:16:11 --> Global POST, GET and COOKIE data sanitized
ERROR - 2022-10-07 09:16:11 --> 404 Page Not Found: Faviconico/index
DEBUG - 2022-10-07 10:53:08 --> UTF-8 Support Enabled
DEBUG - 2022-10-07 10:53:08 --> No URI present. Default controller set.
DEBUG - 2022-10-07 10:53:08 --> Global POST, GET and COOKIE data sanitized
DEBUG - 2022-10-07 10:53:08 --> Config file loaded: /hwonpark/www/application/config/tree.php
DEBUG - 2022-10-07 10:53:08 --> Total execution time: 0.0865
DEBUG - 2022-10-07 10:53:08 --> UTF-8 Support Enabled
DEBUG - 2022-10-07 10:53:08 --> Global POST, GET and COOKIE data sanitized
ERROR - 2022-10-07 10:53:08 --> 404 Page Not Found: Faviconico/index
DEBUG - 2022-10-07 10:53:12 --> UTF-8 Support Enabled
DEBUG - 2022-10-07 10:53:12 --> Global POST, GET and COOKIE data sanitized
DEBUG - 2022-10-07 10:53:12 --> Config file loaded: /hwonpark/www/application/config/tree.php
DEBUG - 2022-10-07 10:53:12 --> Total execution time: 0.0573
DEBUG - 2022-10-07 10:53:24 --> UTF-8 Support Enabled
DEBUG - 2022-10-07 10:53:24 --> Global POST, GET and COOKIE data sanitized
DEBUG - 2022-10-07 10:53:24 --> Config file loaded: /hwonpark/www/application/config/tree.php
DEBUG - 2022-10-07 10:53:25 --> UTF-8 Support Enabled
DEBUG - 2022-10-07 10:53:25 --> Global POST, GET and COOKIE data sanitized
DEBUG - 2022-10-07 10:53:25 --> Config file loaded: /hwonpark/www/application/config/tree.php
DEBUG - 2022-10-07 10:53:25 --> Total execution time: 0.0287
DEBUG - 2022-10-07 10:53:27 --> UTF-8 Support Enabled
DEBUG - 2022-10-07 10:53:27 --> Global POST, GET and COOKIE data sanitized
DEBUG - 2022-10-07 10:53:27 --> Config file loaded: /hwonpark/www/application/config/tree.php
DEBUG - 2022-10-07 10:53:27 --> =================== DL_auth-> oauth::CALLBACK - 시작
DEBUG - 2022-10-07 10:53:27 --> =================== DL_auth-> oauth::CALLBACK - kakao param=:: error=
DEBUG - 2022-10-07 10:53:27 --> =================== DL_auth-> oauth::CALLBACK - kakao param=:: state=
DEBUG - 2022-10-07 10:53:27 --> =================== DL_auth-> oauth::CALLBACK - kakao param=:: code=Ullt4XXUE_CYtQWgMS-oIhkkzsWfBSQKhe7ya1ImamcmfAHNPRCHewR7hkmrh9OXwQvP2Ao9dNoAAAGDsCW98Q
DEBUG - 2022-10-07 10:53:27 --> =================== DL_auth -> kakao oauth :2: code=Ullt4XXUE_CYtQWgMS-oIhkkzsWfBSQKhe7ya1ImamcmfAHNPRCHewR7hkmrh9OXwQvP2Ao9dNoAAAGDsCW98Q
DEBUG - 2022-10-07 10:53:27 --> ====================Dl_auth -> kakao_login :: 시작
DEBUG - 2022-10-07 10:53:27 --> --------------------Dl_auth::kakao_login - 1.토큰요청 시작
DEBUG - 2022-10-07 10:53:27 --> Dl_auth::kakao_login - get_token 시작 n=2
DEBUG - 2022-10-07 10:53:27 --> --------------------Dl_auth::kakao_login - 1.2.토큰요청 시작 -> 기타브라우저
DEBUG - 2022-10-07 10:53:27 --> --------------------Dl_auth::kakao_login - 1.3.토큰요청
DEBUG - 2022-10-07 10:53:27 --> --------------------Dl_auth::kakao_login - 1.4.토큰요청 -> 성공
DEBUG - 2022-10-07 10:53:27 --> UTF-8 Support Enabled
DEBUG - 2022-10-07 10:53:27 --> Global POST, GET and COOKIE data sanitized
DEBUG - 2022-10-07 10:53:27 --> Config file loaded: /hwonpark/www/application/config/tree.php
DEBUG - 2022-10-07 10:53:27 --> =================== DL_auth-> oauth::CALLBACK - 시작
DEBUG - 2022-10-07 10:53:27 --> =================== DL_auth-> oauth::CALLBACK - kakao param=:: error=
DEBUG - 2022-10-07 10:53:27 --> =================== DL_auth-> oauth::CALLBACK - kakao param=:: state=
DEBUG - 2022-10-07 10:53:27 --> =================== DL_auth-> oauth::CALLBACK - kakao param=:: code=Ullt4XXUE_CYtQWgMS-oIhkkzsWfBSQKhe7ya1ImamcmfAHNPRCHewR7hkmrh9OXwQvP2Ao9dNoAAAGDsCW98Q
DEBUG - 2022-10-07 10:53:27 --> =================== DL_auth -> kakao oauth :2: code=Ullt4XXUE_CYtQWgMS-oIhkkzsWfBSQKhe7ya1ImamcmfAHNPRCHewR7hkmrh9OXwQvP2Ao9dNoAAAGDsCW98Q
DEBUG - 2022-10-07 10:53:27 --> ====================Dl_auth -> kakao_login :: 시작
DEBUG - 2022-10-07 10:53:27 --> ====================Dl_auth::kakao_login - 1.3.5- 사이트 회원정보 업데이트 성공(카카오 인증 완료) state=
DEBUG - 2022-10-07 10:53:28 --> UTF-8 Support Enabled
DEBUG - 2022-10-07 10:53:28 --> Global POST, GET and COOKIE data sanitized
DEBUG - 2022-10-07 10:53:28 --> Config file loaded: /hwonpark/www/application/config/tree.php
DEBUG - 2022-10-07 10:53:28 --> Encryption: Auto-configured driver 'openssl'.
DEBUG - 2022-10-07 10:53:28 --> Total execution time: 0.0338
DEBUG - 2022-10-07 10:53:34 --> UTF-8 Support Enabled
DEBUG - 2022-10-07 10:53:34 --> Global POST, GET and COOKIE data sanitized
DEBUG - 2022-10-07 10:53:34 --> Config file loaded: /hwonpark/www/application/config/tree.php
DEBUG - 2022-10-07 10:53:34 --> Encryption: Auto-configured driver 'openssl'.
DEBUG - 2022-10-07 10:53:34 --> Total execution time: 0.0619
DEBUG - 2022-10-07 10:53:39 --> UTF-8 Support Enabled
DEBUG - 2022-10-07 10:53:39 --> Global POST, GET and COOKIE data sanitized
DEBUG - 2022-10-07 10:53:39 --> Config file loaded: /hwonpark/www/application/config/tree.php
DEBUG - 2022-10-07 10:53:39 --> Encryption: Auto-configured driver 'openssl'.
DEBUG - 2022-10-07 10:53:39 --> Total execution time: 0.0722
DEBUG - 2022-10-07 10:53:43 --> UTF-8 Support Enabled
DEBUG - 2022-10-07 10:53:43 --> Global POST, GET and COOKIE data sanitized
DEBUG - 2022-10-07 10:53:43 --> Config file loaded: /hwonpark/www/application/config/tree.php
DEBUG - 2022-10-07 10:53:43 --> Encryption: Auto-configured driver 'openssl'.
DEBUG - 2022-10-07 10:55:34 --> UTF-8 Support Enabled
DEBUG - 2022-10-07 10:55:34 --> Global POST, GET and COOKIE data sanitized
DEBUG - 2022-10-07 10:55:34 --> Config file loaded: /hwonpark/www/application/config/tree.php
DEBUG - 2022-10-07 10:55:34 --> Encryption: Auto-configured driver 'openssl'.
DEBUG - 2022-10-07 10:55:34 --> Total execution time: 0.0434
DEBUG - 2022-10-07 11:03:36 --> UTF-8 Support Enabled
DEBUG - 2022-10-07 11:03:36 --> Global POST, GET and COOKIE data sanitized
DEBUG - 2022-10-07 11:03:36 --> Config file loaded: /hwonpark/www/application/config/tree.php
DEBUG - 2022-10-07 11:03:36 --> Total execution time: 0.0562
DEBUG - 2022-10-07 11:03:37 --> UTF-8 Support Enabled
DEBUG - 2022-10-07 11:03:37 --> Global POST, GET and COOKIE data sanitized
ERROR - 2022-10-07 11:03:37 --> 404 Page Not Found: Faviconico/index
DEBUG - 2022-10-07 11:03:37 --> UTF-8 Support Enabled
DEBUG - 2022-10-07 11:03:37 --> No URI present. Default controller set.
DEBUG - 2022-10-07 11:03:37 --> Global POST, GET and COOKIE data sanitized
DEBUG - 2022-10-07 11:03:37 --> Config file loaded: /hwonpark/www/application/config/tree.php
DEBUG - 2022-10-07 11:03:37 --> Total execution time: 0.0301
DEBUG - 2022-10-07 11:03:47 --> UTF-8 Support Enabled
DEBUG - 2022-10-07 11:03:47 --> No URI present. Default controller set.
DEBUG - 2022-10-07 11:03:47 --> Global POST, GET and COOKIE data sanitized
DEBUG - 2022-10-07 11:03:47 --> Config file loaded: /hwonpark/www/application/config/tree.php
DEBUG - 2022-10-07 11:03:47 --> Total execution time: 0.0588
DEBUG - 2022-10-07 11:06:55 --> UTF-8 Support Enabled
DEBUG - 2022-10-07 11:06:55 --> No URI present. Default controller set.
DEBUG - 2022-10-07 11:06:55 --> Global POST, GET and COOKIE data sanitized
DEBUG - 2022-10-07 11:06:55 --> Config file loaded: /hwonpark/www/application/config/tree.php
DEBUG - 2022-10-07 11:06:55 --> Total execution time: 0.0555
DEBUG - 2022-10-07 11:06:58 --> UTF-8 Support Enabled
DEBUG - 2022-10-07 11:06:58 --> Global POST, GET and COOKIE data sanitized
ERROR - 2022-10-07 11:06:58 --> 404 Page Not Found: Faviconico/index
DEBUG - 2022-10-07 11:07:14 --> UTF-8 Support Enabled
DEBUG - 2022-10-07 11:07:14 --> No URI present. Default controller set.
DEBUG - 2022-10-07 11:07:14 --> Global POST, GET and COOKIE data sanitized
DEBUG - 2022-10-07 11:07:14 --> Config file loaded: /hwonpark/www/application/config/tree.php
DEBUG - 2022-10-07 11:07:14 --> Total execution time: 0.0299
DEBUG - 2022-10-07 11:07:19 --> UTF-8 Support Enabled
DEBUG - 2022-10-07 11:07:19 --> Global POST, GET and COOKIE data sanitized
ERROR - 2022-10-07 11:07:19 --> 404 Page Not Found: Faviconico/index
DEBUG - 2022-10-07 11:08:56 --> UTF-8 Support Enabled
DEBUG - 2022-10-07 11:08:56 --> No URI present. Default controller set.
DEBUG - 2022-10-07 11:08:56 --> Global POST, GET and COOKIE data sanitized
DEBUG - 2022-10-07 11:08:56 --> Config file loaded: /hwonpark/www/application/config/tree.php
DEBUG - 2022-10-07 11:08:56 --> Total execution time: 0.0325
DEBUG - 2022-10-07 11:08:59 --> UTF-8 Support Enabled
DEBUG - 2022-10-07 11:08:59 --> Global POST, GET and COOKIE data sanitized
DEBUG - 2022-10-07 11:08:59 --> Config file loaded: /hwonpark/www/application/config/tree.php
DEBUG - 2022-10-07 11:08:59 --> --------------------DC_common::chk_perm - 1.인가코드요청 시작 -> if 인앱브라우저
DEBUG - 2022-10-07 11:09:00 --> UTF-8 Support Enabled
DEBUG - 2022-10-07 11:09:00 --> Global POST, GET and COOKIE data sanitized
DEBUG - 2022-10-07 11:09:00 --> Config file loaded: /hwonpark/www/application/config/tree.php
DEBUG - 2022-10-07 11:09:00 --> =================== DL_auth-> oauth::CALLBACK - 시작
DEBUG - 2022-10-07 11:09:00 --> =================== DL_auth-> oauth::CALLBACK - kakao param=:: error=
DEBUG - 2022-10-07 11:09:00 --> =================== DL_auth-> oauth::CALLBACK - kakao param=:: state=/ko/brief/view?idx=34
DEBUG - 2022-10-07 11:09:00 --> =================== DL_auth-> oauth::CALLBACK - kakao param=:: code=4_qTcwlcmXODyLEqgTG5ItjCW4DCoo5P4em8erX2bwj_M-KvotWQalKJKYVkEvetSETaXgopb7gAAAGDsDP9KA
DEBUG - 2022-10-07 11:09:00 --> =================== DL_auth -> kakao oauth :2: code=4_qTcwlcmXODyLEqgTG5ItjCW4DCoo5P4em8erX2bwj_M-KvotWQalKJKYVkEvetSETaXgopb7gAAAGDsDP9KA
DEBUG - 2022-10-07 11:09:00 --> ====================Dl_auth -> kakao_login :: 시작
DEBUG - 2022-10-07 11:09:00 --> --------------------Dl_auth::kakao_login - 1.토큰요청 시작
DEBUG - 2022-10-07 11:09:00 --> Dl_auth::kakao_login - get_token 시작 n=2
DEBUG - 2022-10-07 11:09:00 --> --------------------Dl_auth::kakao_login - 1.2.토큰요청 시작 -> 기타브라우저
DEBUG - 2022-10-07 11:09:00 --> --------------------Dl_auth::kakao_login - 1.3.토큰요청
DEBUG - 2022-10-07 11:09:01 --> --------------------Dl_auth::kakao_login - 1.4.토큰요청 -> 성공
DEBUG - 2022-10-07 11:09:01 --> UTF-8 Support Enabled
DEBUG - 2022-10-07 11:09:01 --> Global POST, GET and COOKIE data sanitized
DEBUG - 2022-10-07 11:09:01 --> Config file loaded: /hwonpark/www/application/config/tree.php
DEBUG - 2022-10-07 11:09:01 --> =================== DL_auth-> oauth::CALLBACK - 시작
DEBUG - 2022-10-07 11:09:01 --> =================== DL_auth-> oauth::CALLBACK - kakao param=:: error=
DEBUG - 2022-10-07 11:09:01 --> =================== DL_auth-> oauth::CALLBACK - kakao param=:: state=/ko/brief/view?idx=34
DEBUG - 2022-10-07 11:09:01 --> =================== DL_auth-> oauth::CALLBACK - kakao param=:: code=4_qTcwlcmXODyLEqgTG5ItjCW4DCoo5P4em8erX2bwj_M-KvotWQalKJKYVkEvetSETaXgopb7gAAAGDsDP9KA
DEBUG - 2022-10-07 11:09:01 --> =================== DL_auth -> kakao oauth :2: code=4_qTcwlcmXODyLEqgTG5ItjCW4DCoo5P4em8erX2bwj_M-KvotWQalKJKYVkEvetSETaXgopb7gAAAGDsDP9KA
DEBUG - 2022-10-07 11:09:01 --> ====================Dl_auth -> kakao_login :: 시작
DEBUG - 2022-10-07 11:09:01 --> ====================Dl_auth::kakao_login - 1.3.5- 사이트 회원정보 업데이트 성공(카카오 인증 완료) state=/ko/brief/view?idx=34
DEBUG - 2022-10-07 11:09:01 --> UTF-8 Support Enabled
DEBUG - 2022-10-07 11:09:01 --> Global POST, GET and COOKIE data sanitized
DEBUG - 2022-10-07 11:09:01 --> Config file loaded: /hwonpark/www/application/config/tree.php
DEBUG - 2022-10-07 11:09:01 --> Encryption: Auto-configured driver 'openssl'.
DEBUG - 2022-10-07 11:09:01 --> --------------------DC_common::chk_perm - 1.인가코드요청 시작 -> if 인앱브라우저
DEBUG - 2022-10-07 11:09:01 --> Total execution time: 0.0810
DEBUG - 2022-10-07 11:09:17 --> UTF-8 Support Enabled
DEBUG - 2022-10-07 11:09:17 --> No URI present. Default controller set.
DEBUG - 2022-10-07 11:09:17 --> Global POST, GET and COOKIE data sanitized
DEBUG - 2022-10-07 11:09:17 --> Config file loaded: /hwonpark/www/application/config/tree.php
DEBUG - 2022-10-07 11:09:17 --> Total execution time: 0.0555
DEBUG - 2022-10-07 11:09:17 --> UTF-8 Support Enabled
DEBUG - 2022-10-07 11:09:17 --> No URI present. Default controller set.
DEBUG - 2022-10-07 11:09:17 --> Global POST, GET and COOKIE data sanitized
DEBUG - 2022-10-07 11:09:17 --> Config file loaded: /hwonpark/www/application/config/tree.php
DEBUG - 2022-10-07 11:09:17 --> Total execution time: 0.0623
DEBUG - 2022-10-07 11:09:17 --> UTF-8 Support Enabled
DEBUG - 2022-10-07 11:09:17 --> No URI present. Default controller set.
DEBUG - 2022-10-07 11:09:17 --> Global POST, GET and COOKIE data sanitized
DEBUG - 2022-10-07 11:09:17 --> Config file loaded: /hwonpark/www/application/config/tree.php
DEBUG - 2022-10-07 11:09:17 --> Encryption: Auto-configured driver 'openssl'.
DEBUG - 2022-10-07 11:09:17 --> Total execution time: 0.0333
DEBUG - 2022-10-07 11:09:17 --> UTF-8 Support Enabled
DEBUG - 2022-10-07 11:09:17 --> No URI present. Default controller set.
DEBUG - 2022-10-07 11:09:17 --> Global POST, GET and COOKIE data sanitized
DEBUG - 2022-10-07 11:09:17 --> Config file loaded: /hwonpark/www/application/config/tree.php
DEBUG - 2022-10-07 11:09:18 --> Total execution time: 0.0315
DEBUG - 2022-10-07 11:09:24 --> UTF-8 Support Enabled
DEBUG - 2022-10-07 11:09:24 --> Global POST, GET and COOKIE data sanitized
DEBUG - 2022-10-07 11:09:24 --> Config file loaded: /hwonpark/www/application/config/tree.php
DEBUG - 2022-10-07 11:09:24 --> Encryption: Auto-configured driver 'openssl'.
DEBUG - 2022-10-07 11:09:24 --> --------------------DC_common::chk_perm - 1.인가코드요청 시작 -> if 인앱브라우저
DEBUG - 2022-10-07 11:09:24 --> Total execution time: 0.0460
DEBUG - 2022-10-07 11:09:48 --> UTF-8 Support Enabled
DEBUG - 2022-10-07 11:09:48 --> Global POST, GET and COOKIE data sanitized
DEBUG - 2022-10-07 11:09:48 --> Config file loaded: /hwonpark/www/application/config/tree.php
DEBUG - 2022-10-07 11:09:48 --> Encryption: Auto-configured driver 'openssl'.
DEBUG - 2022-10-07 11:09:48 --> Total execution time: 0.0784
DEBUG - 2022-10-07 11:09:50 --> UTF-8 Support Enabled
DEBUG - 2022-10-07 11:09:50 --> Global POST, GET and COOKIE data sanitized
DEBUG - 2022-10-07 11:09:50 --> Config file loaded: /hwonpark/www/application/config/tree.php
DEBUG - 2022-10-07 11:09:50 --> Encryption: Auto-configured driver 'openssl'.
DEBUG - 2022-10-07 11:09:50 --> --------------------DC_common::chk_perm - 1.인가코드요청 시작 -> if 인앱브라우저
DEBUG - 2022-10-07 11:09:50 --> Total execution time: 0.0443
DEBUG - 2022-10-07 11:10:00 --> UTF-8 Support Enabled
DEBUG - 2022-10-07 11:10:00 --> Global POST, GET and COOKIE data sanitized
DEBUG - 2022-10-07 11:10:00 --> Config file loaded: /hwonpark/www/application/config/tree.php
DEBUG - 2022-10-07 11:10:00 --> Encryption: Auto-configured driver 'openssl'.
DEBUG - 2022-10-07 11:10:00 --> Total execution time: 0.0370
DEBUG - 2022-10-07 11:10:02 --> UTF-8 Support Enabled
DEBUG - 2022-10-07 11:10:02 --> Global POST, GET and COOKIE data sanitized
DEBUG - 2022-10-07 11:10:02 --> Config file loaded: /hwonpark/www/application/config/tree.php
DEBUG - 2022-10-07 11:10:02 --> Encryption: Auto-configured driver 'openssl'.
DEBUG - 2022-10-07 11:10:03 --> --------------------DC_common::chk_perm - 1.인가코드요청 시작 -> if 인앱브라우저
DEBUG - 2022-10-07 11:10:03 --> Total execution time: 0.9508
DEBUG - 2022-10-07 11:10:04 --> UTF-8 Support Enabled
DEBUG - 2022-10-07 11:10:04 --> Global POST, GET and COOKIE data sanitized
DEBUG - 2022-10-07 11:10:04 --> Config file loaded: /hwonpark/www/application/config/tree.php
DEBUG - 2022-10-07 11:10:04 --> Encryption: Auto-configured driver 'openssl'.
DEBUG - 2022-10-07 11:10:04 --> UTF-8 Support Enabled
DEBUG - 2022-10-07 11:10:04 --> Global POST, GET and COOKIE data sanitized
DEBUG - 2022-10-07 11:10:04 --> Config file loaded: /hwonpark/www/application/config/tree.php
DEBUG - 2022-10-07 11:10:20 --> UTF-8 Support Enabled
DEBUG - 2022-10-07 11:10:20 --> Global POST, GET and COOKIE data sanitized
DEBUG - 2022-10-07 11:10:20 --> Config file loaded: /hwonpark/www/application/config/tree.php
DEBUG - 2022-10-07 11:10:20 --> Encryption: Auto-configured driver 'openssl'.
DEBUG - 2022-10-07 11:10:20 --> Total execution time: 0.0421
DEBUG - 2022-10-07 11:10:23 --> UTF-8 Support Enabled
DEBUG - 2022-10-07 11:10:23 --> Global POST, GET and COOKIE data sanitized
DEBUG - 2022-10-07 11:10:23 --> Config file loaded: /hwonpark/www/application/config/tree.php
DEBUG - 2022-10-07 11:10:23 --> Encryption: Auto-configured driver 'openssl'.
DEBUG - 2022-10-07 11:10:23 --> --------------------DC_common::chk_perm - 1.인가코드요청 시작 -> if 인앱브라우저
DEBUG - 2022-10-07 11:10:23 --> Total execution time: 0.0476
DEBUG - 2022-10-07 11:10:36 --> UTF-8 Support Enabled
DEBUG - 2022-10-07 11:10:37 --> Global POST, GET and COOKIE data sanitized
DEBUG - 2022-10-07 11:10:37 --> Config file loaded: /hwonpark/www/application/config/tree.php
DEBUG - 2022-10-07 11:10:37 --> Encryption: Auto-configured driver 'openssl'.
DEBUG - 2022-10-07 11:10:37 --> Total execution time: 0.0573
DEBUG - 2022-10-07 11:27:20 --> UTF-8 Support Enabled
DEBUG - 2022-10-07 11:27:20 --> No URI present. Default controller set.
DEBUG - 2022-10-07 11:27:20 --> Global POST, GET and COOKIE data sanitized
DEBUG - 2022-10-07 11:27:20 --> Config file loaded: /hwonpark/www/application/config/tree.php
DEBUG - 2022-10-07 11:27:20 --> Total execution time: 0.0519
DEBUG - 2022-10-07 11:27:20 --> UTF-8 Support Enabled
DEBUG - 2022-10-07 11:27:20 --> Global POST, GET and COOKIE data sanitized
ERROR - 2022-10-07 11:27:20 --> 404 Page Not Found: Faviconico/index
DEBUG - 2022-10-07 13:25:44 --> UTF-8 Support Enabled
DEBUG - 2022-10-07 13:25:44 --> Global POST, GET and COOKIE data sanitized
DEBUG - 2022-10-07 13:25:45 --> Config file loaded: /hwonpark/www/application/config/tree.php
DEBUG - 2022-10-07 13:25:45 --> Total execution time: 0.1559
DEBUG - 2022-10-07 13:25:47 --> UTF-8 Support Enabled
DEBUG - 2022-10-07 13:25:47 --> Global POST, GET and COOKIE data sanitized
ERROR - 2022-10-07 13:25:47 --> 404 Page Not Found: Faviconico/index
DEBUG - 2022-10-07 13:25:51 --> UTF-8 Support Enabled
DEBUG - 2022-10-07 13:25:51 --> Global POST, GET and COOKIE data sanitized
DEBUG - 2022-10-07 13:25:51 --> Config file loaded: /hwonpark/www/application/config/tree.php
DEBUG - 2022-10-07 13:25:51 --> Total execution time: 0.0331
DEBUG - 2022-10-07 13:31:47 --> UTF-8 Support Enabled
DEBUG - 2022-10-07 13:31:47 --> Global POST, GET and COOKIE data sanitized
DEBUG - 2022-10-07 13:31:47 --> Config file loaded: /hwonpark/www/application/config/tree.php
DEBUG - 2022-10-07 13:31:47 --> Total execution time: 0.0370
DEBUG - 2022-10-07 13:40:25 --> UTF-8 Support Enabled
DEBUG - 2022-10-07 13:40:25 --> No URI present. Default controller set.
DEBUG - 2022-10-07 13:40:25 --> Global POST, GET and COOKIE data sanitized
DEBUG - 2022-10-07 13:40:26 --> Config file loaded: /hwonpark/www/application/config/tree.php
DEBUG - 2022-10-07 13:40:26 --> Total execution time: 0.0398
DEBUG - 2022-10-07 13:40:36 --> UTF-8 Support Enabled
DEBUG - 2022-10-07 13:40:36 --> No URI present. Default controller set.
DEBUG - 2022-10-07 13:40:36 --> Global POST, GET and COOKIE data sanitized
DEBUG - 2022-10-07 13:40:36 --> Config file loaded: /hwonpark/www/application/config/tree.php
DEBUG - 2022-10-07 13:40:36 --> Total execution time: 0.0326
DEBUG - 2022-10-07 15:39:19 --> UTF-8 Support Enabled
DEBUG - 2022-10-07 15:39:19 --> No URI present. Default controller set.
DEBUG - 2022-10-07 15:39:19 --> Global POST, GET and COOKIE data sanitized
DEBUG - 2022-10-07 15:39:19 --> Config file loaded: /hwonpark/www/application/config/tree.php
DEBUG - 2022-10-07 15:39:19 --> Total execution time: 0.1954
DEBUG - 2022-10-07 15:39:21 --> UTF-8 Support Enabled
DEBUG - 2022-10-07 15:39:21 --> Global POST, GET and COOKIE data sanitized
ERROR - 2022-10-07 15:39:21 --> 404 Page Not Found: Faviconico/index
DEBUG - 2022-10-07 17:28:25 --> UTF-8 Support Enabled
DEBUG - 2022-10-07 17:28:25 --> No URI present. Default controller set.
DEBUG - 2022-10-07 17:28:25 --> Global POST, GET and COOKIE data sanitized
DEBUG - 2022-10-07 17:28:25 --> Config file loaded: /hwonpark/www/application/config/tree.php
DEBUG - 2022-10-07 17:28:25 --> Total execution time: 0.0501
DEBUG - 2022-10-07 20:03:25 --> UTF-8 Support Enabled
DEBUG - 2022-10-07 20:03:25 --> No URI present. Default controller set.
DEBUG - 2022-10-07 20:03:25 --> Global POST, GET and COOKIE data sanitized
DEBUG - 2022-10-07 20:03:25 --> Config file loaded: /hwonpark/www/application/config/tree.php
DEBUG - 2022-10-07 20:03:25 --> Total execution time: 0.0510
DEBUG - 2022-10-07 20:03:29 --> UTF-8 Support Enabled
DEBUG - 2022-10-07 20:03:29 --> No URI present. Default controller set.
DEBUG - 2022-10-07 20:03:29 --> Global POST, GET and COOKIE data sanitized
DEBUG - 2022-10-07 20:03:29 --> Config file loaded: /hwonpark/www/application/config/tree.php
DEBUG - 2022-10-07 20:03:29 --> Total execution time: 0.0339
DEBUG - 2022-10-07 20:03:30 --> UTF-8 Support Enabled
DEBUG - 2022-10-07 20:03:30 --> Global POST, GET and COOKIE data sanitized
ERROR - 2022-10-07 20:03:30 --> 404 Page Not Found: Faviconico/index
