DEBUG - 2022-12-18 12:21:40 --> UTF-8 Support Enabled
DEBUG - 2022-12-18 12:21:40 --> No URI present. Default controller set.
DEBUG - 2022-12-18 12:21:40 --> Global POST, GET and COOKIE data sanitized
DEBUG - 2022-12-18 12:21:41 --> Config file loaded: /hwonpark/www/application/config/tree.php
DEBUG - 2022-12-18 12:21:41 --> Total execution time: 0.3378
DEBUG - 2022-12-18 12:22:30 --> UTF-8 Support Enabled
DEBUG - 2022-12-18 12:22:30 --> No URI present. Default controller set.
DEBUG - 2022-12-18 12:22:30 --> Global POST, GET and COOKIE data sanitized
DEBUG - 2022-12-18 12:22:30 --> Config file loaded: /hwonpark/www/application/config/tree.php
DEBUG - 2022-12-18 12:22:30 --> Total execution time: 0.0319
DEBUG - 2022-12-18 15:09:07 --> UTF-8 Support Enabled
DEBUG - 2022-12-18 15:09:07 --> No URI present. Default controller set.
DEBUG - 2022-12-18 15:09:07 --> Global POST, GET and COOKIE data sanitized
DEBUG - 2022-12-18 15:09:07 --> Config file loaded: /hwonpark/www/application/config/tree.php
DEBUG - 2022-12-18 15:09:07 --> Total execution time: 0.1949
DEBUG - 2022-12-18 18:30:15 --> UTF-8 Support Enabled
DEBUG - 2022-12-18 18:30:15 --> No URI present. Default controller set.
DEBUG - 2022-12-18 18:30:15 --> Global POST, GET and COOKIE data sanitized
DEBUG - 2022-12-18 18:30:15 --> Config file loaded: /hwonpark/www/application/config/tree.php
DEBUG - 2022-12-18 18:30:15 --> Total execution time: 0.1837
DEBUG - 2022-12-18 18:30:16 --> UTF-8 Support Enabled
DEBUG - 2022-12-18 18:30:16 --> Global POST, GET and COOKIE data sanitized
ERROR - 2022-12-18 18:30:16 --> 404 Page Not Found: Faviconico/index
DEBUG - 2022-12-18 18:30:26 --> UTF-8 Support Enabled
DEBUG - 2022-12-18 18:30:26 --> Global POST, GET and COOKIE data sanitized
DEBUG - 2022-12-18 18:30:26 --> Total execution time: 0.0262
DEBUG - 2022-12-18 18:30:30 --> UTF-8 Support Enabled
DEBUG - 2022-12-18 18:30:30 --> Global POST, GET and COOKIE data sanitized
DEBUG - 2022-12-18 18:30:31 --> Config file loaded: /hwonpark/www/application/config/tree.php
DEBUG - 2022-12-18 18:30:31 --> Total execution time: 0.0953
DEBUG - 2022-12-18 18:30:35 --> UTF-8 Support Enabled
DEBUG - 2022-12-18 18:30:35 --> Global POST, GET and COOKIE data sanitized
DEBUG - 2022-12-18 18:30:35 --> Config file loaded: /hwonpark/www/application/config/tree.php
DEBUG - 2022-12-18 18:30:35 --> Total execution time: 0.0380
DEBUG - 2022-12-18 18:30:38 --> UTF-8 Support Enabled
DEBUG - 2022-12-18 18:30:38 --> Global POST, GET and COOKIE data sanitized
DEBUG - 2022-12-18 18:30:38 --> Config file loaded: /hwonpark/www/application/config/tree.php
DEBUG - 2022-12-18 18:30:38 --> Total execution time: 0.0403
DEBUG - 2022-12-18 19:02:36 --> UTF-8 Support Enabled
DEBUG - 2022-12-18 19:02:36 --> No URI present. Default controller set.
DEBUG - 2022-12-18 19:02:36 --> Global POST, GET and COOKIE data sanitized
DEBUG - 2022-12-18 19:02:36 --> Config file loaded: /hwonpark/www/application/config/tree.php
DEBUG - 2022-12-18 19:02:36 --> Total execution time: 0.0405
DEBUG - 2022-12-18 19:02:44 --> UTF-8 Support Enabled
DEBUG - 2022-12-18 19:02:44 --> Global POST, GET and COOKIE data sanitized
ERROR - 2022-12-18 19:02:44 --> 404 Page Not Found: Faviconico/index
DEBUG - 2022-12-18 19:02:48 --> UTF-8 Support Enabled
DEBUG - 2022-12-18 19:02:48 --> No URI present. Default controller set.
DEBUG - 2022-12-18 19:02:48 --> Global POST, GET and COOKIE data sanitized
DEBUG - 2022-12-18 19:02:48 --> Config file loaded: /hwonpark/www/application/config/tree.php
DEBUG - 2022-12-18 19:02:48 --> Total execution time: 0.0400
DEBUG - 2022-12-18 19:02:48 --> UTF-8 Support Enabled
DEBUG - 2022-12-18 19:02:48 --> Global POST, GET and COOKIE data sanitized
ERROR - 2022-12-18 19:02:48 --> 404 Page Not Found: Faviconico/index
DEBUG - 2022-12-18 19:03:26 --> UTF-8 Support Enabled
DEBUG - 2022-12-18 19:03:26 --> Global POST, GET and COOKIE data sanitized
DEBUG - 2022-12-18 19:03:26 --> Config file loaded: /hwonpark/www/application/config/tree.php
DEBUG - 2022-12-18 19:03:26 --> Total execution time: 0.0428
DEBUG - 2022-12-18 19:03:28 --> UTF-8 Support Enabled
DEBUG - 2022-12-18 19:03:28 --> Global POST, GET and COOKIE data sanitized
DEBUG - 2022-12-18 19:03:28 --> Config file loaded: /hwonpark/www/application/config/tree.php
DEBUG - 2022-12-18 19:03:28 --> Total execution time: 0.0411
DEBUG - 2022-12-18 19:03:29 --> UTF-8 Support Enabled
DEBUG - 2022-12-18 19:03:29 --> Global POST, GET and COOKIE data sanitized
DEBUG - 2022-12-18 19:03:29 --> Config file loaded: /hwonpark/www/application/config/tree.php
DEBUG - 2022-12-18 19:03:29 --> Total execution time: 0.0342
DEBUG - 2022-12-18 19:03:32 --> UTF-8 Support Enabled
DEBUG - 2022-12-18 19:03:32 --> Global POST, GET and COOKIE data sanitized
DEBUG - 2022-12-18 19:03:32 --> Config file loaded: /hwonpark/www/application/config/tree.php
DEBUG - 2022-12-18 19:03:32 --> Total execution time: 0.0763
DEBUG - 2022-12-18 23:49:15 --> UTF-8 Support Enabled
DEBUG - 2022-12-18 23:49:15 --> No URI present. Default controller set.
DEBUG - 2022-12-18 23:49:15 --> Global POST, GET and COOKIE data sanitized
DEBUG - 2022-12-18 23:49:15 --> Config file loaded: /hwonpark/www/application/config/tree.php
DEBUG - 2022-12-18 23:49:15 --> Total execution time: 0.1859
DEBUG - 2022-12-18 23:49:15 --> UTF-8 Support Enabled
DEBUG - 2022-12-18 23:49:15 --> Global POST, GET and COOKIE data sanitized
ERROR - 2022-12-18 23:49:15 --> 404 Page Not Found: Faviconico/index
