DEBUG - 2022-07-04 06:51:23 --> UTF-8 Support Enabled
DEBUG - 2022-07-04 06:51:23 --> Global POST, GET and COOKIE data sanitized
DEBUG - 2022-07-04 06:51:23 --> Config file loaded: /hwonpark/www/application/config/tree.php
DEBUG - 2022-07-04 06:51:23 --> --------------------DC_common::chk_perm - 1.인가코드요청 시작 -> if 인앱브라우저
DEBUG - 2022-07-04 06:51:23 --> UTF-8 Support Enabled
DEBUG - 2022-07-04 06:51:23 --> Global POST, GET and COOKIE data sanitized
ERROR - 2022-07-04 06:51:23 --> 404 Page Not Found: Faviconico/index
DEBUG - 2022-07-04 06:51:23 --> UTF-8 Support Enabled
DEBUG - 2022-07-04 06:51:23 --> Global POST, GET and COOKIE data sanitized
DEBUG - 2022-07-04 06:51:23 --> Config file loaded: /hwonpark/www/application/config/tree.php
DEBUG - 2022-07-04 06:51:23 --> =================== DL_auth-> oauth::CALLBACK - 시작
DEBUG - 2022-07-04 06:51:23 --> =================== DL_auth-> oauth::CALLBACK - kakao param=:: error=
DEBUG - 2022-07-04 06:51:23 --> =================== DL_auth-> oauth::CALLBACK - kakao param=:: state=/ko/brief/view?idx=23
DEBUG - 2022-07-04 06:51:23 --> =================== DL_auth-> oauth::CALLBACK - kakao param=:: code=d0EEtD_kdBt91sd1DtdOLznmBc7jWpHBGlOeMNuZ1_jWd-hgR9q8uDG7c0P3hf1miY5F7QorDR8AAAGBxgv-ew
DEBUG - 2022-07-04 06:51:23 --> =================== DL_auth -> kakao oauth :2: code=d0EEtD_kdBt91sd1DtdOLznmBc7jWpHBGlOeMNuZ1_jWd-hgR9q8uDG7c0P3hf1miY5F7QorDR8AAAGBxgv-ew
DEBUG - 2022-07-04 06:51:23 --> ====================Dl_auth -> kakao_login :: 시작
DEBUG - 2022-07-04 06:51:23 --> --------------------Dl_auth::kakao_login - 1.토큰요청 시작
DEBUG - 2022-07-04 06:51:23 --> Dl_auth::kakao_login - get_token 시작 n=2
DEBUG - 2022-07-04 06:51:23 --> --------------------Dl_auth::kakao_login - 1.2.토큰요청 시작 -> 기타브라우저
DEBUG - 2022-07-04 06:51:23 --> --------------------Dl_auth::kakao_login - 1.3.토큰요청
DEBUG - 2022-07-04 06:51:23 --> --------------------Dl_auth::kakao_login - 1.4.토큰요청 -> 성공
DEBUG - 2022-07-04 06:51:24 --> UTF-8 Support Enabled
DEBUG - 2022-07-04 06:51:24 --> Global POST, GET and COOKIE data sanitized
DEBUG - 2022-07-04 06:51:24 --> Config file loaded: /hwonpark/www/application/config/tree.php
DEBUG - 2022-07-04 06:51:24 --> =================== DL_auth-> oauth::CALLBACK - 시작
DEBUG - 2022-07-04 06:51:24 --> =================== DL_auth-> oauth::CALLBACK - kakao param=:: error=
DEBUG - 2022-07-04 06:51:24 --> =================== DL_auth-> oauth::CALLBACK - kakao param=:: state=/ko/brief/view?idx=23
DEBUG - 2022-07-04 06:51:24 --> =================== DL_auth-> oauth::CALLBACK - kakao param=:: code=d0EEtD_kdBt91sd1DtdOLznmBc7jWpHBGlOeMNuZ1_jWd-hgR9q8uDG7c0P3hf1miY5F7QorDR8AAAGBxgv-ew
DEBUG - 2022-07-04 06:51:24 --> =================== DL_auth -> kakao oauth :2: code=d0EEtD_kdBt91sd1DtdOLznmBc7jWpHBGlOeMNuZ1_jWd-hgR9q8uDG7c0P3hf1miY5F7QorDR8AAAGBxgv-ew
DEBUG - 2022-07-04 06:51:24 --> ====================Dl_auth -> kakao_login :: 시작
DEBUG - 2022-07-04 06:51:26 --> UTF-8 Support Enabled
DEBUG - 2022-07-04 06:51:26 --> Global POST, GET and COOKIE data sanitized
DEBUG - 2022-07-04 06:51:26 --> Config file loaded: /hwonpark/www/application/config/tree.php
DEBUG - 2022-07-04 06:51:26 --> Total execution time: 0.0395
DEBUG - 2022-07-04 08:03:25 --> UTF-8 Support Enabled
DEBUG - 2022-07-04 08:03:25 --> No URI present. Default controller set.
DEBUG - 2022-07-04 08:03:25 --> Global POST, GET and COOKIE data sanitized
DEBUG - 2022-07-04 08:03:25 --> Config file loaded: /hwonpark/www/application/config/tree.php
DEBUG - 2022-07-04 08:03:25 --> Total execution time: 0.2251
DEBUG - 2022-07-04 08:03:25 --> UTF-8 Support Enabled
DEBUG - 2022-07-04 08:03:25 --> Global POST, GET and COOKIE data sanitized
ERROR - 2022-07-04 08:03:25 --> 404 Page Not Found: Faviconico/index
DEBUG - 2022-07-04 08:03:29 --> UTF-8 Support Enabled
DEBUG - 2022-07-04 08:03:29 --> Global POST, GET and COOKIE data sanitized
DEBUG - 2022-07-04 08:03:29 --> Config file loaded: /hwonpark/www/application/config/tree.php
DEBUG - 2022-07-04 08:03:30 --> UTF-8 Support Enabled
DEBUG - 2022-07-04 08:03:30 --> Global POST, GET and COOKIE data sanitized
DEBUG - 2022-07-04 08:03:30 --> Config file loaded: /hwonpark/www/application/config/tree.php
DEBUG - 2022-07-04 08:03:30 --> Total execution time: 0.0374
DEBUG - 2022-07-04 08:03:31 --> UTF-8 Support Enabled
DEBUG - 2022-07-04 08:03:31 --> Global POST, GET and COOKIE data sanitized
DEBUG - 2022-07-04 08:03:31 --> Config file loaded: /hwonpark/www/application/config/tree.php
DEBUG - 2022-07-04 08:03:31 --> =================== DL_auth-> oauth::CALLBACK - 시작
DEBUG - 2022-07-04 08:03:31 --> =================== DL_auth-> oauth::CALLBACK - kakao param=:: error=
DEBUG - 2022-07-04 08:03:31 --> =================== DL_auth-> oauth::CALLBACK - kakao param=:: state=
DEBUG - 2022-07-04 08:03:31 --> =================== DL_auth-> oauth::CALLBACK - kakao param=:: code=xBJyoSOGdsFbbxFLBG6A_tF-2a-U_k0lM2DDCWemdQAlSqpg850zSIxhfJUryKIF33U5qgopb9UAAAGBxk4JfQ
DEBUG - 2022-07-04 08:03:31 --> =================== DL_auth -> kakao oauth :2: code=xBJyoSOGdsFbbxFLBG6A_tF-2a-U_k0lM2DDCWemdQAlSqpg850zSIxhfJUryKIF33U5qgopb9UAAAGBxk4JfQ
DEBUG - 2022-07-04 08:03:31 --> ====================Dl_auth -> kakao_login :: 시작
DEBUG - 2022-07-04 08:03:31 --> --------------------Dl_auth::kakao_login - 1.토큰요청 시작
DEBUG - 2022-07-04 08:03:31 --> Dl_auth::kakao_login - get_token 시작 n=2
DEBUG - 2022-07-04 08:03:32 --> --------------------Dl_auth::kakao_login - 1.2.토큰요청 시작 -> 기타브라우저
DEBUG - 2022-07-04 08:03:32 --> --------------------Dl_auth::kakao_login - 1.3.토큰요청
DEBUG - 2022-07-04 08:03:32 --> --------------------Dl_auth::kakao_login - 1.4.토큰요청 -> 성공
DEBUG - 2022-07-04 08:03:32 --> UTF-8 Support Enabled
DEBUG - 2022-07-04 08:03:32 --> Global POST, GET and COOKIE data sanitized
DEBUG - 2022-07-04 08:03:32 --> Config file loaded: /hwonpark/www/application/config/tree.php
DEBUG - 2022-07-04 08:03:32 --> =================== DL_auth-> oauth::CALLBACK - 시작
DEBUG - 2022-07-04 08:03:32 --> =================== DL_auth-> oauth::CALLBACK - kakao param=:: error=
DEBUG - 2022-07-04 08:03:32 --> =================== DL_auth-> oauth::CALLBACK - kakao param=:: state=
DEBUG - 2022-07-04 08:03:32 --> =================== DL_auth-> oauth::CALLBACK - kakao param=:: code=xBJyoSOGdsFbbxFLBG6A_tF-2a-U_k0lM2DDCWemdQAlSqpg850zSIxhfJUryKIF33U5qgopb9UAAAGBxk4JfQ
DEBUG - 2022-07-04 08:03:32 --> =================== DL_auth -> kakao oauth :2: code=xBJyoSOGdsFbbxFLBG6A_tF-2a-U_k0lM2DDCWemdQAlSqpg850zSIxhfJUryKIF33U5qgopb9UAAAGBxk4JfQ
DEBUG - 2022-07-04 08:03:32 --> ====================Dl_auth -> kakao_login :: 시작
DEBUG - 2022-07-04 08:03:32 --> ====================Dl_auth::kakao_login - 1.3.5- 사이트 회원정보 업데이트 성공(카카오 인증 완료) state=
DEBUG - 2022-07-04 08:03:33 --> UTF-8 Support Enabled
DEBUG - 2022-07-04 08:03:33 --> Global POST, GET and COOKIE data sanitized
DEBUG - 2022-07-04 08:03:33 --> Config file loaded: /hwonpark/www/application/config/tree.php
DEBUG - 2022-07-04 08:03:33 --> Encryption: Auto-configured driver 'openssl'.
DEBUG - 2022-07-04 08:03:33 --> Total execution time: 0.0629
DEBUG - 2022-07-04 08:03:35 --> UTF-8 Support Enabled
DEBUG - 2022-07-04 08:03:35 --> Global POST, GET and COOKIE data sanitized
DEBUG - 2022-07-04 08:03:35 --> Config file loaded: /hwonpark/www/application/config/tree.php
DEBUG - 2022-07-04 08:03:35 --> Encryption: Auto-configured driver 'openssl'.
DEBUG - 2022-07-04 08:03:35 --> Total execution time: 0.0582
DEBUG - 2022-07-04 08:05:01 --> UTF-8 Support Enabled
DEBUG - 2022-07-04 08:05:01 --> Global POST, GET and COOKIE data sanitized
DEBUG - 2022-07-04 08:05:01 --> Config file loaded: /hwonpark/www/application/config/tree.php
DEBUG - 2022-07-04 08:05:01 --> Encryption: Auto-configured driver 'openssl'.
DEBUG - 2022-07-04 08:05:01 --> Total execution time: 0.0565
DEBUG - 2022-07-04 08:48:12 --> UTF-8 Support Enabled
DEBUG - 2022-07-04 08:48:12 --> Global POST, GET and COOKIE data sanitized
DEBUG - 2022-07-04 08:48:12 --> Config file loaded: /hwonpark/www/application/config/tree.php
DEBUG - 2022-07-04 08:48:12 --> Total execution time: 0.0369
DEBUG - 2022-07-04 08:48:14 --> UTF-8 Support Enabled
DEBUG - 2022-07-04 08:48:14 --> Global POST, GET and COOKIE data sanitized
ERROR - 2022-07-04 08:48:14 --> 404 Page Not Found: Faviconico/index
DEBUG - 2022-07-04 08:48:31 --> UTF-8 Support Enabled
DEBUG - 2022-07-04 08:48:31 --> Global POST, GET and COOKIE data sanitized
DEBUG - 2022-07-04 08:48:31 --> Config file loaded: /hwonpark/www/application/config/tree.php
DEBUG - 2022-07-04 08:48:31 --> --------------------DC_common::chk_perm - 1.인가코드요청 시작 -> if 인앱브라우저
DEBUG - 2022-07-04 08:48:32 --> UTF-8 Support Enabled
DEBUG - 2022-07-04 08:48:32 --> Global POST, GET and COOKIE data sanitized
DEBUG - 2022-07-04 08:48:32 --> Config file loaded: /hwonpark/www/application/config/tree.php
DEBUG - 2022-07-04 08:48:32 --> =================== DL_auth-> oauth::CALLBACK - 시작
DEBUG - 2022-07-04 08:48:32 --> =================== DL_auth-> oauth::CALLBACK - kakao param=:: error=
DEBUG - 2022-07-04 08:48:32 --> =================== DL_auth-> oauth::CALLBACK - kakao param=:: state=/ko/brief/view?idx=20
DEBUG - 2022-07-04 08:48:32 --> =================== DL_auth-> oauth::CALLBACK - kakao param=:: code=FGtBnwBT9oKZkH1dnDAXIEDZ5h_RyIfOcC_0Dz5HLf2wLkn6n4C2L-u_JC-QVfry6H5kpAopyNoAAAGBxnc-Ug
DEBUG - 2022-07-04 08:48:32 --> =================== DL_auth -> kakao oauth :2: code=FGtBnwBT9oKZkH1dnDAXIEDZ5h_RyIfOcC_0Dz5HLf2wLkn6n4C2L-u_JC-QVfry6H5kpAopyNoAAAGBxnc-Ug
DEBUG - 2022-07-04 08:48:32 --> ====================Dl_auth -> kakao_login :: 시작
DEBUG - 2022-07-04 08:48:32 --> --------------------Dl_auth::kakao_login - 1.토큰요청 시작
DEBUG - 2022-07-04 08:48:32 --> Dl_auth::kakao_login - get_token 시작 n=2
DEBUG - 2022-07-04 08:48:32 --> --------------------Dl_auth::kakao_login - 1.2.토큰요청 시작 -> 기타브라우저
DEBUG - 2022-07-04 08:48:32 --> --------------------Dl_auth::kakao_login - 1.3.토큰요청
DEBUG - 2022-07-04 08:48:32 --> --------------------Dl_auth::kakao_login - 1.4.토큰요청 -> 성공
DEBUG - 2022-07-04 08:48:32 --> UTF-8 Support Enabled
DEBUG - 2022-07-04 08:48:32 --> Global POST, GET and COOKIE data sanitized
DEBUG - 2022-07-04 08:48:32 --> Config file loaded: /hwonpark/www/application/config/tree.php
DEBUG - 2022-07-04 08:48:32 --> =================== DL_auth-> oauth::CALLBACK - 시작
DEBUG - 2022-07-04 08:48:32 --> =================== DL_auth-> oauth::CALLBACK - kakao param=:: error=
DEBUG - 2022-07-04 08:48:32 --> =================== DL_auth-> oauth::CALLBACK - kakao param=:: state=/ko/brief/view?idx=20
DEBUG - 2022-07-04 08:48:32 --> =================== DL_auth-> oauth::CALLBACK - kakao param=:: code=FGtBnwBT9oKZkH1dnDAXIEDZ5h_RyIfOcC_0Dz5HLf2wLkn6n4C2L-u_JC-QVfry6H5kpAopyNoAAAGBxnc-Ug
DEBUG - 2022-07-04 08:48:32 --> =================== DL_auth -> kakao oauth :2: code=FGtBnwBT9oKZkH1dnDAXIEDZ5h_RyIfOcC_0Dz5HLf2wLkn6n4C2L-u_JC-QVfry6H5kpAopyNoAAAGBxnc-Ug
DEBUG - 2022-07-04 08:48:32 --> ====================Dl_auth -> kakao_login :: 시작
DEBUG - 2022-07-04 08:48:32 --> ====================Dl_auth::kakao_login - 1.3.5- 사이트 회원정보 업데이트 성공(카카오 인증 완료) state=/ko/brief/view?idx=20
DEBUG - 2022-07-04 08:48:32 --> UTF-8 Support Enabled
DEBUG - 2022-07-04 08:48:32 --> Global POST, GET and COOKIE data sanitized
DEBUG - 2022-07-04 08:48:32 --> Config file loaded: /hwonpark/www/application/config/tree.php
DEBUG - 2022-07-04 08:48:32 --> Encryption: Auto-configured driver 'openssl'.
DEBUG - 2022-07-04 08:48:32 --> --------------------DC_common::chk_perm - 1.인가코드요청 시작 -> if 인앱브라우저
DEBUG - 2022-07-04 08:48:32 --> Total execution time: 0.0736
DEBUG - 2022-07-04 08:50:59 --> UTF-8 Support Enabled
DEBUG - 2022-07-04 08:50:59 --> Global POST, GET and COOKIE data sanitized
DEBUG - 2022-07-04 08:50:59 --> Config file loaded: /hwonpark/www/application/config/tree.php
DEBUG - 2022-07-04 08:50:59 --> Encryption: Auto-configured driver 'openssl'.
DEBUG - 2022-07-04 08:50:59 --> Total execution time: 0.0733
DEBUG - 2022-07-04 08:51:01 --> UTF-8 Support Enabled
DEBUG - 2022-07-04 08:51:01 --> Global POST, GET and COOKIE data sanitized
ERROR - 2022-07-04 08:51:01 --> 404 Page Not Found: Faviconico/index
DEBUG - 2022-07-04 08:51:16 --> UTF-8 Support Enabled
DEBUG - 2022-07-04 08:51:16 --> Global POST, GET and COOKIE data sanitized
DEBUG - 2022-07-04 08:51:16 --> Config file loaded: /hwonpark/www/application/config/tree.php
DEBUG - 2022-07-04 08:51:16 --> Encryption: Auto-configured driver 'openssl'.
DEBUG - 2022-07-04 08:51:16 --> --------------------DC_common::chk_perm - 1.인가코드요청 시작 -> if 인앱브라우저
DEBUG - 2022-07-04 08:51:16 --> Total execution time: 0.0453
DEBUG - 2022-07-04 08:52:30 --> UTF-8 Support Enabled
DEBUG - 2022-07-04 08:52:30 --> Global POST, GET and COOKIE data sanitized
DEBUG - 2022-07-04 08:52:31 --> Config file loaded: /hwonpark/www/application/config/tree.php
DEBUG - 2022-07-04 08:52:31 --> Encryption: Auto-configured driver 'openssl'.
DEBUG - 2022-07-04 08:52:31 --> Total execution time: 0.0374
DEBUG - 2022-07-04 08:52:34 --> UTF-8 Support Enabled
DEBUG - 2022-07-04 08:52:34 --> Global POST, GET and COOKIE data sanitized
DEBUG - 2022-07-04 08:52:34 --> Config file loaded: /hwonpark/www/application/config/tree.php
DEBUG - 2022-07-04 08:52:34 --> Encryption: Auto-configured driver 'openssl'.
DEBUG - 2022-07-04 08:52:34 --> --------------------DC_common::chk_perm - 1.인가코드요청 시작 -> if 인앱브라우저
DEBUG - 2022-07-04 08:52:34 --> Total execution time: 0.0402
DEBUG - 2022-07-04 08:53:34 --> UTF-8 Support Enabled
DEBUG - 2022-07-04 08:53:34 --> Global POST, GET and COOKIE data sanitized
DEBUG - 2022-07-04 08:53:34 --> Config file loaded: /hwonpark/www/application/config/tree.php
DEBUG - 2022-07-04 08:53:34 --> Encryption: Auto-configured driver 'openssl'.
DEBUG - 2022-07-04 08:53:34 --> Total execution time: 0.0384
DEBUG - 2022-07-04 09:15:07 --> UTF-8 Support Enabled
DEBUG - 2022-07-04 09:15:07 --> Global POST, GET and COOKIE data sanitized
DEBUG - 2022-07-04 09:15:07 --> Config file loaded: /hwonpark/www/application/config/tree.php
DEBUG - 2022-07-04 09:15:07 --> UTF-8 Support Enabled
DEBUG - 2022-07-04 09:15:07 --> Global POST, GET and COOKIE data sanitized
DEBUG - 2022-07-04 09:15:07 --> Config file loaded: /hwonpark/www/application/config/tree.php
DEBUG - 2022-07-04 09:15:07 --> Total execution time: 0.0294
DEBUG - 2022-07-04 09:15:08 --> UTF-8 Support Enabled
DEBUG - 2022-07-04 09:15:08 --> Global POST, GET and COOKIE data sanitized
ERROR - 2022-07-04 09:15:08 --> 404 Page Not Found: Faviconico/index
DEBUG - 2022-07-04 09:39:34 --> UTF-8 Support Enabled
DEBUG - 2022-07-04 09:39:34 --> Global POST, GET and COOKIE data sanitized
DEBUG - 2022-07-04 09:39:34 --> Config file loaded: /hwonpark/www/application/config/tree.php
DEBUG - 2022-07-04 09:39:35 --> UTF-8 Support Enabled
DEBUG - 2022-07-04 09:39:35 --> Global POST, GET and COOKIE data sanitized
DEBUG - 2022-07-04 09:39:35 --> Config file loaded: /hwonpark/www/application/config/tree.php
DEBUG - 2022-07-04 09:39:35 --> Total execution time: 0.0626
DEBUG - 2022-07-04 09:39:36 --> UTF-8 Support Enabled
DEBUG - 2022-07-04 09:39:36 --> Global POST, GET and COOKIE data sanitized
ERROR - 2022-07-04 09:39:36 --> 404 Page Not Found: Faviconico/index
DEBUG - 2022-07-04 10:40:23 --> UTF-8 Support Enabled
DEBUG - 2022-07-04 10:40:23 --> Global POST, GET and COOKIE data sanitized
DEBUG - 2022-07-04 10:40:23 --> Config file loaded: /hwonpark/www/application/config/tree.php
DEBUG - 2022-07-04 10:40:23 --> Total execution time: 0.0335
DEBUG - 2022-07-04 10:40:25 --> UTF-8 Support Enabled
DEBUG - 2022-07-04 10:40:25 --> No URI present. Default controller set.
DEBUG - 2022-07-04 10:40:25 --> Global POST, GET and COOKIE data sanitized
DEBUG - 2022-07-04 10:40:25 --> Config file loaded: /hwonpark/www/application/config/tree.php
DEBUG - 2022-07-04 10:40:25 --> Total execution time: 0.0328
DEBUG - 2022-07-04 10:40:28 --> UTF-8 Support Enabled
DEBUG - 2022-07-04 10:40:28 --> No URI present. Default controller set.
DEBUG - 2022-07-04 10:40:28 --> Global POST, GET and COOKIE data sanitized
DEBUG - 2022-07-04 10:40:28 --> Config file loaded: /hwonpark/www/application/config/tree.php
DEBUG - 2022-07-04 10:40:28 --> Total execution time: 0.0266
DEBUG - 2022-07-04 10:40:30 --> UTF-8 Support Enabled
DEBUG - 2022-07-04 10:40:30 --> Global POST, GET and COOKIE data sanitized
ERROR - 2022-07-04 10:40:30 --> 404 Page Not Found: Faviconico/index
DEBUG - 2022-07-04 10:40:38 --> UTF-8 Support Enabled
DEBUG - 2022-07-04 10:40:38 --> No URI present. Default controller set.
DEBUG - 2022-07-04 10:40:38 --> Global POST, GET and COOKIE data sanitized
DEBUG - 2022-07-04 10:40:38 --> Config file loaded: /hwonpark/www/application/config/tree.php
DEBUG - 2022-07-04 10:40:38 --> Total execution time: 0.0280
DEBUG - 2022-07-04 11:10:35 --> UTF-8 Support Enabled
DEBUG - 2022-07-04 11:10:35 --> Global POST, GET and COOKIE data sanitized
DEBUG - 2022-07-04 11:10:35 --> Config file loaded: /hwonpark/www/application/config/tree.php
DEBUG - 2022-07-04 11:10:35 --> --------------------DC_common::chk_perm - 1.인가코드요청 시작 -> if 인앱브라우저
DEBUG - 2022-07-04 11:10:36 --> UTF-8 Support Enabled
DEBUG - 2022-07-04 11:10:36 --> Global POST, GET and COOKIE data sanitized
ERROR - 2022-07-04 11:10:36 --> 404 Page Not Found: Faviconico/index
DEBUG - 2022-07-04 11:10:37 --> UTF-8 Support Enabled
DEBUG - 2022-07-04 11:10:37 --> Global POST, GET and COOKIE data sanitized
DEBUG - 2022-07-04 11:10:37 --> Config file loaded: /hwonpark/www/application/config/tree.php
DEBUG - 2022-07-04 11:10:37 --> =================== DL_auth-> oauth::CALLBACK - 시작
DEBUG - 2022-07-04 11:10:37 --> =================== DL_auth-> oauth::CALLBACK - kakao param=:: error=
DEBUG - 2022-07-04 11:10:37 --> =================== DL_auth-> oauth::CALLBACK - kakao param=:: state=/ko/brief/view?idx=23
DEBUG - 2022-07-04 11:10:37 --> =================== DL_auth-> oauth::CALLBACK - kakao param=:: code=1gO8txpnWpNtq6jTlb3GFdRiazyDsodqNVAlImzo1CPOHZXLqUGAwNBCUFfV6C6EzREfOQo9dZwAAAGBxvlRvw
DEBUG - 2022-07-04 11:10:37 --> =================== DL_auth -> kakao oauth :2: code=1gO8txpnWpNtq6jTlb3GFdRiazyDsodqNVAlImzo1CPOHZXLqUGAwNBCUFfV6C6EzREfOQo9dZwAAAGBxvlRvw
DEBUG - 2022-07-04 11:10:37 --> ====================Dl_auth -> kakao_login :: 시작
DEBUG - 2022-07-04 11:10:37 --> --------------------Dl_auth::kakao_login - 1.토큰요청 시작
DEBUG - 2022-07-04 11:10:37 --> Dl_auth::kakao_login - get_token 시작 n=2
DEBUG - 2022-07-04 11:10:37 --> --------------------Dl_auth::kakao_login - 1.2.토큰요청 시작 -> 기타브라우저
DEBUG - 2022-07-04 11:10:37 --> --------------------Dl_auth::kakao_login - 1.3.토큰요청
DEBUG - 2022-07-04 11:10:37 --> --------------------Dl_auth::kakao_login - 1.4.토큰요청 -> 성공
DEBUG - 2022-07-04 11:10:37 --> UTF-8 Support Enabled
DEBUG - 2022-07-04 11:10:37 --> Global POST, GET and COOKIE data sanitized
DEBUG - 2022-07-04 11:10:37 --> Config file loaded: /hwonpark/www/application/config/tree.php
DEBUG - 2022-07-04 11:10:37 --> =================== DL_auth-> oauth::CALLBACK - 시작
DEBUG - 2022-07-04 11:10:37 --> =================== DL_auth-> oauth::CALLBACK - kakao param=:: error=
DEBUG - 2022-07-04 11:10:37 --> =================== DL_auth-> oauth::CALLBACK - kakao param=:: state=/ko/brief/view?idx=23
DEBUG - 2022-07-04 11:10:37 --> =================== DL_auth-> oauth::CALLBACK - kakao param=:: code=1gO8txpnWpNtq6jTlb3GFdRiazyDsodqNVAlImzo1CPOHZXLqUGAwNBCUFfV6C6EzREfOQo9dZwAAAGBxvlRvw
DEBUG - 2022-07-04 11:10:37 --> =================== DL_auth -> kakao oauth :2: code=1gO8txpnWpNtq6jTlb3GFdRiazyDsodqNVAlImzo1CPOHZXLqUGAwNBCUFfV6C6EzREfOQo9dZwAAAGBxvlRvw
DEBUG - 2022-07-04 11:10:37 --> ====================Dl_auth -> kakao_login :: 시작
DEBUG - 2022-07-04 11:10:37 --> ====================Dl_auth::kakao_login - 1.3.5- 사이트 회원정보 업데이트 성공(카카오 인증 완료) state=/ko/brief/view?idx=23
DEBUG - 2022-07-04 11:10:37 --> UTF-8 Support Enabled
DEBUG - 2022-07-04 11:10:37 --> Global POST, GET and COOKIE data sanitized
DEBUG - 2022-07-04 11:10:37 --> Config file loaded: /hwonpark/www/application/config/tree.php
DEBUG - 2022-07-04 11:10:37 --> Encryption: Auto-configured driver 'openssl'.
DEBUG - 2022-07-04 11:10:37 --> --------------------DC_common::chk_perm - 1.인가코드요청 시작 -> if 인앱브라우저
DEBUG - 2022-07-04 11:10:37 --> Total execution time: 0.0796
DEBUG - 2022-07-04 11:13:58 --> UTF-8 Support Enabled
DEBUG - 2022-07-04 11:13:58 --> No URI present. Default controller set.
DEBUG - 2022-07-04 11:13:58 --> Global POST, GET and COOKIE data sanitized
DEBUG - 2022-07-04 11:13:58 --> Config file loaded: /hwonpark/www/application/config/tree.php
DEBUG - 2022-07-04 11:13:58 --> Total execution time: 0.0414
DEBUG - 2022-07-04 11:13:59 --> UTF-8 Support Enabled
DEBUG - 2022-07-04 11:13:59 --> Global POST, GET and COOKIE data sanitized
ERROR - 2022-07-04 11:13:59 --> 404 Page Not Found: Faviconico/index
DEBUG - 2022-07-04 11:38:16 --> UTF-8 Support Enabled
DEBUG - 2022-07-04 11:38:16 --> No URI present. Default controller set.
DEBUG - 2022-07-04 11:38:16 --> Global POST, GET and COOKIE data sanitized
DEBUG - 2022-07-04 11:38:16 --> Config file loaded: /hwonpark/www/application/config/tree.php
DEBUG - 2022-07-04 11:38:16 --> Total execution time: 0.0292
DEBUG - 2022-07-04 11:38:18 --> UTF-8 Support Enabled
DEBUG - 2022-07-04 11:38:18 --> Global POST, GET and COOKIE data sanitized
ERROR - 2022-07-04 11:38:18 --> 404 Page Not Found: Faviconico/index
DEBUG - 2022-07-04 11:38:24 --> UTF-8 Support Enabled
DEBUG - 2022-07-04 11:38:24 --> Global POST, GET and COOKIE data sanitized
DEBUG - 2022-07-04 11:38:24 --> Config file loaded: /hwonpark/www/application/config/tree.php
DEBUG - 2022-07-04 11:38:24 --> --------------------DC_common::chk_perm - 1.인가코드요청 시작 -> if 인앱브라우저
DEBUG - 2022-07-04 11:38:25 --> UTF-8 Support Enabled
DEBUG - 2022-07-04 11:38:25 --> Global POST, GET and COOKIE data sanitized
DEBUG - 2022-07-04 11:38:25 --> Config file loaded: /hwonpark/www/application/config/tree.php
DEBUG - 2022-07-04 11:38:25 --> =================== DL_auth-> oauth::CALLBACK - 시작
DEBUG - 2022-07-04 11:38:25 --> =================== DL_auth-> oauth::CALLBACK - kakao param=:: error=
DEBUG - 2022-07-04 11:38:25 --> =================== DL_auth-> oauth::CALLBACK - kakao param=:: state=/ko/brief/view?idx=23
DEBUG - 2022-07-04 11:38:25 --> =================== DL_auth-> oauth::CALLBACK - kakao param=:: code=4yulxXZAQ30o6vtDjNmBLBOFcZc1riWThC10LXfTYYS4xhiGaKv7JYq102chZz3MHjVHFQo9dZoAAAGBxxLF-g
DEBUG - 2022-07-04 11:38:25 --> =================== DL_auth -> kakao oauth :2: code=4yulxXZAQ30o6vtDjNmBLBOFcZc1riWThC10LXfTYYS4xhiGaKv7JYq102chZz3MHjVHFQo9dZoAAAGBxxLF-g
DEBUG - 2022-07-04 11:38:25 --> ====================Dl_auth -> kakao_login :: 시작
DEBUG - 2022-07-04 11:38:25 --> --------------------Dl_auth::kakao_login - 1.토큰요청 시작
DEBUG - 2022-07-04 11:38:25 --> Dl_auth::kakao_login - get_token 시작 n=2
DEBUG - 2022-07-04 11:38:25 --> --------------------Dl_auth::kakao_login - 1.2.토큰요청 시작 -> 기타브라우저
DEBUG - 2022-07-04 11:38:25 --> --------------------Dl_auth::kakao_login - 1.3.토큰요청
DEBUG - 2022-07-04 11:38:25 --> --------------------Dl_auth::kakao_login - 1.4.토큰요청 -> 성공
DEBUG - 2022-07-04 11:38:25 --> UTF-8 Support Enabled
DEBUG - 2022-07-04 11:38:25 --> Global POST, GET and COOKIE data sanitized
DEBUG - 2022-07-04 11:38:25 --> Config file loaded: /hwonpark/www/application/config/tree.php
DEBUG - 2022-07-04 11:38:25 --> =================== DL_auth-> oauth::CALLBACK - 시작
DEBUG - 2022-07-04 11:38:25 --> =================== DL_auth-> oauth::CALLBACK - kakao param=:: error=
DEBUG - 2022-07-04 11:38:25 --> =================== DL_auth-> oauth::CALLBACK - kakao param=:: state=/ko/brief/view?idx=23
DEBUG - 2022-07-04 11:38:25 --> =================== DL_auth-> oauth::CALLBACK - kakao param=:: code=4yulxXZAQ30o6vtDjNmBLBOFcZc1riWThC10LXfTYYS4xhiGaKv7JYq102chZz3MHjVHFQo9dZoAAAGBxxLF-g
DEBUG - 2022-07-04 11:38:25 --> =================== DL_auth -> kakao oauth :2: code=4yulxXZAQ30o6vtDjNmBLBOFcZc1riWThC10LXfTYYS4xhiGaKv7JYq102chZz3MHjVHFQo9dZoAAAGBxxLF-g
DEBUG - 2022-07-04 11:38:25 --> ====================Dl_auth -> kakao_login :: 시작
DEBUG - 2022-07-04 11:38:26 --> UTF-8 Support Enabled
DEBUG - 2022-07-04 11:38:26 --> Global POST, GET and COOKIE data sanitized
DEBUG - 2022-07-04 11:38:27 --> Config file loaded: /hwonpark/www/application/config/tree.php
DEBUG - 2022-07-04 11:38:27 --> Total execution time: 0.0627
DEBUG - 2022-07-04 11:38:29 --> UTF-8 Support Enabled
DEBUG - 2022-07-04 11:38:29 --> Global POST, GET and COOKIE data sanitized
DEBUG - 2022-07-04 11:38:29 --> Config file loaded: /hwonpark/www/application/config/tree.php
DEBUG - 2022-07-04 11:38:29 --> --------------------DC_common::chk_perm - 1.인가코드요청 시작 -> if 인앱브라우저
DEBUG - 2022-07-04 11:38:30 --> UTF-8 Support Enabled
DEBUG - 2022-07-04 11:38:30 --> Global POST, GET and COOKIE data sanitized
DEBUG - 2022-07-04 11:38:30 --> Config file loaded: /hwonpark/www/application/config/tree.php
DEBUG - 2022-07-04 11:38:30 --> =================== DL_auth-> oauth::CALLBACK - 시작
DEBUG - 2022-07-04 11:38:30 --> =================== DL_auth-> oauth::CALLBACK - kakao param=:: error=
DEBUG - 2022-07-04 11:38:30 --> =================== DL_auth-> oauth::CALLBACK - kakao param=:: state=/ko/brief/view?idx=23
DEBUG - 2022-07-04 11:38:30 --> =================== DL_auth-> oauth::CALLBACK - kakao param=:: code=jfpfKc6zCdRIW6z2iKtKUjLnjZelFlgnZCyrRfYt1FLDVcf26hQXFc2HIfwzCSWPempXSQo9dZoAAAGBxxLYQA
DEBUG - 2022-07-04 11:38:30 --> =================== DL_auth -> kakao oauth :2: code=jfpfKc6zCdRIW6z2iKtKUjLnjZelFlgnZCyrRfYt1FLDVcf26hQXFc2HIfwzCSWPempXSQo9dZoAAAGBxxLYQA
DEBUG - 2022-07-04 11:38:30 --> ====================Dl_auth -> kakao_login :: 시작
DEBUG - 2022-07-04 11:38:30 --> UTF-8 Support Enabled
DEBUG - 2022-07-04 11:38:30 --> Global POST, GET and COOKIE data sanitized
DEBUG - 2022-07-04 11:38:30 --> Config file loaded: /hwonpark/www/application/config/tree.php
DEBUG - 2022-07-04 11:38:30 --> --------------------DC_common::chk_perm - 1.인가코드요청 시작 -> if 인앱브라우저
DEBUG - 2022-07-04 11:38:30 --> UTF-8 Support Enabled
DEBUG - 2022-07-04 11:38:30 --> Global POST, GET and COOKIE data sanitized
DEBUG - 2022-07-04 11:38:30 --> Config file loaded: /hwonpark/www/application/config/tree.php
DEBUG - 2022-07-04 11:38:30 --> =================== DL_auth-> oauth::CALLBACK - 시작
DEBUG - 2022-07-04 11:38:30 --> =================== DL_auth-> oauth::CALLBACK - kakao param=:: error=
DEBUG - 2022-07-04 11:38:30 --> =================== DL_auth-> oauth::CALLBACK - kakao param=:: state=/ko/brief/view?idx=23
DEBUG - 2022-07-04 11:38:30 --> =================== DL_auth-> oauth::CALLBACK - kakao param=:: code=fTyNkvO_e09vXjBeL7b2jw04rwAR-VB2T5qsdr6HW5xhjQkmsr1JUH_xv6aw9ENrgwFF3Ao9dZoAAAGBxxLZoA
DEBUG - 2022-07-04 11:38:30 --> =================== DL_auth -> kakao oauth :2: code=fTyNkvO_e09vXjBeL7b2jw04rwAR-VB2T5qsdr6HW5xhjQkmsr1JUH_xv6aw9ENrgwFF3Ao9dZoAAAGBxxLZoA
DEBUG - 2022-07-04 11:38:30 --> ====================Dl_auth -> kakao_login :: 시작
DEBUG - 2022-07-04 11:38:31 --> UTF-8 Support Enabled
DEBUG - 2022-07-04 11:38:31 --> Global POST, GET and COOKIE data sanitized
DEBUG - 2022-07-04 11:38:31 --> Config file loaded: /hwonpark/www/application/config/tree.php
DEBUG - 2022-07-04 11:38:31 --> Total execution time: 0.0287
DEBUG - 2022-07-04 13:20:19 --> UTF-8 Support Enabled
DEBUG - 2022-07-04 13:20:19 --> No URI present. Default controller set.
DEBUG - 2022-07-04 13:20:19 --> Global POST, GET and COOKIE data sanitized
DEBUG - 2022-07-04 13:20:19 --> Config file loaded: /hwonpark/www/application/config/tree.php
DEBUG - 2022-07-04 13:20:19 --> Total execution time: 0.0602
DEBUG - 2022-07-04 13:20:20 --> UTF-8 Support Enabled
DEBUG - 2022-07-04 13:20:20 --> Global POST, GET and COOKIE data sanitized
ERROR - 2022-07-04 13:20:20 --> 404 Page Not Found: Faviconico/index
DEBUG - 2022-07-04 14:48:07 --> UTF-8 Support Enabled
DEBUG - 2022-07-04 14:48:07 --> Global POST, GET and COOKIE data sanitized
DEBUG - 2022-07-04 14:48:07 --> Config file loaded: /hwonpark/www/application/config/tree.php
DEBUG - 2022-07-04 14:48:07 --> Total execution time: 0.0550
DEBUG - 2022-07-04 14:48:07 --> UTF-8 Support Enabled
DEBUG - 2022-07-04 14:48:07 --> Global POST, GET and COOKIE data sanitized
ERROR - 2022-07-04 14:48:07 --> 404 Page Not Found: Faviconico/index
DEBUG - 2022-07-04 14:48:09 --> UTF-8 Support Enabled
DEBUG - 2022-07-04 14:48:09 --> Global POST, GET and COOKIE data sanitized
DEBUG - 2022-07-04 14:48:09 --> Config file loaded: /hwonpark/www/application/config/tree.php
DEBUG - 2022-07-04 14:48:12 --> UTF-8 Support Enabled
DEBUG - 2022-07-04 14:48:12 --> Global POST, GET and COOKIE data sanitized
DEBUG - 2022-07-04 14:48:12 --> Config file loaded: /hwonpark/www/application/config/tree.php
DEBUG - 2022-07-04 14:48:12 --> Encryption: Auto-configured driver 'openssl'.
DEBUG - 2022-07-04 14:48:12 --> UTF-8 Support Enabled
DEBUG - 2022-07-04 14:48:12 --> Global POST, GET and COOKIE data sanitized
DEBUG - 2022-07-04 14:48:12 --> Config file loaded: /hwonpark/www/application/config/tree.php
DEBUG - 2022-07-04 14:48:12 --> Encryption: Auto-configured driver 'openssl'.
DEBUG - 2022-07-04 14:48:12 --> Encryption class already loaded. Second attempt ignored.
DEBUG - 2022-07-04 14:48:12 --> Total execution time: 0.0661
DEBUG - 2022-07-04 14:57:59 --> UTF-8 Support Enabled
DEBUG - 2022-07-04 14:57:59 --> Global POST, GET and COOKIE data sanitized
DEBUG - 2022-07-04 14:57:59 --> Config file loaded: /hwonpark/www/application/config/tree.php
DEBUG - 2022-07-04 14:57:59 --> Encryption: Auto-configured driver 'openssl'.
DEBUG - 2022-07-04 14:57:59 --> Encryption class already loaded. Second attempt ignored.
DEBUG - 2022-07-04 14:57:59 --> Total execution time: 0.0421
DEBUG - 2022-07-04 15:17:12 --> UTF-8 Support Enabled
DEBUG - 2022-07-04 15:17:12 --> No URI present. Default controller set.
DEBUG - 2022-07-04 15:17:12 --> Global POST, GET and COOKIE data sanitized
DEBUG - 2022-07-04 15:17:12 --> Config file loaded: /hwonpark/www/application/config/tree.php
DEBUG - 2022-07-04 15:17:12 --> Total execution time: 0.0325
DEBUG - 2022-07-04 15:17:13 --> UTF-8 Support Enabled
DEBUG - 2022-07-04 15:17:13 --> Global POST, GET and COOKIE data sanitized
ERROR - 2022-07-04 15:17:13 --> 404 Page Not Found: Faviconico/index
DEBUG - 2022-07-04 15:17:24 --> UTF-8 Support Enabled
DEBUG - 2022-07-04 15:17:24 --> Global POST, GET and COOKIE data sanitized
DEBUG - 2022-07-04 15:17:24 --> Config file loaded: /hwonpark/www/application/config/tree.php
DEBUG - 2022-07-04 15:17:26 --> UTF-8 Support Enabled
DEBUG - 2022-07-04 15:17:26 --> Global POST, GET and COOKIE data sanitized
DEBUG - 2022-07-04 15:17:26 --> Config file loaded: /hwonpark/www/application/config/tree.php
DEBUG - 2022-07-04 15:17:26 --> Total execution time: 0.0593
DEBUG - 2022-07-04 15:17:32 --> UTF-8 Support Enabled
DEBUG - 2022-07-04 15:17:32 --> Global POST, GET and COOKIE data sanitized
DEBUG - 2022-07-04 15:17:32 --> Config file loaded: /hwonpark/www/application/config/tree.php
DEBUG - 2022-07-04 15:17:32 --> =================== DL_auth-> oauth::CALLBACK - 시작
DEBUG - 2022-07-04 15:17:32 --> =================== DL_auth-> oauth::CALLBACK - kakao param=:: error=
DEBUG - 2022-07-04 15:17:32 --> =================== DL_auth-> oauth::CALLBACK - kakao param=:: state=
DEBUG - 2022-07-04 15:17:32 --> =================== DL_auth-> oauth::CALLBACK - kakao param=:: code=AXVFW-tRqARwnY8kqjBPxGfvtTCt04qWvmXODywS5JcvNO5R3RX0ts6U71ds_EwzRJCb-go9dRsAAAGBx9ti9A
DEBUG - 2022-07-04 15:17:32 --> =================== DL_auth -> kakao oauth :2: code=AXVFW-tRqARwnY8kqjBPxGfvtTCt04qWvmXODywS5JcvNO5R3RX0ts6U71ds_EwzRJCb-go9dRsAAAGBx9ti9A
DEBUG - 2022-07-04 15:17:32 --> ====================Dl_auth -> kakao_login :: 시작
DEBUG - 2022-07-04 15:17:32 --> --------------------Dl_auth::kakao_login - 1.토큰요청 시작
DEBUG - 2022-07-04 15:17:32 --> Dl_auth::kakao_login - get_token 시작 n=2
DEBUG - 2022-07-04 15:17:32 --> --------------------Dl_auth::kakao_login - 1.2.토큰요청 시작 -> 기타브라우저
DEBUG - 2022-07-04 15:17:32 --> --------------------Dl_auth::kakao_login - 1.3.토큰요청
DEBUG - 2022-07-04 15:17:32 --> --------------------Dl_auth::kakao_login - 1.4.토큰요청 -> 성공
DEBUG - 2022-07-04 15:17:32 --> UTF-8 Support Enabled
DEBUG - 2022-07-04 15:17:32 --> Global POST, GET and COOKIE data sanitized
DEBUG - 2022-07-04 15:17:32 --> Config file loaded: /hwonpark/www/application/config/tree.php
DEBUG - 2022-07-04 15:17:33 --> =================== DL_auth-> oauth::CALLBACK - 시작
DEBUG - 2022-07-04 15:17:33 --> =================== DL_auth-> oauth::CALLBACK - kakao param=:: error=
DEBUG - 2022-07-04 15:17:33 --> =================== DL_auth-> oauth::CALLBACK - kakao param=:: state=
DEBUG - 2022-07-04 15:17:33 --> =================== DL_auth-> oauth::CALLBACK - kakao param=:: code=AXVFW-tRqARwnY8kqjBPxGfvtTCt04qWvmXODywS5JcvNO5R3RX0ts6U71ds_EwzRJCb-go9dRsAAAGBx9ti9A
DEBUG - 2022-07-04 15:17:33 --> =================== DL_auth -> kakao oauth :2: code=AXVFW-tRqARwnY8kqjBPxGfvtTCt04qWvmXODywS5JcvNO5R3RX0ts6U71ds_EwzRJCb-go9dRsAAAGBx9ti9A
DEBUG - 2022-07-04 15:17:33 --> ====================Dl_auth -> kakao_login :: 시작
DEBUG - 2022-07-04 15:17:38 --> UTF-8 Support Enabled
DEBUG - 2022-07-04 15:17:38 --> Global POST, GET and COOKIE data sanitized
DEBUG - 2022-07-04 15:17:38 --> Config file loaded: /hwonpark/www/application/config/tree.php
DEBUG - 2022-07-04 15:17:38 --> Total execution time: 0.0299
DEBUG - 2022-07-04 15:17:47 --> UTF-8 Support Enabled
DEBUG - 2022-07-04 15:17:47 --> Global POST, GET and COOKIE data sanitized
DEBUG - 2022-07-04 15:17:47 --> Session class already loaded. Second attempt ignored.
DEBUG - 2022-07-04 15:17:47 --> Total execution time: 0.0156
DEBUG - 2022-07-04 15:17:48 --> UTF-8 Support Enabled
DEBUG - 2022-07-04 15:17:48 --> Global POST, GET and COOKIE data sanitized
DEBUG - 2022-07-04 15:17:48 --> Config file loaded: /hwonpark/www/application/config/tree.php
DEBUG - 2022-07-04 15:17:48 --> =================== DL_auth-> oauth::CALLBACK - 시작
DEBUG - 2022-07-04 15:17:48 --> =================== DL_auth-> oauth::CALLBACK - kakao param=:: error=
DEBUG - 2022-07-04 15:17:48 --> =================== DL_auth-> oauth::CALLBACK - kakao param=:: state=
DEBUG - 2022-07-04 15:17:48 --> =================== DL_auth-> oauth::CALLBACK - kakao param=:: code=Pqgmvzcap6FYz2bySWaOcBv8TR0sStHaJ8xo-HuAQoWAlOMSk6WterccOKAEenVvcJNs1Ao9dRsAAAGBx9ucvg
DEBUG - 2022-07-04 15:17:48 --> =================== DL_auth -> kakao oauth :2: code=Pqgmvzcap6FYz2bySWaOcBv8TR0sStHaJ8xo-HuAQoWAlOMSk6WterccOKAEenVvcJNs1Ao9dRsAAAGBx9ucvg
DEBUG - 2022-07-04 15:17:48 --> ====================Dl_auth -> kakao_login :: 시작
DEBUG - 2022-07-04 15:17:48 --> UTF-8 Support Enabled
DEBUG - 2022-07-04 15:17:48 --> Global POST, GET and COOKIE data sanitized
DEBUG - 2022-07-04 15:17:48 --> Config file loaded: /hwonpark/www/application/config/tree.php
DEBUG - 2022-07-04 15:17:48 --> =================== DL_auth -> joinForm :: 시작
DEBUG - 2022-07-04 15:17:48 --> =================== DL_auth -> joinForm :: 끝
DEBUG - 2022-07-04 15:17:48 --> Total execution time: 0.0361
DEBUG - 2022-07-04 15:17:55 --> UTF-8 Support Enabled
DEBUG - 2022-07-04 15:17:55 --> Global POST, GET and COOKIE data sanitized
DEBUG - 2022-07-04 15:17:55 --> Config file loaded: /hwonpark/www/application/config/tree.php
DEBUG - 2022-07-04 15:17:55 --> ====================Dl_auth -> signup :: 시작
DEBUG - 2022-07-04 15:17:55 --> Encryption: Auto-configured driver 'openssl'.
DEBUG - 2022-07-04 15:17:57 --> UTF-8 Support Enabled
DEBUG - 2022-07-04 15:17:57 --> No URI present. Default controller set.
DEBUG - 2022-07-04 15:17:57 --> Global POST, GET and COOKIE data sanitized
DEBUG - 2022-07-04 15:17:57 --> Config file loaded: /hwonpark/www/application/config/tree.php
DEBUG - 2022-07-04 15:17:57 --> Encryption: Auto-configured driver 'openssl'.
DEBUG - 2022-07-04 15:17:57 --> Total execution time: 0.0332
DEBUG - 2022-07-04 15:18:00 --> UTF-8 Support Enabled
DEBUG - 2022-07-04 15:18:00 --> Global POST, GET and COOKIE data sanitized
DEBUG - 2022-07-04 15:18:00 --> Config file loaded: /hwonpark/www/application/config/tree.php
DEBUG - 2022-07-04 15:18:00 --> Encryption: Auto-configured driver 'openssl'.
DEBUG - 2022-07-04 15:18:00 --> Total execution time: 0.0505
DEBUG - 2022-07-04 15:45:30 --> UTF-8 Support Enabled
DEBUG - 2022-07-04 15:45:30 --> Global POST, GET and COOKIE data sanitized
DEBUG - 2022-07-04 15:45:30 --> Config file loaded: /hwonpark/www/application/config/tree.php
DEBUG - 2022-07-04 15:45:30 --> Total execution time: 0.0586
DEBUG - 2022-07-04 15:45:32 --> UTF-8 Support Enabled
DEBUG - 2022-07-04 15:45:32 --> Global POST, GET and COOKIE data sanitized
DEBUG - 2022-07-04 15:45:32 --> Config file loaded: /hwonpark/www/application/config/tree.php
DEBUG - 2022-07-04 15:45:32 --> =================== DL_auth-> oauth::CALLBACK - 시작
DEBUG - 2022-07-04 15:45:32 --> =================== DL_auth-> oauth::CALLBACK - kakao param=:: error=
DEBUG - 2022-07-04 15:45:32 --> =================== DL_auth-> oauth::CALLBACK - kakao param=:: state=
DEBUG - 2022-07-04 15:45:32 --> =================== DL_auth-> oauth::CALLBACK - kakao param=:: code=MNUbu8gUvELYi9GGbKs6cI9P2Cz6MNsDm4wJV0D1u70hQe6di14Ruqyw5tXgXJWJF7fgLwo9dZwAAAGBx_UErA
DEBUG - 2022-07-04 15:45:32 --> =================== DL_auth -> kakao oauth :2: code=MNUbu8gUvELYi9GGbKs6cI9P2Cz6MNsDm4wJV0D1u70hQe6di14Ruqyw5tXgXJWJF7fgLwo9dZwAAAGBx_UErA
DEBUG - 2022-07-04 15:45:32 --> ====================Dl_auth -> kakao_login :: 시작
DEBUG - 2022-07-04 15:45:32 --> --------------------Dl_auth::kakao_login - 1.토큰요청 시작
DEBUG - 2022-07-04 15:45:32 --> Dl_auth::kakao_login - get_token 시작 n=2
DEBUG - 2022-07-04 15:45:32 --> --------------------Dl_auth::kakao_login - 1.2.토큰요청 시작 -> 기타브라우저
DEBUG - 2022-07-04 15:45:32 --> --------------------Dl_auth::kakao_login - 1.3.토큰요청
DEBUG - 2022-07-04 15:45:32 --> --------------------Dl_auth::kakao_login - 1.4.토큰요청 -> 성공
DEBUG - 2022-07-04 15:45:32 --> UTF-8 Support Enabled
DEBUG - 2022-07-04 15:45:32 --> Global POST, GET and COOKIE data sanitized
DEBUG - 2022-07-04 15:45:32 --> Config file loaded: /hwonpark/www/application/config/tree.php
DEBUG - 2022-07-04 15:45:32 --> =================== DL_auth-> oauth::CALLBACK - 시작
DEBUG - 2022-07-04 15:45:32 --> =================== DL_auth-> oauth::CALLBACK - kakao param=:: error=
DEBUG - 2022-07-04 15:45:32 --> =================== DL_auth-> oauth::CALLBACK - kakao param=:: state=
DEBUG - 2022-07-04 15:45:32 --> =================== DL_auth-> oauth::CALLBACK - kakao param=:: code=MNUbu8gUvELYi9GGbKs6cI9P2Cz6MNsDm4wJV0D1u70hQe6di14Ruqyw5tXgXJWJF7fgLwo9dZwAAAGBx_UErA
DEBUG - 2022-07-04 15:45:32 --> =================== DL_auth -> kakao oauth :2: code=MNUbu8gUvELYi9GGbKs6cI9P2Cz6MNsDm4wJV0D1u70hQe6di14Ruqyw5tXgXJWJF7fgLwo9dZwAAAGBx_UErA
DEBUG - 2022-07-04 15:45:32 --> ====================Dl_auth -> kakao_login :: 시작
DEBUG - 2022-07-04 15:45:32 --> ====================Dl_auth::kakao_login - 1.3.5- 사이트 회원정보 업데이트 성공(카카오 인증 완료) state=
DEBUG - 2022-07-04 15:45:34 --> UTF-8 Support Enabled
DEBUG - 2022-07-04 15:45:34 --> Global POST, GET and COOKIE data sanitized
DEBUG - 2022-07-04 15:45:34 --> Config file loaded: /hwonpark/www/application/config/tree.php
DEBUG - 2022-07-04 15:45:34 --> Encryption: Auto-configured driver 'openssl'.
DEBUG - 2022-07-04 15:45:34 --> Total execution time: 0.0338
DEBUG - 2022-07-04 16:35:27 --> UTF-8 Support Enabled
DEBUG - 2022-07-04 16:35:27 --> Global POST, GET and COOKIE data sanitized
DEBUG - 2022-07-04 16:35:27 --> Config file loaded: /hwonpark/www/application/config/tree.php
DEBUG - 2022-07-04 16:35:27 --> Total execution time: 0.0332
DEBUG - 2022-07-04 16:35:34 --> UTF-8 Support Enabled
DEBUG - 2022-07-04 16:35:34 --> Global POST, GET and COOKIE data sanitized
DEBUG - 2022-07-04 16:35:34 --> Config file loaded: /hwonpark/www/application/config/tree.php
DEBUG - 2022-07-04 16:35:34 --> Total execution time: 0.0303
DEBUG - 2022-07-04 16:35:39 --> UTF-8 Support Enabled
DEBUG - 2022-07-04 16:35:39 --> Global POST, GET and COOKIE data sanitized
DEBUG - 2022-07-04 16:35:39 --> Config file loaded: /hwonpark/www/application/config/tree.php
DEBUG - 2022-07-04 16:35:40 --> UTF-8 Support Enabled
DEBUG - 2022-07-04 16:35:40 --> Global POST, GET and COOKIE data sanitized
DEBUG - 2022-07-04 16:35:40 --> Config file loaded: /hwonpark/www/application/config/tree.php
DEBUG - 2022-07-04 16:35:40 --> Encryption: Auto-configured driver 'openssl'.
DEBUG - 2022-07-04 16:35:40 --> UTF-8 Support Enabled
DEBUG - 2022-07-04 16:35:40 --> Global POST, GET and COOKIE data sanitized
DEBUG - 2022-07-04 16:35:40 --> Config file loaded: /hwonpark/www/application/config/tree.php
DEBUG - 2022-07-04 16:35:40 --> Encryption: Auto-configured driver 'openssl'.
DEBUG - 2022-07-04 16:35:40 --> Encryption class already loaded. Second attempt ignored.
DEBUG - 2022-07-04 16:35:40 --> Total execution time: 0.0386
DEBUG - 2022-07-04 16:35:52 --> UTF-8 Support Enabled
DEBUG - 2022-07-04 16:35:52 --> Global POST, GET and COOKIE data sanitized
DEBUG - 2022-07-04 16:35:52 --> Config file loaded: /hwonpark/www/application/config/tree.php
DEBUG - 2022-07-04 16:35:52 --> Encryption: Auto-configured driver 'openssl'.
DEBUG - 2022-07-04 16:35:52 --> Total execution time: 0.0345
DEBUG - 2022-07-04 16:35:54 --> UTF-8 Support Enabled
DEBUG - 2022-07-04 16:35:54 --> Global POST, GET and COOKIE data sanitized
DEBUG - 2022-07-04 16:35:54 --> Config file loaded: /hwonpark/www/application/config/tree.php
DEBUG - 2022-07-04 16:35:54 --> Encryption: Auto-configured driver 'openssl'.
DEBUG - 2022-07-04 16:35:54 --> Total execution time: 0.0572
DEBUG - 2022-07-04 16:35:54 --> UTF-8 Support Enabled
DEBUG - 2022-07-04 16:35:54 --> Global POST, GET and COOKIE data sanitized
DEBUG - 2022-07-04 16:35:54 --> Config file loaded: /hwonpark/www/application/config/tree.php
DEBUG - 2022-07-04 16:35:54 --> Encryption: Auto-configured driver 'openssl'.
DEBUG - 2022-07-04 16:35:54 --> Total execution time: 0.0516
DEBUG - 2022-07-04 16:35:57 --> UTF-8 Support Enabled
DEBUG - 2022-07-04 16:35:57 --> Global POST, GET and COOKIE data sanitized
DEBUG - 2022-07-04 16:35:57 --> Config file loaded: /hwonpark/www/application/config/tree.php
DEBUG - 2022-07-04 16:35:57 --> Encryption: Auto-configured driver 'openssl'.
DEBUG - 2022-07-04 16:35:57 --> Total execution time: 0.0412
DEBUG - 2022-07-04 16:37:11 --> UTF-8 Support Enabled
DEBUG - 2022-07-04 16:37:11 --> Global POST, GET and COOKIE data sanitized
DEBUG - 2022-07-04 16:37:11 --> Config file loaded: /hwonpark/www/application/config/tree.php
DEBUG - 2022-07-04 16:37:11 --> Encryption: Auto-configured driver 'openssl'.
DEBUG - 2022-07-04 16:37:13 --> UTF-8 Support Enabled
DEBUG - 2022-07-04 16:37:13 --> Global POST, GET and COOKIE data sanitized
DEBUG - 2022-07-04 16:37:13 --> Config file loaded: /hwonpark/www/application/config/tree.php
DEBUG - 2022-07-04 16:37:13 --> Encryption: Auto-configured driver 'openssl'.
DEBUG - 2022-07-04 16:37:13 --> Total execution time: 0.0358
DEBUG - 2022-07-04 22:11:04 --> UTF-8 Support Enabled
DEBUG - 2022-07-04 22:11:04 --> No URI present. Default controller set.
DEBUG - 2022-07-04 22:11:04 --> Global POST, GET and COOKIE data sanitized
DEBUG - 2022-07-04 22:11:04 --> Config file loaded: /hwonpark/www/application/config/tree.php
DEBUG - 2022-07-04 22:11:04 --> Total execution time: 0.1852
DEBUG - 2022-07-04 22:11:05 --> UTF-8 Support Enabled
DEBUG - 2022-07-04 22:11:05 --> Global POST, GET and COOKIE data sanitized
ERROR - 2022-07-04 22:11:05 --> 404 Page Not Found: Faviconico/index
