DEBUG - 2022-11-08 07:55:49 --> UTF-8 Support Enabled
DEBUG - 2022-11-08 07:55:49 --> Global POST, GET and COOKIE data sanitized
DEBUG - 2022-11-08 07:55:49 --> Config file loaded: /hwonpark/www/application/config/tree.php
DEBUG - 2022-11-08 07:55:49 --> --------------------DC_common::chk_perm - 1.인가코드요청 시작 -> if 인앱브라우저
DEBUG - 2022-11-08 07:55:50 --> UTF-8 Support Enabled
DEBUG - 2022-11-08 07:55:50 --> Global POST, GET and COOKIE data sanitized
ERROR - 2022-11-08 07:55:50 --> 404 Page Not Found: Faviconico/index
DEBUG - 2022-11-08 07:55:50 --> UTF-8 Support Enabled
DEBUG - 2022-11-08 07:55:50 --> Global POST, GET and COOKIE data sanitized
DEBUG - 2022-11-08 07:55:50 --> Config file loaded: /hwonpark/www/application/config/tree.php
DEBUG - 2022-11-08 07:55:50 --> =================== DL_auth-> oauth::CALLBACK - 시작
DEBUG - 2022-11-08 07:55:50 --> =================== DL_auth-> oauth::CALLBACK - kakao param=:: error=
DEBUG - 2022-11-08 07:55:50 --> =================== DL_auth-> oauth::CALLBACK - kakao param=:: state=/ko/pr/view?idx=96
DEBUG - 2022-11-08 07:55:50 --> =================== DL_auth-> oauth::CALLBACK - kakao param=:: code=X0WW34ZgfEgzkMm9DONOD_p97lAHL6bgcmmSxkJAaGpXZhCoqMhxTAZyXwfC2V8VWPqHTwo9c5oAAAGEVE6iDw
DEBUG - 2022-11-08 07:55:50 --> =================== DL_auth -> kakao oauth :2: code=X0WW34ZgfEgzkMm9DONOD_p97lAHL6bgcmmSxkJAaGpXZhCoqMhxTAZyXwfC2V8VWPqHTwo9c5oAAAGEVE6iDw
DEBUG - 2022-11-08 07:55:50 --> ====================Dl_auth -> kakao_login :: 시작
DEBUG - 2022-11-08 07:55:50 --> --------------------Dl_auth::kakao_login - 1.토큰요청 시작
DEBUG - 2022-11-08 07:55:50 --> Dl_auth::kakao_login - get_token 시작 n=2
DEBUG - 2022-11-08 07:55:50 --> --------------------Dl_auth::kakao_login - 1.2.토큰요청 시작 -> 기타브라우저
DEBUG - 2022-11-08 07:55:50 --> --------------------Dl_auth::kakao_login - 1.3.토큰요청
DEBUG - 2022-11-08 07:55:50 --> --------------------Dl_auth::kakao_login - 1.4.토큰요청 -> 성공
DEBUG - 2022-11-08 07:55:50 --> UTF-8 Support Enabled
DEBUG - 2022-11-08 07:55:50 --> Global POST, GET and COOKIE data sanitized
DEBUG - 2022-11-08 07:55:50 --> Config file loaded: /hwonpark/www/application/config/tree.php
DEBUG - 2022-11-08 07:55:50 --> =================== DL_auth-> oauth::CALLBACK - 시작
DEBUG - 2022-11-08 07:55:50 --> =================== DL_auth-> oauth::CALLBACK - kakao param=:: error=
DEBUG - 2022-11-08 07:55:50 --> =================== DL_auth-> oauth::CALLBACK - kakao param=:: state=/ko/pr/view?idx=96
DEBUG - 2022-11-08 07:55:50 --> =================== DL_auth-> oauth::CALLBACK - kakao param=:: code=X0WW34ZgfEgzkMm9DONOD_p97lAHL6bgcmmSxkJAaGpXZhCoqMhxTAZyXwfC2V8VWPqHTwo9c5oAAAGEVE6iDw
DEBUG - 2022-11-08 07:55:50 --> =================== DL_auth -> kakao oauth :2: code=X0WW34ZgfEgzkMm9DONOD_p97lAHL6bgcmmSxkJAaGpXZhCoqMhxTAZyXwfC2V8VWPqHTwo9c5oAAAGEVE6iDw
DEBUG - 2022-11-08 07:55:50 --> ====================Dl_auth -> kakao_login :: 시작
DEBUG - 2022-11-08 07:55:50 --> ====================Dl_auth::kakao_login - 1.3.5- 사이트 회원정보 업데이트 성공(카카오 인증 완료) state=/ko/pr/view?idx=96
DEBUG - 2022-11-08 07:55:51 --> UTF-8 Support Enabled
DEBUG - 2022-11-08 07:55:51 --> Global POST, GET and COOKIE data sanitized
DEBUG - 2022-11-08 07:55:51 --> Config file loaded: /hwonpark/www/application/config/tree.php
DEBUG - 2022-11-08 07:55:51 --> Encryption: Auto-configured driver 'openssl'.
DEBUG - 2022-11-08 07:55:51 --> --------------------DC_common::chk_perm - 1.인가코드요청 시작 -> if 인앱브라우저
DEBUG - 2022-11-08 07:55:51 --> Total execution time: 0.1146
DEBUG - 2022-11-08 07:57:04 --> UTF-8 Support Enabled
DEBUG - 2022-11-08 07:57:04 --> Global POST, GET and COOKIE data sanitized
DEBUG - 2022-11-08 07:57:04 --> Config file loaded: /hwonpark/www/application/config/tree.php
DEBUG - 2022-11-08 07:57:04 --> Encryption: Auto-configured driver 'openssl'.
DEBUG - 2022-11-08 07:57:04 --> --------------------DC_common::chk_perm - 1.인가코드요청 시작 -> if 인앱브라우저
DEBUG - 2022-11-08 07:57:04 --> Total execution time: 0.0583
DEBUG - 2022-11-08 09:55:29 --> UTF-8 Support Enabled
DEBUG - 2022-11-08 09:55:29 --> Global POST, GET and COOKIE data sanitized
DEBUG - 2022-11-08 09:55:29 --> Config file loaded: /hwonpark/www/application/config/tree.php
DEBUG - 2022-11-08 09:55:29 --> Total execution time: 0.0500
DEBUG - 2022-11-08 09:55:30 --> UTF-8 Support Enabled
DEBUG - 2022-11-08 09:55:30 --> Global POST, GET and COOKIE data sanitized
ERROR - 2022-11-08 09:55:30 --> 404 Page Not Found: Faviconico/index
DEBUG - 2022-11-08 09:55:33 --> UTF-8 Support Enabled
DEBUG - 2022-11-08 09:55:33 --> Global POST, GET and COOKIE data sanitized
DEBUG - 2022-11-08 09:55:33 --> Config file loaded: /hwonpark/www/application/config/tree.php
DEBUG - 2022-11-08 09:55:35 --> UTF-8 Support Enabled
DEBUG - 2022-11-08 09:55:35 --> Global POST, GET and COOKIE data sanitized
DEBUG - 2022-11-08 09:55:35 --> Config file loaded: /hwonpark/www/application/config/tree.php
DEBUG - 2022-11-08 09:55:35 --> Encryption: Auto-configured driver 'openssl'.
DEBUG - 2022-11-08 09:55:35 --> UTF-8 Support Enabled
DEBUG - 2022-11-08 09:55:35 --> Global POST, GET and COOKIE data sanitized
DEBUG - 2022-11-08 09:55:35 --> Config file loaded: /hwonpark/www/application/config/tree.php
DEBUG - 2022-11-08 09:55:35 --> Encryption: Auto-configured driver 'openssl'.
DEBUG - 2022-11-08 09:55:35 --> Encryption class already loaded. Second attempt ignored.
DEBUG - 2022-11-08 09:55:35 --> Total execution time: 0.0585
DEBUG - 2022-11-08 09:55:36 --> UTF-8 Support Enabled
DEBUG - 2022-11-08 09:55:37 --> Global POST, GET and COOKIE data sanitized
DEBUG - 2022-11-08 09:55:37 --> Config file loaded: /hwonpark/www/application/config/tree.php
DEBUG - 2022-11-08 09:55:37 --> Encryption: Auto-configured driver 'openssl'.
DEBUG - 2022-11-08 09:55:37 --> Total execution time: 0.0587
DEBUG - 2022-11-08 09:55:40 --> UTF-8 Support Enabled
DEBUG - 2022-11-08 09:55:40 --> Global POST, GET and COOKIE data sanitized
DEBUG - 2022-11-08 09:55:40 --> Config file loaded: /hwonpark/www/application/config/tree.php
DEBUG - 2022-11-08 09:55:40 --> Encryption: Auto-configured driver 'openssl'.
DEBUG - 2022-11-08 09:55:40 --> Encryption class already loaded. Second attempt ignored.
DEBUG - 2022-11-08 09:55:40 --> Total execution time: 0.0690
DEBUG - 2022-11-08 09:55:54 --> UTF-8 Support Enabled
DEBUG - 2022-11-08 09:55:54 --> Global POST, GET and COOKIE data sanitized
DEBUG - 2022-11-08 09:55:54 --> Config file loaded: /hwonpark/www/application/config/tree.php
DEBUG - 2022-11-08 09:55:54 --> Encryption: Auto-configured driver 'openssl'.
DEBUG - 2022-11-08 09:55:54 --> Total execution time: 0.0368
DEBUG - 2022-11-08 09:55:56 --> UTF-8 Support Enabled
DEBUG - 2022-11-08 09:55:56 --> Global POST, GET and COOKIE data sanitized
DEBUG - 2022-11-08 09:55:56 --> Config file loaded: /hwonpark/www/application/config/tree.php
DEBUG - 2022-11-08 09:55:56 --> Encryption: Auto-configured driver 'openssl'.
DEBUG - 2022-11-08 09:55:56 --> Total execution time: 0.0417
DEBUG - 2022-11-08 10:04:29 --> UTF-8 Support Enabled
DEBUG - 2022-11-08 10:04:29 --> Global POST, GET and COOKIE data sanitized
DEBUG - 2022-11-08 10:04:30 --> Config file loaded: /hwonpark/www/application/config/tree.php
DEBUG - 2022-11-08 10:04:30 --> Encryption: Auto-configured driver 'openssl'.
DEBUG - 2022-11-08 10:04:30 --> Total execution time: 0.0646
DEBUG - 2022-11-08 10:08:31 --> UTF-8 Support Enabled
DEBUG - 2022-11-08 10:08:31 --> Global POST, GET and COOKIE data sanitized
DEBUG - 2022-11-08 10:08:31 --> Config file loaded: /hwonpark/www/application/config/tree.php
DEBUG - 2022-11-08 10:08:31 --> Encryption: Auto-configured driver 'openssl'.
DEBUG - 2022-11-08 10:08:31 --> Total execution time: 0.0440
DEBUG - 2022-11-08 10:29:12 --> UTF-8 Support Enabled
DEBUG - 2022-11-08 10:29:12 --> Global POST, GET and COOKIE data sanitized
DEBUG - 2022-11-08 10:29:12 --> Config file loaded: /hwonpark/www/application/config/tree.php
DEBUG - 2022-11-08 10:29:14 --> UTF-8 Support Enabled
DEBUG - 2022-11-08 10:29:14 --> No URI present. Default controller set.
DEBUG - 2022-11-08 10:29:14 --> Global POST, GET and COOKIE data sanitized
DEBUG - 2022-11-08 10:29:14 --> Config file loaded: /hwonpark/www/application/config/tree.php
DEBUG - 2022-11-08 10:29:14 --> Total execution time: 0.0451
DEBUG - 2022-11-08 10:29:16 --> UTF-8 Support Enabled
DEBUG - 2022-11-08 10:29:16 --> Global POST, GET and COOKIE data sanitized
DEBUG - 2022-11-08 10:29:16 --> Config file loaded: /hwonpark/www/application/config/tree.php
DEBUG - 2022-11-08 10:29:16 --> Total execution time: 0.0714
DEBUG - 2022-11-08 10:29:23 --> UTF-8 Support Enabled
DEBUG - 2022-11-08 10:29:23 --> Global POST, GET and COOKIE data sanitized
DEBUG - 2022-11-08 10:29:23 --> Config file loaded: /hwonpark/www/application/config/tree.php
DEBUG - 2022-11-08 10:29:23 --> Total execution time: 0.0620
DEBUG - 2022-11-08 10:32:01 --> UTF-8 Support Enabled
DEBUG - 2022-11-08 10:32:01 --> Global POST, GET and COOKIE data sanitized
DEBUG - 2022-11-08 10:32:01 --> Config file loaded: /hwonpark/www/application/config/tree.php
DEBUG - 2022-11-08 10:32:01 --> Total execution time: 0.0348
DEBUG - 2022-11-08 10:32:03 --> UTF-8 Support Enabled
DEBUG - 2022-11-08 10:32:03 --> No URI present. Default controller set.
DEBUG - 2022-11-08 10:32:03 --> Global POST, GET and COOKIE data sanitized
DEBUG - 2022-11-08 10:32:03 --> Config file loaded: /hwonpark/www/application/config/tree.php
DEBUG - 2022-11-08 10:32:03 --> Total execution time: 0.0458
DEBUG - 2022-11-08 10:32:12 --> UTF-8 Support Enabled
DEBUG - 2022-11-08 10:32:12 --> Global POST, GET and COOKIE data sanitized
ERROR - 2022-11-08 10:32:12 --> 404 Page Not Found: Faviconico/index
DEBUG - 2022-11-08 10:32:15 --> UTF-8 Support Enabled
DEBUG - 2022-11-08 10:32:15 --> No URI present. Default controller set.
DEBUG - 2022-11-08 10:32:15 --> Global POST, GET and COOKIE data sanitized
DEBUG - 2022-11-08 10:32:15 --> Config file loaded: /hwonpark/www/application/config/tree.php
DEBUG - 2022-11-08 10:32:15 --> Total execution time: 0.0287
DEBUG - 2022-11-08 10:32:19 --> UTF-8 Support Enabled
DEBUG - 2022-11-08 10:32:19 --> No URI present. Default controller set.
DEBUG - 2022-11-08 10:32:19 --> Global POST, GET and COOKIE data sanitized
DEBUG - 2022-11-08 10:32:19 --> Config file loaded: /hwonpark/www/application/config/tree.php
DEBUG - 2022-11-08 10:32:19 --> Total execution time: 0.0593
DEBUG - 2022-11-08 10:36:32 --> UTF-8 Support Enabled
DEBUG - 2022-11-08 10:36:32 --> No URI present. Default controller set.
DEBUG - 2022-11-08 10:36:32 --> Global POST, GET and COOKIE data sanitized
DEBUG - 2022-11-08 10:36:32 --> Config file loaded: /hwonpark/www/application/config/tree.php
DEBUG - 2022-11-08 10:36:32 --> Total execution time: 0.0318
DEBUG - 2022-11-08 10:36:48 --> UTF-8 Support Enabled
DEBUG - 2022-11-08 10:36:48 --> No URI present. Default controller set.
DEBUG - 2022-11-08 10:36:48 --> Global POST, GET and COOKIE data sanitized
DEBUG - 2022-11-08 10:36:48 --> Config file loaded: /hwonpark/www/application/config/tree.php
DEBUG - 2022-11-08 10:36:48 --> Total execution time: 0.0324
DEBUG - 2022-11-08 10:42:02 --> UTF-8 Support Enabled
DEBUG - 2022-11-08 10:42:02 --> No URI present. Default controller set.
DEBUG - 2022-11-08 10:42:02 --> Global POST, GET and COOKIE data sanitized
DEBUG - 2022-11-08 10:42:02 --> Config file loaded: /hwonpark/www/application/config/tree.php
DEBUG - 2022-11-08 10:42:02 --> Total execution time: 0.0359
DEBUG - 2022-11-08 10:53:56 --> UTF-8 Support Enabled
DEBUG - 2022-11-08 10:53:56 --> No URI present. Default controller set.
DEBUG - 2022-11-08 10:53:56 --> Global POST, GET and COOKIE data sanitized
DEBUG - 2022-11-08 10:53:56 --> Config file loaded: /hwonpark/www/application/config/tree.php
DEBUG - 2022-11-08 10:53:56 --> Total execution time: 0.0309
DEBUG - 2022-11-08 10:53:57 --> UTF-8 Support Enabled
DEBUG - 2022-11-08 10:53:57 --> Global POST, GET and COOKIE data sanitized
ERROR - 2022-11-08 10:53:57 --> 404 Page Not Found: Faviconico/index
DEBUG - 2022-11-08 11:08:54 --> UTF-8 Support Enabled
DEBUG - 2022-11-08 11:08:54 --> Global POST, GET and COOKIE data sanitized
DEBUG - 2022-11-08 11:08:54 --> Config file loaded: /hwonpark/www/application/config/tree.php
DEBUG - 2022-11-08 11:08:54 --> Total execution time: 0.0495
DEBUG - 2022-11-08 11:09:12 --> UTF-8 Support Enabled
DEBUG - 2022-11-08 11:09:12 --> Global POST, GET and COOKIE data sanitized
DEBUG - 2022-11-08 11:09:12 --> Config file loaded: /hwonpark/www/application/config/tree.php
DEBUG - 2022-11-08 11:09:14 --> UTF-8 Support Enabled
DEBUG - 2022-11-08 11:09:14 --> Global POST, GET and COOKIE data sanitized
DEBUG - 2022-11-08 11:09:14 --> Config file loaded: /hwonpark/www/application/config/tree.php
DEBUG - 2022-11-08 11:09:14 --> Encryption: Auto-configured driver 'openssl'.
DEBUG - 2022-11-08 11:09:14 --> UTF-8 Support Enabled
DEBUG - 2022-11-08 11:09:14 --> Global POST, GET and COOKIE data sanitized
DEBUG - 2022-11-08 11:09:14 --> Config file loaded: /hwonpark/www/application/config/tree.php
DEBUG - 2022-11-08 11:09:14 --> Encryption: Auto-configured driver 'openssl'.
DEBUG - 2022-11-08 11:09:14 --> Encryption class already loaded. Second attempt ignored.
DEBUG - 2022-11-08 11:09:14 --> Total execution time: 0.0367
DEBUG - 2022-11-08 11:09:16 --> UTF-8 Support Enabled
DEBUG - 2022-11-08 11:09:16 --> Global POST, GET and COOKIE data sanitized
DEBUG - 2022-11-08 11:09:16 --> Config file loaded: /hwonpark/www/application/config/tree.php
DEBUG - 2022-11-08 11:09:16 --> Encryption: Auto-configured driver 'openssl'.
DEBUG - 2022-11-08 11:09:16 --> Total execution time: 0.0506
DEBUG - 2022-11-08 11:09:17 --> UTF-8 Support Enabled
DEBUG - 2022-11-08 11:09:17 --> Global POST, GET and COOKIE data sanitized
DEBUG - 2022-11-08 11:09:17 --> Config file loaded: /hwonpark/www/application/config/tree.php
DEBUG - 2022-11-08 11:09:17 --> Encryption: Auto-configured driver 'openssl'.
DEBUG - 2022-11-08 11:09:17 --> Total execution time: 0.0392
DEBUG - 2022-11-08 11:09:19 --> UTF-8 Support Enabled
DEBUG - 2022-11-08 11:09:19 --> Global POST, GET and COOKIE data sanitized
DEBUG - 2022-11-08 11:09:19 --> Config file loaded: /hwonpark/www/application/config/tree.php
DEBUG - 2022-11-08 11:09:19 --> Encryption: Auto-configured driver 'openssl'.
DEBUG - 2022-11-08 11:09:19 --> Total execution time: 0.0369
DEBUG - 2022-11-08 11:09:20 --> UTF-8 Support Enabled
DEBUG - 2022-11-08 11:09:20 --> Global POST, GET and COOKIE data sanitized
DEBUG - 2022-11-08 11:09:20 --> Config file loaded: /hwonpark/www/application/config/tree.php
DEBUG - 2022-11-08 11:09:20 --> Encryption: Auto-configured driver 'openssl'.
DEBUG - 2022-11-08 11:09:20 --> Total execution time: 0.0474
DEBUG - 2022-11-08 11:09:21 --> UTF-8 Support Enabled
DEBUG - 2022-11-08 11:09:21 --> Global POST, GET and COOKIE data sanitized
DEBUG - 2022-11-08 11:09:21 --> Config file loaded: /hwonpark/www/application/config/tree.php
DEBUG - 2022-11-08 11:09:21 --> Encryption: Auto-configured driver 'openssl'.
DEBUG - 2022-11-08 11:09:21 --> Total execution time: 0.0839
DEBUG - 2022-11-08 11:09:26 --> UTF-8 Support Enabled
DEBUG - 2022-11-08 11:09:26 --> Global POST, GET and COOKIE data sanitized
DEBUG - 2022-11-08 11:09:26 --> Config file loaded: /hwonpark/www/application/config/tree.php
DEBUG - 2022-11-08 11:09:26 --> Encryption: Auto-configured driver 'openssl'.
DEBUG - 2022-11-08 11:09:26 --> Total execution time: 0.0551
DEBUG - 2022-11-08 11:09:30 --> UTF-8 Support Enabled
DEBUG - 2022-11-08 11:09:30 --> Global POST, GET and COOKIE data sanitized
DEBUG - 2022-11-08 11:09:30 --> Config file loaded: /hwonpark/www/application/config/tree.php
DEBUG - 2022-11-08 11:09:30 --> Encryption: Auto-configured driver 'openssl'.
DEBUG - 2022-11-08 11:09:30 --> Total execution time: 0.0348
DEBUG - 2022-11-08 11:09:36 --> UTF-8 Support Enabled
DEBUG - 2022-11-08 11:09:36 --> Global POST, GET and COOKIE data sanitized
DEBUG - 2022-11-08 11:09:36 --> Config file loaded: /hwonpark/www/application/config/tree.php
DEBUG - 2022-11-08 11:09:36 --> Encryption: Auto-configured driver 'openssl'.
DEBUG - 2022-11-08 11:09:36 --> Total execution time: 0.0474
DEBUG - 2022-11-08 11:09:42 --> UTF-8 Support Enabled
DEBUG - 2022-11-08 11:09:42 --> Global POST, GET and COOKIE data sanitized
DEBUG - 2022-11-08 11:09:42 --> Config file loaded: /hwonpark/www/application/config/tree.php
DEBUG - 2022-11-08 11:09:42 --> Encryption: Auto-configured driver 'openssl'.
DEBUG - 2022-11-08 11:09:42 --> Total execution time: 0.0456
DEBUG - 2022-11-08 11:25:44 --> UTF-8 Support Enabled
DEBUG - 2022-11-08 11:25:44 --> Global POST, GET and COOKIE data sanitized
DEBUG - 2022-11-08 11:25:44 --> Config file loaded: /hwonpark/www/application/config/tree.php
DEBUG - 2022-11-08 11:25:44 --> Total execution time: 0.0634
DEBUG - 2022-11-08 11:27:39 --> UTF-8 Support Enabled
DEBUG - 2022-11-08 11:27:39 --> Global POST, GET and COOKIE data sanitized
DEBUG - 2022-11-08 11:27:39 --> Config file loaded: /hwonpark/www/application/config/tree.php
DEBUG - 2022-11-08 11:27:39 --> Total execution time: 0.0829
DEBUG - 2022-11-08 12:18:59 --> UTF-8 Support Enabled
DEBUG - 2022-11-08 12:18:59 --> No URI present. Default controller set.
DEBUG - 2022-11-08 12:18:59 --> Global POST, GET and COOKIE data sanitized
DEBUG - 2022-11-08 12:18:59 --> Config file loaded: /hwonpark/www/application/config/tree.php
DEBUG - 2022-11-08 12:18:59 --> Total execution time: 0.0312
DEBUG - 2022-11-08 12:19:02 --> UTF-8 Support Enabled
DEBUG - 2022-11-08 12:19:02 --> Global POST, GET and COOKIE data sanitized
ERROR - 2022-11-08 12:19:02 --> 404 Page Not Found: Faviconico/index
DEBUG - 2022-11-08 12:19:27 --> UTF-8 Support Enabled
DEBUG - 2022-11-08 12:19:27 --> Global POST, GET and COOKIE data sanitized
DEBUG - 2022-11-08 12:19:27 --> Config file loaded: /hwonpark/www/application/config/tree.php
DEBUG - 2022-11-08 12:19:27 --> --------------------DC_common::chk_perm - 1.인가코드요청 시작 -> if 인앱브라우저
DEBUG - 2022-11-08 12:19:28 --> UTF-8 Support Enabled
DEBUG - 2022-11-08 12:19:28 --> Global POST, GET and COOKIE data sanitized
DEBUG - 2022-11-08 12:19:28 --> Config file loaded: /hwonpark/www/application/config/tree.php
DEBUG - 2022-11-08 12:19:28 --> =================== DL_auth-> oauth::CALLBACK - 시작
DEBUG - 2022-11-08 12:19:28 --> =================== DL_auth-> oauth::CALLBACK - kakao param=:: error=
DEBUG - 2022-11-08 12:19:28 --> =================== DL_auth-> oauth::CALLBACK - kakao param=:: state=/ko/brief/view?idx=35
DEBUG - 2022-11-08 12:19:28 --> =================== DL_auth-> oauth::CALLBACK - kakao param=:: code=FY7HUAqA4oE0Crs2jfV6Bo1TD2yc5e5MvG95FfSGMKaUT4R99sNaP_P9ZFDQQwNjL62vJAopyV4AAAGEVT_-Tg
DEBUG - 2022-11-08 12:19:28 --> =================== DL_auth -> kakao oauth :2: code=FY7HUAqA4oE0Crs2jfV6Bo1TD2yc5e5MvG95FfSGMKaUT4R99sNaP_P9ZFDQQwNjL62vJAopyV4AAAGEVT_-Tg
DEBUG - 2022-11-08 12:19:28 --> ====================Dl_auth -> kakao_login :: 시작
DEBUG - 2022-11-08 12:19:28 --> --------------------Dl_auth::kakao_login - 1.토큰요청 시작
DEBUG - 2022-11-08 12:19:28 --> Dl_auth::kakao_login - get_token 시작 n=2
DEBUG - 2022-11-08 12:19:28 --> --------------------Dl_auth::kakao_login - 1.2.토큰요청 시작 -> 기타브라우저
DEBUG - 2022-11-08 12:19:28 --> --------------------Dl_auth::kakao_login - 1.3.토큰요청
DEBUG - 2022-11-08 12:19:28 --> --------------------Dl_auth::kakao_login - 1.4.토큰요청 -> 성공
DEBUG - 2022-11-08 12:19:28 --> UTF-8 Support Enabled
DEBUG - 2022-11-08 12:19:28 --> Global POST, GET and COOKIE data sanitized
DEBUG - 2022-11-08 12:19:28 --> Config file loaded: /hwonpark/www/application/config/tree.php
DEBUG - 2022-11-08 12:19:28 --> =================== DL_auth-> oauth::CALLBACK - 시작
DEBUG - 2022-11-08 12:19:28 --> =================== DL_auth-> oauth::CALLBACK - kakao param=:: error=
DEBUG - 2022-11-08 12:19:28 --> =================== DL_auth-> oauth::CALLBACK - kakao param=:: state=/ko/brief/view?idx=35
DEBUG - 2022-11-08 12:19:28 --> =================== DL_auth-> oauth::CALLBACK - kakao param=:: code=FY7HUAqA4oE0Crs2jfV6Bo1TD2yc5e5MvG95FfSGMKaUT4R99sNaP_P9ZFDQQwNjL62vJAopyV4AAAGEVT_-Tg
DEBUG - 2022-11-08 12:19:28 --> =================== DL_auth -> kakao oauth :2: code=FY7HUAqA4oE0Crs2jfV6Bo1TD2yc5e5MvG95FfSGMKaUT4R99sNaP_P9ZFDQQwNjL62vJAopyV4AAAGEVT_-Tg
DEBUG - 2022-11-08 12:19:28 --> ====================Dl_auth -> kakao_login :: 시작
DEBUG - 2022-11-08 12:19:28 --> ====================Dl_auth::kakao_login - 1.3.5- 사이트 회원정보 업데이트 성공(카카오 인증 완료) state=/ko/brief/view?idx=35
DEBUG - 2022-11-08 12:19:28 --> UTF-8 Support Enabled
DEBUG - 2022-11-08 12:19:28 --> Global POST, GET and COOKIE data sanitized
DEBUG - 2022-11-08 12:19:28 --> Config file loaded: /hwonpark/www/application/config/tree.php
DEBUG - 2022-11-08 12:19:28 --> Encryption: Auto-configured driver 'openssl'.
DEBUG - 2022-11-08 12:19:28 --> --------------------DC_common::chk_perm - 1.인가코드요청 시작 -> if 인앱브라우저
DEBUG - 2022-11-08 12:19:28 --> Total execution time: 0.0486
DEBUG - 2022-11-08 12:25:18 --> UTF-8 Support Enabled
DEBUG - 2022-11-08 12:25:18 --> No URI present. Default controller set.
DEBUG - 2022-11-08 12:25:18 --> Global POST, GET and COOKIE data sanitized
DEBUG - 2022-11-08 12:25:18 --> Config file loaded: /hwonpark/www/application/config/tree.php
DEBUG - 2022-11-08 12:25:18 --> Total execution time: 0.0617
DEBUG - 2022-11-08 12:25:19 --> UTF-8 Support Enabled
DEBUG - 2022-11-08 12:25:19 --> Global POST, GET and COOKIE data sanitized
ERROR - 2022-11-08 12:25:19 --> 404 Page Not Found: Faviconico/index
DEBUG - 2022-11-08 13:30:33 --> UTF-8 Support Enabled
DEBUG - 2022-11-08 13:30:33 --> Global POST, GET and COOKIE data sanitized
DEBUG - 2022-11-08 13:30:33 --> Config file loaded: /hwonpark/www/application/config/tree.php
DEBUG - 2022-11-08 13:30:33 --> Total execution time: 0.0334
DEBUG - 2022-11-08 13:30:38 --> UTF-8 Support Enabled
DEBUG - 2022-11-08 13:30:38 --> Global POST, GET and COOKIE data sanitized
DEBUG - 2022-11-08 13:30:38 --> Config file loaded: /hwonpark/www/application/config/tree.php
DEBUG - 2022-11-08 13:30:38 --> UTF-8 Support Enabled
DEBUG - 2022-11-08 13:30:38 --> Global POST, GET and COOKIE data sanitized
DEBUG - 2022-11-08 13:30:38 --> Config file loaded: /hwonpark/www/application/config/tree.php
DEBUG - 2022-11-08 13:30:38 --> Encryption: Auto-configured driver 'openssl'.
DEBUG - 2022-11-08 13:30:38 --> UTF-8 Support Enabled
DEBUG - 2022-11-08 13:30:38 --> Global POST, GET and COOKIE data sanitized
DEBUG - 2022-11-08 13:30:38 --> Config file loaded: /hwonpark/www/application/config/tree.php
DEBUG - 2022-11-08 13:30:38 --> Encryption: Auto-configured driver 'openssl'.
DEBUG - 2022-11-08 13:30:38 --> Encryption class already loaded. Second attempt ignored.
DEBUG - 2022-11-08 13:30:38 --> Total execution time: 0.0583
DEBUG - 2022-11-08 13:30:40 --> UTF-8 Support Enabled
DEBUG - 2022-11-08 13:30:40 --> Global POST, GET and COOKIE data sanitized
DEBUG - 2022-11-08 13:30:40 --> Config file loaded: /hwonpark/www/application/config/tree.php
DEBUG - 2022-11-08 13:30:40 --> Encryption: Auto-configured driver 'openssl'.
DEBUG - 2022-11-08 13:30:40 --> Total execution time: 0.0671
DEBUG - 2022-11-08 13:31:09 --> UTF-8 Support Enabled
DEBUG - 2022-11-08 13:31:09 --> Global POST, GET and COOKIE data sanitized
DEBUG - 2022-11-08 13:31:09 --> Config file loaded: /hwonpark/www/application/config/tree.php
DEBUG - 2022-11-08 13:31:09 --> Encryption: Auto-configured driver 'openssl'.
DEBUG - 2022-11-08 13:31:09 --> Total execution time: 0.0408
DEBUG - 2022-11-08 13:31:10 --> UTF-8 Support Enabled
DEBUG - 2022-11-08 13:31:10 --> Global POST, GET and COOKIE data sanitized
DEBUG - 2022-11-08 13:31:10 --> Config file loaded: /hwonpark/www/application/config/tree.php
DEBUG - 2022-11-08 13:31:10 --> Encryption: Auto-configured driver 'openssl'.
DEBUG - 2022-11-08 13:31:10 --> Total execution time: 0.0678
DEBUG - 2022-11-08 13:31:22 --> UTF-8 Support Enabled
DEBUG - 2022-11-08 13:31:22 --> No URI present. Default controller set.
DEBUG - 2022-11-08 13:31:22 --> Global POST, GET and COOKIE data sanitized
DEBUG - 2022-11-08 13:31:22 --> Config file loaded: /hwonpark/www/application/config/tree.php
DEBUG - 2022-11-08 13:31:22 --> Total execution time: 0.0296
DEBUG - 2022-11-08 13:31:26 --> UTF-8 Support Enabled
DEBUG - 2022-11-08 13:31:26 --> Global POST, GET and COOKIE data sanitized
ERROR - 2022-11-08 13:31:26 --> 404 Page Not Found: Faviconico/index
DEBUG - 2022-11-08 13:31:28 --> UTF-8 Support Enabled
DEBUG - 2022-11-08 13:31:28 --> Global POST, GET and COOKIE data sanitized
DEBUG - 2022-11-08 13:31:28 --> Config file loaded: /hwonpark/www/application/config/tree.php
DEBUG - 2022-11-08 13:31:29 --> UTF-8 Support Enabled
DEBUG - 2022-11-08 13:31:29 --> Global POST, GET and COOKIE data sanitized
DEBUG - 2022-11-08 13:31:29 --> Config file loaded: /hwonpark/www/application/config/tree.php
DEBUG - 2022-11-08 13:31:30 --> Total execution time: 0.0454
DEBUG - 2022-11-08 13:31:31 --> UTF-8 Support Enabled
DEBUG - 2022-11-08 13:31:31 --> Global POST, GET and COOKIE data sanitized
DEBUG - 2022-11-08 13:31:31 --> Config file loaded: /hwonpark/www/application/config/tree.php
DEBUG - 2022-11-08 13:31:31 --> =================== DL_auth-> oauth::CALLBACK - 시작
DEBUG - 2022-11-08 13:31:31 --> =================== DL_auth-> oauth::CALLBACK - kakao param=:: error=
DEBUG - 2022-11-08 13:31:31 --> =================== DL_auth-> oauth::CALLBACK - kakao param=:: state=
DEBUG - 2022-11-08 13:31:31 --> =================== DL_auth-> oauth::CALLBACK - kakao param=:: code=nbLiaKMRnGUnRPVZJG-jeyVaZwNZ1xtePdDzxzPCy1oKYpBSrNm0bbwEPOaRRPH-m-74nwopyV4AAAGEVYH30g
DEBUG - 2022-11-08 13:31:31 --> =================== DL_auth -> kakao oauth :2: code=nbLiaKMRnGUnRPVZJG-jeyVaZwNZ1xtePdDzxzPCy1oKYpBSrNm0bbwEPOaRRPH-m-74nwopyV4AAAGEVYH30g
DEBUG - 2022-11-08 13:31:31 --> ====================Dl_auth -> kakao_login :: 시작
DEBUG - 2022-11-08 13:31:31 --> --------------------Dl_auth::kakao_login - 1.토큰요청 시작
DEBUG - 2022-11-08 13:31:31 --> Dl_auth::kakao_login - get_token 시작 n=2
DEBUG - 2022-11-08 13:31:31 --> --------------------Dl_auth::kakao_login - 1.2.토큰요청 시작 -> 기타브라우저
DEBUG - 2022-11-08 13:31:31 --> --------------------Dl_auth::kakao_login - 1.3.토큰요청
DEBUG - 2022-11-08 13:31:31 --> --------------------Dl_auth::kakao_login - 1.4.토큰요청 -> 성공
DEBUG - 2022-11-08 13:31:31 --> UTF-8 Support Enabled
DEBUG - 2022-11-08 13:31:31 --> Global POST, GET and COOKIE data sanitized
DEBUG - 2022-11-08 13:31:32 --> Config file loaded: /hwonpark/www/application/config/tree.php
DEBUG - 2022-11-08 13:31:32 --> =================== DL_auth-> oauth::CALLBACK - 시작
DEBUG - 2022-11-08 13:31:32 --> =================== DL_auth-> oauth::CALLBACK - kakao param=:: error=
DEBUG - 2022-11-08 13:31:32 --> =================== DL_auth-> oauth::CALLBACK - kakao param=:: state=
DEBUG - 2022-11-08 13:31:32 --> =================== DL_auth-> oauth::CALLBACK - kakao param=:: code=nbLiaKMRnGUnRPVZJG-jeyVaZwNZ1xtePdDzxzPCy1oKYpBSrNm0bbwEPOaRRPH-m-74nwopyV4AAAGEVYH30g
DEBUG - 2022-11-08 13:31:32 --> =================== DL_auth -> kakao oauth :2: code=nbLiaKMRnGUnRPVZJG-jeyVaZwNZ1xtePdDzxzPCy1oKYpBSrNm0bbwEPOaRRPH-m-74nwopyV4AAAGEVYH30g
DEBUG - 2022-11-08 13:31:32 --> ====================Dl_auth -> kakao_login :: 시작
DEBUG - 2022-11-08 13:31:32 --> ====================Dl_auth::kakao_login - 1.3.5- 사이트 회원정보 업데이트 성공(카카오 인증 완료) state=
DEBUG - 2022-11-08 13:31:33 --> UTF-8 Support Enabled
DEBUG - 2022-11-08 13:31:33 --> Global POST, GET and COOKIE data sanitized
DEBUG - 2022-11-08 13:31:33 --> Config file loaded: /hwonpark/www/application/config/tree.php
DEBUG - 2022-11-08 13:31:33 --> Encryption: Auto-configured driver 'openssl'.
DEBUG - 2022-11-08 13:31:33 --> Total execution time: 0.0701
DEBUG - 2022-11-08 13:31:39 --> UTF-8 Support Enabled
DEBUG - 2022-11-08 13:31:39 --> Global POST, GET and COOKIE data sanitized
DEBUG - 2022-11-08 13:31:39 --> Config file loaded: /hwonpark/www/application/config/tree.php
DEBUG - 2022-11-08 13:31:39 --> Encryption: Auto-configured driver 'openssl'.
DEBUG - 2022-11-08 13:31:39 --> Total execution time: 0.0507
DEBUG - 2022-11-08 13:32:09 --> UTF-8 Support Enabled
DEBUG - 2022-11-08 13:32:09 --> Global POST, GET and COOKIE data sanitized
DEBUG - 2022-11-08 13:32:09 --> Config file loaded: /hwonpark/www/application/config/tree.php
DEBUG - 2022-11-08 13:32:09 --> Encryption: Auto-configured driver 'openssl'.
DEBUG - 2022-11-08 13:32:09 --> Total execution time: 0.0619
DEBUG - 2022-11-08 13:32:09 --> UTF-8 Support Enabled
DEBUG - 2022-11-08 13:32:09 --> Global POST, GET and COOKIE data sanitized
DEBUG - 2022-11-08 13:32:09 --> Config file loaded: /hwonpark/www/application/config/tree.php
DEBUG - 2022-11-08 13:32:09 --> Encryption: Auto-configured driver 'openssl'.
DEBUG - 2022-11-08 13:32:09 --> Total execution time: 0.0513
DEBUG - 2022-11-08 13:32:22 --> UTF-8 Support Enabled
DEBUG - 2022-11-08 13:32:22 --> Global POST, GET and COOKIE data sanitized
DEBUG - 2022-11-08 13:32:22 --> Config file loaded: /hwonpark/www/application/config/tree.php
DEBUG - 2022-11-08 13:32:22 --> Encryption: Auto-configured driver 'openssl'.
DEBUG - 2022-11-08 13:32:22 --> Total execution time: 0.0420
DEBUG - 2022-11-08 13:32:27 --> UTF-8 Support Enabled
DEBUG - 2022-11-08 13:32:27 --> Global POST, GET and COOKIE data sanitized
DEBUG - 2022-11-08 13:32:27 --> Config file loaded: /hwonpark/www/application/config/tree.php
DEBUG - 2022-11-08 13:32:27 --> Encryption: Auto-configured driver 'openssl'.
DEBUG - 2022-11-08 13:32:27 --> Total execution time: 0.0389
DEBUG - 2022-11-08 13:32:34 --> UTF-8 Support Enabled
DEBUG - 2022-11-08 13:32:34 --> Global POST, GET and COOKIE data sanitized
DEBUG - 2022-11-08 13:32:34 --> Config file loaded: /hwonpark/www/application/config/tree.php
DEBUG - 2022-11-08 13:32:34 --> Encryption: Auto-configured driver 'openssl'.
DEBUG - 2022-11-08 13:32:34 --> Total execution time: 0.0786
DEBUG - 2022-11-08 13:32:45 --> UTF-8 Support Enabled
DEBUG - 2022-11-08 13:32:45 --> Global POST, GET and COOKIE data sanitized
DEBUG - 2022-11-08 13:32:45 --> Config file loaded: /hwonpark/www/application/config/tree.php
DEBUG - 2022-11-08 13:32:45 --> Encryption: Auto-configured driver 'openssl'.
DEBUG - 2022-11-08 13:32:45 --> Total execution time: 0.0612
DEBUG - 2022-11-08 13:33:01 --> UTF-8 Support Enabled
DEBUG - 2022-11-08 13:33:01 --> Global POST, GET and COOKIE data sanitized
DEBUG - 2022-11-08 13:33:01 --> Config file loaded: /hwonpark/www/application/config/tree.php
DEBUG - 2022-11-08 13:33:01 --> Encryption: Auto-configured driver 'openssl'.
DEBUG - 2022-11-08 13:33:01 --> Total execution time: 0.0375
DEBUG - 2022-11-08 13:33:16 --> UTF-8 Support Enabled
DEBUG - 2022-11-08 13:33:16 --> Global POST, GET and COOKIE data sanitized
DEBUG - 2022-11-08 13:33:16 --> Config file loaded: /hwonpark/www/application/config/tree.php
DEBUG - 2022-11-08 13:33:16 --> Encryption: Auto-configured driver 'openssl'.
DEBUG - 2022-11-08 13:33:16 --> Total execution time: 0.0372
DEBUG - 2022-11-08 13:58:37 --> UTF-8 Support Enabled
DEBUG - 2022-11-08 13:58:37 --> Global POST, GET and COOKIE data sanitized
DEBUG - 2022-11-08 13:58:37 --> Config file loaded: /hwonpark/www/application/config/tree.php
DEBUG - 2022-11-08 13:58:37 --> Total execution time: 0.0298
DEBUG - 2022-11-08 13:58:38 --> UTF-8 Support Enabled
DEBUG - 2022-11-08 13:58:38 --> Global POST, GET and COOKIE data sanitized
ERROR - 2022-11-08 13:58:38 --> 404 Page Not Found: Faviconico/index
DEBUG - 2022-11-08 13:58:39 --> UTF-8 Support Enabled
DEBUG - 2022-11-08 13:58:39 --> Global POST, GET and COOKIE data sanitized
DEBUG - 2022-11-08 13:58:39 --> Config file loaded: /hwonpark/www/application/config/tree.php
DEBUG - 2022-11-08 13:58:41 --> UTF-8 Support Enabled
DEBUG - 2022-11-08 13:58:41 --> Global POST, GET and COOKIE data sanitized
DEBUG - 2022-11-08 13:58:41 --> Config file loaded: /hwonpark/www/application/config/tree.php
DEBUG - 2022-11-08 13:58:41 --> Encryption: Auto-configured driver 'openssl'.
DEBUG - 2022-11-08 13:58:41 --> UTF-8 Support Enabled
DEBUG - 2022-11-08 13:58:41 --> Global POST, GET and COOKIE data sanitized
DEBUG - 2022-11-08 13:58:41 --> Config file loaded: /hwonpark/www/application/config/tree.php
DEBUG - 2022-11-08 13:58:41 --> Encryption: Auto-configured driver 'openssl'.
DEBUG - 2022-11-08 13:58:41 --> Encryption class already loaded. Second attempt ignored.
DEBUG - 2022-11-08 13:58:41 --> Total execution time: 0.0457
DEBUG - 2022-11-08 15:07:10 --> UTF-8 Support Enabled
DEBUG - 2022-11-08 15:07:10 --> Global POST, GET and COOKIE data sanitized
DEBUG - 2022-11-08 15:07:10 --> Config file loaded: /hwonpark/www/application/config/tree.php
DEBUG - 2022-11-08 15:07:10 --> Total execution time: 0.0310
DEBUG - 2022-11-08 15:07:18 --> UTF-8 Support Enabled
DEBUG - 2022-11-08 15:07:18 --> Global POST, GET and COOKIE data sanitized
DEBUG - 2022-11-08 15:07:18 --> Config file loaded: /hwonpark/www/application/config/tree.php
DEBUG - 2022-11-08 15:07:18 --> UTF-8 Support Enabled
DEBUG - 2022-11-08 15:07:18 --> Global POST, GET and COOKIE data sanitized
DEBUG - 2022-11-08 15:07:18 --> Config file loaded: /hwonpark/www/application/config/tree.php
DEBUG - 2022-11-08 15:07:18 --> Encryption: Auto-configured driver 'openssl'.
DEBUG - 2022-11-08 15:07:19 --> UTF-8 Support Enabled
DEBUG - 2022-11-08 15:07:19 --> Global POST, GET and COOKIE data sanitized
DEBUG - 2022-11-08 15:07:19 --> Config file loaded: /hwonpark/www/application/config/tree.php
DEBUG - 2022-11-08 15:07:19 --> Encryption: Auto-configured driver 'openssl'.
DEBUG - 2022-11-08 15:07:19 --> Encryption class already loaded. Second attempt ignored.
DEBUG - 2022-11-08 15:07:19 --> Total execution time: 0.0391
DEBUG - 2022-11-08 15:07:20 --> UTF-8 Support Enabled
DEBUG - 2022-11-08 15:07:20 --> Global POST, GET and COOKIE data sanitized
DEBUG - 2022-11-08 15:07:20 --> Config file loaded: /hwonpark/www/application/config/tree.php
DEBUG - 2022-11-08 15:07:20 --> Encryption: Auto-configured driver 'openssl'.
DEBUG - 2022-11-08 15:07:20 --> Total execution time: 0.0467
DEBUG - 2022-11-08 15:07:22 --> UTF-8 Support Enabled
DEBUG - 2022-11-08 15:07:22 --> Global POST, GET and COOKIE data sanitized
DEBUG - 2022-11-08 15:07:22 --> Config file loaded: /hwonpark/www/application/config/tree.php
DEBUG - 2022-11-08 15:07:22 --> Encryption: Auto-configured driver 'openssl'.
DEBUG - 2022-11-08 15:07:22 --> Total execution time: 0.0378
DEBUG - 2022-11-08 15:08:20 --> UTF-8 Support Enabled
DEBUG - 2022-11-08 15:08:20 --> Global POST, GET and COOKIE data sanitized
DEBUG - 2022-11-08 15:08:20 --> Config file loaded: /hwonpark/www/application/config/tree.php
DEBUG - 2022-11-08 15:08:20 --> Encryption: Auto-configured driver 'openssl'.
DEBUG - 2022-11-08 15:08:20 --> Total execution time: 0.0746
DEBUG - 2022-11-08 15:08:24 --> UTF-8 Support Enabled
DEBUG - 2022-11-08 15:08:24 --> Global POST, GET and COOKIE data sanitized
DEBUG - 2022-11-08 15:08:24 --> Config file loaded: /hwonpark/www/application/config/tree.php
DEBUG - 2022-11-08 15:08:24 --> Encryption: Auto-configured driver 'openssl'.
DEBUG - 2022-11-08 15:08:24 --> Total execution time: 0.0805
DEBUG - 2022-11-08 15:10:30 --> UTF-8 Support Enabled
DEBUG - 2022-11-08 15:10:30 --> Global POST, GET and COOKIE data sanitized
DEBUG - 2022-11-08 15:10:30 --> Config file loaded: /hwonpark/www/application/config/tree.php
DEBUG - 2022-11-08 15:10:30 --> Encryption: Auto-configured driver 'openssl'.
DEBUG - 2022-11-08 15:10:30 --> Total execution time: 0.0536
DEBUG - 2022-11-08 15:24:38 --> UTF-8 Support Enabled
DEBUG - 2022-11-08 15:24:38 --> Global POST, GET and COOKIE data sanitized
DEBUG - 2022-11-08 15:24:38 --> Config file loaded: /hwonpark/www/application/config/tree.php
DEBUG - 2022-11-08 15:24:39 --> UTF-8 Support Enabled
DEBUG - 2022-11-08 15:24:39 --> No URI present. Default controller set.
DEBUG - 2022-11-08 15:24:39 --> Global POST, GET and COOKIE data sanitized
DEBUG - 2022-11-08 15:24:39 --> Config file loaded: /hwonpark/www/application/config/tree.php
DEBUG - 2022-11-08 15:24:39 --> Total execution time: 0.0473
DEBUG - 2022-11-08 15:24:42 --> UTF-8 Support Enabled
DEBUG - 2022-11-08 15:24:43 --> Global POST, GET and COOKIE data sanitized
DEBUG - 2022-11-08 15:24:43 --> Config file loaded: /hwonpark/www/application/config/tree.php
DEBUG - 2022-11-08 15:24:43 --> Total execution time: 0.0774
DEBUG - 2022-11-08 15:24:48 --> UTF-8 Support Enabled
DEBUG - 2022-11-08 15:24:48 --> Global POST, GET and COOKIE data sanitized
DEBUG - 2022-11-08 15:24:48 --> Config file loaded: /hwonpark/www/application/config/tree.php
DEBUG - 2022-11-08 15:24:48 --> Total execution time: 0.0334
DEBUG - 2022-11-08 15:24:50 --> UTF-8 Support Enabled
DEBUG - 2022-11-08 15:24:50 --> Global POST, GET and COOKIE data sanitized
DEBUG - 2022-11-08 15:24:50 --> Config file loaded: /hwonpark/www/application/config/tree.php
DEBUG - 2022-11-08 15:24:50 --> =================== DL_auth-> oauth::CALLBACK - 시작
DEBUG - 2022-11-08 15:24:50 --> =================== DL_auth-> oauth::CALLBACK - kakao param=:: error=
DEBUG - 2022-11-08 15:24:50 --> =================== DL_auth-> oauth::CALLBACK - kakao param=:: state=
DEBUG - 2022-11-08 15:24:50 --> =================== DL_auth-> oauth::CALLBACK - kakao param=:: code=yOZxuk7y2dMn9g4sbschrw_KXTdvSt30x6DEfrg5poBXDkC38J2m3i5qrXK4QAVvBd6bEwopyWAAAAGEVemztQ
DEBUG - 2022-11-08 15:24:50 --> =================== DL_auth -> kakao oauth :2: code=yOZxuk7y2dMn9g4sbschrw_KXTdvSt30x6DEfrg5poBXDkC38J2m3i5qrXK4QAVvBd6bEwopyWAAAAGEVemztQ
DEBUG - 2022-11-08 15:24:50 --> ====================Dl_auth -> kakao_login :: 시작
DEBUG - 2022-11-08 15:24:50 --> --------------------Dl_auth::kakao_login - 1.토큰요청 시작
DEBUG - 2022-11-08 15:24:50 --> Dl_auth::kakao_login - get_token 시작 n=2
DEBUG - 2022-11-08 15:24:50 --> --------------------Dl_auth::kakao_login - 1.2.토큰요청 시작 -> 기타브라우저
DEBUG - 2022-11-08 15:24:50 --> --------------------Dl_auth::kakao_login - 1.3.토큰요청
DEBUG - 2022-11-08 15:24:50 --> --------------------Dl_auth::kakao_login - 1.4.토큰요청 -> 성공
DEBUG - 2022-11-08 15:24:50 --> UTF-8 Support Enabled
DEBUG - 2022-11-08 15:24:50 --> Global POST, GET and COOKIE data sanitized
DEBUG - 2022-11-08 15:24:50 --> Config file loaded: /hwonpark/www/application/config/tree.php
DEBUG - 2022-11-08 15:24:50 --> =================== DL_auth-> oauth::CALLBACK - 시작
DEBUG - 2022-11-08 15:24:50 --> =================== DL_auth-> oauth::CALLBACK - kakao param=:: error=
DEBUG - 2022-11-08 15:24:50 --> =================== DL_auth-> oauth::CALLBACK - kakao param=:: state=
DEBUG - 2022-11-08 15:24:50 --> =================== DL_auth-> oauth::CALLBACK - kakao param=:: code=yOZxuk7y2dMn9g4sbschrw_KXTdvSt30x6DEfrg5poBXDkC38J2m3i5qrXK4QAVvBd6bEwopyWAAAAGEVemztQ
DEBUG - 2022-11-08 15:24:50 --> =================== DL_auth -> kakao oauth :2: code=yOZxuk7y2dMn9g4sbschrw_KXTdvSt30x6DEfrg5poBXDkC38J2m3i5qrXK4QAVvBd6bEwopyWAAAAGEVemztQ
DEBUG - 2022-11-08 15:24:50 --> ====================Dl_auth -> kakao_login :: 시작
DEBUG - 2022-11-08 15:24:50 --> ====================Dl_auth::kakao_login - 1.3.5- 사이트 회원정보 업데이트 성공(카카오 인증 완료) state=
DEBUG - 2022-11-08 15:24:51 --> UTF-8 Support Enabled
DEBUG - 2022-11-08 15:24:51 --> Global POST, GET and COOKIE data sanitized
DEBUG - 2022-11-08 15:24:51 --> Config file loaded: /hwonpark/www/application/config/tree.php
DEBUG - 2022-11-08 15:24:51 --> Encryption: Auto-configured driver 'openssl'.
DEBUG - 2022-11-08 15:24:51 --> Total execution time: 0.0333
DEBUG - 2022-11-08 15:24:53 --> UTF-8 Support Enabled
DEBUG - 2022-11-08 15:24:53 --> Global POST, GET and COOKIE data sanitized
DEBUG - 2022-11-08 15:24:53 --> Config file loaded: /hwonpark/www/application/config/tree.php
DEBUG - 2022-11-08 15:24:53 --> Encryption: Auto-configured driver 'openssl'.
DEBUG - 2022-11-08 15:24:53 --> Total execution time: 0.0312
DEBUG - 2022-11-08 15:24:55 --> UTF-8 Support Enabled
DEBUG - 2022-11-08 15:24:55 --> Global POST, GET and COOKIE data sanitized
DEBUG - 2022-11-08 15:24:55 --> Config file loaded: /hwonpark/www/application/config/tree.php
DEBUG - 2022-11-08 15:24:55 --> Encryption: Auto-configured driver 'openssl'.
DEBUG - 2022-11-08 15:24:55 --> Total execution time: 0.0994
DEBUG - 2022-11-08 15:29:36 --> UTF-8 Support Enabled
DEBUG - 2022-11-08 15:29:36 --> No URI present. Default controller set.
DEBUG - 2022-11-08 15:29:36 --> Global POST, GET and COOKIE data sanitized
DEBUG - 2022-11-08 15:29:36 --> Config file loaded: /hwonpark/www/application/config/tree.php
DEBUG - 2022-11-08 15:29:36 --> Total execution time: 0.0286
DEBUG - 2022-11-08 15:29:37 --> UTF-8 Support Enabled
DEBUG - 2022-11-08 15:29:37 --> Global POST, GET and COOKIE data sanitized
ERROR - 2022-11-08 15:29:37 --> 404 Page Not Found: Faviconico/index
DEBUG - 2022-11-08 15:29:51 --> UTF-8 Support Enabled
DEBUG - 2022-11-08 15:29:51 --> Global POST, GET and COOKIE data sanitized
DEBUG - 2022-11-08 15:29:51 --> Config file loaded: /hwonpark/www/application/config/tree.php
DEBUG - 2022-11-08 15:29:51 --> Total execution time: 0.0610
DEBUG - 2022-11-08 15:29:54 --> UTF-8 Support Enabled
DEBUG - 2022-11-08 15:29:54 --> No URI present. Default controller set.
DEBUG - 2022-11-08 15:29:54 --> Global POST, GET and COOKIE data sanitized
DEBUG - 2022-11-08 15:29:54 --> Config file loaded: /hwonpark/www/application/config/tree.php
DEBUG - 2022-11-08 15:29:54 --> Total execution time: 0.0630
DEBUG - 2022-11-08 15:30:45 --> UTF-8 Support Enabled
DEBUG - 2022-11-08 15:30:45 --> No URI present. Default controller set.
DEBUG - 2022-11-08 15:30:45 --> Global POST, GET and COOKIE data sanitized
DEBUG - 2022-11-08 15:30:45 --> Config file loaded: /hwonpark/www/application/config/tree.php
DEBUG - 2022-11-08 15:30:46 --> Total execution time: 0.0313
DEBUG - 2022-11-08 15:30:57 --> UTF-8 Support Enabled
DEBUG - 2022-11-08 15:30:57 --> Global POST, GET and COOKIE data sanitized
DEBUG - 2022-11-08 15:30:57 --> Config file loaded: /hwonpark/www/application/config/tree.php
DEBUG - 2022-11-08 15:30:57 --> --------------------DC_common::chk_perm - 1.인가코드요청 시작 -> if 인앱브라우저
DEBUG - 2022-11-08 15:30:58 --> UTF-8 Support Enabled
DEBUG - 2022-11-08 15:30:58 --> Global POST, GET and COOKIE data sanitized
DEBUG - 2022-11-08 15:30:58 --> Config file loaded: /hwonpark/www/application/config/tree.php
DEBUG - 2022-11-08 15:30:58 --> =================== DL_auth-> oauth::CALLBACK - 시작
DEBUG - 2022-11-08 15:30:58 --> =================== DL_auth-> oauth::CALLBACK - kakao param=:: error=
DEBUG - 2022-11-08 15:30:58 --> =================== DL_auth-> oauth::CALLBACK - kakao param=:: state=/ko/lawmaking/view?idx=81
DEBUG - 2022-11-08 15:30:58 --> =================== DL_auth-> oauth::CALLBACK - kakao param=:: code=mkw7Zy95z8GCqRjcss9H1G__Od9GJckzt0d8kNxbK8sRnGxo4PrqnHwApnnkj8SZj-tvQgopcBQAAAGEVe9R2w
DEBUG - 2022-11-08 15:30:58 --> =================== DL_auth -> kakao oauth :2: code=mkw7Zy95z8GCqRjcss9H1G__Od9GJckzt0d8kNxbK8sRnGxo4PrqnHwApnnkj8SZj-tvQgopcBQAAAGEVe9R2w
DEBUG - 2022-11-08 15:30:58 --> ====================Dl_auth -> kakao_login :: 시작
DEBUG - 2022-11-08 15:30:58 --> --------------------Dl_auth::kakao_login - 1.토큰요청 시작
DEBUG - 2022-11-08 15:30:58 --> Dl_auth::kakao_login - get_token 시작 n=2
DEBUG - 2022-11-08 15:30:58 --> --------------------Dl_auth::kakao_login - 1.2.토큰요청 시작 -> 기타브라우저
DEBUG - 2022-11-08 15:30:58 --> --------------------Dl_auth::kakao_login - 1.3.토큰요청
DEBUG - 2022-11-08 15:30:58 --> --------------------Dl_auth::kakao_login - 1.4.토큰요청 -> 성공
DEBUG - 2022-11-08 15:30:58 --> UTF-8 Support Enabled
DEBUG - 2022-11-08 15:30:58 --> Global POST, GET and COOKIE data sanitized
DEBUG - 2022-11-08 15:30:58 --> Config file loaded: /hwonpark/www/application/config/tree.php
DEBUG - 2022-11-08 15:30:58 --> =================== DL_auth-> oauth::CALLBACK - 시작
DEBUG - 2022-11-08 15:30:58 --> =================== DL_auth-> oauth::CALLBACK - kakao param=:: error=
DEBUG - 2022-11-08 15:30:58 --> =================== DL_auth-> oauth::CALLBACK - kakao param=:: state=/ko/lawmaking/view?idx=81
DEBUG - 2022-11-08 15:30:58 --> =================== DL_auth-> oauth::CALLBACK - kakao param=:: code=mkw7Zy95z8GCqRjcss9H1G__Od9GJckzt0d8kNxbK8sRnGxo4PrqnHwApnnkj8SZj-tvQgopcBQAAAGEVe9R2w
DEBUG - 2022-11-08 15:30:58 --> =================== DL_auth -> kakao oauth :2: code=mkw7Zy95z8GCqRjcss9H1G__Od9GJckzt0d8kNxbK8sRnGxo4PrqnHwApnnkj8SZj-tvQgopcBQAAAGEVe9R2w
DEBUG - 2022-11-08 15:30:58 --> ====================Dl_auth -> kakao_login :: 시작
DEBUG - 2022-11-08 15:31:00 --> UTF-8 Support Enabled
DEBUG - 2022-11-08 15:31:00 --> Global POST, GET and COOKIE data sanitized
DEBUG - 2022-11-08 15:31:00 --> Config file loaded: /hwonpark/www/application/config/tree.php
DEBUG - 2022-11-08 15:31:00 --> Total execution time: 0.0358
DEBUG - 2022-11-08 16:36:22 --> UTF-8 Support Enabled
DEBUG - 2022-11-08 16:36:22 --> Global POST, GET and COOKIE data sanitized
DEBUG - 2022-11-08 16:36:22 --> Config file loaded: /hwonpark/www/application/config/tree.php
DEBUG - 2022-11-08 16:36:22 --> Total execution time: 0.0576
DEBUG - 2022-11-08 17:25:48 --> UTF-8 Support Enabled
DEBUG - 2022-11-08 17:25:48 --> Global POST, GET and COOKIE data sanitized
DEBUG - 2022-11-08 17:25:48 --> Config file loaded: /hwonpark/www/application/config/tree.php
DEBUG - 2022-11-08 17:25:48 --> Total execution time: 0.0301
DEBUG - 2022-11-08 17:25:54 --> UTF-8 Support Enabled
DEBUG - 2022-11-08 17:25:54 --> Global POST, GET and COOKIE data sanitized
DEBUG - 2022-11-08 17:25:54 --> Config file loaded: /hwonpark/www/application/config/tree.php
DEBUG - 2022-11-08 17:25:54 --> UTF-8 Support Enabled
DEBUG - 2022-11-08 17:25:54 --> Global POST, GET and COOKIE data sanitized
DEBUG - 2022-11-08 17:25:54 --> Config file loaded: /hwonpark/www/application/config/tree.php
DEBUG - 2022-11-08 17:25:55 --> Encryption: Auto-configured driver 'openssl'.
DEBUG - 2022-11-08 17:25:55 --> UTF-8 Support Enabled
DEBUG - 2022-11-08 17:25:55 --> Global POST, GET and COOKIE data sanitized
DEBUG - 2022-11-08 17:25:55 --> Config file loaded: /hwonpark/www/application/config/tree.php
DEBUG - 2022-11-08 17:25:55 --> Encryption: Auto-configured driver 'openssl'.
DEBUG - 2022-11-08 17:25:55 --> Encryption class already loaded. Second attempt ignored.
DEBUG - 2022-11-08 17:25:55 --> Total execution time: 0.0500
DEBUG - 2022-11-08 17:25:56 --> UTF-8 Support Enabled
DEBUG - 2022-11-08 17:25:56 --> Global POST, GET and COOKIE data sanitized
DEBUG - 2022-11-08 17:25:56 --> Config file loaded: /hwonpark/www/application/config/tree.php
DEBUG - 2022-11-08 17:25:56 --> Encryption: Auto-configured driver 'openssl'.
DEBUG - 2022-11-08 17:25:56 --> Total execution time: 0.0689
DEBUG - 2022-11-08 17:25:58 --> UTF-8 Support Enabled
DEBUG - 2022-11-08 17:25:58 --> Global POST, GET and COOKIE data sanitized
DEBUG - 2022-11-08 17:25:58 --> Config file loaded: /hwonpark/www/application/config/tree.php
DEBUG - 2022-11-08 17:25:58 --> Encryption: Auto-configured driver 'openssl'.
DEBUG - 2022-11-08 17:25:58 --> Total execution time: 0.0739
DEBUG - 2022-11-08 17:26:08 --> UTF-8 Support Enabled
DEBUG - 2022-11-08 17:26:08 --> Global POST, GET and COOKIE data sanitized
DEBUG - 2022-11-08 17:26:08 --> Config file loaded: /hwonpark/www/application/config/tree.php
DEBUG - 2022-11-08 17:26:08 --> Encryption: Auto-configured driver 'openssl'.
DEBUG - 2022-11-08 17:26:08 --> Total execution time: 0.0788
DEBUG - 2022-11-08 17:26:37 --> UTF-8 Support Enabled
DEBUG - 2022-11-08 17:26:37 --> Global POST, GET and COOKIE data sanitized
DEBUG - 2022-11-08 17:26:37 --> Config file loaded: /hwonpark/www/application/config/tree.php
DEBUG - 2022-11-08 17:26:37 --> Encryption: Auto-configured driver 'openssl'.
DEBUG - 2022-11-08 17:26:38 --> UTF-8 Support Enabled
DEBUG - 2022-11-08 17:26:38 --> Global POST, GET and COOKIE data sanitized
DEBUG - 2022-11-08 17:26:38 --> Config file loaded: /hwonpark/www/application/config/tree.php
DEBUG - 2022-11-08 17:26:38 --> Encryption: Auto-configured driver 'openssl'.
DEBUG - 2022-11-08 17:26:38 --> Total execution time: 0.0343
DEBUG - 2022-11-08 17:26:40 --> UTF-8 Support Enabled
DEBUG - 2022-11-08 17:26:40 --> Global POST, GET and COOKIE data sanitized
DEBUG - 2022-11-08 17:26:40 --> Config file loaded: /hwonpark/www/application/config/tree.php
DEBUG - 2022-11-08 17:26:40 --> Encryption: Auto-configured driver 'openssl'.
DEBUG - 2022-11-08 17:26:40 --> Total execution time: 0.0773
DEBUG - 2022-11-08 17:26:42 --> UTF-8 Support Enabled
DEBUG - 2022-11-08 17:26:42 --> Global POST, GET and COOKIE data sanitized
DEBUG - 2022-11-08 17:26:42 --> Config file loaded: /hwonpark/www/application/config/tree.php
DEBUG - 2022-11-08 17:26:42 --> Encryption: Auto-configured driver 'openssl'.
DEBUG - 2022-11-08 17:26:42 --> Total execution time: 0.0347
DEBUG - 2022-11-08 17:26:43 --> UTF-8 Support Enabled
DEBUG - 2022-11-08 17:26:43 --> Global POST, GET and COOKIE data sanitized
DEBUG - 2022-11-08 17:26:43 --> Config file loaded: /hwonpark/www/application/config/tree.php
DEBUG - 2022-11-08 17:26:43 --> Encryption: Auto-configured driver 'openssl'.
DEBUG - 2022-11-08 17:26:43 --> Total execution time: 0.0427
DEBUG - 2022-11-08 17:26:45 --> UTF-8 Support Enabled
DEBUG - 2022-11-08 17:26:45 --> Global POST, GET and COOKIE data sanitized
DEBUG - 2022-11-08 17:26:45 --> Config file loaded: /hwonpark/www/application/config/tree.php
DEBUG - 2022-11-08 17:26:45 --> Encryption: Auto-configured driver 'openssl'.
DEBUG - 2022-11-08 17:26:45 --> Total execution time: 0.0360
DEBUG - 2022-11-08 17:26:46 --> UTF-8 Support Enabled
DEBUG - 2022-11-08 17:26:46 --> Global POST, GET and COOKIE data sanitized
DEBUG - 2022-11-08 17:26:46 --> Config file loaded: /hwonpark/www/application/config/tree.php
DEBUG - 2022-11-08 17:26:46 --> Encryption: Auto-configured driver 'openssl'.
DEBUG - 2022-11-08 17:26:46 --> Total execution time: 0.0763
DEBUG - 2022-11-08 17:26:50 --> UTF-8 Support Enabled
DEBUG - 2022-11-08 17:26:50 --> Global POST, GET and COOKIE data sanitized
DEBUG - 2022-11-08 17:26:50 --> Config file loaded: /hwonpark/www/application/config/tree.php
DEBUG - 2022-11-08 17:26:50 --> Encryption: Auto-configured driver 'openssl'.
DEBUG - 2022-11-08 17:26:50 --> Total execution time: 0.0515
DEBUG - 2022-11-08 17:35:12 --> UTF-8 Support Enabled
DEBUG - 2022-11-08 17:35:12 --> Global POST, GET and COOKIE data sanitized
DEBUG - 2022-11-08 17:35:12 --> Config file loaded: /hwonpark/www/application/config/tree.php
DEBUG - 2022-11-08 17:35:12 --> Total execution time: 0.0304
DEBUG - 2022-11-08 17:35:44 --> UTF-8 Support Enabled
DEBUG - 2022-11-08 17:35:44 --> Global POST, GET and COOKIE data sanitized
DEBUG - 2022-11-08 17:35:44 --> Config file loaded: /hwonpark/www/application/config/tree.php
DEBUG - 2022-11-08 17:36:04 --> UTF-8 Support Enabled
DEBUG - 2022-11-08 17:36:04 --> Global POST, GET and COOKIE data sanitized
DEBUG - 2022-11-08 17:36:04 --> Config file loaded: /hwonpark/www/application/config/tree.php
DEBUG - 2022-11-08 17:36:04 --> Encryption: Auto-configured driver 'openssl'.
DEBUG - 2022-11-08 17:36:04 --> UTF-8 Support Enabled
DEBUG - 2022-11-08 17:36:04 --> Global POST, GET and COOKIE data sanitized
DEBUG - 2022-11-08 17:36:04 --> Config file loaded: /hwonpark/www/application/config/tree.php
DEBUG - 2022-11-08 17:36:04 --> Encryption: Auto-configured driver 'openssl'.
DEBUG - 2022-11-08 17:36:04 --> Encryption class already loaded. Second attempt ignored.
DEBUG - 2022-11-08 17:36:04 --> Total execution time: 0.0381
DEBUG - 2022-11-08 17:36:38 --> UTF-8 Support Enabled
DEBUG - 2022-11-08 17:36:38 --> Global POST, GET and COOKIE data sanitized
DEBUG - 2022-11-08 17:36:39 --> Config file loaded: /hwonpark/www/application/config/tree.php
DEBUG - 2022-11-08 17:36:39 --> Encryption: Auto-configured driver 'openssl'.
DEBUG - 2022-11-08 17:36:39 --> Total execution time: 0.0578
DEBUG - 2022-11-08 17:36:42 --> UTF-8 Support Enabled
DEBUG - 2022-11-08 17:36:42 --> Global POST, GET and COOKIE data sanitized
DEBUG - 2022-11-08 17:36:42 --> Config file loaded: /hwonpark/www/application/config/tree.php
DEBUG - 2022-11-08 17:36:42 --> Encryption: Auto-configured driver 'openssl'.
DEBUG - 2022-11-08 17:36:42 --> Total execution time: 0.0475
DEBUG - 2022-11-08 17:36:55 --> UTF-8 Support Enabled
DEBUG - 2022-11-08 17:36:55 --> Global POST, GET and COOKIE data sanitized
DEBUG - 2022-11-08 17:36:55 --> Config file loaded: /hwonpark/www/application/config/tree.php
DEBUG - 2022-11-08 17:36:55 --> Encryption: Auto-configured driver 'openssl'.
DEBUG - 2022-11-08 17:36:55 --> Total execution time: 0.0512
DEBUG - 2022-11-08 17:36:59 --> UTF-8 Support Enabled
DEBUG - 2022-11-08 17:36:59 --> Global POST, GET and COOKIE data sanitized
DEBUG - 2022-11-08 17:36:59 --> Config file loaded: /hwonpark/www/application/config/tree.php
DEBUG - 2022-11-08 17:36:59 --> Encryption: Auto-configured driver 'openssl'.
DEBUG - 2022-11-08 17:36:59 --> Total execution time: 0.0497
DEBUG - 2022-11-08 17:41:25 --> UTF-8 Support Enabled
DEBUG - 2022-11-08 17:41:25 --> Global POST, GET and COOKIE data sanitized
DEBUG - 2022-11-08 17:41:25 --> Config file loaded: /hwonpark/www/application/config/tree.php
DEBUG - 2022-11-08 17:41:25 --> Encryption: Auto-configured driver 'openssl'.
DEBUG - 2022-11-08 17:41:27 --> UTF-8 Support Enabled
DEBUG - 2022-11-08 17:41:27 --> Global POST, GET and COOKIE data sanitized
DEBUG - 2022-11-08 17:41:27 --> Config file loaded: /hwonpark/www/application/config/tree.php
DEBUG - 2022-11-08 17:41:27 --> Encryption: Auto-configured driver 'openssl'.
DEBUG - 2022-11-08 17:41:27 --> Total execution time: 0.0603
DEBUG - 2022-11-08 17:41:37 --> UTF-8 Support Enabled
DEBUG - 2022-11-08 17:41:37 --> Global POST, GET and COOKIE data sanitized
DEBUG - 2022-11-08 17:41:37 --> Config file loaded: /hwonpark/www/application/config/tree.php
DEBUG - 2022-11-08 17:41:37 --> Encryption: Auto-configured driver 'openssl'.
DEBUG - 2022-11-08 17:41:37 --> Total execution time: 0.0616
DEBUG - 2022-11-08 17:41:39 --> UTF-8 Support Enabled
DEBUG - 2022-11-08 17:41:39 --> Global POST, GET and COOKIE data sanitized
DEBUG - 2022-11-08 17:41:39 --> Config file loaded: /hwonpark/www/application/config/tree.php
DEBUG - 2022-11-08 17:41:39 --> Encryption: Auto-configured driver 'openssl'.
DEBUG - 2022-11-08 17:41:39 --> Total execution time: 0.0901
DEBUG - 2022-11-08 17:41:53 --> UTF-8 Support Enabled
DEBUG - 2022-11-08 17:41:53 --> Global POST, GET and COOKIE data sanitized
DEBUG - 2022-11-08 17:41:53 --> Config file loaded: /hwonpark/www/application/config/tree.php
DEBUG - 2022-11-08 17:41:53 --> Encryption: Auto-configured driver 'openssl'.
DEBUG - 2022-11-08 17:41:53 --> UTF-8 Support Enabled
DEBUG - 2022-11-08 17:41:53 --> Global POST, GET and COOKIE data sanitized
DEBUG - 2022-11-08 17:41:53 --> Config file loaded: /hwonpark/www/application/config/tree.php
DEBUG - 2022-11-08 17:41:53 --> Encryption: Auto-configured driver 'openssl'.
DEBUG - 2022-11-08 17:41:53 --> Total execution time: 0.0409
DEBUG - 2022-11-08 17:42:00 --> UTF-8 Support Enabled
DEBUG - 2022-11-08 17:42:00 --> Global POST, GET and COOKIE data sanitized
DEBUG - 2022-11-08 17:42:00 --> Config file loaded: /hwonpark/www/application/config/tree.php
DEBUG - 2022-11-08 17:42:00 --> Encryption: Auto-configured driver 'openssl'.
DEBUG - 2022-11-08 17:42:00 --> Total execution time: 0.0895
DEBUG - 2022-11-08 17:42:02 --> UTF-8 Support Enabled
DEBUG - 2022-11-08 17:42:02 --> Global POST, GET and COOKIE data sanitized
DEBUG - 2022-11-08 17:42:02 --> Config file loaded: /hwonpark/www/application/config/tree.php
DEBUG - 2022-11-08 17:42:02 --> Encryption: Auto-configured driver 'openssl'.
DEBUG - 2022-11-08 17:42:02 --> Total execution time: 0.0884
DEBUG - 2022-11-08 17:42:11 --> UTF-8 Support Enabled
DEBUG - 2022-11-08 17:42:11 --> Global POST, GET and COOKIE data sanitized
DEBUG - 2022-11-08 17:42:11 --> Config file loaded: /hwonpark/www/application/config/tree.php
DEBUG - 2022-11-08 17:42:11 --> Encryption: Auto-configured driver 'openssl'.
DEBUG - 2022-11-08 17:42:11 --> UTF-8 Support Enabled
DEBUG - 2022-11-08 17:42:11 --> Global POST, GET and COOKIE data sanitized
DEBUG - 2022-11-08 17:42:11 --> Config file loaded: /hwonpark/www/application/config/tree.php
DEBUG - 2022-11-08 17:42:11 --> Encryption: Auto-configured driver 'openssl'.
DEBUG - 2022-11-08 17:42:11 --> Total execution time: 0.0383
DEBUG - 2022-11-08 17:42:29 --> UTF-8 Support Enabled
DEBUG - 2022-11-08 17:42:29 --> Global POST, GET and COOKIE data sanitized
DEBUG - 2022-11-08 17:42:29 --> Config file loaded: /hwonpark/www/application/config/tree.php
DEBUG - 2022-11-08 17:42:29 --> Encryption: Auto-configured driver 'openssl'.
DEBUG - 2022-11-08 17:42:29 --> Total execution time: 0.1368
DEBUG - 2022-11-08 17:42:45 --> UTF-8 Support Enabled
DEBUG - 2022-11-08 17:42:45 --> Global POST, GET and COOKIE data sanitized
DEBUG - 2022-11-08 17:42:45 --> Config file loaded: /hwonpark/www/application/config/tree.php
DEBUG - 2022-11-08 17:42:45 --> Encryption: Auto-configured driver 'openssl'.
DEBUG - 2022-11-08 17:42:45 --> Total execution time: 0.0464
DEBUG - 2022-11-08 17:42:47 --> UTF-8 Support Enabled
DEBUG - 2022-11-08 17:42:47 --> Global POST, GET and COOKIE data sanitized
DEBUG - 2022-11-08 17:42:47 --> Config file loaded: /hwonpark/www/application/config/tree.php
DEBUG - 2022-11-08 17:42:47 --> Encryption: Auto-configured driver 'openssl'.
DEBUG - 2022-11-08 17:42:47 --> Total execution time: 0.1810
DEBUG - 2022-11-08 17:42:51 --> UTF-8 Support Enabled
DEBUG - 2022-11-08 17:42:51 --> Global POST, GET and COOKIE data sanitized
DEBUG - 2022-11-08 17:42:51 --> Config file loaded: /hwonpark/www/application/config/tree.php
DEBUG - 2022-11-08 17:42:51 --> Encryption: Auto-configured driver 'openssl'.
DEBUG - 2022-11-08 17:42:51 --> Total execution time: 0.0375
DEBUG - 2022-11-08 17:42:53 --> UTF-8 Support Enabled
DEBUG - 2022-11-08 17:42:53 --> Global POST, GET and COOKIE data sanitized
DEBUG - 2022-11-08 17:42:53 --> Config file loaded: /hwonpark/www/application/config/tree.php
DEBUG - 2022-11-08 17:42:53 --> Encryption: Auto-configured driver 'openssl'.
DEBUG - 2022-11-08 17:42:53 --> Total execution time: 0.1237
DEBUG - 2022-11-08 17:42:57 --> UTF-8 Support Enabled
DEBUG - 2022-11-08 17:42:57 --> Global POST, GET and COOKIE data sanitized
DEBUG - 2022-11-08 17:42:57 --> Config file loaded: /hwonpark/www/application/config/tree.php
DEBUG - 2022-11-08 17:42:57 --> Encryption: Auto-configured driver 'openssl'.
DEBUG - 2022-11-08 17:42:57 --> Total execution time: 0.0575
DEBUG - 2022-11-08 17:43:01 --> UTF-8 Support Enabled
DEBUG - 2022-11-08 17:43:01 --> Global POST, GET and COOKIE data sanitized
DEBUG - 2022-11-08 17:43:01 --> Config file loaded: /hwonpark/www/application/config/tree.php
DEBUG - 2022-11-08 17:43:01 --> Encryption: Auto-configured driver 'openssl'.
DEBUG - 2022-11-08 17:43:02 --> Total execution time: 0.1511
DEBUG - 2022-11-08 17:43:08 --> UTF-8 Support Enabled
DEBUG - 2022-11-08 17:43:08 --> Global POST, GET and COOKIE data sanitized
DEBUG - 2022-11-08 17:43:08 --> Config file loaded: /hwonpark/www/application/config/tree.php
DEBUG - 2022-11-08 17:43:08 --> Encryption: Auto-configured driver 'openssl'.
DEBUG - 2022-11-08 17:43:08 --> UTF-8 Support Enabled
DEBUG - 2022-11-08 17:43:08 --> Global POST, GET and COOKIE data sanitized
DEBUG - 2022-11-08 17:43:08 --> Config file loaded: /hwonpark/www/application/config/tree.php
DEBUG - 2022-11-08 17:43:08 --> Encryption: Auto-configured driver 'openssl'.
DEBUG - 2022-11-08 17:43:08 --> Total execution time: 0.0350
DEBUG - 2022-11-08 17:43:13 --> UTF-8 Support Enabled
DEBUG - 2022-11-08 17:43:13 --> Global POST, GET and COOKIE data sanitized
DEBUG - 2022-11-08 17:43:13 --> Config file loaded: /hwonpark/www/application/config/tree.php
DEBUG - 2022-11-08 17:43:13 --> Encryption: Auto-configured driver 'openssl'.
DEBUG - 2022-11-08 17:43:13 --> Total execution time: 0.1112
DEBUG - 2022-11-08 17:43:16 --> UTF-8 Support Enabled
DEBUG - 2022-11-08 17:43:16 --> Global POST, GET and COOKIE data sanitized
DEBUG - 2022-11-08 17:43:16 --> Config file loaded: /hwonpark/www/application/config/tree.php
DEBUG - 2022-11-08 17:43:16 --> Encryption: Auto-configured driver 'openssl'.
DEBUG - 2022-11-08 17:43:17 --> Total execution time: 0.1409
DEBUG - 2022-11-08 17:43:25 --> UTF-8 Support Enabled
DEBUG - 2022-11-08 17:43:25 --> Global POST, GET and COOKIE data sanitized
DEBUG - 2022-11-08 17:43:25 --> Config file loaded: /hwonpark/www/application/config/tree.php
DEBUG - 2022-11-08 17:43:25 --> Encryption: Auto-configured driver 'openssl'.
DEBUG - 2022-11-08 17:43:25 --> UTF-8 Support Enabled
DEBUG - 2022-11-08 17:43:25 --> Global POST, GET and COOKIE data sanitized
DEBUG - 2022-11-08 17:43:25 --> Config file loaded: /hwonpark/www/application/config/tree.php
DEBUG - 2022-11-08 17:43:25 --> Encryption: Auto-configured driver 'openssl'.
DEBUG - 2022-11-08 17:43:25 --> Total execution time: 0.0360
DEBUG - 2022-11-08 17:43:36 --> UTF-8 Support Enabled
DEBUG - 2022-11-08 17:43:36 --> Global POST, GET and COOKIE data sanitized
DEBUG - 2022-11-08 17:43:36 --> Config file loaded: /hwonpark/www/application/config/tree.php
DEBUG - 2022-11-08 17:43:36 --> Encryption: Auto-configured driver 'openssl'.
DEBUG - 2022-11-08 17:43:36 --> Total execution time: 0.1316
DEBUG - 2022-11-08 17:43:38 --> UTF-8 Support Enabled
DEBUG - 2022-11-08 17:43:38 --> Global POST, GET and COOKIE data sanitized
DEBUG - 2022-11-08 17:43:38 --> Config file loaded: /hwonpark/www/application/config/tree.php
DEBUG - 2022-11-08 17:43:38 --> Encryption: Auto-configured driver 'openssl'.
DEBUG - 2022-11-08 17:43:38 --> Total execution time: 0.1134
DEBUG - 2022-11-08 17:43:44 --> UTF-8 Support Enabled
DEBUG - 2022-11-08 17:43:44 --> Global POST, GET and COOKIE data sanitized
DEBUG - 2022-11-08 17:43:44 --> Config file loaded: /hwonpark/www/application/config/tree.php
DEBUG - 2022-11-08 17:43:44 --> Encryption: Auto-configured driver 'openssl'.
DEBUG - 2022-11-08 17:43:45 --> UTF-8 Support Enabled
DEBUG - 2022-11-08 17:43:45 --> Global POST, GET and COOKIE data sanitized
DEBUG - 2022-11-08 17:43:45 --> Config file loaded: /hwonpark/www/application/config/tree.php
DEBUG - 2022-11-08 17:43:45 --> Encryption: Auto-configured driver 'openssl'.
DEBUG - 2022-11-08 17:43:45 --> Total execution time: 0.0358
DEBUG - 2022-11-08 17:43:48 --> UTF-8 Support Enabled
DEBUG - 2022-11-08 17:43:48 --> Global POST, GET and COOKIE data sanitized
DEBUG - 2022-11-08 17:43:48 --> Config file loaded: /hwonpark/www/application/config/tree.php
DEBUG - 2022-11-08 17:43:48 --> Encryption: Auto-configured driver 'openssl'.
DEBUG - 2022-11-08 17:43:48 --> Total execution time: 0.0810
DEBUG - 2022-11-08 17:43:53 --> UTF-8 Support Enabled
DEBUG - 2022-11-08 17:43:53 --> Global POST, GET and COOKIE data sanitized
DEBUG - 2022-11-08 17:43:53 --> Config file loaded: /hwonpark/www/application/config/tree.php
DEBUG - 2022-11-08 17:43:53 --> Encryption: Auto-configured driver 'openssl'.
DEBUG - 2022-11-08 17:43:53 --> Total execution time: 0.1123
DEBUG - 2022-11-08 17:43:57 --> UTF-8 Support Enabled
DEBUG - 2022-11-08 17:43:57 --> Global POST, GET and COOKIE data sanitized
DEBUG - 2022-11-08 17:43:57 --> Config file loaded: /hwonpark/www/application/config/tree.php
DEBUG - 2022-11-08 17:43:57 --> Encryption: Auto-configured driver 'openssl'.
DEBUG - 2022-11-08 17:43:57 --> UTF-8 Support Enabled
DEBUG - 2022-11-08 17:43:57 --> Global POST, GET and COOKIE data sanitized
DEBUG - 2022-11-08 17:43:57 --> Config file loaded: /hwonpark/www/application/config/tree.php
DEBUG - 2022-11-08 17:43:57 --> Encryption: Auto-configured driver 'openssl'.
DEBUG - 2022-11-08 17:43:57 --> Total execution time: 0.0341
DEBUG - 2022-11-08 17:44:05 --> UTF-8 Support Enabled
DEBUG - 2022-11-08 17:44:05 --> Global POST, GET and COOKIE data sanitized
DEBUG - 2022-11-08 17:44:05 --> Config file loaded: /hwonpark/www/application/config/tree.php
DEBUG - 2022-11-08 17:44:05 --> Encryption: Auto-configured driver 'openssl'.
DEBUG - 2022-11-08 17:44:05 --> Total execution time: 0.0793
DEBUG - 2022-11-08 17:44:07 --> UTF-8 Support Enabled
DEBUG - 2022-11-08 17:44:07 --> Global POST, GET and COOKIE data sanitized
DEBUG - 2022-11-08 17:44:07 --> Config file loaded: /hwonpark/www/application/config/tree.php
DEBUG - 2022-11-08 17:44:07 --> Encryption: Auto-configured driver 'openssl'.
DEBUG - 2022-11-08 17:44:07 --> Total execution time: 0.1057
DEBUG - 2022-11-08 17:44:15 --> UTF-8 Support Enabled
DEBUG - 2022-11-08 17:44:15 --> Global POST, GET and COOKIE data sanitized
DEBUG - 2022-11-08 17:44:15 --> Config file loaded: /hwonpark/www/application/config/tree.php
DEBUG - 2022-11-08 17:44:15 --> Encryption: Auto-configured driver 'openssl'.
DEBUG - 2022-11-08 17:44:15 --> UTF-8 Support Enabled
DEBUG - 2022-11-08 17:44:15 --> Global POST, GET and COOKIE data sanitized
DEBUG - 2022-11-08 17:44:15 --> Config file loaded: /hwonpark/www/application/config/tree.php
DEBUG - 2022-11-08 17:44:15 --> Encryption: Auto-configured driver 'openssl'.
DEBUG - 2022-11-08 17:44:15 --> Total execution time: 0.0361
DEBUG - 2022-11-08 17:44:35 --> UTF-8 Support Enabled
DEBUG - 2022-11-08 17:44:35 --> Global POST, GET and COOKIE data sanitized
DEBUG - 2022-11-08 17:44:35 --> Config file loaded: /hwonpark/www/application/config/tree.php
DEBUG - 2022-11-08 17:44:35 --> Encryption: Auto-configured driver 'openssl'.
DEBUG - 2022-11-08 17:44:35 --> Total execution time: 0.0458
DEBUG - 2022-11-08 17:44:36 --> UTF-8 Support Enabled
DEBUG - 2022-11-08 17:44:36 --> Global POST, GET and COOKIE data sanitized
DEBUG - 2022-11-08 17:44:37 --> Config file loaded: /hwonpark/www/application/config/tree.php
DEBUG - 2022-11-08 17:44:37 --> Encryption: Auto-configured driver 'openssl'.
DEBUG - 2022-11-08 17:44:37 --> Total execution time: 0.0869
DEBUG - 2022-11-08 17:44:47 --> UTF-8 Support Enabled
DEBUG - 2022-11-08 17:44:47 --> Global POST, GET and COOKIE data sanitized
DEBUG - 2022-11-08 17:44:47 --> Config file loaded: /hwonpark/www/application/config/tree.php
DEBUG - 2022-11-08 17:44:47 --> Encryption: Auto-configured driver 'openssl'.
DEBUG - 2022-11-08 17:44:47 --> UTF-8 Support Enabled
DEBUG - 2022-11-08 17:44:47 --> Global POST, GET and COOKIE data sanitized
DEBUG - 2022-11-08 17:44:47 --> Config file loaded: /hwonpark/www/application/config/tree.php
DEBUG - 2022-11-08 17:44:47 --> Encryption: Auto-configured driver 'openssl'.
DEBUG - 2022-11-08 17:44:47 --> Total execution time: 0.0488
DEBUG - 2022-11-08 17:44:50 --> UTF-8 Support Enabled
DEBUG - 2022-11-08 17:44:50 --> Global POST, GET and COOKIE data sanitized
DEBUG - 2022-11-08 17:44:50 --> Config file loaded: /hwonpark/www/application/config/tree.php
DEBUG - 2022-11-08 17:44:50 --> Encryption: Auto-configured driver 'openssl'.
DEBUG - 2022-11-08 17:44:50 --> Total execution time: 0.0857
DEBUG - 2022-11-08 17:46:25 --> UTF-8 Support Enabled
DEBUG - 2022-11-08 17:46:25 --> Global POST, GET and COOKIE data sanitized
DEBUG - 2022-11-08 17:46:25 --> Config file loaded: /hwonpark/www/application/config/tree.php
DEBUG - 2022-11-08 17:46:25 --> Encryption: Auto-configured driver 'openssl'.
DEBUG - 2022-11-08 17:46:25 --> Total execution time: 0.0918
DEBUG - 2022-11-08 17:46:52 --> UTF-8 Support Enabled
DEBUG - 2022-11-08 17:46:52 --> Global POST, GET and COOKIE data sanitized
DEBUG - 2022-11-08 17:46:52 --> Config file loaded: /hwonpark/www/application/config/tree.php
DEBUG - 2022-11-08 17:46:52 --> Encryption: Auto-configured driver 'openssl'.
DEBUG - 2022-11-08 17:46:52 --> 업로드하려는 파일 유형은 허용되지 않습니다.
ERROR - 2022-11-08 17:46:52 --> 404 Page Not Found: 
DEBUG - 2022-11-08 17:46:58 --> UTF-8 Support Enabled
DEBUG - 2022-11-08 17:46:58 --> Global POST, GET and COOKIE data sanitized
DEBUG - 2022-11-08 17:46:58 --> Config file loaded: /hwonpark/www/application/config/tree.php
DEBUG - 2022-11-08 17:46:58 --> Encryption: Auto-configured driver 'openssl'.
DEBUG - 2022-11-08 17:46:58 --> Total execution time: 0.0806
DEBUG - 2022-11-08 17:47:01 --> UTF-8 Support Enabled
DEBUG - 2022-11-08 17:47:01 --> Global POST, GET and COOKIE data sanitized
DEBUG - 2022-11-08 17:47:01 --> Config file loaded: /hwonpark/www/application/config/tree.php
DEBUG - 2022-11-08 17:47:01 --> Encryption: Auto-configured driver 'openssl'.
DEBUG - 2022-11-08 17:47:01 --> UTF-8 Support Enabled
DEBUG - 2022-11-08 17:47:01 --> Global POST, GET and COOKIE data sanitized
DEBUG - 2022-11-08 17:47:01 --> Config file loaded: /hwonpark/www/application/config/tree.php
DEBUG - 2022-11-08 17:47:01 --> Encryption: Auto-configured driver 'openssl'.
DEBUG - 2022-11-08 17:47:01 --> Total execution time: 0.0375
DEBUG - 2022-11-08 17:47:04 --> UTF-8 Support Enabled
DEBUG - 2022-11-08 17:47:04 --> Global POST, GET and COOKIE data sanitized
DEBUG - 2022-11-08 17:47:04 --> Config file loaded: /hwonpark/www/application/config/tree.php
DEBUG - 2022-11-08 17:47:04 --> Encryption: Auto-configured driver 'openssl'.
DEBUG - 2022-11-08 17:47:04 --> Total execution time: 0.0828
DEBUG - 2022-11-08 17:48:04 --> UTF-8 Support Enabled
DEBUG - 2022-11-08 17:48:04 --> Global POST, GET and COOKIE data sanitized
DEBUG - 2022-11-08 17:48:04 --> Config file loaded: /hwonpark/www/application/config/tree.php
DEBUG - 2022-11-08 17:48:04 --> Encryption: Auto-configured driver 'openssl'.
DEBUG - 2022-11-08 17:48:04 --> Total execution time: 0.0987
DEBUG - 2022-11-08 17:48:11 --> UTF-8 Support Enabled
DEBUG - 2022-11-08 17:48:12 --> Global POST, GET and COOKIE data sanitized
DEBUG - 2022-11-08 17:48:12 --> Config file loaded: /hwonpark/www/application/config/tree.php
DEBUG - 2022-11-08 17:48:13 --> UTF-8 Support Enabled
DEBUG - 2022-11-08 17:48:13 --> No URI present. Default controller set.
DEBUG - 2022-11-08 17:48:13 --> Global POST, GET and COOKIE data sanitized
DEBUG - 2022-11-08 17:48:13 --> Config file loaded: /hwonpark/www/application/config/tree.php
DEBUG - 2022-11-08 17:48:13 --> Total execution time: 0.0339
DEBUG - 2022-11-08 17:48:17 --> UTF-8 Support Enabled
DEBUG - 2022-11-08 17:48:17 --> Global POST, GET and COOKIE data sanitized
DEBUG - 2022-11-08 17:48:17 --> Config file loaded: /hwonpark/www/application/config/tree.php
DEBUG - 2022-11-08 17:48:17 --> Encryption: Auto-configured driver 'openssl'.
DEBUG - 2022-11-08 17:48:17 --> UTF-8 Support Enabled
DEBUG - 2022-11-08 17:48:17 --> Global POST, GET and COOKIE data sanitized
DEBUG - 2022-11-08 17:48:17 --> Config file loaded: /hwonpark/www/application/config/tree.php
DEBUG - 2022-11-08 17:48:17 --> Encryption: Auto-configured driver 'openssl'.
DEBUG - 2022-11-08 17:48:17 --> Total execution time: 0.0528
DEBUG - 2022-11-08 17:48:23 --> UTF-8 Support Enabled
DEBUG - 2022-11-08 17:48:23 --> Global POST, GET and COOKIE data sanitized
DEBUG - 2022-11-08 17:48:23 --> Config file loaded: /hwonpark/www/application/config/tree.php
DEBUG - 2022-11-08 17:48:23 --> Encryption: Auto-configured driver 'openssl'.
DEBUG - 2022-11-08 17:48:23 --> Total execution time: 0.1134
DEBUG - 2022-11-08 17:48:27 --> UTF-8 Support Enabled
DEBUG - 2022-11-08 17:48:27 --> Global POST, GET and COOKIE data sanitized
DEBUG - 2022-11-08 17:48:27 --> Config file loaded: /hwonpark/www/application/config/tree.php
DEBUG - 2022-11-08 17:48:27 --> Encryption: Auto-configured driver 'openssl'.
DEBUG - 2022-11-08 17:48:27 --> Total execution time: 0.0871
DEBUG - 2022-11-08 17:48:36 --> UTF-8 Support Enabled
DEBUG - 2022-11-08 17:48:36 --> Global POST, GET and COOKIE data sanitized
DEBUG - 2022-11-08 17:48:36 --> Config file loaded: /hwonpark/www/application/config/tree.php
DEBUG - 2022-11-08 17:48:36 --> Encryption: Auto-configured driver 'openssl'.
DEBUG - 2022-11-08 17:48:36 --> UTF-8 Support Enabled
DEBUG - 2022-11-08 17:48:36 --> Global POST, GET and COOKIE data sanitized
DEBUG - 2022-11-08 17:48:36 --> Config file loaded: /hwonpark/www/application/config/tree.php
DEBUG - 2022-11-08 17:48:36 --> Encryption: Auto-configured driver 'openssl'.
DEBUG - 2022-11-08 17:48:36 --> Total execution time: 0.0437
DEBUG - 2022-11-08 17:57:52 --> UTF-8 Support Enabled
DEBUG - 2022-11-08 17:57:52 --> Global POST, GET and COOKIE data sanitized
DEBUG - 2022-11-08 17:57:52 --> Config file loaded: /hwonpark/www/application/config/tree.php
DEBUG - 2022-11-08 17:57:52 --> Encryption: Auto-configured driver 'openssl'.
DEBUG - 2022-11-08 17:57:52 --> Total execution time: 0.1062
DEBUG - 2022-11-08 18:00:48 --> UTF-8 Support Enabled
DEBUG - 2022-11-08 18:00:48 --> No URI present. Default controller set.
DEBUG - 2022-11-08 18:00:48 --> Global POST, GET and COOKIE data sanitized
DEBUG - 2022-11-08 18:00:48 --> Config file loaded: /hwonpark/www/application/config/tree.php
DEBUG - 2022-11-08 18:00:48 --> Total execution time: 0.0336
