DEBUG - 2022-10-22 07:15:04 --> UTF-8 Support Enabled
DEBUG - 2022-10-22 07:15:04 --> No URI present. Default controller set.
DEBUG - 2022-10-22 07:15:04 --> Global POST, GET and COOKIE data sanitized
DEBUG - 2022-10-22 07:15:04 --> Config file loaded: /hwonpark/www/application/config/tree.php
DEBUG - 2022-10-22 07:15:04 --> Total execution time: 0.2670
DEBUG - 2022-10-22 10:31:18 --> UTF-8 Support Enabled
DEBUG - 2022-10-22 10:31:18 --> No URI present. Default controller set.
DEBUG - 2022-10-22 10:31:18 --> Global POST, GET and COOKIE data sanitized
DEBUG - 2022-10-22 10:31:18 --> Config file loaded: /hwonpark/www/application/config/tree.php
DEBUG - 2022-10-22 10:31:18 --> Total execution time: 0.1252
DEBUG - 2022-10-22 10:31:19 --> UTF-8 Support Enabled
DEBUG - 2022-10-22 10:31:19 --> Global POST, GET and COOKIE data sanitized
ERROR - 2022-10-22 10:31:19 --> 404 Page Not Found: Faviconico/index
DEBUG - 2022-10-22 10:32:02 --> UTF-8 Support Enabled
DEBUG - 2022-10-22 10:32:02 --> Global POST, GET and COOKIE data sanitized
DEBUG - 2022-10-22 10:32:02 --> Config file loaded: /hwonpark/www/application/config/tree.php
DEBUG - 2022-10-22 10:32:02 --> --------------------DC_common::chk_perm - 1.인가코드요청 시작 -> if 인앱브라우저
DEBUG - 2022-10-22 10:32:03 --> UTF-8 Support Enabled
DEBUG - 2022-10-22 10:32:03 --> Global POST, GET and COOKIE data sanitized
DEBUG - 2022-10-22 10:32:03 --> Config file loaded: /hwonpark/www/application/config/tree.php
DEBUG - 2022-10-22 10:32:03 --> =================== DL_auth-> oauth::CALLBACK - 시작
DEBUG - 2022-10-22 10:32:03 --> =================== DL_auth-> oauth::CALLBACK - kakao param=:: error=
DEBUG - 2022-10-22 10:32:03 --> =================== DL_auth-> oauth::CALLBACK - kakao param=:: state=/ko/brief/view?idx=33
DEBUG - 2022-10-22 10:32:03 --> =================== DL_auth-> oauth::CALLBACK - kakao param=:: code=GAYtgDjo4Nq4w3gl-6TVBkIYPRNbdGJYtTtRrlV1CvMEqBbJbheYiW1Qi5tbViHioYKaqQo9dJkAAAGD_VGKxQ
DEBUG - 2022-10-22 10:32:03 --> =================== DL_auth -> kakao oauth :2: code=GAYtgDjo4Nq4w3gl-6TVBkIYPRNbdGJYtTtRrlV1CvMEqBbJbheYiW1Qi5tbViHioYKaqQo9dJkAAAGD_VGKxQ
DEBUG - 2022-10-22 10:32:03 --> ====================Dl_auth -> kakao_login :: 시작
DEBUG - 2022-10-22 10:32:03 --> --------------------Dl_auth::kakao_login - 1.토큰요청 시작
DEBUG - 2022-10-22 10:32:03 --> Dl_auth::kakao_login - get_token 시작 n=2
DEBUG - 2022-10-22 10:32:03 --> --------------------Dl_auth::kakao_login - 1.2.토큰요청 시작 -> 기타브라우저
DEBUG - 2022-10-22 10:32:03 --> --------------------Dl_auth::kakao_login - 1.3.토큰요청
DEBUG - 2022-10-22 10:32:03 --> --------------------Dl_auth::kakao_login - 1.4.토큰요청 -> 성공
DEBUG - 2022-10-22 10:32:03 --> UTF-8 Support Enabled
DEBUG - 2022-10-22 10:32:03 --> Global POST, GET and COOKIE data sanitized
DEBUG - 2022-10-22 10:32:03 --> Config file loaded: /hwonpark/www/application/config/tree.php
DEBUG - 2022-10-22 10:32:03 --> =================== DL_auth-> oauth::CALLBACK - 시작
DEBUG - 2022-10-22 10:32:03 --> =================== DL_auth-> oauth::CALLBACK - kakao param=:: error=
DEBUG - 2022-10-22 10:32:03 --> =================== DL_auth-> oauth::CALLBACK - kakao param=:: state=/ko/brief/view?idx=33
DEBUG - 2022-10-22 10:32:03 --> =================== DL_auth-> oauth::CALLBACK - kakao param=:: code=GAYtgDjo4Nq4w3gl-6TVBkIYPRNbdGJYtTtRrlV1CvMEqBbJbheYiW1Qi5tbViHioYKaqQo9dJkAAAGD_VGKxQ
DEBUG - 2022-10-22 10:32:03 --> =================== DL_auth -> kakao oauth :2: code=GAYtgDjo4Nq4w3gl-6TVBkIYPRNbdGJYtTtRrlV1CvMEqBbJbheYiW1Qi5tbViHioYKaqQo9dJkAAAGD_VGKxQ
DEBUG - 2022-10-22 10:32:03 --> ====================Dl_auth -> kakao_login :: 시작
DEBUG - 2022-10-22 10:32:03 --> ====================Dl_auth::kakao_login - 1.3.5- 사이트 회원정보 업데이트 성공(카카오 인증 완료) state=/ko/brief/view?idx=33
DEBUG - 2022-10-22 10:32:03 --> UTF-8 Support Enabled
DEBUG - 2022-10-22 10:32:03 --> Global POST, GET and COOKIE data sanitized
DEBUG - 2022-10-22 10:32:03 --> Config file loaded: /hwonpark/www/application/config/tree.php
DEBUG - 2022-10-22 10:32:03 --> Encryption: Auto-configured driver 'openssl'.
DEBUG - 2022-10-22 10:32:03 --> --------------------DC_common::chk_perm - 1.인가코드요청 시작 -> if 인앱브라우저
DEBUG - 2022-10-22 10:32:03 --> Total execution time: 0.0920
DEBUG - 2022-10-22 10:32:07 --> UTF-8 Support Enabled
DEBUG - 2022-10-22 10:32:07 --> Global POST, GET and COOKIE data sanitized
DEBUG - 2022-10-22 10:32:07 --> Config file loaded: /hwonpark/www/application/config/tree.php
DEBUG - 2022-10-22 10:32:07 --> Encryption: Auto-configured driver 'openssl'.
DEBUG - 2022-10-22 10:32:07 --> --------------------DC_common::chk_perm - 1.인가코드요청 시작 -> if 인앱브라우저
DEBUG - 2022-10-22 10:32:07 --> Total execution time: 0.0507
DEBUG - 2022-10-22 12:58:50 --> UTF-8 Support Enabled
DEBUG - 2022-10-22 12:58:50 --> No URI present. Default controller set.
DEBUG - 2022-10-22 12:58:50 --> Global POST, GET and COOKIE data sanitized
DEBUG - 2022-10-22 12:58:50 --> Config file loaded: /hwonpark/www/application/config/tree.php
DEBUG - 2022-10-22 12:58:50 --> Total execution time: 0.0764
DEBUG - 2022-10-22 12:58:51 --> UTF-8 Support Enabled
DEBUG - 2022-10-22 12:58:51 --> Global POST, GET and COOKIE data sanitized
ERROR - 2022-10-22 12:58:51 --> 404 Page Not Found: Faviconico/index
DEBUG - 2022-10-22 12:58:53 --> UTF-8 Support Enabled
DEBUG - 2022-10-22 12:58:53 --> Global POST, GET and COOKIE data sanitized
DEBUG - 2022-10-22 12:58:53 --> Config file loaded: /hwonpark/www/application/config/tree.php
DEBUG - 2022-10-22 12:58:53 --> Total execution time: 0.0859
DEBUG - 2022-10-22 12:59:07 --> UTF-8 Support Enabled
DEBUG - 2022-10-22 12:59:07 --> Global POST, GET and COOKIE data sanitized
DEBUG - 2022-10-22 12:59:07 --> Config file loaded: /hwonpark/www/application/config/tree.php
DEBUG - 2022-10-22 12:59:07 --> Total execution time: 0.0364
DEBUG - 2022-10-22 16:21:01 --> UTF-8 Support Enabled
DEBUG - 2022-10-22 16:21:01 --> Global POST, GET and COOKIE data sanitized
DEBUG - 2022-10-22 16:21:01 --> Config file loaded: /hwonpark/www/application/config/tree.php
DEBUG - 2022-10-22 16:21:01 --> Total execution time: 0.2822
DEBUG - 2022-10-22 16:21:03 --> UTF-8 Support Enabled
DEBUG - 2022-10-22 16:21:03 --> Global POST, GET and COOKIE data sanitized
DEBUG - 2022-10-22 16:21:03 --> Config file loaded: /hwonpark/www/application/config/tree.php
DEBUG - 2022-10-22 16:21:03 --> Total execution time: 0.0452
DEBUG - 2022-10-22 16:21:17 --> UTF-8 Support Enabled
DEBUG - 2022-10-22 16:21:17 --> Global POST, GET and COOKIE data sanitized
DEBUG - 2022-10-22 16:21:17 --> Config file loaded: /hwonpark/www/application/config/tree.php
DEBUG - 2022-10-22 16:21:17 --> Total execution time: 0.0352
DEBUG - 2022-10-22 16:21:23 --> UTF-8 Support Enabled
DEBUG - 2022-10-22 16:21:23 --> Global POST, GET and COOKIE data sanitized
DEBUG - 2022-10-22 16:21:23 --> Config file loaded: /hwonpark/www/application/config/tree.php
DEBUG - 2022-10-22 16:21:24 --> UTF-8 Support Enabled
DEBUG - 2022-10-22 16:21:24 --> Global POST, GET and COOKIE data sanitized
DEBUG - 2022-10-22 16:21:24 --> Config file loaded: /hwonpark/www/application/config/tree.php
DEBUG - 2022-10-22 16:21:24 --> Total execution time: 0.0538
DEBUG - 2022-10-22 16:21:26 --> UTF-8 Support Enabled
DEBUG - 2022-10-22 16:21:26 --> Global POST, GET and COOKIE data sanitized
DEBUG - 2022-10-22 16:21:26 --> Config file loaded: /hwonpark/www/application/config/tree.php
DEBUG - 2022-10-22 16:21:26 --> =================== DL_auth-> oauth::CALLBACK - 시작
DEBUG - 2022-10-22 16:21:26 --> =================== DL_auth-> oauth::CALLBACK - kakao param=:: error=
DEBUG - 2022-10-22 16:21:26 --> =================== DL_auth-> oauth::CALLBACK - kakao param=:: state=
DEBUG - 2022-10-22 16:21:26 --> =================== DL_auth-> oauth::CALLBACK - kakao param=:: code=c0Qvp3REzIQgQTtWXPIDbXMzLVK9X2O2e2KxHGSuUjKCLarbopGXZbVYcyFpaj1B26TNwQo9c-sAAAGD_pFqOg
DEBUG - 2022-10-22 16:21:26 --> =================== DL_auth -> kakao oauth :2: code=c0Qvp3REzIQgQTtWXPIDbXMzLVK9X2O2e2KxHGSuUjKCLarbopGXZbVYcyFpaj1B26TNwQo9c-sAAAGD_pFqOg
DEBUG - 2022-10-22 16:21:26 --> ====================Dl_auth -> kakao_login :: 시작
DEBUG - 2022-10-22 16:21:26 --> --------------------Dl_auth::kakao_login - 1.토큰요청 시작
DEBUG - 2022-10-22 16:21:26 --> Dl_auth::kakao_login - get_token 시작 n=2
DEBUG - 2022-10-22 16:21:26 --> --------------------Dl_auth::kakao_login - 1.2.토큰요청 시작 -> 기타브라우저
DEBUG - 2022-10-22 16:21:26 --> --------------------Dl_auth::kakao_login - 1.3.토큰요청
DEBUG - 2022-10-22 16:21:26 --> --------------------Dl_auth::kakao_login - 1.4.토큰요청 -> 성공
DEBUG - 2022-10-22 16:21:26 --> UTF-8 Support Enabled
DEBUG - 2022-10-22 16:21:26 --> Global POST, GET and COOKIE data sanitized
DEBUG - 2022-10-22 16:21:26 --> Config file loaded: /hwonpark/www/application/config/tree.php
DEBUG - 2022-10-22 16:21:26 --> =================== DL_auth-> oauth::CALLBACK - 시작
DEBUG - 2022-10-22 16:21:26 --> =================== DL_auth-> oauth::CALLBACK - kakao param=:: error=
DEBUG - 2022-10-22 16:21:26 --> =================== DL_auth-> oauth::CALLBACK - kakao param=:: state=
DEBUG - 2022-10-22 16:21:26 --> =================== DL_auth-> oauth::CALLBACK - kakao param=:: code=c0Qvp3REzIQgQTtWXPIDbXMzLVK9X2O2e2KxHGSuUjKCLarbopGXZbVYcyFpaj1B26TNwQo9c-sAAAGD_pFqOg
DEBUG - 2022-10-22 16:21:26 --> =================== DL_auth -> kakao oauth :2: code=c0Qvp3REzIQgQTtWXPIDbXMzLVK9X2O2e2KxHGSuUjKCLarbopGXZbVYcyFpaj1B26TNwQo9c-sAAAGD_pFqOg
DEBUG - 2022-10-22 16:21:26 --> ====================Dl_auth -> kakao_login :: 시작
DEBUG - 2022-10-22 16:21:26 --> ====================Dl_auth::kakao_login - 1.3.5- 사이트 회원정보 업데이트 성공(카카오 인증 완료) state=
DEBUG - 2022-10-22 16:21:27 --> UTF-8 Support Enabled
DEBUG - 2022-10-22 16:21:27 --> Global POST, GET and COOKIE data sanitized
DEBUG - 2022-10-22 16:21:27 --> Config file loaded: /hwonpark/www/application/config/tree.php
DEBUG - 2022-10-22 16:21:27 --> Encryption: Auto-configured driver 'openssl'.
DEBUG - 2022-10-22 16:21:27 --> Total execution time: 0.0541
DEBUG - 2022-10-22 16:21:30 --> UTF-8 Support Enabled
DEBUG - 2022-10-22 16:21:30 --> Global POST, GET and COOKIE data sanitized
DEBUG - 2022-10-22 16:21:30 --> Config file loaded: /hwonpark/www/application/config/tree.php
DEBUG - 2022-10-22 16:21:30 --> Encryption: Auto-configured driver 'openssl'.
DEBUG - 2022-10-22 16:21:30 --> Total execution time: 0.0607
DEBUG - 2022-10-22 16:21:36 --> UTF-8 Support Enabled
DEBUG - 2022-10-22 16:21:36 --> Global POST, GET and COOKIE data sanitized
DEBUG - 2022-10-22 16:21:36 --> Config file loaded: /hwonpark/www/application/config/tree.php
DEBUG - 2022-10-22 16:21:36 --> Encryption: Auto-configured driver 'openssl'.
DEBUG - 2022-10-22 16:21:36 --> Total execution time: 0.0519
DEBUG - 2022-10-22 16:21:41 --> UTF-8 Support Enabled
DEBUG - 2022-10-22 16:21:41 --> Global POST, GET and COOKIE data sanitized
DEBUG - 2022-10-22 16:21:41 --> Config file loaded: /hwonpark/www/application/config/tree.php
DEBUG - 2022-10-22 16:21:41 --> Encryption: Auto-configured driver 'openssl'.
DEBUG - 2022-10-22 16:21:41 --> Total execution time: 0.0756
DEBUG - 2022-10-22 17:20:00 --> UTF-8 Support Enabled
DEBUG - 2022-10-22 17:20:00 --> No URI present. Default controller set.
DEBUG - 2022-10-22 17:20:00 --> Global POST, GET and COOKIE data sanitized
DEBUG - 2022-10-22 17:20:00 --> Config file loaded: /hwonpark/www/application/config/tree.php
DEBUG - 2022-10-22 17:20:00 --> Total execution time: 0.0301
DEBUG - 2022-10-22 17:20:02 --> UTF-8 Support Enabled
DEBUG - 2022-10-22 17:20:02 --> Global POST, GET and COOKIE data sanitized
ERROR - 2022-10-22 17:20:02 --> 404 Page Not Found: Faviconico/index
DEBUG - 2022-10-22 17:20:31 --> UTF-8 Support Enabled
DEBUG - 2022-10-22 17:20:31 --> Global POST, GET and COOKIE data sanitized
DEBUG - 2022-10-22 17:20:31 --> Config file loaded: /hwonpark/www/application/config/tree.php
DEBUG - 2022-10-22 17:20:31 --> Total execution time: 0.0443
