DEBUG - 2023-01-07 07:09:02 --> UTF-8 Support Enabled
DEBUG - 2023-01-07 07:09:02 --> No URI present. Default controller set.
DEBUG - 2023-01-07 07:09:02 --> Global POST, GET and COOKIE data sanitized
DEBUG - 2023-01-07 07:09:02 --> Config file loaded: /hwonpark/www/application/config/tree.php
DEBUG - 2023-01-07 07:09:03 --> Total execution time: 0.2288
DEBUG - 2023-01-07 07:09:04 --> UTF-8 Support Enabled
DEBUG - 2023-01-07 07:09:04 --> Global POST, GET and COOKIE data sanitized
ERROR - 2023-01-07 07:09:04 --> 404 Page Not Found: Faviconico/index
DEBUG - 2023-01-07 07:09:17 --> UTF-8 Support Enabled
DEBUG - 2023-01-07 07:09:17 --> Global POST, GET and COOKIE data sanitized
DEBUG - 2023-01-07 07:09:17 --> Config file loaded: /hwonpark/www/application/config/tree.php
DEBUG - 2023-01-07 07:09:17 --> Total execution time: 0.1039
DEBUG - 2023-01-07 07:09:34 --> UTF-8 Support Enabled
DEBUG - 2023-01-07 07:09:34 --> Global POST, GET and COOKIE data sanitized
DEBUG - 2023-01-07 07:09:34 --> Config file loaded: /hwonpark/www/application/config/tree.php
DEBUG - 2023-01-07 07:09:34 --> Total execution time: 0.0340
DEBUG - 2023-01-07 07:09:37 --> UTF-8 Support Enabled
DEBUG - 2023-01-07 07:09:37 --> Global POST, GET and COOKIE data sanitized
DEBUG - 2023-01-07 07:09:37 --> Config file loaded: /hwonpark/www/application/config/tree.php
DEBUG - 2023-01-07 07:09:37 --> =================== DL_auth-> oauth::CALLBACK - 시작
DEBUG - 2023-01-07 07:09:37 --> =================== DL_auth-> oauth::CALLBACK - kakao param=:: error=
DEBUG - 2023-01-07 07:09:37 --> =================== DL_auth-> oauth::CALLBACK - kakao param=:: state=
DEBUG - 2023-01-07 07:09:37 --> =================== DL_auth-> oauth::CALLBACK - kakao param=:: code=UeQQaoVqZmen_EHlp-_LDE5919Pytxw18CRUyJKW65TxSp2F5QxaN7E_nIjoy9qQZ_GUWQo9cxcAAAGFiSHiaw
DEBUG - 2023-01-07 07:09:37 --> =================== DL_auth -> kakao oauth :2: code=UeQQaoVqZmen_EHlp-_LDE5919Pytxw18CRUyJKW65TxSp2F5QxaN7E_nIjoy9qQZ_GUWQo9cxcAAAGFiSHiaw
DEBUG - 2023-01-07 07:09:37 --> ====================Dl_auth -> kakao_login :: 시작
DEBUG - 2023-01-07 07:09:37 --> --------------------Dl_auth::kakao_login - 1.토큰요청 시작
DEBUG - 2023-01-07 07:09:37 --> Dl_auth::kakao_login - get_token 시작 n=2
DEBUG - 2023-01-07 07:09:37 --> --------------------Dl_auth::kakao_login - 1.2.토큰요청 시작 -> 기타브라우저
DEBUG - 2023-01-07 07:09:37 --> --------------------Dl_auth::kakao_login - 1.3.토큰요청
DEBUG - 2023-01-07 07:09:37 --> --------------------Dl_auth::kakao_login - 1.4.토큰요청 -> 성공
DEBUG - 2023-01-07 07:09:37 --> UTF-8 Support Enabled
DEBUG - 2023-01-07 07:09:37 --> Global POST, GET and COOKIE data sanitized
DEBUG - 2023-01-07 07:09:37 --> Config file loaded: /hwonpark/www/application/config/tree.php
DEBUG - 2023-01-07 07:09:37 --> =================== DL_auth-> oauth::CALLBACK - 시작
DEBUG - 2023-01-07 07:09:37 --> =================== DL_auth-> oauth::CALLBACK - kakao param=:: error=
DEBUG - 2023-01-07 07:09:37 --> =================== DL_auth-> oauth::CALLBACK - kakao param=:: state=
DEBUG - 2023-01-07 07:09:37 --> =================== DL_auth-> oauth::CALLBACK - kakao param=:: code=UeQQaoVqZmen_EHlp-_LDE5919Pytxw18CRUyJKW65TxSp2F5QxaN7E_nIjoy9qQZ_GUWQo9cxcAAAGFiSHiaw
DEBUG - 2023-01-07 07:09:37 --> =================== DL_auth -> kakao oauth :2: code=UeQQaoVqZmen_EHlp-_LDE5919Pytxw18CRUyJKW65TxSp2F5QxaN7E_nIjoy9qQZ_GUWQo9cxcAAAGFiSHiaw
DEBUG - 2023-01-07 07:09:37 --> ====================Dl_auth -> kakao_login :: 시작
DEBUG - 2023-01-07 07:09:38 --> ====================Dl_auth::kakao_login - 1.3.5- 사이트 회원정보 업데이트 성공(카카오 인증 완료) state=
DEBUG - 2023-01-07 07:09:40 --> UTF-8 Support Enabled
DEBUG - 2023-01-07 07:09:40 --> Global POST, GET and COOKIE data sanitized
DEBUG - 2023-01-07 07:09:40 --> Config file loaded: /hwonpark/www/application/config/tree.php
DEBUG - 2023-01-07 07:09:40 --> Encryption: Auto-configured driver 'openssl'.
DEBUG - 2023-01-07 07:09:40 --> Total execution time: 0.0775
DEBUG - 2023-01-07 07:09:43 --> UTF-8 Support Enabled
DEBUG - 2023-01-07 07:09:43 --> Global POST, GET and COOKIE data sanitized
DEBUG - 2023-01-07 07:09:43 --> Config file loaded: /hwonpark/www/application/config/tree.php
DEBUG - 2023-01-07 07:09:43 --> Encryption: Auto-configured driver 'openssl'.
DEBUG - 2023-01-07 07:09:46 --> UTF-8 Support Enabled
DEBUG - 2023-01-07 07:09:46 --> No URI present. Default controller set.
DEBUG - 2023-01-07 07:09:46 --> Global POST, GET and COOKIE data sanitized
DEBUG - 2023-01-07 07:09:46 --> Config file loaded: /hwonpark/www/application/config/tree.php
DEBUG - 2023-01-07 07:09:46 --> Encryption: Auto-configured driver 'openssl'.
DEBUG - 2023-01-07 07:09:46 --> Total execution time: 0.0526
DEBUG - 2023-01-07 07:09:48 --> UTF-8 Support Enabled
DEBUG - 2023-01-07 07:09:48 --> Global POST, GET and COOKIE data sanitized
DEBUG - 2023-01-07 07:09:48 --> Config file loaded: /hwonpark/www/application/config/tree.php
DEBUG - 2023-01-07 07:09:48 --> Encryption: Auto-configured driver 'openssl'.
DEBUG - 2023-01-07 07:09:48 --> --------------------DC_common::chk_perm - 1.인가코드요청 시작 -> if 인앱브라우저
DEBUG - 2023-01-07 07:09:48 --> Total execution time: 0.0751
DEBUG - 2023-01-07 07:09:54 --> UTF-8 Support Enabled
DEBUG - 2023-01-07 07:09:54 --> No URI present. Default controller set.
DEBUG - 2023-01-07 07:09:54 --> Global POST, GET and COOKIE data sanitized
DEBUG - 2023-01-07 07:09:54 --> Config file loaded: /hwonpark/www/application/config/tree.php
DEBUG - 2023-01-07 07:09:54 --> Encryption: Auto-configured driver 'openssl'.
DEBUG - 2023-01-07 07:09:54 --> Total execution time: 0.0331
DEBUG - 2023-01-07 07:10:00 --> UTF-8 Support Enabled
DEBUG - 2023-01-07 07:10:00 --> Global POST, GET and COOKIE data sanitized
DEBUG - 2023-01-07 07:10:00 --> Config file loaded: /hwonpark/www/application/config/tree.php
DEBUG - 2023-01-07 07:10:00 --> Encryption: Auto-configured driver 'openssl'.
DEBUG - 2023-01-07 07:10:00 --> --------------------DC_common::chk_perm - 1.인가코드요청 시작 -> if 인앱브라우저
DEBUG - 2023-01-07 07:10:00 --> Total execution time: 0.0508
DEBUG - 2023-01-07 07:10:11 --> UTF-8 Support Enabled
DEBUG - 2023-01-07 07:10:11 --> No URI present. Default controller set.
DEBUG - 2023-01-07 07:10:11 --> Global POST, GET and COOKIE data sanitized
DEBUG - 2023-01-07 07:10:11 --> Config file loaded: /hwonpark/www/application/config/tree.php
DEBUG - 2023-01-07 07:10:11 --> Encryption: Auto-configured driver 'openssl'.
DEBUG - 2023-01-07 07:10:11 --> Total execution time: 0.0337
DEBUG - 2023-01-07 07:10:36 --> UTF-8 Support Enabled
DEBUG - 2023-01-07 07:10:36 --> Global POST, GET and COOKIE data sanitized
DEBUG - 2023-01-07 07:10:36 --> Config file loaded: /hwonpark/www/application/config/tree.php
DEBUG - 2023-01-07 07:10:36 --> Encryption: Auto-configured driver 'openssl'.
DEBUG - 2023-01-07 07:10:36 --> Total execution time: 0.2138
DEBUG - 2023-01-07 07:10:49 --> UTF-8 Support Enabled
DEBUG - 2023-01-07 07:10:49 --> No URI present. Default controller set.
DEBUG - 2023-01-07 07:10:49 --> Global POST, GET and COOKIE data sanitized
DEBUG - 2023-01-07 07:10:49 --> Config file loaded: /hwonpark/www/application/config/tree.php
DEBUG - 2023-01-07 07:10:49 --> Encryption: Auto-configured driver 'openssl'.
DEBUG - 2023-01-07 07:10:49 --> Total execution time: 0.0446
