DEBUG - 2022-06-25 07:07:00 --> UTF-8 Support Enabled
DEBUG - 2022-06-25 07:07:00 --> No URI present. Default controller set.
DEBUG - 2022-06-25 07:07:00 --> Global POST, GET and COOKIE data sanitized
DEBUG - 2022-06-25 07:07:00 --> Config file loaded: /hwonpark/www/application/config/tree.php
DEBUG - 2022-06-25 07:07:00 --> Total execution time: 0.2707
DEBUG - 2022-06-25 07:07:01 --> UTF-8 Support Enabled
DEBUG - 2022-06-25 07:07:01 --> Global POST, GET and COOKIE data sanitized
ERROR - 2022-06-25 07:07:01 --> 404 Page Not Found: Faviconico/index
DEBUG - 2022-06-25 07:36:37 --> UTF-8 Support Enabled
DEBUG - 2022-06-25 07:36:37 --> No URI present. Default controller set.
DEBUG - 2022-06-25 07:36:37 --> Global POST, GET and COOKIE data sanitized
DEBUG - 2022-06-25 07:36:37 --> Config file loaded: /hwonpark/www/application/config/tree.php
DEBUG - 2022-06-25 07:36:37 --> Total execution time: 0.1967
DEBUG - 2022-06-25 12:03:37 --> UTF-8 Support Enabled
DEBUG - 2022-06-25 12:03:37 --> No URI present. Default controller set.
DEBUG - 2022-06-25 12:03:37 --> Global POST, GET and COOKIE data sanitized
DEBUG - 2022-06-25 12:03:37 --> Config file loaded: /hwonpark/www/application/config/tree.php
DEBUG - 2022-06-25 12:03:37 --> Total execution time: 0.1866
DEBUG - 2022-06-25 12:03:38 --> UTF-8 Support Enabled
DEBUG - 2022-06-25 12:03:38 --> Global POST, GET and COOKIE data sanitized
ERROR - 2022-06-25 12:03:38 --> 404 Page Not Found: Faviconico/index
DEBUG - 2022-06-25 12:03:51 --> UTF-8 Support Enabled
DEBUG - 2022-06-25 12:03:51 --> Global POST, GET and COOKIE data sanitized
DEBUG - 2022-06-25 12:03:51 --> Config file loaded: /hwonpark/www/application/config/tree.php
DEBUG - 2022-06-25 12:03:51 --> --------------------DC_common::chk_perm - 1.인가코드요청 시작 -> if 인앱브라우저
DEBUG - 2022-06-25 12:03:52 --> UTF-8 Support Enabled
DEBUG - 2022-06-25 12:03:52 --> Global POST, GET and COOKIE data sanitized
DEBUG - 2022-06-25 12:03:52 --> Config file loaded: /hwonpark/www/application/config/tree.php
DEBUG - 2022-06-25 12:03:52 --> =================== DL_auth-> oauth::CALLBACK - 시작
DEBUG - 2022-06-25 12:03:52 --> =================== DL_auth-> oauth::CALLBACK - kakao param=:: error=
DEBUG - 2022-06-25 12:03:52 --> =================== DL_auth-> oauth::CALLBACK - kakao param=:: state=/ko/lawmaking/view?idx=38
DEBUG - 2022-06-25 12:03:52 --> =================== DL_auth-> oauth::CALLBACK - kakao param=:: code=nBASxUaxY68Wwtm6_hPftYrkh2VVmZXWVTFDWi_me07miejl0QAmF8iqYAX1qKAIchNZSQo9dNoAAAGBmNDVeQ
DEBUG - 2022-06-25 12:03:52 --> =================== DL_auth -> kakao oauth :2: code=nBASxUaxY68Wwtm6_hPftYrkh2VVmZXWVTFDWi_me07miejl0QAmF8iqYAX1qKAIchNZSQo9dNoAAAGBmNDVeQ
DEBUG - 2022-06-25 12:03:52 --> ====================Dl_auth -> kakao_login :: 시작
DEBUG - 2022-06-25 12:03:52 --> --------------------Dl_auth::kakao_login - 1.토큰요청 시작
DEBUG - 2022-06-25 12:03:52 --> Dl_auth::kakao_login - get_token 시작 n=2
DEBUG - 2022-06-25 12:03:52 --> --------------------Dl_auth::kakao_login - 1.2.토큰요청 시작 -> 기타브라우저
DEBUG - 2022-06-25 12:03:52 --> --------------------Dl_auth::kakao_login - 1.3.토큰요청
DEBUG - 2022-06-25 12:03:52 --> --------------------Dl_auth::kakao_login - 1.4.토큰요청 -> 성공
DEBUG - 2022-06-25 12:03:52 --> UTF-8 Support Enabled
DEBUG - 2022-06-25 12:03:52 --> Global POST, GET and COOKIE data sanitized
DEBUG - 2022-06-25 12:03:52 --> Config file loaded: /hwonpark/www/application/config/tree.php
DEBUG - 2022-06-25 12:03:52 --> =================== DL_auth-> oauth::CALLBACK - 시작
DEBUG - 2022-06-25 12:03:52 --> =================== DL_auth-> oauth::CALLBACK - kakao param=:: error=
DEBUG - 2022-06-25 12:03:52 --> =================== DL_auth-> oauth::CALLBACK - kakao param=:: state=/ko/lawmaking/view?idx=38
DEBUG - 2022-06-25 12:03:52 --> =================== DL_auth-> oauth::CALLBACK - kakao param=:: code=nBASxUaxY68Wwtm6_hPftYrkh2VVmZXWVTFDWi_me07miejl0QAmF8iqYAX1qKAIchNZSQo9dNoAAAGBmNDVeQ
DEBUG - 2022-06-25 12:03:52 --> =================== DL_auth -> kakao oauth :2: code=nBASxUaxY68Wwtm6_hPftYrkh2VVmZXWVTFDWi_me07miejl0QAmF8iqYAX1qKAIchNZSQo9dNoAAAGBmNDVeQ
DEBUG - 2022-06-25 12:03:52 --> ====================Dl_auth -> kakao_login :: 시작
DEBUG - 2022-06-25 12:03:52 --> ====================Dl_auth::kakao_login - 1.3.5- 사이트 회원정보 업데이트 성공(카카오 인증 완료) state=/ko/lawmaking/view?idx=38
DEBUG - 2022-06-25 12:03:52 --> UTF-8 Support Enabled
DEBUG - 2022-06-25 12:03:52 --> Global POST, GET and COOKIE data sanitized
DEBUG - 2022-06-25 12:03:52 --> Config file loaded: /hwonpark/www/application/config/tree.php
DEBUG - 2022-06-25 12:03:52 --> Encryption: Auto-configured driver 'openssl'.
DEBUG - 2022-06-25 12:03:52 --> --------------------DC_common::chk_perm - 1.인가코드요청 시작 -> if 인앱브라우저
DEBUG - 2022-06-25 12:03:52 --> Total execution time: 0.0731
DEBUG - 2022-06-25 12:04:01 --> UTF-8 Support Enabled
DEBUG - 2022-06-25 12:04:01 --> Global POST, GET and COOKIE data sanitized
DEBUG - 2022-06-25 12:04:01 --> Config file loaded: /hwonpark/www/application/config/tree.php
DEBUG - 2022-06-25 12:04:01 --> Encryption: Auto-configured driver 'openssl'.
DEBUG - 2022-06-25 12:04:01 --> --------------------DC_common::chk_perm - 1.인가코드요청 시작 -> if 인앱브라우저
DEBUG - 2022-06-25 12:04:01 --> Total execution time: 0.0582
DEBUG - 2022-06-25 12:04:03 --> UTF-8 Support Enabled
DEBUG - 2022-06-25 12:04:03 --> No URI present. Default controller set.
DEBUG - 2022-06-25 12:04:03 --> Global POST, GET and COOKIE data sanitized
DEBUG - 2022-06-25 12:04:03 --> Config file loaded: /hwonpark/www/application/config/tree.php
DEBUG - 2022-06-25 12:04:03 --> Encryption: Auto-configured driver 'openssl'.
DEBUG - 2022-06-25 12:04:03 --> Total execution time: 0.0302
DEBUG - 2022-06-25 12:04:05 --> UTF-8 Support Enabled
DEBUG - 2022-06-25 12:04:05 --> Global POST, GET and COOKIE data sanitized
DEBUG - 2022-06-25 12:04:05 --> Config file loaded: /hwonpark/www/application/config/tree.php
DEBUG - 2022-06-25 12:04:05 --> Encryption: Auto-configured driver 'openssl'.
DEBUG - 2022-06-25 12:04:05 --> --------------------DC_common::chk_perm - 1.인가코드요청 시작 -> if 인앱브라우저
DEBUG - 2022-06-25 12:04:05 --> Total execution time: 0.0421
DEBUG - 2022-06-25 12:04:07 --> UTF-8 Support Enabled
DEBUG - 2022-06-25 12:04:07 --> No URI present. Default controller set.
DEBUG - 2022-06-25 12:04:07 --> Global POST, GET and COOKIE data sanitized
DEBUG - 2022-06-25 12:04:07 --> Config file loaded: /hwonpark/www/application/config/tree.php
DEBUG - 2022-06-25 12:04:07 --> Encryption: Auto-configured driver 'openssl'.
DEBUG - 2022-06-25 12:04:07 --> Total execution time: 0.0363
DEBUG - 2022-06-25 12:04:08 --> UTF-8 Support Enabled
DEBUG - 2022-06-25 12:04:08 --> Global POST, GET and COOKIE data sanitized
DEBUG - 2022-06-25 12:04:08 --> Config file loaded: /hwonpark/www/application/config/tree.php
DEBUG - 2022-06-25 12:04:08 --> Encryption: Auto-configured driver 'openssl'.
DEBUG - 2022-06-25 12:04:08 --> --------------------DC_common::chk_perm - 1.인가코드요청 시작 -> if 인앱브라우저
DEBUG - 2022-06-25 12:04:08 --> Total execution time: 0.0468
DEBUG - 2022-06-25 12:04:22 --> UTF-8 Support Enabled
DEBUG - 2022-06-25 12:04:22 --> No URI present. Default controller set.
DEBUG - 2022-06-25 12:04:22 --> Global POST, GET and COOKIE data sanitized
DEBUG - 2022-06-25 12:04:22 --> Config file loaded: /hwonpark/www/application/config/tree.php
DEBUG - 2022-06-25 12:04:22 --> Encryption: Auto-configured driver 'openssl'.
DEBUG - 2022-06-25 12:04:22 --> Total execution time: 0.0391
DEBUG - 2022-06-25 16:21:48 --> UTF-8 Support Enabled
DEBUG - 2022-06-25 16:21:48 --> Global POST, GET and COOKIE data sanitized
DEBUG - 2022-06-25 16:21:48 --> Config file loaded: /hwonpark/www/application/config/tree.php
DEBUG - 2022-06-25 16:21:49 --> Total execution time: 0.2184
DEBUG - 2022-06-25 18:39:28 --> UTF-8 Support Enabled
DEBUG - 2022-06-25 18:39:28 --> No URI present. Default controller set.
DEBUG - 2022-06-25 18:39:28 --> Global POST, GET and COOKIE data sanitized
DEBUG - 2022-06-25 18:39:28 --> Config file loaded: /hwonpark/www/application/config/tree.php
DEBUG - 2022-06-25 18:39:28 --> Total execution time: 0.0322
DEBUG - 2022-06-25 18:39:29 --> UTF-8 Support Enabled
DEBUG - 2022-06-25 18:39:29 --> Global POST, GET and COOKIE data sanitized
ERROR - 2022-06-25 18:39:29 --> 404 Page Not Found: Faviconico/index
