DEBUG - 2022-11-21 00:44:37 --> UTF-8 Support Enabled
DEBUG - 2022-11-21 00:44:37 --> Global POST, GET and COOKIE data sanitized
DEBUG - 2022-11-21 00:44:37 --> Config file loaded: /hwonpark/www/application/config/tree.php
DEBUG - 2022-11-21 00:44:37 --> --------------------DC_common::chk_perm - 1.인가코드요청 시작 -> if 인앱브라우저
DEBUG - 2022-11-21 00:44:38 --> UTF-8 Support Enabled
DEBUG - 2022-11-21 00:44:38 --> Global POST, GET and COOKIE data sanitized
ERROR - 2022-11-21 00:44:38 --> 404 Page Not Found: Faviconico/index
DEBUG - 2022-11-21 00:44:38 --> UTF-8 Support Enabled
DEBUG - 2022-11-21 00:44:38 --> Global POST, GET and COOKIE data sanitized
DEBUG - 2022-11-21 00:44:38 --> Config file loaded: /hwonpark/www/application/config/tree.php
DEBUG - 2022-11-21 00:44:38 --> =================== DL_auth-> oauth::CALLBACK - 시작
DEBUG - 2022-11-21 00:44:38 --> =================== DL_auth-> oauth::CALLBACK - kakao param=:: error=
DEBUG - 2022-11-21 00:44:38 --> =================== DL_auth-> oauth::CALLBACK - kakao param=:: state=/ko/brief/view?idx=36
DEBUG - 2022-11-21 00:44:38 --> =================== DL_auth-> oauth::CALLBACK - kakao param=:: code=Y5T0DxfaaDg5APqNGLRSGRB34k6HoDxxxOfBv2AvPrFssQ_iD8i56KHwE_f-lGLRivYFJwopyWAAAAGElbaHoQ
DEBUG - 2022-11-21 00:44:38 --> =================== DL_auth -> kakao oauth :2: code=Y5T0DxfaaDg5APqNGLRSGRB34k6HoDxxxOfBv2AvPrFssQ_iD8i56KHwE_f-lGLRivYFJwopyWAAAAGElbaHoQ
DEBUG - 2022-11-21 00:44:38 --> ====================Dl_auth -> kakao_login :: 시작
DEBUG - 2022-11-21 00:44:38 --> --------------------Dl_auth::kakao_login - 1.토큰요청 시작
DEBUG - 2022-11-21 00:44:38 --> Dl_auth::kakao_login - get_token 시작 n=2
DEBUG - 2022-11-21 00:44:38 --> --------------------Dl_auth::kakao_login - 1.2.토큰요청 시작 -> 기타브라우저
DEBUG - 2022-11-21 00:44:38 --> --------------------Dl_auth::kakao_login - 1.3.토큰요청
DEBUG - 2022-11-21 00:44:38 --> --------------------Dl_auth::kakao_login - 1.4.토큰요청 -> 성공
DEBUG - 2022-11-21 00:44:38 --> UTF-8 Support Enabled
DEBUG - 2022-11-21 00:44:38 --> Global POST, GET and COOKIE data sanitized
DEBUG - 2022-11-21 00:44:38 --> Config file loaded: /hwonpark/www/application/config/tree.php
DEBUG - 2022-11-21 00:44:38 --> =================== DL_auth-> oauth::CALLBACK - 시작
DEBUG - 2022-11-21 00:44:38 --> =================== DL_auth-> oauth::CALLBACK - kakao param=:: error=
DEBUG - 2022-11-21 00:44:38 --> =================== DL_auth-> oauth::CALLBACK - kakao param=:: state=/ko/brief/view?idx=36
DEBUG - 2022-11-21 00:44:38 --> =================== DL_auth-> oauth::CALLBACK - kakao param=:: code=Y5T0DxfaaDg5APqNGLRSGRB34k6HoDxxxOfBv2AvPrFssQ_iD8i56KHwE_f-lGLRivYFJwopyWAAAAGElbaHoQ
DEBUG - 2022-11-21 00:44:38 --> =================== DL_auth -> kakao oauth :2: code=Y5T0DxfaaDg5APqNGLRSGRB34k6HoDxxxOfBv2AvPrFssQ_iD8i56KHwE_f-lGLRivYFJwopyWAAAAGElbaHoQ
DEBUG - 2022-11-21 00:44:38 --> ====================Dl_auth -> kakao_login :: 시작
DEBUG - 2022-11-21 00:44:38 --> ====================Dl_auth::kakao_login - 1.3.5- 사이트 회원정보 업데이트 성공(카카오 인증 완료) state=/ko/brief/view?idx=36
DEBUG - 2022-11-21 00:44:38 --> UTF-8 Support Enabled
DEBUG - 2022-11-21 00:44:38 --> Global POST, GET and COOKIE data sanitized
DEBUG - 2022-11-21 00:44:38 --> Config file loaded: /hwonpark/www/application/config/tree.php
DEBUG - 2022-11-21 00:44:38 --> Encryption: Auto-configured driver 'openssl'.
DEBUG - 2022-11-21 00:44:38 --> --------------------DC_common::chk_perm - 1.인가코드요청 시작 -> if 인앱브라우저
DEBUG - 2022-11-21 00:44:38 --> Total execution time: 0.1169
DEBUG - 2022-11-21 09:22:46 --> UTF-8 Support Enabled
DEBUG - 2022-11-21 09:22:46 --> Global POST, GET and COOKIE data sanitized
DEBUG - 2022-11-21 09:22:47 --> Config file loaded: /hwonpark/www/application/config/tree.php
DEBUG - 2022-11-21 09:22:47 --> Total execution time: 0.3124
DEBUG - 2022-11-21 09:22:48 --> UTF-8 Support Enabled
DEBUG - 2022-11-21 09:22:48 --> Global POST, GET and COOKIE data sanitized
ERROR - 2022-11-21 09:22:48 --> 404 Page Not Found: Faviconico/index
DEBUG - 2022-11-21 09:22:52 --> UTF-8 Support Enabled
DEBUG - 2022-11-21 09:22:52 --> Global POST, GET and COOKIE data sanitized
DEBUG - 2022-11-21 09:22:52 --> Config file loaded: /hwonpark/www/application/config/tree.php
DEBUG - 2022-11-21 09:22:53 --> UTF-8 Support Enabled
DEBUG - 2022-11-21 09:22:53 --> Global POST, GET and COOKIE data sanitized
DEBUG - 2022-11-21 09:22:53 --> Config file loaded: /hwonpark/www/application/config/tree.php
DEBUG - 2022-11-21 09:22:53 --> Encryption: Auto-configured driver 'openssl'.
DEBUG - 2022-11-21 09:22:53 --> UTF-8 Support Enabled
DEBUG - 2022-11-21 09:22:53 --> Global POST, GET and COOKIE data sanitized
DEBUG - 2022-11-21 09:22:53 --> Config file loaded: /hwonpark/www/application/config/tree.php
DEBUG - 2022-11-21 09:22:53 --> Encryption: Auto-configured driver 'openssl'.
DEBUG - 2022-11-21 09:22:53 --> Encryption class already loaded. Second attempt ignored.
DEBUG - 2022-11-21 09:22:53 --> Total execution time: 0.0803
DEBUG - 2022-11-21 09:23:28 --> UTF-8 Support Enabled
DEBUG - 2022-11-21 09:23:28 --> Global POST, GET and COOKIE data sanitized
DEBUG - 2022-11-21 09:23:28 --> Config file loaded: /hwonpark/www/application/config/tree.php
DEBUG - 2022-11-21 09:23:28 --> Encryption: Auto-configured driver 'openssl'.
DEBUG - 2022-11-21 09:23:28 --> Total execution time: 0.0459
DEBUG - 2022-11-21 09:23:29 --> UTF-8 Support Enabled
DEBUG - 2022-11-21 09:23:29 --> Global POST, GET and COOKIE data sanitized
DEBUG - 2022-11-21 09:23:29 --> Config file loaded: /hwonpark/www/application/config/tree.php
DEBUG - 2022-11-21 09:23:29 --> Encryption: Auto-configured driver 'openssl'.
DEBUG - 2022-11-21 09:23:29 --> Total execution time: 0.0467
DEBUG - 2022-11-21 09:23:33 --> UTF-8 Support Enabled
DEBUG - 2022-11-21 09:23:33 --> Global POST, GET and COOKIE data sanitized
DEBUG - 2022-11-21 09:23:33 --> Config file loaded: /hwonpark/www/application/config/tree.php
DEBUG - 2022-11-21 09:23:33 --> Encryption: Auto-configured driver 'openssl'.
DEBUG - 2022-11-21 09:23:33 --> Total execution time: 0.1007
DEBUG - 2022-11-21 09:26:15 --> UTF-8 Support Enabled
DEBUG - 2022-11-21 09:26:15 --> Global POST, GET and COOKIE data sanitized
DEBUG - 2022-11-21 09:26:15 --> Config file loaded: /hwonpark/www/application/config/tree.php
DEBUG - 2022-11-21 09:26:15 --> Encryption: Auto-configured driver 'openssl'.
DEBUG - 2022-11-21 09:26:15 --> Encryption class already loaded. Second attempt ignored.
DEBUG - 2022-11-21 09:26:15 --> Total execution time: 0.0460
DEBUG - 2022-11-21 09:26:16 --> UTF-8 Support Enabled
DEBUG - 2022-11-21 09:26:16 --> Global POST, GET and COOKIE data sanitized
DEBUG - 2022-11-21 09:26:16 --> Config file loaded: /hwonpark/www/application/config/tree.php
DEBUG - 2022-11-21 09:26:16 --> Encryption: Auto-configured driver 'openssl'.
DEBUG - 2022-11-21 09:26:16 --> Encryption class already loaded. Second attempt ignored.
DEBUG - 2022-11-21 09:26:16 --> Total execution time: 0.0383
DEBUG - 2022-11-21 09:31:50 --> UTF-8 Support Enabled
DEBUG - 2022-11-21 09:31:50 --> Global POST, GET and COOKIE data sanitized
DEBUG - 2022-11-21 09:31:50 --> Config file loaded: /hwonpark/www/application/config/tree.php
DEBUG - 2022-11-21 09:31:50 --> Encryption: Auto-configured driver 'openssl'.
DEBUG - 2022-11-21 09:31:50 --> Encryption class already loaded. Second attempt ignored.
DEBUG - 2022-11-21 09:31:50 --> Total execution time: 0.0597
DEBUG - 2022-11-21 09:32:48 --> UTF-8 Support Enabled
DEBUG - 2022-11-21 09:32:48 --> Global POST, GET and COOKIE data sanitized
DEBUG - 2022-11-21 09:32:48 --> Config file loaded: /hwonpark/www/application/config/tree.php
DEBUG - 2022-11-21 09:32:48 --> Encryption: Auto-configured driver 'openssl'.
DEBUG - 2022-11-21 09:32:48 --> Encryption class already loaded. Second attempt ignored.
DEBUG - 2022-11-21 09:32:48 --> Total execution time: 0.0394
DEBUG - 2022-11-21 09:34:06 --> UTF-8 Support Enabled
DEBUG - 2022-11-21 09:34:06 --> Global POST, GET and COOKIE data sanitized
DEBUG - 2022-11-21 09:34:06 --> Config file loaded: /hwonpark/www/application/config/tree.php
DEBUG - 2022-11-21 09:34:06 --> Encryption: Auto-configured driver 'openssl'.
DEBUG - 2022-11-21 09:34:06 --> Encryption class already loaded. Second attempt ignored.
DEBUG - 2022-11-21 09:34:06 --> Total execution time: 0.0475
DEBUG - 2022-11-21 09:34:30 --> UTF-8 Support Enabled
DEBUG - 2022-11-21 09:34:30 --> Global POST, GET and COOKIE data sanitized
DEBUG - 2022-11-21 09:34:30 --> Config file loaded: /hwonpark/www/application/config/tree.php
DEBUG - 2022-11-21 09:34:30 --> Encryption: Auto-configured driver 'openssl'.
DEBUG - 2022-11-21 09:34:30 --> Encryption class already loaded. Second attempt ignored.
DEBUG - 2022-11-21 09:34:30 --> Total execution time: 0.0694
DEBUG - 2022-11-21 09:53:45 --> UTF-8 Support Enabled
DEBUG - 2022-11-21 09:53:45 --> Global POST, GET and COOKIE data sanitized
DEBUG - 2022-11-21 09:53:45 --> Config file loaded: /hwonpark/www/application/config/tree.php
DEBUG - 2022-11-21 09:53:46 --> UTF-8 Support Enabled
DEBUG - 2022-11-21 09:53:46 --> No URI present. Default controller set.
DEBUG - 2022-11-21 09:53:46 --> Global POST, GET and COOKIE data sanitized
DEBUG - 2022-11-21 09:53:46 --> Config file loaded: /hwonpark/www/application/config/tree.php
DEBUG - 2022-11-21 09:53:46 --> Total execution time: 0.0442
DEBUG - 2022-11-21 10:05:59 --> UTF-8 Support Enabled
DEBUG - 2022-11-21 10:05:59 --> No URI present. Default controller set.
DEBUG - 2022-11-21 10:05:59 --> Global POST, GET and COOKIE data sanitized
DEBUG - 2022-11-21 10:05:59 --> Config file loaded: /hwonpark/www/application/config/tree.php
DEBUG - 2022-11-21 10:05:59 --> Total execution time: 0.0484
DEBUG - 2022-11-21 10:06:01 --> UTF-8 Support Enabled
DEBUG - 2022-11-21 10:06:01 --> No URI present. Default controller set.
DEBUG - 2022-11-21 10:06:01 --> Global POST, GET and COOKIE data sanitized
DEBUG - 2022-11-21 10:06:01 --> Config file loaded: /hwonpark/www/application/config/tree.php
DEBUG - 2022-11-21 10:06:01 --> Total execution time: 0.0592
DEBUG - 2022-11-21 10:06:02 --> UTF-8 Support Enabled
DEBUG - 2022-11-21 10:06:02 --> Global POST, GET and COOKIE data sanitized
ERROR - 2022-11-21 10:06:02 --> 404 Page Not Found: Faviconico/index
DEBUG - 2022-11-21 10:06:10 --> UTF-8 Support Enabled
DEBUG - 2022-11-21 10:06:10 --> No URI present. Default controller set.
DEBUG - 2022-11-21 10:06:10 --> Global POST, GET and COOKIE data sanitized
DEBUG - 2022-11-21 10:06:10 --> Config file loaded: /hwonpark/www/application/config/tree.php
DEBUG - 2022-11-21 10:06:10 --> Total execution time: 0.0324
DEBUG - 2022-11-21 10:06:36 --> UTF-8 Support Enabled
DEBUG - 2022-11-21 10:06:36 --> No URI present. Default controller set.
DEBUG - 2022-11-21 10:06:36 --> Global POST, GET and COOKIE data sanitized
DEBUG - 2022-11-21 10:06:36 --> Config file loaded: /hwonpark/www/application/config/tree.php
DEBUG - 2022-11-21 10:06:36 --> Total execution time: 0.0306
DEBUG - 2022-11-21 10:08:36 --> UTF-8 Support Enabled
DEBUG - 2022-11-21 10:08:36 --> No URI present. Default controller set.
DEBUG - 2022-11-21 10:08:36 --> Global POST, GET and COOKIE data sanitized
DEBUG - 2022-11-21 10:08:36 --> Config file loaded: /hwonpark/www/application/config/tree.php
DEBUG - 2022-11-21 10:08:36 --> Total execution time: 0.0489
DEBUG - 2022-11-21 10:13:58 --> UTF-8 Support Enabled
DEBUG - 2022-11-21 10:13:58 --> Global POST, GET and COOKIE data sanitized
DEBUG - 2022-11-21 10:13:58 --> Config file loaded: /hwonpark/www/application/config/tree.php
DEBUG - 2022-11-21 10:13:58 --> Total execution time: 0.0492
DEBUG - 2022-11-21 10:14:05 --> UTF-8 Support Enabled
DEBUG - 2022-11-21 10:14:05 --> Global POST, GET and COOKIE data sanitized
DEBUG - 2022-11-21 10:14:05 --> Config file loaded: /hwonpark/www/application/config/tree.php
DEBUG - 2022-11-21 10:14:30 --> UTF-8 Support Enabled
DEBUG - 2022-11-21 10:14:30 --> Global POST, GET and COOKIE data sanitized
DEBUG - 2022-11-21 10:14:30 --> Config file loaded: /hwonpark/www/application/config/tree.php
DEBUG - 2022-11-21 10:14:30 --> Encryption: Auto-configured driver 'openssl'.
DEBUG - 2022-11-21 10:14:30 --> UTF-8 Support Enabled
DEBUG - 2022-11-21 10:14:30 --> Global POST, GET and COOKIE data sanitized
DEBUG - 2022-11-21 10:14:30 --> Config file loaded: /hwonpark/www/application/config/tree.php
DEBUG - 2022-11-21 10:14:30 --> Encryption: Auto-configured driver 'openssl'.
DEBUG - 2022-11-21 10:14:30 --> Encryption class already loaded. Second attempt ignored.
DEBUG - 2022-11-21 10:14:30 --> Total execution time: 0.0533
DEBUG - 2022-11-21 10:14:34 --> UTF-8 Support Enabled
DEBUG - 2022-11-21 10:14:34 --> Global POST, GET and COOKIE data sanitized
DEBUG - 2022-11-21 10:14:34 --> Config file loaded: /hwonpark/www/application/config/tree.php
DEBUG - 2022-11-21 10:14:34 --> Encryption: Auto-configured driver 'openssl'.
DEBUG - 2022-11-21 10:14:34 --> Total execution time: 0.0569
DEBUG - 2022-11-21 10:14:42 --> UTF-8 Support Enabled
DEBUG - 2022-11-21 10:14:42 --> Global POST, GET and COOKIE data sanitized
DEBUG - 2022-11-21 10:14:42 --> Config file loaded: /hwonpark/www/application/config/tree.php
DEBUG - 2022-11-21 10:14:42 --> Encryption: Auto-configured driver 'openssl'.
DEBUG - 2022-11-21 10:14:42 --> Total execution time: 0.0384
DEBUG - 2022-11-21 10:14:59 --> UTF-8 Support Enabled
DEBUG - 2022-11-21 10:14:59 --> Global POST, GET and COOKIE data sanitized
DEBUG - 2022-11-21 10:14:59 --> Config file loaded: /hwonpark/www/application/config/tree.php
DEBUG - 2022-11-21 10:14:59 --> Encryption: Auto-configured driver 'openssl'.
DEBUG - 2022-11-21 10:14:59 --> Total execution time: 0.0521
DEBUG - 2022-11-21 10:15:01 --> UTF-8 Support Enabled
DEBUG - 2022-11-21 10:15:01 --> Global POST, GET and COOKIE data sanitized
DEBUG - 2022-11-21 10:15:01 --> Config file loaded: /hwonpark/www/application/config/tree.php
DEBUG - 2022-11-21 10:15:01 --> Encryption: Auto-configured driver 'openssl'.
DEBUG - 2022-11-21 10:15:01 --> Total execution time: 0.0371
DEBUG - 2022-11-21 10:15:09 --> UTF-8 Support Enabled
DEBUG - 2022-11-21 10:15:09 --> Global POST, GET and COOKIE data sanitized
DEBUG - 2022-11-21 10:15:09 --> Config file loaded: /hwonpark/www/application/config/tree.php
DEBUG - 2022-11-21 10:15:09 --> Encryption: Auto-configured driver 'openssl'.
DEBUG - 2022-11-21 10:15:09 --> Total execution time: 0.0512
DEBUG - 2022-11-21 10:15:13 --> UTF-8 Support Enabled
DEBUG - 2022-11-21 10:15:13 --> Global POST, GET and COOKIE data sanitized
DEBUG - 2022-11-21 10:15:13 --> Config file loaded: /hwonpark/www/application/config/tree.php
DEBUG - 2022-11-21 10:15:13 --> Encryption: Auto-configured driver 'openssl'.
DEBUG - 2022-11-21 10:15:13 --> Total execution time: 0.0562
DEBUG - 2022-11-21 10:15:17 --> UTF-8 Support Enabled
DEBUG - 2022-11-21 10:15:17 --> Global POST, GET and COOKIE data sanitized
DEBUG - 2022-11-21 10:15:17 --> Config file loaded: /hwonpark/www/application/config/tree.php
DEBUG - 2022-11-21 10:15:17 --> Encryption: Auto-configured driver 'openssl'.
DEBUG - 2022-11-21 10:15:17 --> Total execution time: 0.0380
DEBUG - 2022-11-21 10:16:41 --> UTF-8 Support Enabled
DEBUG - 2022-11-21 10:16:41 --> Global POST, GET and COOKIE data sanitized
DEBUG - 2022-11-21 10:16:41 --> Config file loaded: /hwonpark/www/application/config/tree.php
DEBUG - 2022-11-21 10:16:41 --> Encryption: Auto-configured driver 'openssl'.
DEBUG - 2022-11-21 10:16:41 --> Total execution time: 0.0515
DEBUG - 2022-11-21 10:22:05 --> UTF-8 Support Enabled
DEBUG - 2022-11-21 10:22:05 --> Global POST, GET and COOKIE data sanitized
DEBUG - 2022-11-21 10:22:05 --> Config file loaded: /hwonpark/www/application/config/tree.php
DEBUG - 2022-11-21 10:22:05 --> Encryption: Auto-configured driver 'openssl'.
DEBUG - 2022-11-21 10:22:06 --> UTF-8 Support Enabled
DEBUG - 2022-11-21 10:22:06 --> Global POST, GET and COOKIE data sanitized
DEBUG - 2022-11-21 10:22:06 --> Config file loaded: /hwonpark/www/application/config/tree.php
DEBUG - 2022-11-21 10:22:06 --> Encryption: Auto-configured driver 'openssl'.
DEBUG - 2022-11-21 10:22:06 --> Total execution time: 0.0725
DEBUG - 2022-11-21 10:22:08 --> UTF-8 Support Enabled
DEBUG - 2022-11-21 10:22:08 --> Global POST, GET and COOKIE data sanitized
DEBUG - 2022-11-21 10:22:08 --> Config file loaded: /hwonpark/www/application/config/tree.php
DEBUG - 2022-11-21 10:22:08 --> Encryption: Auto-configured driver 'openssl'.
DEBUG - 2022-11-21 10:22:08 --> Total execution time: 0.0821
DEBUG - 2022-11-21 10:22:13 --> UTF-8 Support Enabled
DEBUG - 2022-11-21 10:22:13 --> Global POST, GET and COOKIE data sanitized
DEBUG - 2022-11-21 10:22:13 --> Config file loaded: /hwonpark/www/application/config/tree.php
DEBUG - 2022-11-21 10:22:13 --> Encryption: Auto-configured driver 'openssl'.
DEBUG - 2022-11-21 10:22:13 --> Total execution time: 0.0617
DEBUG - 2022-11-21 10:22:16 --> UTF-8 Support Enabled
DEBUG - 2022-11-21 10:22:16 --> Global POST, GET and COOKIE data sanitized
DEBUG - 2022-11-21 10:22:16 --> Config file loaded: /hwonpark/www/application/config/tree.php
DEBUG - 2022-11-21 10:22:16 --> Encryption: Auto-configured driver 'openssl'.
DEBUG - 2022-11-21 10:22:16 --> Total execution time: 0.0495
DEBUG - 2022-11-21 10:22:21 --> UTF-8 Support Enabled
DEBUG - 2022-11-21 10:22:21 --> Global POST, GET and COOKIE data sanitized
DEBUG - 2022-11-21 10:22:21 --> Config file loaded: /hwonpark/www/application/config/tree.php
DEBUG - 2022-11-21 10:22:21 --> Encryption: Auto-configured driver 'openssl'.
DEBUG - 2022-11-21 10:22:21 --> Total execution time: 0.0722
DEBUG - 2022-11-21 10:22:23 --> UTF-8 Support Enabled
DEBUG - 2022-11-21 10:22:23 --> Global POST, GET and COOKIE data sanitized
DEBUG - 2022-11-21 10:22:23 --> Config file loaded: /hwonpark/www/application/config/tree.php
DEBUG - 2022-11-21 10:22:23 --> Encryption: Auto-configured driver 'openssl'.
DEBUG - 2022-11-21 10:22:23 --> Total execution time: 0.0481
DEBUG - 2022-11-21 10:22:24 --> UTF-8 Support Enabled
DEBUG - 2022-11-21 10:22:24 --> Global POST, GET and COOKIE data sanitized
DEBUG - 2022-11-21 10:22:24 --> Config file loaded: /hwonpark/www/application/config/tree.php
DEBUG - 2022-11-21 10:22:24 --> Encryption: Auto-configured driver 'openssl'.
DEBUG - 2022-11-21 10:22:24 --> Total execution time: 0.0494
DEBUG - 2022-11-21 10:22:29 --> UTF-8 Support Enabled
DEBUG - 2022-11-21 10:22:29 --> Global POST, GET and COOKIE data sanitized
DEBUG - 2022-11-21 10:22:29 --> Config file loaded: /hwonpark/www/application/config/tree.php
DEBUG - 2022-11-21 10:22:29 --> Encryption: Auto-configured driver 'openssl'.
DEBUG - 2022-11-21 10:22:29 --> UTF-8 Support Enabled
DEBUG - 2022-11-21 10:22:29 --> Global POST, GET and COOKIE data sanitized
DEBUG - 2022-11-21 10:22:29 --> Config file loaded: /hwonpark/www/application/config/tree.php
DEBUG - 2022-11-21 10:22:29 --> Encryption: Auto-configured driver 'openssl'.
DEBUG - 2022-11-21 10:22:29 --> Total execution time: 0.0433
DEBUG - 2022-11-21 10:22:32 --> UTF-8 Support Enabled
DEBUG - 2022-11-21 10:22:32 --> Global POST, GET and COOKIE data sanitized
DEBUG - 2022-11-21 10:22:32 --> Config file loaded: /hwonpark/www/application/config/tree.php
DEBUG - 2022-11-21 10:22:32 --> Encryption: Auto-configured driver 'openssl'.
DEBUG - 2022-11-21 10:22:32 --> Total execution time: 0.0498
DEBUG - 2022-11-21 10:22:33 --> UTF-8 Support Enabled
DEBUG - 2022-11-21 10:22:33 --> Global POST, GET and COOKIE data sanitized
DEBUG - 2022-11-21 10:22:33 --> Config file loaded: /hwonpark/www/application/config/tree.php
DEBUG - 2022-11-21 10:22:33 --> Encryption: Auto-configured driver 'openssl'.
DEBUG - 2022-11-21 10:22:33 --> Total execution time: 0.0768
DEBUG - 2022-11-21 10:22:38 --> UTF-8 Support Enabled
DEBUG - 2022-11-21 10:22:38 --> Global POST, GET and COOKIE data sanitized
DEBUG - 2022-11-21 10:22:38 --> Config file loaded: /hwonpark/www/application/config/tree.php
DEBUG - 2022-11-21 10:22:38 --> Encryption: Auto-configured driver 'openssl'.
DEBUG - 2022-11-21 10:22:38 --> UTF-8 Support Enabled
DEBUG - 2022-11-21 10:22:38 --> Global POST, GET and COOKIE data sanitized
DEBUG - 2022-11-21 10:22:38 --> Config file loaded: /hwonpark/www/application/config/tree.php
DEBUG - 2022-11-21 10:22:38 --> Encryption: Auto-configured driver 'openssl'.
DEBUG - 2022-11-21 10:22:38 --> Total execution time: 0.0364
DEBUG - 2022-11-21 10:22:41 --> UTF-8 Support Enabled
DEBUG - 2022-11-21 10:22:41 --> Global POST, GET and COOKIE data sanitized
DEBUG - 2022-11-21 10:22:41 --> Config file loaded: /hwonpark/www/application/config/tree.php
DEBUG - 2022-11-21 10:22:41 --> Encryption: Auto-configured driver 'openssl'.
DEBUG - 2022-11-21 10:22:41 --> Total execution time: 0.0441
DEBUG - 2022-11-21 10:22:46 --> UTF-8 Support Enabled
DEBUG - 2022-11-21 10:22:46 --> Global POST, GET and COOKIE data sanitized
DEBUG - 2022-11-21 10:22:46 --> Config file loaded: /hwonpark/www/application/config/tree.php
DEBUG - 2022-11-21 10:22:46 --> Encryption: Auto-configured driver 'openssl'.
DEBUG - 2022-11-21 10:22:46 --> Total execution time: 0.0695
DEBUG - 2022-11-21 10:22:55 --> UTF-8 Support Enabled
DEBUG - 2022-11-21 10:22:55 --> Global POST, GET and COOKIE data sanitized
DEBUG - 2022-11-21 10:22:55 --> Config file loaded: /hwonpark/www/application/config/tree.php
DEBUG - 2022-11-21 10:22:55 --> Encryption: Auto-configured driver 'openssl'.
DEBUG - 2022-11-21 10:22:55 --> UTF-8 Support Enabled
DEBUG - 2022-11-21 10:22:55 --> Global POST, GET and COOKIE data sanitized
DEBUG - 2022-11-21 10:22:55 --> Config file loaded: /hwonpark/www/application/config/tree.php
DEBUG - 2022-11-21 10:22:56 --> Encryption: Auto-configured driver 'openssl'.
DEBUG - 2022-11-21 10:22:56 --> Total execution time: 0.0367
DEBUG - 2022-11-21 10:23:06 --> UTF-8 Support Enabled
DEBUG - 2022-11-21 10:23:06 --> Global POST, GET and COOKIE data sanitized
DEBUG - 2022-11-21 10:23:06 --> Config file loaded: /hwonpark/www/application/config/tree.php
DEBUG - 2022-11-21 10:23:06 --> Encryption: Auto-configured driver 'openssl'.
DEBUG - 2022-11-21 10:23:06 --> Total execution time: 0.0639
DEBUG - 2022-11-21 10:23:08 --> UTF-8 Support Enabled
DEBUG - 2022-11-21 10:23:08 --> Global POST, GET and COOKIE data sanitized
DEBUG - 2022-11-21 10:23:08 --> Config file loaded: /hwonpark/www/application/config/tree.php
DEBUG - 2022-11-21 10:23:08 --> Encryption: Auto-configured driver 'openssl'.
DEBUG - 2022-11-21 10:23:09 --> Total execution time: 0.0732
DEBUG - 2022-11-21 10:23:14 --> UTF-8 Support Enabled
DEBUG - 2022-11-21 10:23:14 --> Global POST, GET and COOKIE data sanitized
DEBUG - 2022-11-21 10:23:14 --> Config file loaded: /hwonpark/www/application/config/tree.php
DEBUG - 2022-11-21 10:23:14 --> Encryption: Auto-configured driver 'openssl'.
DEBUG - 2022-11-21 10:23:15 --> UTF-8 Support Enabled
DEBUG - 2022-11-21 10:23:15 --> Global POST, GET and COOKIE data sanitized
DEBUG - 2022-11-21 10:23:15 --> Config file loaded: /hwonpark/www/application/config/tree.php
DEBUG - 2022-11-21 10:23:15 --> Encryption: Auto-configured driver 'openssl'.
DEBUG - 2022-11-21 10:23:15 --> Total execution time: 0.0414
DEBUG - 2022-11-21 10:23:19 --> UTF-8 Support Enabled
DEBUG - 2022-11-21 10:23:19 --> Global POST, GET and COOKIE data sanitized
DEBUG - 2022-11-21 10:23:19 --> Config file loaded: /hwonpark/www/application/config/tree.php
DEBUG - 2022-11-21 10:23:19 --> Encryption: Auto-configured driver 'openssl'.
DEBUG - 2022-11-21 10:23:19 --> Total execution time: 0.0513
DEBUG - 2022-11-21 10:23:20 --> UTF-8 Support Enabled
DEBUG - 2022-11-21 10:23:20 --> Global POST, GET and COOKIE data sanitized
DEBUG - 2022-11-21 10:23:20 --> Config file loaded: /hwonpark/www/application/config/tree.php
DEBUG - 2022-11-21 10:23:20 --> Encryption: Auto-configured driver 'openssl'.
DEBUG - 2022-11-21 10:23:20 --> Total execution time: 0.0438
DEBUG - 2022-11-21 10:23:24 --> UTF-8 Support Enabled
DEBUG - 2022-11-21 10:23:24 --> Global POST, GET and COOKIE data sanitized
DEBUG - 2022-11-21 10:23:24 --> Config file loaded: /hwonpark/www/application/config/tree.php
DEBUG - 2022-11-21 10:23:24 --> Encryption: Auto-configured driver 'openssl'.
DEBUG - 2022-11-21 10:23:24 --> UTF-8 Support Enabled
DEBUG - 2022-11-21 10:23:24 --> Global POST, GET and COOKIE data sanitized
DEBUG - 2022-11-21 10:23:24 --> Config file loaded: /hwonpark/www/application/config/tree.php
DEBUG - 2022-11-21 10:23:24 --> Encryption: Auto-configured driver 'openssl'.
DEBUG - 2022-11-21 10:23:24 --> Total execution time: 0.0358
DEBUG - 2022-11-21 10:23:28 --> UTF-8 Support Enabled
DEBUG - 2022-11-21 10:23:28 --> Global POST, GET and COOKIE data sanitized
DEBUG - 2022-11-21 10:23:28 --> Config file loaded: /hwonpark/www/application/config/tree.php
DEBUG - 2022-11-21 10:23:28 --> Encryption: Auto-configured driver 'openssl'.
DEBUG - 2022-11-21 10:23:28 --> Total execution time: 0.0491
DEBUG - 2022-11-21 10:23:31 --> UTF-8 Support Enabled
DEBUG - 2022-11-21 10:23:31 --> Global POST, GET and COOKIE data sanitized
DEBUG - 2022-11-21 10:23:31 --> Config file loaded: /hwonpark/www/application/config/tree.php
DEBUG - 2022-11-21 10:23:31 --> Encryption: Auto-configured driver 'openssl'.
DEBUG - 2022-11-21 10:23:31 --> Total execution time: 0.0637
DEBUG - 2022-11-21 10:23:33 --> UTF-8 Support Enabled
DEBUG - 2022-11-21 10:23:33 --> Global POST, GET and COOKIE data sanitized
DEBUG - 2022-11-21 10:23:33 --> Config file loaded: /hwonpark/www/application/config/tree.php
DEBUG - 2022-11-21 10:23:33 --> Encryption: Auto-configured driver 'openssl'.
DEBUG - 2022-11-21 10:23:33 --> Total execution time: 0.0479
DEBUG - 2022-11-21 10:23:35 --> UTF-8 Support Enabled
DEBUG - 2022-11-21 10:23:35 --> Global POST, GET and COOKIE data sanitized
DEBUG - 2022-11-21 10:23:35 --> Config file loaded: /hwonpark/www/application/config/tree.php
DEBUG - 2022-11-21 10:23:35 --> Encryption: Auto-configured driver 'openssl'.
DEBUG - 2022-11-21 10:23:35 --> Total execution time: 0.0603
DEBUG - 2022-11-21 10:23:36 --> UTF-8 Support Enabled
DEBUG - 2022-11-21 10:23:36 --> Global POST, GET and COOKIE data sanitized
DEBUG - 2022-11-21 10:23:36 --> Config file loaded: /hwonpark/www/application/config/tree.php
DEBUG - 2022-11-21 10:23:36 --> Encryption: Auto-configured driver 'openssl'.
DEBUG - 2022-11-21 10:23:36 --> Total execution time: 0.0501
DEBUG - 2022-11-21 10:23:38 --> UTF-8 Support Enabled
DEBUG - 2022-11-21 10:23:38 --> Global POST, GET and COOKIE data sanitized
DEBUG - 2022-11-21 10:23:38 --> Config file loaded: /hwonpark/www/application/config/tree.php
DEBUG - 2022-11-21 10:23:38 --> Encryption: Auto-configured driver 'openssl'.
DEBUG - 2022-11-21 10:23:38 --> Total execution time: 0.0352
DEBUG - 2022-11-21 10:23:39 --> UTF-8 Support Enabled
DEBUG - 2022-11-21 10:23:39 --> Global POST, GET and COOKIE data sanitized
DEBUG - 2022-11-21 10:23:39 --> Config file loaded: /hwonpark/www/application/config/tree.php
DEBUG - 2022-11-21 10:23:39 --> Encryption: Auto-configured driver 'openssl'.
DEBUG - 2022-11-21 10:23:39 --> Total execution time: 0.0470
DEBUG - 2022-11-21 10:23:41 --> UTF-8 Support Enabled
DEBUG - 2022-11-21 10:23:41 --> Global POST, GET and COOKIE data sanitized
DEBUG - 2022-11-21 10:23:41 --> Config file loaded: /hwonpark/www/application/config/tree.php
DEBUG - 2022-11-21 10:23:41 --> Encryption: Auto-configured driver 'openssl'.
DEBUG - 2022-11-21 10:23:41 --> Total execution time: 0.0373
DEBUG - 2022-11-21 10:23:43 --> UTF-8 Support Enabled
DEBUG - 2022-11-21 10:23:43 --> Global POST, GET and COOKIE data sanitized
DEBUG - 2022-11-21 10:23:43 --> Config file loaded: /hwonpark/www/application/config/tree.php
DEBUG - 2022-11-21 10:23:43 --> Encryption: Auto-configured driver 'openssl'.
DEBUG - 2022-11-21 10:23:43 --> Total execution time: 0.0473
DEBUG - 2022-11-21 10:23:44 --> UTF-8 Support Enabled
DEBUG - 2022-11-21 10:23:44 --> Global POST, GET and COOKIE data sanitized
DEBUG - 2022-11-21 10:23:44 --> Config file loaded: /hwonpark/www/application/config/tree.php
DEBUG - 2022-11-21 10:23:44 --> Encryption: Auto-configured driver 'openssl'.
DEBUG - 2022-11-21 10:23:44 --> Total execution time: 0.0356
DEBUG - 2022-11-21 10:23:45 --> UTF-8 Support Enabled
DEBUG - 2022-11-21 10:23:45 --> Global POST, GET and COOKIE data sanitized
DEBUG - 2022-11-21 10:23:45 --> Config file loaded: /hwonpark/www/application/config/tree.php
DEBUG - 2022-11-21 10:23:45 --> Encryption: Auto-configured driver 'openssl'.
DEBUG - 2022-11-21 10:23:45 --> Total execution time: 0.0649
DEBUG - 2022-11-21 10:23:47 --> UTF-8 Support Enabled
DEBUG - 2022-11-21 10:23:47 --> Global POST, GET and COOKIE data sanitized
DEBUG - 2022-11-21 10:23:47 --> Config file loaded: /hwonpark/www/application/config/tree.php
DEBUG - 2022-11-21 10:23:47 --> Encryption: Auto-configured driver 'openssl'.
DEBUG - 2022-11-21 10:23:47 --> Total execution time: 0.0355
DEBUG - 2022-11-21 10:23:48 --> UTF-8 Support Enabled
DEBUG - 2022-11-21 10:23:48 --> Global POST, GET and COOKIE data sanitized
DEBUG - 2022-11-21 10:23:48 --> Config file loaded: /hwonpark/www/application/config/tree.php
DEBUG - 2022-11-21 10:23:48 --> Encryption: Auto-configured driver 'openssl'.
DEBUG - 2022-11-21 10:23:48 --> Total execution time: 0.0738
DEBUG - 2022-11-21 10:23:51 --> UTF-8 Support Enabled
DEBUG - 2022-11-21 10:23:51 --> Global POST, GET and COOKIE data sanitized
DEBUG - 2022-11-21 10:23:51 --> Config file loaded: /hwonpark/www/application/config/tree.php
DEBUG - 2022-11-21 10:23:51 --> Encryption: Auto-configured driver 'openssl'.
DEBUG - 2022-11-21 10:23:51 --> Total execution time: 0.0360
DEBUG - 2022-11-21 10:23:52 --> UTF-8 Support Enabled
DEBUG - 2022-11-21 10:23:52 --> Global POST, GET and COOKIE data sanitized
DEBUG - 2022-11-21 10:23:52 --> Config file loaded: /hwonpark/www/application/config/tree.php
DEBUG - 2022-11-21 10:23:52 --> Encryption: Auto-configured driver 'openssl'.
DEBUG - 2022-11-21 10:23:52 --> Total execution time: 0.0489
DEBUG - 2022-11-21 10:24:19 --> UTF-8 Support Enabled
DEBUG - 2022-11-21 10:24:19 --> Global POST, GET and COOKIE data sanitized
DEBUG - 2022-11-21 10:24:19 --> Config file loaded: /hwonpark/www/application/config/tree.php
DEBUG - 2022-11-21 10:24:19 --> Encryption: Auto-configured driver 'openssl'.
DEBUG - 2022-11-21 10:24:19 --> Total execution time: 0.0415
DEBUG - 2022-11-21 10:29:15 --> UTF-8 Support Enabled
DEBUG - 2022-11-21 10:29:15 --> Global POST, GET and COOKIE data sanitized
DEBUG - 2022-11-21 10:29:15 --> Config file loaded: /hwonpark/www/application/config/tree.php
DEBUG - 2022-11-21 10:29:15 --> Encryption: Auto-configured driver 'openssl'.
DEBUG - 2022-11-21 10:29:15 --> UTF-8 Support Enabled
DEBUG - 2022-11-21 10:29:15 --> Global POST, GET and COOKIE data sanitized
DEBUG - 2022-11-21 10:29:15 --> Config file loaded: /hwonpark/www/application/config/tree.php
DEBUG - 2022-11-21 10:29:15 --> Encryption: Auto-configured driver 'openssl'.
DEBUG - 2022-11-21 10:29:15 --> Encryption class already loaded. Second attempt ignored.
DEBUG - 2022-11-21 10:29:15 --> Total execution time: 0.0370
DEBUG - 2022-11-21 10:29:16 --> UTF-8 Support Enabled
DEBUG - 2022-11-21 10:29:16 --> Global POST, GET and COOKIE data sanitized
DEBUG - 2022-11-21 10:29:16 --> Config file loaded: /hwonpark/www/application/config/tree.php
DEBUG - 2022-11-21 10:29:16 --> Encryption: Auto-configured driver 'openssl'.
DEBUG - 2022-11-21 10:29:16 --> Total execution time: 0.0342
DEBUG - 2022-11-21 10:29:18 --> UTF-8 Support Enabled
DEBUG - 2022-11-21 10:29:18 --> Global POST, GET and COOKIE data sanitized
DEBUG - 2022-11-21 10:29:18 --> Config file loaded: /hwonpark/www/application/config/tree.php
DEBUG - 2022-11-21 10:29:18 --> Encryption: Auto-configured driver 'openssl'.
DEBUG - 2022-11-21 10:29:18 --> Total execution time: 0.0360
DEBUG - 2022-11-21 10:29:20 --> UTF-8 Support Enabled
DEBUG - 2022-11-21 10:29:20 --> Global POST, GET and COOKIE data sanitized
DEBUG - 2022-11-21 10:29:20 --> Config file loaded: /hwonpark/www/application/config/tree.php
DEBUG - 2022-11-21 10:29:20 --> Encryption: Auto-configured driver 'openssl'.
DEBUG - 2022-11-21 10:29:20 --> Total execution time: 0.0690
DEBUG - 2022-11-21 10:30:12 --> UTF-8 Support Enabled
DEBUG - 2022-11-21 10:30:12 --> Global POST, GET and COOKIE data sanitized
DEBUG - 2022-11-21 10:30:12 --> Config file loaded: /hwonpark/www/application/config/tree.php
DEBUG - 2022-11-21 10:30:12 --> Encryption: Auto-configured driver 'openssl'.
DEBUG - 2022-11-21 10:30:13 --> UTF-8 Support Enabled
DEBUG - 2022-11-21 10:30:13 --> Global POST, GET and COOKIE data sanitized
DEBUG - 2022-11-21 10:30:13 --> Config file loaded: /hwonpark/www/application/config/tree.php
DEBUG - 2022-11-21 10:30:13 --> Encryption: Auto-configured driver 'openssl'.
DEBUG - 2022-11-21 10:30:13 --> Total execution time: 0.0380
DEBUG - 2022-11-21 10:30:35 --> UTF-8 Support Enabled
DEBUG - 2022-11-21 10:30:35 --> Global POST, GET and COOKIE data sanitized
DEBUG - 2022-11-21 10:30:36 --> Config file loaded: /hwonpark/www/application/config/tree.php
DEBUG - 2022-11-21 10:30:36 --> Encryption: Auto-configured driver 'openssl'.
DEBUG - 2022-11-21 10:30:36 --> Total execution time: 0.0830
DEBUG - 2022-11-21 10:31:35 --> UTF-8 Support Enabled
DEBUG - 2022-11-21 10:31:35 --> Global POST, GET and COOKIE data sanitized
DEBUG - 2022-11-21 10:31:35 --> Config file loaded: /hwonpark/www/application/config/tree.php
DEBUG - 2022-11-21 10:31:35 --> Encryption: Auto-configured driver 'openssl'.
DEBUG - 2022-11-21 10:31:37 --> UTF-8 Support Enabled
DEBUG - 2022-11-21 10:31:37 --> Global POST, GET and COOKIE data sanitized
DEBUG - 2022-11-21 10:31:37 --> Config file loaded: /hwonpark/www/application/config/tree.php
DEBUG - 2022-11-21 10:31:37 --> Encryption: Auto-configured driver 'openssl'.
DEBUG - 2022-11-21 10:31:37 --> Total execution time: 0.0505
DEBUG - 2022-11-21 10:43:38 --> UTF-8 Support Enabled
DEBUG - 2022-11-21 10:43:38 --> Global POST, GET and COOKIE data sanitized
DEBUG - 2022-11-21 10:43:38 --> Config file loaded: /hwonpark/www/application/config/tree.php
DEBUG - 2022-11-21 10:43:38 --> Total execution time: 0.0317
DEBUG - 2022-11-21 10:43:48 --> UTF-8 Support Enabled
DEBUG - 2022-11-21 10:43:48 --> Global POST, GET and COOKIE data sanitized
DEBUG - 2022-11-21 10:43:48 --> Config file loaded: /hwonpark/www/application/config/tree.php
DEBUG - 2022-11-21 10:43:48 --> Total execution time: 0.0320
DEBUG - 2022-11-21 10:44:00 --> UTF-8 Support Enabled
DEBUG - 2022-11-21 10:44:00 --> Global POST, GET and COOKIE data sanitized
DEBUG - 2022-11-21 10:44:00 --> Config file loaded: /hwonpark/www/application/config/tree.php
DEBUG - 2022-11-21 10:44:01 --> UTF-8 Support Enabled
DEBUG - 2022-11-21 10:44:01 --> Global POST, GET and COOKIE data sanitized
DEBUG - 2022-11-21 10:44:01 --> Config file loaded: /hwonpark/www/application/config/tree.php
DEBUG - 2022-11-21 10:44:01 --> Encryption: Auto-configured driver 'openssl'.
DEBUG - 2022-11-21 10:44:01 --> UTF-8 Support Enabled
DEBUG - 2022-11-21 10:44:01 --> Global POST, GET and COOKIE data sanitized
DEBUG - 2022-11-21 10:44:01 --> Config file loaded: /hwonpark/www/application/config/tree.php
DEBUG - 2022-11-21 10:44:02 --> Encryption: Auto-configured driver 'openssl'.
DEBUG - 2022-11-21 10:44:02 --> Encryption class already loaded. Second attempt ignored.
DEBUG - 2022-11-21 10:44:02 --> Total execution time: 0.2695
DEBUG - 2022-11-21 10:44:04 --> UTF-8 Support Enabled
DEBUG - 2022-11-21 10:44:04 --> Global POST, GET and COOKIE data sanitized
DEBUG - 2022-11-21 10:44:04 --> Config file loaded: /hwonpark/www/application/config/tree.php
DEBUG - 2022-11-21 10:44:04 --> Encryption: Auto-configured driver 'openssl'.
DEBUG - 2022-11-21 10:44:04 --> Total execution time: 0.0632
DEBUG - 2022-11-21 10:44:13 --> UTF-8 Support Enabled
DEBUG - 2022-11-21 10:44:13 --> Global POST, GET and COOKIE data sanitized
DEBUG - 2022-11-21 10:44:13 --> Config file loaded: /hwonpark/www/application/config/tree.php
DEBUG - 2022-11-21 10:44:13 --> Encryption: Auto-configured driver 'openssl'.
DEBUG - 2022-11-21 10:44:13 --> Total execution time: 0.0651
DEBUG - 2022-11-21 10:44:16 --> UTF-8 Support Enabled
DEBUG - 2022-11-21 10:44:16 --> Global POST, GET and COOKIE data sanitized
DEBUG - 2022-11-21 10:44:16 --> Config file loaded: /hwonpark/www/application/config/tree.php
DEBUG - 2022-11-21 10:44:16 --> Encryption: Auto-configured driver 'openssl'.
DEBUG - 2022-11-21 10:44:16 --> Total execution time: 0.0500
DEBUG - 2022-11-21 10:44:49 --> UTF-8 Support Enabled
DEBUG - 2022-11-21 10:44:49 --> Global POST, GET and COOKIE data sanitized
DEBUG - 2022-11-21 10:44:49 --> Config file loaded: /hwonpark/www/application/config/tree.php
DEBUG - 2022-11-21 10:44:49 --> Encryption: Auto-configured driver 'openssl'.
DEBUG - 2022-11-21 10:44:50 --> UTF-8 Support Enabled
DEBUG - 2022-11-21 10:44:50 --> Global POST, GET and COOKIE data sanitized
DEBUG - 2022-11-21 10:44:50 --> Config file loaded: /hwonpark/www/application/config/tree.php
DEBUG - 2022-11-21 10:44:50 --> Encryption: Auto-configured driver 'openssl'.
DEBUG - 2022-11-21 10:44:50 --> Total execution time: 0.0527
DEBUG - 2022-11-21 11:21:55 --> UTF-8 Support Enabled
DEBUG - 2022-11-21 11:21:55 --> Global POST, GET and COOKIE data sanitized
DEBUG - 2022-11-21 11:21:55 --> Config file loaded: /hwonpark/www/application/config/tree.php
DEBUG - 2022-11-21 11:21:56 --> UTF-8 Support Enabled
DEBUG - 2022-11-21 11:21:56 --> No URI present. Default controller set.
DEBUG - 2022-11-21 11:21:56 --> Global POST, GET and COOKIE data sanitized
DEBUG - 2022-11-21 11:21:57 --> Config file loaded: /hwonpark/www/application/config/tree.php
DEBUG - 2022-11-21 11:21:57 --> Total execution time: 0.0338
DEBUG - 2022-11-21 12:44:58 --> UTF-8 Support Enabled
DEBUG - 2022-11-21 12:44:58 --> No URI present. Default controller set.
DEBUG - 2022-11-21 12:44:58 --> Global POST, GET and COOKIE data sanitized
DEBUG - 2022-11-21 12:44:58 --> Config file loaded: /hwonpark/www/application/config/tree.php
DEBUG - 2022-11-21 12:44:58 --> Total execution time: 0.0364
DEBUG - 2022-11-21 12:44:59 --> UTF-8 Support Enabled
DEBUG - 2022-11-21 12:44:59 --> Global POST, GET and COOKIE data sanitized
ERROR - 2022-11-21 12:44:59 --> 404 Page Not Found: Faviconico/index
DEBUG - 2022-11-21 14:27:15 --> UTF-8 Support Enabled
DEBUG - 2022-11-21 14:27:15 --> No URI present. Default controller set.
DEBUG - 2022-11-21 14:27:15 --> Global POST, GET and COOKIE data sanitized
DEBUG - 2022-11-21 14:27:15 --> Config file loaded: /hwonpark/www/application/config/tree.php
DEBUG - 2022-11-21 14:27:15 --> Total execution time: 0.1804
DEBUG - 2022-11-21 14:27:16 --> UTF-8 Support Enabled
DEBUG - 2022-11-21 14:27:16 --> Global POST, GET and COOKIE data sanitized
ERROR - 2022-11-21 14:27:16 --> 404 Page Not Found: Faviconico/index
DEBUG - 2022-11-21 14:27:30 --> UTF-8 Support Enabled
DEBUG - 2022-11-21 14:27:30 --> Global POST, GET and COOKIE data sanitized
DEBUG - 2022-11-21 14:27:30 --> Config file loaded: /hwonpark/www/application/config/tree.php
DEBUG - 2022-11-21 14:27:30 --> Total execution time: 0.0905
DEBUG - 2022-11-21 14:27:41 --> UTF-8 Support Enabled
DEBUG - 2022-11-21 14:27:41 --> Global POST, GET and COOKIE data sanitized
DEBUG - 2022-11-21 14:27:41 --> Config file loaded: /hwonpark/www/application/config/tree.php
DEBUG - 2022-11-21 14:27:41 --> Total execution time: 0.0500
DEBUG - 2022-11-21 14:27:50 --> UTF-8 Support Enabled
DEBUG - 2022-11-21 14:27:50 --> Global POST, GET and COOKIE data sanitized
DEBUG - 2022-11-21 14:27:50 --> Config file loaded: /hwonpark/www/application/config/tree.php
DEBUG - 2022-11-21 14:27:50 --> Total execution time: 0.0372
DEBUG - 2022-11-21 14:27:52 --> UTF-8 Support Enabled
DEBUG - 2022-11-21 14:27:52 --> Global POST, GET and COOKIE data sanitized
DEBUG - 2022-11-21 14:27:52 --> Config file loaded: /hwonpark/www/application/config/tree.php
DEBUG - 2022-11-21 14:27:52 --> =================== DL_auth-> oauth::CALLBACK - 시작
DEBUG - 2022-11-21 14:27:52 --> =================== DL_auth-> oauth::CALLBACK - kakao param=:: error=
DEBUG - 2022-11-21 14:27:52 --> =================== DL_auth-> oauth::CALLBACK - kakao param=:: state=
DEBUG - 2022-11-21 14:27:52 --> =================== DL_auth-> oauth::CALLBACK - kakao param=:: code=idmWYmiuCYZBQb7lNP-t4EgBBHljSvgGM8JznbP_hRjCUT0RWuWEdD7iPpCk0BKkJmA4UAo9dJcAAAGEmKg5Tw
DEBUG - 2022-11-21 14:27:52 --> =================== DL_auth -> kakao oauth :2: code=idmWYmiuCYZBQb7lNP-t4EgBBHljSvgGM8JznbP_hRjCUT0RWuWEdD7iPpCk0BKkJmA4UAo9dJcAAAGEmKg5Tw
DEBUG - 2022-11-21 14:27:52 --> ====================Dl_auth -> kakao_login :: 시작
DEBUG - 2022-11-21 14:27:52 --> --------------------Dl_auth::kakao_login - 1.토큰요청 시작
DEBUG - 2022-11-21 14:27:52 --> Dl_auth::kakao_login - get_token 시작 n=2
DEBUG - 2022-11-21 14:27:52 --> --------------------Dl_auth::kakao_login - 1.2.토큰요청 시작 -> 기타브라우저
DEBUG - 2022-11-21 14:27:52 --> --------------------Dl_auth::kakao_login - 1.3.토큰요청
DEBUG - 2022-11-21 14:27:52 --> --------------------Dl_auth::kakao_login - 1.4.토큰요청 -> 성공
DEBUG - 2022-11-21 14:27:52 --> UTF-8 Support Enabled
DEBUG - 2022-11-21 14:27:52 --> Global POST, GET and COOKIE data sanitized
DEBUG - 2022-11-21 14:27:52 --> Config file loaded: /hwonpark/www/application/config/tree.php
DEBUG - 2022-11-21 14:27:52 --> =================== DL_auth-> oauth::CALLBACK - 시작
DEBUG - 2022-11-21 14:27:52 --> =================== DL_auth-> oauth::CALLBACK - kakao param=:: error=
DEBUG - 2022-11-21 14:27:52 --> =================== DL_auth-> oauth::CALLBACK - kakao param=:: state=
DEBUG - 2022-11-21 14:27:52 --> =================== DL_auth-> oauth::CALLBACK - kakao param=:: code=idmWYmiuCYZBQb7lNP-t4EgBBHljSvgGM8JznbP_hRjCUT0RWuWEdD7iPpCk0BKkJmA4UAo9dJcAAAGEmKg5Tw
DEBUG - 2022-11-21 14:27:52 --> =================== DL_auth -> kakao oauth :2: code=idmWYmiuCYZBQb7lNP-t4EgBBHljSvgGM8JznbP_hRjCUT0RWuWEdD7iPpCk0BKkJmA4UAo9dJcAAAGEmKg5Tw
DEBUG - 2022-11-21 14:27:52 --> ====================Dl_auth -> kakao_login :: 시작
DEBUG - 2022-11-21 14:27:52 --> ====================Dl_auth::kakao_login - 1.3.5- 사이트 회원정보 업데이트 성공(카카오 인증 완료) state=
DEBUG - 2022-11-21 14:27:54 --> UTF-8 Support Enabled
DEBUG - 2022-11-21 14:27:54 --> Global POST, GET and COOKIE data sanitized
DEBUG - 2022-11-21 14:27:54 --> Config file loaded: /hwonpark/www/application/config/tree.php
DEBUG - 2022-11-21 14:27:54 --> Encryption: Auto-configured driver 'openssl'.
DEBUG - 2022-11-21 14:27:54 --> Total execution time: 0.0358
DEBUG - 2022-11-21 14:27:59 --> UTF-8 Support Enabled
DEBUG - 2022-11-21 14:27:59 --> Global POST, GET and COOKIE data sanitized
DEBUG - 2022-11-21 14:27:59 --> Config file loaded: /hwonpark/www/application/config/tree.php
DEBUG - 2022-11-21 14:27:59 --> Encryption: Auto-configured driver 'openssl'.
DEBUG - 2022-11-21 14:27:59 --> Total execution time: 0.0687
DEBUG - 2022-11-21 14:28:03 --> UTF-8 Support Enabled
DEBUG - 2022-11-21 14:28:03 --> Global POST, GET and COOKIE data sanitized
DEBUG - 2022-11-21 14:28:03 --> Config file loaded: /hwonpark/www/application/config/tree.php
DEBUG - 2022-11-21 14:28:03 --> Encryption: Auto-configured driver 'openssl'.
DEBUG - 2022-11-21 14:28:03 --> --------------------DC_common::chk_perm - 1.인가코드요청 시작 -> if 인앱브라우저
DEBUG - 2022-11-21 14:28:03 --> Total execution time: 0.0613
DEBUG - 2022-11-21 14:34:05 --> UTF-8 Support Enabled
DEBUG - 2022-11-21 14:34:05 --> No URI present. Default controller set.
DEBUG - 2022-11-21 14:34:05 --> Global POST, GET and COOKIE data sanitized
DEBUG - 2022-11-21 14:34:05 --> Config file loaded: /hwonpark/www/application/config/tree.php
DEBUG - 2022-11-21 14:34:05 --> Total execution time: 0.0324
DEBUG - 2022-11-21 14:34:06 --> UTF-8 Support Enabled
DEBUG - 2022-11-21 14:34:06 --> Global POST, GET and COOKIE data sanitized
ERROR - 2022-11-21 14:34:06 --> 404 Page Not Found: Faviconico/index
DEBUG - 2022-11-21 14:34:23 --> UTF-8 Support Enabled
DEBUG - 2022-11-21 14:34:23 --> Global POST, GET and COOKIE data sanitized
DEBUG - 2022-11-21 14:34:24 --> Config file loaded: /hwonpark/www/application/config/tree.php
DEBUG - 2022-11-21 14:34:24 --> Total execution time: 0.0399
DEBUG - 2022-11-21 14:34:24 --> UTF-8 Support Enabled
DEBUG - 2022-11-21 14:34:24 --> Global POST, GET and COOKIE data sanitized
DEBUG - 2022-11-21 14:34:24 --> Config file loaded: /hwonpark/www/application/config/tree.php
DEBUG - 2022-11-21 14:34:25 --> Total execution time: 0.0347
DEBUG - 2022-11-21 14:34:27 --> UTF-8 Support Enabled
DEBUG - 2022-11-21 14:34:27 --> Global POST, GET and COOKIE data sanitized
DEBUG - 2022-11-21 14:34:27 --> Config file loaded: /hwonpark/www/application/config/tree.php
DEBUG - 2022-11-21 14:34:27 --> Total execution time: 0.0712
DEBUG - 2022-11-21 14:34:30 --> UTF-8 Support Enabled
DEBUG - 2022-11-21 14:34:30 --> Global POST, GET and COOKIE data sanitized
DEBUG - 2022-11-21 14:34:30 --> Config file loaded: /hwonpark/www/application/config/tree.php
DEBUG - 2022-11-21 14:34:30 --> Total execution time: 0.0654
DEBUG - 2022-11-21 14:34:34 --> UTF-8 Support Enabled
DEBUG - 2022-11-21 14:34:34 --> Global POST, GET and COOKIE data sanitized
DEBUG - 2022-11-21 14:34:34 --> Config file loaded: /hwonpark/www/application/config/tree.php
DEBUG - 2022-11-21 14:34:34 --> Total execution time: 0.0353
DEBUG - 2022-11-21 14:34:36 --> UTF-8 Support Enabled
DEBUG - 2022-11-21 14:34:36 --> Global POST, GET and COOKIE data sanitized
DEBUG - 2022-11-21 14:34:36 --> Config file loaded: /hwonpark/www/application/config/tree.php
DEBUG - 2022-11-21 14:34:36 --> Total execution time: 0.0587
DEBUG - 2022-11-21 15:17:55 --> UTF-8 Support Enabled
DEBUG - 2022-11-21 15:17:55 --> Global POST, GET and COOKIE data sanitized
DEBUG - 2022-11-21 15:17:55 --> Config file loaded: /hwonpark/www/application/config/tree.php
DEBUG - 2022-11-21 15:17:55 --> Total execution time: 0.0398
DEBUG - 2022-11-21 15:17:55 --> UTF-8 Support Enabled
DEBUG - 2022-11-21 15:17:55 --> Global POST, GET and COOKIE data sanitized
DEBUG - 2022-11-21 15:17:55 --> Config file loaded: /hwonpark/www/application/config/tree.php
DEBUG - 2022-11-21 15:17:55 --> Total execution time: 0.0406
DEBUG - 2022-11-21 15:17:56 --> UTF-8 Support Enabled
DEBUG - 2022-11-21 15:17:56 --> Global POST, GET and COOKIE data sanitized
DEBUG - 2022-11-21 15:17:56 --> Config file loaded: /hwonpark/www/application/config/tree.php
DEBUG - 2022-11-21 15:17:56 --> Total execution time: 0.0498
DEBUG - 2022-11-21 17:57:53 --> UTF-8 Support Enabled
DEBUG - 2022-11-21 17:57:53 --> No URI present. Default controller set.
DEBUG - 2022-11-21 17:57:53 --> Global POST, GET and COOKIE data sanitized
DEBUG - 2022-11-21 17:57:53 --> Config file loaded: /hwonpark/www/application/config/tree.php
DEBUG - 2022-11-21 17:57:53 --> Total execution time: 0.1077
DEBUG - 2022-11-21 17:57:54 --> UTF-8 Support Enabled
DEBUG - 2022-11-21 17:57:54 --> Global POST, GET and COOKIE data sanitized
ERROR - 2022-11-21 17:57:54 --> 404 Page Not Found: Faviconico/index
DEBUG - 2022-11-21 19:54:21 --> UTF-8 Support Enabled
DEBUG - 2022-11-21 19:54:21 --> No URI present. Default controller set.
DEBUG - 2022-11-21 19:54:21 --> Global POST, GET and COOKIE data sanitized
DEBUG - 2022-11-21 19:54:21 --> Config file loaded: /hwonpark/www/application/config/tree.php
DEBUG - 2022-11-21 19:54:21 --> Total execution time: 0.0358
DEBUG - 2022-11-21 19:55:07 --> UTF-8 Support Enabled
DEBUG - 2022-11-21 19:55:07 --> No URI present. Default controller set.
DEBUG - 2022-11-21 19:55:07 --> Global POST, GET and COOKIE data sanitized
DEBUG - 2022-11-21 19:55:07 --> Config file loaded: /hwonpark/www/application/config/tree.php
DEBUG - 2022-11-21 19:55:07 --> Total execution time: 0.0400
DEBUG - 2022-11-21 19:55:12 --> UTF-8 Support Enabled
DEBUG - 2022-11-21 19:55:12 --> Global POST, GET and COOKIE data sanitized
DEBUG - 2022-11-21 19:55:12 --> Config file loaded: /hwonpark/www/application/config/tree.php
DEBUG - 2022-11-21 19:55:12 --> Total execution time: 0.0652
DEBUG - 2022-11-21 19:55:16 --> UTF-8 Support Enabled
DEBUG - 2022-11-21 19:55:16 --> No URI present. Default controller set.
DEBUG - 2022-11-21 19:55:16 --> Global POST, GET and COOKIE data sanitized
DEBUG - 2022-11-21 19:55:16 --> Config file loaded: /hwonpark/www/application/config/tree.php
DEBUG - 2022-11-21 19:55:16 --> Total execution time: 0.0326
DEBUG - 2022-11-21 19:55:17 --> UTF-8 Support Enabled
DEBUG - 2022-11-21 19:55:17 --> Global POST, GET and COOKIE data sanitized
DEBUG - 2022-11-21 19:55:17 --> Config file loaded: /hwonpark/www/application/config/tree.php
DEBUG - 2022-11-21 19:55:19 --> UTF-8 Support Enabled
DEBUG - 2022-11-21 19:55:19 --> Global POST, GET and COOKIE data sanitized
DEBUG - 2022-11-21 19:55:19 --> Config file loaded: /hwonpark/www/application/config/tree.php
DEBUG - 2022-11-21 19:55:19 --> Total execution time: 0.0317
DEBUG - 2022-11-21 19:55:19 --> UTF-8 Support Enabled
DEBUG - 2022-11-21 19:55:19 --> No URI present. Default controller set.
DEBUG - 2022-11-21 19:55:19 --> Global POST, GET and COOKIE data sanitized
DEBUG - 2022-11-21 19:55:19 --> Config file loaded: /hwonpark/www/application/config/tree.php
DEBUG - 2022-11-21 19:55:19 --> Total execution time: 0.0291
DEBUG - 2022-11-21 19:55:20 --> UTF-8 Support Enabled
DEBUG - 2022-11-21 19:55:20 --> Global POST, GET and COOKIE data sanitized
DEBUG - 2022-11-21 19:55:20 --> Config file loaded: /hwonpark/www/application/config/tree.php
DEBUG - 2022-11-21 19:55:22 --> UTF-8 Support Enabled
DEBUG - 2022-11-21 19:55:22 --> Global POST, GET and COOKIE data sanitized
DEBUG - 2022-11-21 19:55:22 --> Config file loaded: /hwonpark/www/application/config/tree.php
DEBUG - 2022-11-21 19:55:22 --> Total execution time: 0.0652
DEBUG - 2022-11-21 19:55:28 --> UTF-8 Support Enabled
DEBUG - 2022-11-21 19:55:28 --> Global POST, GET and COOKIE data sanitized
DEBUG - 2022-11-21 19:55:28 --> Config file loaded: /hwonpark/www/application/config/tree.php
DEBUG - 2022-11-21 19:55:28 --> =================== DL_auth-> oauth::CALLBACK - 시작
DEBUG - 2022-11-21 19:55:28 --> =================== DL_auth-> oauth::CALLBACK - kakao param=:: error=
DEBUG - 2022-11-21 19:55:28 --> =================== DL_auth-> oauth::CALLBACK - kakao param=:: state=
DEBUG - 2022-11-21 19:55:28 --> =================== DL_auth-> oauth::CALLBACK - kakao param=:: code=cXQ0GyXLk_1qVhYDNWcp1hiJLrRuWWGaMymiuVPfAnZcqnEptF2CIH5B2TSA6MkECpCRUQopb1UAAAGEmdQhyA
DEBUG - 2022-11-21 19:55:28 --> =================== DL_auth -> kakao oauth :2: code=cXQ0GyXLk_1qVhYDNWcp1hiJLrRuWWGaMymiuVPfAnZcqnEptF2CIH5B2TSA6MkECpCRUQopb1UAAAGEmdQhyA
DEBUG - 2022-11-21 19:55:28 --> ====================Dl_auth -> kakao_login :: 시작
DEBUG - 2022-11-21 19:55:28 --> --------------------Dl_auth::kakao_login - 1.토큰요청 시작
DEBUG - 2022-11-21 19:55:28 --> Dl_auth::kakao_login - get_token 시작 n=2
DEBUG - 2022-11-21 19:55:28 --> --------------------Dl_auth::kakao_login - 1.2.토큰요청 시작 -> 기타브라우저
DEBUG - 2022-11-21 19:55:28 --> --------------------Dl_auth::kakao_login - 1.3.토큰요청
DEBUG - 2022-11-21 19:55:28 --> --------------------Dl_auth::kakao_login - 1.4.토큰요청 -> 성공
DEBUG - 2022-11-21 19:55:28 --> UTF-8 Support Enabled
DEBUG - 2022-11-21 19:55:28 --> Global POST, GET and COOKIE data sanitized
DEBUG - 2022-11-21 19:55:28 --> Config file loaded: /hwonpark/www/application/config/tree.php
DEBUG - 2022-11-21 19:55:28 --> =================== DL_auth-> oauth::CALLBACK - 시작
DEBUG - 2022-11-21 19:55:28 --> =================== DL_auth-> oauth::CALLBACK - kakao param=:: error=
DEBUG - 2022-11-21 19:55:28 --> =================== DL_auth-> oauth::CALLBACK - kakao param=:: state=
DEBUG - 2022-11-21 19:55:28 --> =================== DL_auth-> oauth::CALLBACK - kakao param=:: code=cXQ0GyXLk_1qVhYDNWcp1hiJLrRuWWGaMymiuVPfAnZcqnEptF2CIH5B2TSA6MkECpCRUQopb1UAAAGEmdQhyA
DEBUG - 2022-11-21 19:55:28 --> =================== DL_auth -> kakao oauth :2: code=cXQ0GyXLk_1qVhYDNWcp1hiJLrRuWWGaMymiuVPfAnZcqnEptF2CIH5B2TSA6MkECpCRUQopb1UAAAGEmdQhyA
DEBUG - 2022-11-21 19:55:28 --> ====================Dl_auth -> kakao_login :: 시작
DEBUG - 2022-11-21 19:55:31 --> UTF-8 Support Enabled
DEBUG - 2022-11-21 19:55:31 --> Global POST, GET and COOKIE data sanitized
DEBUG - 2022-11-21 19:55:31 --> Config file loaded: /hwonpark/www/application/config/tree.php
DEBUG - 2022-11-21 19:55:31 --> Total execution time: 0.0398
DEBUG - 2022-11-21 19:55:37 --> UTF-8 Support Enabled
DEBUG - 2022-11-21 19:55:37 --> Global POST, GET and COOKIE data sanitized
DEBUG - 2022-11-21 19:55:37 --> Session class already loaded. Second attempt ignored.
DEBUG - 2022-11-21 19:55:37 --> Total execution time: 0.0375
DEBUG - 2022-11-21 19:55:39 --> UTF-8 Support Enabled
DEBUG - 2022-11-21 19:55:39 --> Global POST, GET and COOKIE data sanitized
DEBUG - 2022-11-21 19:55:39 --> Config file loaded: /hwonpark/www/application/config/tree.php
DEBUG - 2022-11-21 19:55:39 --> =================== DL_auth-> oauth::CALLBACK - 시작
DEBUG - 2022-11-21 19:55:39 --> =================== DL_auth-> oauth::CALLBACK - kakao param=:: error=
DEBUG - 2022-11-21 19:55:39 --> =================== DL_auth-> oauth::CALLBACK - kakao param=:: state=
DEBUG - 2022-11-21 19:55:39 --> =================== DL_auth-> oauth::CALLBACK - kakao param=:: code=phYgXzxYvjk93qyrgU4gzlJNCJZkhqJxUW8KtOUAJQ43qztjUZx_kfBCGBsDdgsjlqlEigopcSEAAAGEmdRMqQ
DEBUG - 2022-11-21 19:55:39 --> =================== DL_auth -> kakao oauth :2: code=phYgXzxYvjk93qyrgU4gzlJNCJZkhqJxUW8KtOUAJQ43qztjUZx_kfBCGBsDdgsjlqlEigopcSEAAAGEmdRMqQ
DEBUG - 2022-11-21 19:55:39 --> ====================Dl_auth -> kakao_login :: 시작
DEBUG - 2022-11-21 19:55:39 --> UTF-8 Support Enabled
DEBUG - 2022-11-21 19:55:39 --> Global POST, GET and COOKIE data sanitized
DEBUG - 2022-11-21 19:55:39 --> Config file loaded: /hwonpark/www/application/config/tree.php
DEBUG - 2022-11-21 19:55:39 --> =================== DL_auth -> joinForm :: 시작
DEBUG - 2022-11-21 19:55:39 --> =================== DL_auth -> joinForm :: 끝
DEBUG - 2022-11-21 19:55:39 --> Total execution time: 0.0476
DEBUG - 2022-11-21 19:55:48 --> UTF-8 Support Enabled
DEBUG - 2022-11-21 19:55:48 --> Global POST, GET and COOKIE data sanitized
DEBUG - 2022-11-21 19:55:48 --> Config file loaded: /hwonpark/www/application/config/tree.php
DEBUG - 2022-11-21 19:55:48 --> Total execution time: 0.0291
DEBUG - 2022-11-21 19:55:58 --> UTF-8 Support Enabled
DEBUG - 2022-11-21 19:55:58 --> Global POST, GET and COOKIE data sanitized
DEBUG - 2022-11-21 19:55:58 --> Session class already loaded. Second attempt ignored.
DEBUG - 2022-11-21 19:55:58 --> Total execution time: 0.0370
DEBUG - 2022-11-21 19:56:00 --> UTF-8 Support Enabled
DEBUG - 2022-11-21 19:56:00 --> Global POST, GET and COOKIE data sanitized
DEBUG - 2022-11-21 19:56:00 --> Config file loaded: /hwonpark/www/application/config/tree.php
DEBUG - 2022-11-21 19:56:00 --> =================== DL_auth-> oauth::CALLBACK - 시작
DEBUG - 2022-11-21 19:56:00 --> =================== DL_auth-> oauth::CALLBACK - kakao param=:: error=
DEBUG - 2022-11-21 19:56:00 --> =================== DL_auth-> oauth::CALLBACK - kakao param=:: state=
DEBUG - 2022-11-21 19:56:00 --> =================== DL_auth-> oauth::CALLBACK - kakao param=:: code=7wUJDaMd5LAUULS-5INDRmvojzw1Svn844uwgrvtMnoQnAVu1bRkFv2HxjoCnFfGctIdgAorDSAAAAGEmdSd4Q
DEBUG - 2022-11-21 19:56:00 --> =================== DL_auth -> kakao oauth :2: code=7wUJDaMd5LAUULS-5INDRmvojzw1Svn844uwgrvtMnoQnAVu1bRkFv2HxjoCnFfGctIdgAorDSAAAAGEmdSd4Q
DEBUG - 2022-11-21 19:56:00 --> ====================Dl_auth -> kakao_login :: 시작
DEBUG - 2022-11-21 19:56:00 --> UTF-8 Support Enabled
DEBUG - 2022-11-21 19:56:00 --> Global POST, GET and COOKIE data sanitized
DEBUG - 2022-11-21 19:56:00 --> Config file loaded: /hwonpark/www/application/config/tree.php
DEBUG - 2022-11-21 19:56:00 --> =================== DL_auth -> joinForm :: 시작
DEBUG - 2022-11-21 19:56:00 --> =================== DL_auth -> joinForm :: 끝
DEBUG - 2022-11-21 19:56:00 --> Total execution time: 0.0621
DEBUG - 2022-11-21 19:56:02 --> UTF-8 Support Enabled
DEBUG - 2022-11-21 19:56:02 --> Global POST, GET and COOKIE data sanitized
DEBUG - 2022-11-21 19:56:02 --> Config file loaded: /hwonpark/www/application/config/tree.php
DEBUG - 2022-11-21 19:56:02 --> Total execution time: 0.0325
DEBUG - 2022-11-21 19:56:07 --> UTF-8 Support Enabled
DEBUG - 2022-11-21 19:56:07 --> Global POST, GET and COOKIE data sanitized
DEBUG - 2022-11-21 19:56:07 --> Session class already loaded. Second attempt ignored.
DEBUG - 2022-11-21 19:56:07 --> Total execution time: 0.0125
DEBUG - 2022-11-21 19:56:09 --> UTF-8 Support Enabled
DEBUG - 2022-11-21 19:56:09 --> Global POST, GET and COOKIE data sanitized
DEBUG - 2022-11-21 19:56:09 --> Config file loaded: /hwonpark/www/application/config/tree.php
DEBUG - 2022-11-21 19:56:09 --> =================== DL_auth-> oauth::CALLBACK - 시작
DEBUG - 2022-11-21 19:56:09 --> =================== DL_auth-> oauth::CALLBACK - kakao param=:: error=
DEBUG - 2022-11-21 19:56:09 --> =================== DL_auth-> oauth::CALLBACK - kakao param=:: state=
DEBUG - 2022-11-21 19:56:09 --> =================== DL_auth-> oauth::CALLBACK - kakao param=:: code=ghnyZt8O1fHyto5pu3x_Rr2XANSCu7yJ_pwJuSgBLn8Meb803_xlK5ovh6VNz_TiQZC2lgopcBMAAAGEmdTCzg
DEBUG - 2022-11-21 19:56:09 --> =================== DL_auth -> kakao oauth :2: code=ghnyZt8O1fHyto5pu3x_Rr2XANSCu7yJ_pwJuSgBLn8Meb803_xlK5ovh6VNz_TiQZC2lgopcBMAAAGEmdTCzg
DEBUG - 2022-11-21 19:56:09 --> ====================Dl_auth -> kakao_login :: 시작
DEBUG - 2022-11-21 19:56:09 --> UTF-8 Support Enabled
DEBUG - 2022-11-21 19:56:09 --> Global POST, GET and COOKIE data sanitized
DEBUG - 2022-11-21 19:56:09 --> Config file loaded: /hwonpark/www/application/config/tree.php
DEBUG - 2022-11-21 19:56:09 --> =================== DL_auth -> joinForm :: 시작
DEBUG - 2022-11-21 19:56:09 --> =================== DL_auth -> joinForm :: 끝
DEBUG - 2022-11-21 19:56:09 --> Total execution time: 0.0647
DEBUG - 2022-11-21 19:56:32 --> UTF-8 Support Enabled
DEBUG - 2022-11-21 19:56:32 --> Global POST, GET and COOKIE data sanitized
DEBUG - 2022-11-21 19:56:32 --> Config file loaded: /hwonpark/www/application/config/tree.php
DEBUG - 2022-11-21 19:56:32 --> Total execution time: 0.0399
DEBUG - 2022-11-21 19:56:36 --> UTF-8 Support Enabled
DEBUG - 2022-11-21 19:56:36 --> Global POST, GET and COOKIE data sanitized
DEBUG - 2022-11-21 19:56:36 --> Session class already loaded. Second attempt ignored.
DEBUG - 2022-11-21 19:56:36 --> Total execution time: 0.0366
DEBUG - 2022-11-21 19:56:37 --> UTF-8 Support Enabled
DEBUG - 2022-11-21 19:56:37 --> Global POST, GET and COOKIE data sanitized
DEBUG - 2022-11-21 19:56:37 --> Config file loaded: /hwonpark/www/application/config/tree.php
DEBUG - 2022-11-21 19:56:37 --> =================== DL_auth-> oauth::CALLBACK - 시작
DEBUG - 2022-11-21 19:56:37 --> =================== DL_auth-> oauth::CALLBACK - kakao param=:: error=
DEBUG - 2022-11-21 19:56:37 --> =================== DL_auth-> oauth::CALLBACK - kakao param=:: state=
DEBUG - 2022-11-21 19:56:37 --> =================== DL_auth-> oauth::CALLBACK - kakao param=:: code=mB2Y-2JLi_p-L_EzHHqRaarnf31vs-Bk_jb8i13-oPYsDaJalEuXCIEyREBrz39UJhaTXQo9dVsAAAGEmdUxDw
DEBUG - 2022-11-21 19:56:37 --> =================== DL_auth -> kakao oauth :2: code=mB2Y-2JLi_p-L_EzHHqRaarnf31vs-Bk_jb8i13-oPYsDaJalEuXCIEyREBrz39UJhaTXQo9dVsAAAGEmdUxDw
DEBUG - 2022-11-21 19:56:37 --> ====================Dl_auth -> kakao_login :: 시작
DEBUG - 2022-11-21 19:56:37 --> UTF-8 Support Enabled
DEBUG - 2022-11-21 19:56:37 --> Global POST, GET and COOKIE data sanitized
DEBUG - 2022-11-21 19:56:37 --> Config file loaded: /hwonpark/www/application/config/tree.php
DEBUG - 2022-11-21 19:56:37 --> =================== DL_auth -> joinForm :: 시작
DEBUG - 2022-11-21 19:56:37 --> =================== DL_auth -> joinForm :: 끝
DEBUG - 2022-11-21 19:56:37 --> Total execution time: 0.0453
DEBUG - 2022-11-21 19:58:08 --> UTF-8 Support Enabled
DEBUG - 2022-11-21 19:58:08 --> Global POST, GET and COOKIE data sanitized
DEBUG - 2022-11-21 19:58:08 --> Config file loaded: /hwonpark/www/application/config/tree.php
DEBUG - 2022-11-21 19:58:08 --> ====================Dl_auth -> signup :: 시작
DEBUG - 2022-11-21 19:58:08 --> Encryption: Auto-configured driver 'openssl'.
DEBUG - 2022-11-21 19:58:09 --> UTF-8 Support Enabled
DEBUG - 2022-11-21 19:58:09 --> No URI present. Default controller set.
DEBUG - 2022-11-21 19:58:09 --> Global POST, GET and COOKIE data sanitized
DEBUG - 2022-11-21 19:58:09 --> Config file loaded: /hwonpark/www/application/config/tree.php
DEBUG - 2022-11-21 19:58:09 --> Encryption: Auto-configured driver 'openssl'.
DEBUG - 2022-11-21 19:58:09 --> Total execution time: 0.0332
DEBUG - 2022-11-21 19:58:11 --> UTF-8 Support Enabled
DEBUG - 2022-11-21 19:58:11 --> Global POST, GET and COOKIE data sanitized
DEBUG - 2022-11-21 19:58:11 --> Config file loaded: /hwonpark/www/application/config/tree.php
DEBUG - 2022-11-21 19:58:11 --> Encryption: Auto-configured driver 'openssl'.
DEBUG - 2022-11-21 19:58:11 --> Total execution time: 0.0582
DEBUG - 2022-11-21 19:58:14 --> UTF-8 Support Enabled
DEBUG - 2022-11-21 19:58:14 --> No URI present. Default controller set.
DEBUG - 2022-11-21 19:58:14 --> Global POST, GET and COOKIE data sanitized
DEBUG - 2022-11-21 19:58:14 --> Config file loaded: /hwonpark/www/application/config/tree.php
DEBUG - 2022-11-21 19:58:14 --> Encryption: Auto-configured driver 'openssl'.
DEBUG - 2022-11-21 19:58:14 --> Total execution time: 0.0692
DEBUG - 2022-11-21 19:58:16 --> UTF-8 Support Enabled
DEBUG - 2022-11-21 19:58:16 --> Global POST, GET and COOKIE data sanitized
DEBUG - 2022-11-21 19:58:16 --> Config file loaded: /hwonpark/www/application/config/tree.php
DEBUG - 2022-11-21 19:58:16 --> Encryption: Auto-configured driver 'openssl'.
DEBUG - 2022-11-21 19:58:16 --> Total execution time: 0.0344
DEBUG - 2022-11-21 19:58:21 --> UTF-8 Support Enabled
DEBUG - 2022-11-21 19:58:21 --> Global POST, GET and COOKIE data sanitized
DEBUG - 2022-11-21 19:58:21 --> Config file loaded: /hwonpark/www/application/config/tree.php
DEBUG - 2022-11-21 19:58:21 --> Encryption: Auto-configured driver 'openssl'.
DEBUG - 2022-11-21 19:58:21 --> Total execution time: 0.0528
DEBUG - 2022-11-21 19:58:24 --> UTF-8 Support Enabled
DEBUG - 2022-11-21 19:58:24 --> Global POST, GET and COOKIE data sanitized
DEBUG - 2022-11-21 19:58:24 --> Config file loaded: /hwonpark/www/application/config/tree.php
DEBUG - 2022-11-21 19:58:24 --> Encryption: Auto-configured driver 'openssl'.
DEBUG - 2022-11-21 19:58:25 --> UTF-8 Support Enabled
DEBUG - 2022-11-21 19:58:25 --> Global POST, GET and COOKIE data sanitized
DEBUG - 2022-11-21 19:58:25 --> Config file loaded: /hwonpark/www/application/config/tree.php
DEBUG - 2022-11-21 19:58:25 --> Encryption: Auto-configured driver 'openssl'.
DEBUG - 2022-11-21 19:58:41 --> UTF-8 Support Enabled
DEBUG - 2022-11-21 19:58:41 --> Global POST, GET and COOKIE data sanitized
DEBUG - 2022-11-21 19:58:41 --> Config file loaded: /hwonpark/www/application/config/tree.php
DEBUG - 2022-11-21 19:58:41 --> Encryption: Auto-configured driver 'openssl'.
DEBUG - 2022-11-21 19:58:41 --> Total execution time: 0.0433
DEBUG - 2022-11-21 19:58:51 --> UTF-8 Support Enabled
DEBUG - 2022-11-21 19:58:51 --> Global POST, GET and COOKIE data sanitized
DEBUG - 2022-11-21 19:58:51 --> Config file loaded: /hwonpark/www/application/config/tree.php
DEBUG - 2022-11-21 19:58:51 --> Encryption: Auto-configured driver 'openssl'.
DEBUG - 2022-11-21 19:58:51 --> Total execution time: 0.0655
DEBUG - 2022-11-21 19:58:53 --> UTF-8 Support Enabled
DEBUG - 2022-11-21 19:58:53 --> Global POST, GET and COOKIE data sanitized
DEBUG - 2022-11-21 19:58:53 --> Config file loaded: /hwonpark/www/application/config/tree.php
DEBUG - 2022-11-21 19:58:53 --> Encryption: Auto-configured driver 'openssl'.
DEBUG - 2022-11-21 19:58:53 --> Total execution time: 0.0496
DEBUG - 2022-11-21 19:59:01 --> UTF-8 Support Enabled
DEBUG - 2022-11-21 19:59:01 --> Global POST, GET and COOKIE data sanitized
DEBUG - 2022-11-21 19:59:01 --> Config file loaded: /hwonpark/www/application/config/tree.php
DEBUG - 2022-11-21 19:59:01 --> Encryption: Auto-configured driver 'openssl'.
DEBUG - 2022-11-21 19:59:01 --> Total execution time: 0.0372
DEBUG - 2022-11-21 19:59:03 --> UTF-8 Support Enabled
DEBUG - 2022-11-21 19:59:03 --> Global POST, GET and COOKIE data sanitized
DEBUG - 2022-11-21 19:59:03 --> Config file loaded: /hwonpark/www/application/config/tree.php
DEBUG - 2022-11-21 19:59:03 --> Encryption: Auto-configured driver 'openssl'.
DEBUG - 2022-11-21 19:59:03 --> Total execution time: 0.0488
DEBUG - 2022-11-21 19:59:10 --> UTF-8 Support Enabled
DEBUG - 2022-11-21 19:59:10 --> Global POST, GET and COOKIE data sanitized
DEBUG - 2022-11-21 19:59:10 --> Config file loaded: /hwonpark/www/application/config/tree.php
DEBUG - 2022-11-21 19:59:10 --> Encryption: Auto-configured driver 'openssl'.
DEBUG - 2022-11-21 19:59:10 --> Total execution time: 0.0671
