DEBUG - 2022-12-27 08:50:13 --> UTF-8 Support Enabled
DEBUG - 2022-12-27 08:50:13 --> Global POST, GET and COOKIE data sanitized
DEBUG - 2022-12-27 08:50:13 --> Config file loaded: /hwonpark/www/application/config/tree.php
DEBUG - 2022-12-27 08:50:13 --> Total execution time: 0.2816
DEBUG - 2022-12-27 08:50:14 --> UTF-8 Support Enabled
DEBUG - 2022-12-27 08:50:14 --> Global POST, GET and COOKIE data sanitized
ERROR - 2022-12-27 08:50:14 --> 404 Page Not Found: Faviconico/index
DEBUG - 2022-12-27 08:50:52 --> UTF-8 Support Enabled
DEBUG - 2022-12-27 08:50:52 --> Global POST, GET and COOKIE data sanitized
DEBUG - 2022-12-27 08:50:52 --> Config file loaded: /hwonpark/www/application/config/tree.php
DEBUG - 2022-12-27 08:50:54 --> UTF-8 Support Enabled
DEBUG - 2022-12-27 08:50:54 --> Global POST, GET and COOKIE data sanitized
DEBUG - 2022-12-27 08:50:54 --> Config file loaded: /hwonpark/www/application/config/tree.php
DEBUG - 2022-12-27 08:50:54 --> Total execution time: 0.0272
DEBUG - 2022-12-27 08:50:58 --> UTF-8 Support Enabled
DEBUG - 2022-12-27 08:50:58 --> Global POST, GET and COOKIE data sanitized
DEBUG - 2022-12-27 08:50:58 --> Config file loaded: /hwonpark/www/application/config/tree.php
DEBUG - 2022-12-27 08:51:00 --> UTF-8 Support Enabled
DEBUG - 2022-12-27 08:51:00 --> Global POST, GET and COOKIE data sanitized
DEBUG - 2022-12-27 08:51:00 --> Config file loaded: /hwonpark/www/application/config/tree.php
DEBUG - 2022-12-27 08:51:00 --> Encryption: Auto-configured driver 'openssl'.
DEBUG - 2022-12-27 08:51:00 --> UTF-8 Support Enabled
DEBUG - 2022-12-27 08:51:00 --> Global POST, GET and COOKIE data sanitized
DEBUG - 2022-12-27 08:51:00 --> Config file loaded: /hwonpark/www/application/config/tree.php
DEBUG - 2022-12-27 08:51:00 --> Encryption: Auto-configured driver 'openssl'.
DEBUG - 2022-12-27 08:51:00 --> Encryption class already loaded. Second attempt ignored.
DEBUG - 2022-12-27 08:51:00 --> Total execution time: 0.0612
DEBUG - 2022-12-27 08:51:01 --> UTF-8 Support Enabled
DEBUG - 2022-12-27 08:51:01 --> Global POST, GET and COOKIE data sanitized
DEBUG - 2022-12-27 08:51:01 --> Config file loaded: /hwonpark/www/application/config/tree.php
DEBUG - 2022-12-27 08:51:01 --> Encryption: Auto-configured driver 'openssl'.
DEBUG - 2022-12-27 08:51:01 --> Total execution time: 0.0478
DEBUG - 2022-12-27 08:51:02 --> UTF-8 Support Enabled
DEBUG - 2022-12-27 08:51:03 --> Global POST, GET and COOKIE data sanitized
DEBUG - 2022-12-27 08:51:03 --> Config file loaded: /hwonpark/www/application/config/tree.php
DEBUG - 2022-12-27 08:51:03 --> Encryption: Auto-configured driver 'openssl'.
DEBUG - 2022-12-27 08:51:03 --> Total execution time: 0.0591
DEBUG - 2022-12-27 08:51:03 --> UTF-8 Support Enabled
DEBUG - 2022-12-27 08:51:03 --> Global POST, GET and COOKIE data sanitized
DEBUG - 2022-12-27 08:51:03 --> Config file loaded: /hwonpark/www/application/config/tree.php
DEBUG - 2022-12-27 08:51:03 --> Encryption: Auto-configured driver 'openssl'.
DEBUG - 2022-12-27 08:51:03 --> Total execution time: 0.0486
DEBUG - 2022-12-27 08:51:04 --> UTF-8 Support Enabled
DEBUG - 2022-12-27 08:51:04 --> Global POST, GET and COOKIE data sanitized
DEBUG - 2022-12-27 08:51:04 --> Config file loaded: /hwonpark/www/application/config/tree.php
DEBUG - 2022-12-27 08:51:04 --> Encryption: Auto-configured driver 'openssl'.
DEBUG - 2022-12-27 08:51:04 --> Total execution time: 0.0373
DEBUG - 2022-12-27 08:51:09 --> UTF-8 Support Enabled
DEBUG - 2022-12-27 08:51:09 --> Global POST, GET and COOKIE data sanitized
DEBUG - 2022-12-27 08:51:09 --> Config file loaded: /hwonpark/www/application/config/tree.php
DEBUG - 2022-12-27 08:51:09 --> Encryption: Auto-configured driver 'openssl'.
DEBUG - 2022-12-27 08:51:09 --> Total execution time: 0.0408
DEBUG - 2022-12-27 08:51:15 --> UTF-8 Support Enabled
DEBUG - 2022-12-27 08:51:15 --> Global POST, GET and COOKIE data sanitized
DEBUG - 2022-12-27 08:51:15 --> Config file loaded: /hwonpark/www/application/config/tree.php
DEBUG - 2022-12-27 08:51:15 --> Encryption: Auto-configured driver 'openssl'.
DEBUG - 2022-12-27 08:51:15 --> Total execution time: 0.0720
DEBUG - 2022-12-27 08:51:34 --> UTF-8 Support Enabled
DEBUG - 2022-12-27 08:51:34 --> Global POST, GET and COOKIE data sanitized
DEBUG - 2022-12-27 08:51:34 --> Config file loaded: /hwonpark/www/application/config/tree.php
DEBUG - 2022-12-27 08:51:34 --> Encryption: Auto-configured driver 'openssl'.
DEBUG - 2022-12-27 08:51:34 --> Total execution time: 0.0368
DEBUG - 2022-12-27 08:51:36 --> UTF-8 Support Enabled
DEBUG - 2022-12-27 08:51:36 --> Global POST, GET and COOKIE data sanitized
DEBUG - 2022-12-27 08:51:36 --> Config file loaded: /hwonpark/www/application/config/tree.php
DEBUG - 2022-12-27 08:51:36 --> Encryption: Auto-configured driver 'openssl'.
DEBUG - 2022-12-27 08:51:36 --> Total execution time: 0.0569
DEBUG - 2022-12-27 08:55:17 --> UTF-8 Support Enabled
DEBUG - 2022-12-27 08:55:17 --> Global POST, GET and COOKIE data sanitized
DEBUG - 2022-12-27 08:55:17 --> Config file loaded: /hwonpark/www/application/config/tree.php
DEBUG - 2022-12-27 08:55:17 --> Encryption: Auto-configured driver 'openssl'.
DEBUG - 2022-12-27 08:55:17 --> Total execution time: 0.0464
DEBUG - 2022-12-27 08:55:18 --> UTF-8 Support Enabled
DEBUG - 2022-12-27 08:55:18 --> Global POST, GET and COOKIE data sanitized
DEBUG - 2022-12-27 08:55:18 --> Config file loaded: /hwonpark/www/application/config/tree.php
DEBUG - 2022-12-27 08:55:18 --> Encryption: Auto-configured driver 'openssl'.
DEBUG - 2022-12-27 08:55:18 --> Total execution time: 0.0356
DEBUG - 2022-12-27 08:55:21 --> UTF-8 Support Enabled
DEBUG - 2022-12-27 08:55:21 --> Global POST, GET and COOKIE data sanitized
DEBUG - 2022-12-27 08:55:21 --> Config file loaded: /hwonpark/www/application/config/tree.php
DEBUG - 2022-12-27 08:55:21 --> Encryption: Auto-configured driver 'openssl'.
DEBUG - 2022-12-27 08:55:21 --> Total execution time: 0.0390
DEBUG - 2022-12-27 09:10:30 --> UTF-8 Support Enabled
DEBUG - 2022-12-27 09:10:30 --> Global POST, GET and COOKIE data sanitized
DEBUG - 2022-12-27 09:10:30 --> Config file loaded: /hwonpark/www/application/config/tree.php
DEBUG - 2022-12-27 09:10:31 --> UTF-8 Support Enabled
DEBUG - 2022-12-27 09:10:31 --> No URI present. Default controller set.
DEBUG - 2022-12-27 09:10:31 --> Global POST, GET and COOKIE data sanitized
DEBUG - 2022-12-27 09:10:31 --> Config file loaded: /hwonpark/www/application/config/tree.php
DEBUG - 2022-12-27 09:10:31 --> Total execution time: 0.0487
DEBUG - 2022-12-27 09:10:34 --> UTF-8 Support Enabled
DEBUG - 2022-12-27 09:10:34 --> Global POST, GET and COOKIE data sanitized
DEBUG - 2022-12-27 09:10:34 --> Config file loaded: /hwonpark/www/application/config/tree.php
DEBUG - 2022-12-27 09:10:34 --> Total execution time: 0.0270
DEBUG - 2022-12-27 09:10:38 --> UTF-8 Support Enabled
DEBUG - 2022-12-27 09:10:38 --> Global POST, GET and COOKIE data sanitized
DEBUG - 2022-12-27 09:10:38 --> Config file loaded: /hwonpark/www/application/config/tree.php
DEBUG - 2022-12-27 09:10:40 --> UTF-8 Support Enabled
DEBUG - 2022-12-27 09:10:40 --> Global POST, GET and COOKIE data sanitized
DEBUG - 2022-12-27 09:10:40 --> Config file loaded: /hwonpark/www/application/config/tree.php
DEBUG - 2022-12-27 09:10:40 --> Total execution time: 0.0255
DEBUG - 2022-12-27 09:10:45 --> UTF-8 Support Enabled
DEBUG - 2022-12-27 09:10:45 --> Global POST, GET and COOKIE data sanitized
DEBUG - 2022-12-27 09:10:45 --> Config file loaded: /hwonpark/www/application/config/tree.php
DEBUG - 2022-12-27 09:10:46 --> UTF-8 Support Enabled
DEBUG - 2022-12-27 09:10:46 --> Global POST, GET and COOKIE data sanitized
DEBUG - 2022-12-27 09:10:46 --> Config file loaded: /hwonpark/www/application/config/tree.php
DEBUG - 2022-12-27 09:10:46 --> Encryption: Auto-configured driver 'openssl'.
DEBUG - 2022-12-27 09:10:46 --> UTF-8 Support Enabled
DEBUG - 2022-12-27 09:10:46 --> Global POST, GET and COOKIE data sanitized
DEBUG - 2022-12-27 09:10:46 --> Config file loaded: /hwonpark/www/application/config/tree.php
DEBUG - 2022-12-27 09:10:46 --> Encryption: Auto-configured driver 'openssl'.
DEBUG - 2022-12-27 09:10:46 --> Encryption class already loaded. Second attempt ignored.
DEBUG - 2022-12-27 09:10:46 --> Total execution time: 0.0439
DEBUG - 2022-12-27 09:10:47 --> UTF-8 Support Enabled
DEBUG - 2022-12-27 09:10:47 --> Global POST, GET and COOKIE data sanitized
DEBUG - 2022-12-27 09:10:47 --> Config file loaded: /hwonpark/www/application/config/tree.php
DEBUG - 2022-12-27 09:10:47 --> Encryption: Auto-configured driver 'openssl'.
DEBUG - 2022-12-27 09:10:47 --> Total execution time: 0.0404
DEBUG - 2022-12-27 09:10:51 --> UTF-8 Support Enabled
DEBUG - 2022-12-27 09:10:51 --> Global POST, GET and COOKIE data sanitized
DEBUG - 2022-12-27 09:10:51 --> Config file loaded: /hwonpark/www/application/config/tree.php
DEBUG - 2022-12-27 09:10:51 --> Encryption: Auto-configured driver 'openssl'.
DEBUG - 2022-12-27 09:10:51 --> Total execution time: 0.0416
DEBUG - 2022-12-27 09:10:56 --> UTF-8 Support Enabled
DEBUG - 2022-12-27 09:10:56 --> Global POST, GET and COOKIE data sanitized
DEBUG - 2022-12-27 09:10:56 --> Config file loaded: /hwonpark/www/application/config/tree.php
DEBUG - 2022-12-27 09:10:56 --> Encryption: Auto-configured driver 'openssl'.
DEBUG - 2022-12-27 09:10:56 --> Total execution time: 0.0379
DEBUG - 2022-12-27 09:16:52 --> UTF-8 Support Enabled
DEBUG - 2022-12-27 09:16:52 --> Global POST, GET and COOKIE data sanitized
DEBUG - 2022-12-27 09:16:52 --> Config file loaded: /hwonpark/www/application/config/tree.php
DEBUG - 2022-12-27 09:16:52 --> Encryption: Auto-configured driver 'openssl'.
DEBUG - 2022-12-27 09:16:52 --> Total execution time: 0.0496
DEBUG - 2022-12-27 09:19:31 --> UTF-8 Support Enabled
DEBUG - 2022-12-27 09:19:31 --> Global POST, GET and COOKIE data sanitized
DEBUG - 2022-12-27 09:19:31 --> Config file loaded: /hwonpark/www/application/config/tree.php
DEBUG - 2022-12-27 09:19:32 --> Encryption: Auto-configured driver 'openssl'.
DEBUG - 2022-12-27 09:19:32 --> Total execution time: 0.0478
DEBUG - 2022-12-27 09:19:34 --> UTF-8 Support Enabled
DEBUG - 2022-12-27 09:19:34 --> Global POST, GET and COOKIE data sanitized
DEBUG - 2022-12-27 09:19:34 --> Config file loaded: /hwonpark/www/application/config/tree.php
DEBUG - 2022-12-27 09:19:34 --> Encryption: Auto-configured driver 'openssl'.
DEBUG - 2022-12-27 09:19:34 --> Total execution time: 0.0425
DEBUG - 2022-12-27 09:19:43 --> UTF-8 Support Enabled
DEBUG - 2022-12-27 09:19:43 --> Global POST, GET and COOKIE data sanitized
DEBUG - 2022-12-27 09:19:43 --> Config file loaded: /hwonpark/www/application/config/tree.php
DEBUG - 2022-12-27 09:19:43 --> Encryption: Auto-configured driver 'openssl'.
DEBUG - 2022-12-27 09:19:43 --> Total execution time: 0.0441
DEBUG - 2022-12-27 09:19:49 --> UTF-8 Support Enabled
DEBUG - 2022-12-27 09:19:49 --> Global POST, GET and COOKIE data sanitized
DEBUG - 2022-12-27 09:19:49 --> Config file loaded: /hwonpark/www/application/config/tree.php
DEBUG - 2022-12-27 09:19:49 --> Encryption: Auto-configured driver 'openssl'.
DEBUG - 2022-12-27 09:19:49 --> Total execution time: 0.0631
DEBUG - 2022-12-27 09:19:52 --> UTF-8 Support Enabled
DEBUG - 2022-12-27 09:19:52 --> Global POST, GET and COOKIE data sanitized
DEBUG - 2022-12-27 09:19:52 --> Config file loaded: /hwonpark/www/application/config/tree.php
DEBUG - 2022-12-27 09:19:52 --> Encryption: Auto-configured driver 'openssl'.
DEBUG - 2022-12-27 09:19:52 --> Total execution time: 0.1155
DEBUG - 2022-12-27 09:20:03 --> UTF-8 Support Enabled
DEBUG - 2022-12-27 09:20:03 --> No URI present. Default controller set.
DEBUG - 2022-12-27 09:20:03 --> Global POST, GET and COOKIE data sanitized
DEBUG - 2022-12-27 09:20:04 --> Config file loaded: /hwonpark/www/application/config/tree.php
DEBUG - 2022-12-27 09:20:04 --> Encryption: Auto-configured driver 'openssl'.
DEBUG - 2022-12-27 09:20:04 --> Total execution time: 0.3826
DEBUG - 2022-12-27 09:24:11 --> UTF-8 Support Enabled
DEBUG - 2022-12-27 09:24:11 --> Global POST, GET and COOKIE data sanitized
DEBUG - 2022-12-27 09:24:11 --> Config file loaded: /hwonpark/www/application/config/tree.php
DEBUG - 2022-12-27 09:24:11 --> Encryption: Auto-configured driver 'openssl'.
DEBUG - 2022-12-27 09:24:11 --> Total execution time: 0.0753
DEBUG - 2022-12-27 09:24:20 --> UTF-8 Support Enabled
DEBUG - 2022-12-27 09:24:20 --> Global POST, GET and COOKIE data sanitized
DEBUG - 2022-12-27 09:24:20 --> Config file loaded: /hwonpark/www/application/config/tree.php
DEBUG - 2022-12-27 09:24:20 --> Encryption: Auto-configured driver 'openssl'.
DEBUG - 2022-12-27 09:24:20 --> UTF-8 Support Enabled
DEBUG - 2022-12-27 09:24:20 --> Global POST, GET and COOKIE data sanitized
DEBUG - 2022-12-27 09:24:20 --> Config file loaded: /hwonpark/www/application/config/tree.php
DEBUG - 2022-12-27 09:24:20 --> Encryption: Auto-configured driver 'openssl'.
DEBUG - 2022-12-27 09:24:20 --> Encryption class already loaded. Second attempt ignored.
DEBUG - 2022-12-27 09:24:20 --> Total execution time: 0.0652
DEBUG - 2022-12-27 09:24:21 --> UTF-8 Support Enabled
DEBUG - 2022-12-27 09:24:21 --> Global POST, GET and COOKIE data sanitized
DEBUG - 2022-12-27 09:24:21 --> Config file loaded: /hwonpark/www/application/config/tree.php
DEBUG - 2022-12-27 09:24:21 --> Encryption: Auto-configured driver 'openssl'.
DEBUG - 2022-12-27 09:24:21 --> Total execution time: 0.0680
DEBUG - 2022-12-27 09:24:23 --> UTF-8 Support Enabled
DEBUG - 2022-12-27 09:24:23 --> Global POST, GET and COOKIE data sanitized
DEBUG - 2022-12-27 09:24:23 --> Config file loaded: /hwonpark/www/application/config/tree.php
DEBUG - 2022-12-27 09:24:23 --> Encryption: Auto-configured driver 'openssl'.
DEBUG - 2022-12-27 09:24:23 --> Total execution time: 0.0367
DEBUG - 2022-12-27 09:24:25 --> UTF-8 Support Enabled
DEBUG - 2022-12-27 09:24:25 --> Global POST, GET and COOKIE data sanitized
DEBUG - 2022-12-27 09:24:25 --> Config file loaded: /hwonpark/www/application/config/tree.php
DEBUG - 2022-12-27 09:24:25 --> Encryption: Auto-configured driver 'openssl'.
DEBUG - 2022-12-27 09:24:25 --> Total execution time: 0.0366
DEBUG - 2022-12-27 09:24:42 --> UTF-8 Support Enabled
DEBUG - 2022-12-27 09:24:42 --> Global POST, GET and COOKIE data sanitized
DEBUG - 2022-12-27 09:24:42 --> Config file loaded: /hwonpark/www/application/config/tree.php
DEBUG - 2022-12-27 09:24:42 --> Encryption: Auto-configured driver 'openssl'.
DEBUG - 2022-12-27 09:24:42 --> Total execution time: 0.0363
DEBUG - 2022-12-27 09:24:44 --> UTF-8 Support Enabled
DEBUG - 2022-12-27 09:24:44 --> Global POST, GET and COOKIE data sanitized
DEBUG - 2022-12-27 09:24:45 --> Config file loaded: /hwonpark/www/application/config/tree.php
DEBUG - 2022-12-27 09:24:45 --> Encryption: Auto-configured driver 'openssl'.
DEBUG - 2022-12-27 09:24:45 --> Total execution time: 0.0582
DEBUG - 2022-12-27 09:27:58 --> UTF-8 Support Enabled
DEBUG - 2022-12-27 09:27:58 --> Global POST, GET and COOKIE data sanitized
DEBUG - 2022-12-27 09:27:58 --> Config file loaded: /hwonpark/www/application/config/tree.php
DEBUG - 2022-12-27 09:27:58 --> Encryption: Auto-configured driver 'openssl'.
DEBUG - 2022-12-27 09:27:58 --> Total execution time: 0.0424
DEBUG - 2022-12-27 09:28:00 --> UTF-8 Support Enabled
DEBUG - 2022-12-27 09:28:00 --> Global POST, GET and COOKIE data sanitized
DEBUG - 2022-12-27 09:28:00 --> Config file loaded: /hwonpark/www/application/config/tree.php
DEBUG - 2022-12-27 09:28:01 --> Encryption: Auto-configured driver 'openssl'.
DEBUG - 2022-12-27 09:28:01 --> Total execution time: 0.0476
DEBUG - 2022-12-27 09:28:04 --> UTF-8 Support Enabled
DEBUG - 2022-12-27 09:28:04 --> Global POST, GET and COOKIE data sanitized
DEBUG - 2022-12-27 09:28:04 --> Config file loaded: /hwonpark/www/application/config/tree.php
DEBUG - 2022-12-27 09:28:04 --> Encryption: Auto-configured driver 'openssl'.
DEBUG - 2022-12-27 09:28:04 --> Total execution time: 0.0380
DEBUG - 2022-12-27 09:28:07 --> UTF-8 Support Enabled
DEBUG - 2022-12-27 09:28:07 --> Global POST, GET and COOKIE data sanitized
DEBUG - 2022-12-27 09:28:07 --> Config file loaded: /hwonpark/www/application/config/tree.php
DEBUG - 2022-12-27 09:28:07 --> Encryption: Auto-configured driver 'openssl'.
DEBUG - 2022-12-27 09:28:07 --> Total execution time: 0.0525
DEBUG - 2022-12-27 09:33:09 --> UTF-8 Support Enabled
DEBUG - 2022-12-27 09:33:09 --> Global POST, GET and COOKIE data sanitized
DEBUG - 2022-12-27 09:33:09 --> Config file loaded: /hwonpark/www/application/config/tree.php
DEBUG - 2022-12-27 09:33:09 --> Encryption: Auto-configured driver 'openssl'.
DEBUG - 2022-12-27 09:33:09 --> UTF-8 Support Enabled
DEBUG - 2022-12-27 09:33:09 --> Global POST, GET and COOKIE data sanitized
DEBUG - 2022-12-27 09:33:09 --> Config file loaded: /hwonpark/www/application/config/tree.php
DEBUG - 2022-12-27 09:33:09 --> Encryption: Auto-configured driver 'openssl'.
DEBUG - 2022-12-27 09:33:09 --> Encryption class already loaded. Second attempt ignored.
DEBUG - 2022-12-27 09:33:09 --> Total execution time: 0.0424
DEBUG - 2022-12-27 09:33:11 --> UTF-8 Support Enabled
DEBUG - 2022-12-27 09:33:11 --> Global POST, GET and COOKIE data sanitized
DEBUG - 2022-12-27 09:33:11 --> Config file loaded: /hwonpark/www/application/config/tree.php
DEBUG - 2022-12-27 09:33:11 --> Encryption: Auto-configured driver 'openssl'.
DEBUG - 2022-12-27 09:33:11 --> Total execution time: 0.0362
DEBUG - 2022-12-27 09:33:12 --> UTF-8 Support Enabled
DEBUG - 2022-12-27 09:33:12 --> Global POST, GET and COOKIE data sanitized
DEBUG - 2022-12-27 09:33:12 --> Config file loaded: /hwonpark/www/application/config/tree.php
DEBUG - 2022-12-27 09:33:12 --> Encryption: Auto-configured driver 'openssl'.
DEBUG - 2022-12-27 09:33:12 --> Total execution time: 0.0482
DEBUG - 2022-12-27 09:33:14 --> UTF-8 Support Enabled
DEBUG - 2022-12-27 09:33:14 --> Global POST, GET and COOKIE data sanitized
DEBUG - 2022-12-27 09:33:14 --> Config file loaded: /hwonpark/www/application/config/tree.php
DEBUG - 2022-12-27 09:33:14 --> Encryption: Auto-configured driver 'openssl'.
DEBUG - 2022-12-27 09:33:14 --> Total execution time: 0.0783
DEBUG - 2022-12-27 09:35:20 --> UTF-8 Support Enabled
DEBUG - 2022-12-27 09:35:20 --> Global POST, GET and COOKIE data sanitized
DEBUG - 2022-12-27 09:35:20 --> Config file loaded: /hwonpark/www/application/config/tree.php
DEBUG - 2022-12-27 09:35:20 --> Encryption: Auto-configured driver 'openssl'.
DEBUG - 2022-12-27 09:35:20 --> Total execution time: 0.0558
DEBUG - 2022-12-27 09:35:22 --> UTF-8 Support Enabled
DEBUG - 2022-12-27 09:35:22 --> Global POST, GET and COOKIE data sanitized
DEBUG - 2022-12-27 09:35:22 --> Config file loaded: /hwonpark/www/application/config/tree.php
DEBUG - 2022-12-27 09:35:22 --> Encryption: Auto-configured driver 'openssl'.
DEBUG - 2022-12-27 09:35:22 --> Total execution time: 0.0382
DEBUG - 2022-12-27 09:38:40 --> UTF-8 Support Enabled
DEBUG - 2022-12-27 09:38:40 --> Global POST, GET and COOKIE data sanitized
DEBUG - 2022-12-27 09:38:40 --> Config file loaded: /hwonpark/www/application/config/tree.php
DEBUG - 2022-12-27 09:38:40 --> Encryption: Auto-configured driver 'openssl'.
ERROR - 2022-12-27 09:38:40 --> Could not find the language line "imglib_invalid_image"
ERROR - 2022-12-27 09:38:40 --> imglib_invalid_image
DEBUG - 2022-12-27 09:38:40 --> DL_schema class already loaded. Second attempt ignored.
DEBUG - 2022-12-27 09:38:41 --> UTF-8 Support Enabled
DEBUG - 2022-12-27 09:38:41 --> Global POST, GET and COOKIE data sanitized
DEBUG - 2022-12-27 09:38:41 --> Config file loaded: /hwonpark/www/application/config/tree.php
DEBUG - 2022-12-27 09:38:41 --> Encryption: Auto-configured driver 'openssl'.
DEBUG - 2022-12-27 09:38:41 --> Total execution time: 0.0362
DEBUG - 2022-12-27 09:38:52 --> UTF-8 Support Enabled
DEBUG - 2022-12-27 09:38:52 --> Global POST, GET and COOKIE data sanitized
DEBUG - 2022-12-27 09:38:52 --> Config file loaded: /hwonpark/www/application/config/tree.php
DEBUG - 2022-12-27 09:38:52 --> Encryption: Auto-configured driver 'openssl'.
DEBUG - 2022-12-27 09:38:52 --> Total execution time: 0.0391
DEBUG - 2022-12-27 09:38:57 --> UTF-8 Support Enabled
DEBUG - 2022-12-27 09:38:57 --> Global POST, GET and COOKIE data sanitized
DEBUG - 2022-12-27 09:38:57 --> Config file loaded: /hwonpark/www/application/config/tree.php
DEBUG - 2022-12-27 09:38:57 --> Encryption: Auto-configured driver 'openssl'.
DEBUG - 2022-12-27 09:38:57 --> Total execution time: 0.0406
DEBUG - 2022-12-27 09:39:00 --> UTF-8 Support Enabled
DEBUG - 2022-12-27 09:39:00 --> Global POST, GET and COOKIE data sanitized
DEBUG - 2022-12-27 09:39:00 --> Config file loaded: /hwonpark/www/application/config/tree.php
DEBUG - 2022-12-27 09:39:00 --> Encryption: Auto-configured driver 'openssl'.
DEBUG - 2022-12-27 09:39:00 --> Total execution time: 0.0703
DEBUG - 2022-12-27 09:39:04 --> UTF-8 Support Enabled
DEBUG - 2022-12-27 09:39:04 --> Global POST, GET and COOKIE data sanitized
DEBUG - 2022-12-27 09:39:04 --> Config file loaded: /hwonpark/www/application/config/tree.php
DEBUG - 2022-12-27 09:39:04 --> Encryption: Auto-configured driver 'openssl'.
DEBUG - 2022-12-27 09:39:04 --> Total execution time: 0.0413
DEBUG - 2022-12-27 09:39:09 --> UTF-8 Support Enabled
DEBUG - 2022-12-27 09:39:09 --> Global POST, GET and COOKIE data sanitized
DEBUG - 2022-12-27 09:39:09 --> Config file loaded: /hwonpark/www/application/config/tree.php
DEBUG - 2022-12-27 09:39:09 --> Encryption: Auto-configured driver 'openssl'.
DEBUG - 2022-12-27 09:39:09 --> Total execution time: 0.0630
DEBUG - 2022-12-27 09:39:10 --> UTF-8 Support Enabled
DEBUG - 2022-12-27 09:39:10 --> Global POST, GET and COOKIE data sanitized
DEBUG - 2022-12-27 09:39:10 --> Config file loaded: /hwonpark/www/application/config/tree.php
DEBUG - 2022-12-27 09:39:10 --> Encryption: Auto-configured driver 'openssl'.
DEBUG - 2022-12-27 09:39:10 --> Total execution time: 0.0857
DEBUG - 2022-12-27 09:39:15 --> UTF-8 Support Enabled
DEBUG - 2022-12-27 09:39:15 --> Global POST, GET and COOKIE data sanitized
DEBUG - 2022-12-27 09:39:15 --> Config file loaded: /hwonpark/www/application/config/tree.php
DEBUG - 2022-12-27 09:39:15 --> Encryption: Auto-configured driver 'openssl'.
DEBUG - 2022-12-27 09:39:15 --> UTF-8 Support Enabled
DEBUG - 2022-12-27 09:39:15 --> Global POST, GET and COOKIE data sanitized
DEBUG - 2022-12-27 09:39:15 --> Config file loaded: /hwonpark/www/application/config/tree.php
DEBUG - 2022-12-27 09:39:15 --> Encryption: Auto-configured driver 'openssl'.
DEBUG - 2022-12-27 09:39:15 --> Total execution time: 0.0365
DEBUG - 2022-12-27 09:39:19 --> UTF-8 Support Enabled
DEBUG - 2022-12-27 09:39:19 --> Global POST, GET and COOKIE data sanitized
DEBUG - 2022-12-27 09:39:19 --> Config file loaded: /hwonpark/www/application/config/tree.php
DEBUG - 2022-12-27 09:39:19 --> Encryption: Auto-configured driver 'openssl'.
DEBUG - 2022-12-27 09:39:19 --> Total execution time: 0.0383
DEBUG - 2022-12-27 09:39:34 --> UTF-8 Support Enabled
DEBUG - 2022-12-27 09:39:34 --> Global POST, GET and COOKIE data sanitized
DEBUG - 2022-12-27 09:39:34 --> Config file loaded: /hwonpark/www/application/config/tree.php
DEBUG - 2022-12-27 09:39:34 --> Encryption: Auto-configured driver 'openssl'.
DEBUG - 2022-12-27 09:39:34 --> Total execution time: 0.0549
DEBUG - 2022-12-27 09:39:36 --> UTF-8 Support Enabled
DEBUG - 2022-12-27 09:39:36 --> Global POST, GET and COOKIE data sanitized
DEBUG - 2022-12-27 09:39:36 --> Config file loaded: /hwonpark/www/application/config/tree.php
DEBUG - 2022-12-27 09:39:36 --> Encryption: Auto-configured driver 'openssl'.
DEBUG - 2022-12-27 09:39:36 --> Total execution time: 0.0560
DEBUG - 2022-12-27 09:39:46 --> UTF-8 Support Enabled
DEBUG - 2022-12-27 09:39:46 --> Global POST, GET and COOKIE data sanitized
DEBUG - 2022-12-27 09:39:46 --> Config file loaded: /hwonpark/www/application/config/tree.php
DEBUG - 2022-12-27 09:39:46 --> Encryption: Auto-configured driver 'openssl'.
DEBUG - 2022-12-27 09:39:46 --> UTF-8 Support Enabled
DEBUG - 2022-12-27 09:39:46 --> Global POST, GET and COOKIE data sanitized
DEBUG - 2022-12-27 09:39:46 --> Config file loaded: /hwonpark/www/application/config/tree.php
DEBUG - 2022-12-27 09:39:46 --> Encryption: Auto-configured driver 'openssl'.
DEBUG - 2022-12-27 09:39:46 --> Total execution time: 0.0363
DEBUG - 2022-12-27 09:39:49 --> UTF-8 Support Enabled
DEBUG - 2022-12-27 09:39:49 --> Global POST, GET and COOKIE data sanitized
DEBUG - 2022-12-27 09:39:49 --> Config file loaded: /hwonpark/www/application/config/tree.php
DEBUG - 2022-12-27 09:39:49 --> Encryption: Auto-configured driver 'openssl'.
DEBUG - 2022-12-27 09:39:49 --> Total execution time: 0.0689
DEBUG - 2022-12-27 09:39:52 --> UTF-8 Support Enabled
DEBUG - 2022-12-27 09:39:52 --> Global POST, GET and COOKIE data sanitized
DEBUG - 2022-12-27 09:39:52 --> Config file loaded: /hwonpark/www/application/config/tree.php
DEBUG - 2022-12-27 09:39:52 --> Encryption: Auto-configured driver 'openssl'.
DEBUG - 2022-12-27 09:39:52 --> Total execution time: 0.0393
DEBUG - 2022-12-27 09:40:59 --> UTF-8 Support Enabled
DEBUG - 2022-12-27 09:40:59 --> Global POST, GET and COOKIE data sanitized
DEBUG - 2022-12-27 09:40:59 --> Config file loaded: /hwonpark/www/application/config/tree.php
DEBUG - 2022-12-27 09:40:59 --> Encryption: Auto-configured driver 'openssl'.
DEBUG - 2022-12-27 09:40:59 --> Total execution time: 0.0642
DEBUG - 2022-12-27 09:46:27 --> UTF-8 Support Enabled
DEBUG - 2022-12-27 09:46:27 --> No URI present. Default controller set.
DEBUG - 2022-12-27 09:46:27 --> Global POST, GET and COOKIE data sanitized
DEBUG - 2022-12-27 09:46:27 --> Config file loaded: /hwonpark/www/application/config/tree.php
DEBUG - 2022-12-27 09:46:27 --> Encryption: Auto-configured driver 'openssl'.
DEBUG - 2022-12-27 09:46:27 --> Total execution time: 0.0677
DEBUG - 2022-12-27 09:46:31 --> UTF-8 Support Enabled
DEBUG - 2022-12-27 09:46:31 --> Global POST, GET and COOKIE data sanitized
DEBUG - 2022-12-27 09:46:31 --> Config file loaded: /hwonpark/www/application/config/tree.php
DEBUG - 2022-12-27 09:46:31 --> Encryption: Auto-configured driver 'openssl'.
DEBUG - 2022-12-27 09:46:31 --> Total execution time: 0.0832
DEBUG - 2022-12-27 09:47:29 --> UTF-8 Support Enabled
DEBUG - 2022-12-27 09:47:29 --> Global POST, GET and COOKIE data sanitized
DEBUG - 2022-12-27 09:47:29 --> Config file loaded: /hwonpark/www/application/config/tree.php
DEBUG - 2022-12-27 09:47:29 --> Encryption: Auto-configured driver 'openssl'.
DEBUG - 2022-12-27 09:47:29 --> Total execution time: 0.0643
DEBUG - 2022-12-27 09:47:47 --> UTF-8 Support Enabled
DEBUG - 2022-12-27 09:47:47 --> Global POST, GET and COOKIE data sanitized
DEBUG - 2022-12-27 09:47:47 --> Config file loaded: /hwonpark/www/application/config/tree.php
DEBUG - 2022-12-27 09:47:47 --> Encryption: Auto-configured driver 'openssl'.
DEBUG - 2022-12-27 09:47:47 --> Total execution time: 0.0865
DEBUG - 2022-12-27 09:48:32 --> UTF-8 Support Enabled
DEBUG - 2022-12-27 09:48:32 --> Global POST, GET and COOKIE data sanitized
DEBUG - 2022-12-27 09:48:32 --> Config file loaded: /hwonpark/www/application/config/tree.php
DEBUG - 2022-12-27 09:48:32 --> Encryption: Auto-configured driver 'openssl'.
DEBUG - 2022-12-27 09:48:32 --> Total execution time: 0.0530
DEBUG - 2022-12-27 09:48:35 --> UTF-8 Support Enabled
DEBUG - 2022-12-27 09:48:35 --> Global POST, GET and COOKIE data sanitized
DEBUG - 2022-12-27 09:48:35 --> Config file loaded: /hwonpark/www/application/config/tree.php
DEBUG - 2022-12-27 09:48:35 --> Encryption: Auto-configured driver 'openssl'.
DEBUG - 2022-12-27 09:48:35 --> Total execution time: 0.0681
DEBUG - 2022-12-27 09:48:43 --> UTF-8 Support Enabled
DEBUG - 2022-12-27 09:48:43 --> Global POST, GET and COOKIE data sanitized
DEBUG - 2022-12-27 09:48:43 --> Config file loaded: /hwonpark/www/application/config/tree.php
DEBUG - 2022-12-27 09:48:43 --> Total execution time: 0.0670
DEBUG - 2022-12-27 09:48:44 --> UTF-8 Support Enabled
DEBUG - 2022-12-27 09:48:44 --> Global POST, GET and COOKIE data sanitized
DEBUG - 2022-12-27 09:48:44 --> Config file loaded: /hwonpark/www/application/config/tree.php
DEBUG - 2022-12-27 09:48:44 --> Total execution time: 0.0302
DEBUG - 2022-12-27 09:48:45 --> UTF-8 Support Enabled
DEBUG - 2022-12-27 09:48:45 --> Global POST, GET and COOKIE data sanitized
ERROR - 2022-12-27 09:48:45 --> 404 Page Not Found: Faviconico/index
DEBUG - 2022-12-27 09:48:45 --> UTF-8 Support Enabled
DEBUG - 2022-12-27 09:48:45 --> No URI present. Default controller set.
DEBUG - 2022-12-27 09:48:45 --> Global POST, GET and COOKIE data sanitized
DEBUG - 2022-12-27 09:48:45 --> Config file loaded: /hwonpark/www/application/config/tree.php
DEBUG - 2022-12-27 09:48:45 --> Total execution time: 0.0415
DEBUG - 2022-12-27 09:48:52 --> UTF-8 Support Enabled
DEBUG - 2022-12-27 09:48:52 --> No URI present. Default controller set.
DEBUG - 2022-12-27 09:48:52 --> Global POST, GET and COOKIE data sanitized
DEBUG - 2022-12-27 09:48:52 --> Config file loaded: /hwonpark/www/application/config/tree.php
DEBUG - 2022-12-27 09:48:52 --> Total execution time: 0.0283
DEBUG - 2022-12-27 09:50:02 --> UTF-8 Support Enabled
DEBUG - 2022-12-27 09:50:02 --> Global POST, GET and COOKIE data sanitized
DEBUG - 2022-12-27 09:50:02 --> Config file loaded: /hwonpark/www/application/config/tree.php
DEBUG - 2022-12-27 09:50:02 --> Encryption: Auto-configured driver 'openssl'.
DEBUG - 2022-12-27 09:50:02 --> Total execution time: 0.0535
DEBUG - 2022-12-27 09:50:05 --> UTF-8 Support Enabled
DEBUG - 2022-12-27 09:50:05 --> Global POST, GET and COOKIE data sanitized
DEBUG - 2022-12-27 09:50:05 --> Config file loaded: /hwonpark/www/application/config/tree.php
DEBUG - 2022-12-27 09:50:05 --> Encryption: Auto-configured driver 'openssl'.
DEBUG - 2022-12-27 09:50:05 --> Total execution time: 0.0549
DEBUG - 2022-12-27 09:50:39 --> UTF-8 Support Enabled
DEBUG - 2022-12-27 09:50:39 --> No URI present. Default controller set.
DEBUG - 2022-12-27 09:50:39 --> Global POST, GET and COOKIE data sanitized
DEBUG - 2022-12-27 09:50:39 --> Config file loaded: /hwonpark/www/application/config/tree.php
DEBUG - 2022-12-27 09:50:39 --> Total execution time: 0.0309
DEBUG - 2022-12-27 09:50:43 --> UTF-8 Support Enabled
DEBUG - 2022-12-27 09:50:43 --> No URI present. Default controller set.
DEBUG - 2022-12-27 09:50:43 --> Global POST, GET and COOKIE data sanitized
DEBUG - 2022-12-27 09:50:43 --> Config file loaded: /hwonpark/www/application/config/tree.php
DEBUG - 2022-12-27 09:50:43 --> Total execution time: 0.0349
DEBUG - 2022-12-27 09:50:51 --> UTF-8 Support Enabled
DEBUG - 2022-12-27 09:50:51 --> Global POST, GET and COOKIE data sanitized
DEBUG - 2022-12-27 09:50:51 --> Config file loaded: /hwonpark/www/application/config/tree.php
DEBUG - 2022-12-27 09:50:51 --> Encryption: Auto-configured driver 'openssl'.
DEBUG - 2022-12-27 09:50:51 --> Total execution time: 0.0408
DEBUG - 2022-12-27 10:01:47 --> UTF-8 Support Enabled
DEBUG - 2022-12-27 10:01:47 --> No URI present. Default controller set.
DEBUG - 2022-12-27 10:01:47 --> Global POST, GET and COOKIE data sanitized
DEBUG - 2022-12-27 10:01:47 --> Config file loaded: /hwonpark/www/application/config/tree.php
DEBUG - 2022-12-27 10:01:47 --> Total execution time: 0.0614
DEBUG - 2022-12-27 10:08:19 --> UTF-8 Support Enabled
DEBUG - 2022-12-27 10:08:19 --> Global POST, GET and COOKIE data sanitized
DEBUG - 2022-12-27 10:08:19 --> Config file loaded: /hwonpark/www/application/config/tree.php
DEBUG - 2022-12-27 10:08:19 --> Total execution time: 0.0471
DEBUG - 2022-12-27 10:08:34 --> UTF-8 Support Enabled
DEBUG - 2022-12-27 10:08:34 --> Global POST, GET and COOKIE data sanitized
DEBUG - 2022-12-27 10:08:34 --> Config file loaded: /hwonpark/www/application/config/tree.php
DEBUG - 2022-12-27 10:08:34 --> Total execution time: 0.0696
DEBUG - 2022-12-27 10:08:37 --> UTF-8 Support Enabled
DEBUG - 2022-12-27 10:08:37 --> Global POST, GET and COOKIE data sanitized
DEBUG - 2022-12-27 10:08:37 --> Config file loaded: /hwonpark/www/application/config/tree.php
DEBUG - 2022-12-27 10:08:37 --> Total execution time: 0.0273
DEBUG - 2022-12-27 10:08:44 --> UTF-8 Support Enabled
DEBUG - 2022-12-27 10:08:44 --> Global POST, GET and COOKIE data sanitized
DEBUG - 2022-12-27 10:08:44 --> Config file loaded: /hwonpark/www/application/config/tree.php
DEBUG - 2022-12-27 10:08:45 --> UTF-8 Support Enabled
DEBUG - 2022-12-27 10:08:45 --> Global POST, GET and COOKIE data sanitized
DEBUG - 2022-12-27 10:08:45 --> Config file loaded: /hwonpark/www/application/config/tree.php
DEBUG - 2022-12-27 10:08:45 --> Encryption: Auto-configured driver 'openssl'.
DEBUG - 2022-12-27 10:08:45 --> UTF-8 Support Enabled
DEBUG - 2022-12-27 10:08:45 --> Global POST, GET and COOKIE data sanitized
DEBUG - 2022-12-27 10:08:45 --> Config file loaded: /hwonpark/www/application/config/tree.php
DEBUG - 2022-12-27 10:08:45 --> Encryption: Auto-configured driver 'openssl'.
DEBUG - 2022-12-27 10:08:45 --> Encryption class already loaded. Second attempt ignored.
DEBUG - 2022-12-27 10:08:45 --> Total execution time: 0.0463
DEBUG - 2022-12-27 10:08:46 --> UTF-8 Support Enabled
DEBUG - 2022-12-27 10:08:46 --> Global POST, GET and COOKIE data sanitized
DEBUG - 2022-12-27 10:08:46 --> Config file loaded: /hwonpark/www/application/config/tree.php
DEBUG - 2022-12-27 10:08:46 --> Encryption: Auto-configured driver 'openssl'.
DEBUG - 2022-12-27 10:08:46 --> Total execution time: 0.0359
DEBUG - 2022-12-27 10:08:49 --> UTF-8 Support Enabled
DEBUG - 2022-12-27 10:08:49 --> Global POST, GET and COOKIE data sanitized
DEBUG - 2022-12-27 10:08:49 --> Config file loaded: /hwonpark/www/application/config/tree.php
DEBUG - 2022-12-27 10:08:49 --> Encryption: Auto-configured driver 'openssl'.
DEBUG - 2022-12-27 10:08:49 --> Total execution time: 0.0780
DEBUG - 2022-12-27 10:08:53 --> UTF-8 Support Enabled
DEBUG - 2022-12-27 10:08:53 --> Global POST, GET and COOKIE data sanitized
DEBUG - 2022-12-27 10:08:53 --> Config file loaded: /hwonpark/www/application/config/tree.php
DEBUG - 2022-12-27 10:08:53 --> Encryption: Auto-configured driver 'openssl'.
DEBUG - 2022-12-27 10:08:53 --> Total execution time: 0.0381
DEBUG - 2022-12-27 10:08:55 --> UTF-8 Support Enabled
DEBUG - 2022-12-27 10:08:55 --> Global POST, GET and COOKIE data sanitized
DEBUG - 2022-12-27 10:08:55 --> Config file loaded: /hwonpark/www/application/config/tree.php
DEBUG - 2022-12-27 10:08:55 --> Encryption: Auto-configured driver 'openssl'.
DEBUG - 2022-12-27 10:08:55 --> Total execution time: 0.0767
DEBUG - 2022-12-27 10:10:36 --> UTF-8 Support Enabled
DEBUG - 2022-12-27 10:10:36 --> No URI present. Default controller set.
DEBUG - 2022-12-27 10:10:36 --> Global POST, GET and COOKIE data sanitized
DEBUG - 2022-12-27 10:10:36 --> Config file loaded: /hwonpark/www/application/config/tree.php
DEBUG - 2022-12-27 10:10:36 --> Total execution time: 0.0305
DEBUG - 2022-12-27 10:10:38 --> UTF-8 Support Enabled
DEBUG - 2022-12-27 10:10:38 --> Global POST, GET and COOKIE data sanitized
DEBUG - 2022-12-27 10:10:38 --> Config file loaded: /hwonpark/www/application/config/tree.php
DEBUG - 2022-12-27 10:10:38 --> Total execution time: 0.0372
DEBUG - 2022-12-27 10:25:42 --> UTF-8 Support Enabled
DEBUG - 2022-12-27 10:25:42 --> Global POST, GET and COOKIE data sanitized
DEBUG - 2022-12-27 10:25:42 --> Config file loaded: /hwonpark/www/application/config/tree.php
DEBUG - 2022-12-27 10:25:43 --> UTF-8 Support Enabled
DEBUG - 2022-12-27 10:25:43 --> No URI present. Default controller set.
DEBUG - 2022-12-27 10:25:43 --> Global POST, GET and COOKIE data sanitized
DEBUG - 2022-12-27 10:25:43 --> Config file loaded: /hwonpark/www/application/config/tree.php
DEBUG - 2022-12-27 10:25:43 --> Total execution time: 0.0350
DEBUG - 2022-12-27 10:25:47 --> UTF-8 Support Enabled
DEBUG - 2022-12-27 10:25:47 --> Global POST, GET and COOKIE data sanitized
DEBUG - 2022-12-27 10:25:47 --> Config file loaded: /hwonpark/www/application/config/tree.php
DEBUG - 2022-12-27 10:25:47 --> Total execution time: 0.0325
DEBUG - 2022-12-27 10:27:29 --> UTF-8 Support Enabled
DEBUG - 2022-12-27 10:27:29 --> Global POST, GET and COOKIE data sanitized
DEBUG - 2022-12-27 10:27:29 --> Config file loaded: /hwonpark/www/application/config/tree.php
DEBUG - 2022-12-27 10:27:29 --> Total execution time: 0.0579
DEBUG - 2022-12-27 10:27:30 --> UTF-8 Support Enabled
DEBUG - 2022-12-27 10:27:30 --> Global POST, GET and COOKIE data sanitized
DEBUG - 2022-12-27 10:27:30 --> Config file loaded: /hwonpark/www/application/config/tree.php
DEBUG - 2022-12-27 10:27:30 --> Total execution time: 0.0330
DEBUG - 2022-12-27 10:50:51 --> UTF-8 Support Enabled
DEBUG - 2022-12-27 10:50:51 --> No URI present. Default controller set.
DEBUG - 2022-12-27 10:50:51 --> Global POST, GET and COOKIE data sanitized
DEBUG - 2022-12-27 10:50:51 --> Config file loaded: /hwonpark/www/application/config/tree.php
DEBUG - 2022-12-27 10:50:51 --> Total execution time: 0.0557
DEBUG - 2022-12-27 10:50:57 --> UTF-8 Support Enabled
DEBUG - 2022-12-27 10:50:57 --> Global POST, GET and COOKIE data sanitized
DEBUG - 2022-12-27 10:50:57 --> Config file loaded: /hwonpark/www/application/config/tree.php
DEBUG - 2022-12-27 10:50:57 --> Total execution time: 0.0329
DEBUG - 2022-12-27 10:50:58 --> UTF-8 Support Enabled
DEBUG - 2022-12-27 10:50:58 --> Global POST, GET and COOKIE data sanitized
ERROR - 2022-12-27 10:50:58 --> 404 Page Not Found: Faviconico/index
DEBUG - 2022-12-27 10:51:03 --> UTF-8 Support Enabled
DEBUG - 2022-12-27 10:51:03 --> Global POST, GET and COOKIE data sanitized
DEBUG - 2022-12-27 10:51:03 --> Config file loaded: /hwonpark/www/application/config/tree.php
DEBUG - 2022-12-27 10:51:04 --> UTF-8 Support Enabled
DEBUG - 2022-12-27 10:51:04 --> Global POST, GET and COOKIE data sanitized
DEBUG - 2022-12-27 10:51:04 --> Config file loaded: /hwonpark/www/application/config/tree.php
DEBUG - 2022-12-27 10:51:04 --> Encryption: Auto-configured driver 'openssl'.
DEBUG - 2022-12-27 10:51:04 --> UTF-8 Support Enabled
DEBUG - 2022-12-27 10:51:04 --> Global POST, GET and COOKIE data sanitized
DEBUG - 2022-12-27 10:51:04 --> Config file loaded: /hwonpark/www/application/config/tree.php
DEBUG - 2022-12-27 10:51:04 --> Encryption: Auto-configured driver 'openssl'.
DEBUG - 2022-12-27 10:51:04 --> Encryption class already loaded. Second attempt ignored.
DEBUG - 2022-12-27 10:51:04 --> Total execution time: 0.0398
DEBUG - 2022-12-27 10:51:05 --> UTF-8 Support Enabled
DEBUG - 2022-12-27 10:51:05 --> Global POST, GET and COOKIE data sanitized
DEBUG - 2022-12-27 10:51:05 --> Config file loaded: /hwonpark/www/application/config/tree.php
DEBUG - 2022-12-27 10:51:05 --> Encryption: Auto-configured driver 'openssl'.
DEBUG - 2022-12-27 10:51:05 --> Total execution time: 0.0506
DEBUG - 2022-12-27 10:51:07 --> UTF-8 Support Enabled
DEBUG - 2022-12-27 10:51:07 --> Global POST, GET and COOKIE data sanitized
DEBUG - 2022-12-27 10:51:07 --> Config file loaded: /hwonpark/www/application/config/tree.php
DEBUG - 2022-12-27 10:51:07 --> Encryption: Auto-configured driver 'openssl'.
DEBUG - 2022-12-27 10:51:07 --> Total execution time: 0.0763
DEBUG - 2022-12-27 10:51:09 --> UTF-8 Support Enabled
DEBUG - 2022-12-27 10:51:09 --> Global POST, GET and COOKIE data sanitized
DEBUG - 2022-12-27 10:51:09 --> Config file loaded: /hwonpark/www/application/config/tree.php
DEBUG - 2022-12-27 10:51:09 --> Encryption: Auto-configured driver 'openssl'.
DEBUG - 2022-12-27 10:51:09 --> Total execution time: 0.0387
DEBUG - 2022-12-27 10:52:39 --> UTF-8 Support Enabled
DEBUG - 2022-12-27 10:52:39 --> Global POST, GET and COOKIE data sanitized
DEBUG - 2022-12-27 10:52:39 --> Config file loaded: /hwonpark/www/application/config/tree.php
DEBUG - 2022-12-27 10:52:39 --> Encryption: Auto-configured driver 'openssl'.
ERROR - 2022-12-27 10:52:39 --> Could not find the language line "imglib_invalid_image"
ERROR - 2022-12-27 10:52:39 --> imglib_invalid_image
DEBUG - 2022-12-27 10:52:39 --> DL_schema class already loaded. Second attempt ignored.
DEBUG - 2022-12-27 10:52:40 --> UTF-8 Support Enabled
DEBUG - 2022-12-27 10:52:40 --> Global POST, GET and COOKIE data sanitized
DEBUG - 2022-12-27 10:52:40 --> Config file loaded: /hwonpark/www/application/config/tree.php
DEBUG - 2022-12-27 10:52:40 --> Encryption: Auto-configured driver 'openssl'.
DEBUG - 2022-12-27 10:52:40 --> Total execution time: 0.0371
DEBUG - 2022-12-27 11:00:29 --> UTF-8 Support Enabled
DEBUG - 2022-12-27 11:00:29 --> Global POST, GET and COOKIE data sanitized
DEBUG - 2022-12-27 11:00:29 --> Config file loaded: /hwonpark/www/application/config/tree.php
DEBUG - 2022-12-27 11:00:29 --> Encryption: Auto-configured driver 'openssl'.
DEBUG - 2022-12-27 11:00:29 --> Total execution time: 0.0826
DEBUG - 2022-12-27 11:00:35 --> UTF-8 Support Enabled
DEBUG - 2022-12-27 11:00:35 --> No URI present. Default controller set.
DEBUG - 2022-12-27 11:00:35 --> Global POST, GET and COOKIE data sanitized
DEBUG - 2022-12-27 11:00:35 --> Config file loaded: /hwonpark/www/application/config/tree.php
DEBUG - 2022-12-27 11:00:35 --> Total execution time: 0.0392
DEBUG - 2022-12-27 11:00:36 --> UTF-8 Support Enabled
DEBUG - 2022-12-27 11:00:36 --> Global POST, GET and COOKIE data sanitized
ERROR - 2022-12-27 11:00:36 --> 404 Page Not Found: Faviconico/index
DEBUG - 2022-12-27 11:00:43 --> UTF-8 Support Enabled
DEBUG - 2022-12-27 11:00:43 --> Global POST, GET and COOKIE data sanitized
DEBUG - 2022-12-27 11:00:43 --> Config file loaded: /hwonpark/www/application/config/tree.php
DEBUG - 2022-12-27 11:00:43 --> Encryption: Auto-configured driver 'openssl'.
DEBUG - 2022-12-27 11:00:43 --> Total execution time: 0.0576
DEBUG - 2022-12-27 11:00:47 --> UTF-8 Support Enabled
DEBUG - 2022-12-27 11:00:47 --> Global POST, GET and COOKIE data sanitized
DEBUG - 2022-12-27 11:00:47 --> Config file loaded: /hwonpark/www/application/config/tree.php
DEBUG - 2022-12-27 11:00:47 --> Encryption: Auto-configured driver 'openssl'.
DEBUG - 2022-12-27 11:00:47 --> Total execution time: 0.0590
DEBUG - 2022-12-27 11:01:01 --> UTF-8 Support Enabled
DEBUG - 2022-12-27 11:01:01 --> No URI present. Default controller set.
DEBUG - 2022-12-27 11:01:01 --> Global POST, GET and COOKIE data sanitized
DEBUG - 2022-12-27 11:01:01 --> Config file loaded: /hwonpark/www/application/config/tree.php
DEBUG - 2022-12-27 11:01:01 --> Total execution time: 0.0301
DEBUG - 2022-12-27 11:01:03 --> UTF-8 Support Enabled
DEBUG - 2022-12-27 11:01:03 --> Global POST, GET and COOKIE data sanitized
DEBUG - 2022-12-27 11:01:03 --> Config file loaded: /hwonpark/www/application/config/tree.php
DEBUG - 2022-12-27 11:01:03 --> Total execution time: 0.0343
DEBUG - 2022-12-27 11:01:08 --> UTF-8 Support Enabled
DEBUG - 2022-12-27 11:01:08 --> Global POST, GET and COOKIE data sanitized
DEBUG - 2022-12-27 11:01:08 --> Config file loaded: /hwonpark/www/application/config/tree.php
DEBUG - 2022-12-27 11:01:08 --> Total execution time: 0.0382
DEBUG - 2022-12-27 11:01:23 --> UTF-8 Support Enabled
DEBUG - 2022-12-27 11:01:23 --> Global POST, GET and COOKIE data sanitized
DEBUG - 2022-12-27 11:01:23 --> Config file loaded: /hwonpark/www/application/config/tree.php
DEBUG - 2022-12-27 11:01:23 --> Total execution time: 0.0362
DEBUG - 2022-12-27 11:01:26 --> UTF-8 Support Enabled
DEBUG - 2022-12-27 11:01:26 --> Global POST, GET and COOKIE data sanitized
DEBUG - 2022-12-27 11:01:26 --> Config file loaded: /hwonpark/www/application/config/tree.php
DEBUG - 2022-12-27 11:01:27 --> Total execution time: 0.0304
DEBUG - 2022-12-27 11:01:29 --> UTF-8 Support Enabled
DEBUG - 2022-12-27 11:01:29 --> Global POST, GET and COOKIE data sanitized
DEBUG - 2022-12-27 11:01:29 --> Config file loaded: /hwonpark/www/application/config/tree.php
DEBUG - 2022-12-27 11:01:29 --> =================== DL_auth-> oauth::CALLBACK - 시작
DEBUG - 2022-12-27 11:01:29 --> =================== DL_auth-> oauth::CALLBACK - kakao param=:: error=
DEBUG - 2022-12-27 11:01:29 --> =================== DL_auth-> oauth::CALLBACK - kakao param=:: state=
DEBUG - 2022-12-27 11:01:29 --> =================== DL_auth-> oauth::CALLBACK - kakao param=:: code=z42ydAx8nC2BVvbrRBTiOWKTqaAMU1iFSTYeZIaNTwsheMJme24gMXmy7mMQo3MvRO9VRAorDNIAAAGFUVA1CA
DEBUG - 2022-12-27 11:01:29 --> =================== DL_auth -> kakao oauth :2: code=z42ydAx8nC2BVvbrRBTiOWKTqaAMU1iFSTYeZIaNTwsheMJme24gMXmy7mMQo3MvRO9VRAorDNIAAAGFUVA1CA
DEBUG - 2022-12-27 11:01:29 --> ====================Dl_auth -> kakao_login :: 시작
DEBUG - 2022-12-27 11:01:29 --> --------------------Dl_auth::kakao_login - 1.토큰요청 시작
DEBUG - 2022-12-27 11:01:29 --> Dl_auth::kakao_login - get_token 시작 n=2
DEBUG - 2022-12-27 11:01:29 --> --------------------Dl_auth::kakao_login - 1.2.토큰요청 시작 -> 기타브라우저
DEBUG - 2022-12-27 11:01:29 --> --------------------Dl_auth::kakao_login - 1.3.토큰요청
DEBUG - 2022-12-27 11:01:29 --> --------------------Dl_auth::kakao_login - 1.4.토큰요청 -> 성공
DEBUG - 2022-12-27 11:01:29 --> UTF-8 Support Enabled
DEBUG - 2022-12-27 11:01:29 --> Global POST, GET and COOKIE data sanitized
DEBUG - 2022-12-27 11:01:29 --> Config file loaded: /hwonpark/www/application/config/tree.php
DEBUG - 2022-12-27 11:01:29 --> =================== DL_auth-> oauth::CALLBACK - 시작
DEBUG - 2022-12-27 11:01:29 --> =================== DL_auth-> oauth::CALLBACK - kakao param=:: error=
DEBUG - 2022-12-27 11:01:29 --> =================== DL_auth-> oauth::CALLBACK - kakao param=:: state=
DEBUG - 2022-12-27 11:01:29 --> =================== DL_auth-> oauth::CALLBACK - kakao param=:: code=z42ydAx8nC2BVvbrRBTiOWKTqaAMU1iFSTYeZIaNTwsheMJme24gMXmy7mMQo3MvRO9VRAorDNIAAAGFUVA1CA
DEBUG - 2022-12-27 11:01:29 --> =================== DL_auth -> kakao oauth :2: code=z42ydAx8nC2BVvbrRBTiOWKTqaAMU1iFSTYeZIaNTwsheMJme24gMXmy7mMQo3MvRO9VRAorDNIAAAGFUVA1CA
DEBUG - 2022-12-27 11:01:29 --> ====================Dl_auth -> kakao_login :: 시작
DEBUG - 2022-12-27 11:01:30 --> ====================Dl_auth::kakao_login - 1.3.5- 사이트 회원정보 업데이트 성공(카카오 인증 완료) state=
DEBUG - 2022-12-27 11:01:32 --> UTF-8 Support Enabled
DEBUG - 2022-12-27 11:01:32 --> Global POST, GET and COOKIE data sanitized
DEBUG - 2022-12-27 11:01:32 --> Config file loaded: /hwonpark/www/application/config/tree.php
DEBUG - 2022-12-27 11:01:32 --> Encryption: Auto-configured driver 'openssl'.
DEBUG - 2022-12-27 11:01:32 --> Total execution time: 0.0662
DEBUG - 2022-12-27 11:01:37 --> UTF-8 Support Enabled
DEBUG - 2022-12-27 11:01:37 --> Global POST, GET and COOKIE data sanitized
DEBUG - 2022-12-27 11:01:37 --> Config file loaded: /hwonpark/www/application/config/tree.php
DEBUG - 2022-12-27 11:01:37 --> Encryption: Auto-configured driver 'openssl'.
DEBUG - 2022-12-27 11:01:37 --> Total execution time: 0.0330
DEBUG - 2022-12-27 11:01:39 --> UTF-8 Support Enabled
DEBUG - 2022-12-27 11:01:39 --> Global POST, GET and COOKIE data sanitized
DEBUG - 2022-12-27 11:01:39 --> Config file loaded: /hwonpark/www/application/config/tree.php
DEBUG - 2022-12-27 11:01:39 --> Encryption: Auto-configured driver 'openssl'.
DEBUG - 2022-12-27 11:01:39 --> Total execution time: 0.0630
DEBUG - 2022-12-27 11:01:41 --> UTF-8 Support Enabled
DEBUG - 2022-12-27 11:01:41 --> Global POST, GET and COOKIE data sanitized
DEBUG - 2022-12-27 11:01:41 --> Config file loaded: /hwonpark/www/application/config/tree.php
DEBUG - 2022-12-27 11:01:41 --> Encryption: Auto-configured driver 'openssl'.
DEBUG - 2022-12-27 11:03:49 --> UTF-8 Support Enabled
DEBUG - 2022-12-27 11:03:49 --> Global POST, GET and COOKIE data sanitized
DEBUG - 2022-12-27 11:03:49 --> Config file loaded: /hwonpark/www/application/config/tree.php
DEBUG - 2022-12-27 11:03:49 --> Total execution time: 0.0571
DEBUG - 2022-12-27 11:03:53 --> UTF-8 Support Enabled
DEBUG - 2022-12-27 11:03:53 --> Global POST, GET and COOKIE data sanitized
DEBUG - 2022-12-27 11:03:53 --> Config file loaded: /hwonpark/www/application/config/tree.php
DEBUG - 2022-12-27 11:03:54 --> UTF-8 Support Enabled
DEBUG - 2022-12-27 11:03:54 --> Global POST, GET and COOKIE data sanitized
DEBUG - 2022-12-27 11:03:54 --> Config file loaded: /hwonpark/www/application/config/tree.php
DEBUG - 2022-12-27 11:03:54 --> Encryption: Auto-configured driver 'openssl'.
DEBUG - 2022-12-27 11:03:55 --> UTF-8 Support Enabled
DEBUG - 2022-12-27 11:03:55 --> Global POST, GET and COOKIE data sanitized
DEBUG - 2022-12-27 11:03:55 --> Config file loaded: /hwonpark/www/application/config/tree.php
DEBUG - 2022-12-27 11:03:55 --> Encryption: Auto-configured driver 'openssl'.
DEBUG - 2022-12-27 11:03:55 --> Encryption class already loaded. Second attempt ignored.
DEBUG - 2022-12-27 11:03:55 --> Total execution time: 0.0399
DEBUG - 2022-12-27 11:03:57 --> UTF-8 Support Enabled
DEBUG - 2022-12-27 11:03:57 --> Global POST, GET and COOKIE data sanitized
DEBUG - 2022-12-27 11:03:57 --> Config file loaded: /hwonpark/www/application/config/tree.php
DEBUG - 2022-12-27 11:03:57 --> Encryption: Auto-configured driver 'openssl'.
DEBUG - 2022-12-27 11:03:57 --> Total execution time: 0.0404
DEBUG - 2022-12-27 11:04:00 --> UTF-8 Support Enabled
DEBUG - 2022-12-27 11:04:00 --> Global POST, GET and COOKIE data sanitized
DEBUG - 2022-12-27 11:04:00 --> Config file loaded: /hwonpark/www/application/config/tree.php
DEBUG - 2022-12-27 11:04:00 --> Encryption: Auto-configured driver 'openssl'.
DEBUG - 2022-12-27 11:04:00 --> Total execution time: 0.0667
DEBUG - 2022-12-27 11:04:04 --> UTF-8 Support Enabled
DEBUG - 2022-12-27 11:04:04 --> Global POST, GET and COOKIE data sanitized
DEBUG - 2022-12-27 11:04:04 --> Config file loaded: /hwonpark/www/application/config/tree.php
DEBUG - 2022-12-27 11:04:04 --> Encryption: Auto-configured driver 'openssl'.
DEBUG - 2022-12-27 11:04:04 --> Total execution time: 0.0496
DEBUG - 2022-12-27 11:04:05 --> UTF-8 Support Enabled
DEBUG - 2022-12-27 11:04:05 --> Global POST, GET and COOKIE data sanitized
DEBUG - 2022-12-27 11:04:05 --> Config file loaded: /hwonpark/www/application/config/tree.php
DEBUG - 2022-12-27 11:04:05 --> Encryption: Auto-configured driver 'openssl'.
DEBUG - 2022-12-27 11:04:05 --> Total execution time: 0.0690
DEBUG - 2022-12-27 11:04:24 --> UTF-8 Support Enabled
DEBUG - 2022-12-27 11:04:24 --> Global POST, GET and COOKIE data sanitized
DEBUG - 2022-12-27 11:04:24 --> Config file loaded: /hwonpark/www/application/config/tree.php
DEBUG - 2022-12-27 11:04:24 --> Encryption: Auto-configured driver 'openssl'.
DEBUG - 2022-12-27 11:04:37 --> UTF-8 Support Enabled
DEBUG - 2022-12-27 11:04:37 --> Global POST, GET and COOKIE data sanitized
DEBUG - 2022-12-27 11:04:37 --> Config file loaded: /hwonpark/www/application/config/tree.php
DEBUG - 2022-12-27 11:04:37 --> Encryption: Auto-configured driver 'openssl'.
DEBUG - 2022-12-27 11:04:37 --> Total execution time: 0.0584
DEBUG - 2022-12-27 11:05:08 --> UTF-8 Support Enabled
DEBUG - 2022-12-27 11:05:08 --> Global POST, GET and COOKIE data sanitized
DEBUG - 2022-12-27 11:05:08 --> Config file loaded: /hwonpark/www/application/config/tree.php
DEBUG - 2022-12-27 11:05:08 --> Encryption: Auto-configured driver 'openssl'.
DEBUG - 2022-12-27 11:05:08 --> Total execution time: 0.0492
DEBUG - 2022-12-27 11:05:09 --> UTF-8 Support Enabled
DEBUG - 2022-12-27 11:05:09 --> Global POST, GET and COOKIE data sanitized
DEBUG - 2022-12-27 11:05:09 --> Config file loaded: /hwonpark/www/application/config/tree.php
DEBUG - 2022-12-27 11:05:09 --> Encryption: Auto-configured driver 'openssl'.
DEBUG - 2022-12-27 11:05:09 --> Total execution time: 0.0369
DEBUG - 2022-12-27 11:05:51 --> UTF-8 Support Enabled
DEBUG - 2022-12-27 11:05:51 --> Global POST, GET and COOKIE data sanitized
DEBUG - 2022-12-27 11:05:51 --> Config file loaded: /hwonpark/www/application/config/tree.php
DEBUG - 2022-12-27 11:05:51 --> Encryption: Auto-configured driver 'openssl'.
DEBUG - 2022-12-27 11:05:51 --> Total execution time: 0.0637
DEBUG - 2022-12-27 11:08:47 --> UTF-8 Support Enabled
DEBUG - 2022-12-27 11:08:47 --> Global POST, GET and COOKIE data sanitized
DEBUG - 2022-12-27 11:08:47 --> Config file loaded: /hwonpark/www/application/config/tree.php
DEBUG - 2022-12-27 11:08:47 --> Encryption: Auto-configured driver 'openssl'.
DEBUG - 2022-12-27 11:09:05 --> UTF-8 Support Enabled
DEBUG - 2022-12-27 11:09:05 --> Global POST, GET and COOKIE data sanitized
DEBUG - 2022-12-27 11:09:05 --> Config file loaded: /hwonpark/www/application/config/tree.php
DEBUG - 2022-12-27 11:09:05 --> Encryption: Auto-configured driver 'openssl'.
DEBUG - 2022-12-27 11:09:05 --> Total execution time: 0.0740
DEBUG - 2022-12-27 11:09:10 --> UTF-8 Support Enabled
DEBUG - 2022-12-27 11:09:10 --> Global POST, GET and COOKIE data sanitized
DEBUG - 2022-12-27 11:09:10 --> Config file loaded: /hwonpark/www/application/config/tree.php
DEBUG - 2022-12-27 11:09:10 --> Encryption: Auto-configured driver 'openssl'.
DEBUG - 2022-12-27 11:13:25 --> UTF-8 Support Enabled
DEBUG - 2022-12-27 11:13:25 --> Global POST, GET and COOKIE data sanitized
DEBUG - 2022-12-27 11:13:25 --> Config file loaded: /hwonpark/www/application/config/tree.php
DEBUG - 2022-12-27 11:13:25 --> Encryption: Auto-configured driver 'openssl'.
DEBUG - 2022-12-27 11:13:26 --> UTF-8 Support Enabled
DEBUG - 2022-12-27 11:13:26 --> No URI present. Default controller set.
DEBUG - 2022-12-27 11:13:26 --> Global POST, GET and COOKIE data sanitized
DEBUG - 2022-12-27 11:13:26 --> Config file loaded: /hwonpark/www/application/config/tree.php
DEBUG - 2022-12-27 11:13:26 --> Encryption: Auto-configured driver 'openssl'.
DEBUG - 2022-12-27 11:13:26 --> Total execution time: 0.0339
DEBUG - 2022-12-27 11:13:29 --> UTF-8 Support Enabled
DEBUG - 2022-12-27 11:13:29 --> Global POST, GET and COOKIE data sanitized
DEBUG - 2022-12-27 11:13:29 --> Config file loaded: /hwonpark/www/application/config/tree.php
DEBUG - 2022-12-27 11:13:29 --> Encryption: Auto-configured driver 'openssl'.
DEBUG - 2022-12-27 11:13:29 --> UTF-8 Support Enabled
DEBUG - 2022-12-27 11:13:29 --> Global POST, GET and COOKIE data sanitized
DEBUG - 2022-12-27 11:13:29 --> Config file loaded: /hwonpark/www/application/config/tree.php
DEBUG - 2022-12-27 11:13:29 --> Encryption: Auto-configured driver 'openssl'.
DEBUG - 2022-12-27 11:13:29 --> Encryption class already loaded. Second attempt ignored.
DEBUG - 2022-12-27 11:13:29 --> Total execution time: 0.0398
DEBUG - 2022-12-27 11:13:30 --> UTF-8 Support Enabled
DEBUG - 2022-12-27 11:13:30 --> Global POST, GET and COOKIE data sanitized
DEBUG - 2022-12-27 11:13:31 --> Config file loaded: /hwonpark/www/application/config/tree.php
DEBUG - 2022-12-27 11:13:31 --> Encryption: Auto-configured driver 'openssl'.
DEBUG - 2022-12-27 11:13:31 --> Total execution time: 0.0538
DEBUG - 2022-12-27 11:13:32 --> UTF-8 Support Enabled
DEBUG - 2022-12-27 11:13:32 --> Global POST, GET and COOKIE data sanitized
DEBUG - 2022-12-27 11:13:32 --> Config file loaded: /hwonpark/www/application/config/tree.php
DEBUG - 2022-12-27 11:13:32 --> Encryption: Auto-configured driver 'openssl'.
DEBUG - 2022-12-27 11:13:32 --> Total execution time: 0.0364
DEBUG - 2022-12-27 11:13:36 --> UTF-8 Support Enabled
DEBUG - 2022-12-27 11:13:36 --> Global POST, GET and COOKIE data sanitized
DEBUG - 2022-12-27 11:13:36 --> Config file loaded: /hwonpark/www/application/config/tree.php
DEBUG - 2022-12-27 11:13:36 --> Encryption: Auto-configured driver 'openssl'.
DEBUG - 2022-12-27 11:13:36 --> Total execution time: 0.0347
DEBUG - 2022-12-27 11:14:43 --> UTF-8 Support Enabled
DEBUG - 2022-12-27 11:14:43 --> No URI present. Default controller set.
DEBUG - 2022-12-27 11:14:43 --> Global POST, GET and COOKIE data sanitized
DEBUG - 2022-12-27 11:14:43 --> Config file loaded: /hwonpark/www/application/config/tree.php
DEBUG - 2022-12-27 11:14:43 --> Total execution time: 0.0650
DEBUG - 2022-12-27 11:14:44 --> UTF-8 Support Enabled
DEBUG - 2022-12-27 11:14:44 --> Global POST, GET and COOKIE data sanitized
ERROR - 2022-12-27 11:14:44 --> 404 Page Not Found: Faviconico/index
DEBUG - 2022-12-27 11:15:18 --> UTF-8 Support Enabled
DEBUG - 2022-12-27 11:15:18 --> Global POST, GET and COOKIE data sanitized
DEBUG - 2022-12-27 11:15:18 --> Config file loaded: /hwonpark/www/application/config/tree.php
DEBUG - 2022-12-27 11:15:20 --> UTF-8 Support Enabled
DEBUG - 2022-12-27 11:15:20 --> Global POST, GET and COOKIE data sanitized
DEBUG - 2022-12-27 11:15:20 --> Config file loaded: /hwonpark/www/application/config/tree.php
DEBUG - 2022-12-27 11:15:20 --> Total execution time: 0.0351
DEBUG - 2022-12-27 11:15:28 --> UTF-8 Support Enabled
DEBUG - 2022-12-27 11:15:28 --> Global POST, GET and COOKIE data sanitized
DEBUG - 2022-12-27 11:15:28 --> Config file loaded: /hwonpark/www/application/config/tree.php
DEBUG - 2022-12-27 11:15:28 --> =================== DL_auth-> oauth::CALLBACK - 시작
DEBUG - 2022-12-27 11:15:28 --> =================== DL_auth-> oauth::CALLBACK - kakao param=:: error=
DEBUG - 2022-12-27 11:15:28 --> =================== DL_auth-> oauth::CALLBACK - kakao param=:: state=
DEBUG - 2022-12-27 11:15:28 --> =================== DL_auth-> oauth::CALLBACK - kakao param=:: code=UcJnacdo-3wkaSrNGe1whzBaNXYZE1aNZu_S1KVh8q9emaOTVL_iV7bg34H3vHcUqJqpzAopcFEAAAGFUV0EBw
DEBUG - 2022-12-27 11:15:28 --> =================== DL_auth -> kakao oauth :2: code=UcJnacdo-3wkaSrNGe1whzBaNXYZE1aNZu_S1KVh8q9emaOTVL_iV7bg34H3vHcUqJqpzAopcFEAAAGFUV0EBw
DEBUG - 2022-12-27 11:15:28 --> ====================Dl_auth -> kakao_login :: 시작
DEBUG - 2022-12-27 11:15:28 --> --------------------Dl_auth::kakao_login - 1.토큰요청 시작
DEBUG - 2022-12-27 11:15:28 --> Dl_auth::kakao_login - get_token 시작 n=2
DEBUG - 2022-12-27 11:15:28 --> --------------------Dl_auth::kakao_login - 1.2.토큰요청 시작 -> 기타브라우저
DEBUG - 2022-12-27 11:15:28 --> --------------------Dl_auth::kakao_login - 1.3.토큰요청
DEBUG - 2022-12-27 11:15:28 --> --------------------Dl_auth::kakao_login - 1.4.토큰요청 -> 성공
DEBUG - 2022-12-27 11:15:28 --> UTF-8 Support Enabled
DEBUG - 2022-12-27 11:15:28 --> Global POST, GET and COOKIE data sanitized
DEBUG - 2022-12-27 11:15:28 --> Config file loaded: /hwonpark/www/application/config/tree.php
DEBUG - 2022-12-27 11:15:28 --> =================== DL_auth-> oauth::CALLBACK - 시작
DEBUG - 2022-12-27 11:15:28 --> =================== DL_auth-> oauth::CALLBACK - kakao param=:: error=
DEBUG - 2022-12-27 11:15:28 --> =================== DL_auth-> oauth::CALLBACK - kakao param=:: state=
DEBUG - 2022-12-27 11:15:28 --> =================== DL_auth-> oauth::CALLBACK - kakao param=:: code=UcJnacdo-3wkaSrNGe1whzBaNXYZE1aNZu_S1KVh8q9emaOTVL_iV7bg34H3vHcUqJqpzAopcFEAAAGFUV0EBw
DEBUG - 2022-12-27 11:15:28 --> =================== DL_auth -> kakao oauth :2: code=UcJnacdo-3wkaSrNGe1whzBaNXYZE1aNZu_S1KVh8q9emaOTVL_iV7bg34H3vHcUqJqpzAopcFEAAAGFUV0EBw
DEBUG - 2022-12-27 11:15:28 --> ====================Dl_auth -> kakao_login :: 시작
DEBUG - 2022-12-27 11:15:28 --> ====================Dl_auth::kakao_login - 1.3.5- 사이트 회원정보 업데이트 성공(카카오 인증 완료) state=
DEBUG - 2022-12-27 11:15:30 --> UTF-8 Support Enabled
DEBUG - 2022-12-27 11:15:30 --> Global POST, GET and COOKIE data sanitized
DEBUG - 2022-12-27 11:15:30 --> Config file loaded: /hwonpark/www/application/config/tree.php
DEBUG - 2022-12-27 11:15:30 --> Encryption: Auto-configured driver 'openssl'.
DEBUG - 2022-12-27 11:15:30 --> Total execution time: 0.0363
DEBUG - 2022-12-27 11:15:32 --> UTF-8 Support Enabled
DEBUG - 2022-12-27 11:15:32 --> Global POST, GET and COOKIE data sanitized
DEBUG - 2022-12-27 11:15:32 --> Config file loaded: /hwonpark/www/application/config/tree.php
DEBUG - 2022-12-27 11:15:32 --> Encryption: Auto-configured driver 'openssl'.
ERROR - 2022-12-27 11:15:32 --> Could not find the language line "imglib_invalid_image"
ERROR - 2022-12-27 11:15:32 --> imglib_invalid_image
DEBUG - 2022-12-27 11:15:32 --> DL_schema class already loaded. Second attempt ignored.
ERROR - 2022-12-27 11:15:32 --> Could not find the language line "imglib_invalid_image"
ERROR - 2022-12-27 11:15:32 --> imglib_invalid_image
DEBUG - 2022-12-27 11:15:32 --> DL_schema class already loaded. Second attempt ignored.
ERROR - 2022-12-27 11:15:33 --> Could not find the language line "imglib_invalid_image"
ERROR - 2022-12-27 11:15:33 --> imglib_invalid_image
DEBUG - 2022-12-27 11:15:33 --> DL_schema class already loaded. Second attempt ignored.
DEBUG - 2022-12-27 11:15:34 --> UTF-8 Support Enabled
DEBUG - 2022-12-27 11:15:34 --> Global POST, GET and COOKIE data sanitized
DEBUG - 2022-12-27 11:15:34 --> Config file loaded: /hwonpark/www/application/config/tree.php
DEBUG - 2022-12-27 11:15:34 --> Encryption: Auto-configured driver 'openssl'.
DEBUG - 2022-12-27 11:15:34 --> Total execution time: 0.0620
DEBUG - 2022-12-27 11:15:34 --> UTF-8 Support Enabled
DEBUG - 2022-12-27 11:15:35 --> Global POST, GET and COOKIE data sanitized
DEBUG - 2022-12-27 11:15:35 --> Config file loaded: /hwonpark/www/application/config/tree.php
DEBUG - 2022-12-27 11:15:35 --> Encryption: Auto-configured driver 'openssl'.
DEBUG - 2022-12-27 11:15:35 --> Total execution time: 0.0566
DEBUG - 2022-12-27 11:15:39 --> UTF-8 Support Enabled
DEBUG - 2022-12-27 11:15:39 --> Global POST, GET and COOKIE data sanitized
DEBUG - 2022-12-27 11:15:39 --> Config file loaded: /hwonpark/www/application/config/tree.php
DEBUG - 2022-12-27 11:15:39 --> Encryption: Auto-configured driver 'openssl'.
DEBUG - 2022-12-27 11:15:39 --> Total execution time: 0.0847
DEBUG - 2022-12-27 11:15:42 --> UTF-8 Support Enabled
DEBUG - 2022-12-27 11:15:42 --> Global POST, GET and COOKIE data sanitized
DEBUG - 2022-12-27 11:15:42 --> Config file loaded: /hwonpark/www/application/config/tree.php
DEBUG - 2022-12-27 11:15:42 --> Encryption: Auto-configured driver 'openssl'.
DEBUG - 2022-12-27 11:15:42 --> Total execution time: 0.0462
DEBUG - 2022-12-27 11:15:48 --> UTF-8 Support Enabled
DEBUG - 2022-12-27 11:15:48 --> Global POST, GET and COOKIE data sanitized
DEBUG - 2022-12-27 11:15:48 --> Config file loaded: /hwonpark/www/application/config/tree.php
DEBUG - 2022-12-27 11:15:48 --> Encryption: Auto-configured driver 'openssl'.
DEBUG - 2022-12-27 11:15:57 --> UTF-8 Support Enabled
DEBUG - 2022-12-27 11:15:57 --> Global POST, GET and COOKIE data sanitized
DEBUG - 2022-12-27 11:15:57 --> Config file loaded: /hwonpark/www/application/config/tree.php
DEBUG - 2022-12-27 11:15:57 --> Encryption: Auto-configured driver 'openssl'.
DEBUG - 2022-12-27 11:15:57 --> Total execution time: 0.0580
DEBUG - 2022-12-27 11:16:03 --> UTF-8 Support Enabled
DEBUG - 2022-12-27 11:16:03 --> Global POST, GET and COOKIE data sanitized
DEBUG - 2022-12-27 11:16:03 --> Config file loaded: /hwonpark/www/application/config/tree.php
DEBUG - 2022-12-27 11:16:03 --> Encryption: Auto-configured driver 'openssl'.
DEBUG - 2022-12-27 11:16:03 --> Total execution time: 0.0598
DEBUG - 2022-12-27 11:16:05 --> UTF-8 Support Enabled
DEBUG - 2022-12-27 11:16:05 --> Global POST, GET and COOKIE data sanitized
DEBUG - 2022-12-27 11:16:05 --> Config file loaded: /hwonpark/www/application/config/tree.php
DEBUG - 2022-12-27 11:16:05 --> Encryption: Auto-configured driver 'openssl'.
DEBUG - 2022-12-27 11:16:05 --> UTF-8 Support Enabled
DEBUG - 2022-12-27 11:16:05 --> Global POST, GET and COOKIE data sanitized
DEBUG - 2022-12-27 11:16:05 --> Config file loaded: /hwonpark/www/application/config/tree.php
DEBUG - 2022-12-27 11:16:05 --> Encryption: Auto-configured driver 'openssl'.
DEBUG - 2022-12-27 11:16:05 --> Total execution time: 0.0362
DEBUG - 2022-12-27 11:16:05 --> UTF-8 Support Enabled
DEBUG - 2022-12-27 11:16:05 --> Global POST, GET and COOKIE data sanitized
DEBUG - 2022-12-27 11:16:05 --> Config file loaded: /hwonpark/www/application/config/tree.php
DEBUG - 2022-12-27 11:16:05 --> Encryption: Auto-configured driver 'openssl'.
DEBUG - 2022-12-27 11:16:05 --> Total execution time: 0.0375
DEBUG - 2022-12-27 11:16:13 --> UTF-8 Support Enabled
DEBUG - 2022-12-27 11:16:13 --> Global POST, GET and COOKIE data sanitized
DEBUG - 2022-12-27 11:16:13 --> Config file loaded: /hwonpark/www/application/config/tree.php
DEBUG - 2022-12-27 11:16:13 --> Encryption: Auto-configured driver 'openssl'.
DEBUG - 2022-12-27 11:16:13 --> Total execution time: 0.0962
DEBUG - 2022-12-27 11:16:20 --> UTF-8 Support Enabled
DEBUG - 2022-12-27 11:16:20 --> Global POST, GET and COOKIE data sanitized
DEBUG - 2022-12-27 11:16:20 --> Config file loaded: /hwonpark/www/application/config/tree.php
DEBUG - 2022-12-27 11:16:22 --> UTF-8 Support Enabled
DEBUG - 2022-12-27 11:16:22 --> Global POST, GET and COOKIE data sanitized
DEBUG - 2022-12-27 11:16:22 --> Config file loaded: /hwonpark/www/application/config/tree.php
DEBUG - 2022-12-27 11:16:22 --> Total execution time: 0.0363
DEBUG - 2022-12-27 11:16:23 --> UTF-8 Support Enabled
DEBUG - 2022-12-27 11:16:23 --> Global POST, GET and COOKIE data sanitized
DEBUG - 2022-12-27 11:16:23 --> Config file loaded: /hwonpark/www/application/config/tree.php
DEBUG - 2022-12-27 11:16:23 --> Encryption: Auto-configured driver 'openssl'.
DEBUG - 2022-12-27 11:16:47 --> UTF-8 Support Enabled
DEBUG - 2022-12-27 11:16:47 --> Global POST, GET and COOKIE data sanitized
DEBUG - 2022-12-27 11:16:47 --> Config file loaded: /hwonpark/www/application/config/tree.php
DEBUG - 2022-12-27 11:16:47 --> =================== DL_auth-> oauth::CALLBACK - 시작
DEBUG - 2022-12-27 11:16:47 --> =================== DL_auth-> oauth::CALLBACK - kakao param=:: error=
DEBUG - 2022-12-27 11:16:47 --> =================== DL_auth-> oauth::CALLBACK - kakao param=:: state=
DEBUG - 2022-12-27 11:16:47 --> =================== DL_auth-> oauth::CALLBACK - kakao param=:: code=VeoFvhVAEp4aIItGrDOmjXzpVxoRV3gSg_PLq5ULYhh3Ypt5EamhSpBYmilFE5MGowa_iwopyNgAAAGFUV44Ww
DEBUG - 2022-12-27 11:16:47 --> =================== DL_auth -> kakao oauth :2: code=VeoFvhVAEp4aIItGrDOmjXzpVxoRV3gSg_PLq5ULYhh3Ypt5EamhSpBYmilFE5MGowa_iwopyNgAAAGFUV44Ww
DEBUG - 2022-12-27 11:16:47 --> ====================Dl_auth -> kakao_login :: 시작
DEBUG - 2022-12-27 11:16:47 --> --------------------Dl_auth::kakao_login - 1.토큰요청 시작
DEBUG - 2022-12-27 11:16:47 --> Dl_auth::kakao_login - get_token 시작 n=2
DEBUG - 2022-12-27 11:16:47 --> --------------------Dl_auth::kakao_login - 1.2.토큰요청 시작 -> 기타브라우저
DEBUG - 2022-12-27 11:16:47 --> --------------------Dl_auth::kakao_login - 1.3.토큰요청
DEBUG - 2022-12-27 11:16:47 --> --------------------Dl_auth::kakao_login - 1.4.토큰요청 -> 성공
DEBUG - 2022-12-27 11:16:47 --> UTF-8 Support Enabled
DEBUG - 2022-12-27 11:16:47 --> Global POST, GET and COOKIE data sanitized
DEBUG - 2022-12-27 11:16:47 --> Config file loaded: /hwonpark/www/application/config/tree.php
DEBUG - 2022-12-27 11:16:47 --> =================== DL_auth-> oauth::CALLBACK - 시작
DEBUG - 2022-12-27 11:16:47 --> =================== DL_auth-> oauth::CALLBACK - kakao param=:: error=
DEBUG - 2022-12-27 11:16:47 --> =================== DL_auth-> oauth::CALLBACK - kakao param=:: state=
DEBUG - 2022-12-27 11:16:47 --> =================== DL_auth-> oauth::CALLBACK - kakao param=:: code=VeoFvhVAEp4aIItGrDOmjXzpVxoRV3gSg_PLq5ULYhh3Ypt5EamhSpBYmilFE5MGowa_iwopyNgAAAGFUV44Ww
DEBUG - 2022-12-27 11:16:47 --> =================== DL_auth -> kakao oauth :2: code=VeoFvhVAEp4aIItGrDOmjXzpVxoRV3gSg_PLq5ULYhh3Ypt5EamhSpBYmilFE5MGowa_iwopyNgAAAGFUV44Ww
DEBUG - 2022-12-27 11:16:47 --> ====================Dl_auth -> kakao_login :: 시작
DEBUG - 2022-12-27 11:16:47 --> ====================Dl_auth::kakao_login - 1.3.5- 사이트 회원정보 업데이트 성공(카카오 인증 완료) state=
DEBUG - 2022-12-27 11:16:49 --> UTF-8 Support Enabled
DEBUG - 2022-12-27 11:16:49 --> Global POST, GET and COOKIE data sanitized
DEBUG - 2022-12-27 11:16:49 --> Config file loaded: /hwonpark/www/application/config/tree.php
DEBUG - 2022-12-27 11:16:49 --> Encryption: Auto-configured driver 'openssl'.
DEBUG - 2022-12-27 11:16:49 --> Total execution time: 0.0657
DEBUG - 2022-12-27 11:17:01 --> UTF-8 Support Enabled
DEBUG - 2022-12-27 11:17:01 --> Global POST, GET and COOKIE data sanitized
DEBUG - 2022-12-27 11:17:01 --> Config file loaded: /hwonpark/www/application/config/tree.php
DEBUG - 2022-12-27 11:17:01 --> Encryption: Auto-configured driver 'openssl'.
DEBUG - 2022-12-27 11:17:01 --> Total execution time: 0.0446
DEBUG - 2022-12-27 11:17:05 --> UTF-8 Support Enabled
DEBUG - 2022-12-27 11:17:05 --> Global POST, GET and COOKIE data sanitized
DEBUG - 2022-12-27 11:17:05 --> Config file loaded: /hwonpark/www/application/config/tree.php
DEBUG - 2022-12-27 11:17:05 --> Encryption: Auto-configured driver 'openssl'.
DEBUG - 2022-12-27 11:17:05 --> Total execution time: 0.0602
DEBUG - 2022-12-27 11:17:14 --> UTF-8 Support Enabled
DEBUG - 2022-12-27 11:17:14 --> Global POST, GET and COOKIE data sanitized
DEBUG - 2022-12-27 11:17:14 --> Config file loaded: /hwonpark/www/application/config/tree.php
DEBUG - 2022-12-27 11:17:14 --> Encryption: Auto-configured driver 'openssl'.
DEBUG - 2022-12-27 11:17:14 --> Total execution time: 0.0355
DEBUG - 2022-12-27 11:17:15 --> UTF-8 Support Enabled
DEBUG - 2022-12-27 11:17:15 --> Global POST, GET and COOKIE data sanitized
DEBUG - 2022-12-27 11:17:15 --> Config file loaded: /hwonpark/www/application/config/tree.php
DEBUG - 2022-12-27 11:17:15 --> Encryption: Auto-configured driver 'openssl'.
DEBUG - 2022-12-27 11:17:15 --> Total execution time: 0.0314
DEBUG - 2022-12-27 11:17:16 --> UTF-8 Support Enabled
DEBUG - 2022-12-27 11:17:16 --> Global POST, GET and COOKIE data sanitized
DEBUG - 2022-12-27 11:17:16 --> Config file loaded: /hwonpark/www/application/config/tree.php
DEBUG - 2022-12-27 11:17:16 --> Encryption: Auto-configured driver 'openssl'.
DEBUG - 2022-12-27 11:17:16 --> Total execution time: 0.0402
DEBUG - 2022-12-27 11:18:07 --> UTF-8 Support Enabled
DEBUG - 2022-12-27 11:18:07 --> Global POST, GET and COOKIE data sanitized
DEBUG - 2022-12-27 11:18:07 --> Config file loaded: /hwonpark/www/application/config/tree.php
DEBUG - 2022-12-27 11:18:07 --> Encryption: Auto-configured driver 'openssl'.
DEBUG - 2022-12-27 11:18:07 --> Total execution time: 0.0441
DEBUG - 2022-12-27 11:18:24 --> UTF-8 Support Enabled
DEBUG - 2022-12-27 11:18:24 --> Global POST, GET and COOKIE data sanitized
DEBUG - 2022-12-27 11:18:24 --> Config file loaded: /hwonpark/www/application/config/tree.php
DEBUG - 2022-12-27 11:18:24 --> Encryption: Auto-configured driver 'openssl'.
DEBUG - 2022-12-27 11:18:24 --> Total execution time: 0.0392
DEBUG - 2022-12-27 11:18:32 --> UTF-8 Support Enabled
DEBUG - 2022-12-27 11:18:32 --> Global POST, GET and COOKIE data sanitized
DEBUG - 2022-12-27 11:18:32 --> Config file loaded: /hwonpark/www/application/config/tree.php
DEBUG - 2022-12-27 11:18:32 --> Encryption: Auto-configured driver 'openssl'.
DEBUG - 2022-12-27 11:18:32 --> Total execution time: 0.0338
DEBUG - 2022-12-27 11:18:33 --> UTF-8 Support Enabled
DEBUG - 2022-12-27 11:18:33 --> Global POST, GET and COOKIE data sanitized
DEBUG - 2022-12-27 11:18:33 --> Config file loaded: /hwonpark/www/application/config/tree.php
DEBUG - 2022-12-27 11:18:33 --> Encryption: Auto-configured driver 'openssl'.
DEBUG - 2022-12-27 11:18:33 --> Total execution time: 0.0360
DEBUG - 2022-12-27 11:18:33 --> UTF-8 Support Enabled
DEBUG - 2022-12-27 11:18:33 --> Global POST, GET and COOKIE data sanitized
DEBUG - 2022-12-27 11:18:34 --> Config file loaded: /hwonpark/www/application/config/tree.php
DEBUG - 2022-12-27 11:18:34 --> Encryption: Auto-configured driver 'openssl'.
DEBUG - 2022-12-27 11:18:34 --> Encryption class already loaded. Second attempt ignored.
DEBUG - 2022-12-27 11:18:34 --> Total execution time: 0.0457
DEBUG - 2022-12-27 11:18:37 --> UTF-8 Support Enabled
DEBUG - 2022-12-27 11:18:37 --> Global POST, GET and COOKIE data sanitized
DEBUG - 2022-12-27 11:18:37 --> Config file loaded: /hwonpark/www/application/config/tree.php
DEBUG - 2022-12-27 11:18:37 --> Encryption: Auto-configured driver 'openssl'.
DEBUG - 2022-12-27 11:18:37 --> Encryption class already loaded. Second attempt ignored.
DEBUG - 2022-12-27 11:18:37 --> Total execution time: 0.0362
DEBUG - 2022-12-27 11:18:43 --> UTF-8 Support Enabled
DEBUG - 2022-12-27 11:18:43 --> Global POST, GET and COOKIE data sanitized
DEBUG - 2022-12-27 11:18:43 --> Config file loaded: /hwonpark/www/application/config/tree.php
DEBUG - 2022-12-27 11:18:43 --> Encryption: Auto-configured driver 'openssl'.
DEBUG - 2022-12-27 11:18:43 --> Total execution time: 0.0710
DEBUG - 2022-12-27 11:18:51 --> UTF-8 Support Enabled
DEBUG - 2022-12-27 11:18:51 --> Global POST, GET and COOKIE data sanitized
DEBUG - 2022-12-27 11:18:51 --> Config file loaded: /hwonpark/www/application/config/tree.php
DEBUG - 2022-12-27 11:18:51 --> Encryption: Auto-configured driver 'openssl'.
DEBUG - 2022-12-27 11:18:51 --> Total execution time: 0.0874
DEBUG - 2022-12-27 11:18:55 --> UTF-8 Support Enabled
DEBUG - 2022-12-27 11:18:55 --> Global POST, GET and COOKIE data sanitized
DEBUG - 2022-12-27 11:18:55 --> Config file loaded: /hwonpark/www/application/config/tree.php
DEBUG - 2022-12-27 11:18:55 --> Encryption: Auto-configured driver 'openssl'.
DEBUG - 2022-12-27 11:18:55 --> Encryption class already loaded. Second attempt ignored.
DEBUG - 2022-12-27 11:18:55 --> Total execution time: 0.0723
DEBUG - 2022-12-27 11:19:01 --> UTF-8 Support Enabled
DEBUG - 2022-12-27 11:19:01 --> Global POST, GET and COOKIE data sanitized
DEBUG - 2022-12-27 11:19:01 --> Config file loaded: /hwonpark/www/application/config/tree.php
DEBUG - 2022-12-27 11:19:01 --> Encryption: Auto-configured driver 'openssl'.
DEBUG - 2022-12-27 11:19:01 --> Total execution time: 0.0429
DEBUG - 2022-12-27 11:19:10 --> UTF-8 Support Enabled
DEBUG - 2022-12-27 11:19:10 --> Global POST, GET and COOKIE data sanitized
DEBUG - 2022-12-27 11:19:10 --> Config file loaded: /hwonpark/www/application/config/tree.php
DEBUG - 2022-12-27 11:19:10 --> Encryption: Auto-configured driver 'openssl'.
DEBUG - 2022-12-27 11:19:10 --> Total execution time: 0.0929
DEBUG - 2022-12-27 11:20:23 --> UTF-8 Support Enabled
DEBUG - 2022-12-27 11:20:23 --> Global POST, GET and COOKIE data sanitized
DEBUG - 2022-12-27 11:20:23 --> Config file loaded: /hwonpark/www/application/config/tree.php
DEBUG - 2022-12-27 11:20:23 --> Encryption: Auto-configured driver 'openssl'.
DEBUG - 2022-12-27 11:20:23 --> Total execution time: 0.0438
DEBUG - 2022-12-27 11:20:47 --> UTF-8 Support Enabled
DEBUG - 2022-12-27 11:20:47 --> Global POST, GET and COOKIE data sanitized
DEBUG - 2022-12-27 11:20:47 --> Config file loaded: /hwonpark/www/application/config/tree.php
DEBUG - 2022-12-27 11:20:47 --> Encryption: Auto-configured driver 'openssl'.
DEBUG - 2022-12-27 11:20:48 --> Total execution time: 0.0555
DEBUG - 2022-12-27 13:04:37 --> UTF-8 Support Enabled
DEBUG - 2022-12-27 13:04:37 --> Global POST, GET and COOKIE data sanitized
DEBUG - 2022-12-27 13:04:37 --> Config file loaded: /hwonpark/www/application/config/tree.php
DEBUG - 2022-12-27 13:04:44 --> UTF-8 Support Enabled
DEBUG - 2022-12-27 13:04:44 --> Global POST, GET and COOKIE data sanitized
DEBUG - 2022-12-27 13:04:44 --> Config file loaded: /hwonpark/www/application/config/tree.php
DEBUG - 2022-12-27 13:04:44 --> Total execution time: 0.0364
DEBUG - 2022-12-27 13:04:47 --> UTF-8 Support Enabled
DEBUG - 2022-12-27 13:04:47 --> Global POST, GET and COOKIE data sanitized
DEBUG - 2022-12-27 13:04:47 --> Config file loaded: /hwonpark/www/application/config/tree.php
DEBUG - 2022-12-27 13:04:47 --> Total execution time: 0.0421
DEBUG - 2022-12-27 13:04:52 --> UTF-8 Support Enabled
DEBUG - 2022-12-27 13:04:52 --> Global POST, GET and COOKIE data sanitized
DEBUG - 2022-12-27 13:04:52 --> Config file loaded: /hwonpark/www/application/config/tree.php
DEBUG - 2022-12-27 13:04:53 --> UTF-8 Support Enabled
DEBUG - 2022-12-27 13:04:53 --> Global POST, GET and COOKIE data sanitized
DEBUG - 2022-12-27 13:04:53 --> Config file loaded: /hwonpark/www/application/config/tree.php
DEBUG - 2022-12-27 13:04:53 --> Encryption: Auto-configured driver 'openssl'.
DEBUG - 2022-12-27 13:04:53 --> UTF-8 Support Enabled
DEBUG - 2022-12-27 13:04:53 --> Global POST, GET and COOKIE data sanitized
DEBUG - 2022-12-27 13:04:53 --> Config file loaded: /hwonpark/www/application/config/tree.php
DEBUG - 2022-12-27 13:04:53 --> Encryption: Auto-configured driver 'openssl'.
DEBUG - 2022-12-27 13:04:53 --> Encryption class already loaded. Second attempt ignored.
DEBUG - 2022-12-27 13:04:53 --> Total execution time: 0.0547
DEBUG - 2022-12-27 13:04:55 --> UTF-8 Support Enabled
DEBUG - 2022-12-27 13:04:55 --> Global POST, GET and COOKIE data sanitized
DEBUG - 2022-12-27 13:04:55 --> Config file loaded: /hwonpark/www/application/config/tree.php
DEBUG - 2022-12-27 13:04:55 --> Encryption: Auto-configured driver 'openssl'.
DEBUG - 2022-12-27 13:04:55 --> Total execution time: 0.0481
DEBUG - 2022-12-27 13:04:56 --> UTF-8 Support Enabled
DEBUG - 2022-12-27 13:04:56 --> Global POST, GET and COOKIE data sanitized
DEBUG - 2022-12-27 13:04:56 --> Config file loaded: /hwonpark/www/application/config/tree.php
DEBUG - 2022-12-27 13:04:56 --> Encryption: Auto-configured driver 'openssl'.
DEBUG - 2022-12-27 13:04:56 --> Total execution time: 0.0376
DEBUG - 2022-12-27 13:04:57 --> UTF-8 Support Enabled
DEBUG - 2022-12-27 13:04:57 --> Global POST, GET and COOKIE data sanitized
DEBUG - 2022-12-27 13:04:57 --> Config file loaded: /hwonpark/www/application/config/tree.php
DEBUG - 2022-12-27 13:04:57 --> Encryption: Auto-configured driver 'openssl'.
DEBUG - 2022-12-27 13:04:57 --> Total execution time: 0.0348
DEBUG - 2022-12-27 13:04:59 --> UTF-8 Support Enabled
DEBUG - 2022-12-27 13:04:59 --> Global POST, GET and COOKIE data sanitized
DEBUG - 2022-12-27 13:04:59 --> Config file loaded: /hwonpark/www/application/config/tree.php
DEBUG - 2022-12-27 13:04:59 --> Encryption: Auto-configured driver 'openssl'.
DEBUG - 2022-12-27 13:04:59 --> Total execution time: 0.0466
DEBUG - 2022-12-27 13:05:02 --> UTF-8 Support Enabled
DEBUG - 2022-12-27 13:05:02 --> Global POST, GET and COOKIE data sanitized
DEBUG - 2022-12-27 13:05:03 --> Config file loaded: /hwonpark/www/application/config/tree.php
DEBUG - 2022-12-27 13:05:03 --> Encryption: Auto-configured driver 'openssl'.
DEBUG - 2022-12-27 13:05:03 --> Total execution time: 0.2729
DEBUG - 2022-12-27 13:06:46 --> UTF-8 Support Enabled
DEBUG - 2022-12-27 13:06:46 --> Global POST, GET and COOKIE data sanitized
DEBUG - 2022-12-27 13:06:46 --> Config file loaded: /hwonpark/www/application/config/tree.php
DEBUG - 2022-12-27 13:06:46 --> Encryption: Auto-configured driver 'openssl'.
DEBUG - 2022-12-27 13:06:46 --> Total execution time: 0.0612
DEBUG - 2022-12-27 13:18:52 --> UTF-8 Support Enabled
DEBUG - 2022-12-27 13:18:52 --> No URI present. Default controller set.
DEBUG - 2022-12-27 13:18:52 --> Global POST, GET and COOKIE data sanitized
DEBUG - 2022-12-27 13:18:52 --> Config file loaded: /hwonpark/www/application/config/tree.php
DEBUG - 2022-12-27 13:18:52 --> Total execution time: 0.0318
DEBUG - 2022-12-27 17:08:44 --> UTF-8 Support Enabled
DEBUG - 2022-12-27 17:08:44 --> No URI present. Default controller set.
DEBUG - 2022-12-27 17:08:44 --> Global POST, GET and COOKIE data sanitized
DEBUG - 2022-12-27 17:08:44 --> Config file loaded: /hwonpark/www/application/config/tree.php
DEBUG - 2022-12-27 17:08:44 --> Total execution time: 0.2294
