DEBUG - 2022-10-21 09:25:07 --> UTF-8 Support Enabled
DEBUG - 2022-10-21 09:25:07 --> Global POST, GET and COOKIE data sanitized
DEBUG - 2022-10-21 09:25:07 --> Config file loaded: /hwonpark/www/application/config/tree.php
DEBUG - 2022-10-21 09:25:07 --> Total execution time: 0.2400
DEBUG - 2022-10-21 09:25:09 --> UTF-8 Support Enabled
DEBUG - 2022-10-21 09:25:09 --> Global POST, GET and COOKIE data sanitized
ERROR - 2022-10-21 09:25:09 --> 404 Page Not Found: Faviconico/index
DEBUG - 2022-10-21 09:25:13 --> UTF-8 Support Enabled
DEBUG - 2022-10-21 09:25:13 --> Global POST, GET and COOKIE data sanitized
DEBUG - 2022-10-21 09:25:13 --> Config file loaded: /hwonpark/www/application/config/tree.php
DEBUG - 2022-10-21 09:25:14 --> UTF-8 Support Enabled
DEBUG - 2022-10-21 09:25:14 --> Global POST, GET and COOKIE data sanitized
DEBUG - 2022-10-21 09:25:14 --> Config file loaded: /hwonpark/www/application/config/tree.php
DEBUG - 2022-10-21 09:25:14 --> Encryption: Auto-configured driver 'openssl'.
DEBUG - 2022-10-21 09:25:15 --> UTF-8 Support Enabled
DEBUG - 2022-10-21 09:25:15 --> Global POST, GET and COOKIE data sanitized
DEBUG - 2022-10-21 09:25:15 --> Config file loaded: /hwonpark/www/application/config/tree.php
DEBUG - 2022-10-21 09:25:15 --> Encryption: Auto-configured driver 'openssl'.
DEBUG - 2022-10-21 09:25:15 --> Encryption class already loaded. Second attempt ignored.
DEBUG - 2022-10-21 09:25:15 --> Total execution time: 0.0552
DEBUG - 2022-10-21 09:25:17 --> UTF-8 Support Enabled
DEBUG - 2022-10-21 09:25:17 --> Global POST, GET and COOKIE data sanitized
DEBUG - 2022-10-21 09:25:17 --> Config file loaded: /hwonpark/www/application/config/tree.php
DEBUG - 2022-10-21 09:25:17 --> Encryption: Auto-configured driver 'openssl'.
DEBUG - 2022-10-21 09:25:17 --> Total execution time: 0.0658
DEBUG - 2022-10-21 09:25:21 --> UTF-8 Support Enabled
DEBUG - 2022-10-21 09:25:21 --> Global POST, GET and COOKIE data sanitized
DEBUG - 2022-10-21 09:25:21 --> Config file loaded: /hwonpark/www/application/config/tree.php
DEBUG - 2022-10-21 09:25:21 --> Encryption: Auto-configured driver 'openssl'.
DEBUG - 2022-10-21 09:25:21 --> Total execution time: 0.0777
DEBUG - 2022-10-21 09:25:56 --> UTF-8 Support Enabled
DEBUG - 2022-10-21 09:25:56 --> Global POST, GET and COOKIE data sanitized
DEBUG - 2022-10-21 09:25:57 --> Config file loaded: /hwonpark/www/application/config/tree.php
DEBUG - 2022-10-21 09:25:57 --> Encryption: Auto-configured driver 'openssl'.
DEBUG - 2022-10-21 09:25:57 --> Total execution time: 0.0395
DEBUG - 2022-10-21 09:26:02 --> UTF-8 Support Enabled
DEBUG - 2022-10-21 09:26:02 --> Global POST, GET and COOKIE data sanitized
DEBUG - 2022-10-21 09:26:03 --> Config file loaded: /hwonpark/www/application/config/tree.php
DEBUG - 2022-10-21 09:26:03 --> Encryption: Auto-configured driver 'openssl'.
DEBUG - 2022-10-21 09:26:03 --> Total execution time: 0.0543
DEBUG - 2022-10-21 09:26:09 --> UTF-8 Support Enabled
DEBUG - 2022-10-21 09:26:09 --> Global POST, GET and COOKIE data sanitized
DEBUG - 2022-10-21 09:26:09 --> Config file loaded: /hwonpark/www/application/config/tree.php
DEBUG - 2022-10-21 09:26:09 --> Encryption: Auto-configured driver 'openssl'.
DEBUG - 2022-10-21 09:26:09 --> Total execution time: 0.0439
DEBUG - 2022-10-21 09:26:14 --> UTF-8 Support Enabled
DEBUG - 2022-10-21 09:26:14 --> Global POST, GET and COOKIE data sanitized
DEBUG - 2022-10-21 09:26:14 --> Config file loaded: /hwonpark/www/application/config/tree.php
DEBUG - 2022-10-21 09:26:14 --> Encryption: Auto-configured driver 'openssl'.
DEBUG - 2022-10-21 09:26:14 --> Total execution time: 0.0882
DEBUG - 2022-10-21 09:36:32 --> UTF-8 Support Enabled
DEBUG - 2022-10-21 09:36:32 --> No URI present. Default controller set.
DEBUG - 2022-10-21 09:36:32 --> Global POST, GET and COOKIE data sanitized
DEBUG - 2022-10-21 09:36:32 --> Config file loaded: /hwonpark/www/application/config/tree.php
DEBUG - 2022-10-21 09:36:32 --> Total execution time: 0.0424
DEBUG - 2022-10-21 09:36:37 --> UTF-8 Support Enabled
DEBUG - 2022-10-21 09:36:37 --> Global POST, GET and COOKIE data sanitized
DEBUG - 2022-10-21 09:36:37 --> Config file loaded: /hwonpark/www/application/config/tree.php
DEBUG - 2022-10-21 09:36:37 --> Total execution time: 0.0310
DEBUG - 2022-10-21 09:36:43 --> UTF-8 Support Enabled
DEBUG - 2022-10-21 09:36:43 --> Global POST, GET and COOKIE data sanitized
DEBUG - 2022-10-21 09:36:43 --> Config file loaded: /hwonpark/www/application/config/tree.php
DEBUG - 2022-10-21 09:36:45 --> UTF-8 Support Enabled
DEBUG - 2022-10-21 09:36:45 --> Global POST, GET and COOKIE data sanitized
DEBUG - 2022-10-21 09:36:45 --> Config file loaded: /hwonpark/www/application/config/tree.php
DEBUG - 2022-10-21 09:36:45 --> Encryption: Auto-configured driver 'openssl'.
DEBUG - 2022-10-21 09:36:45 --> UTF-8 Support Enabled
DEBUG - 2022-10-21 09:36:45 --> Global POST, GET and COOKIE data sanitized
DEBUG - 2022-10-21 09:36:45 --> Config file loaded: /hwonpark/www/application/config/tree.php
DEBUG - 2022-10-21 09:36:45 --> Encryption: Auto-configured driver 'openssl'.
DEBUG - 2022-10-21 09:36:45 --> Encryption class already loaded. Second attempt ignored.
DEBUG - 2022-10-21 09:36:45 --> Total execution time: 0.0480
DEBUG - 2022-10-21 09:36:47 --> UTF-8 Support Enabled
DEBUG - 2022-10-21 09:36:47 --> Global POST, GET and COOKIE data sanitized
DEBUG - 2022-10-21 09:36:47 --> Config file loaded: /hwonpark/www/application/config/tree.php
DEBUG - 2022-10-21 09:36:47 --> Encryption: Auto-configured driver 'openssl'.
DEBUG - 2022-10-21 09:36:47 --> Total execution time: 0.0347
DEBUG - 2022-10-21 09:36:51 --> UTF-8 Support Enabled
DEBUG - 2022-10-21 09:36:51 --> Global POST, GET and COOKIE data sanitized
DEBUG - 2022-10-21 09:36:51 --> Config file loaded: /hwonpark/www/application/config/tree.php
DEBUG - 2022-10-21 09:36:51 --> Encryption: Auto-configured driver 'openssl'.
DEBUG - 2022-10-21 09:36:51 --> Total execution time: 0.0403
DEBUG - 2022-10-21 09:37:05 --> UTF-8 Support Enabled
DEBUG - 2022-10-21 09:37:05 --> Global POST, GET and COOKIE data sanitized
DEBUG - 2022-10-21 09:37:05 --> Config file loaded: /hwonpark/www/application/config/tree.php
DEBUG - 2022-10-21 09:37:05 --> Encryption: Auto-configured driver 'openssl'.
DEBUG - 2022-10-21 09:37:05 --> Total execution time: 0.0738
DEBUG - 2022-10-21 09:41:35 --> UTF-8 Support Enabled
DEBUG - 2022-10-21 09:41:35 --> Global POST, GET and COOKIE data sanitized
DEBUG - 2022-10-21 09:41:35 --> Config file loaded: /hwonpark/www/application/config/tree.php
DEBUG - 2022-10-21 09:41:35 --> Encryption: Auto-configured driver 'openssl'.
DEBUG - 2022-10-21 09:41:35 --> Total execution time: 0.0394
DEBUG - 2022-10-21 09:41:45 --> UTF-8 Support Enabled
DEBUG - 2022-10-21 09:41:45 --> Global POST, GET and COOKIE data sanitized
DEBUG - 2022-10-21 09:41:45 --> Config file loaded: /hwonpark/www/application/config/tree.php
DEBUG - 2022-10-21 09:41:45 --> Encryption: Auto-configured driver 'openssl'.
DEBUG - 2022-10-21 09:41:46 --> UTF-8 Support Enabled
DEBUG - 2022-10-21 09:41:46 --> No URI present. Default controller set.
DEBUG - 2022-10-21 09:41:46 --> Global POST, GET and COOKIE data sanitized
DEBUG - 2022-10-21 09:41:46 --> Config file loaded: /hwonpark/www/application/config/tree.php
DEBUG - 2022-10-21 09:41:46 --> Encryption: Auto-configured driver 'openssl'.
DEBUG - 2022-10-21 09:41:46 --> Total execution time: 0.0332
DEBUG - 2022-10-21 09:41:49 --> UTF-8 Support Enabled
DEBUG - 2022-10-21 09:41:49 --> Global POST, GET and COOKIE data sanitized
DEBUG - 2022-10-21 09:41:49 --> Config file loaded: /hwonpark/www/application/config/tree.php
DEBUG - 2022-10-21 09:41:49 --> Encryption: Auto-configured driver 'openssl'.
DEBUG - 2022-10-21 09:41:49 --> UTF-8 Support Enabled
DEBUG - 2022-10-21 09:41:49 --> Global POST, GET and COOKIE data sanitized
DEBUG - 2022-10-21 09:41:49 --> Config file loaded: /hwonpark/www/application/config/tree.php
DEBUG - 2022-10-21 09:41:49 --> Encryption: Auto-configured driver 'openssl'.
DEBUG - 2022-10-21 09:41:49 --> Encryption class already loaded. Second attempt ignored.
DEBUG - 2022-10-21 09:41:49 --> Total execution time: 0.0359
DEBUG - 2022-10-21 09:41:55 --> UTF-8 Support Enabled
DEBUG - 2022-10-21 09:41:55 --> Global POST, GET and COOKIE data sanitized
DEBUG - 2022-10-21 09:41:55 --> Config file loaded: /hwonpark/www/application/config/tree.php
DEBUG - 2022-10-21 09:41:55 --> Encryption: Auto-configured driver 'openssl'.
DEBUG - 2022-10-21 09:41:55 --> Total execution time: 0.0471
DEBUG - 2022-10-21 09:41:57 --> UTF-8 Support Enabled
DEBUG - 2022-10-21 09:41:57 --> Global POST, GET and COOKIE data sanitized
DEBUG - 2022-10-21 09:41:57 --> Config file loaded: /hwonpark/www/application/config/tree.php
DEBUG - 2022-10-21 09:41:57 --> Encryption: Auto-configured driver 'openssl'.
DEBUG - 2022-10-21 09:41:57 --> Total execution time: 0.0432
DEBUG - 2022-10-21 09:42:20 --> UTF-8 Support Enabled
DEBUG - 2022-10-21 09:42:20 --> Global POST, GET and COOKIE data sanitized
DEBUG - 2022-10-21 09:42:20 --> Config file loaded: /hwonpark/www/application/config/tree.php
DEBUG - 2022-10-21 09:42:20 --> Encryption: Auto-configured driver 'openssl'.
DEBUG - 2022-10-21 09:42:20 --> Total execution time: 0.0432
DEBUG - 2022-10-21 09:42:56 --> UTF-8 Support Enabled
DEBUG - 2022-10-21 09:42:56 --> Global POST, GET and COOKIE data sanitized
DEBUG - 2022-10-21 09:42:56 --> Config file loaded: /hwonpark/www/application/config/tree.php
DEBUG - 2022-10-21 09:42:56 --> Encryption: Auto-configured driver 'openssl'.
DEBUG - 2022-10-21 09:42:57 --> UTF-8 Support Enabled
DEBUG - 2022-10-21 09:42:57 --> Global POST, GET and COOKIE data sanitized
DEBUG - 2022-10-21 09:42:57 --> Config file loaded: /hwonpark/www/application/config/tree.php
DEBUG - 2022-10-21 09:42:57 --> Encryption: Auto-configured driver 'openssl'.
DEBUG - 2022-10-21 09:42:57 --> Total execution time: 0.0366
DEBUG - 2022-10-21 09:43:06 --> UTF-8 Support Enabled
DEBUG - 2022-10-21 09:43:06 --> Global POST, GET and COOKIE data sanitized
DEBUG - 2022-10-21 09:43:06 --> Config file loaded: /hwonpark/www/application/config/tree.php
DEBUG - 2022-10-21 09:43:06 --> Encryption: Auto-configured driver 'openssl'.
DEBUG - 2022-10-21 09:43:06 --> Total execution time: 0.0366
DEBUG - 2022-10-21 09:43:14 --> UTF-8 Support Enabled
DEBUG - 2022-10-21 09:43:14 --> Global POST, GET and COOKIE data sanitized
DEBUG - 2022-10-21 09:43:14 --> Config file loaded: /hwonpark/www/application/config/tree.php
DEBUG - 2022-10-21 09:43:14 --> Encryption: Auto-configured driver 'openssl'.
DEBUG - 2022-10-21 09:43:14 --> Total execution time: 0.0347
DEBUG - 2022-10-21 09:43:48 --> UTF-8 Support Enabled
DEBUG - 2022-10-21 09:43:48 --> Global POST, GET and COOKIE data sanitized
DEBUG - 2022-10-21 09:43:48 --> Config file loaded: /hwonpark/www/application/config/tree.php
DEBUG - 2022-10-21 09:43:48 --> Encryption: Auto-configured driver 'openssl'.
DEBUG - 2022-10-21 09:43:49 --> UTF-8 Support Enabled
DEBUG - 2022-10-21 09:43:49 --> Global POST, GET and COOKIE data sanitized
DEBUG - 2022-10-21 09:43:49 --> Config file loaded: /hwonpark/www/application/config/tree.php
DEBUG - 2022-10-21 09:43:49 --> Encryption: Auto-configured driver 'openssl'.
DEBUG - 2022-10-21 09:43:49 --> Total execution time: 0.0503
DEBUG - 2022-10-21 09:44:23 --> UTF-8 Support Enabled
DEBUG - 2022-10-21 09:44:23 --> Global POST, GET and COOKIE data sanitized
DEBUG - 2022-10-21 09:44:23 --> Config file loaded: /hwonpark/www/application/config/tree.php
DEBUG - 2022-10-21 09:44:23 --> Encryption: Auto-configured driver 'openssl'.
DEBUG - 2022-10-21 09:44:23 --> Total execution time: 0.0421
DEBUG - 2022-10-21 09:45:07 --> UTF-8 Support Enabled
DEBUG - 2022-10-21 09:45:07 --> Global POST, GET and COOKIE data sanitized
DEBUG - 2022-10-21 09:45:07 --> Config file loaded: /hwonpark/www/application/config/tree.php
DEBUG - 2022-10-21 09:45:07 --> Encryption: Auto-configured driver 'openssl'.
DEBUG - 2022-10-21 09:45:08 --> UTF-8 Support Enabled
DEBUG - 2022-10-21 09:45:08 --> Global POST, GET and COOKIE data sanitized
DEBUG - 2022-10-21 09:45:08 --> Config file loaded: /hwonpark/www/application/config/tree.php
DEBUG - 2022-10-21 09:45:08 --> Encryption: Auto-configured driver 'openssl'.
DEBUG - 2022-10-21 09:45:08 --> Total execution time: 0.0442
DEBUG - 2022-10-21 09:45:30 --> UTF-8 Support Enabled
DEBUG - 2022-10-21 09:45:30 --> Global POST, GET and COOKIE data sanitized
DEBUG - 2022-10-21 09:45:30 --> Config file loaded: /hwonpark/www/application/config/tree.php
DEBUG - 2022-10-21 09:45:30 --> Encryption: Auto-configured driver 'openssl'.
DEBUG - 2022-10-21 09:45:30 --> Total execution time: 0.0427
DEBUG - 2022-10-21 09:45:52 --> UTF-8 Support Enabled
DEBUG - 2022-10-21 09:45:52 --> Global POST, GET and COOKIE data sanitized
DEBUG - 2022-10-21 09:45:52 --> Config file loaded: /hwonpark/www/application/config/tree.php
DEBUG - 2022-10-21 09:45:52 --> Encryption: Auto-configured driver 'openssl'.
DEBUG - 2022-10-21 09:45:53 --> UTF-8 Support Enabled
DEBUG - 2022-10-21 09:45:53 --> Global POST, GET and COOKIE data sanitized
DEBUG - 2022-10-21 09:45:53 --> Config file loaded: /hwonpark/www/application/config/tree.php
DEBUG - 2022-10-21 09:45:53 --> Encryption: Auto-configured driver 'openssl'.
DEBUG - 2022-10-21 09:45:53 --> Total execution time: 0.0377
DEBUG - 2022-10-21 09:48:58 --> UTF-8 Support Enabled
DEBUG - 2022-10-21 09:48:58 --> Global POST, GET and COOKIE data sanitized
DEBUG - 2022-10-21 09:48:58 --> Config file loaded: /hwonpark/www/application/config/tree.php
DEBUG - 2022-10-21 09:48:58 --> Encryption: Auto-configured driver 'openssl'.
DEBUG - 2022-10-21 09:48:58 --> Total execution time: 0.0465
DEBUG - 2022-10-21 09:49:01 --> UTF-8 Support Enabled
DEBUG - 2022-10-21 09:49:01 --> Global POST, GET and COOKIE data sanitized
DEBUG - 2022-10-21 09:49:01 --> Config file loaded: /hwonpark/www/application/config/tree.php
DEBUG - 2022-10-21 09:49:01 --> Encryption: Auto-configured driver 'openssl'.
DEBUG - 2022-10-21 09:49:01 --> Total execution time: 0.0390
DEBUG - 2022-10-21 09:50:51 --> UTF-8 Support Enabled
DEBUG - 2022-10-21 09:50:51 --> Global POST, GET and COOKIE data sanitized
DEBUG - 2022-10-21 09:50:51 --> Config file loaded: /hwonpark/www/application/config/tree.php
DEBUG - 2022-10-21 09:50:51 --> Encryption: Auto-configured driver 'openssl'.
ERROR - 2022-10-21 09:50:51 --> Could not find the language line "imglib_invalid_image"
ERROR - 2022-10-21 09:50:51 --> imglib_invalid_image
DEBUG - 2022-10-21 09:50:51 --> DL_schema class already loaded. Second attempt ignored.
DEBUG - 2022-10-21 09:50:52 --> UTF-8 Support Enabled
DEBUG - 2022-10-21 09:50:52 --> Global POST, GET and COOKIE data sanitized
DEBUG - 2022-10-21 09:50:52 --> Config file loaded: /hwonpark/www/application/config/tree.php
DEBUG - 2022-10-21 09:50:52 --> Encryption: Auto-configured driver 'openssl'.
DEBUG - 2022-10-21 09:50:52 --> Total execution time: 0.0396
DEBUG - 2022-10-21 09:50:54 --> UTF-8 Support Enabled
DEBUG - 2022-10-21 09:50:54 --> Global POST, GET and COOKIE data sanitized
DEBUG - 2022-10-21 09:50:54 --> Config file loaded: /hwonpark/www/application/config/tree.php
DEBUG - 2022-10-21 09:50:54 --> Encryption: Auto-configured driver 'openssl'.
DEBUG - 2022-10-21 09:50:54 --> Total execution time: 0.0363
DEBUG - 2022-10-21 09:50:58 --> UTF-8 Support Enabled
DEBUG - 2022-10-21 09:50:58 --> Global POST, GET and COOKIE data sanitized
DEBUG - 2022-10-21 09:50:58 --> Config file loaded: /hwonpark/www/application/config/tree.php
DEBUG - 2022-10-21 09:50:58 --> Encryption: Auto-configured driver 'openssl'.
DEBUG - 2022-10-21 09:50:58 --> Total execution time: 0.0654
DEBUG - 2022-10-21 09:51:03 --> UTF-8 Support Enabled
DEBUG - 2022-10-21 09:51:03 --> Global POST, GET and COOKIE data sanitized
DEBUG - 2022-10-21 09:51:03 --> Config file loaded: /hwonpark/www/application/config/tree.php
DEBUG - 2022-10-21 09:51:03 --> Encryption: Auto-configured driver 'openssl'.
DEBUG - 2022-10-21 09:51:03 --> Total execution time: 0.0343
DEBUG - 2022-10-21 09:51:04 --> UTF-8 Support Enabled
DEBUG - 2022-10-21 09:51:04 --> Global POST, GET and COOKIE data sanitized
DEBUG - 2022-10-21 09:51:04 --> Config file loaded: /hwonpark/www/application/config/tree.php
DEBUG - 2022-10-21 09:51:04 --> Encryption: Auto-configured driver 'openssl'.
DEBUG - 2022-10-21 09:51:04 --> Total execution time: 0.0405
DEBUG - 2022-10-21 09:51:05 --> UTF-8 Support Enabled
DEBUG - 2022-10-21 09:51:05 --> Global POST, GET and COOKIE data sanitized
DEBUG - 2022-10-21 09:51:05 --> Config file loaded: /hwonpark/www/application/config/tree.php
DEBUG - 2022-10-21 09:51:05 --> Encryption: Auto-configured driver 'openssl'.
DEBUG - 2022-10-21 09:51:05 --> Total execution time: 0.0458
DEBUG - 2022-10-21 09:55:08 --> UTF-8 Support Enabled
DEBUG - 2022-10-21 09:55:08 --> Global POST, GET and COOKIE data sanitized
DEBUG - 2022-10-21 09:55:08 --> Config file loaded: /hwonpark/www/application/config/tree.php
DEBUG - 2022-10-21 09:55:08 --> Encryption: Auto-configured driver 'openssl'.
DEBUG - 2022-10-21 09:55:08 --> UTF-8 Support Enabled
DEBUG - 2022-10-21 09:55:08 --> Global POST, GET and COOKIE data sanitized
DEBUG - 2022-10-21 09:55:08 --> Config file loaded: /hwonpark/www/application/config/tree.php
DEBUG - 2022-10-21 09:55:08 --> Encryption: Auto-configured driver 'openssl'.
DEBUG - 2022-10-21 09:55:08 --> Total execution time: 0.0392
DEBUG - 2022-10-21 09:55:13 --> UTF-8 Support Enabled
DEBUG - 2022-10-21 09:55:13 --> Global POST, GET and COOKIE data sanitized
DEBUG - 2022-10-21 09:55:13 --> Config file loaded: /hwonpark/www/application/config/tree.php
DEBUG - 2022-10-21 09:55:13 --> Encryption: Auto-configured driver 'openssl'.
DEBUG - 2022-10-21 09:55:13 --> Total execution time: 0.0345
DEBUG - 2022-10-21 09:56:26 --> UTF-8 Support Enabled
DEBUG - 2022-10-21 09:56:26 --> Global POST, GET and COOKIE data sanitized
DEBUG - 2022-10-21 09:56:26 --> Config file loaded: /hwonpark/www/application/config/tree.php
DEBUG - 2022-10-21 09:56:26 --> Encryption: Auto-configured driver 'openssl'.
DEBUG - 2022-10-21 09:56:26 --> UTF-8 Support Enabled
DEBUG - 2022-10-21 09:56:26 --> Global POST, GET and COOKIE data sanitized
DEBUG - 2022-10-21 09:56:26 --> Config file loaded: /hwonpark/www/application/config/tree.php
DEBUG - 2022-10-21 09:56:26 --> Encryption: Auto-configured driver 'openssl'.
DEBUG - 2022-10-21 09:56:26 --> Encryption class already loaded. Second attempt ignored.
DEBUG - 2022-10-21 09:56:26 --> Total execution time: 0.0355
DEBUG - 2022-10-21 09:56:28 --> UTF-8 Support Enabled
DEBUG - 2022-10-21 09:56:28 --> Global POST, GET and COOKIE data sanitized
DEBUG - 2022-10-21 09:56:28 --> Config file loaded: /hwonpark/www/application/config/tree.php
DEBUG - 2022-10-21 09:56:28 --> Encryption: Auto-configured driver 'openssl'.
DEBUG - 2022-10-21 09:56:28 --> Total execution time: 0.0349
DEBUG - 2022-10-21 09:56:34 --> UTF-8 Support Enabled
DEBUG - 2022-10-21 09:56:34 --> Global POST, GET and COOKIE data sanitized
DEBUG - 2022-10-21 09:56:34 --> Config file loaded: /hwonpark/www/application/config/tree.php
DEBUG - 2022-10-21 09:56:34 --> Encryption: Auto-configured driver 'openssl'.
DEBUG - 2022-10-21 09:56:34 --> Total execution time: 0.0340
DEBUG - 2022-10-21 09:56:37 --> UTF-8 Support Enabled
DEBUG - 2022-10-21 09:56:37 --> Global POST, GET and COOKIE data sanitized
DEBUG - 2022-10-21 09:56:37 --> Config file loaded: /hwonpark/www/application/config/tree.php
DEBUG - 2022-10-21 09:56:37 --> Encryption: Auto-configured driver 'openssl'.
DEBUG - 2022-10-21 09:56:37 --> Total execution time: 0.0360
DEBUG - 2022-10-21 09:56:41 --> UTF-8 Support Enabled
DEBUG - 2022-10-21 09:56:41 --> Global POST, GET and COOKIE data sanitized
DEBUG - 2022-10-21 09:56:41 --> Config file loaded: /hwonpark/www/application/config/tree.php
DEBUG - 2022-10-21 09:56:41 --> Encryption: Auto-configured driver 'openssl'.
DEBUG - 2022-10-21 09:56:41 --> Total execution time: 0.0345
DEBUG - 2022-10-21 09:57:10 --> UTF-8 Support Enabled
DEBUG - 2022-10-21 09:57:10 --> Global POST, GET and COOKIE data sanitized
DEBUG - 2022-10-21 09:57:10 --> Config file loaded: /hwonpark/www/application/config/tree.php
DEBUG - 2022-10-21 09:57:10 --> Encryption: Auto-configured driver 'openssl'.
DEBUG - 2022-10-21 09:57:11 --> UTF-8 Support Enabled
DEBUG - 2022-10-21 09:57:11 --> Global POST, GET and COOKIE data sanitized
DEBUG - 2022-10-21 09:57:11 --> Config file loaded: /hwonpark/www/application/config/tree.php
DEBUG - 2022-10-21 09:57:11 --> Encryption: Auto-configured driver 'openssl'.
DEBUG - 2022-10-21 09:57:11 --> Total execution time: 0.0341
DEBUG - 2022-10-21 09:57:31 --> UTF-8 Support Enabled
DEBUG - 2022-10-21 09:57:31 --> Global POST, GET and COOKIE data sanitized
DEBUG - 2022-10-21 09:57:31 --> Config file loaded: /hwonpark/www/application/config/tree.php
DEBUG - 2022-10-21 09:57:31 --> Encryption: Auto-configured driver 'openssl'.
DEBUG - 2022-10-21 09:57:31 --> Total execution time: 0.0414
DEBUG - 2022-10-21 09:57:50 --> UTF-8 Support Enabled
DEBUG - 2022-10-21 09:57:50 --> Global POST, GET and COOKIE data sanitized
DEBUG - 2022-10-21 09:57:50 --> Config file loaded: /hwonpark/www/application/config/tree.php
DEBUG - 2022-10-21 09:57:50 --> Encryption: Auto-configured driver 'openssl'.
DEBUG - 2022-10-21 09:57:51 --> UTF-8 Support Enabled
DEBUG - 2022-10-21 09:57:51 --> Global POST, GET and COOKIE data sanitized
DEBUG - 2022-10-21 09:57:51 --> Config file loaded: /hwonpark/www/application/config/tree.php
DEBUG - 2022-10-21 09:57:51 --> Encryption: Auto-configured driver 'openssl'.
DEBUG - 2022-10-21 09:57:51 --> Total execution time: 0.0375
DEBUG - 2022-10-21 09:57:54 --> UTF-8 Support Enabled
DEBUG - 2022-10-21 09:57:54 --> Global POST, GET and COOKIE data sanitized
DEBUG - 2022-10-21 09:57:54 --> Config file loaded: /hwonpark/www/application/config/tree.php
DEBUG - 2022-10-21 09:57:54 --> Encryption: Auto-configured driver 'openssl'.
DEBUG - 2022-10-21 09:57:54 --> Total execution time: 0.0357
DEBUG - 2022-10-21 10:00:58 --> UTF-8 Support Enabled
DEBUG - 2022-10-21 10:00:58 --> Global POST, GET and COOKIE data sanitized
DEBUG - 2022-10-21 10:00:58 --> Config file loaded: /hwonpark/www/application/config/tree.php
DEBUG - 2022-10-21 10:00:58 --> Encryption: Auto-configured driver 'openssl'.
DEBUG - 2022-10-21 10:01:00 --> UTF-8 Support Enabled
DEBUG - 2022-10-21 10:01:00 --> Global POST, GET and COOKIE data sanitized
DEBUG - 2022-10-21 10:01:00 --> Config file loaded: /hwonpark/www/application/config/tree.php
DEBUG - 2022-10-21 10:01:00 --> Encryption: Auto-configured driver 'openssl'.
DEBUG - 2022-10-21 10:01:00 --> Total execution time: 0.0355
DEBUG - 2022-10-21 10:02:51 --> UTF-8 Support Enabled
DEBUG - 2022-10-21 10:02:51 --> Global POST, GET and COOKIE data sanitized
DEBUG - 2022-10-21 10:02:51 --> Config file loaded: /hwonpark/www/application/config/tree.php
DEBUG - 2022-10-21 10:02:51 --> Encryption: Auto-configured driver 'openssl'.
DEBUG - 2022-10-21 10:02:51 --> Total execution time: 0.0693
DEBUG - 2022-10-21 10:02:57 --> UTF-8 Support Enabled
DEBUG - 2022-10-21 10:02:57 --> Global POST, GET and COOKIE data sanitized
DEBUG - 2022-10-21 10:02:57 --> Config file loaded: /hwonpark/www/application/config/tree.php
DEBUG - 2022-10-21 10:02:57 --> Encryption: Auto-configured driver 'openssl'.
DEBUG - 2022-10-21 10:02:57 --> Total execution time: 0.0357
DEBUG - 2022-10-21 10:03:41 --> UTF-8 Support Enabled
DEBUG - 2022-10-21 10:03:41 --> Global POST, GET and COOKIE data sanitized
DEBUG - 2022-10-21 10:03:41 --> Config file loaded: /hwonpark/www/application/config/tree.php
DEBUG - 2022-10-21 10:03:41 --> Encryption: Auto-configured driver 'openssl'.
DEBUG - 2022-10-21 10:03:43 --> UTF-8 Support Enabled
DEBUG - 2022-10-21 10:03:43 --> Global POST, GET and COOKIE data sanitized
DEBUG - 2022-10-21 10:03:43 --> Config file loaded: /hwonpark/www/application/config/tree.php
DEBUG - 2022-10-21 10:03:43 --> Encryption: Auto-configured driver 'openssl'.
DEBUG - 2022-10-21 10:03:43 --> Total execution time: 0.0664
DEBUG - 2022-10-21 10:05:43 --> UTF-8 Support Enabled
DEBUG - 2022-10-21 10:05:43 --> Global POST, GET and COOKIE data sanitized
DEBUG - 2022-10-21 10:05:43 --> Config file loaded: /hwonpark/www/application/config/tree.php
DEBUG - 2022-10-21 10:05:43 --> Encryption: Auto-configured driver 'openssl'.
DEBUG - 2022-10-21 10:05:43 --> Total execution time: 0.0422
DEBUG - 2022-10-21 10:05:46 --> UTF-8 Support Enabled
DEBUG - 2022-10-21 10:05:46 --> Global POST, GET and COOKIE data sanitized
DEBUG - 2022-10-21 10:05:46 --> Config file loaded: /hwonpark/www/application/config/tree.php
DEBUG - 2022-10-21 10:05:46 --> Encryption: Auto-configured driver 'openssl'.
DEBUG - 2022-10-21 10:05:46 --> Total execution time: 0.0541
DEBUG - 2022-10-21 10:05:53 --> UTF-8 Support Enabled
DEBUG - 2022-10-21 10:05:53 --> Global POST, GET and COOKIE data sanitized
DEBUG - 2022-10-21 10:05:53 --> Config file loaded: /hwonpark/www/application/config/tree.php
DEBUG - 2022-10-21 10:05:53 --> Encryption: Auto-configured driver 'openssl'.
DEBUG - 2022-10-21 10:05:53 --> Total execution time: 0.0819
DEBUG - 2022-10-21 10:05:55 --> UTF-8 Support Enabled
DEBUG - 2022-10-21 10:05:55 --> Global POST, GET and COOKIE data sanitized
DEBUG - 2022-10-21 10:05:55 --> Config file loaded: /hwonpark/www/application/config/tree.php
DEBUG - 2022-10-21 10:05:55 --> Encryption: Auto-configured driver 'openssl'.
DEBUG - 2022-10-21 10:05:55 --> UTF-8 Support Enabled
DEBUG - 2022-10-21 10:05:55 --> Global POST, GET and COOKIE data sanitized
DEBUG - 2022-10-21 10:05:55 --> Config file loaded: /hwonpark/www/application/config/tree.php
DEBUG - 2022-10-21 10:05:55 --> Encryption: Auto-configured driver 'openssl'.
DEBUG - 2022-10-21 10:05:55 --> Total execution time: 0.0355
DEBUG - 2022-10-21 10:07:31 --> UTF-8 Support Enabled
DEBUG - 2022-10-21 10:07:31 --> Global POST, GET and COOKIE data sanitized
DEBUG - 2022-10-21 10:07:31 --> Config file loaded: /hwonpark/www/application/config/tree.php
DEBUG - 2022-10-21 10:07:31 --> Encryption: Auto-configured driver 'openssl'.
DEBUG - 2022-10-21 10:07:31 --> Total execution time: 0.0448
DEBUG - 2022-10-21 10:08:48 --> UTF-8 Support Enabled
DEBUG - 2022-10-21 10:08:48 --> Global POST, GET and COOKIE data sanitized
DEBUG - 2022-10-21 10:08:48 --> Config file loaded: /hwonpark/www/application/config/tree.php
DEBUG - 2022-10-21 10:08:48 --> Encryption: Auto-configured driver 'openssl'.
DEBUG - 2022-10-21 10:08:50 --> UTF-8 Support Enabled
DEBUG - 2022-10-21 10:08:50 --> Global POST, GET and COOKIE data sanitized
DEBUG - 2022-10-21 10:08:50 --> Config file loaded: /hwonpark/www/application/config/tree.php
DEBUG - 2022-10-21 10:08:50 --> Encryption: Auto-configured driver 'openssl'.
DEBUG - 2022-10-21 10:08:50 --> Total execution time: 0.0344
DEBUG - 2022-10-21 10:08:52 --> UTF-8 Support Enabled
DEBUG - 2022-10-21 10:08:52 --> Global POST, GET and COOKIE data sanitized
DEBUG - 2022-10-21 10:08:52 --> Config file loaded: /hwonpark/www/application/config/tree.php
DEBUG - 2022-10-21 10:08:52 --> Encryption: Auto-configured driver 'openssl'.
DEBUG - 2022-10-21 10:08:52 --> Total execution time: 0.0420
DEBUG - 2022-10-21 10:08:55 --> UTF-8 Support Enabled
DEBUG - 2022-10-21 10:08:55 --> Global POST, GET and COOKIE data sanitized
DEBUG - 2022-10-21 10:08:55 --> Config file loaded: /hwonpark/www/application/config/tree.php
DEBUG - 2022-10-21 10:08:55 --> Encryption: Auto-configured driver 'openssl'.
DEBUG - 2022-10-21 10:08:55 --> Total execution time: 0.0498
DEBUG - 2022-10-21 10:09:13 --> UTF-8 Support Enabled
DEBUG - 2022-10-21 10:09:13 --> No URI present. Default controller set.
DEBUG - 2022-10-21 10:09:13 --> Global POST, GET and COOKIE data sanitized
DEBUG - 2022-10-21 10:09:13 --> Config file loaded: /hwonpark/www/application/config/tree.php
DEBUG - 2022-10-21 10:09:13 --> Encryption: Auto-configured driver 'openssl'.
DEBUG - 2022-10-21 10:09:13 --> Total execution time: 0.0270
DEBUG - 2022-10-21 10:09:29 --> UTF-8 Support Enabled
DEBUG - 2022-10-21 10:09:29 --> Global POST, GET and COOKIE data sanitized
DEBUG - 2022-10-21 10:09:29 --> Config file loaded: /hwonpark/www/application/config/tree.php
DEBUG - 2022-10-21 10:09:29 --> Encryption: Auto-configured driver 'openssl'.
DEBUG - 2022-10-21 10:09:29 --> UTF-8 Support Enabled
DEBUG - 2022-10-21 10:09:29 --> Global POST, GET and COOKIE data sanitized
DEBUG - 2022-10-21 10:09:29 --> Config file loaded: /hwonpark/www/application/config/tree.php
DEBUG - 2022-10-21 10:09:29 --> Encryption: Auto-configured driver 'openssl'.
DEBUG - 2022-10-21 10:09:29 --> Encryption class already loaded. Second attempt ignored.
DEBUG - 2022-10-21 10:09:29 --> Total execution time: 0.0374
DEBUG - 2022-10-21 10:09:30 --> UTF-8 Support Enabled
DEBUG - 2022-10-21 10:09:30 --> Global POST, GET and COOKIE data sanitized
DEBUG - 2022-10-21 10:09:30 --> Config file loaded: /hwonpark/www/application/config/tree.php
DEBUG - 2022-10-21 10:09:30 --> Encryption: Auto-configured driver 'openssl'.
DEBUG - 2022-10-21 10:09:30 --> Total execution time: 0.0379
DEBUG - 2022-10-21 10:09:32 --> UTF-8 Support Enabled
DEBUG - 2022-10-21 10:09:32 --> Global POST, GET and COOKIE data sanitized
DEBUG - 2022-10-21 10:09:32 --> Config file loaded: /hwonpark/www/application/config/tree.php
DEBUG - 2022-10-21 10:09:32 --> Encryption: Auto-configured driver 'openssl'.
DEBUG - 2022-10-21 10:09:32 --> Total execution time: 0.0348
DEBUG - 2022-10-21 10:09:34 --> UTF-8 Support Enabled
DEBUG - 2022-10-21 10:09:34 --> Global POST, GET and COOKIE data sanitized
DEBUG - 2022-10-21 10:09:34 --> Config file loaded: /hwonpark/www/application/config/tree.php
DEBUG - 2022-10-21 10:09:34 --> Encryption: Auto-configured driver 'openssl'.
DEBUG - 2022-10-21 10:09:34 --> Total execution time: 0.0419
DEBUG - 2022-10-21 10:09:37 --> UTF-8 Support Enabled
DEBUG - 2022-10-21 10:09:37 --> Global POST, GET and COOKIE data sanitized
DEBUG - 2022-10-21 10:09:37 --> Config file loaded: /hwonpark/www/application/config/tree.php
DEBUG - 2022-10-21 10:09:37 --> Encryption: Auto-configured driver 'openssl'.
DEBUG - 2022-10-21 10:09:37 --> UTF-8 Support Enabled
DEBUG - 2022-10-21 10:09:37 --> Global POST, GET and COOKIE data sanitized
DEBUG - 2022-10-21 10:09:37 --> Config file loaded: /hwonpark/www/application/config/tree.php
DEBUG - 2022-10-21 10:09:37 --> Encryption: Auto-configured driver 'openssl'.
DEBUG - 2022-10-21 10:09:37 --> Total execution time: 0.0338
DEBUG - 2022-10-21 10:09:41 --> UTF-8 Support Enabled
DEBUG - 2022-10-21 10:09:41 --> Global POST, GET and COOKIE data sanitized
DEBUG - 2022-10-21 10:09:41 --> Config file loaded: /hwonpark/www/application/config/tree.php
DEBUG - 2022-10-21 10:09:41 --> Encryption: Auto-configured driver 'openssl'.
DEBUG - 2022-10-21 10:09:41 --> UTF-8 Support Enabled
DEBUG - 2022-10-21 10:09:41 --> Global POST, GET and COOKIE data sanitized
DEBUG - 2022-10-21 10:09:41 --> Config file loaded: /hwonpark/www/application/config/tree.php
DEBUG - 2022-10-21 10:09:41 --> Encryption: Auto-configured driver 'openssl'.
DEBUG - 2022-10-21 10:09:41 --> Encryption class already loaded. Second attempt ignored.
DEBUG - 2022-10-21 10:09:41 --> Total execution time: 0.0343
DEBUG - 2022-10-21 10:44:21 --> UTF-8 Support Enabled
DEBUG - 2022-10-21 10:44:21 --> Global POST, GET and COOKIE data sanitized
DEBUG - 2022-10-21 10:44:21 --> Config file loaded: /hwonpark/www/application/config/tree.php
DEBUG - 2022-10-21 10:44:21 --> Total execution time: 0.0311
DEBUG - 2022-10-21 10:44:35 --> UTF-8 Support Enabled
DEBUG - 2022-10-21 10:44:35 --> Global POST, GET and COOKIE data sanitized
DEBUG - 2022-10-21 10:44:35 --> Config file loaded: /hwonpark/www/application/config/tree.php
DEBUG - 2022-10-21 10:44:35 --> Total execution time: 0.0310
DEBUG - 2022-10-21 10:44:39 --> UTF-8 Support Enabled
DEBUG - 2022-10-21 10:44:39 --> No URI present. Default controller set.
DEBUG - 2022-10-21 10:44:39 --> Global POST, GET and COOKIE data sanitized
DEBUG - 2022-10-21 10:44:39 --> Config file loaded: /hwonpark/www/application/config/tree.php
DEBUG - 2022-10-21 10:44:39 --> Total execution time: 0.0630
DEBUG - 2022-10-21 10:44:51 --> UTF-8 Support Enabled
DEBUG - 2022-10-21 10:44:51 --> Global POST, GET and COOKIE data sanitized
ERROR - 2022-10-21 10:44:51 --> 404 Page Not Found: Faviconico/index
DEBUG - 2022-10-21 10:47:52 --> UTF-8 Support Enabled
DEBUG - 2022-10-21 10:47:52 --> No URI present. Default controller set.
DEBUG - 2022-10-21 10:47:52 --> Global POST, GET and COOKIE data sanitized
DEBUG - 2022-10-21 10:47:52 --> Config file loaded: /hwonpark/www/application/config/tree.php
DEBUG - 2022-10-21 10:47:52 --> Total execution time: 0.0450
DEBUG - 2022-10-21 10:48:48 --> UTF-8 Support Enabled
DEBUG - 2022-10-21 10:48:48 --> No URI present. Default controller set.
DEBUG - 2022-10-21 10:48:48 --> Global POST, GET and COOKIE data sanitized
DEBUG - 2022-10-21 10:48:48 --> Config file loaded: /hwonpark/www/application/config/tree.php
DEBUG - 2022-10-21 10:48:48 --> Total execution time: 0.0441
DEBUG - 2022-10-21 10:48:49 --> UTF-8 Support Enabled
DEBUG - 2022-10-21 10:48:49 --> No URI present. Default controller set.
DEBUG - 2022-10-21 10:48:49 --> Global POST, GET and COOKIE data sanitized
DEBUG - 2022-10-21 10:48:49 --> Config file loaded: /hwonpark/www/application/config/tree.php
DEBUG - 2022-10-21 10:48:49 --> Total execution time: 0.0311
DEBUG - 2022-10-21 10:48:49 --> UTF-8 Support Enabled
DEBUG - 2022-10-21 10:48:49 --> No URI present. Default controller set.
DEBUG - 2022-10-21 10:48:49 --> Global POST, GET and COOKIE data sanitized
DEBUG - 2022-10-21 10:48:49 --> Config file loaded: /hwonpark/www/application/config/tree.php
DEBUG - 2022-10-21 10:48:49 --> Total execution time: 0.0310
DEBUG - 2022-10-21 10:48:49 --> UTF-8 Support Enabled
DEBUG - 2022-10-21 10:48:49 --> No URI present. Default controller set.
DEBUG - 2022-10-21 10:48:49 --> Global POST, GET and COOKIE data sanitized
DEBUG - 2022-10-21 10:48:49 --> UTF-8 Support Enabled
DEBUG - 2022-10-21 10:48:49 --> No URI present. Default controller set.
DEBUG - 2022-10-21 10:48:49 --> Global POST, GET and COOKIE data sanitized
DEBUG - 2022-10-21 10:48:49 --> Config file loaded: /hwonpark/www/application/config/tree.php
DEBUG - 2022-10-21 10:48:49 --> Config file loaded: /hwonpark/www/application/config/tree.php
DEBUG - 2022-10-21 10:48:49 --> Total execution time: 0.0315
DEBUG - 2022-10-21 10:48:49 --> Total execution time: 0.0311
DEBUG - 2022-10-21 10:48:49 --> UTF-8 Support Enabled
DEBUG - 2022-10-21 10:48:49 --> No URI present. Default controller set.
DEBUG - 2022-10-21 10:48:49 --> Global POST, GET and COOKIE data sanitized
DEBUG - 2022-10-21 10:48:49 --> Config file loaded: /hwonpark/www/application/config/tree.php
DEBUG - 2022-10-21 10:48:49 --> Total execution time: 0.0311
DEBUG - 2022-10-21 10:48:49 --> UTF-8 Support Enabled
DEBUG - 2022-10-21 10:48:49 --> No URI present. Default controller set.
DEBUG - 2022-10-21 10:48:49 --> Global POST, GET and COOKIE data sanitized
DEBUG - 2022-10-21 10:48:49 --> Config file loaded: /hwonpark/www/application/config/tree.php
DEBUG - 2022-10-21 10:48:49 --> Total execution time: 0.0305
DEBUG - 2022-10-21 10:48:49 --> UTF-8 Support Enabled
DEBUG - 2022-10-21 10:48:49 --> No URI present. Default controller set.
DEBUG - 2022-10-21 10:48:49 --> Global POST, GET and COOKIE data sanitized
DEBUG - 2022-10-21 10:48:50 --> Config file loaded: /hwonpark/www/application/config/tree.php
DEBUG - 2022-10-21 10:48:50 --> Total execution time: 0.0297
DEBUG - 2022-10-21 10:48:50 --> UTF-8 Support Enabled
DEBUG - 2022-10-21 10:48:50 --> No URI present. Default controller set.
DEBUG - 2022-10-21 10:48:50 --> Global POST, GET and COOKIE data sanitized
DEBUG - 2022-10-21 10:48:50 --> Config file loaded: /hwonpark/www/application/config/tree.php
DEBUG - 2022-10-21 10:48:50 --> Total execution time: 0.0409
DEBUG - 2022-10-21 10:48:51 --> UTF-8 Support Enabled
DEBUG - 2022-10-21 10:48:51 --> No URI present. Default controller set.
DEBUG - 2022-10-21 10:48:51 --> Global POST, GET and COOKIE data sanitized
DEBUG - 2022-10-21 10:48:51 --> Config file loaded: /hwonpark/www/application/config/tree.php
DEBUG - 2022-10-21 10:48:51 --> Total execution time: 0.0310
DEBUG - 2022-10-21 10:48:51 --> UTF-8 Support Enabled
DEBUG - 2022-10-21 10:48:51 --> No URI present. Default controller set.
DEBUG - 2022-10-21 10:48:51 --> Global POST, GET and COOKIE data sanitized
DEBUG - 2022-10-21 10:48:51 --> Config file loaded: /hwonpark/www/application/config/tree.php
DEBUG - 2022-10-21 10:48:51 --> Total execution time: 0.0305
DEBUG - 2022-10-21 10:49:00 --> UTF-8 Support Enabled
DEBUG - 2022-10-21 10:49:00 --> No URI present. Default controller set.
DEBUG - 2022-10-21 10:49:00 --> Global POST, GET and COOKIE data sanitized
DEBUG - 2022-10-21 10:49:00 --> Config file loaded: /hwonpark/www/application/config/tree.php
DEBUG - 2022-10-21 10:49:00 --> Total execution time: 0.0305
DEBUG - 2022-10-21 11:37:00 --> UTF-8 Support Enabled
DEBUG - 2022-10-21 11:37:00 --> No URI present. Default controller set.
DEBUG - 2022-10-21 11:37:00 --> Global POST, GET and COOKIE data sanitized
DEBUG - 2022-10-21 11:37:01 --> Config file loaded: /hwonpark/www/application/config/tree.php
DEBUG - 2022-10-21 11:37:01 --> Total execution time: 0.0571
DEBUG - 2022-10-21 11:37:46 --> UTF-8 Support Enabled
DEBUG - 2022-10-21 11:37:46 --> No URI present. Default controller set.
DEBUG - 2022-10-21 11:37:46 --> Global POST, GET and COOKIE data sanitized
DEBUG - 2022-10-21 11:37:46 --> Config file loaded: /hwonpark/www/application/config/tree.php
DEBUG - 2022-10-21 11:37:46 --> Total execution time: 0.0593
DEBUG - 2022-10-21 11:37:55 --> UTF-8 Support Enabled
DEBUG - 2022-10-21 11:37:55 --> Global POST, GET and COOKIE data sanitized
ERROR - 2022-10-21 11:37:55 --> 404 Page Not Found: Faviconico/index
DEBUG - 2022-10-21 14:38:57 --> UTF-8 Support Enabled
DEBUG - 2022-10-21 14:38:57 --> No URI present. Default controller set.
DEBUG - 2022-10-21 14:38:57 --> Global POST, GET and COOKIE data sanitized
DEBUG - 2022-10-21 14:38:57 --> Config file loaded: /hwonpark/www/application/config/tree.php
DEBUG - 2022-10-21 14:38:57 --> Total execution time: 0.1953
DEBUG - 2022-10-21 14:38:59 --> UTF-8 Support Enabled
DEBUG - 2022-10-21 14:38:59 --> Global POST, GET and COOKIE data sanitized
ERROR - 2022-10-21 14:38:59 --> 404 Page Not Found: Faviconico/index
DEBUG - 2022-10-21 14:43:43 --> UTF-8 Support Enabled
DEBUG - 2022-10-21 14:43:43 --> No URI present. Default controller set.
DEBUG - 2022-10-21 14:43:43 --> Global POST, GET and COOKIE data sanitized
DEBUG - 2022-10-21 14:43:43 --> Config file loaded: /hwonpark/www/application/config/tree.php
DEBUG - 2022-10-21 14:43:43 --> Total execution time: 0.0393
DEBUG - 2022-10-21 15:27:22 --> UTF-8 Support Enabled
DEBUG - 2022-10-21 15:27:22 --> No URI present. Default controller set.
DEBUG - 2022-10-21 15:27:22 --> Global POST, GET and COOKIE data sanitized
DEBUG - 2022-10-21 15:27:22 --> Config file loaded: /hwonpark/www/application/config/tree.php
DEBUG - 2022-10-21 15:27:22 --> Total execution time: 0.1973
DEBUG - 2022-10-21 15:27:44 --> UTF-8 Support Enabled
DEBUG - 2022-10-21 15:27:44 --> Global POST, GET and COOKIE data sanitized
ERROR - 2022-10-21 15:27:44 --> 404 Page Not Found: Faviconico/index
DEBUG - 2022-10-21 16:10:21 --> UTF-8 Support Enabled
DEBUG - 2022-10-21 16:10:21 --> No URI present. Default controller set.
DEBUG - 2022-10-21 16:10:21 --> Global POST, GET and COOKIE data sanitized
DEBUG - 2022-10-21 16:10:21 --> Config file loaded: /hwonpark/www/application/config/tree.php
DEBUG - 2022-10-21 16:10:21 --> Total execution time: 0.0323
DEBUG - 2022-10-21 16:10:26 --> UTF-8 Support Enabled
DEBUG - 2022-10-21 16:10:26 --> Global POST, GET and COOKIE data sanitized
ERROR - 2022-10-21 16:10:26 --> 404 Page Not Found: Faviconico/index
DEBUG - 2022-10-21 16:10:27 --> UTF-8 Support Enabled
DEBUG - 2022-10-21 16:10:27 --> Global POST, GET and COOKIE data sanitized
DEBUG - 2022-10-21 16:10:27 --> Config file loaded: /hwonpark/www/application/config/tree.php
DEBUG - 2022-10-21 16:10:28 --> UTF-8 Support Enabled
DEBUG - 2022-10-21 16:10:28 --> Global POST, GET and COOKIE data sanitized
DEBUG - 2022-10-21 16:10:28 --> Config file loaded: /hwonpark/www/application/config/tree.php
DEBUG - 2022-10-21 16:10:28 --> Total execution time: 0.0692
DEBUG - 2022-10-21 16:10:38 --> UTF-8 Support Enabled
DEBUG - 2022-10-21 16:10:38 --> Global POST, GET and COOKIE data sanitized
DEBUG - 2022-10-21 16:10:38 --> Config file loaded: /hwonpark/www/application/config/tree.php
DEBUG - 2022-10-21 16:10:38 --> =================== DL_auth-> oauth::CALLBACK - 시작
DEBUG - 2022-10-21 16:10:38 --> =================== DL_auth-> oauth::CALLBACK - kakao param=:: error=
DEBUG - 2022-10-21 16:10:38 --> =================== DL_auth-> oauth::CALLBACK - kakao param=:: state=
DEBUG - 2022-10-21 16:10:38 --> =================== DL_auth-> oauth::CALLBACK - kakao param=:: code=1UflfoOWjglg4tKd1yLRIhNUu-2lHyiEJXqCxjBZ0nOLz2ayzaXIAr5bH9t0u1eBw0sMIworDSAAAAGD-WEs6A
DEBUG - 2022-10-21 16:10:38 --> =================== DL_auth -> kakao oauth :2: code=1UflfoOWjglg4tKd1yLRIhNUu-2lHyiEJXqCxjBZ0nOLz2ayzaXIAr5bH9t0u1eBw0sMIworDSAAAAGD-WEs6A
DEBUG - 2022-10-21 16:10:38 --> ====================Dl_auth -> kakao_login :: 시작
DEBUG - 2022-10-21 16:10:38 --> --------------------Dl_auth::kakao_login - 1.토큰요청 시작
DEBUG - 2022-10-21 16:10:38 --> Dl_auth::kakao_login - get_token 시작 n=2
DEBUG - 2022-10-21 16:10:38 --> --------------------Dl_auth::kakao_login - 1.2.토큰요청 시작 -> 기타브라우저
DEBUG - 2022-10-21 16:10:38 --> --------------------Dl_auth::kakao_login - 1.3.토큰요청
DEBUG - 2022-10-21 16:10:38 --> --------------------Dl_auth::kakao_login - 1.4.토큰요청 -> 성공
DEBUG - 2022-10-21 16:10:38 --> UTF-8 Support Enabled
DEBUG - 2022-10-21 16:10:39 --> Global POST, GET and COOKIE data sanitized
DEBUG - 2022-10-21 16:10:39 --> Config file loaded: /hwonpark/www/application/config/tree.php
DEBUG - 2022-10-21 16:10:39 --> =================== DL_auth-> oauth::CALLBACK - 시작
DEBUG - 2022-10-21 16:10:39 --> =================== DL_auth-> oauth::CALLBACK - kakao param=:: error=
DEBUG - 2022-10-21 16:10:39 --> =================== DL_auth-> oauth::CALLBACK - kakao param=:: state=
DEBUG - 2022-10-21 16:10:39 --> =================== DL_auth-> oauth::CALLBACK - kakao param=:: code=1UflfoOWjglg4tKd1yLRIhNUu-2lHyiEJXqCxjBZ0nOLz2ayzaXIAr5bH9t0u1eBw0sMIworDSAAAAGD-WEs6A
DEBUG - 2022-10-21 16:10:39 --> =================== DL_auth -> kakao oauth :2: code=1UflfoOWjglg4tKd1yLRIhNUu-2lHyiEJXqCxjBZ0nOLz2ayzaXIAr5bH9t0u1eBw0sMIworDSAAAAGD-WEs6A
DEBUG - 2022-10-21 16:10:39 --> ====================Dl_auth -> kakao_login :: 시작
DEBUG - 2022-10-21 16:10:39 --> ====================Dl_auth::kakao_login - 1.3.5- 사이트 회원정보 업데이트 성공(카카오 인증 완료) state=
DEBUG - 2022-10-21 16:10:39 --> UTF-8 Support Enabled
DEBUG - 2022-10-21 16:10:39 --> Global POST, GET and COOKIE data sanitized
DEBUG - 2022-10-21 16:10:40 --> Config file loaded: /hwonpark/www/application/config/tree.php
DEBUG - 2022-10-21 16:10:40 --> Encryption: Auto-configured driver 'openssl'.
DEBUG - 2022-10-21 16:10:40 --> Total execution time: 0.0403
DEBUG - 2022-10-21 16:10:42 --> UTF-8 Support Enabled
DEBUG - 2022-10-21 16:10:42 --> Global POST, GET and COOKIE data sanitized
DEBUG - 2022-10-21 16:10:42 --> Config file loaded: /hwonpark/www/application/config/tree.php
DEBUG - 2022-10-21 16:10:42 --> Encryption: Auto-configured driver 'openssl'.
DEBUG - 2022-10-21 16:10:42 --> Total execution time: 0.0548
DEBUG - 2022-10-21 16:15:48 --> UTF-8 Support Enabled
DEBUG - 2022-10-21 16:15:48 --> Global POST, GET and COOKIE data sanitized
DEBUG - 2022-10-21 16:15:48 --> Config file loaded: /hwonpark/www/application/config/tree.php
DEBUG - 2022-10-21 16:15:48 --> Total execution time: 0.0317
DEBUG - 2022-10-21 16:15:53 --> UTF-8 Support Enabled
DEBUG - 2022-10-21 16:15:53 --> Global POST, GET and COOKIE data sanitized
DEBUG - 2022-10-21 16:15:53 --> Config file loaded: /hwonpark/www/application/config/tree.php
DEBUG - 2022-10-21 16:15:55 --> UTF-8 Support Enabled
DEBUG - 2022-10-21 16:15:55 --> Global POST, GET and COOKIE data sanitized
DEBUG - 2022-10-21 16:15:55 --> Config file loaded: /hwonpark/www/application/config/tree.php
DEBUG - 2022-10-21 16:15:55 --> Encryption: Auto-configured driver 'openssl'.
DEBUG - 2022-10-21 16:15:55 --> UTF-8 Support Enabled
DEBUG - 2022-10-21 16:15:55 --> Global POST, GET and COOKIE data sanitized
DEBUG - 2022-10-21 16:15:55 --> Config file loaded: /hwonpark/www/application/config/tree.php
DEBUG - 2022-10-21 16:15:55 --> Encryption: Auto-configured driver 'openssl'.
DEBUG - 2022-10-21 16:15:55 --> Encryption class already loaded. Second attempt ignored.
DEBUG - 2022-10-21 16:15:56 --> Total execution time: 0.0497
DEBUG - 2022-10-21 16:15:59 --> UTF-8 Support Enabled
DEBUG - 2022-10-21 16:15:59 --> Global POST, GET and COOKIE data sanitized
DEBUG - 2022-10-21 16:15:59 --> Config file loaded: /hwonpark/www/application/config/tree.php
DEBUG - 2022-10-21 16:15:59 --> Encryption: Auto-configured driver 'openssl'.
DEBUG - 2022-10-21 16:15:59 --> Total execution time: 0.0365
DEBUG - 2022-10-21 16:16:01 --> UTF-8 Support Enabled
DEBUG - 2022-10-21 16:16:01 --> Global POST, GET and COOKIE data sanitized
DEBUG - 2022-10-21 16:16:01 --> Config file loaded: /hwonpark/www/application/config/tree.php
DEBUG - 2022-10-21 16:16:01 --> Encryption: Auto-configured driver 'openssl'.
DEBUG - 2022-10-21 16:16:01 --> Total execution time: 0.0397
DEBUG - 2022-10-21 16:16:02 --> UTF-8 Support Enabled
DEBUG - 2022-10-21 16:16:02 --> Global POST, GET and COOKIE data sanitized
DEBUG - 2022-10-21 16:16:02 --> Config file loaded: /hwonpark/www/application/config/tree.php
DEBUG - 2022-10-21 16:16:02 --> Encryption: Auto-configured driver 'openssl'.
DEBUG - 2022-10-21 16:16:02 --> Total execution time: 0.1044
DEBUG - 2022-10-21 16:16:04 --> UTF-8 Support Enabled
DEBUG - 2022-10-21 16:16:04 --> Global POST, GET and COOKIE data sanitized
DEBUG - 2022-10-21 16:16:04 --> Config file loaded: /hwonpark/www/application/config/tree.php
DEBUG - 2022-10-21 16:16:04 --> Encryption: Auto-configured driver 'openssl'.
DEBUG - 2022-10-21 16:16:04 --> Total execution time: 0.0468
DEBUG - 2022-10-21 16:16:04 --> UTF-8 Support Enabled
DEBUG - 2022-10-21 16:16:04 --> Global POST, GET and COOKIE data sanitized
DEBUG - 2022-10-21 16:16:04 --> Config file loaded: /hwonpark/www/application/config/tree.php
DEBUG - 2022-10-21 16:16:04 --> Encryption: Auto-configured driver 'openssl'.
DEBUG - 2022-10-21 16:16:04 --> Total execution time: 0.0467
DEBUG - 2022-10-21 16:16:06 --> UTF-8 Support Enabled
DEBUG - 2022-10-21 16:16:06 --> Global POST, GET and COOKIE data sanitized
DEBUG - 2022-10-21 16:16:06 --> Config file loaded: /hwonpark/www/application/config/tree.php
DEBUG - 2022-10-21 16:16:06 --> Encryption: Auto-configured driver 'openssl'.
DEBUG - 2022-10-21 16:16:06 --> Total execution time: 0.0324
DEBUG - 2022-10-21 16:16:30 --> UTF-8 Support Enabled
DEBUG - 2022-10-21 16:16:30 --> Global POST, GET and COOKIE data sanitized
DEBUG - 2022-10-21 16:16:30 --> Config file loaded: /hwonpark/www/application/config/tree.php
DEBUG - 2022-10-21 16:16:30 --> Encryption: Auto-configured driver 'openssl'.
DEBUG - 2022-10-21 16:16:30 --> Total execution time: 0.0411
DEBUG - 2022-10-21 16:16:34 --> UTF-8 Support Enabled
DEBUG - 2022-10-21 16:16:34 --> Global POST, GET and COOKIE data sanitized
DEBUG - 2022-10-21 16:16:34 --> Config file loaded: /hwonpark/www/application/config/tree.php
DEBUG - 2022-10-21 16:16:34 --> Encryption: Auto-configured driver 'openssl'.
DEBUG - 2022-10-21 16:16:34 --> UTF-8 Support Enabled
DEBUG - 2022-10-21 16:16:34 --> Global POST, GET and COOKIE data sanitized
DEBUG - 2022-10-21 16:16:34 --> Config file loaded: /hwonpark/www/application/config/tree.php
DEBUG - 2022-10-21 16:16:34 --> Encryption: Auto-configured driver 'openssl'.
DEBUG - 2022-10-21 16:16:34 --> Encryption class already loaded. Second attempt ignored.
DEBUG - 2022-10-21 16:16:34 --> Total execution time: 0.0413
DEBUG - 2022-10-21 16:16:36 --> UTF-8 Support Enabled
DEBUG - 2022-10-21 16:16:36 --> Global POST, GET and COOKIE data sanitized
DEBUG - 2022-10-21 16:16:36 --> Config file loaded: /hwonpark/www/application/config/tree.php
DEBUG - 2022-10-21 16:16:36 --> Encryption: Auto-configured driver 'openssl'.
DEBUG - 2022-10-21 16:16:36 --> Total execution time: 0.0733
DEBUG - 2022-10-21 16:16:38 --> UTF-8 Support Enabled
DEBUG - 2022-10-21 16:16:38 --> Global POST, GET and COOKIE data sanitized
DEBUG - 2022-10-21 16:16:38 --> Config file loaded: /hwonpark/www/application/config/tree.php
DEBUG - 2022-10-21 16:16:38 --> Encryption: Auto-configured driver 'openssl'.
DEBUG - 2022-10-21 16:16:38 --> Total execution time: 0.0635
DEBUG - 2022-10-21 16:16:44 --> UTF-8 Support Enabled
DEBUG - 2022-10-21 16:16:44 --> Global POST, GET and COOKIE data sanitized
DEBUG - 2022-10-21 16:16:44 --> Config file loaded: /hwonpark/www/application/config/tree.php
DEBUG - 2022-10-21 16:16:44 --> Encryption: Auto-configured driver 'openssl'.
DEBUG - 2022-10-21 16:16:44 --> Total execution time: 0.0655
DEBUG - 2022-10-21 16:16:45 --> UTF-8 Support Enabled
DEBUG - 2022-10-21 16:16:45 --> Global POST, GET and COOKIE data sanitized
DEBUG - 2022-10-21 16:16:45 --> Config file loaded: /hwonpark/www/application/config/tree.php
DEBUG - 2022-10-21 16:16:45 --> Encryption: Auto-configured driver 'openssl'.
DEBUG - 2022-10-21 16:16:45 --> Total execution time: 0.0555
DEBUG - 2022-10-21 16:16:47 --> UTF-8 Support Enabled
DEBUG - 2022-10-21 16:16:47 --> Global POST, GET and COOKIE data sanitized
DEBUG - 2022-10-21 16:16:47 --> Config file loaded: /hwonpark/www/application/config/tree.php
DEBUG - 2022-10-21 16:16:47 --> Encryption: Auto-configured driver 'openssl'.
DEBUG - 2022-10-21 16:16:47 --> Total execution time: 0.0567
DEBUG - 2022-10-21 16:17:39 --> UTF-8 Support Enabled
DEBUG - 2022-10-21 16:17:39 --> Global POST, GET and COOKIE data sanitized
DEBUG - 2022-10-21 16:17:39 --> Config file loaded: /hwonpark/www/application/config/tree.php
DEBUG - 2022-10-21 16:17:39 --> Encryption: Auto-configured driver 'openssl'.
DEBUG - 2022-10-21 16:17:39 --> UTF-8 Support Enabled
DEBUG - 2022-10-21 16:17:39 --> Global POST, GET and COOKIE data sanitized
DEBUG - 2022-10-21 16:17:39 --> Config file loaded: /hwonpark/www/application/config/tree.php
DEBUG - 2022-10-21 16:17:39 --> Encryption: Auto-configured driver 'openssl'.
DEBUG - 2022-10-21 16:17:39 --> Total execution time: 0.0352
DEBUG - 2022-10-21 16:17:46 --> UTF-8 Support Enabled
DEBUG - 2022-10-21 16:17:46 --> Global POST, GET and COOKIE data sanitized
DEBUG - 2022-10-21 16:17:46 --> Config file loaded: /hwonpark/www/application/config/tree.php
DEBUG - 2022-10-21 16:17:46 --> Encryption: Auto-configured driver 'openssl'.
DEBUG - 2022-10-21 16:17:46 --> Total execution time: 0.0329
DEBUG - 2022-10-21 16:17:55 --> UTF-8 Support Enabled
DEBUG - 2022-10-21 16:17:55 --> Global POST, GET and COOKIE data sanitized
DEBUG - 2022-10-21 16:17:55 --> Config file loaded: /hwonpark/www/application/config/tree.php
DEBUG - 2022-10-21 16:17:55 --> Total execution time: 0.0587
DEBUG - 2022-10-21 16:18:04 --> UTF-8 Support Enabled
DEBUG - 2022-10-21 16:18:04 --> Global POST, GET and COOKIE data sanitized
ERROR - 2022-10-21 16:18:04 --> 404 Page Not Found: Faviconico/index
DEBUG - 2022-10-21 16:25:29 --> UTF-8 Support Enabled
DEBUG - 2022-10-21 16:25:29 --> Global POST, GET and COOKIE data sanitized
DEBUG - 2022-10-21 16:25:29 --> Config file loaded: /hwonpark/www/application/config/tree.php
DEBUG - 2022-10-21 16:25:29 --> Encryption: Auto-configured driver 'openssl'.
DEBUG - 2022-10-21 16:25:31 --> UTF-8 Support Enabled
DEBUG - 2022-10-21 16:25:31 --> No URI present. Default controller set.
DEBUG - 2022-10-21 16:25:31 --> Global POST, GET and COOKIE data sanitized
DEBUG - 2022-10-21 16:25:31 --> Config file loaded: /hwonpark/www/application/config/tree.php
DEBUG - 2022-10-21 16:25:31 --> Encryption: Auto-configured driver 'openssl'.
DEBUG - 2022-10-21 16:25:31 --> Total execution time: 0.0333
DEBUG - 2022-10-21 16:25:33 --> UTF-8 Support Enabled
DEBUG - 2022-10-21 16:25:33 --> Global POST, GET and COOKIE data sanitized
DEBUG - 2022-10-21 16:25:33 --> Config file loaded: /hwonpark/www/application/config/tree.php
DEBUG - 2022-10-21 16:25:33 --> Encryption: Auto-configured driver 'openssl'.
DEBUG - 2022-10-21 16:25:33 --> UTF-8 Support Enabled
DEBUG - 2022-10-21 16:25:33 --> Global POST, GET and COOKIE data sanitized
DEBUG - 2022-10-21 16:25:33 --> Config file loaded: /hwonpark/www/application/config/tree.php
DEBUG - 2022-10-21 16:25:33 --> Encryption: Auto-configured driver 'openssl'.
DEBUG - 2022-10-21 16:25:33 --> Encryption class already loaded. Second attempt ignored.
DEBUG - 2022-10-21 16:25:33 --> Total execution time: 0.0365
DEBUG - 2022-10-21 16:25:35 --> UTF-8 Support Enabled
DEBUG - 2022-10-21 16:25:35 --> Global POST, GET and COOKIE data sanitized
DEBUG - 2022-10-21 16:25:35 --> Config file loaded: /hwonpark/www/application/config/tree.php
DEBUG - 2022-10-21 16:25:35 --> Encryption: Auto-configured driver 'openssl'.
DEBUG - 2022-10-21 16:25:35 --> Total execution time: 0.0694
DEBUG - 2022-10-21 16:25:36 --> UTF-8 Support Enabled
DEBUG - 2022-10-21 16:25:36 --> Global POST, GET and COOKIE data sanitized
DEBUG - 2022-10-21 16:25:36 --> Config file loaded: /hwonpark/www/application/config/tree.php
DEBUG - 2022-10-21 16:25:36 --> Encryption: Auto-configured driver 'openssl'.
DEBUG - 2022-10-21 16:25:36 --> Total execution time: 0.0567
DEBUG - 2022-10-21 16:25:41 --> UTF-8 Support Enabled
DEBUG - 2022-10-21 16:25:41 --> Global POST, GET and COOKIE data sanitized
DEBUG - 2022-10-21 16:25:41 --> Config file loaded: /hwonpark/www/application/config/tree.php
DEBUG - 2022-10-21 16:25:41 --> Encryption: Auto-configured driver 'openssl'.
DEBUG - 2022-10-21 16:25:41 --> Total execution time: 0.0751
DEBUG - 2022-10-21 16:29:04 --> UTF-8 Support Enabled
DEBUG - 2022-10-21 16:29:04 --> Global POST, GET and COOKIE data sanitized
DEBUG - 2022-10-21 16:29:04 --> Config file loaded: /hwonpark/www/application/config/tree.php
DEBUG - 2022-10-21 16:29:04 --> Encryption: Auto-configured driver 'openssl'.
DEBUG - 2022-10-21 16:29:05 --> UTF-8 Support Enabled
DEBUG - 2022-10-21 16:29:05 --> Global POST, GET and COOKIE data sanitized
DEBUG - 2022-10-21 16:29:05 --> Config file loaded: /hwonpark/www/application/config/tree.php
DEBUG - 2022-10-21 16:29:05 --> Encryption: Auto-configured driver 'openssl'.
DEBUG - 2022-10-21 16:29:05 --> Total execution time: 0.0524
DEBUG - 2022-10-21 16:29:51 --> UTF-8 Support Enabled
DEBUG - 2022-10-21 16:29:51 --> Global POST, GET and COOKIE data sanitized
DEBUG - 2022-10-21 16:29:51 --> Config file loaded: /hwonpark/www/application/config/tree.php
DEBUG - 2022-10-21 16:29:51 --> Encryption: Auto-configured driver 'openssl'.
DEBUG - 2022-10-21 16:29:51 --> Total execution time: 0.0461
DEBUG - 2022-10-21 16:29:54 --> UTF-8 Support Enabled
DEBUG - 2022-10-21 16:29:54 --> Global POST, GET and COOKIE data sanitized
DEBUG - 2022-10-21 16:29:54 --> Config file loaded: /hwonpark/www/application/config/tree.php
DEBUG - 2022-10-21 16:29:54 --> Encryption: Auto-configured driver 'openssl'.
DEBUG - 2022-10-21 16:29:54 --> Total execution time: 0.0619
DEBUG - 2022-10-21 16:30:14 --> UTF-8 Support Enabled
DEBUG - 2022-10-21 16:30:14 --> Global POST, GET and COOKIE data sanitized
DEBUG - 2022-10-21 16:30:14 --> Config file loaded: /hwonpark/www/application/config/tree.php
DEBUG - 2022-10-21 16:30:14 --> Encryption: Auto-configured driver 'openssl'.
DEBUG - 2022-10-21 16:30:15 --> UTF-8 Support Enabled
DEBUG - 2022-10-21 16:30:15 --> Global POST, GET and COOKIE data sanitized
DEBUG - 2022-10-21 16:30:15 --> Config file loaded: /hwonpark/www/application/config/tree.php
DEBUG - 2022-10-21 16:30:15 --> Encryption: Auto-configured driver 'openssl'.
DEBUG - 2022-10-21 16:30:16 --> Total execution time: 0.0365
DEBUG - 2022-10-21 16:30:21 --> UTF-8 Support Enabled
DEBUG - 2022-10-21 16:30:21 --> Global POST, GET and COOKIE data sanitized
DEBUG - 2022-10-21 16:30:21 --> Config file loaded: /hwonpark/www/application/config/tree.php
DEBUG - 2022-10-21 16:30:21 --> Encryption: Auto-configured driver 'openssl'.
DEBUG - 2022-10-21 16:30:21 --> Total execution time: 0.0348
DEBUG - 2022-10-21 16:30:23 --> UTF-8 Support Enabled
DEBUG - 2022-10-21 16:30:23 --> Global POST, GET and COOKIE data sanitized
DEBUG - 2022-10-21 16:30:23 --> Config file loaded: /hwonpark/www/application/config/tree.php
DEBUG - 2022-10-21 16:30:23 --> Encryption: Auto-configured driver 'openssl'.
DEBUG - 2022-10-21 16:30:23 --> Total execution time: 0.0453
DEBUG - 2022-10-21 16:30:26 --> UTF-8 Support Enabled
DEBUG - 2022-10-21 16:30:26 --> Global POST, GET and COOKIE data sanitized
DEBUG - 2022-10-21 16:30:26 --> Config file loaded: /hwonpark/www/application/config/tree.php
DEBUG - 2022-10-21 16:30:26 --> Encryption: Auto-configured driver 'openssl'.
DEBUG - 2022-10-21 16:30:26 --> Total execution time: 0.0765
DEBUG - 2022-10-21 16:30:58 --> UTF-8 Support Enabled
DEBUG - 2022-10-21 16:30:58 --> Global POST, GET and COOKIE data sanitized
DEBUG - 2022-10-21 16:30:58 --> Config file loaded: /hwonpark/www/application/config/tree.php
DEBUG - 2022-10-21 16:30:58 --> Encryption: Auto-configured driver 'openssl'.
DEBUG - 2022-10-21 16:30:58 --> Total execution time: 0.0709
DEBUG - 2022-10-21 16:31:00 --> UTF-8 Support Enabled
DEBUG - 2022-10-21 16:31:00 --> Global POST, GET and COOKIE data sanitized
DEBUG - 2022-10-21 16:31:00 --> Config file loaded: /hwonpark/www/application/config/tree.php
DEBUG - 2022-10-21 16:31:00 --> Encryption: Auto-configured driver 'openssl'.
DEBUG - 2022-10-21 16:31:00 --> Total execution time: 0.0596
DEBUG - 2022-10-21 16:31:04 --> UTF-8 Support Enabled
DEBUG - 2022-10-21 16:31:04 --> Global POST, GET and COOKIE data sanitized
DEBUG - 2022-10-21 16:31:04 --> Config file loaded: /hwonpark/www/application/config/tree.php
DEBUG - 2022-10-21 16:31:04 --> Encryption: Auto-configured driver 'openssl'.
DEBUG - 2022-10-21 16:31:04 --> UTF-8 Support Enabled
DEBUG - 2022-10-21 16:31:04 --> Global POST, GET and COOKIE data sanitized
DEBUG - 2022-10-21 16:31:04 --> Config file loaded: /hwonpark/www/application/config/tree.php
DEBUG - 2022-10-21 16:31:04 --> Encryption: Auto-configured driver 'openssl'.
DEBUG - 2022-10-21 16:31:04 --> Total execution time: 0.0440
DEBUG - 2022-10-21 16:31:14 --> UTF-8 Support Enabled
DEBUG - 2022-10-21 16:31:14 --> Global POST, GET and COOKIE data sanitized
DEBUG - 2022-10-21 16:31:14 --> Config file loaded: /hwonpark/www/application/config/tree.php
DEBUG - 2022-10-21 16:31:14 --> Encryption: Auto-configured driver 'openssl'.
DEBUG - 2022-10-21 16:31:14 --> Total execution time: 0.0630
DEBUG - 2022-10-21 16:31:33 --> UTF-8 Support Enabled
DEBUG - 2022-10-21 16:31:33 --> Global POST, GET and COOKIE data sanitized
DEBUG - 2022-10-21 16:31:33 --> Config file loaded: /hwonpark/www/application/config/tree.php
DEBUG - 2022-10-21 16:31:33 --> Encryption: Auto-configured driver 'openssl'.
DEBUG - 2022-10-21 16:31:34 --> UTF-8 Support Enabled
DEBUG - 2022-10-21 16:31:34 --> Global POST, GET and COOKIE data sanitized
DEBUG - 2022-10-21 16:31:34 --> Config file loaded: /hwonpark/www/application/config/tree.php
DEBUG - 2022-10-21 16:31:34 --> Encryption: Auto-configured driver 'openssl'.
DEBUG - 2022-10-21 16:31:34 --> Total execution time: 0.0509
DEBUG - 2022-10-21 16:41:20 --> UTF-8 Support Enabled
DEBUG - 2022-10-21 16:41:20 --> Global POST, GET and COOKIE data sanitized
DEBUG - 2022-10-21 16:41:20 --> Config file loaded: /hwonpark/www/application/config/tree.php
DEBUG - 2022-10-21 16:41:20 --> Encryption: Auto-configured driver 'openssl'.
DEBUG - 2022-10-21 16:41:20 --> Total execution time: 0.0397
DEBUG - 2022-10-21 16:41:21 --> UTF-8 Support Enabled
DEBUG - 2022-10-21 16:41:21 --> Global POST, GET and COOKIE data sanitized
DEBUG - 2022-10-21 16:41:21 --> Config file loaded: /hwonpark/www/application/config/tree.php
DEBUG - 2022-10-21 16:41:21 --> Encryption: Auto-configured driver 'openssl'.
DEBUG - 2022-10-21 16:41:21 --> Total execution time: 0.0537
DEBUG - 2022-10-21 16:41:23 --> UTF-8 Support Enabled
DEBUG - 2022-10-21 16:41:23 --> Global POST, GET and COOKIE data sanitized
DEBUG - 2022-10-21 16:41:23 --> Config file loaded: /hwonpark/www/application/config/tree.php
DEBUG - 2022-10-21 16:41:23 --> Encryption: Auto-configured driver 'openssl'.
DEBUG - 2022-10-21 16:41:23 --> Total execution time: 0.0371
DEBUG - 2022-10-21 16:42:19 --> UTF-8 Support Enabled
DEBUG - 2022-10-21 16:42:19 --> Global POST, GET and COOKIE data sanitized
DEBUG - 2022-10-21 16:42:19 --> Config file loaded: /hwonpark/www/application/config/tree.php
DEBUG - 2022-10-21 16:42:19 --> Encryption: Auto-configured driver 'openssl'.
DEBUG - 2022-10-21 16:42:21 --> UTF-8 Support Enabled
DEBUG - 2022-10-21 16:42:21 --> Global POST, GET and COOKIE data sanitized
DEBUG - 2022-10-21 16:42:21 --> Config file loaded: /hwonpark/www/application/config/tree.php
DEBUG - 2022-10-21 16:42:21 --> Encryption: Auto-configured driver 'openssl'.
DEBUG - 2022-10-21 16:42:21 --> Total execution time: 0.0606
DEBUG - 2022-10-21 16:42:25 --> UTF-8 Support Enabled
DEBUG - 2022-10-21 16:42:25 --> Global POST, GET and COOKIE data sanitized
DEBUG - 2022-10-21 16:42:25 --> Config file loaded: /hwonpark/www/application/config/tree.php
DEBUG - 2022-10-21 16:42:25 --> Encryption: Auto-configured driver 'openssl'.
DEBUG - 2022-10-21 16:42:25 --> Total execution time: 0.0814
DEBUG - 2022-10-21 16:42:26 --> UTF-8 Support Enabled
DEBUG - 2022-10-21 16:42:26 --> Global POST, GET and COOKIE data sanitized
DEBUG - 2022-10-21 16:42:26 --> Config file loaded: /hwonpark/www/application/config/tree.php
DEBUG - 2022-10-21 16:42:26 --> Encryption: Auto-configured driver 'openssl'.
DEBUG - 2022-10-21 16:42:26 --> Total execution time: 0.0440
DEBUG - 2022-10-21 16:42:32 --> UTF-8 Support Enabled
DEBUG - 2022-10-21 16:42:32 --> Global POST, GET and COOKIE data sanitized
DEBUG - 2022-10-21 16:42:32 --> Config file loaded: /hwonpark/www/application/config/tree.php
DEBUG - 2022-10-21 16:42:32 --> Encryption: Auto-configured driver 'openssl'.
DEBUG - 2022-10-21 16:42:32 --> UTF-8 Support Enabled
DEBUG - 2022-10-21 16:42:32 --> Global POST, GET and COOKIE data sanitized
DEBUG - 2022-10-21 16:42:32 --> Config file loaded: /hwonpark/www/application/config/tree.php
DEBUG - 2022-10-21 16:42:32 --> Encryption: Auto-configured driver 'openssl'.
DEBUG - 2022-10-21 16:42:32 --> Total execution time: 0.0399
DEBUG - 2022-10-21 16:42:38 --> UTF-8 Support Enabled
DEBUG - 2022-10-21 16:42:38 --> Global POST, GET and COOKIE data sanitized
DEBUG - 2022-10-21 16:42:38 --> Config file loaded: /hwonpark/www/application/config/tree.php
DEBUG - 2022-10-21 16:42:38 --> Encryption: Auto-configured driver 'openssl'.
DEBUG - 2022-10-21 16:42:38 --> Total execution time: 0.0996
DEBUG - 2022-10-21 16:42:42 --> UTF-8 Support Enabled
DEBUG - 2022-10-21 16:42:42 --> Global POST, GET and COOKIE data sanitized
DEBUG - 2022-10-21 16:42:42 --> Config file loaded: /hwonpark/www/application/config/tree.php
DEBUG - 2022-10-21 16:42:42 --> Encryption: Auto-configured driver 'openssl'.
DEBUG - 2022-10-21 16:42:42 --> Total execution time: 0.0631
DEBUG - 2022-10-21 16:42:44 --> UTF-8 Support Enabled
DEBUG - 2022-10-21 16:42:44 --> Global POST, GET and COOKIE data sanitized
DEBUG - 2022-10-21 16:42:44 --> Config file loaded: /hwonpark/www/application/config/tree.php
DEBUG - 2022-10-21 16:42:44 --> Encryption: Auto-configured driver 'openssl'.
DEBUG - 2022-10-21 16:42:44 --> Total execution time: 0.0421
DEBUG - 2022-10-21 16:42:45 --> UTF-8 Support Enabled
DEBUG - 2022-10-21 16:42:45 --> Global POST, GET and COOKIE data sanitized
DEBUG - 2022-10-21 16:42:45 --> Config file loaded: /hwonpark/www/application/config/tree.php
DEBUG - 2022-10-21 16:42:45 --> Encryption: Auto-configured driver 'openssl'.
DEBUG - 2022-10-21 16:42:45 --> Total execution time: 0.0391
DEBUG - 2022-10-21 16:44:13 --> UTF-8 Support Enabled
DEBUG - 2022-10-21 16:44:13 --> Global POST, GET and COOKIE data sanitized
DEBUG - 2022-10-21 16:44:13 --> Config file loaded: /hwonpark/www/application/config/tree.php
DEBUG - 2022-10-21 16:44:13 --> Encryption: Auto-configured driver 'openssl'.
DEBUG - 2022-10-21 16:44:13 --> UTF-8 Support Enabled
DEBUG - 2022-10-21 16:44:13 --> Global POST, GET and COOKIE data sanitized
DEBUG - 2022-10-21 16:44:13 --> Config file loaded: /hwonpark/www/application/config/tree.php
DEBUG - 2022-10-21 16:44:13 --> Encryption: Auto-configured driver 'openssl'.
DEBUG - 2022-10-21 16:44:13 --> Total execution time: 0.0370
DEBUG - 2022-10-21 16:48:55 --> UTF-8 Support Enabled
DEBUG - 2022-10-21 16:48:55 --> Global POST, GET and COOKIE data sanitized
DEBUG - 2022-10-21 16:48:55 --> Config file loaded: /hwonpark/www/application/config/tree.php
DEBUG - 2022-10-21 16:48:55 --> Encryption: Auto-configured driver 'openssl'.
DEBUG - 2022-10-21 16:48:55 --> Total execution time: 0.0585
DEBUG - 2022-10-21 16:49:00 --> UTF-8 Support Enabled
DEBUG - 2022-10-21 16:49:00 --> Global POST, GET and COOKIE data sanitized
DEBUG - 2022-10-21 16:49:00 --> Config file loaded: /hwonpark/www/application/config/tree.php
DEBUG - 2022-10-21 16:49:00 --> Encryption: Auto-configured driver 'openssl'.
DEBUG - 2022-10-21 16:49:00 --> Total execution time: 0.0741
DEBUG - 2022-10-21 16:49:03 --> UTF-8 Support Enabled
DEBUG - 2022-10-21 16:49:03 --> Global POST, GET and COOKIE data sanitized
DEBUG - 2022-10-21 16:49:03 --> Config file loaded: /hwonpark/www/application/config/tree.php
DEBUG - 2022-10-21 16:49:03 --> Encryption: Auto-configured driver 'openssl'.
DEBUG - 2022-10-21 16:49:03 --> Total execution time: 0.0847
DEBUG - 2022-10-21 16:49:07 --> UTF-8 Support Enabled
DEBUG - 2022-10-21 16:49:07 --> Global POST, GET and COOKIE data sanitized
DEBUG - 2022-10-21 16:49:07 --> Config file loaded: /hwonpark/www/application/config/tree.php
DEBUG - 2022-10-21 16:49:07 --> Encryption: Auto-configured driver 'openssl'.
DEBUG - 2022-10-21 16:49:07 --> Total execution time: 0.0387
DEBUG - 2022-10-21 16:49:09 --> UTF-8 Support Enabled
DEBUG - 2022-10-21 16:49:09 --> Global POST, GET and COOKIE data sanitized
DEBUG - 2022-10-21 16:49:09 --> Config file loaded: /hwonpark/www/application/config/tree.php
DEBUG - 2022-10-21 16:49:09 --> Encryption: Auto-configured driver 'openssl'.
DEBUG - 2022-10-21 16:49:09 --> Total execution time: 0.0787
DEBUG - 2022-10-21 16:49:11 --> UTF-8 Support Enabled
DEBUG - 2022-10-21 16:49:11 --> Global POST, GET and COOKIE data sanitized
DEBUG - 2022-10-21 16:49:11 --> Config file loaded: /hwonpark/www/application/config/tree.php
DEBUG - 2022-10-21 16:49:11 --> Encryption: Auto-configured driver 'openssl'.
DEBUG - 2022-10-21 16:49:11 --> Total execution time: 0.0448
DEBUG - 2022-10-21 16:49:16 --> UTF-8 Support Enabled
DEBUG - 2022-10-21 16:49:16 --> Global POST, GET and COOKIE data sanitized
DEBUG - 2022-10-21 16:49:16 --> Config file loaded: /hwonpark/www/application/config/tree.php
DEBUG - 2022-10-21 16:49:16 --> Encryption: Auto-configured driver 'openssl'.
DEBUG - 2022-10-21 16:49:16 --> UTF-8 Support Enabled
DEBUG - 2022-10-21 16:49:16 --> Global POST, GET and COOKIE data sanitized
DEBUG - 2022-10-21 16:49:16 --> Config file loaded: /hwonpark/www/application/config/tree.php
DEBUG - 2022-10-21 16:49:16 --> Encryption: Auto-configured driver 'openssl'.
DEBUG - 2022-10-21 16:49:16 --> Total execution time: 0.0350
DEBUG - 2022-10-21 16:49:19 --> UTF-8 Support Enabled
DEBUG - 2022-10-21 16:49:19 --> Global POST, GET and COOKIE data sanitized
DEBUG - 2022-10-21 16:49:19 --> Config file loaded: /hwonpark/www/application/config/tree.php
DEBUG - 2022-10-21 16:49:19 --> Encryption: Auto-configured driver 'openssl'.
DEBUG - 2022-10-21 16:49:19 --> Total execution time: 0.0488
DEBUG - 2022-10-21 16:49:21 --> UTF-8 Support Enabled
DEBUG - 2022-10-21 16:49:21 --> Global POST, GET and COOKIE data sanitized
DEBUG - 2022-10-21 16:49:21 --> Config file loaded: /hwonpark/www/application/config/tree.php
DEBUG - 2022-10-21 16:49:21 --> Encryption: Auto-configured driver 'openssl'.
DEBUG - 2022-10-21 16:49:21 --> Total execution time: 0.0747
DEBUG - 2022-10-21 16:49:27 --> UTF-8 Support Enabled
DEBUG - 2022-10-21 16:49:27 --> Global POST, GET and COOKIE data sanitized
DEBUG - 2022-10-21 16:49:27 --> Config file loaded: /hwonpark/www/application/config/tree.php
DEBUG - 2022-10-21 16:49:27 --> Encryption: Auto-configured driver 'openssl'.
DEBUG - 2022-10-21 16:49:27 --> Total execution time: 0.0374
DEBUG - 2022-10-21 16:55:40 --> UTF-8 Support Enabled
DEBUG - 2022-10-21 16:55:40 --> Global POST, GET and COOKIE data sanitized
DEBUG - 2022-10-21 16:55:40 --> Config file loaded: /hwonpark/www/application/config/tree.php
DEBUG - 2022-10-21 16:55:41 --> Encryption: Auto-configured driver 'openssl'.
DEBUG - 2022-10-21 16:55:41 --> Total execution time: 0.0871
DEBUG - 2022-10-21 16:55:42 --> UTF-8 Support Enabled
DEBUG - 2022-10-21 16:55:42 --> Global POST, GET and COOKIE data sanitized
DEBUG - 2022-10-21 16:55:43 --> Config file loaded: /hwonpark/www/application/config/tree.php
DEBUG - 2022-10-21 16:55:43 --> Encryption: Auto-configured driver 'openssl'.
DEBUG - 2022-10-21 16:55:43 --> Total execution time: 0.0729
DEBUG - 2022-10-21 16:56:13 --> UTF-8 Support Enabled
DEBUG - 2022-10-21 16:56:13 --> Global POST, GET and COOKIE data sanitized
DEBUG - 2022-10-21 16:56:13 --> Config file loaded: /hwonpark/www/application/config/tree.php
DEBUG - 2022-10-21 16:56:13 --> Encryption: Auto-configured driver 'openssl'.
ERROR - 2022-10-21 16:56:13 --> Could not find the language line "imglib_invalid_image"
ERROR - 2022-10-21 16:56:13 --> imglib_invalid_image
ERROR - 2022-10-21 16:56:13 --> Could not find the language line "imglib_invalid_image"
ERROR - 2022-10-21 16:56:13 --> imglib_invalid_image
DEBUG - 2022-10-21 16:56:13 --> UTF-8 Support Enabled
DEBUG - 2022-10-21 16:56:13 --> Global POST, GET and COOKIE data sanitized
DEBUG - 2022-10-21 16:56:13 --> Config file loaded: /hwonpark/www/application/config/tree.php
DEBUG - 2022-10-21 16:56:13 --> Encryption: Auto-configured driver 'openssl'.
DEBUG - 2022-10-21 16:56:13 --> Total execution time: 0.0639
DEBUG - 2022-10-21 16:56:42 --> UTF-8 Support Enabled
DEBUG - 2022-10-21 16:56:42 --> Global POST, GET and COOKIE data sanitized
DEBUG - 2022-10-21 16:56:42 --> Config file loaded: /hwonpark/www/application/config/tree.php
DEBUG - 2022-10-21 16:56:42 --> Encryption: Auto-configured driver 'openssl'.
DEBUG - 2022-10-21 16:56:42 --> Total execution time: 0.0857
DEBUG - 2022-10-21 17:12:45 --> UTF-8 Support Enabled
DEBUG - 2022-10-21 17:12:45 --> No URI present. Default controller set.
DEBUG - 2022-10-21 17:12:45 --> Global POST, GET and COOKIE data sanitized
DEBUG - 2022-10-21 17:12:45 --> Config file loaded: /hwonpark/www/application/config/tree.php
DEBUG - 2022-10-21 17:12:45 --> Total execution time: 0.0368
DEBUG - 2022-10-21 17:12:47 --> UTF-8 Support Enabled
DEBUG - 2022-10-21 17:12:47 --> Global POST, GET and COOKIE data sanitized
ERROR - 2022-10-21 17:12:47 --> 404 Page Not Found: Faviconico/index
DEBUG - 2022-10-21 17:14:37 --> UTF-8 Support Enabled
DEBUG - 2022-10-21 17:14:37 --> Global POST, GET and COOKIE data sanitized
DEBUG - 2022-10-21 17:14:37 --> Config file loaded: /hwonpark/www/application/config/tree.php
DEBUG - 2022-10-21 17:14:39 --> UTF-8 Support Enabled
DEBUG - 2022-10-21 17:14:39 --> Global POST, GET and COOKIE data sanitized
DEBUG - 2022-10-21 17:14:39 --> Config file loaded: /hwonpark/www/application/config/tree.php
DEBUG - 2022-10-21 17:14:39 --> Total execution time: 0.0655
DEBUG - 2022-10-21 17:14:42 --> UTF-8 Support Enabled
DEBUG - 2022-10-21 17:14:42 --> Global POST, GET and COOKIE data sanitized
DEBUG - 2022-10-21 17:14:42 --> Config file loaded: /hwonpark/www/application/config/tree.php
DEBUG - 2022-10-21 17:14:42 --> Total execution time: 0.0279
DEBUG - 2022-10-21 17:14:46 --> UTF-8 Support Enabled
DEBUG - 2022-10-21 17:14:46 --> Global POST, GET and COOKIE data sanitized
DEBUG - 2022-10-21 17:14:47 --> Config file loaded: /hwonpark/www/application/config/tree.php
DEBUG - 2022-10-21 17:14:48 --> UTF-8 Support Enabled
DEBUG - 2022-10-21 17:14:48 --> Global POST, GET and COOKIE data sanitized
DEBUG - 2022-10-21 17:14:48 --> Config file loaded: /hwonpark/www/application/config/tree.php
DEBUG - 2022-10-21 17:14:48 --> Encryption: Auto-configured driver 'openssl'.
DEBUG - 2022-10-21 17:14:48 --> UTF-8 Support Enabled
DEBUG - 2022-10-21 17:14:48 --> Global POST, GET and COOKIE data sanitized
DEBUG - 2022-10-21 17:14:48 --> Config file loaded: /hwonpark/www/application/config/tree.php
DEBUG - 2022-10-21 17:14:48 --> Encryption: Auto-configured driver 'openssl'.
DEBUG - 2022-10-21 17:14:48 --> Encryption class already loaded. Second attempt ignored.
DEBUG - 2022-10-21 17:14:48 --> Total execution time: 0.0746
DEBUG - 2022-10-21 17:14:51 --> UTF-8 Support Enabled
DEBUG - 2022-10-21 17:14:51 --> Global POST, GET and COOKIE data sanitized
DEBUG - 2022-10-21 17:14:51 --> Config file loaded: /hwonpark/www/application/config/tree.php
DEBUG - 2022-10-21 17:14:51 --> Encryption: Auto-configured driver 'openssl'.
DEBUG - 2022-10-21 17:14:51 --> Total execution time: 0.0339
DEBUG - 2022-10-21 17:14:53 --> UTF-8 Support Enabled
DEBUG - 2022-10-21 17:14:53 --> Global POST, GET and COOKIE data sanitized
DEBUG - 2022-10-21 17:14:53 --> Config file loaded: /hwonpark/www/application/config/tree.php
DEBUG - 2022-10-21 17:14:53 --> Encryption: Auto-configured driver 'openssl'.
DEBUG - 2022-10-21 17:14:53 --> Total execution time: 0.0346
DEBUG - 2022-10-21 17:14:54 --> UTF-8 Support Enabled
DEBUG - 2022-10-21 17:14:54 --> Global POST, GET and COOKIE data sanitized
DEBUG - 2022-10-21 17:14:54 --> Config file loaded: /hwonpark/www/application/config/tree.php
DEBUG - 2022-10-21 17:14:54 --> Encryption: Auto-configured driver 'openssl'.
DEBUG - 2022-10-21 17:14:54 --> Total execution time: 0.0344
DEBUG - 2022-10-21 17:14:55 --> UTF-8 Support Enabled
DEBUG - 2022-10-21 17:14:55 --> Global POST, GET and COOKIE data sanitized
DEBUG - 2022-10-21 17:14:55 --> Config file loaded: /hwonpark/www/application/config/tree.php
DEBUG - 2022-10-21 17:14:55 --> Encryption: Auto-configured driver 'openssl'.
DEBUG - 2022-10-21 17:14:55 --> Total execution time: 0.0353
DEBUG - 2022-10-21 17:14:56 --> UTF-8 Support Enabled
DEBUG - 2022-10-21 17:14:56 --> Global POST, GET and COOKIE data sanitized
DEBUG - 2022-10-21 17:14:56 --> Config file loaded: /hwonpark/www/application/config/tree.php
DEBUG - 2022-10-21 17:14:56 --> Encryption: Auto-configured driver 'openssl'.
DEBUG - 2022-10-21 17:14:56 --> Total execution time: 0.0359
DEBUG - 2022-10-21 17:14:57 --> UTF-8 Support Enabled
DEBUG - 2022-10-21 17:14:57 --> Global POST, GET and COOKIE data sanitized
DEBUG - 2022-10-21 17:14:57 --> Config file loaded: /hwonpark/www/application/config/tree.php
DEBUG - 2022-10-21 17:14:57 --> Encryption: Auto-configured driver 'openssl'.
DEBUG - 2022-10-21 17:14:57 --> Total execution time: 0.0686
DEBUG - 2022-10-21 17:14:58 --> UTF-8 Support Enabled
DEBUG - 2022-10-21 17:14:58 --> Global POST, GET and COOKIE data sanitized
DEBUG - 2022-10-21 17:14:58 --> Config file loaded: /hwonpark/www/application/config/tree.php
DEBUG - 2022-10-21 17:14:58 --> Encryption: Auto-configured driver 'openssl'.
DEBUG - 2022-10-21 17:14:58 --> Total execution time: 0.0668
DEBUG - 2022-10-21 17:15:00 --> UTF-8 Support Enabled
DEBUG - 2022-10-21 17:15:00 --> Global POST, GET and COOKIE data sanitized
DEBUG - 2022-10-21 17:15:00 --> Config file loaded: /hwonpark/www/application/config/tree.php
DEBUG - 2022-10-21 17:15:00 --> Encryption: Auto-configured driver 'openssl'.
DEBUG - 2022-10-21 17:15:00 --> Total execution time: 0.0737
DEBUG - 2022-10-21 17:15:01 --> UTF-8 Support Enabled
DEBUG - 2022-10-21 17:15:01 --> Global POST, GET and COOKIE data sanitized
DEBUG - 2022-10-21 17:15:01 --> Config file loaded: /hwonpark/www/application/config/tree.php
DEBUG - 2022-10-21 17:15:01 --> Encryption: Auto-configured driver 'openssl'.
DEBUG - 2022-10-21 17:15:01 --> Total execution time: 0.2750
DEBUG - 2022-10-21 17:29:58 --> UTF-8 Support Enabled
DEBUG - 2022-10-21 17:29:58 --> No URI present. Default controller set.
DEBUG - 2022-10-21 17:29:58 --> Global POST, GET and COOKIE data sanitized
DEBUG - 2022-10-21 17:29:58 --> Config file loaded: /hwonpark/www/application/config/tree.php
DEBUG - 2022-10-21 17:29:58 --> Total execution time: 0.0414
DEBUG - 2022-10-21 17:30:04 --> UTF-8 Support Enabled
DEBUG - 2022-10-21 17:30:04 --> Global POST, GET and COOKIE data sanitized
DEBUG - 2022-10-21 17:30:04 --> Config file loaded: /hwonpark/www/application/config/tree.php
DEBUG - 2022-10-21 17:30:06 --> UTF-8 Support Enabled
DEBUG - 2022-10-21 17:30:06 --> Global POST, GET and COOKIE data sanitized
DEBUG - 2022-10-21 17:30:06 --> Config file loaded: /hwonpark/www/application/config/tree.php
DEBUG - 2022-10-21 17:30:06 --> Total execution time: 0.0285
DEBUG - 2022-10-21 17:30:07 --> UTF-8 Support Enabled
DEBUG - 2022-10-21 17:30:07 --> Global POST, GET and COOKIE data sanitized
DEBUG - 2022-10-21 17:30:07 --> Config file loaded: /hwonpark/www/application/config/tree.php
DEBUG - 2022-10-21 17:30:07 --> =================== DL_auth-> oauth::CALLBACK - 시작
DEBUG - 2022-10-21 17:30:07 --> =================== DL_auth-> oauth::CALLBACK - kakao param=:: error=
DEBUG - 2022-10-21 17:30:07 --> =================== DL_auth-> oauth::CALLBACK - kakao param=:: state=
DEBUG - 2022-10-21 17:30:07 --> =================== DL_auth-> oauth::CALLBACK - kakao param=:: code=_4ErVdbRkhCHFzAY_ysAbjYwS384sxD3BLIVqXwJ9DSXkAhCS550ohMfvAo_ayd99h_VYQorDNIAAAGD-anwFA
DEBUG - 2022-10-21 17:30:07 --> =================== DL_auth -> kakao oauth :2: code=_4ErVdbRkhCHFzAY_ysAbjYwS384sxD3BLIVqXwJ9DSXkAhCS550ohMfvAo_ayd99h_VYQorDNIAAAGD-anwFA
DEBUG - 2022-10-21 17:30:07 --> ====================Dl_auth -> kakao_login :: 시작
DEBUG - 2022-10-21 17:30:07 --> --------------------Dl_auth::kakao_login - 1.토큰요청 시작
DEBUG - 2022-10-21 17:30:07 --> Dl_auth::kakao_login - get_token 시작 n=2
DEBUG - 2022-10-21 17:30:07 --> --------------------Dl_auth::kakao_login - 1.2.토큰요청 시작 -> 기타브라우저
DEBUG - 2022-10-21 17:30:07 --> --------------------Dl_auth::kakao_login - 1.3.토큰요청
DEBUG - 2022-10-21 17:30:07 --> --------------------Dl_auth::kakao_login - 1.4.토큰요청 -> 성공
DEBUG - 2022-10-21 17:30:07 --> UTF-8 Support Enabled
DEBUG - 2022-10-21 17:30:07 --> Global POST, GET and COOKIE data sanitized
DEBUG - 2022-10-21 17:30:07 --> Config file loaded: /hwonpark/www/application/config/tree.php
DEBUG - 2022-10-21 17:30:07 --> =================== DL_auth-> oauth::CALLBACK - 시작
DEBUG - 2022-10-21 17:30:07 --> =================== DL_auth-> oauth::CALLBACK - kakao param=:: error=
DEBUG - 2022-10-21 17:30:07 --> =================== DL_auth-> oauth::CALLBACK - kakao param=:: state=
DEBUG - 2022-10-21 17:30:07 --> =================== DL_auth-> oauth::CALLBACK - kakao param=:: code=_4ErVdbRkhCHFzAY_ysAbjYwS384sxD3BLIVqXwJ9DSXkAhCS550ohMfvAo_ayd99h_VYQorDNIAAAGD-anwFA
DEBUG - 2022-10-21 17:30:07 --> =================== DL_auth -> kakao oauth :2: code=_4ErVdbRkhCHFzAY_ysAbjYwS384sxD3BLIVqXwJ9DSXkAhCS550ohMfvAo_ayd99h_VYQorDNIAAAGD-anwFA
DEBUG - 2022-10-21 17:30:07 --> ====================Dl_auth -> kakao_login :: 시작
DEBUG - 2022-10-21 17:30:07 --> ====================Dl_auth::kakao_login - 1.3.5- 사이트 회원정보 업데이트 성공(카카오 인증 완료) state=
DEBUG - 2022-10-21 17:30:08 --> UTF-8 Support Enabled
DEBUG - 2022-10-21 17:30:08 --> Global POST, GET and COOKIE data sanitized
DEBUG - 2022-10-21 17:30:08 --> Config file loaded: /hwonpark/www/application/config/tree.php
DEBUG - 2022-10-21 17:30:08 --> Encryption: Auto-configured driver 'openssl'.
DEBUG - 2022-10-21 17:30:08 --> Total execution time: 0.0425
DEBUG - 2022-10-21 17:30:14 --> UTF-8 Support Enabled
DEBUG - 2022-10-21 17:30:14 --> Global POST, GET and COOKIE data sanitized
DEBUG - 2022-10-21 17:30:14 --> Config file loaded: /hwonpark/www/application/config/tree.php
DEBUG - 2022-10-21 17:30:14 --> Encryption: Auto-configured driver 'openssl'.
DEBUG - 2022-10-21 17:30:14 --> Total execution time: 0.0506
DEBUG - 2022-10-21 17:32:26 --> UTF-8 Support Enabled
DEBUG - 2022-10-21 17:32:26 --> No URI present. Default controller set.
DEBUG - 2022-10-21 17:32:26 --> Global POST, GET and COOKIE data sanitized
DEBUG - 2022-10-21 17:32:26 --> Config file loaded: /hwonpark/www/application/config/tree.php
DEBUG - 2022-10-21 17:32:26 --> Total execution time: 0.0303
DEBUG - 2022-10-21 17:34:05 --> UTF-8 Support Enabled
DEBUG - 2022-10-21 17:34:05 --> No URI present. Default controller set.
DEBUG - 2022-10-21 17:34:05 --> Global POST, GET and COOKIE data sanitized
DEBUG - 2022-10-21 17:34:05 --> Config file loaded: /hwonpark/www/application/config/tree.php
DEBUG - 2022-10-21 17:34:05 --> Encryption: Auto-configured driver 'openssl'.
DEBUG - 2022-10-21 17:34:05 --> Total execution time: 0.0443
DEBUG - 2022-10-21 17:34:27 --> UTF-8 Support Enabled
DEBUG - 2022-10-21 17:34:27 --> Global POST, GET and COOKIE data sanitized
DEBUG - 2022-10-21 17:34:27 --> Config file loaded: /hwonpark/www/application/config/tree.php
DEBUG - 2022-10-21 17:34:27 --> Encryption: Auto-configured driver 'openssl'.
DEBUG - 2022-10-21 17:34:27 --> Total execution time: 0.0498
DEBUG - 2022-10-21 18:27:49 --> UTF-8 Support Enabled
DEBUG - 2022-10-21 18:27:49 --> Global POST, GET and COOKIE data sanitized
DEBUG - 2022-10-21 18:27:49 --> Config file loaded: /hwonpark/www/application/config/tree.php
DEBUG - 2022-10-21 18:27:49 --> Total execution time: 0.0695
DEBUG - 2022-10-21 18:28:04 --> UTF-8 Support Enabled
DEBUG - 2022-10-21 18:28:04 --> Global POST, GET and COOKIE data sanitized
DEBUG - 2022-10-21 18:28:04 --> Config file loaded: /hwonpark/www/application/config/tree.php
DEBUG - 2022-10-21 18:28:04 --> Total execution time: 0.0416
DEBUG - 2022-10-21 18:28:05 --> UTF-8 Support Enabled
DEBUG - 2022-10-21 18:28:05 --> Global POST, GET and COOKIE data sanitized
DEBUG - 2022-10-21 18:28:05 --> Config file loaded: /hwonpark/www/application/config/tree.php
DEBUG - 2022-10-21 18:28:05 --> =================== DL_auth-> oauth::CALLBACK - 시작
DEBUG - 2022-10-21 18:28:05 --> =================== DL_auth-> oauth::CALLBACK - kakao param=:: error=
DEBUG - 2022-10-21 18:28:05 --> =================== DL_auth-> oauth::CALLBACK - kakao param=:: state=
DEBUG - 2022-10-21 18:28:05 --> =================== DL_auth-> oauth::CALLBACK - kakao param=:: code=z-l1fN_b17nmMZ07TJfXp2NomH8okmc3DQKZjFyHcdJ0mhxZBxP1_gMoAF8_i6817CosEAo9dJcAAAGD-d8BBA
DEBUG - 2022-10-21 18:28:05 --> =================== DL_auth -> kakao oauth :2: code=z-l1fN_b17nmMZ07TJfXp2NomH8okmc3DQKZjFyHcdJ0mhxZBxP1_gMoAF8_i6817CosEAo9dJcAAAGD-d8BBA
DEBUG - 2022-10-21 18:28:05 --> ====================Dl_auth -> kakao_login :: 시작
DEBUG - 2022-10-21 18:28:05 --> --------------------Dl_auth::kakao_login - 1.토큰요청 시작
DEBUG - 2022-10-21 18:28:05 --> Dl_auth::kakao_login - get_token 시작 n=2
DEBUG - 2022-10-21 18:28:05 --> --------------------Dl_auth::kakao_login - 1.2.토큰요청 시작 -> 기타브라우저
DEBUG - 2022-10-21 18:28:05 --> --------------------Dl_auth::kakao_login - 1.3.토큰요청
DEBUG - 2022-10-21 18:28:05 --> --------------------Dl_auth::kakao_login - 1.4.토큰요청 -> 성공
DEBUG - 2022-10-21 18:28:05 --> UTF-8 Support Enabled
DEBUG - 2022-10-21 18:28:05 --> Global POST, GET and COOKIE data sanitized
DEBUG - 2022-10-21 18:28:05 --> Config file loaded: /hwonpark/www/application/config/tree.php
DEBUG - 2022-10-21 18:28:05 --> =================== DL_auth-> oauth::CALLBACK - 시작
DEBUG - 2022-10-21 18:28:05 --> =================== DL_auth-> oauth::CALLBACK - kakao param=:: error=
DEBUG - 2022-10-21 18:28:05 --> =================== DL_auth-> oauth::CALLBACK - kakao param=:: state=
DEBUG - 2022-10-21 18:28:05 --> =================== DL_auth-> oauth::CALLBACK - kakao param=:: code=z-l1fN_b17nmMZ07TJfXp2NomH8okmc3DQKZjFyHcdJ0mhxZBxP1_gMoAF8_i6817CosEAo9dJcAAAGD-d8BBA
DEBUG - 2022-10-21 18:28:05 --> =================== DL_auth -> kakao oauth :2: code=z-l1fN_b17nmMZ07TJfXp2NomH8okmc3DQKZjFyHcdJ0mhxZBxP1_gMoAF8_i6817CosEAo9dJcAAAGD-d8BBA
DEBUG - 2022-10-21 18:28:05 --> ====================Dl_auth -> kakao_login :: 시작
DEBUG - 2022-10-21 18:28:05 --> ====================Dl_auth::kakao_login - 1.3.5- 사이트 회원정보 업데이트 성공(카카오 인증 완료) state=
DEBUG - 2022-10-21 18:28:06 --> UTF-8 Support Enabled
DEBUG - 2022-10-21 18:28:06 --> Global POST, GET and COOKIE data sanitized
DEBUG - 2022-10-21 18:28:06 --> Config file loaded: /hwonpark/www/application/config/tree.php
DEBUG - 2022-10-21 18:28:06 --> Encryption: Auto-configured driver 'openssl'.
DEBUG - 2022-10-21 18:28:06 --> Total execution time: 0.0457
DEBUG - 2022-10-21 18:28:12 --> UTF-8 Support Enabled
DEBUG - 2022-10-21 18:28:12 --> Global POST, GET and COOKIE data sanitized
DEBUG - 2022-10-21 18:28:12 --> Config file loaded: /hwonpark/www/application/config/tree.php
DEBUG - 2022-10-21 18:28:12 --> Encryption: Auto-configured driver 'openssl'.
DEBUG - 2022-10-21 18:28:12 --> Total execution time: 0.0341
DEBUG - 2022-10-21 18:28:27 --> UTF-8 Support Enabled
DEBUG - 2022-10-21 18:28:27 --> Global POST, GET and COOKIE data sanitized
DEBUG - 2022-10-21 18:28:27 --> Config file loaded: /hwonpark/www/application/config/tree.php
DEBUG - 2022-10-21 18:28:27 --> Encryption: Auto-configured driver 'openssl'.
DEBUG - 2022-10-21 18:28:27 --> Total execution time: 0.0367
DEBUG - 2022-10-21 18:28:34 --> UTF-8 Support Enabled
DEBUG - 2022-10-21 18:28:34 --> Global POST, GET and COOKIE data sanitized
DEBUG - 2022-10-21 18:28:34 --> Config file loaded: /hwonpark/www/application/config/tree.php
DEBUG - 2022-10-21 18:28:34 --> Encryption: Auto-configured driver 'openssl'.
DEBUG - 2022-10-21 18:28:34 --> Total execution time: 0.0402
DEBUG - 2022-10-21 18:28:44 --> UTF-8 Support Enabled
DEBUG - 2022-10-21 18:28:44 --> Global POST, GET and COOKIE data sanitized
DEBUG - 2022-10-21 18:28:44 --> Config file loaded: /hwonpark/www/application/config/tree.php
DEBUG - 2022-10-21 18:28:44 --> Encryption: Auto-configured driver 'openssl'.
DEBUG - 2022-10-21 18:28:44 --> Total execution time: 0.0662
DEBUG - 2022-10-21 18:28:46 --> UTF-8 Support Enabled
DEBUG - 2022-10-21 18:28:46 --> Global POST, GET and COOKIE data sanitized
DEBUG - 2022-10-21 18:28:46 --> Config file loaded: /hwonpark/www/application/config/tree.php
DEBUG - 2022-10-21 18:28:46 --> Encryption: Auto-configured driver 'openssl'.
DEBUG - 2022-10-21 18:28:47 --> Total execution time: 0.0690
DEBUG - 2022-10-21 18:28:49 --> UTF-8 Support Enabled
DEBUG - 2022-10-21 18:28:49 --> Global POST, GET and COOKIE data sanitized
DEBUG - 2022-10-21 18:28:49 --> Config file loaded: /hwonpark/www/application/config/tree.php
DEBUG - 2022-10-21 18:28:49 --> Encryption: Auto-configured driver 'openssl'.
DEBUG - 2022-10-21 18:28:49 --> Total execution time: 0.0401
DEBUG - 2022-10-21 18:28:51 --> UTF-8 Support Enabled
DEBUG - 2022-10-21 18:28:51 --> Global POST, GET and COOKIE data sanitized
DEBUG - 2022-10-21 18:28:51 --> Config file loaded: /hwonpark/www/application/config/tree.php
DEBUG - 2022-10-21 18:28:51 --> Encryption: Auto-configured driver 'openssl'.
DEBUG - 2022-10-21 18:28:51 --> Total execution time: 0.0645
DEBUG - 2022-10-21 18:28:55 --> UTF-8 Support Enabled
DEBUG - 2022-10-21 18:28:55 --> Global POST, GET and COOKIE data sanitized
DEBUG - 2022-10-21 18:28:55 --> Config file loaded: /hwonpark/www/application/config/tree.php
DEBUG - 2022-10-21 18:28:55 --> Encryption: Auto-configured driver 'openssl'.
DEBUG - 2022-10-21 18:28:55 --> Total execution time: 0.0440
DEBUG - 2022-10-21 18:28:57 --> UTF-8 Support Enabled
DEBUG - 2022-10-21 18:28:57 --> Global POST, GET and COOKIE data sanitized
DEBUG - 2022-10-21 18:28:57 --> Config file loaded: /hwonpark/www/application/config/tree.php
DEBUG - 2022-10-21 18:28:57 --> Encryption: Auto-configured driver 'openssl'.
DEBUG - 2022-10-21 18:28:57 --> Total execution time: 0.0446
DEBUG - 2022-10-21 18:28:59 --> UTF-8 Support Enabled
DEBUG - 2022-10-21 18:28:59 --> Global POST, GET and COOKIE data sanitized
DEBUG - 2022-10-21 18:28:59 --> Config file loaded: /hwonpark/www/application/config/tree.php
DEBUG - 2022-10-21 18:28:59 --> Encryption: Auto-configured driver 'openssl'.
DEBUG - 2022-10-21 18:28:59 --> Total execution time: 0.0403
DEBUG - 2022-10-21 18:29:01 --> UTF-8 Support Enabled
DEBUG - 2022-10-21 18:29:01 --> Global POST, GET and COOKIE data sanitized
DEBUG - 2022-10-21 18:29:01 --> Config file loaded: /hwonpark/www/application/config/tree.php
DEBUG - 2022-10-21 18:29:01 --> Encryption: Auto-configured driver 'openssl'.
DEBUG - 2022-10-21 18:29:01 --> Total execution time: 0.0375
DEBUG - 2022-10-21 22:21:17 --> UTF-8 Support Enabled
DEBUG - 2022-10-21 22:21:17 --> No URI present. Default controller set.
DEBUG - 2022-10-21 22:21:17 --> Global POST, GET and COOKIE data sanitized
DEBUG - 2022-10-21 22:21:17 --> Config file loaded: /hwonpark/www/application/config/tree.php
DEBUG - 2022-10-21 22:21:17 --> Total execution time: 0.1837
DEBUG - 2022-10-21 22:21:18 --> UTF-8 Support Enabled
DEBUG - 2022-10-21 22:21:18 --> Global POST, GET and COOKIE data sanitized
ERROR - 2022-10-21 22:21:18 --> 404 Page Not Found: Faviconico/index
