DEBUG - 2022-12-23 00:00:19 --> UTF-8 Support Enabled
DEBUG - 2022-12-23 00:00:19 --> No URI present. Default controller set.
DEBUG - 2022-12-23 00:00:19 --> Global POST, GET and COOKIE data sanitized
DEBUG - 2022-12-23 00:00:19 --> Config file loaded: /hwonpark/www/application/config/tree.php
DEBUG - 2022-12-23 00:00:19 --> Total execution time: 0.0363
DEBUG - 2022-12-23 09:00:38 --> UTF-8 Support Enabled
DEBUG - 2022-12-23 09:00:38 --> Global POST, GET and COOKIE data sanitized
DEBUG - 2022-12-23 09:00:38 --> Config file loaded: /hwonpark/www/application/config/tree.php
DEBUG - 2022-12-23 09:00:38 --> Total execution time: 0.1528
DEBUG - 2022-12-23 09:11:00 --> UTF-8 Support Enabled
DEBUG - 2022-12-23 09:11:00 --> No URI present. Default controller set.
DEBUG - 2022-12-23 09:11:00 --> Global POST, GET and COOKIE data sanitized
DEBUG - 2022-12-23 09:11:00 --> Config file loaded: /hwonpark/www/application/config/tree.php
DEBUG - 2022-12-23 09:11:00 --> Total execution time: 0.1454
DEBUG - 2022-12-23 09:11:02 --> UTF-8 Support Enabled
DEBUG - 2022-12-23 09:11:02 --> Global POST, GET and COOKIE data sanitized
ERROR - 2022-12-23 09:11:02 --> 404 Page Not Found: Faviconico/index
DEBUG - 2022-12-23 09:34:50 --> UTF-8 Support Enabled
DEBUG - 2022-12-23 09:34:50 --> Global POST, GET and COOKIE data sanitized
DEBUG - 2022-12-23 09:34:50 --> Config file loaded: /hwonpark/www/application/config/tree.php
DEBUG - 2022-12-23 09:34:50 --> Total execution time: 0.0529
DEBUG - 2022-12-23 09:34:52 --> UTF-8 Support Enabled
DEBUG - 2022-12-23 09:34:52 --> Global POST, GET and COOKIE data sanitized
ERROR - 2022-12-23 09:34:52 --> 404 Page Not Found: Faviconico/index
DEBUG - 2022-12-23 09:34:55 --> UTF-8 Support Enabled
DEBUG - 2022-12-23 09:34:55 --> Global POST, GET and COOKIE data sanitized
DEBUG - 2022-12-23 09:34:55 --> Config file loaded: /hwonpark/www/application/config/tree.php
DEBUG - 2022-12-23 09:34:57 --> UTF-8 Support Enabled
DEBUG - 2022-12-23 09:34:57 --> Global POST, GET and COOKIE data sanitized
DEBUG - 2022-12-23 09:34:57 --> Config file loaded: /hwonpark/www/application/config/tree.php
DEBUG - 2022-12-23 09:34:57 --> Total execution time: 0.0271
DEBUG - 2022-12-23 09:35:13 --> UTF-8 Support Enabled
DEBUG - 2022-12-23 09:35:13 --> Global POST, GET and COOKIE data sanitized
DEBUG - 2022-12-23 09:35:13 --> Config file loaded: /hwonpark/www/application/config/tree.php
DEBUG - 2022-12-23 09:35:15 --> UTF-8 Support Enabled
DEBUG - 2022-12-23 09:35:15 --> Global POST, GET and COOKIE data sanitized
DEBUG - 2022-12-23 09:35:15 --> Config file loaded: /hwonpark/www/application/config/tree.php
DEBUG - 2022-12-23 09:35:15 --> Encryption: Auto-configured driver 'openssl'.
DEBUG - 2022-12-23 09:35:15 --> UTF-8 Support Enabled
DEBUG - 2022-12-23 09:35:15 --> Global POST, GET and COOKIE data sanitized
DEBUG - 2022-12-23 09:35:15 --> Config file loaded: /hwonpark/www/application/config/tree.php
DEBUG - 2022-12-23 09:35:15 --> Encryption: Auto-configured driver 'openssl'.
DEBUG - 2022-12-23 09:35:15 --> Encryption class already loaded. Second attempt ignored.
DEBUG - 2022-12-23 09:35:15 --> Total execution time: 0.0607
DEBUG - 2022-12-23 09:35:17 --> UTF-8 Support Enabled
DEBUG - 2022-12-23 09:35:17 --> Global POST, GET and COOKIE data sanitized
DEBUG - 2022-12-23 09:35:17 --> Config file loaded: /hwonpark/www/application/config/tree.php
DEBUG - 2022-12-23 09:35:17 --> Encryption: Auto-configured driver 'openssl'.
DEBUG - 2022-12-23 09:35:17 --> Total execution time: 0.0440
DEBUG - 2022-12-23 09:36:50 --> UTF-8 Support Enabled
DEBUG - 2022-12-23 09:36:50 --> Global POST, GET and COOKIE data sanitized
DEBUG - 2022-12-23 09:36:50 --> Config file loaded: /hwonpark/www/application/config/tree.php
DEBUG - 2022-12-23 09:36:50 --> Encryption: Auto-configured driver 'openssl'.
DEBUG - 2022-12-23 09:36:50 --> Total execution time: 0.0505
DEBUG - 2022-12-23 09:36:53 --> UTF-8 Support Enabled
DEBUG - 2022-12-23 09:36:53 --> Global POST, GET and COOKIE data sanitized
DEBUG - 2022-12-23 09:36:53 --> Config file loaded: /hwonpark/www/application/config/tree.php
DEBUG - 2022-12-23 09:36:53 --> Encryption: Auto-configured driver 'openssl'.
DEBUG - 2022-12-23 09:36:53 --> Total execution time: 0.0336
DEBUG - 2022-12-23 09:36:58 --> UTF-8 Support Enabled
DEBUG - 2022-12-23 09:36:58 --> Global POST, GET and COOKIE data sanitized
DEBUG - 2022-12-23 09:36:58 --> Config file loaded: /hwonpark/www/application/config/tree.php
DEBUG - 2022-12-23 09:36:58 --> Encryption: Auto-configured driver 'openssl'.
DEBUG - 2022-12-23 09:36:58 --> Total execution time: 0.0975
DEBUG - 2022-12-23 10:02:19 --> UTF-8 Support Enabled
DEBUG - 2022-12-23 10:02:19 --> No URI present. Default controller set.
DEBUG - 2022-12-23 10:02:19 --> Global POST, GET and COOKIE data sanitized
DEBUG - 2022-12-23 10:02:19 --> Config file loaded: /hwonpark/www/application/config/tree.php
DEBUG - 2022-12-23 10:02:19 --> Total execution time: 0.0391
DEBUG - 2022-12-23 10:14:56 --> UTF-8 Support Enabled
DEBUG - 2022-12-23 10:14:56 --> Global POST, GET and COOKIE data sanitized
DEBUG - 2022-12-23 10:14:56 --> Config file loaded: /hwonpark/www/application/config/tree.php
DEBUG - 2022-12-23 10:14:56 --> Total execution time: 0.0603
DEBUG - 2022-12-23 10:15:02 --> UTF-8 Support Enabled
DEBUG - 2022-12-23 10:15:02 --> Global POST, GET and COOKIE data sanitized
DEBUG - 2022-12-23 10:15:02 --> Config file loaded: /hwonpark/www/application/config/tree.php
DEBUG - 2022-12-23 10:15:03 --> UTF-8 Support Enabled
DEBUG - 2022-12-23 10:15:03 --> Global POST, GET and COOKIE data sanitized
DEBUG - 2022-12-23 10:15:03 --> Config file loaded: /hwonpark/www/application/config/tree.php
DEBUG - 2022-12-23 10:15:03 --> Encryption: Auto-configured driver 'openssl'.
DEBUG - 2022-12-23 10:15:03 --> UTF-8 Support Enabled
DEBUG - 2022-12-23 10:15:03 --> Global POST, GET and COOKIE data sanitized
DEBUG - 2022-12-23 10:15:03 --> Config file loaded: /hwonpark/www/application/config/tree.php
DEBUG - 2022-12-23 10:15:03 --> Encryption: Auto-configured driver 'openssl'.
DEBUG - 2022-12-23 10:15:03 --> Encryption class already loaded. Second attempt ignored.
DEBUG - 2022-12-23 10:15:03 --> Total execution time: 0.0401
DEBUG - 2022-12-23 10:15:05 --> UTF-8 Support Enabled
DEBUG - 2022-12-23 10:15:05 --> Global POST, GET and COOKIE data sanitized
DEBUG - 2022-12-23 10:15:05 --> Config file loaded: /hwonpark/www/application/config/tree.php
DEBUG - 2022-12-23 10:15:05 --> Encryption: Auto-configured driver 'openssl'.
DEBUG - 2022-12-23 10:15:05 --> Total execution time: 0.0406
DEBUG - 2022-12-23 10:15:08 --> UTF-8 Support Enabled
DEBUG - 2022-12-23 10:15:08 --> Global POST, GET and COOKIE data sanitized
DEBUG - 2022-12-23 10:15:08 --> Config file loaded: /hwonpark/www/application/config/tree.php
DEBUG - 2022-12-23 10:15:08 --> Encryption: Auto-configured driver 'openssl'.
DEBUG - 2022-12-23 10:15:08 --> Total execution time: 0.0432
DEBUG - 2022-12-23 10:15:11 --> UTF-8 Support Enabled
DEBUG - 2022-12-23 10:15:11 --> Global POST, GET and COOKIE data sanitized
DEBUG - 2022-12-23 10:15:11 --> Config file loaded: /hwonpark/www/application/config/tree.php
DEBUG - 2022-12-23 10:15:11 --> Encryption: Auto-configured driver 'openssl'.
DEBUG - 2022-12-23 10:15:11 --> Total execution time: 0.0953
DEBUG - 2022-12-23 10:16:06 --> UTF-8 Support Enabled
DEBUG - 2022-12-23 10:16:06 --> Global POST, GET and COOKIE data sanitized
DEBUG - 2022-12-23 10:16:06 --> Config file loaded: /hwonpark/www/application/config/tree.php
DEBUG - 2022-12-23 10:16:06 --> Encryption: Auto-configured driver 'openssl'.
DEBUG - 2022-12-23 10:16:07 --> UTF-8 Support Enabled
DEBUG - 2022-12-23 10:16:07 --> Global POST, GET and COOKIE data sanitized
DEBUG - 2022-12-23 10:16:07 --> Config file loaded: /hwonpark/www/application/config/tree.php
DEBUG - 2022-12-23 10:16:07 --> Encryption: Auto-configured driver 'openssl'.
DEBUG - 2022-12-23 10:16:07 --> Total execution time: 0.0398
DEBUG - 2022-12-23 10:16:09 --> UTF-8 Support Enabled
DEBUG - 2022-12-23 10:16:09 --> Global POST, GET and COOKIE data sanitized
DEBUG - 2022-12-23 10:16:09 --> Config file loaded: /hwonpark/www/application/config/tree.php
DEBUG - 2022-12-23 10:16:09 --> Encryption: Auto-configured driver 'openssl'.
DEBUG - 2022-12-23 10:16:09 --> Total execution time: 0.0401
DEBUG - 2022-12-23 10:16:21 --> UTF-8 Support Enabled
DEBUG - 2022-12-23 10:16:21 --> Global POST, GET and COOKIE data sanitized
DEBUG - 2022-12-23 10:16:21 --> Config file loaded: /hwonpark/www/application/config/tree.php
DEBUG - 2022-12-23 10:16:21 --> Encryption: Auto-configured driver 'openssl'.
DEBUG - 2022-12-23 10:16:21 --> UTF-8 Support Enabled
DEBUG - 2022-12-23 10:16:21 --> Global POST, GET and COOKIE data sanitized
DEBUG - 2022-12-23 10:16:21 --> Config file loaded: /hwonpark/www/application/config/tree.php
DEBUG - 2022-12-23 10:16:21 --> Encryption: Auto-configured driver 'openssl'.
DEBUG - 2022-12-23 10:16:21 --> Encryption class already loaded. Second attempt ignored.
DEBUG - 2022-12-23 10:16:21 --> Total execution time: 0.0366
DEBUG - 2022-12-23 10:16:21 --> UTF-8 Support Enabled
DEBUG - 2022-12-23 10:16:21 --> Global POST, GET and COOKIE data sanitized
DEBUG - 2022-12-23 10:16:21 --> Config file loaded: /hwonpark/www/application/config/tree.php
DEBUG - 2022-12-23 10:16:21 --> Encryption: Auto-configured driver 'openssl'.
DEBUG - 2022-12-23 10:16:21 --> Total execution time: 0.0329
DEBUG - 2022-12-23 10:22:16 --> UTF-8 Support Enabled
DEBUG - 2022-12-23 10:22:16 --> Global POST, GET and COOKIE data sanitized
DEBUG - 2022-12-23 10:22:16 --> Config file loaded: /hwonpark/www/application/config/tree.php
DEBUG - 2022-12-23 10:22:16 --> Total execution time: 0.0598
DEBUG - 2022-12-23 10:22:17 --> UTF-8 Support Enabled
DEBUG - 2022-12-23 10:22:17 --> No URI present. Default controller set.
DEBUG - 2022-12-23 10:22:17 --> Global POST, GET and COOKIE data sanitized
DEBUG - 2022-12-23 10:22:17 --> Config file loaded: /hwonpark/www/application/config/tree.php
DEBUG - 2022-12-23 10:22:17 --> Total execution time: 0.0376
DEBUG - 2022-12-23 10:22:22 --> UTF-8 Support Enabled
DEBUG - 2022-12-23 10:22:22 --> No URI present. Default controller set.
DEBUG - 2022-12-23 10:22:22 --> Global POST, GET and COOKIE data sanitized
DEBUG - 2022-12-23 10:22:22 --> Config file loaded: /hwonpark/www/application/config/tree.php
DEBUG - 2022-12-23 10:22:22 --> Total execution time: 0.0389
DEBUG - 2022-12-23 10:24:35 --> UTF-8 Support Enabled
DEBUG - 2022-12-23 10:24:35 --> Global POST, GET and COOKIE data sanitized
DEBUG - 2022-12-23 10:24:35 --> Config file loaded: /hwonpark/www/application/config/tree.php
DEBUG - 2022-12-23 10:24:35 --> Total execution time: 0.0859
DEBUG - 2022-12-23 10:24:36 --> UTF-8 Support Enabled
DEBUG - 2022-12-23 10:24:36 --> Global POST, GET and COOKIE data sanitized
ERROR - 2022-12-23 10:24:36 --> 404 Page Not Found: Faviconico/index
DEBUG - 2022-12-23 10:25:29 --> UTF-8 Support Enabled
DEBUG - 2022-12-23 10:25:29 --> Global POST, GET and COOKIE data sanitized
DEBUG - 2022-12-23 10:25:29 --> Config file loaded: /hwonpark/www/application/config/tree.php
DEBUG - 2022-12-23 10:25:29 --> Total execution time: 0.0372
DEBUG - 2022-12-23 10:27:53 --> UTF-8 Support Enabled
DEBUG - 2022-12-23 10:27:53 --> No URI present. Default controller set.
DEBUG - 2022-12-23 10:27:53 --> Global POST, GET and COOKIE data sanitized
DEBUG - 2022-12-23 10:27:53 --> Config file loaded: /hwonpark/www/application/config/tree.php
DEBUG - 2022-12-23 10:27:53 --> Total execution time: 0.0301
DEBUG - 2022-12-23 10:27:54 --> UTF-8 Support Enabled
DEBUG - 2022-12-23 10:27:54 --> Global POST, GET and COOKIE data sanitized
ERROR - 2022-12-23 10:27:54 --> 404 Page Not Found: Faviconico/index
DEBUG - 2022-12-23 10:40:03 --> UTF-8 Support Enabled
DEBUG - 2022-12-23 10:40:03 --> Global POST, GET and COOKIE data sanitized
DEBUG - 2022-12-23 10:40:03 --> Config file loaded: /hwonpark/www/application/config/tree.php
DEBUG - 2022-12-23 10:40:04 --> Total execution time: 1.0020
DEBUG - 2022-12-23 10:40:12 --> UTF-8 Support Enabled
DEBUG - 2022-12-23 10:40:12 --> Global POST, GET and COOKIE data sanitized
DEBUG - 2022-12-23 10:40:12 --> Config file loaded: /hwonpark/www/application/config/tree.php
DEBUG - 2022-12-23 10:40:12 --> UTF-8 Support Enabled
DEBUG - 2022-12-23 10:40:12 --> Global POST, GET and COOKIE data sanitized
DEBUG - 2022-12-23 10:40:12 --> Config file loaded: /hwonpark/www/application/config/tree.php
DEBUG - 2022-12-23 10:40:12 --> Encryption: Auto-configured driver 'openssl'.
DEBUG - 2022-12-23 10:40:12 --> UTF-8 Support Enabled
DEBUG - 2022-12-23 10:40:12 --> Global POST, GET and COOKIE data sanitized
DEBUG - 2022-12-23 10:40:12 --> Config file loaded: /hwonpark/www/application/config/tree.php
DEBUG - 2022-12-23 10:40:12 --> Encryption: Auto-configured driver 'openssl'.
DEBUG - 2022-12-23 10:40:12 --> Encryption class already loaded. Second attempt ignored.
DEBUG - 2022-12-23 10:40:12 --> Total execution time: 0.0608
DEBUG - 2022-12-23 10:40:19 --> UTF-8 Support Enabled
DEBUG - 2022-12-23 10:40:19 --> Global POST, GET and COOKIE data sanitized
DEBUG - 2022-12-23 10:40:19 --> Config file loaded: /hwonpark/www/application/config/tree.php
DEBUG - 2022-12-23 10:40:19 --> Encryption: Auto-configured driver 'openssl'.
DEBUG - 2022-12-23 10:40:19 --> Total execution time: 0.0394
DEBUG - 2022-12-23 10:40:21 --> UTF-8 Support Enabled
DEBUG - 2022-12-23 10:40:21 --> Global POST, GET and COOKIE data sanitized
DEBUG - 2022-12-23 10:40:21 --> Config file loaded: /hwonpark/www/application/config/tree.php
DEBUG - 2022-12-23 10:40:21 --> Encryption: Auto-configured driver 'openssl'.
DEBUG - 2022-12-23 10:40:21 --> Total execution time: 0.0401
DEBUG - 2022-12-23 10:40:26 --> UTF-8 Support Enabled
DEBUG - 2022-12-23 10:40:26 --> Global POST, GET and COOKIE data sanitized
DEBUG - 2022-12-23 10:40:26 --> Config file loaded: /hwonpark/www/application/config/tree.php
DEBUG - 2022-12-23 10:40:26 --> Encryption: Auto-configured driver 'openssl'.
DEBUG - 2022-12-23 10:40:26 --> Total execution time: 0.0620
DEBUG - 2022-12-23 10:40:45 --> UTF-8 Support Enabled
DEBUG - 2022-12-23 10:40:45 --> Global POST, GET and COOKIE data sanitized
DEBUG - 2022-12-23 10:40:45 --> Config file loaded: /hwonpark/www/application/config/tree.php
DEBUG - 2022-12-23 10:40:45 --> Encryption: Auto-configured driver 'openssl'.
DEBUG - 2022-12-23 10:40:45 --> Total execution time: 0.0462
DEBUG - 2022-12-23 10:42:43 --> UTF-8 Support Enabled
DEBUG - 2022-12-23 10:42:43 --> Global POST, GET and COOKIE data sanitized
DEBUG - 2022-12-23 10:42:43 --> Config file loaded: /hwonpark/www/application/config/tree.php
DEBUG - 2022-12-23 10:42:43 --> Encryption: Auto-configured driver 'openssl'.
DEBUG - 2022-12-23 10:42:44 --> UTF-8 Support Enabled
DEBUG - 2022-12-23 10:42:44 --> Global POST, GET and COOKIE data sanitized
DEBUG - 2022-12-23 10:42:44 --> Config file loaded: /hwonpark/www/application/config/tree.php
DEBUG - 2022-12-23 10:42:44 --> Encryption: Auto-configured driver 'openssl'.
DEBUG - 2022-12-23 10:42:44 --> Total execution time: 0.0847
DEBUG - 2022-12-23 10:43:16 --> UTF-8 Support Enabled
DEBUG - 2022-12-23 10:43:16 --> Global POST, GET and COOKIE data sanitized
DEBUG - 2022-12-23 10:43:16 --> Config file loaded: /hwonpark/www/application/config/tree.php
DEBUG - 2022-12-23 10:43:17 --> Encryption: Auto-configured driver 'openssl'.
DEBUG - 2022-12-23 10:43:17 --> Total execution time: 0.0372
DEBUG - 2022-12-23 10:52:18 --> UTF-8 Support Enabled
DEBUG - 2022-12-23 10:52:18 --> Global POST, GET and COOKIE data sanitized
DEBUG - 2022-12-23 10:52:18 --> Config file loaded: /hwonpark/www/application/config/tree.php
DEBUG - 2022-12-23 10:52:18 --> Encryption: Auto-configured driver 'openssl'.
DEBUG - 2022-12-23 10:52:18 --> Total execution time: 0.0747
DEBUG - 2022-12-23 10:52:20 --> UTF-8 Support Enabled
DEBUG - 2022-12-23 10:52:20 --> Global POST, GET and COOKIE data sanitized
DEBUG - 2022-12-23 10:52:20 --> Config file loaded: /hwonpark/www/application/config/tree.php
DEBUG - 2022-12-23 10:52:20 --> Encryption: Auto-configured driver 'openssl'.
DEBUG - 2022-12-23 10:52:20 --> Total execution time: 0.0497
DEBUG - 2022-12-23 10:52:21 --> UTF-8 Support Enabled
DEBUG - 2022-12-23 10:52:21 --> Global POST, GET and COOKIE data sanitized
DEBUG - 2022-12-23 10:52:21 --> Config file loaded: /hwonpark/www/application/config/tree.php
DEBUG - 2022-12-23 10:52:21 --> Encryption: Auto-configured driver 'openssl'.
DEBUG - 2022-12-23 10:52:21 --> Total execution time: 0.0380
DEBUG - 2022-12-23 10:52:23 --> UTF-8 Support Enabled
DEBUG - 2022-12-23 10:52:23 --> Global POST, GET and COOKIE data sanitized
DEBUG - 2022-12-23 10:52:23 --> Config file loaded: /hwonpark/www/application/config/tree.php
DEBUG - 2022-12-23 10:52:23 --> Encryption: Auto-configured driver 'openssl'.
DEBUG - 2022-12-23 10:52:23 --> Total execution time: 0.0418
DEBUG - 2022-12-23 10:52:24 --> UTF-8 Support Enabled
DEBUG - 2022-12-23 10:52:24 --> Global POST, GET and COOKIE data sanitized
DEBUG - 2022-12-23 10:52:24 --> Config file loaded: /hwonpark/www/application/config/tree.php
DEBUG - 2022-12-23 10:52:24 --> Encryption: Auto-configured driver 'openssl'.
DEBUG - 2022-12-23 10:52:24 --> Total execution time: 0.0595
DEBUG - 2022-12-23 10:52:58 --> UTF-8 Support Enabled
DEBUG - 2022-12-23 10:52:58 --> Global POST, GET and COOKIE data sanitized
DEBUG - 2022-12-23 10:52:58 --> Config file loaded: /hwonpark/www/application/config/tree.php
DEBUG - 2022-12-23 10:52:58 --> Encryption: Auto-configured driver 'openssl'.
DEBUG - 2022-12-23 10:52:58 --> Total execution time: 0.0364
DEBUG - 2022-12-23 10:55:18 --> UTF-8 Support Enabled
DEBUG - 2022-12-23 10:55:18 --> Global POST, GET and COOKIE data sanitized
DEBUG - 2022-12-23 10:55:18 --> Config file loaded: /hwonpark/www/application/config/tree.php
DEBUG - 2022-12-23 10:55:18 --> Total execution time: 0.0493
DEBUG - 2022-12-23 10:55:25 --> UTF-8 Support Enabled
DEBUG - 2022-12-23 10:55:25 --> Global POST, GET and COOKIE data sanitized
DEBUG - 2022-12-23 10:55:25 --> Config file loaded: /hwonpark/www/application/config/tree.php
DEBUG - 2022-12-23 10:55:26 --> UTF-8 Support Enabled
DEBUG - 2022-12-23 10:55:26 --> Global POST, GET and COOKIE data sanitized
DEBUG - 2022-12-23 10:55:26 --> Config file loaded: /hwonpark/www/application/config/tree.php
DEBUG - 2022-12-23 10:55:26 --> Encryption: Auto-configured driver 'openssl'.
DEBUG - 2022-12-23 10:55:26 --> UTF-8 Support Enabled
DEBUG - 2022-12-23 10:55:26 --> Global POST, GET and COOKIE data sanitized
DEBUG - 2022-12-23 10:55:26 --> Config file loaded: /hwonpark/www/application/config/tree.php
DEBUG - 2022-12-23 10:55:26 --> Encryption: Auto-configured driver 'openssl'.
DEBUG - 2022-12-23 10:55:26 --> Encryption class already loaded. Second attempt ignored.
DEBUG - 2022-12-23 10:55:26 --> Total execution time: 0.0398
DEBUG - 2022-12-23 10:55:28 --> UTF-8 Support Enabled
DEBUG - 2022-12-23 10:55:28 --> Global POST, GET and COOKIE data sanitized
DEBUG - 2022-12-23 10:55:28 --> Config file loaded: /hwonpark/www/application/config/tree.php
DEBUG - 2022-12-23 10:55:28 --> Encryption: Auto-configured driver 'openssl'.
DEBUG - 2022-12-23 10:55:28 --> Total execution time: 0.0452
DEBUG - 2022-12-23 10:55:35 --> UTF-8 Support Enabled
DEBUG - 2022-12-23 10:55:35 --> Global POST, GET and COOKIE data sanitized
DEBUG - 2022-12-23 10:55:35 --> Config file loaded: /hwonpark/www/application/config/tree.php
DEBUG - 2022-12-23 10:55:35 --> Encryption: Auto-configured driver 'openssl'.
DEBUG - 2022-12-23 10:55:35 --> Total execution time: 0.0707
DEBUG - 2022-12-23 10:55:52 --> UTF-8 Support Enabled
DEBUG - 2022-12-23 10:55:52 --> Global POST, GET and COOKIE data sanitized
DEBUG - 2022-12-23 10:55:53 --> Config file loaded: /hwonpark/www/application/config/tree.php
DEBUG - 2022-12-23 10:55:53 --> Encryption: Auto-configured driver 'openssl'.
DEBUG - 2022-12-23 10:55:53 --> Total execution time: 0.0451
DEBUG - 2022-12-23 10:56:13 --> UTF-8 Support Enabled
DEBUG - 2022-12-23 10:56:13 --> Global POST, GET and COOKIE data sanitized
DEBUG - 2022-12-23 10:56:13 --> Config file loaded: /hwonpark/www/application/config/tree.php
DEBUG - 2022-12-23 10:56:13 --> Encryption: Auto-configured driver 'openssl'.
DEBUG - 2022-12-23 10:56:13 --> Total execution time: 0.0673
DEBUG - 2022-12-23 10:56:22 --> UTF-8 Support Enabled
DEBUG - 2022-12-23 10:56:22 --> Global POST, GET and COOKIE data sanitized
DEBUG - 2022-12-23 10:56:22 --> Config file loaded: /hwonpark/www/application/config/tree.php
DEBUG - 2022-12-23 10:56:22 --> Encryption: Auto-configured driver 'openssl'.
DEBUG - 2022-12-23 10:56:22 --> UTF-8 Support Enabled
DEBUG - 2022-12-23 10:56:22 --> Global POST, GET and COOKIE data sanitized
DEBUG - 2022-12-23 10:56:22 --> Config file loaded: /hwonpark/www/application/config/tree.php
DEBUG - 2022-12-23 10:56:22 --> Encryption: Auto-configured driver 'openssl'.
DEBUG - 2022-12-23 10:56:22 --> Encryption class already loaded. Second attempt ignored.
DEBUG - 2022-12-23 10:56:22 --> Total execution time: 0.0407
DEBUG - 2022-12-23 10:56:24 --> UTF-8 Support Enabled
DEBUG - 2022-12-23 10:56:24 --> Global POST, GET and COOKIE data sanitized
DEBUG - 2022-12-23 10:56:24 --> Config file loaded: /hwonpark/www/application/config/tree.php
DEBUG - 2022-12-23 10:56:24 --> Encryption: Auto-configured driver 'openssl'.
DEBUG - 2022-12-23 10:56:24 --> Total execution time: 0.0404
DEBUG - 2022-12-23 10:56:25 --> UTF-8 Support Enabled
DEBUG - 2022-12-23 10:56:25 --> Global POST, GET and COOKIE data sanitized
DEBUG - 2022-12-23 10:56:25 --> Config file loaded: /hwonpark/www/application/config/tree.php
DEBUG - 2022-12-23 10:56:25 --> Encryption: Auto-configured driver 'openssl'.
DEBUG - 2022-12-23 10:56:25 --> Total execution time: 0.0502
DEBUG - 2022-12-23 10:56:28 --> UTF-8 Support Enabled
DEBUG - 2022-12-23 10:56:28 --> Global POST, GET and COOKIE data sanitized
DEBUG - 2022-12-23 10:56:28 --> Config file loaded: /hwonpark/www/application/config/tree.php
DEBUG - 2022-12-23 10:56:28 --> Encryption: Auto-configured driver 'openssl'.
DEBUG - 2022-12-23 10:56:28 --> Total execution time: 0.0596
DEBUG - 2022-12-23 10:57:03 --> UTF-8 Support Enabled
DEBUG - 2022-12-23 10:57:03 --> Global POST, GET and COOKIE data sanitized
DEBUG - 2022-12-23 10:57:03 --> Config file loaded: /hwonpark/www/application/config/tree.php
DEBUG - 2022-12-23 10:57:03 --> Encryption: Auto-configured driver 'openssl'.
DEBUG - 2022-12-23 10:57:04 --> UTF-8 Support Enabled
DEBUG - 2022-12-23 10:57:04 --> Global POST, GET and COOKIE data sanitized
DEBUG - 2022-12-23 10:57:04 --> Config file loaded: /hwonpark/www/application/config/tree.php
DEBUG - 2022-12-23 10:57:04 --> Encryption: Auto-configured driver 'openssl'.
DEBUG - 2022-12-23 10:57:04 --> Total execution time: 0.0375
DEBUG - 2022-12-23 13:37:47 --> UTF-8 Support Enabled
DEBUG - 2022-12-23 13:37:47 --> Global POST, GET and COOKIE data sanitized
DEBUG - 2022-12-23 13:37:47 --> Config file loaded: /hwonpark/www/application/config/tree.php
DEBUG - 2022-12-23 13:37:47 --> Total execution time: 0.2356
DEBUG - 2022-12-23 13:51:40 --> UTF-8 Support Enabled
DEBUG - 2022-12-23 13:51:40 --> Global POST, GET and COOKIE data sanitized
DEBUG - 2022-12-23 13:51:40 --> Config file loaded: /hwonpark/www/application/config/tree.php
DEBUG - 2022-12-23 13:51:40 --> Total execution time: 0.0638
DEBUG - 2022-12-23 13:51:43 --> UTF-8 Support Enabled
DEBUG - 2022-12-23 13:51:43 --> No URI present. Default controller set.
DEBUG - 2022-12-23 13:51:43 --> Global POST, GET and COOKIE data sanitized
DEBUG - 2022-12-23 13:51:43 --> Config file loaded: /hwonpark/www/application/config/tree.php
DEBUG - 2022-12-23 13:51:43 --> Total execution time: 0.0687
DEBUG - 2022-12-23 13:52:21 --> UTF-8 Support Enabled
DEBUG - 2022-12-23 13:52:21 --> Global POST, GET and COOKIE data sanitized
DEBUG - 2022-12-23 13:52:21 --> Config file loaded: /hwonpark/www/application/config/tree.php
DEBUG - 2022-12-23 13:52:21 --> Total execution time: 0.0779
DEBUG - 2022-12-23 13:52:41 --> UTF-8 Support Enabled
DEBUG - 2022-12-23 13:52:41 --> Global POST, GET and COOKIE data sanitized
DEBUG - 2022-12-23 13:52:41 --> Config file loaded: /hwonpark/www/application/config/tree.php
DEBUG - 2022-12-23 13:52:41 --> Total execution time: 0.0715
DEBUG - 2022-12-23 13:53:31 --> UTF-8 Support Enabled
DEBUG - 2022-12-23 13:53:31 --> No URI present. Default controller set.
DEBUG - 2022-12-23 13:53:31 --> Global POST, GET and COOKIE data sanitized
DEBUG - 2022-12-23 13:53:31 --> Config file loaded: /hwonpark/www/application/config/tree.php
DEBUG - 2022-12-23 13:53:31 --> Total execution time: 0.0335
DEBUG - 2022-12-23 13:53:36 --> UTF-8 Support Enabled
DEBUG - 2022-12-23 13:53:36 --> No URI present. Default controller set.
DEBUG - 2022-12-23 13:53:36 --> Global POST, GET and COOKIE data sanitized
DEBUG - 2022-12-23 13:53:36 --> Config file loaded: /hwonpark/www/application/config/tree.php
DEBUG - 2022-12-23 13:53:36 --> Total execution time: 0.0290
DEBUG - 2022-12-23 13:53:44 --> UTF-8 Support Enabled
DEBUG - 2022-12-23 13:53:44 --> Global POST, GET and COOKIE data sanitized
DEBUG - 2022-12-23 13:53:44 --> Config file loaded: /hwonpark/www/application/config/tree.php
DEBUG - 2022-12-23 13:53:44 --> Total execution time: 0.0407
DEBUG - 2022-12-23 13:53:45 --> UTF-8 Support Enabled
DEBUG - 2022-12-23 13:53:45 --> Global POST, GET and COOKIE data sanitized
DEBUG - 2022-12-23 13:53:45 --> Config file loaded: /hwonpark/www/application/config/tree.php
DEBUG - 2022-12-23 13:53:45 --> Total execution time: 0.0362
DEBUG - 2022-12-23 13:53:47 --> UTF-8 Support Enabled
DEBUG - 2022-12-23 13:53:47 --> Global POST, GET and COOKIE data sanitized
DEBUG - 2022-12-23 13:53:47 --> Config file loaded: /hwonpark/www/application/config/tree.php
DEBUG - 2022-12-23 13:53:47 --> Total execution time: 0.0370
DEBUG - 2022-12-23 15:21:44 --> UTF-8 Support Enabled
DEBUG - 2022-12-23 15:21:44 --> Global POST, GET and COOKIE data sanitized
DEBUG - 2022-12-23 15:21:44 --> Config file loaded: /hwonpark/www/application/config/tree.php
DEBUG - 2022-12-23 15:21:44 --> Total execution time: 0.2457
DEBUG - 2022-12-23 15:38:14 --> UTF-8 Support Enabled
DEBUG - 2022-12-23 15:38:14 --> Global POST, GET and COOKIE data sanitized
DEBUG - 2022-12-23 15:38:14 --> Config file loaded: /hwonpark/www/application/config/tree.php
DEBUG - 2022-12-23 15:38:14 --> Total execution time: 0.0336
DEBUG - 2022-12-23 15:38:21 --> UTF-8 Support Enabled
DEBUG - 2022-12-23 15:38:21 --> Global POST, GET and COOKIE data sanitized
DEBUG - 2022-12-23 15:38:21 --> Config file loaded: /hwonpark/www/application/config/tree.php
DEBUG - 2022-12-23 15:38:23 --> UTF-8 Support Enabled
DEBUG - 2022-12-23 15:38:23 --> Global POST, GET and COOKIE data sanitized
DEBUG - 2022-12-23 15:38:23 --> Config file loaded: /hwonpark/www/application/config/tree.php
DEBUG - 2022-12-23 15:38:23 --> Encryption: Auto-configured driver 'openssl'.
DEBUG - 2022-12-23 15:38:23 --> UTF-8 Support Enabled
DEBUG - 2022-12-23 15:38:23 --> Global POST, GET and COOKIE data sanitized
DEBUG - 2022-12-23 15:38:23 --> Config file loaded: /hwonpark/www/application/config/tree.php
DEBUG - 2022-12-23 15:38:23 --> Encryption: Auto-configured driver 'openssl'.
DEBUG - 2022-12-23 15:38:23 --> Encryption class already loaded. Second attempt ignored.
DEBUG - 2022-12-23 15:38:23 --> Total execution time: 0.0474
DEBUG - 2022-12-23 15:38:25 --> UTF-8 Support Enabled
DEBUG - 2022-12-23 15:38:25 --> Global POST, GET and COOKIE data sanitized
DEBUG - 2022-12-23 15:38:25 --> Config file loaded: /hwonpark/www/application/config/tree.php
DEBUG - 2022-12-23 15:38:25 --> Encryption: Auto-configured driver 'openssl'.
DEBUG - 2022-12-23 15:38:25 --> Total execution time: 0.0390
DEBUG - 2022-12-23 15:43:44 --> UTF-8 Support Enabled
DEBUG - 2022-12-23 15:43:44 --> Global POST, GET and COOKIE data sanitized
DEBUG - 2022-12-23 15:43:44 --> Config file loaded: /hwonpark/www/application/config/tree.php
DEBUG - 2022-12-23 15:43:44 --> Total execution time: 0.0687
DEBUG - 2022-12-23 15:44:09 --> UTF-8 Support Enabled
DEBUG - 2022-12-23 15:44:09 --> No URI present. Default controller set.
DEBUG - 2022-12-23 15:44:09 --> Global POST, GET and COOKIE data sanitized
ERROR - 2022-12-23 15:44:09 --> 404 Page Not Found: ERROR : url is wrong
DEBUG - 2022-12-23 15:45:15 --> UTF-8 Support Enabled
DEBUG - 2022-12-23 15:45:15 --> No URI present. Default controller set.
DEBUG - 2022-12-23 15:45:15 --> Global POST, GET and COOKIE data sanitized
ERROR - 2022-12-23 15:45:15 --> 404 Page Not Found: ERROR : url is wrong
DEBUG - 2022-12-23 15:47:56 --> UTF-8 Support Enabled
DEBUG - 2022-12-23 15:47:56 --> No URI present. Default controller set.
DEBUG - 2022-12-23 15:47:56 --> Global POST, GET and COOKIE data sanitized
ERROR - 2022-12-23 15:47:56 --> 404 Page Not Found: ERROR : url is wrong
DEBUG - 2022-12-23 15:51:26 --> UTF-8 Support Enabled
DEBUG - 2022-12-23 15:51:26 --> No URI present. Default controller set.
DEBUG - 2022-12-23 15:51:26 --> Global POST, GET and COOKIE data sanitized
ERROR - 2022-12-23 15:51:26 --> 404 Page Not Found: ERROR : url is wrong
DEBUG - 2022-12-23 15:55:01 --> UTF-8 Support Enabled
DEBUG - 2022-12-23 15:55:01 --> No URI present. Default controller set.
DEBUG - 2022-12-23 15:55:01 --> Global POST, GET and COOKIE data sanitized
ERROR - 2022-12-23 15:55:01 --> 404 Page Not Found: ERROR : url is wrong
DEBUG - 2022-12-23 15:58:25 --> UTF-8 Support Enabled
DEBUG - 2022-12-23 15:58:25 --> No URI present. Default controller set.
DEBUG - 2022-12-23 15:58:25 --> Global POST, GET and COOKIE data sanitized
ERROR - 2022-12-23 15:58:25 --> 404 Page Not Found: ERROR : url is wrong
DEBUG - 2022-12-23 17:41:49 --> UTF-8 Support Enabled
DEBUG - 2022-12-23 17:41:49 --> No URI present. Default controller set.
DEBUG - 2022-12-23 17:41:49 --> Global POST, GET and COOKIE data sanitized
DEBUG - 2022-12-23 17:41:49 --> Config file loaded: /hwonpark/www/application/config/tree.php
DEBUG - 2022-12-23 17:41:49 --> Total execution time: 0.0448
DEBUG - 2022-12-23 17:42:22 --> UTF-8 Support Enabled
DEBUG - 2022-12-23 17:42:22 --> No URI present. Default controller set.
DEBUG - 2022-12-23 17:42:22 --> Global POST, GET and COOKIE data sanitized
DEBUG - 2022-12-23 17:42:22 --> Config file loaded: /hwonpark/www/application/config/tree.php
DEBUG - 2022-12-23 17:42:22 --> Total execution time: 0.0633
DEBUG - 2022-12-23 17:42:23 --> UTF-8 Support Enabled
DEBUG - 2022-12-23 17:42:23 --> Global POST, GET and COOKIE data sanitized
ERROR - 2022-12-23 17:42:23 --> 404 Page Not Found: Faviconico/index
DEBUG - 2022-12-23 18:33:02 --> UTF-8 Support Enabled
DEBUG - 2022-12-23 18:33:02 --> No URI present. Default controller set.
DEBUG - 2022-12-23 18:33:02 --> Global POST, GET and COOKIE data sanitized
DEBUG - 2022-12-23 18:33:02 --> Config file loaded: /hwonpark/www/application/config/tree.php
DEBUG - 2022-12-23 18:33:02 --> Total execution time: 0.0333
DEBUG - 2022-12-23 18:33:03 --> UTF-8 Support Enabled
DEBUG - 2022-12-23 18:33:03 --> Global POST, GET and COOKIE data sanitized
ERROR - 2022-12-23 18:33:03 --> 404 Page Not Found: Faviconico/index
