DEBUG - 2022-10-14 08:11:29 --> UTF-8 Support Enabled
DEBUG - 2022-10-14 08:11:29 --> No URI present. Default controller set.
DEBUG - 2022-10-14 08:11:29 --> Global POST, GET and COOKIE data sanitized
DEBUG - 2022-10-14 08:11:29 --> Config file loaded: /hwonpark/www/application/config/tree.php
DEBUG - 2022-10-14 08:11:29 --> Total execution time: 0.2417
DEBUG - 2022-10-14 09:52:50 --> UTF-8 Support Enabled
DEBUG - 2022-10-14 09:52:50 --> No URI present. Default controller set.
DEBUG - 2022-10-14 09:52:50 --> Global POST, GET and COOKIE data sanitized
DEBUG - 2022-10-14 09:52:50 --> Config file loaded: /hwonpark/www/application/config/tree.php
DEBUG - 2022-10-14 09:52:50 --> UTF-8 Support Enabled
DEBUG - 2022-10-14 09:52:50 --> No URI present. Default controller set.
DEBUG - 2022-10-14 09:52:50 --> Global POST, GET and COOKIE data sanitized
DEBUG - 2022-10-14 09:52:50 --> Total execution time: 0.0338
DEBUG - 2022-10-14 09:52:50 --> Config file loaded: /hwonpark/www/application/config/tree.php
DEBUG - 2022-10-14 09:52:50 --> UTF-8 Support Enabled
DEBUG - 2022-10-14 09:52:50 --> No URI present. Default controller set.
DEBUG - 2022-10-14 09:52:50 --> Global POST, GET and COOKIE data sanitized
DEBUG - 2022-10-14 09:52:50 --> Total execution time: 0.0313
DEBUG - 2022-10-14 09:52:50 --> Config file loaded: /hwonpark/www/application/config/tree.php
DEBUG - 2022-10-14 09:52:50 --> UTF-8 Support Enabled
DEBUG - 2022-10-14 09:52:50 --> No URI present. Default controller set.
DEBUG - 2022-10-14 09:52:50 --> Global POST, GET and COOKIE data sanitized
DEBUG - 2022-10-14 09:52:50 --> Total execution time: 0.0306
DEBUG - 2022-10-14 09:52:50 --> Config file loaded: /hwonpark/www/application/config/tree.php
DEBUG - 2022-10-14 09:52:50 --> Total execution time: 0.0322
DEBUG - 2022-10-14 10:06:23 --> UTF-8 Support Enabled
DEBUG - 2022-10-14 10:06:23 --> No URI present. Default controller set.
DEBUG - 2022-10-14 10:06:23 --> Global POST, GET and COOKIE data sanitized
DEBUG - 2022-10-14 10:06:23 --> Config file loaded: /hwonpark/www/application/config/tree.php
DEBUG - 2022-10-14 10:06:23 --> Total execution time: 0.0304
DEBUG - 2022-10-14 10:06:24 --> UTF-8 Support Enabled
DEBUG - 2022-10-14 10:06:24 --> Global POST, GET and COOKIE data sanitized
ERROR - 2022-10-14 10:06:24 --> 404 Page Not Found: Faviconico/index
DEBUG - 2022-10-14 10:07:29 --> UTF-8 Support Enabled
DEBUG - 2022-10-14 10:07:29 --> No URI present. Default controller set.
DEBUG - 2022-10-14 10:07:29 --> Global POST, GET and COOKIE data sanitized
DEBUG - 2022-10-14 10:07:29 --> Config file loaded: /hwonpark/www/application/config/tree.php
DEBUG - 2022-10-14 10:07:29 --> Total execution time: 0.0575
DEBUG - 2022-10-14 10:07:29 --> UTF-8 Support Enabled
DEBUG - 2022-10-14 10:07:29 --> No URI present. Default controller set.
DEBUG - 2022-10-14 10:07:29 --> Global POST, GET and COOKIE data sanitized
DEBUG - 2022-10-14 10:07:29 --> UTF-8 Support Enabled
DEBUG - 2022-10-14 10:07:29 --> No URI present. Default controller set.
DEBUG - 2022-10-14 10:07:29 --> Global POST, GET and COOKIE data sanitized
DEBUG - 2022-10-14 10:07:29 --> Config file loaded: /hwonpark/www/application/config/tree.php
DEBUG - 2022-10-14 10:07:29 --> Config file loaded: /hwonpark/www/application/config/tree.php
DEBUG - 2022-10-14 10:07:29 --> Total execution time: 0.0651
DEBUG - 2022-10-14 10:07:29 --> Total execution time: 0.0454
DEBUG - 2022-10-14 10:07:29 --> UTF-8 Support Enabled
DEBUG - 2022-10-14 10:07:29 --> UTF-8 Support Enabled
DEBUG - 2022-10-14 10:07:29 --> No URI present. Default controller set.
DEBUG - 2022-10-14 10:07:29 --> No URI present. Default controller set.
DEBUG - 2022-10-14 10:07:29 --> Global POST, GET and COOKIE data sanitized
DEBUG - 2022-10-14 10:07:29 --> Global POST, GET and COOKIE data sanitized
DEBUG - 2022-10-14 10:07:29 --> Config file loaded: /hwonpark/www/application/config/tree.php
DEBUG - 2022-10-14 10:07:29 --> Config file loaded: /hwonpark/www/application/config/tree.php
DEBUG - 2022-10-14 10:07:29 --> Total execution time: 0.0600
DEBUG - 2022-10-14 10:07:29 --> Total execution time: 0.0631
DEBUG - 2022-10-14 10:07:29 --> UTF-8 Support Enabled
DEBUG - 2022-10-14 10:07:29 --> No URI present. Default controller set.
DEBUG - 2022-10-14 10:07:29 --> Global POST, GET and COOKIE data sanitized
DEBUG - 2022-10-14 10:07:29 --> Config file loaded: /hwonpark/www/application/config/tree.php
DEBUG - 2022-10-14 10:07:29 --> UTF-8 Support Enabled
DEBUG - 2022-10-14 10:07:29 --> No URI present. Default controller set.
DEBUG - 2022-10-14 10:07:29 --> Global POST, GET and COOKIE data sanitized
DEBUG - 2022-10-14 10:07:29 --> Total execution time: 0.0455
DEBUG - 2022-10-14 10:07:29 --> Config file loaded: /hwonpark/www/application/config/tree.php
DEBUG - 2022-10-14 10:07:29 --> Total execution time: 0.0355
DEBUG - 2022-10-14 10:07:29 --> UTF-8 Support Enabled
DEBUG - 2022-10-14 10:07:29 --> No URI present. Default controller set.
DEBUG - 2022-10-14 10:07:29 --> Global POST, GET and COOKIE data sanitized
DEBUG - 2022-10-14 10:07:30 --> Config file loaded: /hwonpark/www/application/config/tree.php
DEBUG - 2022-10-14 10:07:30 --> Total execution time: 0.0601
DEBUG - 2022-10-14 10:07:30 --> UTF-8 Support Enabled
DEBUG - 2022-10-14 10:07:30 --> No URI present. Default controller set.
DEBUG - 2022-10-14 10:07:30 --> Global POST, GET and COOKIE data sanitized
DEBUG - 2022-10-14 10:07:30 --> Config file loaded: /hwonpark/www/application/config/tree.php
DEBUG - 2022-10-14 10:07:30 --> Total execution time: 0.0422
DEBUG - 2022-10-14 10:07:30 --> UTF-8 Support Enabled
DEBUG - 2022-10-14 10:07:30 --> No URI present. Default controller set.
DEBUG - 2022-10-14 10:07:30 --> Global POST, GET and COOKIE data sanitized
DEBUG - 2022-10-14 10:07:30 --> Config file loaded: /hwonpark/www/application/config/tree.php
DEBUG - 2022-10-14 10:07:30 --> Total execution time: 0.0379
DEBUG - 2022-10-14 10:07:30 --> UTF-8 Support Enabled
DEBUG - 2022-10-14 10:07:30 --> No URI present. Default controller set.
DEBUG - 2022-10-14 10:07:30 --> Global POST, GET and COOKIE data sanitized
DEBUG - 2022-10-14 10:07:30 --> Config file loaded: /hwonpark/www/application/config/tree.php
DEBUG - 2022-10-14 10:07:30 --> Total execution time: 0.0603
DEBUG - 2022-10-14 10:07:31 --> UTF-8 Support Enabled
DEBUG - 2022-10-14 10:07:31 --> No URI present. Default controller set.
DEBUG - 2022-10-14 10:07:31 --> Global POST, GET and COOKIE data sanitized
DEBUG - 2022-10-14 10:07:31 --> Config file loaded: /hwonpark/www/application/config/tree.php
DEBUG - 2022-10-14 10:07:31 --> Total execution time: 0.0428
DEBUG - 2022-10-14 10:07:31 --> UTF-8 Support Enabled
DEBUG - 2022-10-14 10:07:31 --> No URI present. Default controller set.
DEBUG - 2022-10-14 10:07:31 --> Global POST, GET and COOKIE data sanitized
DEBUG - 2022-10-14 10:07:31 --> Config file loaded: /hwonpark/www/application/config/tree.php
DEBUG - 2022-10-14 10:07:31 --> Total execution time: 0.0297
DEBUG - 2022-10-14 10:07:32 --> UTF-8 Support Enabled
DEBUG - 2022-10-14 10:07:32 --> No URI present. Default controller set.
DEBUG - 2022-10-14 10:07:32 --> Global POST, GET and COOKIE data sanitized
DEBUG - 2022-10-14 10:07:32 --> Config file loaded: /hwonpark/www/application/config/tree.php
DEBUG - 2022-10-14 10:07:32 --> Total execution time: 0.0294
DEBUG - 2022-10-14 10:07:34 --> UTF-8 Support Enabled
DEBUG - 2022-10-14 10:07:34 --> No URI present. Default controller set.
DEBUG - 2022-10-14 10:07:34 --> Global POST, GET and COOKIE data sanitized
DEBUG - 2022-10-14 10:07:34 --> Config file loaded: /hwonpark/www/application/config/tree.php
DEBUG - 2022-10-14 10:07:34 --> Total execution time: 0.0296
DEBUG - 2022-10-14 10:07:37 --> UTF-8 Support Enabled
DEBUG - 2022-10-14 10:07:37 --> Global POST, GET and COOKIE data sanitized
DEBUG - 2022-10-14 10:07:37 --> Config file loaded: /hwonpark/www/application/config/tree.php
DEBUG - 2022-10-14 10:07:37 --> Total execution time: 0.0315
DEBUG - 2022-10-14 10:07:38 --> UTF-8 Support Enabled
DEBUG - 2022-10-14 10:07:38 --> Global POST, GET and COOKIE data sanitized
ERROR - 2022-10-14 10:07:38 --> 404 Page Not Found: Faviconico/index
DEBUG - 2022-10-14 10:08:30 --> UTF-8 Support Enabled
DEBUG - 2022-10-14 10:08:30 --> Global POST, GET and COOKIE data sanitized
DEBUG - 2022-10-14 10:08:30 --> Config file loaded: /hwonpark/www/application/config/tree.php
DEBUG - 2022-10-14 10:08:32 --> UTF-8 Support Enabled
DEBUG - 2022-10-14 10:08:32 --> Global POST, GET and COOKIE data sanitized
DEBUG - 2022-10-14 10:08:32 --> Config file loaded: /hwonpark/www/application/config/tree.php
DEBUG - 2022-10-14 10:08:32 --> Encryption: Auto-configured driver 'openssl'.
DEBUG - 2022-10-14 10:08:32 --> UTF-8 Support Enabled
DEBUG - 2022-10-14 10:08:32 --> Global POST, GET and COOKIE data sanitized
DEBUG - 2022-10-14 10:08:32 --> Config file loaded: /hwonpark/www/application/config/tree.php
DEBUG - 2022-10-14 10:08:32 --> Encryption: Auto-configured driver 'openssl'.
DEBUG - 2022-10-14 10:08:32 --> Encryption class already loaded. Second attempt ignored.
DEBUG - 2022-10-14 10:08:32 --> Total execution time: 0.0556
DEBUG - 2022-10-14 10:08:34 --> UTF-8 Support Enabled
DEBUG - 2022-10-14 10:08:34 --> Global POST, GET and COOKIE data sanitized
DEBUG - 2022-10-14 10:08:34 --> Config file loaded: /hwonpark/www/application/config/tree.php
DEBUG - 2022-10-14 10:08:34 --> Encryption: Auto-configured driver 'openssl'.
DEBUG - 2022-10-14 10:08:34 --> Total execution time: 0.0743
DEBUG - 2022-10-14 10:08:37 --> UTF-8 Support Enabled
DEBUG - 2022-10-14 10:08:37 --> Global POST, GET and COOKIE data sanitized
DEBUG - 2022-10-14 10:08:37 --> Config file loaded: /hwonpark/www/application/config/tree.php
DEBUG - 2022-10-14 10:08:37 --> Encryption: Auto-configured driver 'openssl'.
DEBUG - 2022-10-14 10:08:37 --> Total execution time: 0.0638
DEBUG - 2022-10-14 10:08:46 --> UTF-8 Support Enabled
DEBUG - 2022-10-14 10:08:46 --> No URI present. Default controller set.
DEBUG - 2022-10-14 10:08:46 --> Global POST, GET and COOKIE data sanitized
DEBUG - 2022-10-14 10:08:46 --> Config file loaded: /hwonpark/www/application/config/tree.php
DEBUG - 2022-10-14 10:08:46 --> Total execution time: 0.0320
DEBUG - 2022-10-14 10:09:08 --> UTF-8 Support Enabled
DEBUG - 2022-10-14 10:09:08 --> Global POST, GET and COOKIE data sanitized
DEBUG - 2022-10-14 10:09:08 --> Config file loaded: /hwonpark/www/application/config/tree.php
DEBUG - 2022-10-14 10:09:08 --> Encryption: Auto-configured driver 'openssl'.
DEBUG - 2022-10-14 10:09:08 --> Total execution time: 0.0454
DEBUG - 2022-10-14 10:09:11 --> UTF-8 Support Enabled
DEBUG - 2022-10-14 10:09:11 --> Global POST, GET and COOKIE data sanitized
DEBUG - 2022-10-14 10:09:11 --> Config file loaded: /hwonpark/www/application/config/tree.php
DEBUG - 2022-10-14 10:09:11 --> Encryption: Auto-configured driver 'openssl'.
DEBUG - 2022-10-14 10:09:11 --> Total execution time: 0.0382
DEBUG - 2022-10-14 10:09:31 --> UTF-8 Support Enabled
DEBUG - 2022-10-14 10:09:31 --> Global POST, GET and COOKIE data sanitized
DEBUG - 2022-10-14 10:09:31 --> Config file loaded: /hwonpark/www/application/config/tree.php
DEBUG - 2022-10-14 10:09:31 --> Encryption: Auto-configured driver 'openssl'.
DEBUG - 2022-10-14 10:09:33 --> UTF-8 Support Enabled
DEBUG - 2022-10-14 10:09:33 --> Global POST, GET and COOKIE data sanitized
DEBUG - 2022-10-14 10:09:33 --> Config file loaded: /hwonpark/www/application/config/tree.php
DEBUG - 2022-10-14 10:09:33 --> Encryption: Auto-configured driver 'openssl'.
DEBUG - 2022-10-14 10:09:33 --> Total execution time: 0.0360
DEBUG - 2022-10-14 10:44:06 --> UTF-8 Support Enabled
DEBUG - 2022-10-14 10:44:06 --> No URI present. Default controller set.
DEBUG - 2022-10-14 10:44:06 --> Global POST, GET and COOKIE data sanitized
DEBUG - 2022-10-14 10:44:06 --> Config file loaded: /hwonpark/www/application/config/tree.php
DEBUG - 2022-10-14 10:44:06 --> Total execution time: 0.0357
DEBUG - 2022-10-14 10:44:25 --> UTF-8 Support Enabled
DEBUG - 2022-10-14 10:44:25 --> Global POST, GET and COOKIE data sanitized
ERROR - 2022-10-14 10:44:25 --> 404 Page Not Found: Faviconico/index
DEBUG - 2022-10-14 10:44:30 --> UTF-8 Support Enabled
DEBUG - 2022-10-14 10:44:30 --> No URI present. Default controller set.
DEBUG - 2022-10-14 10:44:30 --> Global POST, GET and COOKIE data sanitized
DEBUG - 2022-10-14 10:44:30 --> Config file loaded: /hwonpark/www/application/config/tree.php
DEBUG - 2022-10-14 10:44:30 --> Total execution time: 0.0333
DEBUG - 2022-10-14 11:12:52 --> UTF-8 Support Enabled
DEBUG - 2022-10-14 11:12:52 --> Global POST, GET and COOKIE data sanitized
DEBUG - 2022-10-14 11:12:52 --> Config file loaded: /hwonpark/www/application/config/tree.php
DEBUG - 2022-10-14 11:12:52 --> Total execution time: 0.2051
DEBUG - 2022-10-14 11:12:56 --> UTF-8 Support Enabled
DEBUG - 2022-10-14 11:12:56 --> Global POST, GET and COOKIE data sanitized
DEBUG - 2022-10-14 11:12:56 --> Config file loaded: /hwonpark/www/application/config/tree.php
DEBUG - 2022-10-14 11:12:57 --> UTF-8 Support Enabled
DEBUG - 2022-10-14 11:12:57 --> Global POST, GET and COOKIE data sanitized
DEBUG - 2022-10-14 11:12:57 --> Config file loaded: /hwonpark/www/application/config/tree.php
DEBUG - 2022-10-14 11:12:57 --> Total execution time: 0.0332
DEBUG - 2022-10-14 11:13:01 --> UTF-8 Support Enabled
DEBUG - 2022-10-14 11:13:01 --> Global POST, GET and COOKIE data sanitized
DEBUG - 2022-10-14 11:13:01 --> Config file loaded: /hwonpark/www/application/config/tree.php
DEBUG - 2022-10-14 11:13:01 --> Total execution time: 0.0271
DEBUG - 2022-10-14 11:13:21 --> UTF-8 Support Enabled
DEBUG - 2022-10-14 11:13:21 --> Global POST, GET and COOKIE data sanitized
DEBUG - 2022-10-14 11:13:21 --> Config file loaded: /hwonpark/www/application/config/tree.php
DEBUG - 2022-10-14 11:13:22 --> UTF-8 Support Enabled
DEBUG - 2022-10-14 11:13:22 --> Global POST, GET and COOKIE data sanitized
DEBUG - 2022-10-14 11:13:22 --> Config file loaded: /hwonpark/www/application/config/tree.php
DEBUG - 2022-10-14 11:13:22 --> Encryption: Auto-configured driver 'openssl'.
DEBUG - 2022-10-14 11:13:22 --> UTF-8 Support Enabled
DEBUG - 2022-10-14 11:13:22 --> Global POST, GET and COOKIE data sanitized
DEBUG - 2022-10-14 11:13:22 --> Config file loaded: /hwonpark/www/application/config/tree.php
DEBUG - 2022-10-14 11:13:22 --> Encryption: Auto-configured driver 'openssl'.
DEBUG - 2022-10-14 11:13:22 --> Encryption class already loaded. Second attempt ignored.
DEBUG - 2022-10-14 11:13:22 --> Total execution time: 0.0518
DEBUG - 2022-10-14 11:13:24 --> UTF-8 Support Enabled
DEBUG - 2022-10-14 11:13:24 --> Global POST, GET and COOKIE data sanitized
DEBUG - 2022-10-14 11:13:24 --> Config file loaded: /hwonpark/www/application/config/tree.php
DEBUG - 2022-10-14 11:13:24 --> Encryption: Auto-configured driver 'openssl'.
DEBUG - 2022-10-14 11:13:24 --> Total execution time: 0.0405
DEBUG - 2022-10-14 11:13:59 --> UTF-8 Support Enabled
DEBUG - 2022-10-14 11:13:59 --> Global POST, GET and COOKIE data sanitized
DEBUG - 2022-10-14 11:13:59 --> Config file loaded: /hwonpark/www/application/config/tree.php
DEBUG - 2022-10-14 11:13:59 --> Encryption: Auto-configured driver 'openssl'.
DEBUG - 2022-10-14 11:13:59 --> Total execution time: 0.0353
DEBUG - 2022-10-14 11:14:00 --> UTF-8 Support Enabled
DEBUG - 2022-10-14 11:14:00 --> Global POST, GET and COOKIE data sanitized
DEBUG - 2022-10-14 11:14:00 --> Config file loaded: /hwonpark/www/application/config/tree.php
DEBUG - 2022-10-14 11:14:00 --> Encryption: Auto-configured driver 'openssl'.
DEBUG - 2022-10-14 11:14:00 --> Total execution time: 0.0444
DEBUG - 2022-10-14 11:14:01 --> UTF-8 Support Enabled
DEBUG - 2022-10-14 11:14:01 --> Global POST, GET and COOKIE data sanitized
DEBUG - 2022-10-14 11:14:01 --> Config file loaded: /hwonpark/www/application/config/tree.php
DEBUG - 2022-10-14 11:14:01 --> Encryption: Auto-configured driver 'openssl'.
DEBUG - 2022-10-14 11:14:01 --> Total execution time: 0.0719
DEBUG - 2022-10-14 11:14:02 --> UTF-8 Support Enabled
DEBUG - 2022-10-14 11:14:02 --> Global POST, GET and COOKIE data sanitized
DEBUG - 2022-10-14 11:14:02 --> Config file loaded: /hwonpark/www/application/config/tree.php
DEBUG - 2022-10-14 11:14:02 --> Encryption: Auto-configured driver 'openssl'.
DEBUG - 2022-10-14 11:14:02 --> Total execution time: 0.0505
DEBUG - 2022-10-14 11:14:03 --> UTF-8 Support Enabled
DEBUG - 2022-10-14 11:14:03 --> Global POST, GET and COOKIE data sanitized
DEBUG - 2022-10-14 11:14:03 --> Config file loaded: /hwonpark/www/application/config/tree.php
DEBUG - 2022-10-14 11:14:03 --> Encryption: Auto-configured driver 'openssl'.
DEBUG - 2022-10-14 11:14:03 --> Total execution time: 0.0763
DEBUG - 2022-10-14 11:14:04 --> UTF-8 Support Enabled
DEBUG - 2022-10-14 11:14:04 --> Global POST, GET and COOKIE data sanitized
DEBUG - 2022-10-14 11:14:04 --> Config file loaded: /hwonpark/www/application/config/tree.php
DEBUG - 2022-10-14 11:14:04 --> Encryption: Auto-configured driver 'openssl'.
DEBUG - 2022-10-14 11:14:04 --> Total execution time: 0.0736
DEBUG - 2022-10-14 11:14:05 --> UTF-8 Support Enabled
DEBUG - 2022-10-14 11:14:05 --> Global POST, GET and COOKIE data sanitized
DEBUG - 2022-10-14 11:14:05 --> Config file loaded: /hwonpark/www/application/config/tree.php
DEBUG - 2022-10-14 11:14:05 --> Encryption: Auto-configured driver 'openssl'.
DEBUG - 2022-10-14 11:14:05 --> Total execution time: 0.0432
DEBUG - 2022-10-14 11:14:07 --> UTF-8 Support Enabled
DEBUG - 2022-10-14 11:14:07 --> Global POST, GET and COOKIE data sanitized
DEBUG - 2022-10-14 11:14:07 --> Config file loaded: /hwonpark/www/application/config/tree.php
DEBUG - 2022-10-14 11:14:07 --> Encryption: Auto-configured driver 'openssl'.
DEBUG - 2022-10-14 11:14:07 --> Total execution time: 0.0445
DEBUG - 2022-10-14 11:14:12 --> UTF-8 Support Enabled
DEBUG - 2022-10-14 11:14:12 --> No URI present. Default controller set.
DEBUG - 2022-10-14 11:14:12 --> Global POST, GET and COOKIE data sanitized
DEBUG - 2022-10-14 11:14:12 --> Config file loaded: /hwonpark/www/application/config/tree.php
DEBUG - 2022-10-14 11:14:12 --> Encryption: Auto-configured driver 'openssl'.
DEBUG - 2022-10-14 11:14:12 --> Total execution time: 0.0305
DEBUG - 2022-10-14 13:16:00 --> UTF-8 Support Enabled
DEBUG - 2022-10-14 13:16:00 --> No URI present. Default controller set.
DEBUG - 2022-10-14 13:16:00 --> Global POST, GET and COOKIE data sanitized
DEBUG - 2022-10-14 13:16:01 --> Config file loaded: /hwonpark/www/application/config/tree.php
DEBUG - 2022-10-14 13:16:01 --> Total execution time: 0.1989
DEBUG - 2022-10-14 13:16:03 --> UTF-8 Support Enabled
DEBUG - 2022-10-14 13:16:03 --> Global POST, GET and COOKIE data sanitized
ERROR - 2022-10-14 13:16:03 --> 404 Page Not Found: Faviconico/index
DEBUG - 2022-10-14 13:16:06 --> UTF-8 Support Enabled
DEBUG - 2022-10-14 13:16:06 --> Global POST, GET and COOKIE data sanitized
DEBUG - 2022-10-14 13:16:06 --> Config file loaded: /hwonpark/www/application/config/tree.php
DEBUG - 2022-10-14 13:16:06 --> Total execution time: 0.0862
DEBUG - 2022-10-14 13:16:17 --> UTF-8 Support Enabled
DEBUG - 2022-10-14 13:16:17 --> Global POST, GET and COOKIE data sanitized
DEBUG - 2022-10-14 13:16:17 --> Config file loaded: /hwonpark/www/application/config/tree.php
DEBUG - 2022-10-14 13:16:17 --> Total execution time: 0.0506
DEBUG - 2022-10-14 13:16:19 --> UTF-8 Support Enabled
DEBUG - 2022-10-14 13:16:19 --> Global POST, GET and COOKIE data sanitized
DEBUG - 2022-10-14 13:16:19 --> Config file loaded: /hwonpark/www/application/config/tree.php
DEBUG - 2022-10-14 13:16:19 --> =================== DL_auth-> oauth::CALLBACK - 시작
DEBUG - 2022-10-14 13:16:19 --> =================== DL_auth-> oauth::CALLBACK - kakao param=:: error=
DEBUG - 2022-10-14 13:16:19 --> =================== DL_auth-> oauth::CALLBACK - kakao param=:: state=
DEBUG - 2022-10-14 13:16:19 --> =================== DL_auth-> oauth::CALLBACK - kakao param=:: code=Yr8FceiYSYnNYgfntnphXI51vm7n_gaSTICupyR0EC_47C0mxEAvOrRTiHhsF7PAE6lGIwopb9QAAAGD1LUQag
DEBUG - 2022-10-14 13:16:19 --> =================== DL_auth -> kakao oauth :2: code=Yr8FceiYSYnNYgfntnphXI51vm7n_gaSTICupyR0EC_47C0mxEAvOrRTiHhsF7PAE6lGIwopb9QAAAGD1LUQag
DEBUG - 2022-10-14 13:16:19 --> ====================Dl_auth -> kakao_login :: 시작
DEBUG - 2022-10-14 13:16:19 --> --------------------Dl_auth::kakao_login - 1.토큰요청 시작
DEBUG - 2022-10-14 13:16:19 --> Dl_auth::kakao_login - get_token 시작 n=2
DEBUG - 2022-10-14 13:16:19 --> --------------------Dl_auth::kakao_login - 1.2.토큰요청 시작 -> 기타브라우저
DEBUG - 2022-10-14 13:16:19 --> --------------------Dl_auth::kakao_login - 1.3.토큰요청
DEBUG - 2022-10-14 13:16:19 --> --------------------Dl_auth::kakao_login - 1.4.토큰요청 -> 성공
DEBUG - 2022-10-14 13:16:20 --> UTF-8 Support Enabled
DEBUG - 2022-10-14 13:16:20 --> Global POST, GET and COOKIE data sanitized
DEBUG - 2022-10-14 13:16:20 --> Config file loaded: /hwonpark/www/application/config/tree.php
DEBUG - 2022-10-14 13:16:20 --> =================== DL_auth-> oauth::CALLBACK - 시작
DEBUG - 2022-10-14 13:16:20 --> =================== DL_auth-> oauth::CALLBACK - kakao param=:: error=
DEBUG - 2022-10-14 13:16:20 --> =================== DL_auth-> oauth::CALLBACK - kakao param=:: state=
DEBUG - 2022-10-14 13:16:20 --> =================== DL_auth-> oauth::CALLBACK - kakao param=:: code=Yr8FceiYSYnNYgfntnphXI51vm7n_gaSTICupyR0EC_47C0mxEAvOrRTiHhsF7PAE6lGIwopb9QAAAGD1LUQag
DEBUG - 2022-10-14 13:16:20 --> =================== DL_auth -> kakao oauth :2: code=Yr8FceiYSYnNYgfntnphXI51vm7n_gaSTICupyR0EC_47C0mxEAvOrRTiHhsF7PAE6lGIwopb9QAAAGD1LUQag
DEBUG - 2022-10-14 13:16:20 --> ====================Dl_auth -> kakao_login :: 시작
DEBUG - 2022-10-14 13:16:20 --> ====================Dl_auth::kakao_login - 1.3.5- 사이트 회원정보 업데이트 성공(카카오 인증 완료) state=
DEBUG - 2022-10-14 13:16:21 --> UTF-8 Support Enabled
DEBUG - 2022-10-14 13:16:21 --> Global POST, GET and COOKIE data sanitized
DEBUG - 2022-10-14 13:16:21 --> Config file loaded: /hwonpark/www/application/config/tree.php
DEBUG - 2022-10-14 13:16:21 --> Encryption: Auto-configured driver 'openssl'.
DEBUG - 2022-10-14 13:16:21 --> Total execution time: 0.0364
DEBUG - 2022-10-14 13:16:24 --> UTF-8 Support Enabled
DEBUG - 2022-10-14 13:16:24 --> Global POST, GET and COOKIE data sanitized
DEBUG - 2022-10-14 13:16:24 --> Config file loaded: /hwonpark/www/application/config/tree.php
DEBUG - 2022-10-14 13:16:24 --> Encryption: Auto-configured driver 'openssl'.
DEBUG - 2022-10-14 13:16:24 --> Total execution time: 0.0598
DEBUG - 2022-10-14 13:16:32 --> UTF-8 Support Enabled
DEBUG - 2022-10-14 13:16:32 --> Global POST, GET and COOKIE data sanitized
DEBUG - 2022-10-14 13:16:32 --> Config file loaded: /hwonpark/www/application/config/tree.php
DEBUG - 2022-10-14 13:16:32 --> Encryption: Auto-configured driver 'openssl'.
DEBUG - 2022-10-14 13:16:32 --> Total execution time: 0.0512
DEBUG - 2022-10-14 13:16:39 --> UTF-8 Support Enabled
DEBUG - 2022-10-14 13:16:39 --> Global POST, GET and COOKIE data sanitized
DEBUG - 2022-10-14 13:16:39 --> Config file loaded: /hwonpark/www/application/config/tree.php
DEBUG - 2022-10-14 13:16:39 --> Encryption: Auto-configured driver 'openssl'.
DEBUG - 2022-10-14 13:16:39 --> Total execution time: 0.0578
DEBUG - 2022-10-14 13:16:47 --> UTF-8 Support Enabled
DEBUG - 2022-10-14 13:16:47 --> Global POST, GET and COOKIE data sanitized
DEBUG - 2022-10-14 13:16:47 --> Config file loaded: /hwonpark/www/application/config/tree.php
DEBUG - 2022-10-14 13:16:47 --> Encryption: Auto-configured driver 'openssl'.
DEBUG - 2022-10-14 13:16:47 --> Total execution time: 0.0608
DEBUG - 2022-10-14 13:16:55 --> UTF-8 Support Enabled
DEBUG - 2022-10-14 13:16:55 --> Global POST, GET and COOKIE data sanitized
DEBUG - 2022-10-14 13:16:55 --> Config file loaded: /hwonpark/www/application/config/tree.php
DEBUG - 2022-10-14 13:16:55 --> Encryption: Auto-configured driver 'openssl'.
DEBUG - 2022-10-14 13:16:55 --> Total execution time: 0.0457
DEBUG - 2022-10-14 13:17:49 --> UTF-8 Support Enabled
DEBUG - 2022-10-14 13:17:49 --> Global POST, GET and COOKIE data sanitized
DEBUG - 2022-10-14 13:17:49 --> Config file loaded: /hwonpark/www/application/config/tree.php
DEBUG - 2022-10-14 13:17:49 --> Encryption: Auto-configured driver 'openssl'.
DEBUG - 2022-10-14 13:17:49 --> Total execution time: 0.0452
DEBUG - 2022-10-14 13:17:57 --> UTF-8 Support Enabled
DEBUG - 2022-10-14 13:17:57 --> Global POST, GET and COOKIE data sanitized
DEBUG - 2022-10-14 13:17:57 --> Config file loaded: /hwonpark/www/application/config/tree.php
DEBUG - 2022-10-14 13:17:57 --> Encryption: Auto-configured driver 'openssl'.
DEBUG - 2022-10-14 13:17:57 --> Total execution time: 0.0489
DEBUG - 2022-10-14 14:38:50 --> UTF-8 Support Enabled
DEBUG - 2022-10-14 14:38:50 --> No URI present. Default controller set.
DEBUG - 2022-10-14 14:38:50 --> Global POST, GET and COOKIE data sanitized
DEBUG - 2022-10-14 14:38:50 --> Config file loaded: /hwonpark/www/application/config/tree.php
DEBUG - 2022-10-14 14:38:50 --> Total execution time: 0.0415
DEBUG - 2022-10-14 15:14:27 --> UTF-8 Support Enabled
DEBUG - 2022-10-14 15:14:27 --> Global POST, GET and COOKIE data sanitized
DEBUG - 2022-10-14 15:14:27 --> Config file loaded: /hwonpark/www/application/config/tree.php
DEBUG - 2022-10-14 15:14:31 --> UTF-8 Support Enabled
DEBUG - 2022-10-14 15:14:31 --> Global POST, GET and COOKIE data sanitized
DEBUG - 2022-10-14 15:14:31 --> Config file loaded: /hwonpark/www/application/config/tree.php
DEBUG - 2022-10-14 15:14:31 --> Total execution time: 0.0403
DEBUG - 2022-10-14 16:06:37 --> UTF-8 Support Enabled
DEBUG - 2022-10-14 16:06:37 --> No URI present. Default controller set.
DEBUG - 2022-10-14 16:06:37 --> Global POST, GET and COOKIE data sanitized
DEBUG - 2022-10-14 16:06:37 --> Config file loaded: /hwonpark/www/application/config/tree.php
DEBUG - 2022-10-14 16:06:37 --> Total execution time: 0.0386
DEBUG - 2022-10-14 16:48:20 --> UTF-8 Support Enabled
DEBUG - 2022-10-14 16:48:20 --> No URI present. Default controller set.
DEBUG - 2022-10-14 16:48:20 --> Global POST, GET and COOKIE data sanitized
DEBUG - 2022-10-14 16:48:20 --> Config file loaded: /hwonpark/www/application/config/tree.php
DEBUG - 2022-10-14 16:48:20 --> Total execution time: 0.0804
DEBUG - 2022-10-14 17:20:36 --> UTF-8 Support Enabled
DEBUG - 2022-10-14 17:20:36 --> No URI present. Default controller set.
DEBUG - 2022-10-14 17:20:36 --> Global POST, GET and COOKIE data sanitized
DEBUG - 2022-10-14 17:20:36 --> Config file loaded: /hwonpark/www/application/config/tree.php
DEBUG - 2022-10-14 17:20:36 --> Total execution time: 0.0585
DEBUG - 2022-10-14 17:24:33 --> UTF-8 Support Enabled
DEBUG - 2022-10-14 17:24:33 --> Global POST, GET and COOKIE data sanitized
DEBUG - 2022-10-14 17:24:33 --> Config file loaded: /hwonpark/www/application/config/tree.php
DEBUG - 2022-10-14 17:24:33 --> Total execution time: 0.0596
DEBUG - 2022-10-14 17:24:44 --> UTF-8 Support Enabled
DEBUG - 2022-10-14 17:24:44 --> Global POST, GET and COOKIE data sanitized
DEBUG - 2022-10-14 17:24:44 --> Config file loaded: /hwonpark/www/application/config/tree.php
DEBUG - 2022-10-14 17:24:46 --> UTF-8 Support Enabled
DEBUG - 2022-10-14 17:24:46 --> Global POST, GET and COOKIE data sanitized
DEBUG - 2022-10-14 17:24:46 --> Config file loaded: /hwonpark/www/application/config/tree.php
DEBUG - 2022-10-14 17:24:46 --> Encryption: Auto-configured driver 'openssl'.
DEBUG - 2022-10-14 17:24:46 --> UTF-8 Support Enabled
DEBUG - 2022-10-14 17:24:46 --> Global POST, GET and COOKIE data sanitized
DEBUG - 2022-10-14 17:24:46 --> Config file loaded: /hwonpark/www/application/config/tree.php
DEBUG - 2022-10-14 17:24:46 --> Encryption: Auto-configured driver 'openssl'.
DEBUG - 2022-10-14 17:24:46 --> Encryption class already loaded. Second attempt ignored.
DEBUG - 2022-10-14 17:24:46 --> Total execution time: 0.0580
DEBUG - 2022-10-14 17:24:48 --> UTF-8 Support Enabled
DEBUG - 2022-10-14 17:24:48 --> Global POST, GET and COOKIE data sanitized
DEBUG - 2022-10-14 17:24:48 --> Config file loaded: /hwonpark/www/application/config/tree.php
DEBUG - 2022-10-14 17:24:48 --> Encryption: Auto-configured driver 'openssl'.
DEBUG - 2022-10-14 17:24:48 --> Total execution time: 0.0403
DEBUG - 2022-10-14 17:24:49 --> UTF-8 Support Enabled
DEBUG - 2022-10-14 17:24:49 --> Global POST, GET and COOKIE data sanitized
DEBUG - 2022-10-14 17:24:49 --> Config file loaded: /hwonpark/www/application/config/tree.php
DEBUG - 2022-10-14 17:24:49 --> Encryption: Auto-configured driver 'openssl'.
DEBUG - 2022-10-14 17:24:49 --> Total execution time: 0.0368
DEBUG - 2022-10-14 17:24:51 --> UTF-8 Support Enabled
DEBUG - 2022-10-14 17:24:51 --> Global POST, GET and COOKIE data sanitized
DEBUG - 2022-10-14 17:24:51 --> Config file loaded: /hwonpark/www/application/config/tree.php
DEBUG - 2022-10-14 17:24:51 --> Encryption: Auto-configured driver 'openssl'.
DEBUG - 2022-10-14 17:24:51 --> Total execution time: 0.0859
DEBUG - 2022-10-14 17:24:52 --> UTF-8 Support Enabled
DEBUG - 2022-10-14 17:24:52 --> Global POST, GET and COOKIE data sanitized
DEBUG - 2022-10-14 17:24:52 --> Config file loaded: /hwonpark/www/application/config/tree.php
DEBUG - 2022-10-14 17:24:52 --> Encryption: Auto-configured driver 'openssl'.
DEBUG - 2022-10-14 17:24:52 --> Total execution time: 0.0469
DEBUG - 2022-10-14 17:24:54 --> UTF-8 Support Enabled
DEBUG - 2022-10-14 17:24:54 --> Global POST, GET and COOKIE data sanitized
DEBUG - 2022-10-14 17:24:54 --> Config file loaded: /hwonpark/www/application/config/tree.php
DEBUG - 2022-10-14 17:24:54 --> Encryption: Auto-configured driver 'openssl'.
DEBUG - 2022-10-14 17:24:54 --> Total execution time: 0.0382
DEBUG - 2022-10-14 17:25:03 --> UTF-8 Support Enabled
DEBUG - 2022-10-14 17:25:03 --> Global POST, GET and COOKIE data sanitized
DEBUG - 2022-10-14 17:25:03 --> Config file loaded: /hwonpark/www/application/config/tree.php
DEBUG - 2022-10-14 17:25:03 --> Encryption: Auto-configured driver 'openssl'.
DEBUG - 2022-10-14 17:25:03 --> Total execution time: 0.0376
DEBUG - 2022-10-14 17:25:04 --> UTF-8 Support Enabled
DEBUG - 2022-10-14 17:25:04 --> Global POST, GET and COOKIE data sanitized
DEBUG - 2022-10-14 17:25:04 --> Config file loaded: /hwonpark/www/application/config/tree.php
DEBUG - 2022-10-14 17:25:04 --> Encryption: Auto-configured driver 'openssl'.
DEBUG - 2022-10-14 17:25:04 --> Total execution time: 0.0355
DEBUG - 2022-10-14 17:25:05 --> UTF-8 Support Enabled
DEBUG - 2022-10-14 17:25:05 --> Global POST, GET and COOKIE data sanitized
DEBUG - 2022-10-14 17:25:05 --> Config file loaded: /hwonpark/www/application/config/tree.php
DEBUG - 2022-10-14 17:25:05 --> Encryption: Auto-configured driver 'openssl'.
DEBUG - 2022-10-14 17:25:05 --> Total execution time: 0.0340
DEBUG - 2022-10-14 17:25:06 --> UTF-8 Support Enabled
DEBUG - 2022-10-14 17:25:06 --> Global POST, GET and COOKIE data sanitized
DEBUG - 2022-10-14 17:25:06 --> Config file loaded: /hwonpark/www/application/config/tree.php
DEBUG - 2022-10-14 17:25:06 --> Encryption: Auto-configured driver 'openssl'.
DEBUG - 2022-10-14 17:25:06 --> Total execution time: 0.0423
DEBUG - 2022-10-14 17:25:09 --> UTF-8 Support Enabled
DEBUG - 2022-10-14 17:25:09 --> Global POST, GET and COOKIE data sanitized
DEBUG - 2022-10-14 17:25:09 --> Config file loaded: /hwonpark/www/application/config/tree.php
DEBUG - 2022-10-14 17:25:09 --> Encryption: Auto-configured driver 'openssl'.
DEBUG - 2022-10-14 17:25:09 --> Total execution time: 0.0460
DEBUG - 2022-10-14 17:25:11 --> UTF-8 Support Enabled
DEBUG - 2022-10-14 17:25:11 --> Global POST, GET and COOKIE data sanitized
DEBUG - 2022-10-14 17:25:11 --> Config file loaded: /hwonpark/www/application/config/tree.php
DEBUG - 2022-10-14 17:25:11 --> Encryption: Auto-configured driver 'openssl'.
DEBUG - 2022-10-14 17:25:11 --> Total execution time: 0.0508
DEBUG - 2022-10-14 17:25:16 --> UTF-8 Support Enabled
DEBUG - 2022-10-14 17:25:16 --> Global POST, GET and COOKIE data sanitized
DEBUG - 2022-10-14 17:25:16 --> Config file loaded: /hwonpark/www/application/config/tree.php
DEBUG - 2022-10-14 17:25:16 --> Encryption: Auto-configured driver 'openssl'.
DEBUG - 2022-10-14 17:25:16 --> Encryption class already loaded. Second attempt ignored.
DEBUG - 2022-10-14 17:25:16 --> Total execution time: 0.0369
DEBUG - 2022-10-14 17:25:17 --> UTF-8 Support Enabled
DEBUG - 2022-10-14 17:25:17 --> Global POST, GET and COOKIE data sanitized
DEBUG - 2022-10-14 17:25:17 --> Config file loaded: /hwonpark/www/application/config/tree.php
DEBUG - 2022-10-14 17:25:17 --> Encryption: Auto-configured driver 'openssl'.
DEBUG - 2022-10-14 17:25:17 --> Total execution time: 0.0346
DEBUG - 2022-10-14 17:25:19 --> UTF-8 Support Enabled
DEBUG - 2022-10-14 17:25:19 --> Global POST, GET and COOKIE data sanitized
DEBUG - 2022-10-14 17:25:19 --> Config file loaded: /hwonpark/www/application/config/tree.php
DEBUG - 2022-10-14 17:25:19 --> Encryption: Auto-configured driver 'openssl'.
DEBUG - 2022-10-14 17:25:19 --> Total execution time: 0.0334
DEBUG - 2022-10-14 17:51:13 --> UTF-8 Support Enabled
DEBUG - 2022-10-14 17:51:13 --> Global POST, GET and COOKIE data sanitized
DEBUG - 2022-10-14 17:51:13 --> Config file loaded: /hwonpark/www/application/config/tree.php
DEBUG - 2022-10-14 17:51:13 --> Total execution time: 0.0706
DEBUG - 2022-10-14 17:52:11 --> UTF-8 Support Enabled
DEBUG - 2022-10-14 17:52:11 --> Global POST, GET and COOKIE data sanitized
DEBUG - 2022-10-14 17:52:11 --> Config file loaded: /hwonpark/www/application/config/tree.php
DEBUG - 2022-10-14 17:52:11 --> Total execution time: 0.0499
DEBUG - 2022-10-14 17:52:14 --> UTF-8 Support Enabled
DEBUG - 2022-10-14 17:52:14 --> Global POST, GET and COOKIE data sanitized
DEBUG - 2022-10-14 17:52:14 --> Config file loaded: /hwonpark/www/application/config/tree.php
DEBUG - 2022-10-14 17:52:14 --> Total execution time: 0.0348
DEBUG - 2022-10-14 17:52:19 --> UTF-8 Support Enabled
DEBUG - 2022-10-14 17:52:19 --> Global POST, GET and COOKIE data sanitized
DEBUG - 2022-10-14 17:52:19 --> Config file loaded: /hwonpark/www/application/config/tree.php
DEBUG - 2022-10-14 17:52:21 --> UTF-8 Support Enabled
DEBUG - 2022-10-14 17:52:21 --> Global POST, GET and COOKIE data sanitized
DEBUG - 2022-10-14 17:52:21 --> Config file loaded: /hwonpark/www/application/config/tree.php
DEBUG - 2022-10-14 17:52:21 --> Encryption: Auto-configured driver 'openssl'.
DEBUG - 2022-10-14 17:52:21 --> UTF-8 Support Enabled
DEBUG - 2022-10-14 17:52:21 --> Global POST, GET and COOKIE data sanitized
DEBUG - 2022-10-14 17:52:21 --> Config file loaded: /hwonpark/www/application/config/tree.php
DEBUG - 2022-10-14 17:52:21 --> Encryption: Auto-configured driver 'openssl'.
DEBUG - 2022-10-14 17:52:21 --> Encryption class already loaded. Second attempt ignored.
DEBUG - 2022-10-14 17:52:21 --> Total execution time: 0.0365
DEBUG - 2022-10-14 17:52:22 --> UTF-8 Support Enabled
DEBUG - 2022-10-14 17:52:22 --> Global POST, GET and COOKIE data sanitized
DEBUG - 2022-10-14 17:52:22 --> Config file loaded: /hwonpark/www/application/config/tree.php
DEBUG - 2022-10-14 17:52:22 --> Encryption: Auto-configured driver 'openssl'.
DEBUG - 2022-10-14 17:52:22 --> Total execution time: 0.0350
DEBUG - 2022-10-14 17:52:25 --> UTF-8 Support Enabled
DEBUG - 2022-10-14 17:52:25 --> Global POST, GET and COOKIE data sanitized
DEBUG - 2022-10-14 17:52:25 --> Config file loaded: /hwonpark/www/application/config/tree.php
DEBUG - 2022-10-14 17:52:25 --> Encryption: Auto-configured driver 'openssl'.
DEBUG - 2022-10-14 17:52:25 --> Total execution time: 0.0388
DEBUG - 2022-10-14 17:52:26 --> UTF-8 Support Enabled
DEBUG - 2022-10-14 17:52:26 --> Global POST, GET and COOKIE data sanitized
DEBUG - 2022-10-14 17:52:26 --> Config file loaded: /hwonpark/www/application/config/tree.php
DEBUG - 2022-10-14 17:52:26 --> Encryption: Auto-configured driver 'openssl'.
DEBUG - 2022-10-14 17:52:26 --> Total execution time: 0.0357
DEBUG - 2022-10-14 17:52:33 --> UTF-8 Support Enabled
DEBUG - 2022-10-14 17:52:33 --> Global POST, GET and COOKIE data sanitized
DEBUG - 2022-10-14 17:52:33 --> Config file loaded: /hwonpark/www/application/config/tree.php
DEBUG - 2022-10-14 17:52:33 --> Encryption: Auto-configured driver 'openssl'.
DEBUG - 2022-10-14 17:52:33 --> Total execution time: 0.0492
DEBUG - 2022-10-14 17:52:35 --> UTF-8 Support Enabled
DEBUG - 2022-10-14 17:52:35 --> Global POST, GET and COOKIE data sanitized
DEBUG - 2022-10-14 17:52:35 --> Config file loaded: /hwonpark/www/application/config/tree.php
DEBUG - 2022-10-14 17:52:35 --> Encryption: Auto-configured driver 'openssl'.
DEBUG - 2022-10-14 17:52:35 --> Total execution time: 0.0373
DEBUG - 2022-10-14 17:52:40 --> UTF-8 Support Enabled
DEBUG - 2022-10-14 17:52:40 --> Global POST, GET and COOKIE data sanitized
DEBUG - 2022-10-14 17:52:40 --> Config file loaded: /hwonpark/www/application/config/tree.php
DEBUG - 2022-10-14 17:52:40 --> Encryption: Auto-configured driver 'openssl'.
DEBUG - 2022-10-14 17:52:40 --> Total execution time: 0.0347
DEBUG - 2022-10-14 17:52:42 --> UTF-8 Support Enabled
DEBUG - 2022-10-14 17:52:42 --> Global POST, GET and COOKIE data sanitized
DEBUG - 2022-10-14 17:52:42 --> Config file loaded: /hwonpark/www/application/config/tree.php
DEBUG - 2022-10-14 17:52:42 --> Encryption: Auto-configured driver 'openssl'.
DEBUG - 2022-10-14 17:52:42 --> Total execution time: 0.0868
DEBUG - 2022-10-14 17:52:44 --> UTF-8 Support Enabled
DEBUG - 2022-10-14 17:52:44 --> Global POST, GET and COOKIE data sanitized
DEBUG - 2022-10-14 17:52:44 --> Config file loaded: /hwonpark/www/application/config/tree.php
DEBUG - 2022-10-14 17:52:44 --> Encryption: Auto-configured driver 'openssl'.
DEBUG - 2022-10-14 17:52:44 --> Total execution time: 0.0728
DEBUG - 2022-10-14 17:52:51 --> UTF-8 Support Enabled
DEBUG - 2022-10-14 17:52:51 --> Global POST, GET and COOKIE data sanitized
DEBUG - 2022-10-14 17:52:51 --> Config file loaded: /hwonpark/www/application/config/tree.php
DEBUG - 2022-10-14 17:52:51 --> Encryption: Auto-configured driver 'openssl'.
DEBUG - 2022-10-14 17:52:51 --> UTF-8 Support Enabled
DEBUG - 2022-10-14 17:52:51 --> Global POST, GET and COOKIE data sanitized
DEBUG - 2022-10-14 17:52:51 --> Config file loaded: /hwonpark/www/application/config/tree.php
DEBUG - 2022-10-14 17:52:51 --> Encryption: Auto-configured driver 'openssl'.
DEBUG - 2022-10-14 17:52:51 --> Total execution time: 0.0366
DEBUG - 2022-10-14 17:53:05 --> UTF-8 Support Enabled
DEBUG - 2022-10-14 17:53:05 --> Global POST, GET and COOKIE data sanitized
DEBUG - 2022-10-14 17:53:05 --> Config file loaded: /hwonpark/www/application/config/tree.php
DEBUG - 2022-10-14 17:53:05 --> Encryption: Auto-configured driver 'openssl'.
DEBUG - 2022-10-14 17:53:05 --> Total execution time: 0.0736
