DEBUG - 2022-07-30 10:17:35 --> UTF-8 Support Enabled
DEBUG - 2022-07-30 10:17:35 --> No URI present. Default controller set.
DEBUG - 2022-07-30 10:17:35 --> Global POST, GET and COOKIE data sanitized
DEBUG - 2022-07-30 10:17:35 --> Config file loaded: /hwonpark/www/application/config/tree.php
DEBUG - 2022-07-30 10:17:35 --> Total execution time: 0.2302
DEBUG - 2022-07-30 10:17:36 --> UTF-8 Support Enabled
DEBUG - 2022-07-30 10:17:36 --> Global POST, GET and COOKIE data sanitized
ERROR - 2022-07-30 10:17:36 --> 404 Page Not Found: Faviconico/index
DEBUG - 2022-07-30 10:17:37 --> UTF-8 Support Enabled
DEBUG - 2022-07-30 10:17:37 --> No URI present. Default controller set.
DEBUG - 2022-07-30 10:17:37 --> Global POST, GET and COOKIE data sanitized
DEBUG - 2022-07-30 10:17:37 --> Config file loaded: /hwonpark/www/application/config/tree.php
DEBUG - 2022-07-30 10:17:37 --> Total execution time: 0.0324
DEBUG - 2022-07-30 22:48:02 --> UTF-8 Support Enabled
DEBUG - 2022-07-30 22:48:02 --> No URI present. Default controller set.
DEBUG - 2022-07-30 22:48:02 --> Global POST, GET and COOKIE data sanitized
DEBUG - 2022-07-30 22:48:02 --> Config file loaded: /hwonpark/www/application/config/tree.php
DEBUG - 2022-07-30 22:48:02 --> Total execution time: 0.2381
DEBUG - 2022-07-30 22:48:03 --> UTF-8 Support Enabled
DEBUG - 2022-07-30 22:48:03 --> Global POST, GET and COOKIE data sanitized
ERROR - 2022-07-30 22:48:03 --> 404 Page Not Found: Faviconico/index
