DEBUG - 2022-09-15 07:12:13 --> UTF-8 Support Enabled
DEBUG - 2022-09-15 07:12:13 --> Global POST, GET and COOKIE data sanitized
DEBUG - 2022-09-15 07:12:14 --> Config file loaded: /hwonpark/www/application/config/tree.php
DEBUG - 2022-09-15 07:12:14 --> --------------------DC_common::chk_perm - 1.인가코드요청 시작 -> if 인앱브라우저
DEBUG - 2022-09-15 07:12:14 --> UTF-8 Support Enabled
DEBUG - 2022-09-15 07:12:14 --> Global POST, GET and COOKIE data sanitized
DEBUG - 2022-09-15 07:12:14 --> Config file loaded: /hwonpark/www/application/config/tree.php
DEBUG - 2022-09-15 07:12:14 --> =================== DL_auth-> oauth::CALLBACK - 시작
DEBUG - 2022-09-15 07:12:14 --> =================== DL_auth-> oauth::CALLBACK - kakao param=:: error=
DEBUG - 2022-09-15 07:12:14 --> =================== DL_auth-> oauth::CALLBACK - kakao param=:: state=/ko/pr/view?idx=72
DEBUG - 2022-09-15 07:12:14 --> =================== DL_auth-> oauth::CALLBACK - kakao param=:: code=lLS7cfviqw5Epft_OIOtaUOawpe1cQQY3aXrrxCGZ9NVwUWBnjPP9Q6j4r2B5sQmkISp4Ao9dZwAAAGDPg9P3Q
DEBUG - 2022-09-15 07:12:14 --> =================== DL_auth -> kakao oauth :2: code=lLS7cfviqw5Epft_OIOtaUOawpe1cQQY3aXrrxCGZ9NVwUWBnjPP9Q6j4r2B5sQmkISp4Ao9dZwAAAGDPg9P3Q
DEBUG - 2022-09-15 07:12:14 --> ====================Dl_auth -> kakao_login :: 시작
DEBUG - 2022-09-15 07:12:14 --> --------------------Dl_auth::kakao_login - 1.토큰요청 시작
DEBUG - 2022-09-15 07:12:14 --> Dl_auth::kakao_login - get_token 시작 n=2
DEBUG - 2022-09-15 07:12:14 --> --------------------Dl_auth::kakao_login - 1.2.토큰요청 시작 -> 기타브라우저
DEBUG - 2022-09-15 07:12:14 --> --------------------Dl_auth::kakao_login - 1.3.토큰요청
DEBUG - 2022-09-15 07:12:14 --> --------------------Dl_auth::kakao_login - 1.4.토큰요청 -> 성공
DEBUG - 2022-09-15 07:12:14 --> UTF-8 Support Enabled
DEBUG - 2022-09-15 07:12:14 --> Global POST, GET and COOKIE data sanitized
DEBUG - 2022-09-15 07:12:14 --> Config file loaded: /hwonpark/www/application/config/tree.php
DEBUG - 2022-09-15 07:12:14 --> =================== DL_auth-> oauth::CALLBACK - 시작
DEBUG - 2022-09-15 07:12:14 --> =================== DL_auth-> oauth::CALLBACK - kakao param=:: error=
DEBUG - 2022-09-15 07:12:14 --> =================== DL_auth-> oauth::CALLBACK - kakao param=:: state=/ko/pr/view?idx=72
DEBUG - 2022-09-15 07:12:14 --> =================== DL_auth-> oauth::CALLBACK - kakao param=:: code=lLS7cfviqw5Epft_OIOtaUOawpe1cQQY3aXrrxCGZ9NVwUWBnjPP9Q6j4r2B5sQmkISp4Ao9dZwAAAGDPg9P3Q
DEBUG - 2022-09-15 07:12:14 --> =================== DL_auth -> kakao oauth :2: code=lLS7cfviqw5Epft_OIOtaUOawpe1cQQY3aXrrxCGZ9NVwUWBnjPP9Q6j4r2B5sQmkISp4Ao9dZwAAAGDPg9P3Q
DEBUG - 2022-09-15 07:12:14 --> ====================Dl_auth -> kakao_login :: 시작
DEBUG - 2022-09-15 07:12:14 --> ====================Dl_auth::kakao_login - 1.3.5- 사이트 회원정보 업데이트 성공(카카오 인증 완료) state=/ko/pr/view?idx=72
DEBUG - 2022-09-15 07:12:14 --> UTF-8 Support Enabled
DEBUG - 2022-09-15 07:12:14 --> Global POST, GET and COOKIE data sanitized
DEBUG - 2022-09-15 07:12:14 --> Config file loaded: /hwonpark/www/application/config/tree.php
DEBUG - 2022-09-15 07:12:14 --> Encryption: Auto-configured driver 'openssl'.
DEBUG - 2022-09-15 07:12:14 --> --------------------DC_common::chk_perm - 1.인가코드요청 시작 -> if 인앱브라우저
DEBUG - 2022-09-15 07:12:14 --> Total execution time: 0.1215
DEBUG - 2022-09-15 09:08:14 --> UTF-8 Support Enabled
DEBUG - 2022-09-15 09:08:14 --> Global POST, GET and COOKIE data sanitized
DEBUG - 2022-09-15 09:08:15 --> Config file loaded: /hwonpark/www/application/config/tree.php
DEBUG - 2022-09-15 09:08:15 --> Total execution time: 0.0648
DEBUG - 2022-09-15 09:08:17 --> UTF-8 Support Enabled
DEBUG - 2022-09-15 09:08:17 --> Global POST, GET and COOKIE data sanitized
ERROR - 2022-09-15 09:08:17 --> 404 Page Not Found: Faviconico/index
DEBUG - 2022-09-15 09:08:28 --> UTF-8 Support Enabled
DEBUG - 2022-09-15 09:08:28 --> Global POST, GET and COOKIE data sanitized
DEBUG - 2022-09-15 09:08:28 --> Config file loaded: /hwonpark/www/application/config/tree.php
DEBUG - 2022-09-15 09:08:30 --> UTF-8 Support Enabled
DEBUG - 2022-09-15 09:08:30 --> Global POST, GET and COOKIE data sanitized
DEBUG - 2022-09-15 09:08:30 --> Config file loaded: /hwonpark/www/application/config/tree.php
DEBUG - 2022-09-15 09:08:30 --> Total execution time: 0.0466
DEBUG - 2022-09-15 09:08:38 --> UTF-8 Support Enabled
DEBUG - 2022-09-15 09:08:38 --> Global POST, GET and COOKIE data sanitized
DEBUG - 2022-09-15 09:08:38 --> Config file loaded: /hwonpark/www/application/config/tree.php
DEBUG - 2022-09-15 09:08:40 --> UTF-8 Support Enabled
DEBUG - 2022-09-15 09:08:40 --> Global POST, GET and COOKIE data sanitized
DEBUG - 2022-09-15 09:08:40 --> Config file loaded: /hwonpark/www/application/config/tree.php
DEBUG - 2022-09-15 09:08:40 --> Total execution time: 0.0345
DEBUG - 2022-09-15 09:08:49 --> UTF-8 Support Enabled
DEBUG - 2022-09-15 09:08:49 --> Global POST, GET and COOKIE data sanitized
DEBUG - 2022-09-15 09:08:49 --> Config file loaded: /hwonpark/www/application/config/tree.php
DEBUG - 2022-09-15 09:08:50 --> UTF-8 Support Enabled
DEBUG - 2022-09-15 09:08:50 --> Global POST, GET and COOKIE data sanitized
DEBUG - 2022-09-15 09:08:50 --> Config file loaded: /hwonpark/www/application/config/tree.php
DEBUG - 2022-09-15 09:08:50 --> Encryption: Auto-configured driver 'openssl'.
DEBUG - 2022-09-15 09:08:50 --> UTF-8 Support Enabled
DEBUG - 2022-09-15 09:08:50 --> Global POST, GET and COOKIE data sanitized
DEBUG - 2022-09-15 09:08:50 --> Config file loaded: /hwonpark/www/application/config/tree.php
DEBUG - 2022-09-15 09:08:50 --> Encryption: Auto-configured driver 'openssl'.
DEBUG - 2022-09-15 09:08:50 --> Encryption class already loaded. Second attempt ignored.
DEBUG - 2022-09-15 09:08:50 --> Total execution time: 0.0600
DEBUG - 2022-09-15 09:08:53 --> UTF-8 Support Enabled
DEBUG - 2022-09-15 09:08:53 --> Global POST, GET and COOKIE data sanitized
DEBUG - 2022-09-15 09:08:53 --> Config file loaded: /hwonpark/www/application/config/tree.php
DEBUG - 2022-09-15 09:08:53 --> Encryption: Auto-configured driver 'openssl'.
DEBUG - 2022-09-15 09:08:53 --> Total execution time: 0.0470
DEBUG - 2022-09-15 09:08:54 --> UTF-8 Support Enabled
DEBUG - 2022-09-15 09:08:54 --> Global POST, GET and COOKIE data sanitized
DEBUG - 2022-09-15 09:08:54 --> Config file loaded: /hwonpark/www/application/config/tree.php
DEBUG - 2022-09-15 09:08:54 --> Total execution time: 0.0354
DEBUG - 2022-09-15 09:08:56 --> UTF-8 Support Enabled
DEBUG - 2022-09-15 09:08:56 --> Global POST, GET and COOKIE data sanitized
ERROR - 2022-09-15 09:08:56 --> 404 Page Not Found: Faviconico/index
DEBUG - 2022-09-15 09:09:20 --> UTF-8 Support Enabled
DEBUG - 2022-09-15 09:09:20 --> Global POST, GET and COOKIE data sanitized
DEBUG - 2022-09-15 09:09:20 --> Config file loaded: /hwonpark/www/application/config/tree.php
DEBUG - 2022-09-15 09:09:20 --> Encryption: Auto-configured driver 'openssl'.
DEBUG - 2022-09-15 09:09:20 --> Total execution time: 0.0447
DEBUG - 2022-09-15 09:11:43 --> UTF-8 Support Enabled
DEBUG - 2022-09-15 09:11:43 --> Global POST, GET and COOKIE data sanitized
DEBUG - 2022-09-15 09:11:43 --> Config file loaded: /hwonpark/www/application/config/tree.php
DEBUG - 2022-09-15 09:11:43 --> Total execution time: 0.0432
DEBUG - 2022-09-15 10:14:42 --> UTF-8 Support Enabled
DEBUG - 2022-09-15 10:14:42 --> Global POST, GET and COOKIE data sanitized
DEBUG - 2022-09-15 10:14:42 --> Config file loaded: /hwonpark/www/application/config/tree.php
DEBUG - 2022-09-15 10:14:42 --> Total execution time: 0.0586
DEBUG - 2022-09-15 10:14:44 --> UTF-8 Support Enabled
DEBUG - 2022-09-15 10:14:44 --> No URI present. Default controller set.
DEBUG - 2022-09-15 10:14:44 --> Global POST, GET and COOKIE data sanitized
DEBUG - 2022-09-15 10:14:44 --> Config file loaded: /hwonpark/www/application/config/tree.php
DEBUG - 2022-09-15 10:14:44 --> Total execution time: 0.0320
DEBUG - 2022-09-15 10:14:52 --> UTF-8 Support Enabled
DEBUG - 2022-09-15 10:14:52 --> No URI present. Default controller set.
DEBUG - 2022-09-15 10:14:52 --> Global POST, GET and COOKIE data sanitized
DEBUG - 2022-09-15 10:14:52 --> Config file loaded: /hwonpark/www/application/config/tree.php
DEBUG - 2022-09-15 10:14:52 --> Total execution time: 0.0550
DEBUG - 2022-09-15 10:18:51 --> UTF-8 Support Enabled
DEBUG - 2022-09-15 10:18:51 --> No URI present. Default controller set.
DEBUG - 2022-09-15 10:18:51 --> Global POST, GET and COOKIE data sanitized
DEBUG - 2022-09-15 10:18:51 --> Config file loaded: /hwonpark/www/application/config/tree.php
DEBUG - 2022-09-15 10:18:51 --> Total execution time: 0.0718
DEBUG - 2022-09-15 10:18:51 --> UTF-8 Support Enabled
DEBUG - 2022-09-15 10:18:51 --> No URI present. Default controller set.
DEBUG - 2022-09-15 10:18:51 --> Global POST, GET and COOKIE data sanitized
DEBUG - 2022-09-15 10:18:51 --> Config file loaded: /hwonpark/www/application/config/tree.php
DEBUG - 2022-09-15 10:18:51 --> Total execution time: 0.0295
DEBUG - 2022-09-15 10:21:21 --> UTF-8 Support Enabled
DEBUG - 2022-09-15 10:21:21 --> No URI present. Default controller set.
DEBUG - 2022-09-15 10:21:21 --> Global POST, GET and COOKIE data sanitized
DEBUG - 2022-09-15 10:21:21 --> Config file loaded: /hwonpark/www/application/config/tree.php
DEBUG - 2022-09-15 10:21:21 --> Total execution time: 0.0297
DEBUG - 2022-09-15 10:22:16 --> UTF-8 Support Enabled
DEBUG - 2022-09-15 10:22:16 --> No URI present. Default controller set.
DEBUG - 2022-09-15 10:22:16 --> Global POST, GET and COOKIE data sanitized
DEBUG - 2022-09-15 10:22:16 --> Config file loaded: /hwonpark/www/application/config/tree.php
DEBUG - 2022-09-15 10:22:16 --> Total execution time: 0.0659
DEBUG - 2022-09-15 10:35:20 --> UTF-8 Support Enabled
DEBUG - 2022-09-15 10:35:20 --> No URI present. Default controller set.
DEBUG - 2022-09-15 10:35:20 --> Global POST, GET and COOKIE data sanitized
DEBUG - 2022-09-15 10:35:20 --> Config file loaded: /hwonpark/www/application/config/tree.php
DEBUG - 2022-09-15 10:35:20 --> Total execution time: 0.0321
DEBUG - 2022-09-15 11:11:15 --> UTF-8 Support Enabled
DEBUG - 2022-09-15 11:11:15 --> No URI present. Default controller set.
DEBUG - 2022-09-15 11:11:15 --> Global POST, GET and COOKIE data sanitized
DEBUG - 2022-09-15 11:11:15 --> Config file loaded: /hwonpark/www/application/config/tree.php
DEBUG - 2022-09-15 11:11:15 --> Total execution time: 0.0621
DEBUG - 2022-09-15 11:33:08 --> UTF-8 Support Enabled
DEBUG - 2022-09-15 11:33:08 --> No URI present. Default controller set.
DEBUG - 2022-09-15 11:33:08 --> Global POST, GET and COOKIE data sanitized
DEBUG - 2022-09-15 11:33:08 --> Config file loaded: /hwonpark/www/application/config/tree.php
DEBUG - 2022-09-15 11:33:08 --> Total execution time: 0.0296
DEBUG - 2022-09-15 11:33:10 --> UTF-8 Support Enabled
DEBUG - 2022-09-15 11:33:10 --> No URI present. Default controller set.
DEBUG - 2022-09-15 11:33:10 --> Global POST, GET and COOKIE data sanitized
DEBUG - 2022-09-15 11:33:10 --> Config file loaded: /hwonpark/www/application/config/tree.php
DEBUG - 2022-09-15 11:33:10 --> Total execution time: 0.0439
DEBUG - 2022-09-15 11:33:14 --> UTF-8 Support Enabled
DEBUG - 2022-09-15 11:33:14 --> No URI present. Default controller set.
DEBUG - 2022-09-15 11:33:14 --> Global POST, GET and COOKIE data sanitized
DEBUG - 2022-09-15 11:33:14 --> Config file loaded: /hwonpark/www/application/config/tree.php
DEBUG - 2022-09-15 11:33:14 --> Total execution time: 0.0285
DEBUG - 2022-09-15 11:33:19 --> UTF-8 Support Enabled
DEBUG - 2022-09-15 11:33:19 --> Global POST, GET and COOKIE data sanitized
DEBUG - 2022-09-15 11:33:19 --> Config file loaded: /hwonpark/www/application/config/tree.php
DEBUG - 2022-09-15 11:33:19 --> Total execution time: 0.0219
DEBUG - 2022-09-15 11:33:21 --> UTF-8 Support Enabled
DEBUG - 2022-09-15 11:33:21 --> Global POST, GET and COOKIE data sanitized
DEBUG - 2022-09-15 11:33:21 --> Config file loaded: /hwonpark/www/application/config/tree.php
DEBUG - 2022-09-15 11:33:21 --> Total execution time: 0.0447
DEBUG - 2022-09-15 11:40:58 --> UTF-8 Support Enabled
DEBUG - 2022-09-15 11:40:58 --> Global POST, GET and COOKIE data sanitized
DEBUG - 2022-09-15 11:40:58 --> Config file loaded: /hwonpark/www/application/config/tree.php
DEBUG - 2022-09-15 11:40:58 --> Total execution time: 0.0177
DEBUG - 2022-09-15 15:58:26 --> UTF-8 Support Enabled
DEBUG - 2022-09-15 15:58:26 --> No URI present. Default controller set.
DEBUG - 2022-09-15 15:58:26 --> Global POST, GET and COOKIE data sanitized
DEBUG - 2022-09-15 15:58:26 --> Config file loaded: /hwonpark/www/application/config/tree.php
DEBUG - 2022-09-15 15:58:26 --> Total execution time: 0.2140
DEBUG - 2022-09-15 15:58:27 --> UTF-8 Support Enabled
DEBUG - 2022-09-15 15:58:27 --> Global POST, GET and COOKIE data sanitized
ERROR - 2022-09-15 15:58:27 --> 404 Page Not Found: Faviconico/index
DEBUG - 2022-09-15 16:07:06 --> UTF-8 Support Enabled
DEBUG - 2022-09-15 16:07:06 --> No URI present. Default controller set.
DEBUG - 2022-09-15 16:07:06 --> Global POST, GET and COOKIE data sanitized
DEBUG - 2022-09-15 16:07:06 --> Config file loaded: /hwonpark/www/application/config/tree.php
DEBUG - 2022-09-15 16:07:06 --> Total execution time: 0.0330
DEBUG - 2022-09-15 16:07:12 --> UTF-8 Support Enabled
DEBUG - 2022-09-15 16:07:12 --> Global POST, GET and COOKIE data sanitized
ERROR - 2022-09-15 16:07:12 --> 404 Page Not Found: Faviconico/index
DEBUG - 2022-09-15 16:07:35 --> UTF-8 Support Enabled
DEBUG - 2022-09-15 16:07:35 --> Global POST, GET and COOKIE data sanitized
DEBUG - 2022-09-15 16:07:35 --> Config file loaded: /hwonpark/www/application/config/tree.php
DEBUG - 2022-09-15 16:07:35 --> Total execution time: 0.1369
DEBUG - 2022-09-15 16:07:58 --> UTF-8 Support Enabled
DEBUG - 2022-09-15 16:07:58 --> Global POST, GET and COOKIE data sanitized
DEBUG - 2022-09-15 16:07:58 --> Config file loaded: /hwonpark/www/application/config/tree.php
DEBUG - 2022-09-15 16:07:58 --> Total execution time: 0.0459
DEBUG - 2022-09-15 17:54:07 --> UTF-8 Support Enabled
DEBUG - 2022-09-15 17:54:07 --> Global POST, GET and COOKIE data sanitized
DEBUG - 2022-09-15 17:54:07 --> Config file loaded: /hwonpark/www/application/config/tree.php
DEBUG - 2022-09-15 17:54:07 --> Total execution time: 0.0470
DEBUG - 2022-09-15 17:54:08 --> UTF-8 Support Enabled
DEBUG - 2022-09-15 17:54:08 --> Global POST, GET and COOKIE data sanitized
ERROR - 2022-09-15 17:54:08 --> 404 Page Not Found: Faviconico/index
DEBUG - 2022-09-15 17:54:13 --> UTF-8 Support Enabled
DEBUG - 2022-09-15 17:54:13 --> Global POST, GET and COOKIE data sanitized
DEBUG - 2022-09-15 17:54:13 --> Config file loaded: /hwonpark/www/application/config/tree.php
DEBUG - 2022-09-15 17:54:14 --> UTF-8 Support Enabled
DEBUG - 2022-09-15 17:54:14 --> Global POST, GET and COOKIE data sanitized
DEBUG - 2022-09-15 17:54:14 --> Config file loaded: /hwonpark/www/application/config/tree.php
DEBUG - 2022-09-15 17:54:14 --> Encryption: Auto-configured driver 'openssl'.
DEBUG - 2022-09-15 17:54:14 --> UTF-8 Support Enabled
DEBUG - 2022-09-15 17:54:14 --> Global POST, GET and COOKIE data sanitized
DEBUG - 2022-09-15 17:54:14 --> Config file loaded: /hwonpark/www/application/config/tree.php
DEBUG - 2022-09-15 17:54:14 --> Encryption: Auto-configured driver 'openssl'.
DEBUG - 2022-09-15 17:54:14 --> Encryption class already loaded. Second attempt ignored.
DEBUG - 2022-09-15 17:54:14 --> Total execution time: 0.0506
DEBUG - 2022-09-15 17:54:16 --> UTF-8 Support Enabled
DEBUG - 2022-09-15 17:54:16 --> Global POST, GET and COOKIE data sanitized
DEBUG - 2022-09-15 17:54:16 --> Config file loaded: /hwonpark/www/application/config/tree.php
DEBUG - 2022-09-15 17:54:16 --> Encryption: Auto-configured driver 'openssl'.
DEBUG - 2022-09-15 17:54:16 --> Total execution time: 0.0377
DEBUG - 2022-09-15 17:54:18 --> UTF-8 Support Enabled
DEBUG - 2022-09-15 17:54:18 --> Global POST, GET and COOKIE data sanitized
DEBUG - 2022-09-15 17:54:18 --> Config file loaded: /hwonpark/www/application/config/tree.php
DEBUG - 2022-09-15 17:54:18 --> Encryption: Auto-configured driver 'openssl'.
DEBUG - 2022-09-15 17:54:18 --> Total execution time: 0.0424
DEBUG - 2022-09-15 17:54:23 --> UTF-8 Support Enabled
DEBUG - 2022-09-15 17:54:23 --> Global POST, GET and COOKIE data sanitized
DEBUG - 2022-09-15 17:54:23 --> Config file loaded: /hwonpark/www/application/config/tree.php
DEBUG - 2022-09-15 17:54:23 --> Encryption: Auto-configured driver 'openssl'.
DEBUG - 2022-09-15 17:54:23 --> Total execution time: 0.0400
DEBUG - 2022-09-15 17:54:29 --> UTF-8 Support Enabled
DEBUG - 2022-09-15 17:54:29 --> Global POST, GET and COOKIE data sanitized
DEBUG - 2022-09-15 17:54:29 --> Config file loaded: /hwonpark/www/application/config/tree.php
DEBUG - 2022-09-15 17:54:29 --> Encryption: Auto-configured driver 'openssl'.
DEBUG - 2022-09-15 17:54:29 --> Total execution time: 0.0462
DEBUG - 2022-09-15 17:54:32 --> UTF-8 Support Enabled
DEBUG - 2022-09-15 17:54:32 --> Global POST, GET and COOKIE data sanitized
DEBUG - 2022-09-15 17:54:32 --> Config file loaded: /hwonpark/www/application/config/tree.php
DEBUG - 2022-09-15 17:54:32 --> Encryption: Auto-configured driver 'openssl'.
DEBUG - 2022-09-15 17:54:32 --> Total execution time: 0.0368
DEBUG - 2022-09-15 17:54:38 --> UTF-8 Support Enabled
DEBUG - 2022-09-15 17:54:38 --> Global POST, GET and COOKIE data sanitized
DEBUG - 2022-09-15 17:54:38 --> Config file loaded: /hwonpark/www/application/config/tree.php
DEBUG - 2022-09-15 17:54:38 --> Encryption: Auto-configured driver 'openssl'.
DEBUG - 2022-09-15 17:54:38 --> Total execution time: 0.0726
DEBUG - 2022-09-15 17:54:41 --> UTF-8 Support Enabled
DEBUG - 2022-09-15 17:54:41 --> Global POST, GET and COOKIE data sanitized
DEBUG - 2022-09-15 17:54:41 --> Config file loaded: /hwonpark/www/application/config/tree.php
DEBUG - 2022-09-15 17:54:41 --> Encryption: Auto-configured driver 'openssl'.
DEBUG - 2022-09-15 17:54:41 --> Total execution time: 0.0612
DEBUG - 2022-09-15 17:56:12 --> UTF-8 Support Enabled
DEBUG - 2022-09-15 17:56:12 --> Global POST, GET and COOKIE data sanitized
DEBUG - 2022-09-15 17:56:12 --> Config file loaded: /hwonpark/www/application/config/tree.php
DEBUG - 2022-09-15 17:56:12 --> Encryption: Auto-configured driver 'openssl'.
DEBUG - 2022-09-15 17:56:13 --> UTF-8 Support Enabled
DEBUG - 2022-09-15 17:56:13 --> Global POST, GET and COOKIE data sanitized
DEBUG - 2022-09-15 17:56:13 --> Config file loaded: /hwonpark/www/application/config/tree.php
DEBUG - 2022-09-15 17:56:13 --> Encryption: Auto-configured driver 'openssl'.
DEBUG - 2022-09-15 17:56:13 --> Total execution time: 0.0369
DEBUG - 2022-09-15 23:38:32 --> UTF-8 Support Enabled
DEBUG - 2022-09-15 23:38:32 --> No URI present. Default controller set.
DEBUG - 2022-09-15 23:38:32 --> Global POST, GET and COOKIE data sanitized
DEBUG - 2022-09-15 23:38:32 --> Config file loaded: /hwonpark/www/application/config/tree.php
DEBUG - 2022-09-15 23:38:32 --> Total execution time: 0.2210
DEBUG - 2022-09-15 23:38:33 --> UTF-8 Support Enabled
DEBUG - 2022-09-15 23:38:33 --> Global POST, GET and COOKIE data sanitized
ERROR - 2022-09-15 23:38:33 --> 404 Page Not Found: Apple-touch-icon-120x120-precomposedpng/index
DEBUG - 2022-09-15 23:38:33 --> UTF-8 Support Enabled
DEBUG - 2022-09-15 23:38:33 --> Global POST, GET and COOKIE data sanitized
ERROR - 2022-09-15 23:38:33 --> 404 Page Not Found: Faviconico/index
DEBUG - 2022-09-15 23:38:33 --> UTF-8 Support Enabled
DEBUG - 2022-09-15 23:38:33 --> Global POST, GET and COOKIE data sanitized
ERROR - 2022-09-15 23:38:33 --> 404 Page Not Found: Apple-touch-icon-120x120png/index
DEBUG - 2022-09-15 23:38:33 --> UTF-8 Support Enabled
DEBUG - 2022-09-15 23:38:33 --> Global POST, GET and COOKIE data sanitized
ERROR - 2022-09-15 23:38:33 --> 404 Page Not Found: Apple-touch-icon-precomposedpng/index
DEBUG - 2022-09-15 23:38:33 --> UTF-8 Support Enabled
DEBUG - 2022-09-15 23:38:33 --> Global POST, GET and COOKIE data sanitized
ERROR - 2022-09-15 23:38:33 --> 404 Page Not Found: Apple-touch-iconpng/index
DEBUG - 2022-09-15 23:38:42 --> UTF-8 Support Enabled
DEBUG - 2022-09-15 23:38:42 --> Global POST, GET and COOKIE data sanitized
DEBUG - 2022-09-15 23:38:42 --> Config file loaded: /hwonpark/www/application/config/tree.php
DEBUG - 2022-09-15 23:38:42 --> Total execution time: 0.0893
DEBUG - 2022-09-15 23:38:57 --> UTF-8 Support Enabled
DEBUG - 2022-09-15 23:38:57 --> No URI present. Default controller set.
DEBUG - 2022-09-15 23:38:57 --> Global POST, GET and COOKIE data sanitized
DEBUG - 2022-09-15 23:38:57 --> Config file loaded: /hwonpark/www/application/config/tree.php
DEBUG - 2022-09-15 23:38:57 --> Total execution time: 0.0586
DEBUG - 2022-09-15 23:39:17 --> UTF-8 Support Enabled
DEBUG - 2022-09-15 23:39:17 --> No URI present. Default controller set.
DEBUG - 2022-09-15 23:39:17 --> Global POST, GET and COOKIE data sanitized
DEBUG - 2022-09-15 23:39:17 --> Config file loaded: /hwonpark/www/application/config/tree.php
DEBUG - 2022-09-15 23:39:17 --> Total execution time: 0.0289
DEBUG - 2022-09-15 23:39:21 --> UTF-8 Support Enabled
DEBUG - 2022-09-15 23:39:21 --> No URI present. Default controller set.
DEBUG - 2022-09-15 23:39:21 --> Global POST, GET and COOKIE data sanitized
DEBUG - 2022-09-15 23:39:21 --> Config file loaded: /hwonpark/www/application/config/tree.php
DEBUG - 2022-09-15 23:39:21 --> Total execution time: 0.0440
DEBUG - 2022-09-15 23:39:47 --> UTF-8 Support Enabled
DEBUG - 2022-09-15 23:39:47 --> No URI present. Default controller set.
DEBUG - 2022-09-15 23:39:47 --> Global POST, GET and COOKIE data sanitized
DEBUG - 2022-09-15 23:39:47 --> Config file loaded: /hwonpark/www/application/config/tree.php
DEBUG - 2022-09-15 23:39:47 --> Total execution time: 0.0336
DEBUG - 2022-09-15 23:39:50 --> UTF-8 Support Enabled
DEBUG - 2022-09-15 23:39:50 --> UTF-8 Support Enabled
DEBUG - 2022-09-15 23:39:50 --> Global POST, GET and COOKIE data sanitized
DEBUG - 2022-09-15 23:39:50 --> UTF-8 Support Enabled
ERROR - 2022-09-15 23:39:50 --> 404 Page Not Found: Apple-touch-icon-precomposedpng/index
DEBUG - 2022-09-15 23:39:50 --> Global POST, GET and COOKIE data sanitized
ERROR - 2022-09-15 23:39:50 --> 404 Page Not Found: Apple-touch-iconpng/index
DEBUG - 2022-09-15 23:39:50 --> Global POST, GET and COOKIE data sanitized
ERROR - 2022-09-15 23:39:50 --> 404 Page Not Found: Faviconico/index
DEBUG - 2022-09-15 23:40:06 --> UTF-8 Support Enabled
DEBUG - 2022-09-15 23:40:06 --> No URI present. Default controller set.
DEBUG - 2022-09-15 23:40:06 --> Global POST, GET and COOKIE data sanitized
DEBUG - 2022-09-15 23:40:06 --> Config file loaded: /hwonpark/www/application/config/tree.php
DEBUG - 2022-09-15 23:40:06 --> Total execution time: 0.0299
