DEBUG - 2022-07-10 00:38:27 --> UTF-8 Support Enabled
DEBUG - 2022-07-10 00:38:27 --> Global POST, GET and COOKIE data sanitized
DEBUG - 2022-07-10 00:38:28 --> Config file loaded: /hwonpark/www/application/config/tree.php
DEBUG - 2022-07-10 00:38:28 --> --------------------DC_common::chk_perm - 1.인가코드요청 시작 -> if 인앱브라우저
DEBUG - 2022-07-10 00:38:28 --> UTF-8 Support Enabled
DEBUG - 2022-07-10 00:38:28 --> Global POST, GET and COOKIE data sanitized
ERROR - 2022-07-10 00:38:28 --> 404 Page Not Found: Faviconico/index
DEBUG - 2022-07-10 00:38:37 --> UTF-8 Support Enabled
DEBUG - 2022-07-10 00:38:37 --> Global POST, GET and COOKIE data sanitized
DEBUG - 2022-07-10 00:38:37 --> Config file loaded: /hwonpark/www/application/config/tree.php
DEBUG - 2022-07-10 00:38:37 --> =================== DL_auth-> oauth::CALLBACK - 시작
DEBUG - 2022-07-10 00:38:37 --> =================== DL_auth-> oauth::CALLBACK - kakao param=:: error=
DEBUG - 2022-07-10 00:38:37 --> =================== DL_auth-> oauth::CALLBACK - kakao param=:: state=/ko/brief/view?idx=25
DEBUG - 2022-07-10 00:38:37 --> =================== DL_auth-> oauth::CALLBACK - kakao param=:: code=J7gCd4BRyMR9cZMIc2SlQvWKglZu2NXj_rfDKdhritUErgRK1mOLAX6p5HzpFOKsAaueggo9dZoAAAGB45ze-g
DEBUG - 2022-07-10 00:38:37 --> =================== DL_auth -> kakao oauth :2: code=J7gCd4BRyMR9cZMIc2SlQvWKglZu2NXj_rfDKdhritUErgRK1mOLAX6p5HzpFOKsAaueggo9dZoAAAGB45ze-g
DEBUG - 2022-07-10 00:38:37 --> ====================Dl_auth -> kakao_login :: 시작
DEBUG - 2022-07-10 00:38:37 --> --------------------Dl_auth::kakao_login - 1.토큰요청 시작
DEBUG - 2022-07-10 00:38:37 --> Dl_auth::kakao_login - get_token 시작 n=2
DEBUG - 2022-07-10 00:38:37 --> --------------------Dl_auth::kakao_login - 1.2.토큰요청 시작 -> 기타브라우저
DEBUG - 2022-07-10 00:38:37 --> --------------------Dl_auth::kakao_login - 1.3.토큰요청
DEBUG - 2022-07-10 00:38:37 --> --------------------Dl_auth::kakao_login - 1.4.토큰요청 -> 성공
DEBUG - 2022-07-10 00:38:37 --> UTF-8 Support Enabled
DEBUG - 2022-07-10 00:38:37 --> Global POST, GET and COOKIE data sanitized
DEBUG - 2022-07-10 00:38:37 --> Config file loaded: /hwonpark/www/application/config/tree.php
DEBUG - 2022-07-10 00:38:37 --> =================== DL_auth-> oauth::CALLBACK - 시작
DEBUG - 2022-07-10 00:38:37 --> =================== DL_auth-> oauth::CALLBACK - kakao param=:: error=
DEBUG - 2022-07-10 00:38:37 --> =================== DL_auth-> oauth::CALLBACK - kakao param=:: state=/ko/brief/view?idx=25
DEBUG - 2022-07-10 00:38:37 --> =================== DL_auth-> oauth::CALLBACK - kakao param=:: code=J7gCd4BRyMR9cZMIc2SlQvWKglZu2NXj_rfDKdhritUErgRK1mOLAX6p5HzpFOKsAaueggo9dZoAAAGB45ze-g
DEBUG - 2022-07-10 00:38:37 --> =================== DL_auth -> kakao oauth :2: code=J7gCd4BRyMR9cZMIc2SlQvWKglZu2NXj_rfDKdhritUErgRK1mOLAX6p5HzpFOKsAaueggo9dZoAAAGB45ze-g
DEBUG - 2022-07-10 00:38:37 --> ====================Dl_auth -> kakao_login :: 시작
DEBUG - 2022-07-10 00:38:43 --> UTF-8 Support Enabled
DEBUG - 2022-07-10 00:38:43 --> Global POST, GET and COOKIE data sanitized
DEBUG - 2022-07-10 00:38:43 --> Config file loaded: /hwonpark/www/application/config/tree.php
DEBUG - 2022-07-10 00:38:43 --> Total execution time: 0.0549
DEBUG - 2022-07-10 00:38:58 --> UTF-8 Support Enabled
DEBUG - 2022-07-10 00:38:58 --> Global POST, GET and COOKIE data sanitized
DEBUG - 2022-07-10 00:38:58 --> Session class already loaded. Second attempt ignored.
DEBUG - 2022-07-10 00:38:58 --> Total execution time: 0.0159
DEBUG - 2022-07-10 00:38:58 --> UTF-8 Support Enabled
DEBUG - 2022-07-10 00:38:58 --> Global POST, GET and COOKIE data sanitized
DEBUG - 2022-07-10 00:38:58 --> Config file loaded: /hwonpark/www/application/config/tree.php
DEBUG - 2022-07-10 00:38:58 --> =================== DL_auth-> oauth::CALLBACK - 시작
DEBUG - 2022-07-10 00:38:58 --> =================== DL_auth-> oauth::CALLBACK - kakao param=:: error=
DEBUG - 2022-07-10 00:38:58 --> =================== DL_auth-> oauth::CALLBACK - kakao param=:: state=
DEBUG - 2022-07-10 00:38:58 --> =================== DL_auth-> oauth::CALLBACK - kakao param=:: code=SJNso-53YjU-81SeGhToM3ceZ4pdTz1U45ELb_yaNyaHjHnfQcJl4-Cd7b5vHC-d6RRmWgo9dVwAAAGB450xLw
DEBUG - 2022-07-10 00:38:58 --> =================== DL_auth -> kakao oauth :2: code=SJNso-53YjU-81SeGhToM3ceZ4pdTz1U45ELb_yaNyaHjHnfQcJl4-Cd7b5vHC-d6RRmWgo9dVwAAAGB450xLw
DEBUG - 2022-07-10 00:38:58 --> ====================Dl_auth -> kakao_login :: 시작
DEBUG - 2022-07-10 00:38:58 --> UTF-8 Support Enabled
DEBUG - 2022-07-10 00:38:58 --> Global POST, GET and COOKIE data sanitized
DEBUG - 2022-07-10 00:38:58 --> Config file loaded: /hwonpark/www/application/config/tree.php
DEBUG - 2022-07-10 00:38:58 --> =================== DL_auth -> joinForm :: 시작
DEBUG - 2022-07-10 00:38:58 --> =================== DL_auth -> joinForm :: 끝
DEBUG - 2022-07-10 00:38:58 --> Total execution time: 0.0379
DEBUG - 2022-07-10 00:39:10 --> UTF-8 Support Enabled
DEBUG - 2022-07-10 00:39:10 --> Global POST, GET and COOKIE data sanitized
DEBUG - 2022-07-10 00:39:10 --> Config file loaded: /hwonpark/www/application/config/tree.php
DEBUG - 2022-07-10 00:39:10 --> ====================Dl_auth -> signup :: 시작
DEBUG - 2022-07-10 00:39:10 --> Encryption: Auto-configured driver 'openssl'.
DEBUG - 2022-07-10 00:39:12 --> UTF-8 Support Enabled
DEBUG - 2022-07-10 00:39:12 --> No URI present. Default controller set.
DEBUG - 2022-07-10 00:39:12 --> Global POST, GET and COOKIE data sanitized
DEBUG - 2022-07-10 00:39:12 --> Config file loaded: /hwonpark/www/application/config/tree.php
DEBUG - 2022-07-10 00:39:12 --> Encryption: Auto-configured driver 'openssl'.
DEBUG - 2022-07-10 00:39:12 --> Total execution time: 0.0424
DEBUG - 2022-07-10 00:39:16 --> UTF-8 Support Enabled
DEBUG - 2022-07-10 00:39:16 --> Global POST, GET and COOKIE data sanitized
DEBUG - 2022-07-10 00:39:17 --> Config file loaded: /hwonpark/www/application/config/tree.php
DEBUG - 2022-07-10 00:39:17 --> Encryption: Auto-configured driver 'openssl'.
DEBUG - 2022-07-10 00:39:17 --> --------------------DC_common::chk_perm - 1.인가코드요청 시작 -> if 인앱브라우저
DEBUG - 2022-07-10 00:39:17 --> Total execution time: 0.0637
DEBUG - 2022-07-10 00:42:09 --> UTF-8 Support Enabled
DEBUG - 2022-07-10 00:42:09 --> No URI present. Default controller set.
DEBUG - 2022-07-10 00:42:09 --> Global POST, GET and COOKIE data sanitized
DEBUG - 2022-07-10 00:42:09 --> Config file loaded: /hwonpark/www/application/config/tree.php
DEBUG - 2022-07-10 00:42:09 --> Encryption: Auto-configured driver 'openssl'.
DEBUG - 2022-07-10 00:42:09 --> Total execution time: 0.0384
DEBUG - 2022-07-10 00:42:26 --> UTF-8 Support Enabled
DEBUG - 2022-07-10 00:42:26 --> Global POST, GET and COOKIE data sanitized
DEBUG - 2022-07-10 00:42:26 --> Config file loaded: /hwonpark/www/application/config/tree.php
DEBUG - 2022-07-10 00:42:26 --> Encryption: Auto-configured driver 'openssl'.
DEBUG - 2022-07-10 00:42:26 --> =================== DL_auth -> joinForm :: 시작
DEBUG - 2022-07-10 00:42:26 --> =================== DL_auth -> joinForm :: 끝
DEBUG - 2022-07-10 00:42:26 --> Total execution time: 0.0324
DEBUG - 2022-07-10 00:42:28 --> UTF-8 Support Enabled
DEBUG - 2022-07-10 00:42:28 --> Global POST, GET and COOKIE data sanitized
DEBUG - 2022-07-10 00:42:28 --> Config file loaded: /hwonpark/www/application/config/tree.php
DEBUG - 2022-07-10 00:42:28 --> Encryption: Auto-configured driver 'openssl'.
DEBUG - 2022-07-10 00:42:30 --> UTF-8 Support Enabled
DEBUG - 2022-07-10 00:42:30 --> No URI present. Default controller set.
DEBUG - 2022-07-10 00:42:30 --> Global POST, GET and COOKIE data sanitized
DEBUG - 2022-07-10 00:42:30 --> Config file loaded: /hwonpark/www/application/config/tree.php
DEBUG - 2022-07-10 00:42:30 --> Encryption: Auto-configured driver 'openssl'.
DEBUG - 2022-07-10 00:42:30 --> Total execution time: 0.0332
DEBUG - 2022-07-10 00:42:31 --> UTF-8 Support Enabled
DEBUG - 2022-07-10 00:42:31 --> Global POST, GET and COOKIE data sanitized
DEBUG - 2022-07-10 00:42:31 --> Config file loaded: /hwonpark/www/application/config/tree.php
DEBUG - 2022-07-10 00:42:31 --> Encryption: Auto-configured driver 'openssl'.
DEBUG - 2022-07-10 00:42:31 --> =================== DL_auth-> oauth::CALLBACK - 시작
DEBUG - 2022-07-10 00:42:31 --> =================== DL_auth-> oauth::CALLBACK - kakao param=:: error=
DEBUG - 2022-07-10 00:42:31 --> =================== DL_auth-> oauth::CALLBACK - kakao param=:: state=/ko/brief/view?idx=25
DEBUG - 2022-07-10 00:42:31 --> =================== DL_auth-> oauth::CALLBACK - kakao param=:: code=KvvfWs1Tu6RgCiQtdFCYDxCsP9A0y6nHt-7DsJ18yH5hIQcF5USijYS5twUSsr5-5BSJjgo9cuoAAAGB46Bxwg
DEBUG - 2022-07-10 00:42:31 --> =================== DL_auth -> kakao oauth :2: code=KvvfWs1Tu6RgCiQtdFCYDxCsP9A0y6nHt-7DsJ18yH5hIQcF5USijYS5twUSsr5-5BSJjgo9cuoAAAGB46Bxwg
DEBUG - 2022-07-10 00:42:31 --> ====================Dl_auth -> kakao_login :: 시작
DEBUG - 2022-07-10 00:42:32 --> ====================Dl_auth::kakao_login - 1.3.5- 사이트 회원정보 업데이트 성공(카카오 인증 완료) state=/ko/brief/view?idx=25
DEBUG - 2022-07-10 00:42:32 --> UTF-8 Support Enabled
DEBUG - 2022-07-10 00:42:32 --> Global POST, GET and COOKIE data sanitized
DEBUG - 2022-07-10 00:42:32 --> Config file loaded: /hwonpark/www/application/config/tree.php
DEBUG - 2022-07-10 00:42:32 --> Encryption: Auto-configured driver 'openssl'.
DEBUG - 2022-07-10 00:42:32 --> --------------------DC_common::chk_perm - 1.인가코드요청 시작 -> if 인앱브라우저
DEBUG - 2022-07-10 00:42:32 --> Total execution time: 0.0666
DEBUG - 2022-07-10 00:42:32 --> UTF-8 Support Enabled
DEBUG - 2022-07-10 00:42:32 --> Global POST, GET and COOKIE data sanitized
DEBUG - 2022-07-10 00:42:32 --> Config file loaded: /hwonpark/www/application/config/tree.php
DEBUG - 2022-07-10 00:42:32 --> Encryption: Auto-configured driver 'openssl'.
DEBUG - 2022-07-10 00:42:32 --> --------------------DC_common::chk_perm - 1.인가코드요청 시작 -> if 인앱브라우저
DEBUG - 2022-07-10 00:42:32 --> Total execution time: 0.0628
DEBUG - 2022-07-10 05:02:40 --> UTF-8 Support Enabled
DEBUG - 2022-07-10 05:02:40 --> Global POST, GET and COOKIE data sanitized
DEBUG - 2022-07-10 05:02:40 --> Config file loaded: /hwonpark/www/application/config/tree.php
DEBUG - 2022-07-10 05:02:40 --> --------------------DC_common::chk_perm - 1.인가코드요청 시작 -> if 인앱브라우저
DEBUG - 2022-07-10 05:02:41 --> UTF-8 Support Enabled
DEBUG - 2022-07-10 05:02:41 --> Global POST, GET and COOKIE data sanitized
ERROR - 2022-07-10 05:02:41 --> 404 Page Not Found: Faviconico/index
DEBUG - 2022-07-10 05:02:41 --> UTF-8 Support Enabled
DEBUG - 2022-07-10 05:02:41 --> Global POST, GET and COOKIE data sanitized
DEBUG - 2022-07-10 05:02:41 --> Config file loaded: /hwonpark/www/application/config/tree.php
DEBUG - 2022-07-10 05:02:41 --> =================== DL_auth-> oauth::CALLBACK - 시작
DEBUG - 2022-07-10 05:02:41 --> =================== DL_auth-> oauth::CALLBACK - kakao param=:: error=
DEBUG - 2022-07-10 05:02:41 --> =================== DL_auth-> oauth::CALLBACK - kakao param=:: state=/ko/brief/view?idx=25
DEBUG - 2022-07-10 05:02:41 --> =================== DL_auth-> oauth::CALLBACK - kakao param=:: code=18wTWdbg0KpELRlsDkDI-hM7Cryxr4bfq5RQq6bryEYdY-mKGQyAVnvL6WfcC6EWlJ-8PAo9dBEAAAGB5I6fmQ
DEBUG - 2022-07-10 05:02:41 --> =================== DL_auth -> kakao oauth :2: code=18wTWdbg0KpELRlsDkDI-hM7Cryxr4bfq5RQq6bryEYdY-mKGQyAVnvL6WfcC6EWlJ-8PAo9dBEAAAGB5I6fmQ
DEBUG - 2022-07-10 05:02:41 --> ====================Dl_auth -> kakao_login :: 시작
DEBUG - 2022-07-10 05:02:41 --> --------------------Dl_auth::kakao_login - 1.토큰요청 시작
DEBUG - 2022-07-10 05:02:41 --> Dl_auth::kakao_login - get_token 시작 n=2
DEBUG - 2022-07-10 05:02:41 --> --------------------Dl_auth::kakao_login - 1.2.토큰요청 시작 -> 기타브라우저
DEBUG - 2022-07-10 05:02:41 --> --------------------Dl_auth::kakao_login - 1.3.토큰요청
DEBUG - 2022-07-10 05:02:41 --> --------------------Dl_auth::kakao_login - 1.4.토큰요청 -> 성공
DEBUG - 2022-07-10 05:02:41 --> UTF-8 Support Enabled
DEBUG - 2022-07-10 05:02:41 --> Global POST, GET and COOKIE data sanitized
DEBUG - 2022-07-10 05:02:41 --> Config file loaded: /hwonpark/www/application/config/tree.php
DEBUG - 2022-07-10 05:02:41 --> =================== DL_auth-> oauth::CALLBACK - 시작
DEBUG - 2022-07-10 05:02:41 --> =================== DL_auth-> oauth::CALLBACK - kakao param=:: error=
DEBUG - 2022-07-10 05:02:41 --> =================== DL_auth-> oauth::CALLBACK - kakao param=:: state=/ko/brief/view?idx=25
DEBUG - 2022-07-10 05:02:41 --> =================== DL_auth-> oauth::CALLBACK - kakao param=:: code=18wTWdbg0KpELRlsDkDI-hM7Cryxr4bfq5RQq6bryEYdY-mKGQyAVnvL6WfcC6EWlJ-8PAo9dBEAAAGB5I6fmQ
DEBUG - 2022-07-10 05:02:41 --> =================== DL_auth -> kakao oauth :2: code=18wTWdbg0KpELRlsDkDI-hM7Cryxr4bfq5RQq6bryEYdY-mKGQyAVnvL6WfcC6EWlJ-8PAo9dBEAAAGB5I6fmQ
DEBUG - 2022-07-10 05:02:41 --> ====================Dl_auth -> kakao_login :: 시작
DEBUG - 2022-07-10 05:02:41 --> ====================Dl_auth::kakao_login - 1.3.5- 사이트 회원정보 업데이트 성공(카카오 인증 완료) state=/ko/brief/view?idx=25
DEBUG - 2022-07-10 05:02:41 --> UTF-8 Support Enabled
DEBUG - 2022-07-10 05:02:41 --> Global POST, GET and COOKIE data sanitized
DEBUG - 2022-07-10 05:02:41 --> Config file loaded: /hwonpark/www/application/config/tree.php
DEBUG - 2022-07-10 05:02:41 --> Encryption: Auto-configured driver 'openssl'.
DEBUG - 2022-07-10 05:02:41 --> --------------------DC_common::chk_perm - 1.인가코드요청 시작 -> if 인앱브라우저
DEBUG - 2022-07-10 05:02:41 --> Total execution time: 0.0906
DEBUG - 2022-07-10 20:14:36 --> UTF-8 Support Enabled
DEBUG - 2022-07-10 20:14:36 --> No URI present. Default controller set.
DEBUG - 2022-07-10 20:14:36 --> Global POST, GET and COOKIE data sanitized
DEBUG - 2022-07-10 20:14:36 --> Config file loaded: /hwonpark/www/application/config/tree.php
DEBUG - 2022-07-10 20:14:36 --> Total execution time: 0.2289
DEBUG - 2022-07-10 20:14:38 --> UTF-8 Support Enabled
DEBUG - 2022-07-10 20:14:38 --> Global POST, GET and COOKIE data sanitized
ERROR - 2022-07-10 20:14:38 --> 404 Page Not Found: Faviconico/index
