DEBUG - 2022-08-07 10:58:09 --> UTF-8 Support Enabled
DEBUG - 2022-08-07 10:58:09 --> No URI present. Default controller set.
DEBUG - 2022-08-07 10:58:09 --> Global POST, GET and COOKIE data sanitized
DEBUG - 2022-08-07 10:58:09 --> Config file loaded: /hwonpark/www/application/config/tree.php
DEBUG - 2022-08-07 10:58:09 --> Total execution time: 0.2870
DEBUG - 2022-08-07 10:58:11 --> UTF-8 Support Enabled
DEBUG - 2022-08-07 10:58:11 --> Global POST, GET and COOKIE data sanitized
ERROR - 2022-08-07 10:58:11 --> 404 Page Not Found: Faviconico/index
DEBUG - 2022-08-07 10:59:31 --> UTF-8 Support Enabled
DEBUG - 2022-08-07 10:59:31 --> No URI present. Default controller set.
DEBUG - 2022-08-07 10:59:31 --> Global POST, GET and COOKIE data sanitized
DEBUG - 2022-08-07 10:59:31 --> Config file loaded: /hwonpark/www/application/config/tree.php
DEBUG - 2022-08-07 10:59:31 --> Total execution time: 0.0364
DEBUG - 2022-08-07 12:17:59 --> UTF-8 Support Enabled
DEBUG - 2022-08-07 12:17:59 --> No URI present. Default controller set.
DEBUG - 2022-08-07 12:17:59 --> Global POST, GET and COOKIE data sanitized
DEBUG - 2022-08-07 12:17:59 --> Config file loaded: /hwonpark/www/application/config/tree.php
DEBUG - 2022-08-07 12:17:59 --> Total execution time: 0.0308
DEBUG - 2022-08-07 12:18:01 --> UTF-8 Support Enabled
DEBUG - 2022-08-07 12:18:01 --> Global POST, GET and COOKIE data sanitized
ERROR - 2022-08-07 12:18:01 --> 404 Page Not Found: Faviconico/index
DEBUG - 2022-08-07 13:06:53 --> UTF-8 Support Enabled
DEBUG - 2022-08-07 13:06:53 --> No URI present. Default controller set.
DEBUG - 2022-08-07 13:06:53 --> Global POST, GET and COOKIE data sanitized
DEBUG - 2022-08-07 13:06:53 --> Config file loaded: /hwonpark/www/application/config/tree.php
DEBUG - 2022-08-07 13:06:53 --> Total execution time: 0.0305
DEBUG - 2022-08-07 13:08:36 --> UTF-8 Support Enabled
DEBUG - 2022-08-07 13:08:36 --> No URI present. Default controller set.
DEBUG - 2022-08-07 13:08:36 --> Global POST, GET and COOKIE data sanitized
DEBUG - 2022-08-07 13:08:36 --> Config file loaded: /hwonpark/www/application/config/tree.php
DEBUG - 2022-08-07 13:08:37 --> Total execution time: 0.0287
DEBUG - 2022-08-07 13:08:38 --> UTF-8 Support Enabled
DEBUG - 2022-08-07 13:08:38 --> Global POST, GET and COOKIE data sanitized
ERROR - 2022-08-07 13:08:38 --> 404 Page Not Found: Faviconico/index
DEBUG - 2022-08-07 17:00:22 --> UTF-8 Support Enabled
DEBUG - 2022-08-07 17:00:22 --> No URI present. Default controller set.
DEBUG - 2022-08-07 17:00:22 --> Global POST, GET and COOKIE data sanitized
DEBUG - 2022-08-07 17:00:22 --> Config file loaded: /hwonpark/www/application/config/tree.php
DEBUG - 2022-08-07 17:00:22 --> Total execution time: 0.1948
DEBUG - 2022-08-07 17:31:19 --> UTF-8 Support Enabled
DEBUG - 2022-08-07 17:31:19 --> No URI present. Default controller set.
DEBUG - 2022-08-07 17:31:19 --> Global POST, GET and COOKIE data sanitized
DEBUG - 2022-08-07 17:31:19 --> Config file loaded: /hwonpark/www/application/config/tree.php
DEBUG - 2022-08-07 17:31:19 --> Total execution time: 0.0313
DEBUG - 2022-08-07 17:31:21 --> UTF-8 Support Enabled
DEBUG - 2022-08-07 17:31:21 --> Global POST, GET and COOKIE data sanitized
ERROR - 2022-08-07 17:31:21 --> 404 Page Not Found: Faviconico/index
DEBUG - 2022-08-07 20:19:47 --> UTF-8 Support Enabled
DEBUG - 2022-08-07 20:19:47 --> No URI present. Default controller set.
DEBUG - 2022-08-07 20:19:47 --> Global POST, GET and COOKIE data sanitized
DEBUG - 2022-08-07 20:19:47 --> Config file loaded: /hwonpark/www/application/config/tree.php
DEBUG - 2022-08-07 20:19:47 --> Total execution time: 0.0385
DEBUG - 2022-08-07 20:19:49 --> UTF-8 Support Enabled
DEBUG - 2022-08-07 20:19:49 --> Global POST, GET and COOKIE data sanitized
ERROR - 2022-08-07 20:19:49 --> 404 Page Not Found: Faviconico/index
DEBUG - 2022-08-07 22:43:30 --> UTF-8 Support Enabled
DEBUG - 2022-08-07 22:43:30 --> No URI present. Default controller set.
DEBUG - 2022-08-07 22:43:30 --> Global POST, GET and COOKIE data sanitized
DEBUG - 2022-08-07 22:43:30 --> Config file loaded: /hwonpark/www/application/config/tree.php
DEBUG - 2022-08-07 22:43:30 --> Total execution time: 0.0332
DEBUG - 2022-08-07 22:43:31 --> UTF-8 Support Enabled
DEBUG - 2022-08-07 22:43:31 --> Global POST, GET and COOKIE data sanitized
ERROR - 2022-08-07 22:43:31 --> 404 Page Not Found: Faviconico/index
