DEBUG - 2023-01-04 03:44:05 --> UTF-8 Support Enabled
DEBUG - 2023-01-04 03:44:05 --> Global POST, GET and COOKIE data sanitized
DEBUG - 2023-01-04 03:44:05 --> Config file loaded: /hwonpark/www/application/config/tree.php
DEBUG - 2023-01-04 03:44:06 --> --------------------DC_common::chk_perm - 1.인가코드요청 시작 -> if 인앱브라우저
DEBUG - 2023-01-04 03:44:06 --> UTF-8 Support Enabled
DEBUG - 2023-01-04 03:44:06 --> Global POST, GET and COOKIE data sanitized
ERROR - 2023-01-04 03:44:06 --> 404 Page Not Found: Faviconico/index
DEBUG - 2023-01-04 03:44:06 --> UTF-8 Support Enabled
DEBUG - 2023-01-04 03:44:06 --> Global POST, GET and COOKIE data sanitized
DEBUG - 2023-01-04 03:44:06 --> Config file loaded: /hwonpark/www/application/config/tree.php
DEBUG - 2023-01-04 03:44:06 --> =================== DL_auth-> oauth::CALLBACK - 시작
DEBUG - 2023-01-04 03:44:06 --> =================== DL_auth-> oauth::CALLBACK - kakao param=:: error=
DEBUG - 2023-01-04 03:44:06 --> =================== DL_auth-> oauth::CALLBACK - kakao param=:: state=/ko/brief/view?idx=39
DEBUG - 2023-01-04 03:44:06 --> =================== DL_auth-> oauth::CALLBACK - kakao param=:: code=rx1hxuleGMuOppz0bwQyISsyq3nywYJXMXnTF88tGnesACJOX2hEdlu5yDC-eTJ6Rb8bKwoqJQ4AAAGFePKmLQ
DEBUG - 2023-01-04 03:44:06 --> =================== DL_auth -> kakao oauth :2: code=rx1hxuleGMuOppz0bwQyISsyq3nywYJXMXnTF88tGnesACJOX2hEdlu5yDC-eTJ6Rb8bKwoqJQ4AAAGFePKmLQ
DEBUG - 2023-01-04 03:44:06 --> ====================Dl_auth -> kakao_login :: 시작
DEBUG - 2023-01-04 03:44:06 --> --------------------Dl_auth::kakao_login - 1.토큰요청 시작
DEBUG - 2023-01-04 03:44:06 --> Dl_auth::kakao_login - get_token 시작 n=2
DEBUG - 2023-01-04 03:44:06 --> --------------------Dl_auth::kakao_login - 1.2.토큰요청 시작 -> 기타브라우저
DEBUG - 2023-01-04 03:44:06 --> --------------------Dl_auth::kakao_login - 1.3.토큰요청
DEBUG - 2023-01-04 03:44:06 --> --------------------Dl_auth::kakao_login - 1.4.토큰요청 -> 성공
DEBUG - 2023-01-04 03:44:06 --> UTF-8 Support Enabled
DEBUG - 2023-01-04 03:44:06 --> Global POST, GET and COOKIE data sanitized
DEBUG - 2023-01-04 03:44:06 --> Config file loaded: /hwonpark/www/application/config/tree.php
DEBUG - 2023-01-04 03:44:06 --> =================== DL_auth-> oauth::CALLBACK - 시작
DEBUG - 2023-01-04 03:44:06 --> =================== DL_auth-> oauth::CALLBACK - kakao param=:: error=
DEBUG - 2023-01-04 03:44:06 --> =================== DL_auth-> oauth::CALLBACK - kakao param=:: state=/ko/brief/view?idx=39
DEBUG - 2023-01-04 03:44:06 --> =================== DL_auth-> oauth::CALLBACK - kakao param=:: code=rx1hxuleGMuOppz0bwQyISsyq3nywYJXMXnTF88tGnesACJOX2hEdlu5yDC-eTJ6Rb8bKwoqJQ4AAAGFePKmLQ
DEBUG - 2023-01-04 03:44:06 --> =================== DL_auth -> kakao oauth :2: code=rx1hxuleGMuOppz0bwQyISsyq3nywYJXMXnTF88tGnesACJOX2hEdlu5yDC-eTJ6Rb8bKwoqJQ4AAAGFePKmLQ
DEBUG - 2023-01-04 03:44:06 --> ====================Dl_auth -> kakao_login :: 시작
DEBUG - 2023-01-04 03:44:06 --> ====================Dl_auth::kakao_login - 1.3.5- 사이트 회원정보 업데이트 성공(카카오 인증 완료) state=/ko/brief/view?idx=39
DEBUG - 2023-01-04 03:44:06 --> UTF-8 Support Enabled
DEBUG - 2023-01-04 03:44:06 --> Global POST, GET and COOKIE data sanitized
DEBUG - 2023-01-04 03:44:06 --> Config file loaded: /hwonpark/www/application/config/tree.php
DEBUG - 2023-01-04 03:44:06 --> Encryption: Auto-configured driver 'openssl'.
DEBUG - 2023-01-04 03:44:06 --> --------------------DC_common::chk_perm - 1.인가코드요청 시작 -> if 인앱브라우저
DEBUG - 2023-01-04 03:44:06 --> Total execution time: 0.0941
DEBUG - 2023-01-04 03:44:10 --> UTF-8 Support Enabled
DEBUG - 2023-01-04 03:44:10 --> Global POST, GET and COOKIE data sanitized
DEBUG - 2023-01-04 03:44:10 --> Config file loaded: /hwonpark/www/application/config/tree.php
DEBUG - 2023-01-04 03:44:10 --> Encryption: Auto-configured driver 'openssl'.
DEBUG - 2023-01-04 03:44:10 --> --------------------DC_common::chk_perm - 1.인가코드요청 시작 -> if 인앱브라우저
DEBUG - 2023-01-04 03:44:10 --> Total execution time: 0.0523
DEBUG - 2023-01-04 03:44:16 --> UTF-8 Support Enabled
DEBUG - 2023-01-04 03:44:16 --> Global POST, GET and COOKIE data sanitized
DEBUG - 2023-01-04 03:44:16 --> Config file loaded: /hwonpark/www/application/config/tree.php
DEBUG - 2023-01-04 03:44:16 --> Encryption: Auto-configured driver 'openssl'.
DEBUG - 2023-01-04 03:44:17 --> UTF-8 Support Enabled
DEBUG - 2023-01-04 03:44:17 --> Global POST, GET and COOKIE data sanitized
DEBUG - 2023-01-04 03:44:17 --> Config file loaded: /hwonpark/www/application/config/tree.php
DEBUG - 2023-01-04 03:44:17 --> Encryption: Auto-configured driver 'openssl'.
DEBUG - 2023-01-04 03:44:25 --> UTF-8 Support Enabled
DEBUG - 2023-01-04 03:44:25 --> Global POST, GET and COOKIE data sanitized
DEBUG - 2023-01-04 03:44:26 --> Config file loaded: /hwonpark/www/application/config/tree.php
DEBUG - 2023-01-04 03:44:26 --> Encryption: Auto-configured driver 'openssl'.
DEBUG - 2023-01-04 03:44:26 --> --------------------DC_common::chk_perm - 1.인가코드요청 시작 -> if 인앱브라우저
DEBUG - 2023-01-04 03:44:26 --> Total execution time: 0.0629
DEBUG - 2023-01-04 03:44:26 --> UTF-8 Support Enabled
DEBUG - 2023-01-04 03:44:26 --> Global POST, GET and COOKIE data sanitized
ERROR - 2023-01-04 03:44:26 --> 404 Page Not Found: Faviconico/index
DEBUG - 2023-01-04 09:43:52 --> UTF-8 Support Enabled
DEBUG - 2023-01-04 09:43:52 --> No URI present. Default controller set.
DEBUG - 2023-01-04 09:43:52 --> Global POST, GET and COOKIE data sanitized
DEBUG - 2023-01-04 09:43:52 --> Config file loaded: /hwonpark/www/application/config/tree.php
DEBUG - 2023-01-04 09:43:52 --> Total execution time: 0.2536
DEBUG - 2023-01-04 09:43:52 --> UTF-8 Support Enabled
DEBUG - 2023-01-04 09:43:52 --> No URI present. Default controller set.
DEBUG - 2023-01-04 09:43:52 --> Global POST, GET and COOKIE data sanitized
DEBUG - 2023-01-04 09:43:52 --> Config file loaded: /hwonpark/www/application/config/tree.php
DEBUG - 2023-01-04 09:43:52 --> Total execution time: 0.0477
DEBUG - 2023-01-04 09:43:53 --> UTF-8 Support Enabled
DEBUG - 2023-01-04 09:43:53 --> Global POST, GET and COOKIE data sanitized
ERROR - 2023-01-04 09:43:53 --> 404 Page Not Found: Faviconico/index
DEBUG - 2023-01-04 09:43:56 --> UTF-8 Support Enabled
DEBUG - 2023-01-04 09:43:56 --> Global POST, GET and COOKIE data sanitized
DEBUG - 2023-01-04 09:43:56 --> Config file loaded: /hwonpark/www/application/config/tree.php
DEBUG - 2023-01-04 09:43:56 --> Total execution time: 0.0696
DEBUG - 2023-01-04 09:43:57 --> UTF-8 Support Enabled
DEBUG - 2023-01-04 09:43:57 --> No URI present. Default controller set.
DEBUG - 2023-01-04 09:43:57 --> Global POST, GET and COOKIE data sanitized
DEBUG - 2023-01-04 09:43:57 --> Config file loaded: /hwonpark/www/application/config/tree.php
DEBUG - 2023-01-04 09:43:57 --> Total execution time: 0.0661
DEBUG - 2023-01-04 09:44:04 --> UTF-8 Support Enabled
DEBUG - 2023-01-04 09:44:04 --> No URI present. Default controller set.
DEBUG - 2023-01-04 09:44:04 --> Global POST, GET and COOKIE data sanitized
DEBUG - 2023-01-04 09:44:04 --> Config file loaded: /hwonpark/www/application/config/tree.php
DEBUG - 2023-01-04 09:44:04 --> Total execution time: 0.0278
DEBUG - 2023-01-04 09:45:20 --> UTF-8 Support Enabled
DEBUG - 2023-01-04 09:45:20 --> No URI present. Default controller set.
DEBUG - 2023-01-04 09:45:20 --> Global POST, GET and COOKIE data sanitized
DEBUG - 2023-01-04 09:45:20 --> Config file loaded: /hwonpark/www/application/config/tree.php
DEBUG - 2023-01-04 09:45:20 --> Total execution time: 0.0302
DEBUG - 2023-01-04 09:46:01 --> UTF-8 Support Enabled
DEBUG - 2023-01-04 09:46:01 --> No URI present. Default controller set.
DEBUG - 2023-01-04 09:46:01 --> Global POST, GET and COOKIE data sanitized
DEBUG - 2023-01-04 09:46:01 --> Config file loaded: /hwonpark/www/application/config/tree.php
DEBUG - 2023-01-04 09:46:01 --> Total execution time: 0.0334
DEBUG - 2023-01-04 14:05:34 --> UTF-8 Support Enabled
DEBUG - 2023-01-04 14:05:34 --> Global POST, GET and COOKIE data sanitized
DEBUG - 2023-01-04 14:05:34 --> Config file loaded: /hwonpark/www/application/config/tree.php
DEBUG - 2023-01-04 14:05:34 --> Total execution time: 0.1974
DEBUG - 2023-01-04 14:05:36 --> UTF-8 Support Enabled
DEBUG - 2023-01-04 14:05:36 --> Global POST, GET and COOKIE data sanitized
ERROR - 2023-01-04 14:05:36 --> 404 Page Not Found: Faviconico/index
DEBUG - 2023-01-04 14:05:40 --> UTF-8 Support Enabled
DEBUG - 2023-01-04 14:05:40 --> Global POST, GET and COOKIE data sanitized
DEBUG - 2023-01-04 14:05:40 --> Config file loaded: /hwonpark/www/application/config/tree.php
DEBUG - 2023-01-04 14:05:42 --> UTF-8 Support Enabled
DEBUG - 2023-01-04 14:05:42 --> Global POST, GET and COOKIE data sanitized
DEBUG - 2023-01-04 14:05:42 --> Config file loaded: /hwonpark/www/application/config/tree.php
DEBUG - 2023-01-04 14:05:42 --> Encryption: Auto-configured driver 'openssl'.
DEBUG - 2023-01-04 14:05:42 --> UTF-8 Support Enabled
DEBUG - 2023-01-04 14:05:42 --> Global POST, GET and COOKIE data sanitized
DEBUG - 2023-01-04 14:05:42 --> Config file loaded: /hwonpark/www/application/config/tree.php
DEBUG - 2023-01-04 14:05:42 --> Encryption: Auto-configured driver 'openssl'.
DEBUG - 2023-01-04 14:05:42 --> Encryption class already loaded. Second attempt ignored.
DEBUG - 2023-01-04 14:05:42 --> Total execution time: 0.0812
DEBUG - 2023-01-04 14:05:43 --> UTF-8 Support Enabled
DEBUG - 2023-01-04 14:05:43 --> Global POST, GET and COOKIE data sanitized
DEBUG - 2023-01-04 14:05:43 --> Config file loaded: /hwonpark/www/application/config/tree.php
DEBUG - 2023-01-04 14:05:43 --> Encryption: Auto-configured driver 'openssl'.
DEBUG - 2023-01-04 14:05:43 --> Total execution time: 0.0473
DEBUG - 2023-01-04 14:05:46 --> UTF-8 Support Enabled
DEBUG - 2023-01-04 14:05:46 --> Global POST, GET and COOKIE data sanitized
DEBUG - 2023-01-04 14:05:46 --> Config file loaded: /hwonpark/www/application/config/tree.php
DEBUG - 2023-01-04 14:05:46 --> Encryption: Auto-configured driver 'openssl'.
DEBUG - 2023-01-04 14:05:46 --> Total execution time: 0.0402
DEBUG - 2023-01-04 14:05:52 --> UTF-8 Support Enabled
DEBUG - 2023-01-04 14:05:52 --> Global POST, GET and COOKIE data sanitized
DEBUG - 2023-01-04 14:05:52 --> Config file loaded: /hwonpark/www/application/config/tree.php
DEBUG - 2023-01-04 14:05:52 --> Encryption: Auto-configured driver 'openssl'.
DEBUG - 2023-01-04 14:05:52 --> Total execution time: 0.0401
DEBUG - 2023-01-04 14:06:12 --> UTF-8 Support Enabled
DEBUG - 2023-01-04 14:06:12 --> Global POST, GET and COOKIE data sanitized
DEBUG - 2023-01-04 14:06:12 --> Config file loaded: /hwonpark/www/application/config/tree.php
DEBUG - 2023-01-04 14:06:12 --> Encryption: Auto-configured driver 'openssl'.
DEBUG - 2023-01-04 14:06:13 --> UTF-8 Support Enabled
DEBUG - 2023-01-04 14:06:13 --> Global POST, GET and COOKIE data sanitized
DEBUG - 2023-01-04 14:06:13 --> Config file loaded: /hwonpark/www/application/config/tree.php
DEBUG - 2023-01-04 14:06:13 --> Encryption: Auto-configured driver 'openssl'.
DEBUG - 2023-01-04 14:06:13 --> Total execution time: 0.0709
DEBUG - 2023-01-04 14:10:44 --> UTF-8 Support Enabled
DEBUG - 2023-01-04 14:10:44 --> No URI present. Default controller set.
DEBUG - 2023-01-04 14:10:44 --> Global POST, GET and COOKIE data sanitized
DEBUG - 2023-01-04 14:10:44 --> Config file loaded: /hwonpark/www/application/config/tree.php
DEBUG - 2023-01-04 14:10:44 --> Total execution time: 0.0662
DEBUG - 2023-01-04 14:10:46 --> UTF-8 Support Enabled
DEBUG - 2023-01-04 14:10:46 --> Global POST, GET and COOKIE data sanitized
ERROR - 2023-01-04 14:10:46 --> 404 Page Not Found: Faviconico/index
DEBUG - 2023-01-04 14:35:51 --> UTF-8 Support Enabled
DEBUG - 2023-01-04 14:35:51 --> Global POST, GET and COOKIE data sanitized
DEBUG - 2023-01-04 14:35:51 --> Config file loaded: /hwonpark/www/application/config/tree.php
DEBUG - 2023-01-04 14:35:52 --> UTF-8 Support Enabled
DEBUG - 2023-01-04 14:35:52 --> No URI present. Default controller set.
DEBUG - 2023-01-04 14:35:52 --> Global POST, GET and COOKIE data sanitized
DEBUG - 2023-01-04 14:35:52 --> Config file loaded: /hwonpark/www/application/config/tree.php
DEBUG - 2023-01-04 14:35:52 --> Total execution time: 0.0867
DEBUG - 2023-01-04 14:36:17 --> UTF-8 Support Enabled
DEBUG - 2023-01-04 14:36:17 --> Global POST, GET and COOKIE data sanitized
DEBUG - 2023-01-04 14:36:17 --> Config file loaded: /hwonpark/www/application/config/tree.php
DEBUG - 2023-01-04 14:36:17 --> Total execution time: 0.0382
DEBUG - 2023-01-04 15:11:45 --> UTF-8 Support Enabled
DEBUG - 2023-01-04 15:11:45 --> No URI present. Default controller set.
DEBUG - 2023-01-04 15:11:45 --> Global POST, GET and COOKIE data sanitized
DEBUG - 2023-01-04 15:11:45 --> Config file loaded: /hwonpark/www/application/config/tree.php
DEBUG - 2023-01-04 15:11:45 --> Total execution time: 0.0411
DEBUG - 2023-01-04 15:11:46 --> UTF-8 Support Enabled
DEBUG - 2023-01-04 15:11:46 --> Global POST, GET and COOKIE data sanitized
ERROR - 2023-01-04 15:11:46 --> 404 Page Not Found: Faviconico/index
DEBUG - 2023-01-04 16:06:09 --> UTF-8 Support Enabled
DEBUG - 2023-01-04 16:06:09 --> Global POST, GET and COOKIE data sanitized
DEBUG - 2023-01-04 16:06:09 --> Config file loaded: /hwonpark/www/application/config/tree.php
DEBUG - 2023-01-04 16:06:09 --> Total execution time: 0.0370
DEBUG - 2023-01-04 16:06:12 --> UTF-8 Support Enabled
DEBUG - 2023-01-04 16:06:12 --> Global POST, GET and COOKIE data sanitized
DEBUG - 2023-01-04 16:06:12 --> Config file loaded: /hwonpark/www/application/config/tree.php
DEBUG - 2023-01-04 16:06:12 --> Total execution time: 0.0664
DEBUG - 2023-01-04 16:06:17 --> UTF-8 Support Enabled
DEBUG - 2023-01-04 16:06:17 --> Global POST, GET and COOKIE data sanitized
DEBUG - 2023-01-04 16:06:17 --> Config file loaded: /hwonpark/www/application/config/tree.php
DEBUG - 2023-01-04 16:06:20 --> UTF-8 Support Enabled
DEBUG - 2023-01-04 16:06:20 --> Global POST, GET and COOKIE data sanitized
DEBUG - 2023-01-04 16:06:21 --> Config file loaded: /hwonpark/www/application/config/tree.php
DEBUG - 2023-01-04 16:06:21 --> Encryption: Auto-configured driver 'openssl'.
DEBUG - 2023-01-04 16:06:21 --> UTF-8 Support Enabled
DEBUG - 2023-01-04 16:06:21 --> Global POST, GET and COOKIE data sanitized
DEBUG - 2023-01-04 16:06:21 --> Config file loaded: /hwonpark/www/application/config/tree.php
DEBUG - 2023-01-04 16:06:21 --> Encryption: Auto-configured driver 'openssl'.
DEBUG - 2023-01-04 16:06:21 --> Encryption class already loaded. Second attempt ignored.
DEBUG - 2023-01-04 16:06:21 --> Total execution time: 0.0451
DEBUG - 2023-01-04 16:06:23 --> UTF-8 Support Enabled
DEBUG - 2023-01-04 16:06:23 --> Global POST, GET and COOKIE data sanitized
DEBUG - 2023-01-04 16:06:23 --> Config file loaded: /hwonpark/www/application/config/tree.php
DEBUG - 2023-01-04 16:06:23 --> Encryption: Auto-configured driver 'openssl'.
DEBUG - 2023-01-04 16:06:23 --> Total execution time: 0.0374
DEBUG - 2023-01-04 16:06:24 --> UTF-8 Support Enabled
DEBUG - 2023-01-04 16:06:24 --> Global POST, GET and COOKIE data sanitized
DEBUG - 2023-01-04 16:06:24 --> Config file loaded: /hwonpark/www/application/config/tree.php
DEBUG - 2023-01-04 16:06:24 --> Encryption: Auto-configured driver 'openssl'.
DEBUG - 2023-01-04 16:06:24 --> Total execution time: 0.0370
DEBUG - 2023-01-04 16:06:27 --> UTF-8 Support Enabled
DEBUG - 2023-01-04 16:06:27 --> Global POST, GET and COOKIE data sanitized
DEBUG - 2023-01-04 16:06:27 --> Config file loaded: /hwonpark/www/application/config/tree.php
DEBUG - 2023-01-04 16:06:27 --> Encryption: Auto-configured driver 'openssl'.
DEBUG - 2023-01-04 16:06:27 --> Total execution time: 0.0796
DEBUG - 2023-01-04 16:06:28 --> UTF-8 Support Enabled
DEBUG - 2023-01-04 16:06:28 --> Global POST, GET and COOKIE data sanitized
DEBUG - 2023-01-04 16:06:28 --> Config file loaded: /hwonpark/www/application/config/tree.php
DEBUG - 2023-01-04 16:06:28 --> Encryption: Auto-configured driver 'openssl'.
DEBUG - 2023-01-04 16:06:28 --> Total execution time: 0.0407
DEBUG - 2023-01-04 16:06:29 --> UTF-8 Support Enabled
DEBUG - 2023-01-04 16:06:29 --> Global POST, GET and COOKIE data sanitized
DEBUG - 2023-01-04 16:06:29 --> Config file loaded: /hwonpark/www/application/config/tree.php
DEBUG - 2023-01-04 16:06:29 --> Encryption: Auto-configured driver 'openssl'.
DEBUG - 2023-01-04 16:06:29 --> Total execution time: 0.0494
DEBUG - 2023-01-04 16:06:29 --> UTF-8 Support Enabled
DEBUG - 2023-01-04 16:06:29 --> Global POST, GET and COOKIE data sanitized
DEBUG - 2023-01-04 16:06:29 --> Config file loaded: /hwonpark/www/application/config/tree.php
DEBUG - 2023-01-04 16:06:29 --> Encryption: Auto-configured driver 'openssl'.
DEBUG - 2023-01-04 16:06:29 --> Total execution time: 0.0617
DEBUG - 2023-01-04 16:06:31 --> UTF-8 Support Enabled
DEBUG - 2023-01-04 16:06:31 --> Global POST, GET and COOKIE data sanitized
DEBUG - 2023-01-04 16:06:31 --> Config file loaded: /hwonpark/www/application/config/tree.php
DEBUG - 2023-01-04 16:06:31 --> Encryption: Auto-configured driver 'openssl'.
DEBUG - 2023-01-04 16:06:31 --> Total execution time: 0.0363
DEBUG - 2023-01-04 16:06:34 --> UTF-8 Support Enabled
DEBUG - 2023-01-04 16:06:34 --> Global POST, GET and COOKIE data sanitized
DEBUG - 2023-01-04 16:06:34 --> Config file loaded: /hwonpark/www/application/config/tree.php
DEBUG - 2023-01-04 16:06:34 --> Encryption: Auto-configured driver 'openssl'.
DEBUG - 2023-01-04 16:06:34 --> Total execution time: 0.0644
DEBUG - 2023-01-04 16:07:16 --> UTF-8 Support Enabled
DEBUG - 2023-01-04 16:07:16 --> Global POST, GET and COOKIE data sanitized
DEBUG - 2023-01-04 16:07:16 --> Config file loaded: /hwonpark/www/application/config/tree.php
DEBUG - 2023-01-04 16:07:16 --> Encryption: Auto-configured driver 'openssl'.
DEBUG - 2023-01-04 16:07:17 --> UTF-8 Support Enabled
DEBUG - 2023-01-04 16:07:17 --> Global POST, GET and COOKIE data sanitized
DEBUG - 2023-01-04 16:07:17 --> Config file loaded: /hwonpark/www/application/config/tree.php
DEBUG - 2023-01-04 16:07:17 --> Encryption: Auto-configured driver 'openssl'.
DEBUG - 2023-01-04 16:07:17 --> Total execution time: 0.0386
DEBUG - 2023-01-04 16:07:19 --> UTF-8 Support Enabled
DEBUG - 2023-01-04 16:07:19 --> Global POST, GET and COOKIE data sanitized
DEBUG - 2023-01-04 16:07:19 --> Config file loaded: /hwonpark/www/application/config/tree.php
DEBUG - 2023-01-04 16:07:19 --> Encryption: Auto-configured driver 'openssl'.
DEBUG - 2023-01-04 16:07:19 --> Total execution time: 0.0538
DEBUG - 2023-01-04 16:07:27 --> UTF-8 Support Enabled
DEBUG - 2023-01-04 16:07:27 --> Global POST, GET and COOKIE data sanitized
DEBUG - 2023-01-04 16:07:27 --> Config file loaded: /hwonpark/www/application/config/tree.php
DEBUG - 2023-01-04 16:07:27 --> Encryption: Auto-configured driver 'openssl'.
DEBUG - 2023-01-04 16:07:27 --> Total execution time: 0.0661
DEBUG - 2023-01-04 16:07:28 --> UTF-8 Support Enabled
DEBUG - 2023-01-04 16:07:28 --> Global POST, GET and COOKIE data sanitized
DEBUG - 2023-01-04 16:07:28 --> Config file loaded: /hwonpark/www/application/config/tree.php
DEBUG - 2023-01-04 16:07:28 --> Encryption: Auto-configured driver 'openssl'.
DEBUG - 2023-01-04 16:07:28 --> Total execution time: 0.0436
DEBUG - 2023-01-04 16:07:32 --> UTF-8 Support Enabled
DEBUG - 2023-01-04 16:07:32 --> Global POST, GET and COOKIE data sanitized
DEBUG - 2023-01-04 16:07:32 --> Config file loaded: /hwonpark/www/application/config/tree.php
DEBUG - 2023-01-04 16:07:32 --> Encryption: Auto-configured driver 'openssl'.
DEBUG - 2023-01-04 16:07:32 --> UTF-8 Support Enabled
DEBUG - 2023-01-04 16:07:32 --> Global POST, GET and COOKIE data sanitized
DEBUG - 2023-01-04 16:07:32 --> Config file loaded: /hwonpark/www/application/config/tree.php
DEBUG - 2023-01-04 16:07:32 --> Encryption: Auto-configured driver 'openssl'.
DEBUG - 2023-01-04 16:07:32 --> Total execution time: 0.0390
DEBUG - 2023-01-04 16:08:31 --> UTF-8 Support Enabled
DEBUG - 2023-01-04 16:08:31 --> Global POST, GET and COOKIE data sanitized
DEBUG - 2023-01-04 16:08:31 --> Config file loaded: /hwonpark/www/application/config/tree.php
DEBUG - 2023-01-04 16:08:31 --> Encryption: Auto-configured driver 'openssl'.
DEBUG - 2023-01-04 16:08:31 --> Total execution time: 0.0515
DEBUG - 2023-01-04 16:08:56 --> UTF-8 Support Enabled
DEBUG - 2023-01-04 16:08:56 --> Global POST, GET and COOKIE data sanitized
DEBUG - 2023-01-04 16:08:56 --> Config file loaded: /hwonpark/www/application/config/tree.php
DEBUG - 2023-01-04 16:08:56 --> Encryption: Auto-configured driver 'openssl'.
DEBUG - 2023-01-04 16:08:58 --> UTF-8 Support Enabled
DEBUG - 2023-01-04 16:08:58 --> Global POST, GET and COOKIE data sanitized
DEBUG - 2023-01-04 16:08:58 --> Config file loaded: /hwonpark/www/application/config/tree.php
DEBUG - 2023-01-04 16:08:58 --> Encryption: Auto-configured driver 'openssl'.
DEBUG - 2023-01-04 16:08:58 --> Total execution time: 0.0585
DEBUG - 2023-01-04 16:23:54 --> UTF-8 Support Enabled
DEBUG - 2023-01-04 16:23:54 --> Global POST, GET and COOKIE data sanitized
DEBUG - 2023-01-04 16:23:54 --> Config file loaded: /hwonpark/www/application/config/tree.php
DEBUG - 2023-01-04 16:23:56 --> UTF-8 Support Enabled
DEBUG - 2023-01-04 16:23:56 --> Global POST, GET and COOKIE data sanitized
DEBUG - 2023-01-04 16:23:56 --> Config file loaded: /hwonpark/www/application/config/tree.php
DEBUG - 2023-01-04 16:23:56 --> Total execution time: 0.0642
DEBUG - 2023-01-04 16:30:22 --> UTF-8 Support Enabled
DEBUG - 2023-01-04 16:30:22 --> No URI present. Default controller set.
DEBUG - 2023-01-04 16:30:22 --> Global POST, GET and COOKIE data sanitized
DEBUG - 2023-01-04 16:30:22 --> Config file loaded: /hwonpark/www/application/config/tree.php
DEBUG - 2023-01-04 16:30:22 --> Total execution time: 0.0332
DEBUG - 2023-01-04 16:30:27 --> UTF-8 Support Enabled
DEBUG - 2023-01-04 16:30:27 --> Global POST, GET and COOKIE data sanitized
ERROR - 2023-01-04 16:30:27 --> 404 Page Not Found: Faviconico/index
DEBUG - 2023-01-04 16:31:25 --> UTF-8 Support Enabled
DEBUG - 2023-01-04 16:31:25 --> Global POST, GET and COOKIE data sanitized
DEBUG - 2023-01-04 16:31:25 --> Config file loaded: /hwonpark/www/application/config/tree.php
DEBUG - 2023-01-04 16:31:25 --> Total execution time: 0.0509
DEBUG - 2023-01-04 16:31:26 --> UTF-8 Support Enabled
DEBUG - 2023-01-04 16:31:26 --> Global POST, GET and COOKIE data sanitized
ERROR - 2023-01-04 16:31:26 --> 404 Page Not Found: Faviconico/index
DEBUG - 2023-01-04 16:42:45 --> UTF-8 Support Enabled
DEBUG - 2023-01-04 16:42:45 --> No URI present. Default controller set.
DEBUG - 2023-01-04 16:42:45 --> Global POST, GET and COOKIE data sanitized
DEBUG - 2023-01-04 16:42:45 --> Config file loaded: /hwonpark/www/application/config/tree.php
DEBUG - 2023-01-04 16:42:45 --> Total execution time: 0.0627
DEBUG - 2023-01-04 17:12:23 --> UTF-8 Support Enabled
DEBUG - 2023-01-04 17:12:23 --> Global POST, GET and COOKIE data sanitized
DEBUG - 2023-01-04 17:12:23 --> Config file loaded: /hwonpark/www/application/config/tree.php
DEBUG - 2023-01-04 17:12:23 --> Total execution time: 0.0547
DEBUG - 2023-01-04 17:12:24 --> UTF-8 Support Enabled
DEBUG - 2023-01-04 17:12:24 --> Global POST, GET and COOKIE data sanitized
ERROR - 2023-01-04 17:12:24 --> 404 Page Not Found: Faviconico/index
DEBUG - 2023-01-04 17:12:28 --> UTF-8 Support Enabled
DEBUG - 2023-01-04 17:12:28 --> Global POST, GET and COOKIE data sanitized
DEBUG - 2023-01-04 17:12:28 --> Config file loaded: /hwonpark/www/application/config/tree.php
DEBUG - 2023-01-04 17:12:28 --> UTF-8 Support Enabled
DEBUG - 2023-01-04 17:12:28 --> Global POST, GET and COOKIE data sanitized
DEBUG - 2023-01-04 17:12:28 --> Config file loaded: /hwonpark/www/application/config/tree.php
DEBUG - 2023-01-04 17:12:28 --> Encryption: Auto-configured driver 'openssl'.
DEBUG - 2023-01-04 17:12:28 --> UTF-8 Support Enabled
DEBUG - 2023-01-04 17:12:28 --> Global POST, GET and COOKIE data sanitized
DEBUG - 2023-01-04 17:12:29 --> Config file loaded: /hwonpark/www/application/config/tree.php
DEBUG - 2023-01-04 17:12:29 --> Encryption: Auto-configured driver 'openssl'.
DEBUG - 2023-01-04 17:12:29 --> Encryption class already loaded. Second attempt ignored.
DEBUG - 2023-01-04 17:12:29 --> Total execution time: 0.0502
DEBUG - 2023-01-04 17:13:08 --> UTF-8 Support Enabled
DEBUG - 2023-01-04 17:13:08 --> No URI present. Default controller set.
DEBUG - 2023-01-04 17:13:08 --> Global POST, GET and COOKIE data sanitized
DEBUG - 2023-01-04 17:13:08 --> Config file loaded: /hwonpark/www/application/config/tree.php
DEBUG - 2023-01-04 17:13:08 --> Total execution time: 0.0298
DEBUG - 2023-01-04 17:13:09 --> UTF-8 Support Enabled
DEBUG - 2023-01-04 17:13:09 --> Global POST, GET and COOKIE data sanitized
ERROR - 2023-01-04 17:13:09 --> 404 Page Not Found: Faviconico/index
DEBUG - 2023-01-04 17:14:46 --> UTF-8 Support Enabled
DEBUG - 2023-01-04 17:14:46 --> Global POST, GET and COOKIE data sanitized
DEBUG - 2023-01-04 17:14:46 --> Config file loaded: /hwonpark/www/application/config/tree.php
DEBUG - 2023-01-04 17:14:46 --> Encryption: Auto-configured driver 'openssl'.
DEBUG - 2023-01-04 17:14:46 --> Total execution time: 0.0469
DEBUG - 2023-01-04 17:38:55 --> UTF-8 Support Enabled
DEBUG - 2023-01-04 17:38:55 --> Global POST, GET and COOKIE data sanitized
DEBUG - 2023-01-04 17:38:55 --> Config file loaded: /hwonpark/www/application/config/tree.php
DEBUG - 2023-01-04 17:38:57 --> UTF-8 Support Enabled
DEBUG - 2023-01-04 17:38:57 --> No URI present. Default controller set.
DEBUG - 2023-01-04 17:38:57 --> Global POST, GET and COOKIE data sanitized
DEBUG - 2023-01-04 17:38:57 --> Config file loaded: /hwonpark/www/application/config/tree.php
DEBUG - 2023-01-04 17:38:57 --> Total execution time: 0.0356
DEBUG - 2023-01-04 17:50:38 --> UTF-8 Support Enabled
DEBUG - 2023-01-04 17:50:38 --> No URI present. Default controller set.
DEBUG - 2023-01-04 17:50:38 --> Global POST, GET and COOKIE data sanitized
DEBUG - 2023-01-04 17:50:38 --> Config file loaded: /hwonpark/www/application/config/tree.php
DEBUG - 2023-01-04 17:50:38 --> Total execution time: 0.0583
DEBUG - 2023-01-04 17:50:39 --> UTF-8 Support Enabled
DEBUG - 2023-01-04 17:50:39 --> No URI present. Default controller set.
DEBUG - 2023-01-04 17:50:39 --> Global POST, GET and COOKIE data sanitized
DEBUG - 2023-01-04 17:50:39 --> Config file loaded: /hwonpark/www/application/config/tree.php
DEBUG - 2023-01-04 17:50:39 --> Total execution time: 0.0455
DEBUG - 2023-01-04 17:50:42 --> UTF-8 Support Enabled
DEBUG - 2023-01-04 17:50:42 --> Global POST, GET and COOKIE data sanitized
DEBUG - 2023-01-04 17:50:42 --> Config file loaded: /hwonpark/www/application/config/tree.php
DEBUG - 2023-01-04 17:50:42 --> Total execution time: 0.0464
