DEBUG - 2022-09-29 09:06:34 --> UTF-8 Support Enabled
DEBUG - 2022-09-29 09:06:34 --> Global POST, GET and COOKIE data sanitized
DEBUG - 2022-09-29 09:06:34 --> Config file loaded: /hwonpark/www/application/config/tree.php
DEBUG - 2022-09-29 09:06:34 --> Total execution time: 0.2240
DEBUG - 2022-09-29 09:06:35 --> UTF-8 Support Enabled
DEBUG - 2022-09-29 09:06:35 --> Global POST, GET and COOKIE data sanitized
ERROR - 2022-09-29 09:06:35 --> 404 Page Not Found: Faviconico/index
DEBUG - 2022-09-29 09:06:39 --> UTF-8 Support Enabled
DEBUG - 2022-09-29 09:06:39 --> Global POST, GET and COOKIE data sanitized
DEBUG - 2022-09-29 09:06:39 --> Config file loaded: /hwonpark/www/application/config/tree.php
DEBUG - 2022-09-29 09:06:40 --> UTF-8 Support Enabled
DEBUG - 2022-09-29 09:06:40 --> Global POST, GET and COOKIE data sanitized
DEBUG - 2022-09-29 09:06:40 --> Config file loaded: /hwonpark/www/application/config/tree.php
DEBUG - 2022-09-29 09:06:40 --> Encryption: Auto-configured driver 'openssl'.
DEBUG - 2022-09-29 09:06:40 --> UTF-8 Support Enabled
DEBUG - 2022-09-29 09:06:40 --> Global POST, GET and COOKIE data sanitized
DEBUG - 2022-09-29 09:06:40 --> Config file loaded: /hwonpark/www/application/config/tree.php
DEBUG - 2022-09-29 09:06:40 --> Encryption: Auto-configured driver 'openssl'.
DEBUG - 2022-09-29 09:06:40 --> Encryption class already loaded. Second attempt ignored.
DEBUG - 2022-09-29 09:06:40 --> Total execution time: 0.0772
DEBUG - 2022-09-29 09:06:46 --> UTF-8 Support Enabled
DEBUG - 2022-09-29 09:06:46 --> Global POST, GET and COOKIE data sanitized
DEBUG - 2022-09-29 09:06:46 --> Config file loaded: /hwonpark/www/application/config/tree.php
DEBUG - 2022-09-29 09:06:46 --> Encryption: Auto-configured driver 'openssl'.
DEBUG - 2022-09-29 09:06:46 --> Total execution time: 0.0518
DEBUG - 2022-09-29 09:06:52 --> UTF-8 Support Enabled
DEBUG - 2022-09-29 09:06:52 --> Global POST, GET and COOKIE data sanitized
DEBUG - 2022-09-29 09:06:52 --> Config file loaded: /hwonpark/www/application/config/tree.php
DEBUG - 2022-09-29 09:06:52 --> Encryption: Auto-configured driver 'openssl'.
DEBUG - 2022-09-29 09:06:52 --> Total execution time: 0.0817
DEBUG - 2022-09-29 09:07:09 --> UTF-8 Support Enabled
DEBUG - 2022-09-29 09:07:09 --> Global POST, GET and COOKIE data sanitized
DEBUG - 2022-09-29 09:07:09 --> Config file loaded: /hwonpark/www/application/config/tree.php
DEBUG - 2022-09-29 09:07:09 --> Encryption: Auto-configured driver 'openssl'.
DEBUG - 2022-09-29 09:07:09 --> Total execution time: 0.0446
DEBUG - 2022-09-29 09:07:12 --> UTF-8 Support Enabled
DEBUG - 2022-09-29 09:07:12 --> Global POST, GET and COOKIE data sanitized
DEBUG - 2022-09-29 09:07:12 --> Config file loaded: /hwonpark/www/application/config/tree.php
DEBUG - 2022-09-29 09:07:12 --> Encryption: Auto-configured driver 'openssl'.
DEBUG - 2022-09-29 09:07:12 --> Total execution time: 0.0670
DEBUG - 2022-09-29 09:07:27 --> UTF-8 Support Enabled
DEBUG - 2022-09-29 09:07:27 --> Global POST, GET and COOKIE data sanitized
DEBUG - 2022-09-29 09:07:27 --> Config file loaded: /hwonpark/www/application/config/tree.php
DEBUG - 2022-09-29 09:07:27 --> Encryption: Auto-configured driver 'openssl'.
DEBUG - 2022-09-29 09:07:27 --> Total execution time: 0.0404
DEBUG - 2022-09-29 09:07:30 --> UTF-8 Support Enabled
DEBUG - 2022-09-29 09:07:30 --> Global POST, GET and COOKIE data sanitized
DEBUG - 2022-09-29 09:07:30 --> Config file loaded: /hwonpark/www/application/config/tree.php
DEBUG - 2022-09-29 09:07:30 --> Encryption: Auto-configured driver 'openssl'.
DEBUG - 2022-09-29 09:07:30 --> Total execution time: 0.0455
DEBUG - 2022-09-29 09:16:21 --> UTF-8 Support Enabled
DEBUG - 2022-09-29 09:16:21 --> Global POST, GET and COOKIE data sanitized
DEBUG - 2022-09-29 09:16:21 --> Config file loaded: /hwonpark/www/application/config/tree.php
DEBUG - 2022-09-29 09:16:21 --> Encryption: Auto-configured driver 'openssl'.
DEBUG - 2022-09-29 09:16:21 --> UTF-8 Support Enabled
DEBUG - 2022-09-29 09:16:21 --> Global POST, GET and COOKIE data sanitized
DEBUG - 2022-09-29 09:16:21 --> Config file loaded: /hwonpark/www/application/config/tree.php
DEBUG - 2022-09-29 09:16:21 --> Encryption: Auto-configured driver 'openssl'.
DEBUG - 2022-09-29 09:16:21 --> Encryption class already loaded. Second attempt ignored.
DEBUG - 2022-09-29 09:16:21 --> Total execution time: 0.0402
DEBUG - 2022-09-29 09:16:22 --> UTF-8 Support Enabled
DEBUG - 2022-09-29 09:16:22 --> Global POST, GET and COOKIE data sanitized
DEBUG - 2022-09-29 09:16:22 --> Config file loaded: /hwonpark/www/application/config/tree.php
DEBUG - 2022-09-29 09:16:22 --> Encryption: Auto-configured driver 'openssl'.
DEBUG - 2022-09-29 09:16:22 --> Total execution time: 0.0382
DEBUG - 2022-09-29 09:16:24 --> UTF-8 Support Enabled
DEBUG - 2022-09-29 09:16:24 --> Global POST, GET and COOKIE data sanitized
DEBUG - 2022-09-29 09:16:24 --> Config file loaded: /hwonpark/www/application/config/tree.php
DEBUG - 2022-09-29 09:16:24 --> Encryption: Auto-configured driver 'openssl'.
DEBUG - 2022-09-29 09:16:24 --> Total execution time: 0.0360
DEBUG - 2022-09-29 09:16:26 --> UTF-8 Support Enabled
DEBUG - 2022-09-29 09:16:26 --> Global POST, GET and COOKIE data sanitized
DEBUG - 2022-09-29 09:16:26 --> Config file loaded: /hwonpark/www/application/config/tree.php
DEBUG - 2022-09-29 09:16:26 --> Encryption: Auto-configured driver 'openssl'.
DEBUG - 2022-09-29 09:16:26 --> Total execution time: 0.0680
DEBUG - 2022-09-29 09:16:54 --> UTF-8 Support Enabled
DEBUG - 2022-09-29 09:16:54 --> Global POST, GET and COOKIE data sanitized
DEBUG - 2022-09-29 09:16:54 --> Config file loaded: /hwonpark/www/application/config/tree.php
DEBUG - 2022-09-29 09:16:54 --> Encryption: Auto-configured driver 'openssl'.
DEBUG - 2022-09-29 09:16:55 --> UTF-8 Support Enabled
DEBUG - 2022-09-29 09:16:55 --> Global POST, GET and COOKIE data sanitized
DEBUG - 2022-09-29 09:16:55 --> Config file loaded: /hwonpark/www/application/config/tree.php
DEBUG - 2022-09-29 09:16:55 --> Encryption: Auto-configured driver 'openssl'.
DEBUG - 2022-09-29 09:16:55 --> Total execution time: 0.0376
DEBUG - 2022-09-29 09:17:40 --> UTF-8 Support Enabled
DEBUG - 2022-09-29 09:17:40 --> Global POST, GET and COOKIE data sanitized
DEBUG - 2022-09-29 09:17:40 --> Config file loaded: /hwonpark/www/application/config/tree.php
DEBUG - 2022-09-29 09:17:40 --> Encryption: Auto-configured driver 'openssl'.
DEBUG - 2022-09-29 09:17:40 --> Total execution time: 0.0435
DEBUG - 2022-09-29 09:17:48 --> UTF-8 Support Enabled
DEBUG - 2022-09-29 09:17:48 --> Global POST, GET and COOKIE data sanitized
DEBUG - 2022-09-29 09:17:48 --> Config file loaded: /hwonpark/www/application/config/tree.php
DEBUG - 2022-09-29 09:17:48 --> Encryption: Auto-configured driver 'openssl'.
DEBUG - 2022-09-29 09:17:49 --> UTF-8 Support Enabled
DEBUG - 2022-09-29 09:17:49 --> Global POST, GET and COOKIE data sanitized
DEBUG - 2022-09-29 09:17:49 --> Config file loaded: /hwonpark/www/application/config/tree.php
DEBUG - 2022-09-29 09:17:49 --> Encryption: Auto-configured driver 'openssl'.
DEBUG - 2022-09-29 09:17:49 --> Total execution time: 0.0341
DEBUG - 2022-09-29 09:17:52 --> UTF-8 Support Enabled
DEBUG - 2022-09-29 09:17:52 --> Global POST, GET and COOKIE data sanitized
DEBUG - 2022-09-29 09:17:52 --> Config file loaded: /hwonpark/www/application/config/tree.php
DEBUG - 2022-09-29 09:17:52 --> Encryption: Auto-configured driver 'openssl'.
DEBUG - 2022-09-29 09:17:52 --> Total execution time: 0.0455
DEBUG - 2022-09-29 09:17:55 --> UTF-8 Support Enabled
DEBUG - 2022-09-29 09:17:55 --> Global POST, GET and COOKIE data sanitized
DEBUG - 2022-09-29 09:17:55 --> Config file loaded: /hwonpark/www/application/config/tree.php
DEBUG - 2022-09-29 09:17:55 --> Encryption: Auto-configured driver 'openssl'.
DEBUG - 2022-09-29 09:17:55 --> Total execution time: 0.0728
DEBUG - 2022-09-29 09:18:08 --> UTF-8 Support Enabled
DEBUG - 2022-09-29 09:18:08 --> Global POST, GET and COOKIE data sanitized
DEBUG - 2022-09-29 09:18:08 --> Config file loaded: /hwonpark/www/application/config/tree.php
DEBUG - 2022-09-29 09:18:08 --> Encryption: Auto-configured driver 'openssl'.
DEBUG - 2022-09-29 09:18:08 --> UTF-8 Support Enabled
DEBUG - 2022-09-29 09:18:08 --> Global POST, GET and COOKIE data sanitized
DEBUG - 2022-09-29 09:18:08 --> Config file loaded: /hwonpark/www/application/config/tree.php
DEBUG - 2022-09-29 09:18:08 --> Encryption: Auto-configured driver 'openssl'.
DEBUG - 2022-09-29 09:18:08 --> Total execution time: 0.0346
DEBUG - 2022-09-29 09:18:15 --> UTF-8 Support Enabled
DEBUG - 2022-09-29 09:18:15 --> Global POST, GET and COOKIE data sanitized
DEBUG - 2022-09-29 09:18:15 --> Config file loaded: /hwonpark/www/application/config/tree.php
DEBUG - 2022-09-29 09:18:15 --> Encryption: Auto-configured driver 'openssl'.
DEBUG - 2022-09-29 09:18:15 --> Total execution time: 0.0320
DEBUG - 2022-09-29 09:58:12 --> UTF-8 Support Enabled
DEBUG - 2022-09-29 09:58:12 --> No URI present. Default controller set.
DEBUG - 2022-09-29 09:58:12 --> Global POST, GET and COOKIE data sanitized
DEBUG - 2022-09-29 09:58:12 --> Config file loaded: /hwonpark/www/application/config/tree.php
DEBUG - 2022-09-29 09:58:12 --> Total execution time: 0.0339
DEBUG - 2022-09-29 10:01:40 --> UTF-8 Support Enabled
DEBUG - 2022-09-29 10:01:40 --> Global POST, GET and COOKIE data sanitized
DEBUG - 2022-09-29 10:01:40 --> Config file loaded: /hwonpark/www/application/config/tree.php
DEBUG - 2022-09-29 10:01:40 --> Total execution time: 0.0599
DEBUG - 2022-09-29 10:01:41 --> UTF-8 Support Enabled
DEBUG - 2022-09-29 10:01:41 --> No URI present. Default controller set.
DEBUG - 2022-09-29 10:01:41 --> Global POST, GET and COOKIE data sanitized
DEBUG - 2022-09-29 10:01:41 --> Config file loaded: /hwonpark/www/application/config/tree.php
DEBUG - 2022-09-29 10:01:41 --> Total execution time: 0.0329
DEBUG - 2022-09-29 10:01:42 --> UTF-8 Support Enabled
DEBUG - 2022-09-29 10:01:42 --> Global POST, GET and COOKIE data sanitized
ERROR - 2022-09-29 10:01:42 --> 404 Page Not Found: Faviconico/index
DEBUG - 2022-09-29 10:01:49 --> UTF-8 Support Enabled
DEBUG - 2022-09-29 10:01:49 --> No URI present. Default controller set.
DEBUG - 2022-09-29 10:01:49 --> Global POST, GET and COOKIE data sanitized
DEBUG - 2022-09-29 10:01:49 --> Config file loaded: /hwonpark/www/application/config/tree.php
DEBUG - 2022-09-29 10:01:49 --> Total execution time: 0.0309
DEBUG - 2022-09-29 10:05:10 --> UTF-8 Support Enabled
DEBUG - 2022-09-29 10:05:10 --> No URI present. Default controller set.
DEBUG - 2022-09-29 10:05:10 --> Global POST, GET and COOKIE data sanitized
DEBUG - 2022-09-29 10:05:10 --> Config file loaded: /hwonpark/www/application/config/tree.php
DEBUG - 2022-09-29 10:05:10 --> Total execution time: 0.0338
DEBUG - 2022-09-29 10:06:07 --> UTF-8 Support Enabled
DEBUG - 2022-09-29 10:06:07 --> No URI present. Default controller set.
DEBUG - 2022-09-29 10:06:07 --> Global POST, GET and COOKIE data sanitized
DEBUG - 2022-09-29 10:06:07 --> Config file loaded: /hwonpark/www/application/config/tree.php
DEBUG - 2022-09-29 10:06:07 --> Total execution time: 0.0298
DEBUG - 2022-09-29 10:06:08 --> UTF-8 Support Enabled
DEBUG - 2022-09-29 10:06:08 --> Global POST, GET and COOKIE data sanitized
ERROR - 2022-09-29 10:06:08 --> 404 Page Not Found: Faviconico/index
DEBUG - 2022-09-29 14:02:55 --> UTF-8 Support Enabled
DEBUG - 2022-09-29 14:02:55 --> Global POST, GET and COOKIE data sanitized
DEBUG - 2022-09-29 14:02:55 --> Config file loaded: /hwonpark/www/application/config/tree.php
DEBUG - 2022-09-29 14:02:55 --> Total execution time: 0.2036
DEBUG - 2022-09-29 16:02:34 --> UTF-8 Support Enabled
DEBUG - 2022-09-29 16:02:34 --> No URI present. Default controller set.
DEBUG - 2022-09-29 16:02:34 --> Global POST, GET and COOKIE data sanitized
DEBUG - 2022-09-29 16:02:34 --> Config file loaded: /hwonpark/www/application/config/tree.php
DEBUG - 2022-09-29 16:02:34 --> Total execution time: 0.0764
DEBUG - 2022-09-29 16:04:24 --> UTF-8 Support Enabled
DEBUG - 2022-09-29 16:04:24 --> Global POST, GET and COOKIE data sanitized
DEBUG - 2022-09-29 16:04:24 --> Config file loaded: /hwonpark/www/application/config/tree.php
DEBUG - 2022-09-29 16:04:24 --> Total execution time: 0.0705
DEBUG - 2022-09-29 16:04:30 --> UTF-8 Support Enabled
DEBUG - 2022-09-29 16:04:30 --> Global POST, GET and COOKIE data sanitized
DEBUG - 2022-09-29 16:04:30 --> Config file loaded: /hwonpark/www/application/config/tree.php
DEBUG - 2022-09-29 16:04:32 --> UTF-8 Support Enabled
DEBUG - 2022-09-29 16:04:32 --> Global POST, GET and COOKIE data sanitized
DEBUG - 2022-09-29 16:04:32 --> Config file loaded: /hwonpark/www/application/config/tree.php
DEBUG - 2022-09-29 16:04:32 --> Total execution time: 0.0361
DEBUG - 2022-09-29 16:04:48 --> UTF-8 Support Enabled
DEBUG - 2022-09-29 16:04:48 --> Global POST, GET and COOKIE data sanitized
DEBUG - 2022-09-29 16:04:48 --> Config file loaded: /hwonpark/www/application/config/tree.php
DEBUG - 2022-09-29 16:04:48 --> =================== DL_auth-> oauth::CALLBACK - 시작
DEBUG - 2022-09-29 16:04:48 --> =================== DL_auth-> oauth::CALLBACK - kakao param=:: error=
DEBUG - 2022-09-29 16:04:48 --> =================== DL_auth-> oauth::CALLBACK - kakao param=:: state=
DEBUG - 2022-09-29 16:04:48 --> =================== DL_auth-> oauth::CALLBACK - kakao param=:: code=w29o-u7gGr_Ag13su2qWNkgSioz4XZsbwQV18ePUX3I9rwKL3jJuujljaWZZhGMnpBj30Ao9dRkAAAGDiA_qJg
DEBUG - 2022-09-29 16:04:48 --> =================== DL_auth -> kakao oauth :2: code=w29o-u7gGr_Ag13su2qWNkgSioz4XZsbwQV18ePUX3I9rwKL3jJuujljaWZZhGMnpBj30Ao9dRkAAAGDiA_qJg
DEBUG - 2022-09-29 16:04:48 --> ====================Dl_auth -> kakao_login :: 시작
DEBUG - 2022-09-29 16:04:48 --> --------------------Dl_auth::kakao_login - 1.토큰요청 시작
DEBUG - 2022-09-29 16:04:48 --> Dl_auth::kakao_login - get_token 시작 n=2
DEBUG - 2022-09-29 16:04:48 --> --------------------Dl_auth::kakao_login - 1.2.토큰요청 시작 -> 기타브라우저
DEBUG - 2022-09-29 16:04:48 --> --------------------Dl_auth::kakao_login - 1.3.토큰요청
DEBUG - 2022-09-29 16:04:48 --> --------------------Dl_auth::kakao_login - 1.4.토큰요청 -> 성공
DEBUG - 2022-09-29 16:04:51 --> UTF-8 Support Enabled
DEBUG - 2022-09-29 16:04:51 --> Global POST, GET and COOKIE data sanitized
DEBUG - 2022-09-29 16:04:51 --> Config file loaded: /hwonpark/www/application/config/tree.php
DEBUG - 2022-09-29 16:04:51 --> =================== DL_auth-> oauth::CALLBACK - 시작
DEBUG - 2022-09-29 16:04:51 --> =================== DL_auth-> oauth::CALLBACK - kakao param=:: error=
DEBUG - 2022-09-29 16:04:51 --> =================== DL_auth-> oauth::CALLBACK - kakao param=:: state=
DEBUG - 2022-09-29 16:04:51 --> =================== DL_auth-> oauth::CALLBACK - kakao param=:: code=kxxirB3jDUfAH7fZT9cP1-NuguXgY7zUid9-ULmJWGWCNnxILc8pwl6aC03XIVdX3VRoaQo9cusAAAGDiA_0Ww
DEBUG - 2022-09-29 16:04:51 --> =================== DL_auth -> kakao oauth :2: code=kxxirB3jDUfAH7fZT9cP1-NuguXgY7zUid9-ULmJWGWCNnxILc8pwl6aC03XIVdX3VRoaQo9cusAAAGDiA_0Ww
DEBUG - 2022-09-29 16:04:51 --> ====================Dl_auth -> kakao_login :: 시작
DEBUG - 2022-09-29 16:04:51 --> ====================Dl_auth::kakao_login - 1.3.5- 사이트 회원정보 업데이트 성공(카카오 인증 완료) state=
DEBUG - 2022-09-29 16:04:54 --> UTF-8 Support Enabled
DEBUG - 2022-09-29 16:04:54 --> Global POST, GET and COOKIE data sanitized
DEBUG - 2022-09-29 16:04:54 --> Config file loaded: /hwonpark/www/application/config/tree.php
DEBUG - 2022-09-29 16:04:54 --> Encryption: Auto-configured driver 'openssl'.
DEBUG - 2022-09-29 16:04:54 --> Total execution time: 0.0420
DEBUG - 2022-09-29 16:04:59 --> UTF-8 Support Enabled
DEBUG - 2022-09-29 16:04:59 --> Global POST, GET and COOKIE data sanitized
DEBUG - 2022-09-29 16:04:59 --> Config file loaded: /hwonpark/www/application/config/tree.php
DEBUG - 2022-09-29 16:04:59 --> Encryption: Auto-configured driver 'openssl'.
DEBUG - 2022-09-29 16:04:59 --> Total execution time: 0.0300
DEBUG - 2022-09-29 16:05:01 --> UTF-8 Support Enabled
DEBUG - 2022-09-29 16:05:01 --> Global POST, GET and COOKIE data sanitized
DEBUG - 2022-09-29 16:05:02 --> Config file loaded: /hwonpark/www/application/config/tree.php
DEBUG - 2022-09-29 16:05:02 --> Encryption: Auto-configured driver 'openssl'.
DEBUG - 2022-09-29 16:05:02 --> Total execution time: 0.6580
DEBUG - 2022-09-29 16:05:03 --> UTF-8 Support Enabled
DEBUG - 2022-09-29 16:05:03 --> Global POST, GET and COOKIE data sanitized
ERROR - 2022-09-29 16:05:03 --> 404 Page Not Found: Faviconico/index
DEBUG - 2022-09-29 17:35:51 --> UTF-8 Support Enabled
DEBUG - 2022-09-29 17:35:51 --> No URI present. Default controller set.
DEBUG - 2022-09-29 17:35:51 --> Global POST, GET and COOKIE data sanitized
DEBUG - 2022-09-29 17:35:51 --> Config file loaded: /hwonpark/www/application/config/tree.php
DEBUG - 2022-09-29 17:35:51 --> Total execution time: 0.0349
DEBUG - 2022-09-29 18:30:02 --> UTF-8 Support Enabled
DEBUG - 2022-09-29 18:30:02 --> No URI present. Default controller set.
DEBUG - 2022-09-29 18:30:02 --> Global POST, GET and COOKIE data sanitized
DEBUG - 2022-09-29 18:30:03 --> Config file loaded: /hwonpark/www/application/config/tree.php
DEBUG - 2022-09-29 18:30:03 --> Total execution time: 0.7005
DEBUG - 2022-09-29 19:57:08 --> UTF-8 Support Enabled
DEBUG - 2022-09-29 19:57:08 --> No URI present. Default controller set.
DEBUG - 2022-09-29 19:57:08 --> Global POST, GET and COOKIE data sanitized
DEBUG - 2022-09-29 19:57:08 --> Config file loaded: /hwonpark/www/application/config/tree.php
DEBUG - 2022-09-29 19:57:08 --> Total execution time: 0.1864
DEBUG - 2022-09-29 19:57:09 --> UTF-8 Support Enabled
DEBUG - 2022-09-29 19:57:09 --> Global POST, GET and COOKIE data sanitized
ERROR - 2022-09-29 19:57:09 --> 404 Page Not Found: Faviconico/index
DEBUG - 2022-09-29 19:57:10 --> UTF-8 Support Enabled
DEBUG - 2022-09-29 19:57:10 --> Global POST, GET and COOKIE data sanitized
DEBUG - 2022-09-29 19:57:10 --> Config file loaded: /hwonpark/www/application/config/tree.php
DEBUG - 2022-09-29 19:57:10 --> Total execution time: 0.0695
DEBUG - 2022-09-29 23:01:43 --> UTF-8 Support Enabled
DEBUG - 2022-09-29 23:01:43 --> No URI present. Default controller set.
DEBUG - 2022-09-29 23:01:43 --> Global POST, GET and COOKIE data sanitized
DEBUG - 2022-09-29 23:01:43 --> Config file loaded: /hwonpark/www/application/config/tree.php
DEBUG - 2022-09-29 23:01:43 --> Total execution time: 0.1131
DEBUG - 2022-09-29 23:01:45 --> UTF-8 Support Enabled
DEBUG - 2022-09-29 23:01:45 --> Global POST, GET and COOKIE data sanitized
ERROR - 2022-09-29 23:01:45 --> 404 Page Not Found: Faviconico/index
