DEBUG - 2022-09-25 14:39:58 --> UTF-8 Support Enabled
DEBUG - 2022-09-25 14:39:58 --> No URI present. Default controller set.
DEBUG - 2022-09-25 14:39:58 --> Global POST, GET and COOKIE data sanitized
DEBUG - 2022-09-25 14:39:59 --> Config file loaded: /hwonpark/www/application/config/tree.php
DEBUG - 2022-09-25 14:39:59 --> Total execution time: 0.2389
DEBUG - 2022-09-25 14:40:08 --> UTF-8 Support Enabled
DEBUG - 2022-09-25 14:40:08 --> Global POST, GET and COOKIE data sanitized
ERROR - 2022-09-25 14:40:08 --> 404 Page Not Found: Faviconico/index
DEBUG - 2022-09-25 18:52:52 --> UTF-8 Support Enabled
DEBUG - 2022-09-25 18:52:52 --> No URI present. Default controller set.
DEBUG - 2022-09-25 18:52:52 --> Global POST, GET and COOKIE data sanitized
DEBUG - 2022-09-25 18:52:52 --> Config file loaded: /hwonpark/www/application/config/tree.php
DEBUG - 2022-09-25 18:52:52 --> Total execution time: 0.1671
DEBUG - 2022-09-25 18:52:54 --> UTF-8 Support Enabled
DEBUG - 2022-09-25 18:52:54 --> Global POST, GET and COOKIE data sanitized
ERROR - 2022-09-25 18:52:54 --> 404 Page Not Found: Faviconico/index
DEBUG - 2022-09-25 18:52:55 --> UTF-8 Support Enabled
DEBUG - 2022-09-25 18:52:55 --> Global POST, GET and COOKIE data sanitized
DEBUG - 2022-09-25 18:52:55 --> Config file loaded: /hwonpark/www/application/config/tree.php
DEBUG - 2022-09-25 18:52:55 --> Total execution time: 0.0709
DEBUG - 2022-09-25 18:52:56 --> UTF-8 Support Enabled
DEBUG - 2022-09-25 18:52:56 --> Global POST, GET and COOKIE data sanitized
DEBUG - 2022-09-25 18:52:56 --> Config file loaded: /hwonpark/www/application/config/tree.php
DEBUG - 2022-09-25 18:52:56 --> Total execution time: 0.0372
DEBUG - 2022-09-25 19:10:25 --> UTF-8 Support Enabled
DEBUG - 2022-09-25 19:10:25 --> Global POST, GET and COOKIE data sanitized
DEBUG - 2022-09-25 19:10:25 --> Config file loaded: /hwonpark/www/application/config/tree.php
DEBUG - 2022-09-25 19:10:25 --> Total execution time: 0.0481
DEBUG - 2022-09-25 19:10:35 --> UTF-8 Support Enabled
DEBUG - 2022-09-25 19:10:35 --> Global POST, GET and COOKIE data sanitized
DEBUG - 2022-09-25 19:10:35 --> Config file loaded: /hwonpark/www/application/config/tree.php
DEBUG - 2022-09-25 19:10:35 --> Total execution time: 0.0629
DEBUG - 2022-09-25 19:10:38 --> UTF-8 Support Enabled
DEBUG - 2022-09-25 19:10:38 --> Global POST, GET and COOKIE data sanitized
DEBUG - 2022-09-25 19:10:39 --> Config file loaded: /hwonpark/www/application/config/tree.php
DEBUG - 2022-09-25 19:10:39 --> Total execution time: 0.0637
DEBUG - 2022-09-25 19:10:43 --> UTF-8 Support Enabled
DEBUG - 2022-09-25 19:10:43 --> Global POST, GET and COOKIE data sanitized
DEBUG - 2022-09-25 19:10:43 --> Config file loaded: /hwonpark/www/application/config/tree.php
DEBUG - 2022-09-25 19:10:43 --> Total execution time: 0.0378
DEBUG - 2022-09-25 19:10:46 --> UTF-8 Support Enabled
DEBUG - 2022-09-25 19:10:46 --> Global POST, GET and COOKIE data sanitized
DEBUG - 2022-09-25 19:10:46 --> Config file loaded: /hwonpark/www/application/config/tree.php
DEBUG - 2022-09-25 19:10:46 --> Total execution time: 0.0351
DEBUG - 2022-09-25 19:10:54 --> UTF-8 Support Enabled
DEBUG - 2022-09-25 19:10:54 --> Global POST, GET and COOKIE data sanitized
DEBUG - 2022-09-25 19:10:54 --> Config file loaded: /hwonpark/www/application/config/tree.php
DEBUG - 2022-09-25 19:10:54 --> Total execution time: 0.0647
DEBUG - 2022-09-25 19:12:24 --> UTF-8 Support Enabled
DEBUG - 2022-09-25 19:12:24 --> Global POST, GET and COOKIE data sanitized
DEBUG - 2022-09-25 19:12:24 --> Config file loaded: /hwonpark/www/application/config/tree.php
DEBUG - 2022-09-25 19:12:24 --> Total execution time: 0.0403
DEBUG - 2022-09-25 19:12:29 --> UTF-8 Support Enabled
DEBUG - 2022-09-25 19:12:29 --> Global POST, GET and COOKIE data sanitized
DEBUG - 2022-09-25 19:12:29 --> Config file loaded: /hwonpark/www/application/config/tree.php
DEBUG - 2022-09-25 19:12:31 --> UTF-8 Support Enabled
DEBUG - 2022-09-25 19:12:31 --> Global POST, GET and COOKIE data sanitized
DEBUG - 2022-09-25 19:12:31 --> Config file loaded: /hwonpark/www/application/config/tree.php
DEBUG - 2022-09-25 19:12:31 --> Total execution time: 0.0564
DEBUG - 2022-09-25 19:12:32 --> UTF-8 Support Enabled
DEBUG - 2022-09-25 19:12:32 --> Global POST, GET and COOKIE data sanitized
DEBUG - 2022-09-25 19:12:32 --> Config file loaded: /hwonpark/www/application/config/tree.php
DEBUG - 2022-09-25 19:12:32 --> =================== DL_auth-> oauth::CALLBACK - 시작
DEBUG - 2022-09-25 19:12:32 --> =================== DL_auth-> oauth::CALLBACK - kakao param=:: error=
DEBUG - 2022-09-25 19:12:32 --> =================== DL_auth-> oauth::CALLBACK - kakao param=:: state=
DEBUG - 2022-09-25 19:12:32 --> =================== DL_auth-> oauth::CALLBACK - kakao param=:: code=xnI5gbGmTxc_jkj0t8JMUfE0zFXF_cKaRmyhix0_ymGJQJVwDIBf0vt6nqA-vWRUmPvBRAo9dJkAAAGDdCJeNg
DEBUG - 2022-09-25 19:12:32 --> =================== DL_auth -> kakao oauth :2: code=xnI5gbGmTxc_jkj0t8JMUfE0zFXF_cKaRmyhix0_ymGJQJVwDIBf0vt6nqA-vWRUmPvBRAo9dJkAAAGDdCJeNg
DEBUG - 2022-09-25 19:12:32 --> ====================Dl_auth -> kakao_login :: 시작
DEBUG - 2022-09-25 19:12:32 --> --------------------Dl_auth::kakao_login - 1.토큰요청 시작
DEBUG - 2022-09-25 19:12:32 --> Dl_auth::kakao_login - get_token 시작 n=2
DEBUG - 2022-09-25 19:12:32 --> --------------------Dl_auth::kakao_login - 1.2.토큰요청 시작 -> 기타브라우저
DEBUG - 2022-09-25 19:12:32 --> --------------------Dl_auth::kakao_login - 1.3.토큰요청
DEBUG - 2022-09-25 19:12:33 --> --------------------Dl_auth::kakao_login - 1.4.토큰요청 -> 성공
DEBUG - 2022-09-25 19:12:33 --> UTF-8 Support Enabled
DEBUG - 2022-09-25 19:12:33 --> Global POST, GET and COOKIE data sanitized
DEBUG - 2022-09-25 19:12:33 --> Config file loaded: /hwonpark/www/application/config/tree.php
DEBUG - 2022-09-25 19:12:33 --> =================== DL_auth-> oauth::CALLBACK - 시작
DEBUG - 2022-09-25 19:12:33 --> =================== DL_auth-> oauth::CALLBACK - kakao param=:: error=
DEBUG - 2022-09-25 19:12:33 --> =================== DL_auth-> oauth::CALLBACK - kakao param=:: state=
DEBUG - 2022-09-25 19:12:33 --> =================== DL_auth-> oauth::CALLBACK - kakao param=:: code=xnI5gbGmTxc_jkj0t8JMUfE0zFXF_cKaRmyhix0_ymGJQJVwDIBf0vt6nqA-vWRUmPvBRAo9dJkAAAGDdCJeNg
DEBUG - 2022-09-25 19:12:33 --> =================== DL_auth -> kakao oauth :2: code=xnI5gbGmTxc_jkj0t8JMUfE0zFXF_cKaRmyhix0_ymGJQJVwDIBf0vt6nqA-vWRUmPvBRAo9dJkAAAGDdCJeNg
DEBUG - 2022-09-25 19:12:33 --> ====================Dl_auth -> kakao_login :: 시작
DEBUG - 2022-09-25 19:12:33 --> ====================Dl_auth::kakao_login - 1.3.5- 사이트 회원정보 업데이트 성공(카카오 인증 완료) state=
DEBUG - 2022-09-25 19:12:34 --> UTF-8 Support Enabled
DEBUG - 2022-09-25 19:12:34 --> Global POST, GET and COOKIE data sanitized
DEBUG - 2022-09-25 19:12:34 --> Config file loaded: /hwonpark/www/application/config/tree.php
DEBUG - 2022-09-25 19:12:34 --> Encryption: Auto-configured driver 'openssl'.
DEBUG - 2022-09-25 19:12:34 --> Total execution time: 0.0410
DEBUG - 2022-09-25 19:12:38 --> UTF-8 Support Enabled
DEBUG - 2022-09-25 19:12:38 --> Global POST, GET and COOKIE data sanitized
DEBUG - 2022-09-25 19:12:38 --> Config file loaded: /hwonpark/www/application/config/tree.php
DEBUG - 2022-09-25 19:12:38 --> Encryption: Auto-configured driver 'openssl'.
DEBUG - 2022-09-25 19:12:38 --> Total execution time: 0.0614
DEBUG - 2022-09-25 19:12:42 --> UTF-8 Support Enabled
DEBUG - 2022-09-25 19:12:42 --> Global POST, GET and COOKIE data sanitized
DEBUG - 2022-09-25 19:12:42 --> Config file loaded: /hwonpark/www/application/config/tree.php
DEBUG - 2022-09-25 19:12:42 --> Encryption: Auto-configured driver 'openssl'.
DEBUG - 2022-09-25 19:12:42 --> Total execution time: 0.0655
DEBUG - 2022-09-25 19:12:45 --> UTF-8 Support Enabled
DEBUG - 2022-09-25 19:12:45 --> Global POST, GET and COOKIE data sanitized
DEBUG - 2022-09-25 19:12:45 --> Config file loaded: /hwonpark/www/application/config/tree.php
DEBUG - 2022-09-25 19:12:45 --> Encryption: Auto-configured driver 'openssl'.
DEBUG - 2022-09-25 19:12:45 --> Total execution time: 0.0551
DEBUG - 2022-09-25 19:12:48 --> UTF-8 Support Enabled
DEBUG - 2022-09-25 19:12:48 --> Global POST, GET and COOKIE data sanitized
DEBUG - 2022-09-25 19:12:48 --> Config file loaded: /hwonpark/www/application/config/tree.php
DEBUG - 2022-09-25 19:12:48 --> Encryption: Auto-configured driver 'openssl'.
DEBUG - 2022-09-25 20:33:17 --> UTF-8 Support Enabled
DEBUG - 2022-09-25 20:33:17 --> Global POST, GET and COOKIE data sanitized
DEBUG - 2022-09-25 20:33:17 --> Config file loaded: /hwonpark/www/application/config/tree.php
DEBUG - 2022-09-25 20:33:19 --> UTF-8 Support Enabled
DEBUG - 2022-09-25 20:33:19 --> Global POST, GET and COOKIE data sanitized
DEBUG - 2022-09-25 20:33:19 --> Config file loaded: /hwonpark/www/application/config/tree.php
DEBUG - 2022-09-25 20:33:19 --> Total execution time: 0.0304
DEBUG - 2022-09-25 20:33:20 --> UTF-8 Support Enabled
DEBUG - 2022-09-25 20:33:20 --> Global POST, GET and COOKIE data sanitized
DEBUG - 2022-09-25 20:33:21 --> Config file loaded: /hwonpark/www/application/config/tree.php
DEBUG - 2022-09-25 20:33:21 --> =================== DL_auth-> oauth::CALLBACK - 시작
DEBUG - 2022-09-25 20:33:21 --> =================== DL_auth-> oauth::CALLBACK - kakao param=:: error=
DEBUG - 2022-09-25 20:33:21 --> =================== DL_auth-> oauth::CALLBACK - kakao param=:: state=
DEBUG - 2022-09-25 20:33:21 --> =================== DL_auth-> oauth::CALLBACK - kakao param=:: code=bK1EeBfrHo_ynfaUbvITLmzvExcJYsvJET1U9eOj_eXSDALeGvMZQ-OCUuEJgSrYYoM_EAo9dVwAAAGDdGxXuQ
DEBUG - 2022-09-25 20:33:21 --> =================== DL_auth -> kakao oauth :2: code=bK1EeBfrHo_ynfaUbvITLmzvExcJYsvJET1U9eOj_eXSDALeGvMZQ-OCUuEJgSrYYoM_EAo9dVwAAAGDdGxXuQ
DEBUG - 2022-09-25 20:33:21 --> ====================Dl_auth -> kakao_login :: 시작
DEBUG - 2022-09-25 20:33:21 --> --------------------Dl_auth::kakao_login - 1.토큰요청 시작
DEBUG - 2022-09-25 20:33:21 --> Dl_auth::kakao_login - get_token 시작 n=2
DEBUG - 2022-09-25 20:33:21 --> --------------------Dl_auth::kakao_login - 1.2.토큰요청 시작 -> 기타브라우저
DEBUG - 2022-09-25 20:33:21 --> --------------------Dl_auth::kakao_login - 1.3.토큰요청
DEBUG - 2022-09-25 20:33:21 --> --------------------Dl_auth::kakao_login - 1.4.토큰요청 -> 성공
DEBUG - 2022-09-25 20:33:21 --> UTF-8 Support Enabled
DEBUG - 2022-09-25 20:33:21 --> Global POST, GET and COOKIE data sanitized
DEBUG - 2022-09-25 20:33:21 --> Config file loaded: /hwonpark/www/application/config/tree.php
DEBUG - 2022-09-25 20:33:21 --> =================== DL_auth-> oauth::CALLBACK - 시작
DEBUG - 2022-09-25 20:33:21 --> =================== DL_auth-> oauth::CALLBACK - kakao param=:: error=
DEBUG - 2022-09-25 20:33:21 --> =================== DL_auth-> oauth::CALLBACK - kakao param=:: state=
DEBUG - 2022-09-25 20:33:21 --> =================== DL_auth-> oauth::CALLBACK - kakao param=:: code=bK1EeBfrHo_ynfaUbvITLmzvExcJYsvJET1U9eOj_eXSDALeGvMZQ-OCUuEJgSrYYoM_EAo9dVwAAAGDdGxXuQ
DEBUG - 2022-09-25 20:33:21 --> =================== DL_auth -> kakao oauth :2: code=bK1EeBfrHo_ynfaUbvITLmzvExcJYsvJET1U9eOj_eXSDALeGvMZQ-OCUuEJgSrYYoM_EAo9dVwAAAGDdGxXuQ
DEBUG - 2022-09-25 20:33:21 --> ====================Dl_auth -> kakao_login :: 시작
DEBUG - 2022-09-25 20:33:21 --> ====================Dl_auth::kakao_login - 1.3.5- 사이트 회원정보 업데이트 성공(카카오 인증 완료) state=
DEBUG - 2022-09-25 20:33:22 --> UTF-8 Support Enabled
DEBUG - 2022-09-25 20:33:22 --> Global POST, GET and COOKIE data sanitized
DEBUG - 2022-09-25 20:33:22 --> Config file loaded: /hwonpark/www/application/config/tree.php
DEBUG - 2022-09-25 20:33:22 --> Encryption: Auto-configured driver 'openssl'.
DEBUG - 2022-09-25 20:33:22 --> Total execution time: 0.0361
DEBUG - 2022-09-25 20:57:09 --> UTF-8 Support Enabled
DEBUG - 2022-09-25 20:57:09 --> No URI present. Default controller set.
DEBUG - 2022-09-25 20:57:09 --> Global POST, GET and COOKIE data sanitized
DEBUG - 2022-09-25 20:57:09 --> Config file loaded: /hwonpark/www/application/config/tree.php
DEBUG - 2022-09-25 20:57:09 --> Total execution time: 0.0598
DEBUG - 2022-09-25 20:57:12 --> UTF-8 Support Enabled
DEBUG - 2022-09-25 20:57:12 --> Global POST, GET and COOKIE data sanitized
ERROR - 2022-09-25 20:57:12 --> 404 Page Not Found: Faviconico/index
DEBUG - 2022-09-25 22:00:19 --> UTF-8 Support Enabled
DEBUG - 2022-09-25 22:00:19 --> Global POST, GET and COOKIE data sanitized
DEBUG - 2022-09-25 22:00:19 --> Config file loaded: /hwonpark/www/application/config/tree.php
DEBUG - 2022-09-25 22:00:19 --> Total execution time: 0.0308
DEBUG - 2022-09-25 22:00:25 --> UTF-8 Support Enabled
DEBUG - 2022-09-25 22:00:25 --> Global POST, GET and COOKIE data sanitized
DEBUG - 2022-09-25 22:00:25 --> Config file loaded: /hwonpark/www/application/config/tree.php
DEBUG - 2022-09-25 22:00:26 --> UTF-8 Support Enabled
DEBUG - 2022-09-25 22:00:26 --> Global POST, GET and COOKIE data sanitized
DEBUG - 2022-09-25 22:00:26 --> Config file loaded: /hwonpark/www/application/config/tree.php
DEBUG - 2022-09-25 22:00:26 --> Total execution time: 0.0274
DEBUG - 2022-09-25 22:00:27 --> UTF-8 Support Enabled
DEBUG - 2022-09-25 22:00:27 --> Global POST, GET and COOKIE data sanitized
DEBUG - 2022-09-25 22:00:27 --> Config file loaded: /hwonpark/www/application/config/tree.php
DEBUG - 2022-09-25 22:00:27 --> =================== DL_auth-> oauth::CALLBACK - 시작
DEBUG - 2022-09-25 22:00:27 --> =================== DL_auth-> oauth::CALLBACK - kakao param=:: error=
DEBUG - 2022-09-25 22:00:27 --> =================== DL_auth-> oauth::CALLBACK - kakao param=:: state=
DEBUG - 2022-09-25 22:00:27 --> =================== DL_auth-> oauth::CALLBACK - kakao param=:: code=qPf8ogGJSOJvLR-vFFy0zXP36vw_Whmmu7j5lz8lERCZK3L8zwCrPgdd4RuRzN90-2p0tQopb7gAAAGDdLwY9A
DEBUG - 2022-09-25 22:00:27 --> =================== DL_auth -> kakao oauth :2: code=qPf8ogGJSOJvLR-vFFy0zXP36vw_Whmmu7j5lz8lERCZK3L8zwCrPgdd4RuRzN90-2p0tQopb7gAAAGDdLwY9A
DEBUG - 2022-09-25 22:00:27 --> ====================Dl_auth -> kakao_login :: 시작
DEBUG - 2022-09-25 22:00:27 --> --------------------Dl_auth::kakao_login - 1.토큰요청 시작
DEBUG - 2022-09-25 22:00:27 --> Dl_auth::kakao_login - get_token 시작 n=2
DEBUG - 2022-09-25 22:00:27 --> --------------------Dl_auth::kakao_login - 1.2.토큰요청 시작 -> 기타브라우저
DEBUG - 2022-09-25 22:00:27 --> --------------------Dl_auth::kakao_login - 1.3.토큰요청
DEBUG - 2022-09-25 22:00:27 --> --------------------Dl_auth::kakao_login - 1.4.토큰요청 -> 성공
DEBUG - 2022-09-25 22:00:27 --> UTF-8 Support Enabled
DEBUG - 2022-09-25 22:00:27 --> Global POST, GET and COOKIE data sanitized
DEBUG - 2022-09-25 22:00:27 --> Config file loaded: /hwonpark/www/application/config/tree.php
DEBUG - 2022-09-25 22:00:27 --> =================== DL_auth-> oauth::CALLBACK - 시작
DEBUG - 2022-09-25 22:00:27 --> =================== DL_auth-> oauth::CALLBACK - kakao param=:: error=
DEBUG - 2022-09-25 22:00:27 --> =================== DL_auth-> oauth::CALLBACK - kakao param=:: state=
DEBUG - 2022-09-25 22:00:27 --> =================== DL_auth-> oauth::CALLBACK - kakao param=:: code=qPf8ogGJSOJvLR-vFFy0zXP36vw_Whmmu7j5lz8lERCZK3L8zwCrPgdd4RuRzN90-2p0tQopb7gAAAGDdLwY9A
DEBUG - 2022-09-25 22:00:27 --> =================== DL_auth -> kakao oauth :2: code=qPf8ogGJSOJvLR-vFFy0zXP36vw_Whmmu7j5lz8lERCZK3L8zwCrPgdd4RuRzN90-2p0tQopb7gAAAGDdLwY9A
DEBUG - 2022-09-25 22:00:27 --> ====================Dl_auth -> kakao_login :: 시작
DEBUG - 2022-09-25 22:00:28 --> ====================Dl_auth::kakao_login - 1.3.5- 사이트 회원정보 업데이트 성공(카카오 인증 완료) state=
DEBUG - 2022-09-25 22:00:29 --> UTF-8 Support Enabled
DEBUG - 2022-09-25 22:00:29 --> Global POST, GET and COOKIE data sanitized
DEBUG - 2022-09-25 22:00:29 --> Config file loaded: /hwonpark/www/application/config/tree.php
DEBUG - 2022-09-25 22:00:29 --> Encryption: Auto-configured driver 'openssl'.
DEBUG - 2022-09-25 22:00:29 --> Total execution time: 0.0348
DEBUG - 2022-09-25 22:00:30 --> UTF-8 Support Enabled
DEBUG - 2022-09-25 22:00:30 --> Global POST, GET and COOKIE data sanitized
DEBUG - 2022-09-25 22:00:30 --> Config file loaded: /hwonpark/www/application/config/tree.php
DEBUG - 2022-09-25 22:00:30 --> Encryption: Auto-configured driver 'openssl'.
DEBUG - 2022-09-25 22:00:30 --> Total execution time: 0.0592
DEBUG - 2022-09-25 22:01:00 --> UTF-8 Support Enabled
DEBUG - 2022-09-25 22:01:00 --> Global POST, GET and COOKIE data sanitized
DEBUG - 2022-09-25 22:01:00 --> Config file loaded: /hwonpark/www/application/config/tree.php
DEBUG - 2022-09-25 22:01:00 --> Encryption: Auto-configured driver 'openssl'.
DEBUG - 2022-09-25 22:01:00 --> Total execution time: 0.0641
DEBUG - 2022-09-25 22:01:05 --> UTF-8 Support Enabled
DEBUG - 2022-09-25 22:01:05 --> Global POST, GET and COOKIE data sanitized
DEBUG - 2022-09-25 22:01:05 --> Config file loaded: /hwonpark/www/application/config/tree.php
DEBUG - 2022-09-25 22:01:05 --> Encryption: Auto-configured driver 'openssl'.
DEBUG - 2022-09-25 22:01:05 --> Total execution time: 0.0354
DEBUG - 2022-09-25 22:01:13 --> UTF-8 Support Enabled
DEBUG - 2022-09-25 22:01:13 --> Global POST, GET and COOKIE data sanitized
DEBUG - 2022-09-25 22:01:13 --> Config file loaded: /hwonpark/www/application/config/tree.php
DEBUG - 2022-09-25 22:01:13 --> Encryption: Auto-configured driver 'openssl'.
DEBUG - 2022-09-25 22:01:13 --> Total execution time: 0.0400
DEBUG - 2022-09-25 22:14:21 --> UTF-8 Support Enabled
DEBUG - 2022-09-25 22:14:21 --> Global POST, GET and COOKIE data sanitized
DEBUG - 2022-09-25 22:14:21 --> Config file loaded: /hwonpark/www/application/config/tree.php
DEBUG - 2022-09-25 22:14:23 --> UTF-8 Support Enabled
DEBUG - 2022-09-25 22:14:23 --> Global POST, GET and COOKIE data sanitized
DEBUG - 2022-09-25 22:14:23 --> Config file loaded: /hwonpark/www/application/config/tree.php
DEBUG - 2022-09-25 22:14:23 --> Total execution time: 0.0444
DEBUG - 2022-09-25 22:14:28 --> UTF-8 Support Enabled
DEBUG - 2022-09-25 22:14:28 --> Global POST, GET and COOKIE data sanitized
DEBUG - 2022-09-25 22:14:28 --> Config file loaded: /hwonpark/www/application/config/tree.php
DEBUG - 2022-09-25 22:14:28 --> Total execution time: 0.0616
