DEBUG - 2022-11-22 06:59:11 --> UTF-8 Support Enabled
DEBUG - 2022-11-22 06:59:11 --> No URI present. Default controller set.
DEBUG - 2022-11-22 06:59:11 --> Global POST, GET and COOKIE data sanitized
DEBUG - 2022-11-22 06:59:11 --> Config file loaded: /hwonpark/www/application/config/tree.php
DEBUG - 2022-11-22 06:59:11 --> Total execution time: 0.2422
DEBUG - 2022-11-22 06:59:12 --> UTF-8 Support Enabled
DEBUG - 2022-11-22 06:59:12 --> Global POST, GET and COOKIE data sanitized
ERROR - 2022-11-22 06:59:12 --> 404 Page Not Found: Faviconico/index
DEBUG - 2022-11-22 06:59:26 --> UTF-8 Support Enabled
DEBUG - 2022-11-22 06:59:26 --> Global POST, GET and COOKIE data sanitized
DEBUG - 2022-11-22 06:59:26 --> Config file loaded: /hwonpark/www/application/config/tree.php
DEBUG - 2022-11-22 06:59:26 --> Total execution time: 0.0747
DEBUG - 2022-11-22 06:59:35 --> UTF-8 Support Enabled
DEBUG - 2022-11-22 06:59:35 --> Global POST, GET and COOKIE data sanitized
DEBUG - 2022-11-22 06:59:35 --> Config file loaded: /hwonpark/www/application/config/tree.php
DEBUG - 2022-11-22 06:59:36 --> Total execution time: 0.0945
DEBUG - 2022-11-22 06:59:50 --> UTF-8 Support Enabled
DEBUG - 2022-11-22 06:59:50 --> Global POST, GET and COOKIE data sanitized
DEBUG - 2022-11-22 06:59:50 --> Config file loaded: /hwonpark/www/application/config/tree.php
DEBUG - 2022-11-22 06:59:50 --> --------------------DC_common::chk_perm - 1.인가코드요청 시작 -> if 인앱브라우저
DEBUG - 2022-11-22 06:59:50 --> UTF-8 Support Enabled
DEBUG - 2022-11-22 06:59:50 --> Global POST, GET and COOKIE data sanitized
DEBUG - 2022-11-22 06:59:50 --> Config file loaded: /hwonpark/www/application/config/tree.php
DEBUG - 2022-11-22 06:59:50 --> =================== DL_auth-> oauth::CALLBACK - 시작
DEBUG - 2022-11-22 06:59:50 --> =================== DL_auth-> oauth::CALLBACK - kakao param=:: error=
DEBUG - 2022-11-22 06:59:50 --> =================== DL_auth-> oauth::CALLBACK - kakao param=:: state=/ko/news/view?idx=113
DEBUG - 2022-11-22 06:59:50 --> =================== DL_auth-> oauth::CALLBACK - kakao param=:: code=PxVQopHSlqwjJOolgWIH5aIZwDkrb-wfLxGEQXtuqjlmDLkzGnux0ZNJYEn5A0KsuahU7gorDNMAAAGEnDRnJA
DEBUG - 2022-11-22 06:59:50 --> =================== DL_auth -> kakao oauth :2: code=PxVQopHSlqwjJOolgWIH5aIZwDkrb-wfLxGEQXtuqjlmDLkzGnux0ZNJYEn5A0KsuahU7gorDNMAAAGEnDRnJA
DEBUG - 2022-11-22 06:59:50 --> ====================Dl_auth -> kakao_login :: 시작
DEBUG - 2022-11-22 06:59:50 --> --------------------Dl_auth::kakao_login - 1.토큰요청 시작
DEBUG - 2022-11-22 06:59:50 --> Dl_auth::kakao_login - get_token 시작 n=2
DEBUG - 2022-11-22 06:59:50 --> --------------------Dl_auth::kakao_login - 1.2.토큰요청 시작 -> 기타브라우저
DEBUG - 2022-11-22 06:59:50 --> --------------------Dl_auth::kakao_login - 1.3.토큰요청
DEBUG - 2022-11-22 06:59:50 --> --------------------Dl_auth::kakao_login - 1.4.토큰요청 -> 성공
DEBUG - 2022-11-22 06:59:51 --> UTF-8 Support Enabled
DEBUG - 2022-11-22 06:59:51 --> Global POST, GET and COOKIE data sanitized
DEBUG - 2022-11-22 06:59:51 --> Config file loaded: /hwonpark/www/application/config/tree.php
DEBUG - 2022-11-22 06:59:51 --> =================== DL_auth-> oauth::CALLBACK - 시작
DEBUG - 2022-11-22 06:59:51 --> =================== DL_auth-> oauth::CALLBACK - kakao param=:: error=
DEBUG - 2022-11-22 06:59:51 --> =================== DL_auth-> oauth::CALLBACK - kakao param=:: state=/ko/news/view?idx=113
DEBUG - 2022-11-22 06:59:51 --> =================== DL_auth-> oauth::CALLBACK - kakao param=:: code=PxVQopHSlqwjJOolgWIH5aIZwDkrb-wfLxGEQXtuqjlmDLkzGnux0ZNJYEn5A0KsuahU7gorDNMAAAGEnDRnJA
DEBUG - 2022-11-22 06:59:51 --> =================== DL_auth -> kakao oauth :2: code=PxVQopHSlqwjJOolgWIH5aIZwDkrb-wfLxGEQXtuqjlmDLkzGnux0ZNJYEn5A0KsuahU7gorDNMAAAGEnDRnJA
DEBUG - 2022-11-22 06:59:51 --> ====================Dl_auth -> kakao_login :: 시작
DEBUG - 2022-11-22 06:59:51 --> ====================Dl_auth::kakao_login - 1.3.5- 사이트 회원정보 업데이트 성공(카카오 인증 완료) state=/ko/news/view?idx=113
DEBUG - 2022-11-22 06:59:51 --> UTF-8 Support Enabled
DEBUG - 2022-11-22 06:59:51 --> Global POST, GET and COOKIE data sanitized
DEBUG - 2022-11-22 06:59:51 --> Config file loaded: /hwonpark/www/application/config/tree.php
DEBUG - 2022-11-22 06:59:51 --> Encryption: Auto-configured driver 'openssl'.
DEBUG - 2022-11-22 06:59:51 --> --------------------DC_common::chk_perm - 1.인가코드요청 시작 -> if 인앱브라우저
DEBUG - 2022-11-22 06:59:51 --> Total execution time: 0.0968
DEBUG - 2022-11-22 07:01:35 --> UTF-8 Support Enabled
DEBUG - 2022-11-22 07:01:35 --> Global POST, GET and COOKIE data sanitized
DEBUG - 2022-11-22 07:01:35 --> Config file loaded: /hwonpark/www/application/config/tree.php
DEBUG - 2022-11-22 07:01:35 --> Encryption: Auto-configured driver 'openssl'.
DEBUG - 2022-11-22 07:01:35 --> --------------------DC_common::chk_perm - 1.인가코드요청 시작 -> if 인앱브라우저
DEBUG - 2022-11-22 07:01:35 --> Total execution time: 0.1104
DEBUG - 2022-11-22 07:01:39 --> UTF-8 Support Enabled
DEBUG - 2022-11-22 07:01:39 --> Global POST, GET and COOKIE data sanitized
DEBUG - 2022-11-22 07:01:39 --> Config file loaded: /hwonpark/www/application/config/tree.php
DEBUG - 2022-11-22 07:01:39 --> Encryption: Auto-configured driver 'openssl'.
DEBUG - 2022-11-22 07:01:39 --> Total execution time: 0.0605
DEBUG - 2022-11-22 07:01:40 --> UTF-8 Support Enabled
DEBUG - 2022-11-22 07:01:40 --> Global POST, GET and COOKIE data sanitized
DEBUG - 2022-11-22 07:01:40 --> Config file loaded: /hwonpark/www/application/config/tree.php
DEBUG - 2022-11-22 07:01:40 --> Encryption: Auto-configured driver 'openssl'.
DEBUG - 2022-11-22 07:01:40 --> --------------------DC_common::chk_perm - 1.인가코드요청 시작 -> if 인앱브라우저
DEBUG - 2022-11-22 07:01:41 --> Total execution time: 0.1105
DEBUG - 2022-11-22 07:01:57 --> UTF-8 Support Enabled
DEBUG - 2022-11-22 07:01:57 --> Global POST, GET and COOKIE data sanitized
DEBUG - 2022-11-22 07:01:57 --> Config file loaded: /hwonpark/www/application/config/tree.php
DEBUG - 2022-11-22 07:01:57 --> Encryption: Auto-configured driver 'openssl'.
DEBUG - 2022-11-22 07:01:57 --> Total execution time: 0.0406
DEBUG - 2022-11-22 07:01:59 --> UTF-8 Support Enabled
DEBUG - 2022-11-22 07:01:59 --> Global POST, GET and COOKIE data sanitized
DEBUG - 2022-11-22 07:01:59 --> Config file loaded: /hwonpark/www/application/config/tree.php
DEBUG - 2022-11-22 07:01:59 --> Encryption: Auto-configured driver 'openssl'.
DEBUG - 2022-11-22 07:01:59 --> --------------------DC_common::chk_perm - 1.인가코드요청 시작 -> if 인앱브라우저
DEBUG - 2022-11-22 07:01:59 --> Total execution time: 0.0853
DEBUG - 2022-11-22 07:02:15 --> UTF-8 Support Enabled
DEBUG - 2022-11-22 07:02:15 --> Global POST, GET and COOKIE data sanitized
DEBUG - 2022-11-22 07:02:15 --> Config file loaded: /hwonpark/www/application/config/tree.php
DEBUG - 2022-11-22 07:02:15 --> Encryption: Auto-configured driver 'openssl'.
DEBUG - 2022-11-22 07:02:15 --> Total execution time: 0.0412
DEBUG - 2022-11-22 07:02:18 --> UTF-8 Support Enabled
DEBUG - 2022-11-22 07:02:18 --> Global POST, GET and COOKIE data sanitized
DEBUG - 2022-11-22 07:02:18 --> Config file loaded: /hwonpark/www/application/config/tree.php
DEBUG - 2022-11-22 07:02:18 --> Encryption: Auto-configured driver 'openssl'.
DEBUG - 2022-11-22 07:02:18 --> --------------------DC_common::chk_perm - 1.인가코드요청 시작 -> if 인앱브라우저
DEBUG - 2022-11-22 07:02:18 --> Total execution time: 0.0781
DEBUG - 2022-11-22 07:02:39 --> UTF-8 Support Enabled
DEBUG - 2022-11-22 07:02:39 --> Global POST, GET and COOKIE data sanitized
DEBUG - 2022-11-22 07:02:39 --> Config file loaded: /hwonpark/www/application/config/tree.php
DEBUG - 2022-11-22 07:02:39 --> Encryption: Auto-configured driver 'openssl'.
DEBUG - 2022-11-22 07:02:39 --> Total execution time: 0.0499
DEBUG - 2022-11-22 07:02:43 --> UTF-8 Support Enabled
DEBUG - 2022-11-22 07:02:43 --> Global POST, GET and COOKIE data sanitized
DEBUG - 2022-11-22 07:02:43 --> Config file loaded: /hwonpark/www/application/config/tree.php
DEBUG - 2022-11-22 07:02:43 --> Encryption: Auto-configured driver 'openssl'.
DEBUG - 2022-11-22 07:02:43 --> --------------------DC_common::chk_perm - 1.인가코드요청 시작 -> if 인앱브라우저
DEBUG - 2022-11-22 07:02:43 --> Total execution time: 0.0934
DEBUG - 2022-11-22 07:02:55 --> UTF-8 Support Enabled
DEBUG - 2022-11-22 07:02:55 --> Global POST, GET and COOKIE data sanitized
DEBUG - 2022-11-22 07:02:55 --> Config file loaded: /hwonpark/www/application/config/tree.php
DEBUG - 2022-11-22 07:02:55 --> Encryption: Auto-configured driver 'openssl'.
DEBUG - 2022-11-22 07:02:55 --> Total execution time: 0.0489
DEBUG - 2022-11-22 07:02:56 --> UTF-8 Support Enabled
DEBUG - 2022-11-22 07:02:56 --> Global POST, GET and COOKIE data sanitized
DEBUG - 2022-11-22 07:02:56 --> Config file loaded: /hwonpark/www/application/config/tree.php
DEBUG - 2022-11-22 07:02:56 --> Encryption: Auto-configured driver 'openssl'.
DEBUG - 2022-11-22 07:02:56 --> --------------------DC_common::chk_perm - 1.인가코드요청 시작 -> if 인앱브라우저
DEBUG - 2022-11-22 07:02:56 --> Total execution time: 0.1119
DEBUG - 2022-11-22 07:03:30 --> UTF-8 Support Enabled
DEBUG - 2022-11-22 07:03:30 --> Global POST, GET and COOKIE data sanitized
DEBUG - 2022-11-22 07:03:30 --> Config file loaded: /hwonpark/www/application/config/tree.php
DEBUG - 2022-11-22 07:03:30 --> Encryption: Auto-configured driver 'openssl'.
DEBUG - 2022-11-22 07:03:30 --> Total execution time: 0.0380
DEBUG - 2022-11-22 08:10:28 --> UTF-8 Support Enabled
DEBUG - 2022-11-22 08:10:28 --> Global POST, GET and COOKIE data sanitized
DEBUG - 2022-11-22 08:10:28 --> Config file loaded: /hwonpark/www/application/config/tree.php
DEBUG - 2022-11-22 08:10:28 --> Total execution time: 0.2232
DEBUG - 2022-11-22 08:52:56 --> UTF-8 Support Enabled
DEBUG - 2022-11-22 08:52:56 --> No URI present. Default controller set.
DEBUG - 2022-11-22 08:52:56 --> Global POST, GET and COOKIE data sanitized
DEBUG - 2022-11-22 08:52:56 --> Config file loaded: /hwonpark/www/application/config/tree.php
DEBUG - 2022-11-22 08:52:56 --> Total execution time: 0.0813
DEBUG - 2022-11-22 08:53:00 --> UTF-8 Support Enabled
DEBUG - 2022-11-22 08:53:00 --> No URI present. Default controller set.
DEBUG - 2022-11-22 08:53:00 --> Global POST, GET and COOKIE data sanitized
DEBUG - 2022-11-22 08:53:00 --> Config file loaded: /hwonpark/www/application/config/tree.php
DEBUG - 2022-11-22 08:53:00 --> Total execution time: 0.0484
DEBUG - 2022-11-22 08:53:04 --> UTF-8 Support Enabled
DEBUG - 2022-11-22 08:53:04 --> Global POST, GET and COOKIE data sanitized
ERROR - 2022-11-22 08:53:04 --> 404 Page Not Found: Faviconico/index
DEBUG - 2022-11-22 09:32:39 --> UTF-8 Support Enabled
DEBUG - 2022-11-22 09:32:39 --> No URI present. Default controller set.
DEBUG - 2022-11-22 09:32:39 --> Global POST, GET and COOKIE data sanitized
DEBUG - 2022-11-22 09:32:39 --> Config file loaded: /hwonpark/www/application/config/tree.php
DEBUG - 2022-11-22 09:32:39 --> Total execution time: 0.0587
DEBUG - 2022-11-22 09:33:26 --> UTF-8 Support Enabled
DEBUG - 2022-11-22 09:33:26 --> Global POST, GET and COOKIE data sanitized
DEBUG - 2022-11-22 09:33:26 --> Config file loaded: /hwonpark/www/application/config/tree.php
DEBUG - 2022-11-22 09:33:27 --> Total execution time: 0.0359
DEBUG - 2022-11-22 09:33:28 --> UTF-8 Support Enabled
DEBUG - 2022-11-22 09:33:28 --> Global POST, GET and COOKIE data sanitized
ERROR - 2022-11-22 09:33:28 --> 404 Page Not Found: Faviconico/index
DEBUG - 2022-11-22 09:33:32 --> UTF-8 Support Enabled
DEBUG - 2022-11-22 09:33:32 --> Global POST, GET and COOKIE data sanitized
DEBUG - 2022-11-22 09:33:32 --> Config file loaded: /hwonpark/www/application/config/tree.php
DEBUG - 2022-11-22 09:33:33 --> UTF-8 Support Enabled
DEBUG - 2022-11-22 09:33:33 --> Global POST, GET and COOKIE data sanitized
DEBUG - 2022-11-22 09:33:33 --> Config file loaded: /hwonpark/www/application/config/tree.php
DEBUG - 2022-11-22 09:33:33 --> Total execution time: 0.0255
DEBUG - 2022-11-22 09:33:43 --> UTF-8 Support Enabled
DEBUG - 2022-11-22 09:33:43 --> Global POST, GET and COOKIE data sanitized
DEBUG - 2022-11-22 09:33:43 --> Config file loaded: /hwonpark/www/application/config/tree.php
DEBUG - 2022-11-22 09:33:45 --> UTF-8 Support Enabled
DEBUG - 2022-11-22 09:33:45 --> Global POST, GET and COOKIE data sanitized
DEBUG - 2022-11-22 09:33:45 --> Config file loaded: /hwonpark/www/application/config/tree.php
DEBUG - 2022-11-22 09:33:45 --> Encryption: Auto-configured driver 'openssl'.
DEBUG - 2022-11-22 09:33:45 --> UTF-8 Support Enabled
DEBUG - 2022-11-22 09:33:45 --> Global POST, GET and COOKIE data sanitized
DEBUG - 2022-11-22 09:33:45 --> Config file loaded: /hwonpark/www/application/config/tree.php
DEBUG - 2022-11-22 09:33:45 --> Encryption: Auto-configured driver 'openssl'.
DEBUG - 2022-11-22 09:33:45 --> Encryption class already loaded. Second attempt ignored.
DEBUG - 2022-11-22 09:33:45 --> Total execution time: 0.0511
DEBUG - 2022-11-22 09:33:47 --> UTF-8 Support Enabled
DEBUG - 2022-11-22 09:33:47 --> Global POST, GET and COOKIE data sanitized
DEBUG - 2022-11-22 09:33:47 --> Config file loaded: /hwonpark/www/application/config/tree.php
DEBUG - 2022-11-22 09:33:47 --> Encryption: Auto-configured driver 'openssl'.
DEBUG - 2022-11-22 09:33:47 --> Total execution time: 0.1072
DEBUG - 2022-11-22 09:33:48 --> UTF-8 Support Enabled
DEBUG - 2022-11-22 09:33:48 --> Global POST, GET and COOKIE data sanitized
DEBUG - 2022-11-22 09:33:48 --> Config file loaded: /hwonpark/www/application/config/tree.php
DEBUG - 2022-11-22 09:33:48 --> Encryption: Auto-configured driver 'openssl'.
DEBUG - 2022-11-22 09:33:48 --> Total execution time: 0.0450
DEBUG - 2022-11-22 09:33:56 --> UTF-8 Support Enabled
DEBUG - 2022-11-22 09:33:56 --> Global POST, GET and COOKIE data sanitized
DEBUG - 2022-11-22 09:33:56 --> Config file loaded: /hwonpark/www/application/config/tree.php
DEBUG - 2022-11-22 09:33:56 --> Encryption: Auto-configured driver 'openssl'.
DEBUG - 2022-11-22 09:33:56 --> Total execution time: 0.0441
DEBUG - 2022-11-22 09:34:10 --> UTF-8 Support Enabled
DEBUG - 2022-11-22 09:34:10 --> Global POST, GET and COOKIE data sanitized
DEBUG - 2022-11-22 09:34:10 --> Config file loaded: /hwonpark/www/application/config/tree.php
DEBUG - 2022-11-22 09:34:10 --> Encryption: Auto-configured driver 'openssl'.
DEBUG - 2022-11-22 09:34:10 --> Total execution time: 0.0462
DEBUG - 2022-11-22 09:34:12 --> UTF-8 Support Enabled
DEBUG - 2022-11-22 09:34:12 --> Global POST, GET and COOKIE data sanitized
DEBUG - 2022-11-22 09:34:12 --> Config file loaded: /hwonpark/www/application/config/tree.php
DEBUG - 2022-11-22 09:34:12 --> Encryption: Auto-configured driver 'openssl'.
DEBUG - 2022-11-22 09:34:12 --> Total execution time: 0.0589
DEBUG - 2022-11-22 09:34:22 --> UTF-8 Support Enabled
DEBUG - 2022-11-22 09:34:22 --> Global POST, GET and COOKIE data sanitized
DEBUG - 2022-11-22 09:34:22 --> Config file loaded: /hwonpark/www/application/config/tree.php
DEBUG - 2022-11-22 09:34:22 --> Encryption: Auto-configured driver 'openssl'.
DEBUG - 2022-11-22 09:34:22 --> Total execution time: 0.0356
DEBUG - 2022-11-22 09:34:23 --> UTF-8 Support Enabled
DEBUG - 2022-11-22 09:34:23 --> Global POST, GET and COOKIE data sanitized
DEBUG - 2022-11-22 09:34:23 --> Config file loaded: /hwonpark/www/application/config/tree.php
DEBUG - 2022-11-22 09:34:23 --> Encryption: Auto-configured driver 'openssl'.
DEBUG - 2022-11-22 09:34:23 --> Total execution time: 0.0520
DEBUG - 2022-11-22 09:38:44 --> UTF-8 Support Enabled
DEBUG - 2022-11-22 09:38:44 --> Global POST, GET and COOKIE data sanitized
DEBUG - 2022-11-22 09:38:44 --> Config file loaded: /hwonpark/www/application/config/tree.php
DEBUG - 2022-11-22 09:38:44 --> Encryption: Auto-configured driver 'openssl'.
DEBUG - 2022-11-22 09:38:44 --> DL_schema class already loaded. Second attempt ignored.
DEBUG - 2022-11-22 09:38:47 --> UTF-8 Support Enabled
DEBUG - 2022-11-22 09:38:47 --> Global POST, GET and COOKIE data sanitized
DEBUG - 2022-11-22 09:38:47 --> Config file loaded: /hwonpark/www/application/config/tree.php
DEBUG - 2022-11-22 09:38:47 --> Encryption: Auto-configured driver 'openssl'.
DEBUG - 2022-11-22 09:38:47 --> Total execution time: 0.0417
DEBUG - 2022-11-22 09:39:01 --> UTF-8 Support Enabled
DEBUG - 2022-11-22 09:39:01 --> Global POST, GET and COOKIE data sanitized
DEBUG - 2022-11-22 09:39:01 --> Config file loaded: /hwonpark/www/application/config/tree.php
DEBUG - 2022-11-22 09:39:01 --> Encryption: Auto-configured driver 'openssl'.
DEBUG - 2022-11-22 09:39:01 --> Total execution time: 0.0482
DEBUG - 2022-11-22 09:42:23 --> UTF-8 Support Enabled
DEBUG - 2022-11-22 09:42:23 --> Global POST, GET and COOKIE data sanitized
DEBUG - 2022-11-22 09:42:23 --> Config file loaded: /hwonpark/www/application/config/tree.php
DEBUG - 2022-11-22 09:42:23 --> Encryption: Auto-configured driver 'openssl'.
DEBUG - 2022-11-22 09:42:43 --> UTF-8 Support Enabled
DEBUG - 2022-11-22 09:42:43 --> Global POST, GET and COOKIE data sanitized
DEBUG - 2022-11-22 09:42:43 --> Config file loaded: /hwonpark/www/application/config/tree.php
DEBUG - 2022-11-22 09:42:43 --> Encryption: Auto-configured driver 'openssl'.
DEBUG - 2022-11-22 09:42:43 --> Total execution time: 0.0649
DEBUG - 2022-11-22 09:55:01 --> UTF-8 Support Enabled
DEBUG - 2022-11-22 09:55:01 --> Global POST, GET and COOKIE data sanitized
DEBUG - 2022-11-22 09:55:02 --> Config file loaded: /hwonpark/www/application/config/tree.php
DEBUG - 2022-11-22 09:55:02 --> Total execution time: 0.0491
DEBUG - 2022-11-22 09:55:53 --> UTF-8 Support Enabled
DEBUG - 2022-11-22 09:55:53 --> Global POST, GET and COOKIE data sanitized
DEBUG - 2022-11-22 09:55:53 --> Config file loaded: /hwonpark/www/application/config/tree.php
DEBUG - 2022-11-22 09:55:53 --> Total execution time: 0.0384
DEBUG - 2022-11-22 09:59:37 --> UTF-8 Support Enabled
DEBUG - 2022-11-22 09:59:37 --> Global POST, GET and COOKIE data sanitized
DEBUG - 2022-11-22 09:59:37 --> Config file loaded: /hwonpark/www/application/config/tree.php
DEBUG - 2022-11-22 09:59:37 --> Total execution time: 0.0358
DEBUG - 2022-11-22 09:59:47 --> UTF-8 Support Enabled
DEBUG - 2022-11-22 09:59:47 --> Global POST, GET and COOKIE data sanitized
DEBUG - 2022-11-22 09:59:47 --> Config file loaded: /hwonpark/www/application/config/tree.php
DEBUG - 2022-11-22 09:59:48 --> UTF-8 Support Enabled
DEBUG - 2022-11-22 09:59:48 --> Global POST, GET and COOKIE data sanitized
DEBUG - 2022-11-22 09:59:48 --> Config file loaded: /hwonpark/www/application/config/tree.php
DEBUG - 2022-11-22 09:59:48 --> Encryption: Auto-configured driver 'openssl'.
DEBUG - 2022-11-22 09:59:48 --> UTF-8 Support Enabled
DEBUG - 2022-11-22 09:59:48 --> Global POST, GET and COOKIE data sanitized
DEBUG - 2022-11-22 09:59:48 --> Config file loaded: /hwonpark/www/application/config/tree.php
DEBUG - 2022-11-22 09:59:48 --> Encryption: Auto-configured driver 'openssl'.
DEBUG - 2022-11-22 09:59:48 --> Encryption class already loaded. Second attempt ignored.
DEBUG - 2022-11-22 09:59:48 --> Total execution time: 0.0398
DEBUG - 2022-11-22 09:59:50 --> UTF-8 Support Enabled
DEBUG - 2022-11-22 09:59:50 --> Global POST, GET and COOKIE data sanitized
DEBUG - 2022-11-22 09:59:50 --> Config file loaded: /hwonpark/www/application/config/tree.php
DEBUG - 2022-11-22 09:59:51 --> Encryption: Auto-configured driver 'openssl'.
DEBUG - 2022-11-22 09:59:51 --> Total execution time: 0.0369
DEBUG - 2022-11-22 09:59:52 --> UTF-8 Support Enabled
DEBUG - 2022-11-22 09:59:52 --> Global POST, GET and COOKIE data sanitized
DEBUG - 2022-11-22 09:59:52 --> Config file loaded: /hwonpark/www/application/config/tree.php
DEBUG - 2022-11-22 09:59:52 --> Encryption: Auto-configured driver 'openssl'.
DEBUG - 2022-11-22 09:59:52 --> Total execution time: 0.0408
DEBUG - 2022-11-22 09:59:54 --> UTF-8 Support Enabled
DEBUG - 2022-11-22 09:59:54 --> Global POST, GET and COOKIE data sanitized
DEBUG - 2022-11-22 09:59:54 --> Config file loaded: /hwonpark/www/application/config/tree.php
DEBUG - 2022-11-22 09:59:54 --> Encryption: Auto-configured driver 'openssl'.
DEBUG - 2022-11-22 09:59:54 --> Total execution time: 0.0500
DEBUG - 2022-11-22 09:59:57 --> UTF-8 Support Enabled
DEBUG - 2022-11-22 09:59:57 --> Global POST, GET and COOKIE data sanitized
DEBUG - 2022-11-22 09:59:57 --> Config file loaded: /hwonpark/www/application/config/tree.php
DEBUG - 2022-11-22 09:59:57 --> Encryption: Auto-configured driver 'openssl'.
DEBUG - 2022-11-22 09:59:57 --> Total execution time: 0.0376
DEBUG - 2022-11-22 09:59:59 --> UTF-8 Support Enabled
DEBUG - 2022-11-22 09:59:59 --> Global POST, GET and COOKIE data sanitized
DEBUG - 2022-11-22 09:59:59 --> Config file loaded: /hwonpark/www/application/config/tree.php
DEBUG - 2022-11-22 09:59:59 --> Encryption: Auto-configured driver 'openssl'.
DEBUG - 2022-11-22 09:59:59 --> Total execution time: 0.0350
DEBUG - 2022-11-22 10:02:41 --> UTF-8 Support Enabled
DEBUG - 2022-11-22 10:02:41 --> Global POST, GET and COOKIE data sanitized
DEBUG - 2022-11-22 10:02:41 --> Config file loaded: /hwonpark/www/application/config/tree.php
DEBUG - 2022-11-22 10:02:41 --> Encryption: Auto-configured driver 'openssl'.
DEBUG - 2022-11-22 10:02:42 --> UTF-8 Support Enabled
DEBUG - 2022-11-22 10:02:42 --> Global POST, GET and COOKIE data sanitized
DEBUG - 2022-11-22 10:02:42 --> Config file loaded: /hwonpark/www/application/config/tree.php
DEBUG - 2022-11-22 10:02:42 --> Encryption: Auto-configured driver 'openssl'.
DEBUG - 2022-11-22 10:02:42 --> Total execution time: 0.0447
DEBUG - 2022-11-22 10:02:45 --> UTF-8 Support Enabled
DEBUG - 2022-11-22 10:02:45 --> Global POST, GET and COOKIE data sanitized
DEBUG - 2022-11-22 10:02:45 --> Config file loaded: /hwonpark/www/application/config/tree.php
DEBUG - 2022-11-22 10:02:45 --> Encryption: Auto-configured driver 'openssl'.
DEBUG - 2022-11-22 10:02:45 --> Total execution time: 0.0593
DEBUG - 2022-11-22 10:02:47 --> UTF-8 Support Enabled
DEBUG - 2022-11-22 10:02:47 --> Global POST, GET and COOKIE data sanitized
DEBUG - 2022-11-22 10:02:47 --> Config file loaded: /hwonpark/www/application/config/tree.php
DEBUG - 2022-11-22 10:02:47 --> Encryption: Auto-configured driver 'openssl'.
DEBUG - 2022-11-22 10:02:47 --> Total execution time: 0.0568
DEBUG - 2022-11-22 10:02:53 --> UTF-8 Support Enabled
DEBUG - 2022-11-22 10:02:53 --> Global POST, GET and COOKIE data sanitized
DEBUG - 2022-11-22 10:02:53 --> Config file loaded: /hwonpark/www/application/config/tree.php
DEBUG - 2022-11-22 10:02:53 --> Encryption: Auto-configured driver 'openssl'.
DEBUG - 2022-11-22 10:02:53 --> UTF-8 Support Enabled
DEBUG - 2022-11-22 10:02:53 --> Global POST, GET and COOKIE data sanitized
DEBUG - 2022-11-22 10:02:53 --> Config file loaded: /hwonpark/www/application/config/tree.php
DEBUG - 2022-11-22 10:02:53 --> Encryption: Auto-configured driver 'openssl'.
DEBUG - 2022-11-22 10:02:53 --> Total execution time: 0.0524
DEBUG - 2022-11-22 10:28:12 --> UTF-8 Support Enabled
DEBUG - 2022-11-22 10:28:12 --> No URI present. Default controller set.
DEBUG - 2022-11-22 10:28:12 --> Global POST, GET and COOKIE data sanitized
DEBUG - 2022-11-22 10:28:12 --> Config file loaded: /hwonpark/www/application/config/tree.php
DEBUG - 2022-11-22 10:28:12 --> Total execution time: 0.0321
DEBUG - 2022-11-22 10:28:13 --> UTF-8 Support Enabled
DEBUG - 2022-11-22 10:28:13 --> Global POST, GET and COOKIE data sanitized
ERROR - 2022-11-22 10:28:13 --> 404 Page Not Found: Faviconico/index
DEBUG - 2022-11-22 10:28:13 --> UTF-8 Support Enabled
DEBUG - 2022-11-22 10:28:13 --> No URI present. Default controller set.
DEBUG - 2022-11-22 10:28:13 --> Global POST, GET and COOKIE data sanitized
DEBUG - 2022-11-22 10:28:13 --> Config file loaded: /hwonpark/www/application/config/tree.php
DEBUG - 2022-11-22 10:28:13 --> Total execution time: 0.0308
DEBUG - 2022-11-22 10:28:16 --> UTF-8 Support Enabled
DEBUG - 2022-11-22 10:28:16 --> No URI present. Default controller set.
DEBUG - 2022-11-22 10:28:16 --> Global POST, GET and COOKIE data sanitized
DEBUG - 2022-11-22 10:28:16 --> Config file loaded: /hwonpark/www/application/config/tree.php
DEBUG - 2022-11-22 10:28:16 --> Total execution time: 0.0284
DEBUG - 2022-11-22 10:28:23 --> UTF-8 Support Enabled
DEBUG - 2022-11-22 10:28:23 --> No URI present. Default controller set.
DEBUG - 2022-11-22 10:28:23 --> Global POST, GET and COOKIE data sanitized
DEBUG - 2022-11-22 10:28:23 --> Config file loaded: /hwonpark/www/application/config/tree.php
DEBUG - 2022-11-22 10:28:23 --> Total execution time: 0.0277
DEBUG - 2022-11-22 10:45:07 --> UTF-8 Support Enabled
DEBUG - 2022-11-22 10:45:07 --> Global POST, GET and COOKIE data sanitized
DEBUG - 2022-11-22 10:45:07 --> Config file loaded: /hwonpark/www/application/config/tree.php
DEBUG - 2022-11-22 10:45:08 --> UTF-8 Support Enabled
DEBUG - 2022-11-22 10:45:08 --> No URI present. Default controller set.
DEBUG - 2022-11-22 10:45:08 --> Global POST, GET and COOKIE data sanitized
DEBUG - 2022-11-22 10:45:08 --> Config file loaded: /hwonpark/www/application/config/tree.php
DEBUG - 2022-11-22 10:45:08 --> Total execution time: 0.0430
DEBUG - 2022-11-22 10:45:26 --> UTF-8 Support Enabled
DEBUG - 2022-11-22 10:45:26 --> Global POST, GET and COOKIE data sanitized
DEBUG - 2022-11-22 10:45:26 --> Config file loaded: /hwonpark/www/application/config/tree.php
DEBUG - 2022-11-22 10:45:26 --> Total execution time: 0.0424
DEBUG - 2022-11-22 13:23:10 --> UTF-8 Support Enabled
DEBUG - 2022-11-22 13:23:10 --> No URI present. Default controller set.
DEBUG - 2022-11-22 13:23:10 --> Global POST, GET and COOKIE data sanitized
DEBUG - 2022-11-22 13:23:11 --> Config file loaded: /hwonpark/www/application/config/tree.php
DEBUG - 2022-11-22 13:23:11 --> Total execution time: 0.2009
DEBUG - 2022-11-22 13:23:13 --> UTF-8 Support Enabled
DEBUG - 2022-11-22 13:23:13 --> Global POST, GET and COOKIE data sanitized
DEBUG - 2022-11-22 13:23:13 --> Config file loaded: /hwonpark/www/application/config/tree.php
DEBUG - 2022-11-22 13:23:13 --> Total execution time: 0.0360
DEBUG - 2022-11-22 13:23:18 --> UTF-8 Support Enabled
DEBUG - 2022-11-22 13:23:18 --> Global POST, GET and COOKIE data sanitized
DEBUG - 2022-11-22 13:23:18 --> Config file loaded: /hwonpark/www/application/config/tree.php
DEBUG - 2022-11-22 13:23:20 --> UTF-8 Support Enabled
DEBUG - 2022-11-22 13:23:20 --> Global POST, GET and COOKIE data sanitized
DEBUG - 2022-11-22 13:23:20 --> Config file loaded: /hwonpark/www/application/config/tree.php
DEBUG - 2022-11-22 13:23:20 --> Encryption: Auto-configured driver 'openssl'.
DEBUG - 2022-11-22 13:23:20 --> UTF-8 Support Enabled
DEBUG - 2022-11-22 13:23:20 --> Global POST, GET and COOKIE data sanitized
DEBUG - 2022-11-22 13:23:20 --> Config file loaded: /hwonpark/www/application/config/tree.php
DEBUG - 2022-11-22 13:23:20 --> Encryption: Auto-configured driver 'openssl'.
DEBUG - 2022-11-22 13:23:20 --> Encryption class already loaded. Second attempt ignored.
DEBUG - 2022-11-22 13:23:20 --> Total execution time: 0.0568
DEBUG - 2022-11-22 13:23:22 --> UTF-8 Support Enabled
DEBUG - 2022-11-22 13:23:22 --> Global POST, GET and COOKIE data sanitized
DEBUG - 2022-11-22 13:23:22 --> Config file loaded: /hwonpark/www/application/config/tree.php
DEBUG - 2022-11-22 13:23:22 --> Encryption: Auto-configured driver 'openssl'.
DEBUG - 2022-11-22 13:23:22 --> Total execution time: 0.0418
DEBUG - 2022-11-22 13:23:24 --> UTF-8 Support Enabled
DEBUG - 2022-11-22 13:23:24 --> Global POST, GET and COOKIE data sanitized
DEBUG - 2022-11-22 13:23:24 --> Config file loaded: /hwonpark/www/application/config/tree.php
DEBUG - 2022-11-22 13:23:24 --> Encryption: Auto-configured driver 'openssl'.
DEBUG - 2022-11-22 13:23:24 --> Total execution time: 0.0999
DEBUG - 2022-11-22 13:23:27 --> UTF-8 Support Enabled
DEBUG - 2022-11-22 13:23:27 --> Global POST, GET and COOKIE data sanitized
DEBUG - 2022-11-22 13:23:27 --> Config file loaded: /hwonpark/www/application/config/tree.php
DEBUG - 2022-11-22 13:23:27 --> Encryption: Auto-configured driver 'openssl'.
DEBUG - 2022-11-22 13:23:27 --> Total execution time: 0.0684
DEBUG - 2022-11-22 13:23:52 --> UTF-8 Support Enabled
DEBUG - 2022-11-22 13:23:52 --> Global POST, GET and COOKIE data sanitized
DEBUG - 2022-11-22 13:23:52 --> Config file loaded: /hwonpark/www/application/config/tree.php
DEBUG - 2022-11-22 13:23:52 --> Encryption: Auto-configured driver 'openssl'.
DEBUG - 2022-11-22 13:23:52 --> Total execution time: 0.0647
DEBUG - 2022-11-22 13:28:10 --> UTF-8 Support Enabled
DEBUG - 2022-11-22 13:28:10 --> Global POST, GET and COOKIE data sanitized
DEBUG - 2022-11-22 13:28:10 --> Config file loaded: /hwonpark/www/application/config/tree.php
DEBUG - 2022-11-22 13:28:10 --> Encryption: Auto-configured driver 'openssl'.
DEBUG - 2022-11-22 13:28:10 --> Total execution time: 0.0847
DEBUG - 2022-11-22 13:44:23 --> UTF-8 Support Enabled
DEBUG - 2022-11-22 13:44:23 --> Global POST, GET and COOKIE data sanitized
DEBUG - 2022-11-22 13:44:23 --> Config file loaded: /hwonpark/www/application/config/tree.php
DEBUG - 2022-11-22 13:44:25 --> UTF-8 Support Enabled
DEBUG - 2022-11-22 13:44:25 --> No URI present. Default controller set.
DEBUG - 2022-11-22 13:44:25 --> Global POST, GET and COOKIE data sanitized
DEBUG - 2022-11-22 13:44:25 --> Config file loaded: /hwonpark/www/application/config/tree.php
DEBUG - 2022-11-22 13:44:25 --> Total execution time: 0.0333
DEBUG - 2022-11-22 13:44:27 --> UTF-8 Support Enabled
DEBUG - 2022-11-22 13:44:27 --> Global POST, GET and COOKIE data sanitized
DEBUG - 2022-11-22 13:44:27 --> Config file loaded: /hwonpark/www/application/config/tree.php
DEBUG - 2022-11-22 13:44:27 --> Total execution time: 0.0273
DEBUG - 2022-11-22 13:44:32 --> UTF-8 Support Enabled
DEBUG - 2022-11-22 13:44:32 --> Global POST, GET and COOKIE data sanitized
DEBUG - 2022-11-22 13:44:32 --> Config file loaded: /hwonpark/www/application/config/tree.php
DEBUG - 2022-11-22 13:44:33 --> UTF-8 Support Enabled
DEBUG - 2022-11-22 13:44:33 --> Global POST, GET and COOKIE data sanitized
DEBUG - 2022-11-22 13:44:33 --> Config file loaded: /hwonpark/www/application/config/tree.php
DEBUG - 2022-11-22 13:44:33 --> Encryption: Auto-configured driver 'openssl'.
DEBUG - 2022-11-22 13:44:33 --> UTF-8 Support Enabled
DEBUG - 2022-11-22 13:44:33 --> Global POST, GET and COOKIE data sanitized
DEBUG - 2022-11-22 13:44:33 --> Config file loaded: /hwonpark/www/application/config/tree.php
DEBUG - 2022-11-22 13:44:33 --> Encryption: Auto-configured driver 'openssl'.
DEBUG - 2022-11-22 13:44:33 --> Encryption class already loaded. Second attempt ignored.
DEBUG - 2022-11-22 13:44:33 --> Total execution time: 0.0384
DEBUG - 2022-11-22 13:44:34 --> UTF-8 Support Enabled
DEBUG - 2022-11-22 13:44:34 --> Global POST, GET and COOKIE data sanitized
DEBUG - 2022-11-22 13:44:34 --> Config file loaded: /hwonpark/www/application/config/tree.php
DEBUG - 2022-11-22 13:44:34 --> Encryption: Auto-configured driver 'openssl'.
DEBUG - 2022-11-22 13:44:34 --> Total execution time: 0.0374
DEBUG - 2022-11-22 13:44:36 --> UTF-8 Support Enabled
DEBUG - 2022-11-22 13:44:36 --> Global POST, GET and COOKIE data sanitized
DEBUG - 2022-11-22 13:44:36 --> Config file loaded: /hwonpark/www/application/config/tree.php
DEBUG - 2022-11-22 13:44:36 --> Encryption: Auto-configured driver 'openssl'.
DEBUG - 2022-11-22 13:44:36 --> Total execution time: 0.0452
DEBUG - 2022-11-22 13:44:52 --> UTF-8 Support Enabled
DEBUG - 2022-11-22 13:44:52 --> Global POST, GET and COOKIE data sanitized
DEBUG - 2022-11-22 13:44:52 --> Config file loaded: /hwonpark/www/application/config/tree.php
DEBUG - 2022-11-22 13:44:52 --> Encryption: Auto-configured driver 'openssl'.
DEBUG - 2022-11-22 13:44:52 --> Total execution time: 0.0437
DEBUG - 2022-11-22 13:44:59 --> UTF-8 Support Enabled
DEBUG - 2022-11-22 13:44:59 --> Global POST, GET and COOKIE data sanitized
DEBUG - 2022-11-22 13:44:59 --> Config file loaded: /hwonpark/www/application/config/tree.php
DEBUG - 2022-11-22 13:44:59 --> Encryption: Auto-configured driver 'openssl'.
DEBUG - 2022-11-22 13:44:59 --> Total execution time: 0.0622
DEBUG - 2022-11-22 14:28:30 --> UTF-8 Support Enabled
DEBUG - 2022-11-22 14:28:30 --> No URI present. Default controller set.
DEBUG - 2022-11-22 14:28:30 --> Global POST, GET and COOKIE data sanitized
DEBUG - 2022-11-22 14:28:30 --> Config file loaded: /hwonpark/www/application/config/tree.php
DEBUG - 2022-11-22 14:28:30 --> Total execution time: 0.0463
DEBUG - 2022-11-22 14:28:32 --> UTF-8 Support Enabled
DEBUG - 2022-11-22 14:28:32 --> Global POST, GET and COOKIE data sanitized
ERROR - 2022-11-22 14:28:32 --> 404 Page Not Found: Faviconico/index
DEBUG - 2022-11-22 15:35:51 --> UTF-8 Support Enabled
DEBUG - 2022-11-22 15:35:51 --> No URI present. Default controller set.
DEBUG - 2022-11-22 15:35:51 --> Global POST, GET and COOKIE data sanitized
DEBUG - 2022-11-22 15:35:51 --> Config file loaded: /hwonpark/www/application/config/tree.php
DEBUG - 2022-11-22 15:35:51 --> Total execution time: 0.1976
DEBUG - 2022-11-22 15:35:53 --> UTF-8 Support Enabled
DEBUG - 2022-11-22 15:35:53 --> Global POST, GET and COOKIE data sanitized
DEBUG - 2022-11-22 15:35:53 --> Config file loaded: /hwonpark/www/application/config/tree.php
DEBUG - 2022-11-22 15:35:53 --> Total execution time: 0.0660
DEBUG - 2022-11-22 15:35:56 --> UTF-8 Support Enabled
DEBUG - 2022-11-22 15:35:56 --> Global POST, GET and COOKIE data sanitized
DEBUG - 2022-11-22 15:35:56 --> Config file loaded: /hwonpark/www/application/config/tree.php
DEBUG - 2022-11-22 15:35:56 --> Total execution time: 0.0383
DEBUG - 2022-11-22 15:36:04 --> UTF-8 Support Enabled
DEBUG - 2022-11-22 15:36:04 --> Global POST, GET and COOKIE data sanitized
DEBUG - 2022-11-22 15:36:04 --> Config file loaded: /hwonpark/www/application/config/tree.php
DEBUG - 2022-11-22 15:36:04 --> Total execution time: 0.0406
DEBUG - 2022-11-22 15:36:11 --> UTF-8 Support Enabled
DEBUG - 2022-11-22 15:36:11 --> Global POST, GET and COOKIE data sanitized
DEBUG - 2022-11-22 15:36:11 --> Config file loaded: /hwonpark/www/application/config/tree.php
DEBUG - 2022-11-22 15:36:11 --> Total execution time: 0.0413
DEBUG - 2022-11-22 15:36:20 --> UTF-8 Support Enabled
DEBUG - 2022-11-22 15:36:20 --> Global POST, GET and COOKIE data sanitized
DEBUG - 2022-11-22 15:36:20 --> Config file loaded: /hwonpark/www/application/config/tree.php
DEBUG - 2022-11-22 15:36:20 --> Total execution time: 0.0574
DEBUG - 2022-11-22 15:36:22 --> UTF-8 Support Enabled
DEBUG - 2022-11-22 15:36:22 --> Global POST, GET and COOKIE data sanitized
DEBUG - 2022-11-22 15:36:22 --> Config file loaded: /hwonpark/www/application/config/tree.php
DEBUG - 2022-11-22 15:36:22 --> Total execution time: 0.0614
DEBUG - 2022-11-22 15:36:26 --> UTF-8 Support Enabled
DEBUG - 2022-11-22 15:36:26 --> Global POST, GET and COOKIE data sanitized
DEBUG - 2022-11-22 15:36:26 --> Config file loaded: /hwonpark/www/application/config/tree.php
DEBUG - 2022-11-22 15:36:26 --> Total execution time: 0.0369
DEBUG - 2022-11-22 15:48:17 --> UTF-8 Support Enabled
DEBUG - 2022-11-22 15:48:17 --> No URI present. Default controller set.
DEBUG - 2022-11-22 15:48:17 --> Global POST, GET and COOKIE data sanitized
DEBUG - 2022-11-22 15:48:17 --> Config file loaded: /hwonpark/www/application/config/tree.php
DEBUG - 2022-11-22 15:48:17 --> Total execution time: 0.0305
DEBUG - 2022-11-22 15:48:19 --> UTF-8 Support Enabled
DEBUG - 2022-11-22 15:48:19 --> Global POST, GET and COOKIE data sanitized
ERROR - 2022-11-22 15:48:19 --> 404 Page Not Found: Faviconico/index
DEBUG - 2022-11-22 15:48:20 --> UTF-8 Support Enabled
DEBUG - 2022-11-22 15:48:20 --> Global POST, GET and COOKIE data sanitized
DEBUG - 2022-11-22 15:48:20 --> Config file loaded: /hwonpark/www/application/config/tree.php
DEBUG - 2022-11-22 15:48:20 --> Total execution time: 0.0279
DEBUG - 2022-11-22 16:14:58 --> UTF-8 Support Enabled
DEBUG - 2022-11-22 16:14:58 --> Global POST, GET and COOKIE data sanitized
DEBUG - 2022-11-22 16:14:58 --> Config file loaded: /hwonpark/www/application/config/tree.php
DEBUG - 2022-11-22 16:14:59 --> UTF-8 Support Enabled
DEBUG - 2022-11-22 16:14:59 --> No URI present. Default controller set.
DEBUG - 2022-11-22 16:14:59 --> Global POST, GET and COOKIE data sanitized
DEBUG - 2022-11-22 16:14:59 --> Config file loaded: /hwonpark/www/application/config/tree.php
DEBUG - 2022-11-22 16:14:59 --> Total execution time: 0.0348
DEBUG - 2022-11-22 16:15:04 --> UTF-8 Support Enabled
DEBUG - 2022-11-22 16:15:04 --> Global POST, GET and COOKIE data sanitized
DEBUG - 2022-11-22 16:15:04 --> Config file loaded: /hwonpark/www/application/config/tree.php
DEBUG - 2022-11-22 16:15:04 --> Total execution time: 0.0426
DEBUG - 2022-11-22 16:25:52 --> UTF-8 Support Enabled
DEBUG - 2022-11-22 16:25:52 --> Global POST, GET and COOKIE data sanitized
DEBUG - 2022-11-22 16:25:53 --> Config file loaded: /hwonpark/www/application/config/tree.php
DEBUG - 2022-11-22 16:25:53 --> Total execution time: 0.0631
DEBUG - 2022-11-22 16:37:08 --> UTF-8 Support Enabled
DEBUG - 2022-11-22 16:37:08 --> Global POST, GET and COOKIE data sanitized
DEBUG - 2022-11-22 16:37:08 --> Config file loaded: /hwonpark/www/application/config/tree.php
DEBUG - 2022-11-22 16:37:08 --> Total execution time: 0.0744
DEBUG - 2022-11-22 18:06:30 --> UTF-8 Support Enabled
DEBUG - 2022-11-22 18:06:30 --> No URI present. Default controller set.
DEBUG - 2022-11-22 18:06:30 --> Global POST, GET and COOKIE data sanitized
DEBUG - 2022-11-22 18:06:30 --> Config file loaded: /hwonpark/www/application/config/tree.php
DEBUG - 2022-11-22 18:06:30 --> Total execution time: 0.0475
DEBUG - 2022-11-22 18:06:31 --> UTF-8 Support Enabled
DEBUG - 2022-11-22 18:06:31 --> Global POST, GET and COOKIE data sanitized
ERROR - 2022-11-22 18:06:31 --> 404 Page Not Found: Faviconico/index
