DEBUG - 2022-12-02 08:49:19 --> UTF-8 Support Enabled
DEBUG - 2022-12-02 08:49:19 --> No URI present. Default controller set.
DEBUG - 2022-12-02 08:49:19 --> Global POST, GET and COOKIE data sanitized
DEBUG - 2022-12-02 08:49:19 --> Config file loaded: /hwonpark/www/application/config/tree.php
DEBUG - 2022-12-02 08:49:20 --> Total execution time: 0.2675
DEBUG - 2022-12-02 08:49:22 --> UTF-8 Support Enabled
DEBUG - 2022-12-02 08:49:22 --> Global POST, GET and COOKIE data sanitized
ERROR - 2022-12-02 08:49:22 --> 404 Page Not Found: Faviconico/index
DEBUG - 2022-12-02 09:06:31 --> UTF-8 Support Enabled
DEBUG - 2022-12-02 09:06:31 --> Global POST, GET and COOKIE data sanitized
DEBUG - 2022-12-02 09:06:31 --> Config file loaded: /hwonpark/www/application/config/tree.php
DEBUG - 2022-12-02 09:06:31 --> Total execution time: 0.0337
DEBUG - 2022-12-02 09:06:33 --> UTF-8 Support Enabled
DEBUG - 2022-12-02 09:06:33 --> Global POST, GET and COOKIE data sanitized
ERROR - 2022-12-02 09:06:33 --> 404 Page Not Found: Faviconico/index
DEBUG - 2022-12-02 09:06:39 --> UTF-8 Support Enabled
DEBUG - 2022-12-02 09:06:39 --> Global POST, GET and COOKIE data sanitized
DEBUG - 2022-12-02 09:06:39 --> Config file loaded: /hwonpark/www/application/config/tree.php
DEBUG - 2022-12-02 09:06:41 --> UTF-8 Support Enabled
DEBUG - 2022-12-02 09:06:41 --> Global POST, GET and COOKIE data sanitized
DEBUG - 2022-12-02 09:06:41 --> Config file loaded: /hwonpark/www/application/config/tree.php
DEBUG - 2022-12-02 09:06:41 --> Total execution time: 0.0269
DEBUG - 2022-12-02 09:06:46 --> UTF-8 Support Enabled
DEBUG - 2022-12-02 09:06:46 --> Global POST, GET and COOKIE data sanitized
DEBUG - 2022-12-02 09:06:46 --> Config file loaded: /hwonpark/www/application/config/tree.php
DEBUG - 2022-12-02 09:06:48 --> UTF-8 Support Enabled
DEBUG - 2022-12-02 09:06:48 --> Global POST, GET and COOKIE data sanitized
DEBUG - 2022-12-02 09:06:48 --> Config file loaded: /hwonpark/www/application/config/tree.php
DEBUG - 2022-12-02 09:06:48 --> Total execution time: 0.0344
DEBUG - 2022-12-02 09:06:54 --> UTF-8 Support Enabled
DEBUG - 2022-12-02 09:06:54 --> Global POST, GET and COOKIE data sanitized
DEBUG - 2022-12-02 09:06:54 --> Config file loaded: /hwonpark/www/application/config/tree.php
DEBUG - 2022-12-02 09:06:56 --> UTF-8 Support Enabled
DEBUG - 2022-12-02 09:06:56 --> Global POST, GET and COOKIE data sanitized
DEBUG - 2022-12-02 09:06:56 --> Config file loaded: /hwonpark/www/application/config/tree.php
DEBUG - 2022-12-02 09:06:56 --> Encryption: Auto-configured driver 'openssl'.
DEBUG - 2022-12-02 09:06:56 --> UTF-8 Support Enabled
DEBUG - 2022-12-02 09:06:56 --> Global POST, GET and COOKIE data sanitized
DEBUG - 2022-12-02 09:06:56 --> Config file loaded: /hwonpark/www/application/config/tree.php
DEBUG - 2022-12-02 09:06:56 --> Encryption: Auto-configured driver 'openssl'.
DEBUG - 2022-12-02 09:06:56 --> Encryption class already loaded. Second attempt ignored.
DEBUG - 2022-12-02 09:06:56 --> Total execution time: 0.0571
DEBUG - 2022-12-02 09:06:58 --> UTF-8 Support Enabled
DEBUG - 2022-12-02 09:06:58 --> Global POST, GET and COOKIE data sanitized
DEBUG - 2022-12-02 09:06:58 --> Config file loaded: /hwonpark/www/application/config/tree.php
DEBUG - 2022-12-02 09:06:58 --> Encryption: Auto-configured driver 'openssl'.
DEBUG - 2022-12-02 09:06:58 --> Total execution time: 0.0408
DEBUG - 2022-12-02 09:07:03 --> UTF-8 Support Enabled
DEBUG - 2022-12-02 09:07:03 --> Global POST, GET and COOKIE data sanitized
DEBUG - 2022-12-02 09:07:03 --> Config file loaded: /hwonpark/www/application/config/tree.php
DEBUG - 2022-12-02 09:07:03 --> Encryption: Auto-configured driver 'openssl'.
DEBUG - 2022-12-02 09:07:03 --> Total execution time: 0.0912
DEBUG - 2022-12-02 09:07:05 --> UTF-8 Support Enabled
DEBUG - 2022-12-02 09:07:05 --> Global POST, GET and COOKIE data sanitized
DEBUG - 2022-12-02 09:07:05 --> Config file loaded: /hwonpark/www/application/config/tree.php
DEBUG - 2022-12-02 09:07:05 --> Encryption: Auto-configured driver 'openssl'.
DEBUG - 2022-12-02 09:07:05 --> Total execution time: 0.0401
DEBUG - 2022-12-02 09:07:07 --> UTF-8 Support Enabled
DEBUG - 2022-12-02 09:07:07 --> Global POST, GET and COOKIE data sanitized
DEBUG - 2022-12-02 09:07:07 --> Config file loaded: /hwonpark/www/application/config/tree.php
DEBUG - 2022-12-02 09:07:07 --> Encryption: Auto-configured driver 'openssl'.
DEBUG - 2022-12-02 09:07:07 --> Total execution time: 0.0342
DEBUG - 2022-12-02 09:07:16 --> UTF-8 Support Enabled
DEBUG - 2022-12-02 09:07:16 --> Global POST, GET and COOKIE data sanitized
DEBUG - 2022-12-02 09:07:16 --> Config file loaded: /hwonpark/www/application/config/tree.php
DEBUG - 2022-12-02 09:07:16 --> Encryption: Auto-configured driver 'openssl'.
DEBUG - 2022-12-02 09:07:16 --> Total execution time: 0.0541
DEBUG - 2022-12-02 09:07:17 --> UTF-8 Support Enabled
DEBUG - 2022-12-02 09:07:17 --> Global POST, GET and COOKIE data sanitized
DEBUG - 2022-12-02 09:07:17 --> Config file loaded: /hwonpark/www/application/config/tree.php
DEBUG - 2022-12-02 09:07:18 --> Encryption: Auto-configured driver 'openssl'.
DEBUG - 2022-12-02 09:07:18 --> Total execution time: 0.0625
DEBUG - 2022-12-02 09:07:19 --> UTF-8 Support Enabled
DEBUG - 2022-12-02 09:07:19 --> Global POST, GET and COOKIE data sanitized
DEBUG - 2022-12-02 09:07:19 --> Config file loaded: /hwonpark/www/application/config/tree.php
DEBUG - 2022-12-02 09:07:19 --> Encryption: Auto-configured driver 'openssl'.
DEBUG - 2022-12-02 09:07:19 --> Total execution time: 0.0407
DEBUG - 2022-12-02 09:07:20 --> UTF-8 Support Enabled
DEBUG - 2022-12-02 09:07:20 --> Global POST, GET and COOKIE data sanitized
DEBUG - 2022-12-02 09:07:20 --> Config file loaded: /hwonpark/www/application/config/tree.php
DEBUG - 2022-12-02 09:07:20 --> Encryption: Auto-configured driver 'openssl'.
DEBUG - 2022-12-02 09:07:20 --> Total execution time: 0.0461
DEBUG - 2022-12-02 09:07:21 --> UTF-8 Support Enabled
DEBUG - 2022-12-02 09:07:21 --> Global POST, GET and COOKIE data sanitized
DEBUG - 2022-12-02 09:07:21 --> Config file loaded: /hwonpark/www/application/config/tree.php
DEBUG - 2022-12-02 09:07:21 --> Encryption: Auto-configured driver 'openssl'.
DEBUG - 2022-12-02 09:07:21 --> Total execution time: 0.0460
DEBUG - 2022-12-02 09:07:22 --> UTF-8 Support Enabled
DEBUG - 2022-12-02 09:07:22 --> Global POST, GET and COOKIE data sanitized
DEBUG - 2022-12-02 09:07:22 --> Config file loaded: /hwonpark/www/application/config/tree.php
DEBUG - 2022-12-02 09:07:22 --> Encryption: Auto-configured driver 'openssl'.
DEBUG - 2022-12-02 09:07:22 --> Total execution time: 0.0463
DEBUG - 2022-12-02 09:14:44 --> UTF-8 Support Enabled
DEBUG - 2022-12-02 09:14:44 --> Global POST, GET and COOKIE data sanitized
DEBUG - 2022-12-02 09:14:44 --> Config file loaded: /hwonpark/www/application/config/tree.php
DEBUG - 2022-12-02 09:14:44 --> Encryption: Auto-configured driver 'openssl'.
DEBUG - 2022-12-02 09:14:44 --> Total execution time: 0.0508
DEBUG - 2022-12-02 09:14:45 --> UTF-8 Support Enabled
DEBUG - 2022-12-02 09:14:45 --> Global POST, GET and COOKIE data sanitized
DEBUG - 2022-12-02 09:14:45 --> Config file loaded: /hwonpark/www/application/config/tree.php
DEBUG - 2022-12-02 09:14:45 --> Encryption: Auto-configured driver 'openssl'.
DEBUG - 2022-12-02 09:14:45 --> Total execution time: 0.0454
DEBUG - 2022-12-02 09:14:46 --> UTF-8 Support Enabled
DEBUG - 2022-12-02 09:14:46 --> Global POST, GET and COOKIE data sanitized
DEBUG - 2022-12-02 09:14:46 --> Config file loaded: /hwonpark/www/application/config/tree.php
DEBUG - 2022-12-02 09:14:46 --> Encryption: Auto-configured driver 'openssl'.
DEBUG - 2022-12-02 09:14:46 --> Total execution time: 0.0362
DEBUG - 2022-12-02 09:14:47 --> UTF-8 Support Enabled
DEBUG - 2022-12-02 09:14:47 --> Global POST, GET and COOKIE data sanitized
DEBUG - 2022-12-02 09:14:47 --> Config file loaded: /hwonpark/www/application/config/tree.php
DEBUG - 2022-12-02 09:14:47 --> Encryption: Auto-configured driver 'openssl'.
DEBUG - 2022-12-02 09:14:47 --> Total execution time: 0.0397
DEBUG - 2022-12-02 09:14:51 --> UTF-8 Support Enabled
DEBUG - 2022-12-02 09:14:51 --> Global POST, GET and COOKIE data sanitized
DEBUG - 2022-12-02 09:14:51 --> Config file loaded: /hwonpark/www/application/config/tree.php
DEBUG - 2022-12-02 09:14:51 --> Encryption: Auto-configured driver 'openssl'.
DEBUG - 2022-12-02 09:14:51 --> Total execution time: 0.0361
DEBUG - 2022-12-02 09:14:52 --> UTF-8 Support Enabled
DEBUG - 2022-12-02 09:14:52 --> Global POST, GET and COOKIE data sanitized
DEBUG - 2022-12-02 09:14:53 --> Config file loaded: /hwonpark/www/application/config/tree.php
DEBUG - 2022-12-02 09:14:53 --> Encryption: Auto-configured driver 'openssl'.
DEBUG - 2022-12-02 09:14:53 --> Total execution time: 0.0412
DEBUG - 2022-12-02 09:14:55 --> UTF-8 Support Enabled
DEBUG - 2022-12-02 09:14:55 --> Global POST, GET and COOKIE data sanitized
DEBUG - 2022-12-02 09:14:55 --> Config file loaded: /hwonpark/www/application/config/tree.php
DEBUG - 2022-12-02 09:14:55 --> Encryption: Auto-configured driver 'openssl'.
DEBUG - 2022-12-02 09:14:55 --> Total execution time: 0.0393
DEBUG - 2022-12-02 09:14:56 --> UTF-8 Support Enabled
DEBUG - 2022-12-02 09:14:56 --> Global POST, GET and COOKIE data sanitized
DEBUG - 2022-12-02 09:14:56 --> Config file loaded: /hwonpark/www/application/config/tree.php
DEBUG - 2022-12-02 09:14:56 --> Encryption: Auto-configured driver 'openssl'.
DEBUG - 2022-12-02 09:14:56 --> Total execution time: 0.0610
DEBUG - 2022-12-02 09:14:59 --> UTF-8 Support Enabled
DEBUG - 2022-12-02 09:14:59 --> Global POST, GET and COOKIE data sanitized
DEBUG - 2022-12-02 09:14:59 --> Config file loaded: /hwonpark/www/application/config/tree.php
DEBUG - 2022-12-02 09:14:59 --> Encryption: Auto-configured driver 'openssl'.
DEBUG - 2022-12-02 09:14:59 --> Total execution time: 0.0409
DEBUG - 2022-12-02 09:15:17 --> UTF-8 Support Enabled
DEBUG - 2022-12-02 09:15:17 --> Global POST, GET and COOKIE data sanitized
DEBUG - 2022-12-02 09:15:18 --> Config file loaded: /hwonpark/www/application/config/tree.php
DEBUG - 2022-12-02 09:15:18 --> Encryption: Auto-configured driver 'openssl'.
DEBUG - 2022-12-02 09:15:18 --> Total execution time: 0.0614
DEBUG - 2022-12-02 10:00:03 --> UTF-8 Support Enabled
DEBUG - 2022-12-02 10:00:03 --> No URI present. Default controller set.
DEBUG - 2022-12-02 10:00:03 --> Global POST, GET and COOKIE data sanitized
DEBUG - 2022-12-02 10:00:04 --> Config file loaded: /hwonpark/www/application/config/tree.php
DEBUG - 2022-12-02 10:00:04 --> Total execution time: 0.9793
DEBUG - 2022-12-02 10:00:04 --> UTF-8 Support Enabled
DEBUG - 2022-12-02 10:00:04 --> No URI present. Default controller set.
DEBUG - 2022-12-02 10:00:04 --> Global POST, GET and COOKIE data sanitized
DEBUG - 2022-12-02 10:00:04 --> Config file loaded: /hwonpark/www/application/config/tree.php
DEBUG - 2022-12-02 10:00:04 --> Total execution time: 0.3132
DEBUG - 2022-12-02 10:00:05 --> UTF-8 Support Enabled
DEBUG - 2022-12-02 10:00:05 --> Global POST, GET and COOKIE data sanitized
ERROR - 2022-12-02 10:00:05 --> 404 Page Not Found: Faviconico/index
DEBUG - 2022-12-02 10:00:11 --> UTF-8 Support Enabled
DEBUG - 2022-12-02 10:00:11 --> No URI present. Default controller set.
DEBUG - 2022-12-02 10:00:11 --> Global POST, GET and COOKIE data sanitized
DEBUG - 2022-12-02 10:00:11 --> Config file loaded: /hwonpark/www/application/config/tree.php
DEBUG - 2022-12-02 10:00:11 --> Total execution time: 0.0357
DEBUG - 2022-12-02 10:02:53 --> UTF-8 Support Enabled
DEBUG - 2022-12-02 10:02:53 --> No URI present. Default controller set.
DEBUG - 2022-12-02 10:02:53 --> Global POST, GET and COOKIE data sanitized
DEBUG - 2022-12-02 10:02:53 --> Config file loaded: /hwonpark/www/application/config/tree.php
DEBUG - 2022-12-02 10:02:53 --> Total execution time: 0.0313
DEBUG - 2022-12-02 10:18:55 --> UTF-8 Support Enabled
DEBUG - 2022-12-02 10:18:55 --> No URI present. Default controller set.
DEBUG - 2022-12-02 10:18:55 --> Global POST, GET and COOKIE data sanitized
DEBUG - 2022-12-02 10:18:55 --> Config file loaded: /hwonpark/www/application/config/tree.php
DEBUG - 2022-12-02 10:18:55 --> Total execution time: 0.0321
DEBUG - 2022-12-02 10:19:07 --> UTF-8 Support Enabled
DEBUG - 2022-12-02 10:19:07 --> Global POST, GET and COOKIE data sanitized
ERROR - 2022-12-02 10:19:07 --> 404 Page Not Found: Faviconico/index
DEBUG - 2022-12-02 10:19:09 --> UTF-8 Support Enabled
DEBUG - 2022-12-02 10:19:09 --> No URI present. Default controller set.
DEBUG - 2022-12-02 10:19:09 --> Global POST, GET and COOKIE data sanitized
DEBUG - 2022-12-02 10:19:09 --> Config file loaded: /hwonpark/www/application/config/tree.php
DEBUG - 2022-12-02 10:19:09 --> Total execution time: 0.0364
DEBUG - 2022-12-02 10:42:41 --> UTF-8 Support Enabled
DEBUG - 2022-12-02 10:42:41 --> No URI present. Default controller set.
DEBUG - 2022-12-02 10:42:41 --> Global POST, GET and COOKIE data sanitized
DEBUG - 2022-12-02 10:42:41 --> Config file loaded: /hwonpark/www/application/config/tree.php
DEBUG - 2022-12-02 10:42:41 --> Total execution time: 0.0323
DEBUG - 2022-12-02 10:42:43 --> UTF-8 Support Enabled
DEBUG - 2022-12-02 10:42:43 --> Global POST, GET and COOKIE data sanitized
ERROR - 2022-12-02 10:42:43 --> 404 Page Not Found: Faviconico/index
DEBUG - 2022-12-02 10:42:52 --> UTF-8 Support Enabled
DEBUG - 2022-12-02 10:42:52 --> Global POST, GET and COOKIE data sanitized
DEBUG - 2022-12-02 10:42:52 --> Config file loaded: /hwonpark/www/application/config/tree.php
DEBUG - 2022-12-02 10:42:52 --> --------------------DC_common::chk_perm - 1.인가코드요청 시작 -> if 인앱브라우저
DEBUG - 2022-12-02 10:42:54 --> UTF-8 Support Enabled
DEBUG - 2022-12-02 10:42:54 --> Global POST, GET and COOKIE data sanitized
DEBUG - 2022-12-02 10:42:54 --> Config file loaded: /hwonpark/www/application/config/tree.php
DEBUG - 2022-12-02 10:42:54 --> =================== DL_auth-> oauth::CALLBACK - 시작
DEBUG - 2022-12-02 10:42:54 --> =================== DL_auth-> oauth::CALLBACK - kakao param=:: error=
DEBUG - 2022-12-02 10:42:54 --> =================== DL_auth-> oauth::CALLBACK - kakao param=:: state=/ko/brief/view?idx=34
DEBUG - 2022-12-02 10:42:54 --> =================== DL_auth-> oauth::CALLBACK - kakao param=:: code=jtH3-9DnRqi92VqiUKYiJj--GeLtrG08uw-RiHeYlUSvrtWxQGkqKkUBzeja2kbPDZBJXQo9dRsAAAGE0IA0yg
DEBUG - 2022-12-02 10:42:54 --> =================== DL_auth -> kakao oauth :2: code=jtH3-9DnRqi92VqiUKYiJj--GeLtrG08uw-RiHeYlUSvrtWxQGkqKkUBzeja2kbPDZBJXQo9dRsAAAGE0IA0yg
DEBUG - 2022-12-02 10:42:54 --> ====================Dl_auth -> kakao_login :: 시작
DEBUG - 2022-12-02 10:42:54 --> --------------------Dl_auth::kakao_login - 1.토큰요청 시작
DEBUG - 2022-12-02 10:42:54 --> Dl_auth::kakao_login - get_token 시작 n=2
DEBUG - 2022-12-02 10:42:54 --> --------------------Dl_auth::kakao_login - 1.2.토큰요청 시작 -> 기타브라우저
DEBUG - 2022-12-02 10:42:54 --> --------------------Dl_auth::kakao_login - 1.3.토큰요청
DEBUG - 2022-12-02 10:42:54 --> --------------------Dl_auth::kakao_login - 1.4.토큰요청 -> 성공
DEBUG - 2022-12-02 10:42:54 --> UTF-8 Support Enabled
DEBUG - 2022-12-02 10:42:54 --> Global POST, GET and COOKIE data sanitized
DEBUG - 2022-12-02 10:42:54 --> Config file loaded: /hwonpark/www/application/config/tree.php
DEBUG - 2022-12-02 10:42:54 --> =================== DL_auth-> oauth::CALLBACK - 시작
DEBUG - 2022-12-02 10:42:54 --> =================== DL_auth-> oauth::CALLBACK - kakao param=:: error=
DEBUG - 2022-12-02 10:42:54 --> =================== DL_auth-> oauth::CALLBACK - kakao param=:: state=/ko/brief/view?idx=34
DEBUG - 2022-12-02 10:42:54 --> =================== DL_auth-> oauth::CALLBACK - kakao param=:: code=jtH3-9DnRqi92VqiUKYiJj--GeLtrG08uw-RiHeYlUSvrtWxQGkqKkUBzeja2kbPDZBJXQo9dRsAAAGE0IA0yg
DEBUG - 2022-12-02 10:42:54 --> =================== DL_auth -> kakao oauth :2: code=jtH3-9DnRqi92VqiUKYiJj--GeLtrG08uw-RiHeYlUSvrtWxQGkqKkUBzeja2kbPDZBJXQo9dRsAAAGE0IA0yg
DEBUG - 2022-12-02 10:42:54 --> ====================Dl_auth -> kakao_login :: 시작
DEBUG - 2022-12-02 10:42:54 --> ====================Dl_auth::kakao_login - 1.3.5- 사이트 회원정보 업데이트 성공(카카오 인증 완료) state=/ko/brief/view?idx=34
DEBUG - 2022-12-02 10:42:54 --> UTF-8 Support Enabled
DEBUG - 2022-12-02 10:42:54 --> Global POST, GET and COOKIE data sanitized
DEBUG - 2022-12-02 10:42:54 --> Config file loaded: /hwonpark/www/application/config/tree.php
DEBUG - 2022-12-02 10:42:54 --> Encryption: Auto-configured driver 'openssl'.
DEBUG - 2022-12-02 10:42:54 --> --------------------DC_common::chk_perm - 1.인가코드요청 시작 -> if 인앱브라우저
DEBUG - 2022-12-02 10:42:54 --> Total execution time: 0.0621
DEBUG - 2022-12-02 10:42:59 --> UTF-8 Support Enabled
DEBUG - 2022-12-02 10:42:59 --> Global POST, GET and COOKIE data sanitized
DEBUG - 2022-12-02 10:42:59 --> Config file loaded: /hwonpark/www/application/config/tree.php
DEBUG - 2022-12-02 10:42:59 --> Encryption: Auto-configured driver 'openssl'.
DEBUG - 2022-12-02 10:42:59 --> --------------------DC_common::chk_perm - 1.인가코드요청 시작 -> if 인앱브라우저
DEBUG - 2022-12-02 10:42:59 --> Total execution time: 0.0799
DEBUG - 2022-12-02 10:43:01 --> UTF-8 Support Enabled
DEBUG - 2022-12-02 10:43:01 --> No URI present. Default controller set.
DEBUG - 2022-12-02 10:43:01 --> Global POST, GET and COOKIE data sanitized
DEBUG - 2022-12-02 10:43:01 --> Config file loaded: /hwonpark/www/application/config/tree.php
DEBUG - 2022-12-02 10:43:01 --> Encryption: Auto-configured driver 'openssl'.
DEBUG - 2022-12-02 10:43:01 --> Total execution time: 0.0706
DEBUG - 2022-12-02 11:16:15 --> UTF-8 Support Enabled
DEBUG - 2022-12-02 11:16:15 --> Global POST, GET and COOKIE data sanitized
DEBUG - 2022-12-02 11:16:15 --> Config file loaded: /hwonpark/www/application/config/tree.php
DEBUG - 2022-12-02 11:16:15 --> Total execution time: 0.0328
DEBUG - 2022-12-02 11:16:17 --> UTF-8 Support Enabled
DEBUG - 2022-12-02 11:16:17 --> No URI present. Default controller set.
DEBUG - 2022-12-02 11:16:17 --> Global POST, GET and COOKIE data sanitized
DEBUG - 2022-12-02 11:16:17 --> Config file loaded: /hwonpark/www/application/config/tree.php
DEBUG - 2022-12-02 11:16:17 --> Total execution time: 0.0362
DEBUG - 2022-12-02 11:16:19 --> UTF-8 Support Enabled
DEBUG - 2022-12-02 11:16:19 --> Global POST, GET and COOKIE data sanitized
DEBUG - 2022-12-02 11:16:19 --> Config file loaded: /hwonpark/www/application/config/tree.php
DEBUG - 2022-12-02 11:16:19 --> Total execution time: 0.0670
DEBUG - 2022-12-02 11:16:23 --> UTF-8 Support Enabled
DEBUG - 2022-12-02 11:16:23 --> Global POST, GET and COOKIE data sanitized
DEBUG - 2022-12-02 11:16:23 --> Config file loaded: /hwonpark/www/application/config/tree.php
DEBUG - 2022-12-02 11:16:23 --> Total execution time: 0.0464
DEBUG - 2022-12-02 11:16:25 --> UTF-8 Support Enabled
DEBUG - 2022-12-02 11:16:25 --> Global POST, GET and COOKIE data sanitized
DEBUG - 2022-12-02 11:16:25 --> Config file loaded: /hwonpark/www/application/config/tree.php
DEBUG - 2022-12-02 11:16:25 --> =================== DL_auth-> oauth::CALLBACK - 시작
DEBUG - 2022-12-02 11:16:25 --> =================== DL_auth-> oauth::CALLBACK - kakao param=:: error=
DEBUG - 2022-12-02 11:16:25 --> =================== DL_auth-> oauth::CALLBACK - kakao param=:: state=
DEBUG - 2022-12-02 11:16:25 --> =================== DL_auth-> oauth::CALLBACK - kakao param=:: code=2Fp92EDx96ELTJotWa8tquBGMlCyzv1Ul4I-P2zJ9kwqm0jHvt6qrq8-_lP2YUnscsL8SQo9dVoAAAGE0J7kPA
DEBUG - 2022-12-02 11:16:25 --> =================== DL_auth -> kakao oauth :2: code=2Fp92EDx96ELTJotWa8tquBGMlCyzv1Ul4I-P2zJ9kwqm0jHvt6qrq8-_lP2YUnscsL8SQo9dVoAAAGE0J7kPA
DEBUG - 2022-12-02 11:16:25 --> ====================Dl_auth -> kakao_login :: 시작
DEBUG - 2022-12-02 11:16:25 --> --------------------Dl_auth::kakao_login - 1.토큰요청 시작
DEBUG - 2022-12-02 11:16:25 --> Dl_auth::kakao_login - get_token 시작 n=2
DEBUG - 2022-12-02 11:16:25 --> --------------------Dl_auth::kakao_login - 1.2.토큰요청 시작 -> 기타브라우저
DEBUG - 2022-12-02 11:16:25 --> --------------------Dl_auth::kakao_login - 1.3.토큰요청
DEBUG - 2022-12-02 11:16:25 --> --------------------Dl_auth::kakao_login - 1.4.토큰요청 -> 성공
DEBUG - 2022-12-02 11:16:25 --> UTF-8 Support Enabled
DEBUG - 2022-12-02 11:16:25 --> Global POST, GET and COOKIE data sanitized
DEBUG - 2022-12-02 11:16:25 --> Config file loaded: /hwonpark/www/application/config/tree.php
DEBUG - 2022-12-02 11:16:25 --> =================== DL_auth-> oauth::CALLBACK - 시작
DEBUG - 2022-12-02 11:16:25 --> =================== DL_auth-> oauth::CALLBACK - kakao param=:: error=
DEBUG - 2022-12-02 11:16:25 --> =================== DL_auth-> oauth::CALLBACK - kakao param=:: state=
DEBUG - 2022-12-02 11:16:25 --> =================== DL_auth-> oauth::CALLBACK - kakao param=:: code=2Fp92EDx96ELTJotWa8tquBGMlCyzv1Ul4I-P2zJ9kwqm0jHvt6qrq8-_lP2YUnscsL8SQo9dVoAAAGE0J7kPA
DEBUG - 2022-12-02 11:16:25 --> =================== DL_auth -> kakao oauth :2: code=2Fp92EDx96ELTJotWa8tquBGMlCyzv1Ul4I-P2zJ9kwqm0jHvt6qrq8-_lP2YUnscsL8SQo9dVoAAAGE0J7kPA
DEBUG - 2022-12-02 11:16:25 --> ====================Dl_auth -> kakao_login :: 시작
DEBUG - 2022-12-02 11:16:25 --> ====================Dl_auth::kakao_login - 1.3.5- 사이트 회원정보 업데이트 성공(카카오 인증 완료) state=
DEBUG - 2022-12-02 11:16:26 --> UTF-8 Support Enabled
DEBUG - 2022-12-02 11:16:26 --> Global POST, GET and COOKIE data sanitized
DEBUG - 2022-12-02 11:16:26 --> Config file loaded: /hwonpark/www/application/config/tree.php
DEBUG - 2022-12-02 11:16:26 --> Encryption: Auto-configured driver 'openssl'.
DEBUG - 2022-12-02 11:16:26 --> Total execution time: 0.0541
DEBUG - 2022-12-02 11:16:28 --> UTF-8 Support Enabled
DEBUG - 2022-12-02 11:16:28 --> Global POST, GET and COOKIE data sanitized
DEBUG - 2022-12-02 11:16:28 --> Config file loaded: /hwonpark/www/application/config/tree.php
DEBUG - 2022-12-02 11:16:28 --> Encryption: Auto-configured driver 'openssl'.
DEBUG - 2022-12-02 11:16:28 --> Total execution time: 0.0610
DEBUG - 2022-12-02 11:16:29 --> UTF-8 Support Enabled
DEBUG - 2022-12-02 11:16:29 --> Global POST, GET and COOKIE data sanitized
DEBUG - 2022-12-02 11:16:29 --> Config file loaded: /hwonpark/www/application/config/tree.php
DEBUG - 2022-12-02 11:16:29 --> Encryption: Auto-configured driver 'openssl'.
DEBUG - 2022-12-02 11:16:29 --> Total execution time: 0.0635
DEBUG - 2022-12-02 11:43:34 --> UTF-8 Support Enabled
DEBUG - 2022-12-02 11:43:34 --> No URI present. Default controller set.
DEBUG - 2022-12-02 11:43:34 --> Global POST, GET and COOKIE data sanitized
DEBUG - 2022-12-02 11:43:34 --> Config file loaded: /hwonpark/www/application/config/tree.php
DEBUG - 2022-12-02 11:43:34 --> Total execution time: 0.0304
DEBUG - 2022-12-02 13:28:46 --> UTF-8 Support Enabled
DEBUG - 2022-12-02 13:28:46 --> No URI present. Default controller set.
DEBUG - 2022-12-02 13:28:46 --> Global POST, GET and COOKIE data sanitized
DEBUG - 2022-12-02 13:28:46 --> Config file loaded: /hwonpark/www/application/config/tree.php
DEBUG - 2022-12-02 13:28:46 --> Total execution time: 0.1640
DEBUG - 2022-12-02 13:28:47 --> UTF-8 Support Enabled
DEBUG - 2022-12-02 13:28:47 --> Global POST, GET and COOKIE data sanitized
ERROR - 2022-12-02 13:28:47 --> 404 Page Not Found: Faviconico/index
DEBUG - 2022-12-02 13:28:51 --> UTF-8 Support Enabled
DEBUG - 2022-12-02 13:28:51 --> Global POST, GET and COOKIE data sanitized
DEBUG - 2022-12-02 13:28:51 --> Config file loaded: /hwonpark/www/application/config/tree.php
DEBUG - 2022-12-02 13:28:52 --> UTF-8 Support Enabled
DEBUG - 2022-12-02 13:28:52 --> Global POST, GET and COOKIE data sanitized
DEBUG - 2022-12-02 13:28:52 --> Config file loaded: /hwonpark/www/application/config/tree.php
DEBUG - 2022-12-02 13:28:52 --> Total execution time: 0.0583
DEBUG - 2022-12-02 13:28:55 --> UTF-8 Support Enabled
DEBUG - 2022-12-02 13:28:55 --> Global POST, GET and COOKIE data sanitized
DEBUG - 2022-12-02 13:28:55 --> Config file loaded: /hwonpark/www/application/config/tree.php
DEBUG - 2022-12-02 13:28:55 --> =================== DL_auth-> oauth::CALLBACK - 시작
DEBUG - 2022-12-02 13:28:55 --> =================== DL_auth-> oauth::CALLBACK - kakao param=:: error=
DEBUG - 2022-12-02 13:28:55 --> =================== DL_auth-> oauth::CALLBACK - kakao param=:: state=
DEBUG - 2022-12-02 13:28:55 --> =================== DL_auth-> oauth::CALLBACK - kakao param=:: code=kU86ZjSJCfZ8B14qJ6XCwrfmtIjOFskE-7avOWc3rzwJeaMWdV579gg4se16WMSydn1wMQopcSEAAAGE0Rgziw
DEBUG - 2022-12-02 13:28:55 --> =================== DL_auth -> kakao oauth :2: code=kU86ZjSJCfZ8B14qJ6XCwrfmtIjOFskE-7avOWc3rzwJeaMWdV579gg4se16WMSydn1wMQopcSEAAAGE0Rgziw
DEBUG - 2022-12-02 13:28:55 --> ====================Dl_auth -> kakao_login :: 시작
DEBUG - 2022-12-02 13:28:55 --> --------------------Dl_auth::kakao_login - 1.토큰요청 시작
DEBUG - 2022-12-02 13:28:55 --> Dl_auth::kakao_login - get_token 시작 n=2
DEBUG - 2022-12-02 13:28:55 --> --------------------Dl_auth::kakao_login - 1.2.토큰요청 시작 -> 기타브라우저
DEBUG - 2022-12-02 13:28:55 --> --------------------Dl_auth::kakao_login - 1.3.토큰요청
DEBUG - 2022-12-02 13:28:55 --> --------------------Dl_auth::kakao_login - 1.4.토큰요청 -> 성공
DEBUG - 2022-12-02 13:28:55 --> UTF-8 Support Enabled
DEBUG - 2022-12-02 13:28:55 --> Global POST, GET and COOKIE data sanitized
DEBUG - 2022-12-02 13:28:55 --> Config file loaded: /hwonpark/www/application/config/tree.php
DEBUG - 2022-12-02 13:28:55 --> =================== DL_auth-> oauth::CALLBACK - 시작
DEBUG - 2022-12-02 13:28:55 --> =================== DL_auth-> oauth::CALLBACK - kakao param=:: error=
DEBUG - 2022-12-02 13:28:55 --> =================== DL_auth-> oauth::CALLBACK - kakao param=:: state=
DEBUG - 2022-12-02 13:28:55 --> =================== DL_auth-> oauth::CALLBACK - kakao param=:: code=kU86ZjSJCfZ8B14qJ6XCwrfmtIjOFskE-7avOWc3rzwJeaMWdV579gg4se16WMSydn1wMQopcSEAAAGE0Rgziw
DEBUG - 2022-12-02 13:28:55 --> =================== DL_auth -> kakao oauth :2: code=kU86ZjSJCfZ8B14qJ6XCwrfmtIjOFskE-7avOWc3rzwJeaMWdV579gg4se16WMSydn1wMQopcSEAAAGE0Rgziw
DEBUG - 2022-12-02 13:28:55 --> ====================Dl_auth -> kakao_login :: 시작
DEBUG - 2022-12-02 13:28:55 --> ====================Dl_auth::kakao_login - 1.3.5- 사이트 회원정보 업데이트 성공(카카오 인증 완료) state=
DEBUG - 2022-12-02 13:28:57 --> UTF-8 Support Enabled
DEBUG - 2022-12-02 13:28:57 --> Global POST, GET and COOKIE data sanitized
DEBUG - 2022-12-02 13:28:57 --> Config file loaded: /hwonpark/www/application/config/tree.php
DEBUG - 2022-12-02 13:28:57 --> Encryption: Auto-configured driver 'openssl'.
DEBUG - 2022-12-02 13:28:57 --> Total execution time: 0.0370
DEBUG - 2022-12-02 13:28:59 --> UTF-8 Support Enabled
DEBUG - 2022-12-02 13:28:59 --> Global POST, GET and COOKIE data sanitized
DEBUG - 2022-12-02 13:28:59 --> Config file loaded: /hwonpark/www/application/config/tree.php
DEBUG - 2022-12-02 13:28:59 --> Encryption: Auto-configured driver 'openssl'.
DEBUG - 2022-12-02 13:28:59 --> Total execution time: 0.0495
DEBUG - 2022-12-02 14:58:49 --> UTF-8 Support Enabled
DEBUG - 2022-12-02 14:58:49 --> Global POST, GET and COOKIE data sanitized
DEBUG - 2022-12-02 14:58:49 --> Config file loaded: /hwonpark/www/application/config/tree.php
DEBUG - 2022-12-02 14:58:49 --> Total execution time: 0.0680
DEBUG - 2022-12-02 14:58:51 --> UTF-8 Support Enabled
DEBUG - 2022-12-02 14:58:51 --> Global POST, GET and COOKIE data sanitized
DEBUG - 2022-12-02 14:58:51 --> Config file loaded: /hwonpark/www/application/config/tree.php
DEBUG - 2022-12-02 14:58:52 --> UTF-8 Support Enabled
DEBUG - 2022-12-02 14:58:52 --> Global POST, GET and COOKIE data sanitized
DEBUG - 2022-12-02 14:58:53 --> Config file loaded: /hwonpark/www/application/config/tree.php
DEBUG - 2022-12-02 14:58:53 --> Total execution time: 0.0334
DEBUG - 2022-12-02 14:58:55 --> UTF-8 Support Enabled
DEBUG - 2022-12-02 14:58:55 --> Global POST, GET and COOKIE data sanitized
DEBUG - 2022-12-02 14:58:55 --> Config file loaded: /hwonpark/www/application/config/tree.php
DEBUG - 2022-12-02 14:58:55 --> =================== DL_auth-> oauth::CALLBACK - 시작
DEBUG - 2022-12-02 14:58:55 --> =================== DL_auth-> oauth::CALLBACK - kakao param=:: error=
DEBUG - 2022-12-02 14:58:55 --> =================== DL_auth-> oauth::CALLBACK - kakao param=:: state=
DEBUG - 2022-12-02 14:58:55 --> =================== DL_auth-> oauth::CALLBACK - kakao param=:: code=Ipo2YRBeSuJKdQXSvB16kK_UTP0zHV4shan3h36eFYF6rRvQgWNTvN0VU4qxuY1WRGvfQAo9dVoAAAGE0WqZWQ
DEBUG - 2022-12-02 14:58:55 --> =================== DL_auth -> kakao oauth :2: code=Ipo2YRBeSuJKdQXSvB16kK_UTP0zHV4shan3h36eFYF6rRvQgWNTvN0VU4qxuY1WRGvfQAo9dVoAAAGE0WqZWQ
DEBUG - 2022-12-02 14:58:55 --> ====================Dl_auth -> kakao_login :: 시작
DEBUG - 2022-12-02 14:58:55 --> --------------------Dl_auth::kakao_login - 1.토큰요청 시작
DEBUG - 2022-12-02 14:58:55 --> Dl_auth::kakao_login - get_token 시작 n=2
DEBUG - 2022-12-02 14:58:55 --> --------------------Dl_auth::kakao_login - 1.2.토큰요청 시작 -> 기타브라우저
DEBUG - 2022-12-02 14:58:55 --> --------------------Dl_auth::kakao_login - 1.3.토큰요청
DEBUG - 2022-12-02 14:58:55 --> --------------------Dl_auth::kakao_login - 1.4.토큰요청 -> 성공
DEBUG - 2022-12-02 14:58:55 --> UTF-8 Support Enabled
DEBUG - 2022-12-02 14:58:55 --> Global POST, GET and COOKIE data sanitized
DEBUG - 2022-12-02 14:58:55 --> Config file loaded: /hwonpark/www/application/config/tree.php
DEBUG - 2022-12-02 14:58:55 --> =================== DL_auth-> oauth::CALLBACK - 시작
DEBUG - 2022-12-02 14:58:55 --> =================== DL_auth-> oauth::CALLBACK - kakao param=:: error=
DEBUG - 2022-12-02 14:58:55 --> =================== DL_auth-> oauth::CALLBACK - kakao param=:: state=
DEBUG - 2022-12-02 14:58:55 --> =================== DL_auth-> oauth::CALLBACK - kakao param=:: code=Ipo2YRBeSuJKdQXSvB16kK_UTP0zHV4shan3h36eFYF6rRvQgWNTvN0VU4qxuY1WRGvfQAo9dVoAAAGE0WqZWQ
DEBUG - 2022-12-02 14:58:55 --> =================== DL_auth -> kakao oauth :2: code=Ipo2YRBeSuJKdQXSvB16kK_UTP0zHV4shan3h36eFYF6rRvQgWNTvN0VU4qxuY1WRGvfQAo9dVoAAAGE0WqZWQ
DEBUG - 2022-12-02 14:58:55 --> ====================Dl_auth -> kakao_login :: 시작
DEBUG - 2022-12-02 14:58:55 --> ====================Dl_auth::kakao_login - 1.3.5- 사이트 회원정보 업데이트 성공(카카오 인증 완료) state=
DEBUG - 2022-12-02 14:58:56 --> UTF-8 Support Enabled
DEBUG - 2022-12-02 14:58:56 --> Global POST, GET and COOKIE data sanitized
DEBUG - 2022-12-02 14:58:56 --> Config file loaded: /hwonpark/www/application/config/tree.php
DEBUG - 2022-12-02 14:58:56 --> Encryption: Auto-configured driver 'openssl'.
DEBUG - 2022-12-02 14:58:56 --> Total execution time: 0.0401
DEBUG - 2022-12-02 14:59:00 --> UTF-8 Support Enabled
DEBUG - 2022-12-02 14:59:00 --> Global POST, GET and COOKIE data sanitized
DEBUG - 2022-12-02 14:59:00 --> Config file loaded: /hwonpark/www/application/config/tree.php
DEBUG - 2022-12-02 14:59:00 --> Encryption: Auto-configured driver 'openssl'.
DEBUG - 2022-12-02 14:59:00 --> Total execution time: 0.0375
DEBUG - 2022-12-02 14:59:05 --> UTF-8 Support Enabled
DEBUG - 2022-12-02 14:59:05 --> Global POST, GET and COOKIE data sanitized
DEBUG - 2022-12-02 14:59:05 --> Config file loaded: /hwonpark/www/application/config/tree.php
DEBUG - 2022-12-02 14:59:05 --> Encryption: Auto-configured driver 'openssl'.
DEBUG - 2022-12-02 14:59:05 --> Total execution time: 0.0463
DEBUG - 2022-12-02 15:01:11 --> UTF-8 Support Enabled
DEBUG - 2022-12-02 15:01:11 --> Global POST, GET and COOKIE data sanitized
DEBUG - 2022-12-02 15:01:11 --> Config file loaded: /hwonpark/www/application/config/tree.php
DEBUG - 2022-12-02 15:01:11 --> Encryption: Auto-configured driver 'openssl'.
DEBUG - 2022-12-02 15:01:11 --> Total execution time: 0.0471
DEBUG - 2022-12-02 15:01:12 --> UTF-8 Support Enabled
DEBUG - 2022-12-02 15:01:12 --> Global POST, GET and COOKIE data sanitized
DEBUG - 2022-12-02 15:01:12 --> Config file loaded: /hwonpark/www/application/config/tree.php
DEBUG - 2022-12-02 15:01:12 --> Encryption: Auto-configured driver 'openssl'.
DEBUG - 2022-12-02 15:01:13 --> Total execution time: 0.0466
DEBUG - 2022-12-02 15:04:10 --> UTF-8 Support Enabled
DEBUG - 2022-12-02 15:04:10 --> Global POST, GET and COOKIE data sanitized
DEBUG - 2022-12-02 15:04:10 --> Config file loaded: /hwonpark/www/application/config/tree.php
DEBUG - 2022-12-02 15:04:10 --> Encryption: Auto-configured driver 'openssl'.
DEBUG - 2022-12-02 15:04:10 --> Total execution time: 0.0488
DEBUG - 2022-12-02 15:04:12 --> UTF-8 Support Enabled
DEBUG - 2022-12-02 15:04:12 --> Global POST, GET and COOKIE data sanitized
DEBUG - 2022-12-02 15:04:12 --> Config file loaded: /hwonpark/www/application/config/tree.php
DEBUG - 2022-12-02 15:04:12 --> Encryption: Auto-configured driver 'openssl'.
DEBUG - 2022-12-02 15:04:12 --> Total execution time: 0.0751
DEBUG - 2022-12-02 15:05:24 --> UTF-8 Support Enabled
DEBUG - 2022-12-02 15:05:24 --> Global POST, GET and COOKIE data sanitized
DEBUG - 2022-12-02 15:05:24 --> Config file loaded: /hwonpark/www/application/config/tree.php
DEBUG - 2022-12-02 15:05:24 --> Encryption: Auto-configured driver 'openssl'.
DEBUG - 2022-12-02 15:05:24 --> Total execution time: 0.0441
DEBUG - 2022-12-02 15:05:27 --> UTF-8 Support Enabled
DEBUG - 2022-12-02 15:05:27 --> Global POST, GET and COOKIE data sanitized
DEBUG - 2022-12-02 15:05:27 --> Config file loaded: /hwonpark/www/application/config/tree.php
DEBUG - 2022-12-02 15:05:27 --> Encryption: Auto-configured driver 'openssl'.
DEBUG - 2022-12-02 15:05:27 --> Total execution time: 0.0776
DEBUG - 2022-12-02 15:06:51 --> UTF-8 Support Enabled
DEBUG - 2022-12-02 15:06:51 --> Global POST, GET and COOKIE data sanitized
DEBUG - 2022-12-02 15:06:51 --> Config file loaded: /hwonpark/www/application/config/tree.php
DEBUG - 2022-12-02 15:06:51 --> Encryption: Auto-configured driver 'openssl'.
DEBUG - 2022-12-02 15:06:51 --> Total execution time: 0.0563
DEBUG - 2022-12-02 15:07:22 --> UTF-8 Support Enabled
DEBUG - 2022-12-02 15:07:23 --> No URI present. Default controller set.
DEBUG - 2022-12-02 15:07:23 --> Global POST, GET and COOKIE data sanitized
DEBUG - 2022-12-02 15:07:23 --> Config file loaded: /hwonpark/www/application/config/tree.php
DEBUG - 2022-12-02 15:07:23 --> Encryption: Auto-configured driver 'openssl'.
DEBUG - 2022-12-02 15:07:23 --> Total execution time: 0.0696
DEBUG - 2022-12-02 15:07:38 --> UTF-8 Support Enabled
DEBUG - 2022-12-02 15:07:38 --> Global POST, GET and COOKIE data sanitized
DEBUG - 2022-12-02 15:07:38 --> Config file loaded: /hwonpark/www/application/config/tree.php
DEBUG - 2022-12-02 15:07:38 --> Encryption: Auto-configured driver 'openssl'.
DEBUG - 2022-12-02 15:07:38 --> Total execution time: 0.0450
DEBUG - 2022-12-02 15:32:06 --> UTF-8 Support Enabled
DEBUG - 2022-12-02 15:32:06 --> Global POST, GET and COOKIE data sanitized
DEBUG - 2022-12-02 15:32:06 --> Config file loaded: /hwonpark/www/application/config/tree.php
DEBUG - 2022-12-02 15:32:06 --> Total execution time: 0.1898
DEBUG - 2022-12-02 15:32:09 --> UTF-8 Support Enabled
DEBUG - 2022-12-02 15:32:09 --> Global POST, GET and COOKIE data sanitized
DEBUG - 2022-12-02 15:32:09 --> Config file loaded: /hwonpark/www/application/config/tree.php
DEBUG - 2022-12-02 15:32:09 --> Total execution time: 0.0481
DEBUG - 2022-12-02 15:32:15 --> UTF-8 Support Enabled
DEBUG - 2022-12-02 15:32:15 --> Global POST, GET and COOKIE data sanitized
DEBUG - 2022-12-02 15:32:15 --> Config file loaded: /hwonpark/www/application/config/tree.php
DEBUG - 2022-12-02 15:32:16 --> UTF-8 Support Enabled
DEBUG - 2022-12-02 15:32:16 --> Global POST, GET and COOKIE data sanitized
DEBUG - 2022-12-02 15:32:16 --> Config file loaded: /hwonpark/www/application/config/tree.php
DEBUG - 2022-12-02 15:32:16 --> Total execution time: 0.0264
DEBUG - 2022-12-02 15:32:23 --> UTF-8 Support Enabled
DEBUG - 2022-12-02 15:32:23 --> Global POST, GET and COOKIE data sanitized
DEBUG - 2022-12-02 15:32:23 --> Config file loaded: /hwonpark/www/application/config/tree.php
DEBUG - 2022-12-02 15:32:25 --> UTF-8 Support Enabled
DEBUG - 2022-12-02 15:32:25 --> Global POST, GET and COOKIE data sanitized
DEBUG - 2022-12-02 15:32:25 --> Config file loaded: /hwonpark/www/application/config/tree.php
DEBUG - 2022-12-02 15:32:25 --> Encryption: Auto-configured driver 'openssl'.
DEBUG - 2022-12-02 15:32:25 --> UTF-8 Support Enabled
DEBUG - 2022-12-02 15:32:25 --> Global POST, GET and COOKIE data sanitized
DEBUG - 2022-12-02 15:32:25 --> Config file loaded: /hwonpark/www/application/config/tree.php
DEBUG - 2022-12-02 15:32:25 --> Encryption: Auto-configured driver 'openssl'.
DEBUG - 2022-12-02 15:32:25 --> Encryption class already loaded. Second attempt ignored.
DEBUG - 2022-12-02 15:32:25 --> Total execution time: 0.0572
DEBUG - 2022-12-02 15:32:26 --> UTF-8 Support Enabled
DEBUG - 2022-12-02 15:32:26 --> Global POST, GET and COOKIE data sanitized
DEBUG - 2022-12-02 15:32:26 --> Config file loaded: /hwonpark/www/application/config/tree.php
DEBUG - 2022-12-02 15:32:26 --> Encryption: Auto-configured driver 'openssl'.
DEBUG - 2022-12-02 15:32:26 --> Total execution time: 0.0550
DEBUG - 2022-12-02 15:32:29 --> UTF-8 Support Enabled
DEBUG - 2022-12-02 15:32:29 --> Global POST, GET and COOKIE data sanitized
DEBUG - 2022-12-02 15:32:29 --> Config file loaded: /hwonpark/www/application/config/tree.php
DEBUG - 2022-12-02 15:32:29 --> Encryption: Auto-configured driver 'openssl'.
DEBUG - 2022-12-02 15:32:29 --> Encryption class already loaded. Second attempt ignored.
DEBUG - 2022-12-02 15:32:29 --> Total execution time: 0.0384
DEBUG - 2022-12-02 15:32:30 --> UTF-8 Support Enabled
DEBUG - 2022-12-02 15:32:30 --> Global POST, GET and COOKIE data sanitized
DEBUG - 2022-12-02 15:32:30 --> Config file loaded: /hwonpark/www/application/config/tree.php
DEBUG - 2022-12-02 15:32:30 --> Encryption: Auto-configured driver 'openssl'.
DEBUG - 2022-12-02 15:32:30 --> Total execution time: 0.0519
DEBUG - 2022-12-02 15:32:40 --> UTF-8 Support Enabled
DEBUG - 2022-12-02 15:32:40 --> Global POST, GET and COOKIE data sanitized
DEBUG - 2022-12-02 15:32:40 --> Config file loaded: /hwonpark/www/application/config/tree.php
DEBUG - 2022-12-02 15:32:40 --> Encryption: Auto-configured driver 'openssl'.
DEBUG - 2022-12-02 15:32:40 --> Total execution time: 0.0424
DEBUG - 2022-12-02 15:32:49 --> UTF-8 Support Enabled
DEBUG - 2022-12-02 15:32:49 --> Global POST, GET and COOKIE data sanitized
DEBUG - 2022-12-02 15:32:49 --> Config file loaded: /hwonpark/www/application/config/tree.php
DEBUG - 2022-12-02 15:32:49 --> Encryption: Auto-configured driver 'openssl'.
DEBUG - 2022-12-02 15:32:49 --> Total execution time: 0.0399
DEBUG - 2022-12-02 15:32:52 --> UTF-8 Support Enabled
DEBUG - 2022-12-02 15:32:52 --> Global POST, GET and COOKIE data sanitized
DEBUG - 2022-12-02 15:32:52 --> Config file loaded: /hwonpark/www/application/config/tree.php
DEBUG - 2022-12-02 15:32:52 --> Encryption: Auto-configured driver 'openssl'.
DEBUG - 2022-12-02 15:32:52 --> Total execution time: 0.0408
DEBUG - 2022-12-02 15:33:19 --> UTF-8 Support Enabled
DEBUG - 2022-12-02 15:33:19 --> Global POST, GET and COOKIE data sanitized
DEBUG - 2022-12-02 15:33:19 --> Config file loaded: /hwonpark/www/application/config/tree.php
DEBUG - 2022-12-02 15:33:19 --> Encryption: Auto-configured driver 'openssl'.
DEBUG - 2022-12-02 15:33:19 --> UTF-8 Support Enabled
DEBUG - 2022-12-02 15:33:19 --> Global POST, GET and COOKIE data sanitized
DEBUG - 2022-12-02 15:33:19 --> Config file loaded: /hwonpark/www/application/config/tree.php
DEBUG - 2022-12-02 15:33:19 --> Encryption: Auto-configured driver 'openssl'.
DEBUG - 2022-12-02 15:33:19 --> Encryption class already loaded. Second attempt ignored.
DEBUG - 2022-12-02 15:33:19 --> Total execution time: 0.0534
DEBUG - 2022-12-02 15:33:21 --> UTF-8 Support Enabled
DEBUG - 2022-12-02 15:33:21 --> Global POST, GET and COOKIE data sanitized
DEBUG - 2022-12-02 15:33:21 --> Config file loaded: /hwonpark/www/application/config/tree.php
DEBUG - 2022-12-02 15:33:21 --> Encryption: Auto-configured driver 'openssl'.
DEBUG - 2022-12-02 15:33:21 --> Total execution time: 0.0385
DEBUG - 2022-12-02 15:33:22 --> UTF-8 Support Enabled
DEBUG - 2022-12-02 15:33:22 --> Global POST, GET and COOKIE data sanitized
DEBUG - 2022-12-02 15:33:22 --> Config file loaded: /hwonpark/www/application/config/tree.php
DEBUG - 2022-12-02 15:33:22 --> Encryption: Auto-configured driver 'openssl'.
DEBUG - 2022-12-02 15:33:22 --> Total execution time: 0.0415
DEBUG - 2022-12-02 15:33:23 --> UTF-8 Support Enabled
DEBUG - 2022-12-02 15:33:23 --> Global POST, GET and COOKIE data sanitized
DEBUG - 2022-12-02 15:33:23 --> Config file loaded: /hwonpark/www/application/config/tree.php
DEBUG - 2022-12-02 15:33:24 --> Encryption: Auto-configured driver 'openssl'.
DEBUG - 2022-12-02 15:33:24 --> Total execution time: 0.0639
DEBUG - 2022-12-02 15:42:16 --> UTF-8 Support Enabled
DEBUG - 2022-12-02 15:42:16 --> Global POST, GET and COOKIE data sanitized
DEBUG - 2022-12-02 15:42:16 --> Config file loaded: /hwonpark/www/application/config/tree.php
DEBUG - 2022-12-02 15:42:16 --> Encryption: Auto-configured driver 'openssl'.
ERROR - 2022-12-02 15:42:16 --> Could not find the language line "imglib_invalid_image"
ERROR - 2022-12-02 15:42:16 --> imglib_invalid_image
DEBUG - 2022-12-02 15:42:16 --> DL_schema class already loaded. Second attempt ignored.
ERROR - 2022-12-02 15:42:16 --> Could not find the language line "imglib_invalid_image"
ERROR - 2022-12-02 15:42:16 --> imglib_invalid_image
DEBUG - 2022-12-02 15:42:16 --> DL_schema class already loaded. Second attempt ignored.
ERROR - 2022-12-02 15:42:16 --> Could not find the language line "imglib_invalid_image"
ERROR - 2022-12-02 15:42:16 --> imglib_invalid_image
DEBUG - 2022-12-02 15:42:16 --> DL_schema class already loaded. Second attempt ignored.
DEBUG - 2022-12-02 15:42:17 --> UTF-8 Support Enabled
DEBUG - 2022-12-02 15:42:17 --> Global POST, GET and COOKIE data sanitized
DEBUG - 2022-12-02 15:42:17 --> Config file loaded: /hwonpark/www/application/config/tree.php
DEBUG - 2022-12-02 15:42:17 --> Encryption: Auto-configured driver 'openssl'.
DEBUG - 2022-12-02 15:42:17 --> Total execution time: 0.0415
DEBUG - 2022-12-02 15:42:21 --> UTF-8 Support Enabled
DEBUG - 2022-12-02 15:42:21 --> Global POST, GET and COOKIE data sanitized
DEBUG - 2022-12-02 15:42:21 --> Config file loaded: /hwonpark/www/application/config/tree.php
DEBUG - 2022-12-02 15:42:21 --> Encryption: Auto-configured driver 'openssl'.
DEBUG - 2022-12-02 15:42:21 --> Total execution time: 0.0381
DEBUG - 2022-12-02 15:44:16 --> UTF-8 Support Enabled
DEBUG - 2022-12-02 15:44:16 --> Global POST, GET and COOKIE data sanitized
DEBUG - 2022-12-02 15:44:16 --> Config file loaded: /hwonpark/www/application/config/tree.php
DEBUG - 2022-12-02 15:44:16 --> Encryption: Auto-configured driver 'openssl'.
DEBUG - 2022-12-02 15:44:16 --> Total execution time: 0.0792
DEBUG - 2022-12-02 15:44:25 --> UTF-8 Support Enabled
DEBUG - 2022-12-02 15:44:25 --> Global POST, GET and COOKIE data sanitized
DEBUG - 2022-12-02 15:44:25 --> Config file loaded: /hwonpark/www/application/config/tree.php
DEBUG - 2022-12-02 15:44:25 --> Encryption: Auto-configured driver 'openssl'.
DEBUG - 2022-12-02 15:44:25 --> Total execution time: 0.0976
DEBUG - 2022-12-02 15:44:35 --> UTF-8 Support Enabled
DEBUG - 2022-12-02 15:44:35 --> Global POST, GET and COOKIE data sanitized
DEBUG - 2022-12-02 15:44:35 --> Config file loaded: /hwonpark/www/application/config/tree.php
DEBUG - 2022-12-02 15:44:35 --> Encryption: Auto-configured driver 'openssl'.
DEBUG - 2022-12-02 15:44:35 --> Total execution time: 0.0530
DEBUG - 2022-12-02 15:44:44 --> UTF-8 Support Enabled
DEBUG - 2022-12-02 15:44:44 --> Global POST, GET and COOKIE data sanitized
DEBUG - 2022-12-02 15:44:44 --> Config file loaded: /hwonpark/www/application/config/tree.php
DEBUG - 2022-12-02 15:44:44 --> Encryption: Auto-configured driver 'openssl'.
DEBUG - 2022-12-02 15:44:44 --> UTF-8 Support Enabled
DEBUG - 2022-12-02 15:44:44 --> Global POST, GET and COOKIE data sanitized
DEBUG - 2022-12-02 15:44:44 --> Config file loaded: /hwonpark/www/application/config/tree.php
DEBUG - 2022-12-02 15:44:44 --> Encryption: Auto-configured driver 'openssl'.
DEBUG - 2022-12-02 15:44:44 --> Total execution time: 0.0359
DEBUG - 2022-12-02 17:32:16 --> UTF-8 Support Enabled
DEBUG - 2022-12-02 17:32:16 --> Global POST, GET and COOKIE data sanitized
DEBUG - 2022-12-02 17:32:16 --> Config file loaded: /hwonpark/www/application/config/tree.php
DEBUG - 2022-12-02 17:32:18 --> UTF-8 Support Enabled
DEBUG - 2022-12-02 17:32:18 --> Global POST, GET and COOKIE data sanitized
DEBUG - 2022-12-02 17:32:18 --> Config file loaded: /hwonpark/www/application/config/tree.php
DEBUG - 2022-12-02 17:32:18 --> Total execution time: 0.0613
DEBUG - 2022-12-02 17:37:06 --> UTF-8 Support Enabled
DEBUG - 2022-12-02 17:37:06 --> Global POST, GET and COOKIE data sanitized
DEBUG - 2022-12-02 17:37:06 --> Config file loaded: /hwonpark/www/application/config/tree.php
DEBUG - 2022-12-02 17:37:06 --> Total execution time: 0.0583
DEBUG - 2022-12-02 17:37:09 --> UTF-8 Support Enabled
DEBUG - 2022-12-02 17:37:09 --> Global POST, GET and COOKIE data sanitized
DEBUG - 2022-12-02 17:37:09 --> Config file loaded: /hwonpark/www/application/config/tree.php
DEBUG - 2022-12-02 17:37:09 --> Total execution time: 0.0317
DEBUG - 2022-12-02 17:37:14 --> UTF-8 Support Enabled
DEBUG - 2022-12-02 17:37:14 --> Global POST, GET and COOKIE data sanitized
DEBUG - 2022-12-02 17:37:14 --> Config file loaded: /hwonpark/www/application/config/tree.php
DEBUG - 2022-12-02 17:37:14 --> =================== DL_auth-> oauth::CALLBACK - 시작
DEBUG - 2022-12-02 17:37:14 --> =================== DL_auth-> oauth::CALLBACK - kakao param=:: error=
DEBUG - 2022-12-02 17:37:14 --> =================== DL_auth-> oauth::CALLBACK - kakao param=:: state=
DEBUG - 2022-12-02 17:37:14 --> =================== DL_auth-> oauth::CALLBACK - kakao param=:: code=zF_SRZKlQDtXK_mCFVYTC4H2cBjneKB6SN8OMZKyk5mdEFe3PPumFKN6AMogOPCMUXcGogopb1UAAAGE0fuKAw
DEBUG - 2022-12-02 17:37:14 --> =================== DL_auth -> kakao oauth :2: code=zF_SRZKlQDtXK_mCFVYTC4H2cBjneKB6SN8OMZKyk5mdEFe3PPumFKN6AMogOPCMUXcGogopb1UAAAGE0fuKAw
DEBUG - 2022-12-02 17:37:14 --> ====================Dl_auth -> kakao_login :: 시작
DEBUG - 2022-12-02 17:37:14 --> --------------------Dl_auth::kakao_login - 1.토큰요청 시작
DEBUG - 2022-12-02 17:37:14 --> Dl_auth::kakao_login - get_token 시작 n=2
DEBUG - 2022-12-02 17:37:14 --> --------------------Dl_auth::kakao_login - 1.2.토큰요청 시작 -> 기타브라우저
DEBUG - 2022-12-02 17:37:14 --> --------------------Dl_auth::kakao_login - 1.3.토큰요청
DEBUG - 2022-12-02 17:37:14 --> --------------------Dl_auth::kakao_login - 1.4.토큰요청 -> 성공
DEBUG - 2022-12-02 17:37:14 --> UTF-8 Support Enabled
DEBUG - 2022-12-02 17:37:14 --> Global POST, GET and COOKIE data sanitized
DEBUG - 2022-12-02 17:37:14 --> Config file loaded: /hwonpark/www/application/config/tree.php
DEBUG - 2022-12-02 17:37:14 --> =================== DL_auth-> oauth::CALLBACK - 시작
DEBUG - 2022-12-02 17:37:14 --> =================== DL_auth-> oauth::CALLBACK - kakao param=:: error=
DEBUG - 2022-12-02 17:37:14 --> =================== DL_auth-> oauth::CALLBACK - kakao param=:: state=
DEBUG - 2022-12-02 17:37:14 --> =================== DL_auth-> oauth::CALLBACK - kakao param=:: code=zF_SRZKlQDtXK_mCFVYTC4H2cBjneKB6SN8OMZKyk5mdEFe3PPumFKN6AMogOPCMUXcGogopb1UAAAGE0fuKAw
DEBUG - 2022-12-02 17:37:14 --> =================== DL_auth -> kakao oauth :2: code=zF_SRZKlQDtXK_mCFVYTC4H2cBjneKB6SN8OMZKyk5mdEFe3PPumFKN6AMogOPCMUXcGogopb1UAAAGE0fuKAw
DEBUG - 2022-12-02 17:37:14 --> ====================Dl_auth -> kakao_login :: 시작
DEBUG - 2022-12-02 17:37:14 --> ====================Dl_auth::kakao_login - 1.3.5- 사이트 회원정보 업데이트 성공(카카오 인증 완료) state=
DEBUG - 2022-12-02 17:37:15 --> UTF-8 Support Enabled
DEBUG - 2022-12-02 17:37:15 --> Global POST, GET and COOKIE data sanitized
DEBUG - 2022-12-02 17:37:15 --> Config file loaded: /hwonpark/www/application/config/tree.php
DEBUG - 2022-12-02 17:37:15 --> Encryption: Auto-configured driver 'openssl'.
DEBUG - 2022-12-02 17:37:15 --> Total execution time: 0.0697
DEBUG - 2022-12-02 17:37:18 --> UTF-8 Support Enabled
DEBUG - 2022-12-02 17:37:18 --> Global POST, GET and COOKIE data sanitized
DEBUG - 2022-12-02 17:37:18 --> Config file loaded: /hwonpark/www/application/config/tree.php
DEBUG - 2022-12-02 17:37:18 --> Encryption: Auto-configured driver 'openssl'.
DEBUG - 2022-12-02 17:37:18 --> Total execution time: 0.0332
DEBUG - 2022-12-02 17:37:26 --> UTF-8 Support Enabled
DEBUG - 2022-12-02 17:37:26 --> Global POST, GET and COOKIE data sanitized
DEBUG - 2022-12-02 17:37:26 --> Config file loaded: /hwonpark/www/application/config/tree.php
DEBUG - 2022-12-02 17:37:26 --> Encryption: Auto-configured driver 'openssl'.
DEBUG - 2022-12-02 17:37:26 --> Total execution time: 0.0792
DEBUG - 2022-12-02 17:44:26 --> UTF-8 Support Enabled
DEBUG - 2022-12-02 17:44:26 --> Global POST, GET and COOKIE data sanitized
ERROR - 2022-12-02 17:44:26 --> 404 Page Not Found: Faviconico/index
DEBUG - 2022-12-02 17:58:39 --> UTF-8 Support Enabled
DEBUG - 2022-12-02 17:58:39 --> Global POST, GET and COOKIE data sanitized
DEBUG - 2022-12-02 17:58:39 --> Config file loaded: /hwonpark/www/application/config/tree.php
DEBUG - 2022-12-02 17:58:39 --> Total execution time: 0.0330
DEBUG - 2022-12-02 17:58:41 --> UTF-8 Support Enabled
DEBUG - 2022-12-02 17:58:41 --> Global POST, GET and COOKIE data sanitized
ERROR - 2022-12-02 17:58:41 --> 404 Page Not Found: Faviconico/index
DEBUG - 2022-12-02 17:58:45 --> UTF-8 Support Enabled
DEBUG - 2022-12-02 17:58:45 --> Global POST, GET and COOKIE data sanitized
DEBUG - 2022-12-02 17:58:45 --> Config file loaded: /hwonpark/www/application/config/tree.php
DEBUG - 2022-12-02 17:58:46 --> UTF-8 Support Enabled
DEBUG - 2022-12-02 17:58:46 --> Global POST, GET and COOKIE data sanitized
DEBUG - 2022-12-02 17:58:46 --> Config file loaded: /hwonpark/www/application/config/tree.php
DEBUG - 2022-12-02 17:58:46 --> Encryption: Auto-configured driver 'openssl'.
DEBUG - 2022-12-02 17:58:46 --> UTF-8 Support Enabled
DEBUG - 2022-12-02 17:58:46 --> Global POST, GET and COOKIE data sanitized
DEBUG - 2022-12-02 17:58:46 --> Config file loaded: /hwonpark/www/application/config/tree.php
DEBUG - 2022-12-02 17:58:46 --> Encryption: Auto-configured driver 'openssl'.
DEBUG - 2022-12-02 17:58:46 --> Encryption class already loaded. Second attempt ignored.
DEBUG - 2022-12-02 17:58:46 --> Total execution time: 0.0481
DEBUG - 2022-12-02 17:58:49 --> UTF-8 Support Enabled
DEBUG - 2022-12-02 17:58:49 --> Global POST, GET and COOKIE data sanitized
DEBUG - 2022-12-02 17:58:49 --> Config file loaded: /hwonpark/www/application/config/tree.php
DEBUG - 2022-12-02 17:58:49 --> Encryption: Auto-configured driver 'openssl'.
DEBUG - 2022-12-02 17:58:49 --> Total execution time: 0.0400
DEBUG - 2022-12-02 17:58:51 --> UTF-8 Support Enabled
DEBUG - 2022-12-02 17:58:51 --> Global POST, GET and COOKIE data sanitized
DEBUG - 2022-12-02 17:58:51 --> Config file loaded: /hwonpark/www/application/config/tree.php
DEBUG - 2022-12-02 17:58:51 --> Encryption: Auto-configured driver 'openssl'.
DEBUG - 2022-12-02 17:58:51 --> Total execution time: 0.0490
DEBUG - 2022-12-02 17:59:10 --> UTF-8 Support Enabled
DEBUG - 2022-12-02 17:59:10 --> Global POST, GET and COOKIE data sanitized
DEBUG - 2022-12-02 17:59:10 --> Config file loaded: /hwonpark/www/application/config/tree.php
DEBUG - 2022-12-02 17:59:10 --> Encryption: Auto-configured driver 'openssl'.
DEBUG - 2022-12-02 17:59:10 --> Total execution time: 0.0483
DEBUG - 2022-12-02 17:59:13 --> UTF-8 Support Enabled
DEBUG - 2022-12-02 17:59:13 --> Global POST, GET and COOKIE data sanitized
DEBUG - 2022-12-02 17:59:13 --> Config file loaded: /hwonpark/www/application/config/tree.php
DEBUG - 2022-12-02 17:59:13 --> Encryption: Auto-configured driver 'openssl'.
DEBUG - 2022-12-02 17:59:13 --> Total execution time: 0.0457
DEBUG - 2022-12-02 17:59:16 --> UTF-8 Support Enabled
DEBUG - 2022-12-02 17:59:16 --> Global POST, GET and COOKIE data sanitized
DEBUG - 2022-12-02 17:59:16 --> Config file loaded: /hwonpark/www/application/config/tree.php
DEBUG - 2022-12-02 17:59:16 --> Encryption: Auto-configured driver 'openssl'.
DEBUG - 2022-12-02 17:59:16 --> Total execution time: 0.0313
DEBUG - 2022-12-02 17:59:24 --> UTF-8 Support Enabled
DEBUG - 2022-12-02 17:59:24 --> Global POST, GET and COOKIE data sanitized
DEBUG - 2022-12-02 17:59:24 --> Config file loaded: /hwonpark/www/application/config/tree.php
DEBUG - 2022-12-02 17:59:24 --> Encryption: Auto-configured driver 'openssl'.
DEBUG - 2022-12-02 17:59:24 --> Total execution time: 0.0344
DEBUG - 2022-12-02 17:59:26 --> UTF-8 Support Enabled
DEBUG - 2022-12-02 17:59:26 --> Global POST, GET and COOKIE data sanitized
DEBUG - 2022-12-02 17:59:26 --> Config file loaded: /hwonpark/www/application/config/tree.php
DEBUG - 2022-12-02 17:59:26 --> Encryption: Auto-configured driver 'openssl'.
DEBUG - 2022-12-02 17:59:26 --> Total execution time: 0.0328
DEBUG - 2022-12-02 17:59:31 --> UTF-8 Support Enabled
DEBUG - 2022-12-02 17:59:31 --> Global POST, GET and COOKIE data sanitized
DEBUG - 2022-12-02 17:59:31 --> Config file loaded: /hwonpark/www/application/config/tree.php
DEBUG - 2022-12-02 17:59:31 --> Encryption: Auto-configured driver 'openssl'.
DEBUG - 2022-12-02 17:59:31 --> UTF-8 Support Enabled
DEBUG - 2022-12-02 17:59:31 --> Global POST, GET and COOKIE data sanitized
DEBUG - 2022-12-02 17:59:31 --> Config file loaded: /hwonpark/www/application/config/tree.php
DEBUG - 2022-12-02 17:59:31 --> Encryption: Auto-configured driver 'openssl'.
DEBUG - 2022-12-02 17:59:31 --> Encryption class already loaded. Second attempt ignored.
DEBUG - 2022-12-02 17:59:31 --> Total execution time: 0.0410
DEBUG - 2022-12-02 17:59:55 --> UTF-8 Support Enabled
DEBUG - 2022-12-02 17:59:55 --> Global POST, GET and COOKIE data sanitized
DEBUG - 2022-12-02 17:59:55 --> Config file loaded: /hwonpark/www/application/config/tree.php
DEBUG - 2022-12-02 17:59:55 --> Encryption: Auto-configured driver 'openssl'.
DEBUG - 2022-12-02 17:59:55 --> Total execution time: 0.0440
DEBUG - 2022-12-02 17:59:56 --> UTF-8 Support Enabled
DEBUG - 2022-12-02 17:59:56 --> Global POST, GET and COOKIE data sanitized
DEBUG - 2022-12-02 17:59:56 --> Config file loaded: /hwonpark/www/application/config/tree.php
DEBUG - 2022-12-02 17:59:56 --> Encryption: Auto-configured driver 'openssl'.
DEBUG - 2022-12-02 17:59:56 --> Total execution time: 0.0369
DEBUG - 2022-12-02 17:59:58 --> UTF-8 Support Enabled
DEBUG - 2022-12-02 17:59:58 --> Global POST, GET and COOKIE data sanitized
DEBUG - 2022-12-02 17:59:58 --> Config file loaded: /hwonpark/www/application/config/tree.php
DEBUG - 2022-12-02 17:59:58 --> Encryption: Auto-configured driver 'openssl'.
DEBUG - 2022-12-02 17:59:58 --> Total execution time: 0.0405
DEBUG - 2022-12-02 18:00:01 --> UTF-8 Support Enabled
DEBUG - 2022-12-02 18:00:01 --> Global POST, GET and COOKIE data sanitized
DEBUG - 2022-12-02 18:00:01 --> Config file loaded: /hwonpark/www/application/config/tree.php
DEBUG - 2022-12-02 18:00:01 --> Encryption: Auto-configured driver 'openssl'.
DEBUG - 2022-12-02 18:00:01 --> Total execution time: 0.0351
DEBUG - 2022-12-02 18:00:02 --> UTF-8 Support Enabled
DEBUG - 2022-12-02 18:00:02 --> Global POST, GET and COOKIE data sanitized
DEBUG - 2022-12-02 18:00:02 --> Config file loaded: /hwonpark/www/application/config/tree.php
DEBUG - 2022-12-02 18:00:02 --> Encryption: Auto-configured driver 'openssl'.
DEBUG - 2022-12-02 18:00:02 --> Total execution time: 0.0385
DEBUG - 2022-12-02 18:00:07 --> UTF-8 Support Enabled
DEBUG - 2022-12-02 18:00:07 --> Global POST, GET and COOKIE data sanitized
DEBUG - 2022-12-02 18:00:07 --> Config file loaded: /hwonpark/www/application/config/tree.php
DEBUG - 2022-12-02 18:00:07 --> Encryption: Auto-configured driver 'openssl'.
DEBUG - 2022-12-02 18:00:07 --> Total execution time: 0.0429
DEBUG - 2022-12-02 18:01:13 --> UTF-8 Support Enabled
DEBUG - 2022-12-02 18:01:13 --> Global POST, GET and COOKIE data sanitized
DEBUG - 2022-12-02 18:01:13 --> Config file loaded: /hwonpark/www/application/config/tree.php
DEBUG - 2022-12-02 18:01:13 --> Encryption: Auto-configured driver 'openssl'.
ERROR - 2022-12-02 18:01:13 --> Could not find the language line "imglib_invalid_image"
ERROR - 2022-12-02 18:01:13 --> imglib_invalid_image
DEBUG - 2022-12-02 18:01:13 --> DL_schema class already loaded. Second attempt ignored.
DEBUG - 2022-12-02 18:01:14 --> UTF-8 Support Enabled
DEBUG - 2022-12-02 18:01:14 --> Global POST, GET and COOKIE data sanitized
DEBUG - 2022-12-02 18:01:14 --> Config file loaded: /hwonpark/www/application/config/tree.php
DEBUG - 2022-12-02 18:01:14 --> Encryption: Auto-configured driver 'openssl'.
DEBUG - 2022-12-02 18:01:14 --> Total execution time: 0.0366
DEBUG - 2022-12-02 22:06:27 --> UTF-8 Support Enabled
DEBUG - 2022-12-02 22:06:27 --> No URI present. Default controller set.
DEBUG - 2022-12-02 22:06:27 --> Global POST, GET and COOKIE data sanitized
DEBUG - 2022-12-02 22:06:27 --> Config file loaded: /hwonpark/www/application/config/tree.php
DEBUG - 2022-12-02 22:06:28 --> Total execution time: 0.2171
DEBUG - 2022-12-02 22:06:29 --> UTF-8 Support Enabled
DEBUG - 2022-12-02 22:06:29 --> Global POST, GET and COOKIE data sanitized
ERROR - 2022-12-02 22:06:29 --> 404 Page Not Found: Faviconico/index
DEBUG - 2022-12-02 22:07:59 --> UTF-8 Support Enabled
DEBUG - 2022-12-02 22:07:59 --> No URI present. Default controller set.
DEBUG - 2022-12-02 22:07:59 --> Global POST, GET and COOKIE data sanitized
DEBUG - 2022-12-02 22:07:59 --> Config file loaded: /hwonpark/www/application/config/tree.php
DEBUG - 2022-12-02 22:07:59 --> Total execution time: 0.0588
DEBUG - 2022-12-02 22:08:00 --> UTF-8 Support Enabled
DEBUG - 2022-12-02 22:08:00 --> Global POST, GET and COOKIE data sanitized
ERROR - 2022-12-02 22:08:00 --> 404 Page Not Found: Faviconico/index
DEBUG - 2022-12-02 22:08:03 --> UTF-8 Support Enabled
DEBUG - 2022-12-02 22:08:03 --> Global POST, GET and COOKIE data sanitized
DEBUG - 2022-12-02 22:08:03 --> Config file loaded: /hwonpark/www/application/config/tree.php
DEBUG - 2022-12-02 22:08:03 --> Total execution time: 0.1046
DEBUG - 2022-12-02 22:08:16 --> UTF-8 Support Enabled
DEBUG - 2022-12-02 22:08:16 --> Global POST, GET and COOKIE data sanitized
DEBUG - 2022-12-02 22:08:16 --> Config file loaded: /hwonpark/www/application/config/tree.php
DEBUG - 2022-12-02 22:08:17 --> Total execution time: 0.0533
DEBUG - 2022-12-02 22:09:08 --> UTF-8 Support Enabled
DEBUG - 2022-12-02 22:09:08 --> No URI present. Default controller set.
DEBUG - 2022-12-02 22:09:08 --> Global POST, GET and COOKIE data sanitized
DEBUG - 2022-12-02 22:09:08 --> Config file loaded: /hwonpark/www/application/config/tree.php
DEBUG - 2022-12-02 22:09:08 --> Total execution time: 0.0839
DEBUG - 2022-12-02 22:09:13 --> UTF-8 Support Enabled
DEBUG - 2022-12-02 22:09:13 --> Global POST, GET and COOKIE data sanitized
DEBUG - 2022-12-02 22:09:13 --> Config file loaded: /hwonpark/www/application/config/tree.php
DEBUG - 2022-12-02 22:09:13 --> Total execution time: 0.0560
DEBUG - 2022-12-02 23:09:32 --> UTF-8 Support Enabled
DEBUG - 2022-12-02 23:09:32 --> Global POST, GET and COOKIE data sanitized
DEBUG - 2022-12-02 23:09:32 --> Config file loaded: /hwonpark/www/application/config/tree.php
DEBUG - 2022-12-02 23:09:32 --> Total execution time: 0.0322
DEBUG - 2022-12-02 23:09:33 --> UTF-8 Support Enabled
DEBUG - 2022-12-02 23:09:33 --> Global POST, GET and COOKIE data sanitized
ERROR - 2022-12-02 23:09:33 --> 404 Page Not Found: Faviconico/index
