DEBUG - 2022-12-06 08:57:22 --> UTF-8 Support Enabled
DEBUG - 2022-12-06 08:57:22 --> No URI present. Default controller set.
DEBUG - 2022-12-06 08:57:22 --> Global POST, GET and COOKIE data sanitized
DEBUG - 2022-12-06 08:57:22 --> Config file loaded: /hwonpark/www/application/config/tree.php
DEBUG - 2022-12-06 08:57:22 --> Total execution time: 0.2479
DEBUG - 2022-12-06 08:57:24 --> UTF-8 Support Enabled
DEBUG - 2022-12-06 08:57:24 --> Global POST, GET and COOKIE data sanitized
ERROR - 2022-12-06 08:57:24 --> 404 Page Not Found: Faviconico/index
DEBUG - 2022-12-06 09:17:48 --> UTF-8 Support Enabled
DEBUG - 2022-12-06 09:17:48 --> Global POST, GET and COOKIE data sanitized
DEBUG - 2022-12-06 09:17:48 --> Config file loaded: /hwonpark/www/application/config/tree.php
DEBUG - 2022-12-06 09:17:48 --> Total execution time: 0.0616
DEBUG - 2022-12-06 09:26:50 --> UTF-8 Support Enabled
DEBUG - 2022-12-06 09:26:50 --> No URI present. Default controller set.
DEBUG - 2022-12-06 09:26:50 --> Global POST, GET and COOKIE data sanitized
DEBUG - 2022-12-06 09:26:50 --> Config file loaded: /hwonpark/www/application/config/tree.php
DEBUG - 2022-12-06 09:26:50 --> Total execution time: 0.0420
DEBUG - 2022-12-06 09:31:01 --> UTF-8 Support Enabled
DEBUG - 2022-12-06 09:31:01 --> Global POST, GET and COOKIE data sanitized
DEBUG - 2022-12-06 09:31:01 --> Config file loaded: /hwonpark/www/application/config/tree.php
DEBUG - 2022-12-06 09:31:03 --> UTF-8 Support Enabled
DEBUG - 2022-12-06 09:31:03 --> Global POST, GET and COOKIE data sanitized
DEBUG - 2022-12-06 09:31:03 --> Config file loaded: /hwonpark/www/application/config/tree.php
DEBUG - 2022-12-06 09:31:03 --> Total execution time: 0.0350
DEBUG - 2022-12-06 09:31:06 --> UTF-8 Support Enabled
DEBUG - 2022-12-06 09:31:06 --> Global POST, GET and COOKIE data sanitized
DEBUG - 2022-12-06 09:31:06 --> Config file loaded: /hwonpark/www/application/config/tree.php
DEBUG - 2022-12-06 09:31:06 --> Total execution time: 0.0305
DEBUG - 2022-12-06 09:31:11 --> UTF-8 Support Enabled
DEBUG - 2022-12-06 09:31:11 --> Global POST, GET and COOKIE data sanitized
DEBUG - 2022-12-06 09:31:11 --> Config file loaded: /hwonpark/www/application/config/tree.php
DEBUG - 2022-12-06 09:31:12 --> UTF-8 Support Enabled
DEBUG - 2022-12-06 09:31:12 --> Global POST, GET and COOKIE data sanitized
DEBUG - 2022-12-06 09:31:12 --> Config file loaded: /hwonpark/www/application/config/tree.php
DEBUG - 2022-12-06 09:31:12 --> Encryption: Auto-configured driver 'openssl'.
DEBUG - 2022-12-06 09:31:12 --> UTF-8 Support Enabled
DEBUG - 2022-12-06 09:31:12 --> Global POST, GET and COOKIE data sanitized
DEBUG - 2022-12-06 09:31:12 --> Config file loaded: /hwonpark/www/application/config/tree.php
DEBUG - 2022-12-06 09:31:12 --> Encryption: Auto-configured driver 'openssl'.
DEBUG - 2022-12-06 09:31:12 --> Encryption class already loaded. Second attempt ignored.
DEBUG - 2022-12-06 09:31:12 --> Total execution time: 0.0625
DEBUG - 2022-12-06 09:31:14 --> UTF-8 Support Enabled
DEBUG - 2022-12-06 09:31:14 --> Global POST, GET and COOKIE data sanitized
DEBUG - 2022-12-06 09:31:14 --> Config file loaded: /hwonpark/www/application/config/tree.php
DEBUG - 2022-12-06 09:31:14 --> Encryption: Auto-configured driver 'openssl'.
DEBUG - 2022-12-06 09:31:14 --> Total execution time: 0.0409
DEBUG - 2022-12-06 09:31:16 --> UTF-8 Support Enabled
DEBUG - 2022-12-06 09:31:16 --> Global POST, GET and COOKIE data sanitized
DEBUG - 2022-12-06 09:31:16 --> Config file loaded: /hwonpark/www/application/config/tree.php
DEBUG - 2022-12-06 09:31:16 --> Encryption: Auto-configured driver 'openssl'.
DEBUG - 2022-12-06 09:31:16 --> Total execution time: 0.0465
DEBUG - 2022-12-06 09:31:18 --> UTF-8 Support Enabled
DEBUG - 2022-12-06 09:31:18 --> Global POST, GET and COOKIE data sanitized
DEBUG - 2022-12-06 09:31:18 --> Config file loaded: /hwonpark/www/application/config/tree.php
DEBUG - 2022-12-06 09:31:18 --> Encryption: Auto-configured driver 'openssl'.
DEBUG - 2022-12-06 09:31:18 --> Total execution time: 0.0424
DEBUG - 2022-12-06 09:31:20 --> UTF-8 Support Enabled
DEBUG - 2022-12-06 09:31:20 --> Global POST, GET and COOKIE data sanitized
DEBUG - 2022-12-06 09:31:20 --> Config file loaded: /hwonpark/www/application/config/tree.php
DEBUG - 2022-12-06 09:31:20 --> Encryption: Auto-configured driver 'openssl'.
DEBUG - 2022-12-06 09:31:20 --> Total execution time: 0.0867
DEBUG - 2022-12-06 09:37:31 --> UTF-8 Support Enabled
DEBUG - 2022-12-06 09:37:31 --> Global POST, GET and COOKIE data sanitized
DEBUG - 2022-12-06 09:37:31 --> Config file loaded: /hwonpark/www/application/config/tree.php
DEBUG - 2022-12-06 09:37:31 --> Encryption: Auto-configured driver 'openssl'.
DEBUG - 2022-12-06 09:37:31 --> Total execution time: 0.0892
DEBUG - 2022-12-06 09:37:33 --> UTF-8 Support Enabled
DEBUG - 2022-12-06 09:37:33 --> Global POST, GET and COOKIE data sanitized
DEBUG - 2022-12-06 09:37:33 --> Config file loaded: /hwonpark/www/application/config/tree.php
DEBUG - 2022-12-06 09:37:33 --> Encryption: Auto-configured driver 'openssl'.
DEBUG - 2022-12-06 09:37:33 --> Total execution time: 0.0793
DEBUG - 2022-12-06 09:41:41 --> UTF-8 Support Enabled
DEBUG - 2022-12-06 09:41:41 --> Global POST, GET and COOKIE data sanitized
DEBUG - 2022-12-06 09:41:41 --> Config file loaded: /hwonpark/www/application/config/tree.php
DEBUG - 2022-12-06 09:41:41 --> Encryption: Auto-configured driver 'openssl'.
DEBUG - 2022-12-06 09:41:41 --> Total execution time: 0.0468
DEBUG - 2022-12-06 09:42:43 --> UTF-8 Support Enabled
DEBUG - 2022-12-06 09:42:43 --> No URI present. Default controller set.
DEBUG - 2022-12-06 09:42:43 --> Global POST, GET and COOKIE data sanitized
DEBUG - 2022-12-06 09:42:43 --> Config file loaded: /hwonpark/www/application/config/tree.php
DEBUG - 2022-12-06 09:42:44 --> Total execution time: 0.0314
DEBUG - 2022-12-06 09:42:44 --> UTF-8 Support Enabled
DEBUG - 2022-12-06 09:42:44 --> Global POST, GET and COOKIE data sanitized
ERROR - 2022-12-06 09:42:44 --> 404 Page Not Found: Faviconico/index
DEBUG - 2022-12-06 09:42:45 --> UTF-8 Support Enabled
DEBUG - 2022-12-06 09:42:45 --> No URI present. Default controller set.
DEBUG - 2022-12-06 09:42:45 --> Global POST, GET and COOKIE data sanitized
DEBUG - 2022-12-06 09:42:45 --> Config file loaded: /hwonpark/www/application/config/tree.php
DEBUG - 2022-12-06 09:42:45 --> Total execution time: 0.0355
DEBUG - 2022-12-06 09:42:51 --> UTF-8 Support Enabled
DEBUG - 2022-12-06 09:42:51 --> No URI present. Default controller set.
DEBUG - 2022-12-06 09:42:51 --> Global POST, GET and COOKIE data sanitized
DEBUG - 2022-12-06 09:42:51 --> Config file loaded: /hwonpark/www/application/config/tree.php
DEBUG - 2022-12-06 09:42:51 --> Total execution time: 0.0364
DEBUG - 2022-12-06 09:49:23 --> UTF-8 Support Enabled
DEBUG - 2022-12-06 09:49:23 --> No URI present. Default controller set.
DEBUG - 2022-12-06 09:49:23 --> Global POST, GET and COOKIE data sanitized
DEBUG - 2022-12-06 09:49:23 --> Config file loaded: /hwonpark/www/application/config/tree.php
DEBUG - 2022-12-06 09:49:23 --> Total execution time: 0.0601
DEBUG - 2022-12-06 09:50:31 --> UTF-8 Support Enabled
DEBUG - 2022-12-06 09:50:31 --> No URI present. Default controller set.
DEBUG - 2022-12-06 09:50:31 --> Global POST, GET and COOKIE data sanitized
DEBUG - 2022-12-06 09:50:31 --> Config file loaded: /hwonpark/www/application/config/tree.php
DEBUG - 2022-12-06 09:50:31 --> Total execution time: 0.0409
DEBUG - 2022-12-06 10:17:46 --> UTF-8 Support Enabled
DEBUG - 2022-12-06 10:17:46 --> Global POST, GET and COOKIE data sanitized
DEBUG - 2022-12-06 10:17:46 --> Config file loaded: /hwonpark/www/application/config/tree.php
DEBUG - 2022-12-06 10:17:46 --> Total execution time: 0.0292
DEBUG - 2022-12-06 10:17:54 --> UTF-8 Support Enabled
DEBUG - 2022-12-06 10:17:54 --> Global POST, GET and COOKIE data sanitized
DEBUG - 2022-12-06 10:17:54 --> Config file loaded: /hwonpark/www/application/config/tree.php
DEBUG - 2022-12-06 10:17:55 --> UTF-8 Support Enabled
DEBUG - 2022-12-06 10:17:55 --> Global POST, GET and COOKIE data sanitized
DEBUG - 2022-12-06 10:17:55 --> Config file loaded: /hwonpark/www/application/config/tree.php
DEBUG - 2022-12-06 10:17:55 --> Encryption: Auto-configured driver 'openssl'.
DEBUG - 2022-12-06 10:17:55 --> UTF-8 Support Enabled
DEBUG - 2022-12-06 10:17:55 --> Global POST, GET and COOKIE data sanitized
DEBUG - 2022-12-06 10:17:55 --> Config file loaded: /hwonpark/www/application/config/tree.php
DEBUG - 2022-12-06 10:17:55 --> Encryption: Auto-configured driver 'openssl'.
DEBUG - 2022-12-06 10:17:55 --> Encryption class already loaded. Second attempt ignored.
DEBUG - 2022-12-06 10:17:55 --> Total execution time: 0.0400
DEBUG - 2022-12-06 10:17:57 --> UTF-8 Support Enabled
DEBUG - 2022-12-06 10:17:57 --> Global POST, GET and COOKIE data sanitized
DEBUG - 2022-12-06 10:17:57 --> Config file loaded: /hwonpark/www/application/config/tree.php
DEBUG - 2022-12-06 10:17:57 --> Encryption: Auto-configured driver 'openssl'.
DEBUG - 2022-12-06 10:17:57 --> Total execution time: 0.0381
DEBUG - 2022-12-06 10:17:59 --> UTF-8 Support Enabled
DEBUG - 2022-12-06 10:17:59 --> Global POST, GET and COOKIE data sanitized
DEBUG - 2022-12-06 10:17:59 --> Config file loaded: /hwonpark/www/application/config/tree.php
DEBUG - 2022-12-06 10:17:59 --> Encryption: Auto-configured driver 'openssl'.
DEBUG - 2022-12-06 10:17:59 --> Total execution time: 0.0358
DEBUG - 2022-12-06 10:18:05 --> UTF-8 Support Enabled
DEBUG - 2022-12-06 10:18:05 --> Global POST, GET and COOKIE data sanitized
DEBUG - 2022-12-06 10:18:05 --> Config file loaded: /hwonpark/www/application/config/tree.php
DEBUG - 2022-12-06 10:18:05 --> Encryption: Auto-configured driver 'openssl'.
DEBUG - 2022-12-06 10:18:05 --> Total execution time: 0.0558
DEBUG - 2022-12-06 10:18:17 --> UTF-8 Support Enabled
DEBUG - 2022-12-06 10:18:17 --> Global POST, GET and COOKIE data sanitized
DEBUG - 2022-12-06 10:18:17 --> Config file loaded: /hwonpark/www/application/config/tree.php
DEBUG - 2022-12-06 10:18:17 --> Encryption: Auto-configured driver 'openssl'.
DEBUG - 2022-12-06 10:18:17 --> Total execution time: 0.0682
DEBUG - 2022-12-06 10:20:12 --> UTF-8 Support Enabled
DEBUG - 2022-12-06 10:20:12 --> Global POST, GET and COOKIE data sanitized
DEBUG - 2022-12-06 10:20:12 --> Config file loaded: /hwonpark/www/application/config/tree.php
DEBUG - 2022-12-06 10:20:12 --> Encryption: Auto-configured driver 'openssl'.
DEBUG - 2022-12-06 10:20:14 --> UTF-8 Support Enabled
DEBUG - 2022-12-06 10:20:14 --> Global POST, GET and COOKIE data sanitized
DEBUG - 2022-12-06 10:20:14 --> Config file loaded: /hwonpark/www/application/config/tree.php
DEBUG - 2022-12-06 10:20:14 --> Encryption: Auto-configured driver 'openssl'.
DEBUG - 2022-12-06 10:20:14 --> Total execution time: 0.0362
DEBUG - 2022-12-06 10:20:18 --> UTF-8 Support Enabled
DEBUG - 2022-12-06 10:20:18 --> Global POST, GET and COOKIE data sanitized
DEBUG - 2022-12-06 10:20:18 --> Config file loaded: /hwonpark/www/application/config/tree.php
DEBUG - 2022-12-06 10:20:18 --> Encryption: Auto-configured driver 'openssl'.
DEBUG - 2022-12-06 10:20:18 --> Total execution time: 0.0729
DEBUG - 2022-12-06 10:20:25 --> UTF-8 Support Enabled
DEBUG - 2022-12-06 10:20:25 --> Global POST, GET and COOKIE data sanitized
DEBUG - 2022-12-06 10:20:25 --> Config file loaded: /hwonpark/www/application/config/tree.php
DEBUG - 2022-12-06 10:20:25 --> Encryption: Auto-configured driver 'openssl'.
DEBUG - 2022-12-06 10:20:25 --> Total execution time: 0.0481
DEBUG - 2022-12-06 10:20:26 --> UTF-8 Support Enabled
DEBUG - 2022-12-06 10:20:26 --> Global POST, GET and COOKIE data sanitized
DEBUG - 2022-12-06 10:20:26 --> Config file loaded: /hwonpark/www/application/config/tree.php
DEBUG - 2022-12-06 10:20:26 --> Encryption: Auto-configured driver 'openssl'.
DEBUG - 2022-12-06 10:20:26 --> Total execution time: 0.0854
DEBUG - 2022-12-06 10:20:34 --> UTF-8 Support Enabled
DEBUG - 2022-12-06 10:20:34 --> Global POST, GET and COOKIE data sanitized
DEBUG - 2022-12-06 10:20:34 --> Config file loaded: /hwonpark/www/application/config/tree.php
DEBUG - 2022-12-06 10:20:34 --> Encryption: Auto-configured driver 'openssl'.
DEBUG - 2022-12-06 10:20:34 --> Total execution time: 0.0368
DEBUG - 2022-12-06 10:20:35 --> UTF-8 Support Enabled
DEBUG - 2022-12-06 10:20:35 --> Global POST, GET and COOKIE data sanitized
DEBUG - 2022-12-06 10:20:35 --> Config file loaded: /hwonpark/www/application/config/tree.php
DEBUG - 2022-12-06 10:20:35 --> Encryption: Auto-configured driver 'openssl'.
DEBUG - 2022-12-06 10:20:35 --> Total execution time: 0.0434
DEBUG - 2022-12-06 10:20:52 --> UTF-8 Support Enabled
DEBUG - 2022-12-06 10:20:52 --> Global POST, GET and COOKIE data sanitized
DEBUG - 2022-12-06 10:20:52 --> Config file loaded: /hwonpark/www/application/config/tree.php
DEBUG - 2022-12-06 10:20:52 --> Encryption: Auto-configured driver 'openssl'.
DEBUG - 2022-12-06 10:20:52 --> Total execution time: 0.0383
DEBUG - 2022-12-06 10:20:56 --> UTF-8 Support Enabled
DEBUG - 2022-12-06 10:20:56 --> Global POST, GET and COOKIE data sanitized
DEBUG - 2022-12-06 10:20:56 --> Config file loaded: /hwonpark/www/application/config/tree.php
DEBUG - 2022-12-06 10:20:56 --> Encryption: Auto-configured driver 'openssl'.
DEBUG - 2022-12-06 10:20:56 --> Total execution time: 0.0382
DEBUG - 2022-12-06 10:20:57 --> UTF-8 Support Enabled
DEBUG - 2022-12-06 10:20:57 --> Global POST, GET and COOKIE data sanitized
DEBUG - 2022-12-06 10:20:57 --> Config file loaded: /hwonpark/www/application/config/tree.php
DEBUG - 2022-12-06 10:20:57 --> Encryption: Auto-configured driver 'openssl'.
DEBUG - 2022-12-06 10:20:57 --> Total execution time: 0.0465
DEBUG - 2022-12-06 10:21:02 --> UTF-8 Support Enabled
DEBUG - 2022-12-06 10:21:02 --> Global POST, GET and COOKIE data sanitized
DEBUG - 2022-12-06 10:21:02 --> Config file loaded: /hwonpark/www/application/config/tree.php
DEBUG - 2022-12-06 10:21:02 --> Encryption: Auto-configured driver 'openssl'.
DEBUG - 2022-12-06 10:21:02 --> Total execution time: 0.0649
DEBUG - 2022-12-06 10:21:03 --> UTF-8 Support Enabled
DEBUG - 2022-12-06 10:21:03 --> Global POST, GET and COOKIE data sanitized
DEBUG - 2022-12-06 10:21:03 --> Config file loaded: /hwonpark/www/application/config/tree.php
DEBUG - 2022-12-06 10:21:03 --> Encryption: Auto-configured driver 'openssl'.
DEBUG - 2022-12-06 10:21:03 --> Total execution time: 0.0348
DEBUG - 2022-12-06 10:21:06 --> UTF-8 Support Enabled
DEBUG - 2022-12-06 10:21:06 --> Global POST, GET and COOKIE data sanitized
DEBUG - 2022-12-06 10:21:06 --> Config file loaded: /hwonpark/www/application/config/tree.php
DEBUG - 2022-12-06 10:21:06 --> Encryption: Auto-configured driver 'openssl'.
DEBUG - 2022-12-06 10:21:06 --> Total execution time: 0.0557
DEBUG - 2022-12-06 10:21:11 --> UTF-8 Support Enabled
DEBUG - 2022-12-06 10:21:11 --> Global POST, GET and COOKIE data sanitized
DEBUG - 2022-12-06 10:21:11 --> Config file loaded: /hwonpark/www/application/config/tree.php
DEBUG - 2022-12-06 10:21:11 --> Encryption: Auto-configured driver 'openssl'.
DEBUG - 2022-12-06 10:21:11 --> Total execution time: 0.0638
DEBUG - 2022-12-06 10:21:15 --> UTF-8 Support Enabled
DEBUG - 2022-12-06 10:21:15 --> Global POST, GET and COOKIE data sanitized
DEBUG - 2022-12-06 10:21:15 --> Config file loaded: /hwonpark/www/application/config/tree.php
DEBUG - 2022-12-06 10:21:16 --> Encryption: Auto-configured driver 'openssl'.
DEBUG - 2022-12-06 10:21:16 --> Total execution time: 0.0510
DEBUG - 2022-12-06 12:49:18 --> UTF-8 Support Enabled
DEBUG - 2022-12-06 12:49:18 --> Global POST, GET and COOKIE data sanitized
DEBUG - 2022-12-06 12:49:18 --> Config file loaded: /hwonpark/www/application/config/tree.php
DEBUG - 2022-12-06 12:49:18 --> Total execution time: 0.0694
DEBUG - 2022-12-06 12:49:27 --> UTF-8 Support Enabled
DEBUG - 2022-12-06 12:49:27 --> Global POST, GET and COOKIE data sanitized
DEBUG - 2022-12-06 12:49:27 --> Config file loaded: /hwonpark/www/application/config/tree.php
DEBUG - 2022-12-06 12:49:29 --> UTF-8 Support Enabled
DEBUG - 2022-12-06 12:49:29 --> Global POST, GET and COOKIE data sanitized
DEBUG - 2022-12-06 12:49:29 --> Config file loaded: /hwonpark/www/application/config/tree.php
DEBUG - 2022-12-06 12:49:29 --> Encryption: Auto-configured driver 'openssl'.
DEBUG - 2022-12-06 12:49:29 --> UTF-8 Support Enabled
DEBUG - 2022-12-06 12:49:29 --> Global POST, GET and COOKIE data sanitized
DEBUG - 2022-12-06 12:49:29 --> Config file loaded: /hwonpark/www/application/config/tree.php
DEBUG - 2022-12-06 12:49:29 --> Encryption: Auto-configured driver 'openssl'.
DEBUG - 2022-12-06 12:49:29 --> Encryption class already loaded. Second attempt ignored.
DEBUG - 2022-12-06 12:49:29 --> Total execution time: 0.0431
DEBUG - 2022-12-06 12:49:31 --> UTF-8 Support Enabled
DEBUG - 2022-12-06 12:49:31 --> Global POST, GET and COOKIE data sanitized
DEBUG - 2022-12-06 12:49:31 --> Config file loaded: /hwonpark/www/application/config/tree.php
DEBUG - 2022-12-06 12:49:31 --> Encryption: Auto-configured driver 'openssl'.
DEBUG - 2022-12-06 12:49:31 --> Total execution time: 0.0364
DEBUG - 2022-12-06 12:49:37 --> UTF-8 Support Enabled
DEBUG - 2022-12-06 12:49:37 --> Global POST, GET and COOKIE data sanitized
DEBUG - 2022-12-06 12:49:37 --> Config file loaded: /hwonpark/www/application/config/tree.php
DEBUG - 2022-12-06 12:49:37 --> Encryption: Auto-configured driver 'openssl'.
DEBUG - 2022-12-06 12:49:37 --> Total execution time: 0.0458
DEBUG - 2022-12-06 12:49:42 --> UTF-8 Support Enabled
DEBUG - 2022-12-06 12:49:42 --> Global POST, GET and COOKIE data sanitized
DEBUG - 2022-12-06 12:49:42 --> Config file loaded: /hwonpark/www/application/config/tree.php
DEBUG - 2022-12-06 12:49:42 --> Encryption: Auto-configured driver 'openssl'.
DEBUG - 2022-12-06 12:49:42 --> Total execution time: 0.0699
DEBUG - 2022-12-06 12:49:50 --> UTF-8 Support Enabled
DEBUG - 2022-12-06 12:49:50 --> Global POST, GET and COOKIE data sanitized
DEBUG - 2022-12-06 12:49:50 --> Config file loaded: /hwonpark/www/application/config/tree.php
DEBUG - 2022-12-06 12:49:50 --> Encryption: Auto-configured driver 'openssl'.
DEBUG - 2022-12-06 12:49:50 --> Total execution time: 0.0742
DEBUG - 2022-12-06 12:53:45 --> UTF-8 Support Enabled
DEBUG - 2022-12-06 12:53:45 --> Global POST, GET and COOKIE data sanitized
DEBUG - 2022-12-06 12:53:45 --> Config file loaded: /hwonpark/www/application/config/tree.php
DEBUG - 2022-12-06 12:53:45 --> Total execution time: 0.0295
DEBUG - 2022-12-06 12:53:50 --> UTF-8 Support Enabled
DEBUG - 2022-12-06 12:53:50 --> Global POST, GET and COOKIE data sanitized
DEBUG - 2022-12-06 12:53:50 --> Config file loaded: /hwonpark/www/application/config/tree.php
DEBUG - 2022-12-06 12:53:50 --> UTF-8 Support Enabled
DEBUG - 2022-12-06 12:53:50 --> Global POST, GET and COOKIE data sanitized
DEBUG - 2022-12-06 12:53:50 --> Config file loaded: /hwonpark/www/application/config/tree.php
DEBUG - 2022-12-06 12:53:50 --> Encryption: Auto-configured driver 'openssl'.
DEBUG - 2022-12-06 12:53:50 --> UTF-8 Support Enabled
DEBUG - 2022-12-06 12:53:50 --> Global POST, GET and COOKIE data sanitized
DEBUG - 2022-12-06 12:53:50 --> Config file loaded: /hwonpark/www/application/config/tree.php
DEBUG - 2022-12-06 12:53:50 --> Encryption: Auto-configured driver 'openssl'.
DEBUG - 2022-12-06 12:53:50 --> Encryption class already loaded. Second attempt ignored.
DEBUG - 2022-12-06 12:53:50 --> Total execution time: 0.0407
DEBUG - 2022-12-06 12:53:53 --> UTF-8 Support Enabled
DEBUG - 2022-12-06 12:53:53 --> Global POST, GET and COOKIE data sanitized
DEBUG - 2022-12-06 12:53:54 --> Config file loaded: /hwonpark/www/application/config/tree.php
DEBUG - 2022-12-06 12:53:54 --> Encryption: Auto-configured driver 'openssl'.
DEBUG - 2022-12-06 12:53:54 --> Total execution time: 0.0628
DEBUG - 2022-12-06 12:53:56 --> UTF-8 Support Enabled
DEBUG - 2022-12-06 12:53:56 --> Global POST, GET and COOKIE data sanitized
DEBUG - 2022-12-06 12:53:56 --> Config file loaded: /hwonpark/www/application/config/tree.php
DEBUG - 2022-12-06 12:53:56 --> Encryption: Auto-configured driver 'openssl'.
DEBUG - 2022-12-06 12:53:56 --> Total execution time: 0.0390
DEBUG - 2022-12-06 12:53:58 --> UTF-8 Support Enabled
DEBUG - 2022-12-06 12:53:58 --> Global POST, GET and COOKIE data sanitized
DEBUG - 2022-12-06 12:53:58 --> Config file loaded: /hwonpark/www/application/config/tree.php
DEBUG - 2022-12-06 12:53:58 --> Encryption: Auto-configured driver 'openssl'.
DEBUG - 2022-12-06 12:53:58 --> Total execution time: 0.0676
DEBUG - 2022-12-06 12:54:03 --> UTF-8 Support Enabled
DEBUG - 2022-12-06 12:54:03 --> Global POST, GET and COOKIE data sanitized
DEBUG - 2022-12-06 12:54:03 --> Config file loaded: /hwonpark/www/application/config/tree.php
DEBUG - 2022-12-06 12:54:03 --> Encryption: Auto-configured driver 'openssl'.
DEBUG - 2022-12-06 12:54:03 --> Total execution time: 0.0507
DEBUG - 2022-12-06 12:54:05 --> UTF-8 Support Enabled
DEBUG - 2022-12-06 12:54:05 --> Global POST, GET and COOKIE data sanitized
DEBUG - 2022-12-06 12:54:05 --> Config file loaded: /hwonpark/www/application/config/tree.php
DEBUG - 2022-12-06 12:54:05 --> Encryption: Auto-configured driver 'openssl'.
DEBUG - 2022-12-06 12:54:05 --> Total execution time: 0.0366
DEBUG - 2022-12-06 12:55:45 --> UTF-8 Support Enabled
DEBUG - 2022-12-06 12:55:45 --> Global POST, GET and COOKIE data sanitized
DEBUG - 2022-12-06 12:55:45 --> Config file loaded: /hwonpark/www/application/config/tree.php
DEBUG - 2022-12-06 12:55:45 --> Encryption: Auto-configured driver 'openssl'.
ERROR - 2022-12-06 12:55:45 --> Could not find the language line "imglib_invalid_image"
ERROR - 2022-12-06 12:55:45 --> imglib_invalid_image
DEBUG - 2022-12-06 12:55:45 --> DL_schema class already loaded. Second attempt ignored.
DEBUG - 2022-12-06 12:55:46 --> UTF-8 Support Enabled
DEBUG - 2022-12-06 12:55:46 --> Global POST, GET and COOKIE data sanitized
DEBUG - 2022-12-06 12:55:46 --> Config file loaded: /hwonpark/www/application/config/tree.php
DEBUG - 2022-12-06 12:55:46 --> Encryption: Auto-configured driver 'openssl'.
DEBUG - 2022-12-06 12:55:46 --> Total execution time: 0.0639
DEBUG - 2022-12-06 13:23:11 --> UTF-8 Support Enabled
DEBUG - 2022-12-06 13:23:11 --> Global POST, GET and COOKIE data sanitized
DEBUG - 2022-12-06 13:23:11 --> Config file loaded: /hwonpark/www/application/config/tree.php
DEBUG - 2022-12-06 13:23:13 --> UTF-8 Support Enabled
DEBUG - 2022-12-06 13:23:13 --> No URI present. Default controller set.
DEBUG - 2022-12-06 13:23:13 --> Global POST, GET and COOKIE data sanitized
DEBUG - 2022-12-06 13:23:13 --> Config file loaded: /hwonpark/www/application/config/tree.php
DEBUG - 2022-12-06 13:23:13 --> Total execution time: 0.0823
DEBUG - 2022-12-06 13:23:26 --> UTF-8 Support Enabled
DEBUG - 2022-12-06 13:23:26 --> Global POST, GET and COOKIE data sanitized
DEBUG - 2022-12-06 13:23:26 --> Config file loaded: /hwonpark/www/application/config/tree.php
DEBUG - 2022-12-06 13:23:26 --> Total execution time: 0.0405
DEBUG - 2022-12-06 13:23:32 --> UTF-8 Support Enabled
DEBUG - 2022-12-06 13:23:32 --> Global POST, GET and COOKIE data sanitized
DEBUG - 2022-12-06 13:23:32 --> Config file loaded: /hwonpark/www/application/config/tree.php
DEBUG - 2022-12-06 13:23:32 --> UTF-8 Support Enabled
DEBUG - 2022-12-06 13:23:32 --> Global POST, GET and COOKIE data sanitized
DEBUG - 2022-12-06 13:23:32 --> Config file loaded: /hwonpark/www/application/config/tree.php
DEBUG - 2022-12-06 13:23:32 --> Encryption: Auto-configured driver 'openssl'.
DEBUG - 2022-12-06 13:23:33 --> UTF-8 Support Enabled
DEBUG - 2022-12-06 13:23:33 --> Global POST, GET and COOKIE data sanitized
DEBUG - 2022-12-06 13:23:33 --> Config file loaded: /hwonpark/www/application/config/tree.php
DEBUG - 2022-12-06 13:23:33 --> Encryption: Auto-configured driver 'openssl'.
DEBUG - 2022-12-06 13:23:33 --> Encryption class already loaded. Second attempt ignored.
DEBUG - 2022-12-06 13:23:33 --> Total execution time: 0.0470
DEBUG - 2022-12-06 13:23:34 --> UTF-8 Support Enabled
DEBUG - 2022-12-06 13:23:34 --> Global POST, GET and COOKIE data sanitized
DEBUG - 2022-12-06 13:23:34 --> Config file loaded: /hwonpark/www/application/config/tree.php
DEBUG - 2022-12-06 13:23:34 --> Encryption: Auto-configured driver 'openssl'.
DEBUG - 2022-12-06 13:23:34 --> Total execution time: 0.0490
DEBUG - 2022-12-06 13:23:36 --> UTF-8 Support Enabled
DEBUG - 2022-12-06 13:23:36 --> Global POST, GET and COOKIE data sanitized
DEBUG - 2022-12-06 13:23:36 --> Config file loaded: /hwonpark/www/application/config/tree.php
DEBUG - 2022-12-06 13:23:36 --> Encryption: Auto-configured driver 'openssl'.
DEBUG - 2022-12-06 13:23:36 --> Total execution time: 0.0642
DEBUG - 2022-12-06 13:23:48 --> UTF-8 Support Enabled
DEBUG - 2022-12-06 13:23:48 --> Global POST, GET and COOKIE data sanitized
DEBUG - 2022-12-06 13:23:48 --> Config file loaded: /hwonpark/www/application/config/tree.php
DEBUG - 2022-12-06 13:23:48 --> Encryption: Auto-configured driver 'openssl'.
DEBUG - 2022-12-06 13:23:48 --> Total execution time: 0.0365
DEBUG - 2022-12-06 13:23:50 --> UTF-8 Support Enabled
DEBUG - 2022-12-06 13:23:50 --> Global POST, GET and COOKIE data sanitized
DEBUG - 2022-12-06 13:23:50 --> Config file loaded: /hwonpark/www/application/config/tree.php
DEBUG - 2022-12-06 13:23:50 --> Encryption: Auto-configured driver 'openssl'.
DEBUG - 2022-12-06 13:23:50 --> Total execution time: 0.0426
DEBUG - 2022-12-06 13:23:54 --> UTF-8 Support Enabled
DEBUG - 2022-12-06 13:23:54 --> Global POST, GET and COOKIE data sanitized
DEBUG - 2022-12-06 13:23:54 --> Config file loaded: /hwonpark/www/application/config/tree.php
DEBUG - 2022-12-06 13:23:54 --> Encryption: Auto-configured driver 'openssl'.
DEBUG - 2022-12-06 13:23:54 --> Total execution time: 0.0631
DEBUG - 2022-12-06 14:00:58 --> UTF-8 Support Enabled
DEBUG - 2022-12-06 14:00:58 --> Global POST, GET and COOKIE data sanitized
DEBUG - 2022-12-06 14:00:58 --> Config file loaded: /hwonpark/www/application/config/tree.php
DEBUG - 2022-12-06 14:00:59 --> UTF-8 Support Enabled
DEBUG - 2022-12-06 14:00:59 --> No URI present. Default controller set.
DEBUG - 2022-12-06 14:00:59 --> Global POST, GET and COOKIE data sanitized
DEBUG - 2022-12-06 14:00:59 --> Config file loaded: /hwonpark/www/application/config/tree.php
DEBUG - 2022-12-06 14:00:59 --> Total execution time: 0.0658
DEBUG - 2022-12-06 14:01:04 --> UTF-8 Support Enabled
DEBUG - 2022-12-06 14:01:04 --> Global POST, GET and COOKIE data sanitized
DEBUG - 2022-12-06 14:01:04 --> Config file loaded: /hwonpark/www/application/config/tree.php
DEBUG - 2022-12-06 14:01:04 --> Total execution time: 0.0307
DEBUG - 2022-12-06 14:01:06 --> UTF-8 Support Enabled
DEBUG - 2022-12-06 14:01:06 --> Global POST, GET and COOKIE data sanitized
DEBUG - 2022-12-06 14:01:06 --> Config file loaded: /hwonpark/www/application/config/tree.php
DEBUG - 2022-12-06 14:01:06 --> =================== DL_auth-> oauth::CALLBACK - 시작
DEBUG - 2022-12-06 14:01:06 --> =================== DL_auth-> oauth::CALLBACK - kakao param=:: error=
DEBUG - 2022-12-06 14:01:06 --> =================== DL_auth-> oauth::CALLBACK - kakao param=:: state=
DEBUG - 2022-12-06 14:01:06 --> =================== DL_auth-> oauth::CALLBACK - kakao param=:: code=kSahSTyeFHyyx7boWyNQk2qgdtmuAw8D6YldhMlHcoVutbXJuL2o9g_IObCIduW5cZdWyQo9c-wAAAGE5c8b6g
DEBUG - 2022-12-06 14:01:06 --> =================== DL_auth -> kakao oauth :2: code=kSahSTyeFHyyx7boWyNQk2qgdtmuAw8D6YldhMlHcoVutbXJuL2o9g_IObCIduW5cZdWyQo9c-wAAAGE5c8b6g
DEBUG - 2022-12-06 14:01:06 --> ====================Dl_auth -> kakao_login :: 시작
DEBUG - 2022-12-06 14:01:06 --> --------------------Dl_auth::kakao_login - 1.토큰요청 시작
DEBUG - 2022-12-06 14:01:06 --> Dl_auth::kakao_login - get_token 시작 n=2
DEBUG - 2022-12-06 14:01:06 --> --------------------Dl_auth::kakao_login - 1.2.토큰요청 시작 -> 기타브라우저
DEBUG - 2022-12-06 14:01:06 --> --------------------Dl_auth::kakao_login - 1.3.토큰요청
DEBUG - 2022-12-06 14:01:06 --> --------------------Dl_auth::kakao_login - 1.4.토큰요청 -> 성공
DEBUG - 2022-12-06 14:01:06 --> UTF-8 Support Enabled
DEBUG - 2022-12-06 14:01:06 --> Global POST, GET and COOKIE data sanitized
DEBUG - 2022-12-06 14:01:06 --> Config file loaded: /hwonpark/www/application/config/tree.php
DEBUG - 2022-12-06 14:01:06 --> =================== DL_auth-> oauth::CALLBACK - 시작
DEBUG - 2022-12-06 14:01:06 --> =================== DL_auth-> oauth::CALLBACK - kakao param=:: error=
DEBUG - 2022-12-06 14:01:06 --> =================== DL_auth-> oauth::CALLBACK - kakao param=:: state=
DEBUG - 2022-12-06 14:01:06 --> =================== DL_auth-> oauth::CALLBACK - kakao param=:: code=kSahSTyeFHyyx7boWyNQk2qgdtmuAw8D6YldhMlHcoVutbXJuL2o9g_IObCIduW5cZdWyQo9c-wAAAGE5c8b6g
DEBUG - 2022-12-06 14:01:06 --> =================== DL_auth -> kakao oauth :2: code=kSahSTyeFHyyx7boWyNQk2qgdtmuAw8D6YldhMlHcoVutbXJuL2o9g_IObCIduW5cZdWyQo9c-wAAAGE5c8b6g
DEBUG - 2022-12-06 14:01:06 --> ====================Dl_auth -> kakao_login :: 시작
DEBUG - 2022-12-06 14:01:06 --> ====================Dl_auth::kakao_login - 1.3.5- 사이트 회원정보 업데이트 성공(카카오 인증 완료) state=
DEBUG - 2022-12-06 14:01:08 --> UTF-8 Support Enabled
DEBUG - 2022-12-06 14:01:08 --> Global POST, GET and COOKIE data sanitized
DEBUG - 2022-12-06 14:01:08 --> Config file loaded: /hwonpark/www/application/config/tree.php
DEBUG - 2022-12-06 14:01:08 --> Encryption: Auto-configured driver 'openssl'.
DEBUG - 2022-12-06 14:01:08 --> Total execution time: 0.0334
DEBUG - 2022-12-06 14:01:10 --> UTF-8 Support Enabled
DEBUG - 2022-12-06 14:01:10 --> Global POST, GET and COOKIE data sanitized
DEBUG - 2022-12-06 14:01:10 --> Config file loaded: /hwonpark/www/application/config/tree.php
DEBUG - 2022-12-06 14:01:10 --> Encryption: Auto-configured driver 'openssl'.
DEBUG - 2022-12-06 14:01:10 --> Total execution time: 0.0380
DEBUG - 2022-12-06 14:03:30 --> UTF-8 Support Enabled
DEBUG - 2022-12-06 14:03:30 --> No URI present. Default controller set.
DEBUG - 2022-12-06 14:03:30 --> Global POST, GET and COOKIE data sanitized
DEBUG - 2022-12-06 14:03:30 --> Config file loaded: /hwonpark/www/application/config/tree.php
DEBUG - 2022-12-06 14:03:30 --> Encryption: Auto-configured driver 'openssl'.
DEBUG - 2022-12-06 14:03:30 --> Total execution time: 0.0432
DEBUG - 2022-12-06 14:03:39 --> UTF-8 Support Enabled
DEBUG - 2022-12-06 14:03:39 --> No URI present. Default controller set.
DEBUG - 2022-12-06 14:03:39 --> Global POST, GET and COOKIE data sanitized
DEBUG - 2022-12-06 14:03:39 --> Config file loaded: /hwonpark/www/application/config/tree.php
DEBUG - 2022-12-06 14:03:39 --> Encryption: Auto-configured driver 'openssl'.
DEBUG - 2022-12-06 14:03:39 --> Total execution time: 0.0329
DEBUG - 2022-12-06 14:03:39 --> UTF-8 Support Enabled
DEBUG - 2022-12-06 14:03:39 --> No URI present. Default controller set.
DEBUG - 2022-12-06 14:03:39 --> Global POST, GET and COOKIE data sanitized
DEBUG - 2022-12-06 14:03:39 --> Config file loaded: /hwonpark/www/application/config/tree.php
DEBUG - 2022-12-06 14:03:39 --> Encryption: Auto-configured driver 'openssl'.
DEBUG - 2022-12-06 14:03:39 --> Total execution time: 0.0455
DEBUG - 2022-12-06 14:03:41 --> UTF-8 Support Enabled
DEBUG - 2022-12-06 14:03:41 --> Global POST, GET and COOKIE data sanitized
DEBUG - 2022-12-06 14:03:41 --> Config file loaded: /hwonpark/www/application/config/tree.php
DEBUG - 2022-12-06 14:03:41 --> Encryption: Auto-configured driver 'openssl'.
DEBUG - 2022-12-06 14:03:41 --> Total execution time: 0.0347
DEBUG - 2022-12-06 14:03:56 --> UTF-8 Support Enabled
DEBUG - 2022-12-06 14:03:56 --> Global POST, GET and COOKIE data sanitized
DEBUG - 2022-12-06 14:03:56 --> Config file loaded: /hwonpark/www/application/config/tree.php
DEBUG - 2022-12-06 14:03:56 --> Encryption: Auto-configured driver 'openssl'.
DEBUG - 2022-12-06 14:03:56 --> Total execution time: 0.0732
DEBUG - 2022-12-06 14:04:03 --> UTF-8 Support Enabled
DEBUG - 2022-12-06 14:04:03 --> Global POST, GET and COOKIE data sanitized
DEBUG - 2022-12-06 14:04:03 --> Config file loaded: /hwonpark/www/application/config/tree.php
DEBUG - 2022-12-06 14:04:03 --> Encryption: Auto-configured driver 'openssl'.
DEBUG - 2022-12-06 14:04:03 --> Total execution time: 0.0485
DEBUG - 2022-12-06 14:04:07 --> UTF-8 Support Enabled
DEBUG - 2022-12-06 14:04:07 --> Global POST, GET and COOKIE data sanitized
DEBUG - 2022-12-06 14:04:07 --> Config file loaded: /hwonpark/www/application/config/tree.php
DEBUG - 2022-12-06 14:04:07 --> Encryption: Auto-configured driver 'openssl'.
DEBUG - 2022-12-06 14:04:07 --> Total execution time: 0.0457
DEBUG - 2022-12-06 14:04:09 --> UTF-8 Support Enabled
DEBUG - 2022-12-06 14:04:09 --> Global POST, GET and COOKIE data sanitized
DEBUG - 2022-12-06 14:04:09 --> Config file loaded: /hwonpark/www/application/config/tree.php
DEBUG - 2022-12-06 14:04:09 --> Encryption: Auto-configured driver 'openssl'.
DEBUG - 2022-12-06 14:04:09 --> Total execution time: 0.0376
DEBUG - 2022-12-06 15:10:36 --> UTF-8 Support Enabled
DEBUG - 2022-12-06 15:10:36 --> No URI present. Default controller set.
DEBUG - 2022-12-06 15:10:36 --> Global POST, GET and COOKIE data sanitized
DEBUG - 2022-12-06 15:10:36 --> Config file loaded: /hwonpark/www/application/config/tree.php
DEBUG - 2022-12-06 15:10:36 --> Total execution time: 0.1943
DEBUG - 2022-12-06 15:10:37 --> UTF-8 Support Enabled
DEBUG - 2022-12-06 15:10:37 --> Global POST, GET and COOKIE data sanitized
ERROR - 2022-12-06 15:10:37 --> 404 Page Not Found: Faviconico/index
DEBUG - 2022-12-06 15:10:46 --> UTF-8 Support Enabled
DEBUG - 2022-12-06 15:10:46 --> Global POST, GET and COOKIE data sanitized
DEBUG - 2022-12-06 15:10:46 --> Config file loaded: /hwonpark/www/application/config/tree.php
DEBUG - 2022-12-06 15:10:46 --> Total execution time: 0.0332
DEBUG - 2022-12-06 15:10:55 --> UTF-8 Support Enabled
DEBUG - 2022-12-06 15:10:55 --> Global POST, GET and COOKIE data sanitized
DEBUG - 2022-12-06 15:10:55 --> Config file loaded: /hwonpark/www/application/config/tree.php
DEBUG - 2022-12-06 15:10:55 --> =================== DL_auth-> oauth::CALLBACK - 시작
DEBUG - 2022-12-06 15:10:55 --> =================== DL_auth-> oauth::CALLBACK - kakao param=:: error=
DEBUG - 2022-12-06 15:10:55 --> =================== DL_auth-> oauth::CALLBACK - kakao param=:: state=
DEBUG - 2022-12-06 15:10:55 --> =================== DL_auth-> oauth::CALLBACK - kakao param=:: code=qaMsNrvZD6CL3jMBFpyMW9YYBMmXGoLSjWLtUjLHYgqSOBqbwbWvqf9WIVZncAYLPIqMEQo9c5sAAAGE5g8JMw
DEBUG - 2022-12-06 15:10:55 --> =================== DL_auth -> kakao oauth :2: code=qaMsNrvZD6CL3jMBFpyMW9YYBMmXGoLSjWLtUjLHYgqSOBqbwbWvqf9WIVZncAYLPIqMEQo9c5sAAAGE5g8JMw
DEBUG - 2022-12-06 15:10:55 --> ====================Dl_auth -> kakao_login :: 시작
DEBUG - 2022-12-06 15:10:55 --> --------------------Dl_auth::kakao_login - 1.토큰요청 시작
DEBUG - 2022-12-06 15:10:55 --> Dl_auth::kakao_login - get_token 시작 n=2
DEBUG - 2022-12-06 15:10:55 --> --------------------Dl_auth::kakao_login - 1.2.토큰요청 시작 -> 기타브라우저
DEBUG - 2022-12-06 15:10:55 --> --------------------Dl_auth::kakao_login - 1.3.토큰요청
DEBUG - 2022-12-06 15:10:56 --> --------------------Dl_auth::kakao_login - 1.4.토큰요청 -> 성공
DEBUG - 2022-12-06 15:10:56 --> UTF-8 Support Enabled
DEBUG - 2022-12-06 15:10:56 --> Global POST, GET and COOKIE data sanitized
DEBUG - 2022-12-06 15:10:56 --> Config file loaded: /hwonpark/www/application/config/tree.php
DEBUG - 2022-12-06 15:10:56 --> =================== DL_auth-> oauth::CALLBACK - 시작
DEBUG - 2022-12-06 15:10:56 --> =================== DL_auth-> oauth::CALLBACK - kakao param=:: error=
DEBUG - 2022-12-06 15:10:56 --> =================== DL_auth-> oauth::CALLBACK - kakao param=:: state=
DEBUG - 2022-12-06 15:10:56 --> =================== DL_auth-> oauth::CALLBACK - kakao param=:: code=qaMsNrvZD6CL3jMBFpyMW9YYBMmXGoLSjWLtUjLHYgqSOBqbwbWvqf9WIVZncAYLPIqMEQo9c5sAAAGE5g8JMw
DEBUG - 2022-12-06 15:10:56 --> =================== DL_auth -> kakao oauth :2: code=qaMsNrvZD6CL3jMBFpyMW9YYBMmXGoLSjWLtUjLHYgqSOBqbwbWvqf9WIVZncAYLPIqMEQo9c5sAAAGE5g8JMw
DEBUG - 2022-12-06 15:10:56 --> ====================Dl_auth -> kakao_login :: 시작
DEBUG - 2022-12-06 15:10:56 --> ====================Dl_auth::kakao_login - 1.3.5- 사이트 회원정보 업데이트 성공(카카오 인증 완료) state=
DEBUG - 2022-12-06 15:10:57 --> UTF-8 Support Enabled
DEBUG - 2022-12-06 15:10:57 --> Global POST, GET and COOKIE data sanitized
DEBUG - 2022-12-06 15:10:57 --> Config file loaded: /hwonpark/www/application/config/tree.php
DEBUG - 2022-12-06 15:10:57 --> Encryption: Auto-configured driver 'openssl'.
DEBUG - 2022-12-06 15:10:57 --> Total execution time: 0.0365
DEBUG - 2022-12-06 15:11:00 --> UTF-8 Support Enabled
DEBUG - 2022-12-06 15:11:00 --> Global POST, GET and COOKIE data sanitized
DEBUG - 2022-12-06 15:11:00 --> Config file loaded: /hwonpark/www/application/config/tree.php
DEBUG - 2022-12-06 15:11:00 --> Encryption: Auto-configured driver 'openssl'.
DEBUG - 2022-12-06 15:11:00 --> Total execution time: 0.0660
DEBUG - 2022-12-06 15:11:14 --> UTF-8 Support Enabled
DEBUG - 2022-12-06 15:11:14 --> Global POST, GET and COOKIE data sanitized
DEBUG - 2022-12-06 15:11:14 --> Config file loaded: /hwonpark/www/application/config/tree.php
DEBUG - 2022-12-06 15:11:14 --> Encryption: Auto-configured driver 'openssl'.
DEBUG - 2022-12-06 15:11:50 --> UTF-8 Support Enabled
DEBUG - 2022-12-06 15:11:50 --> Global POST, GET and COOKIE data sanitized
DEBUG - 2022-12-06 15:11:50 --> Config file loaded: /hwonpark/www/application/config/tree.php
DEBUG - 2022-12-06 15:11:50 --> Encryption: Auto-configured driver 'openssl'.
DEBUG - 2022-12-06 15:11:50 --> Total execution time: 0.0752
DEBUG - 2022-12-06 15:11:56 --> UTF-8 Support Enabled
DEBUG - 2022-12-06 15:11:56 --> Global POST, GET and COOKIE data sanitized
DEBUG - 2022-12-06 15:11:56 --> Config file loaded: /hwonpark/www/application/config/tree.php
DEBUG - 2022-12-06 15:11:56 --> Encryption: Auto-configured driver 'openssl'.
DEBUG - 2022-12-06 15:11:56 --> Total execution time: 0.0433
DEBUG - 2022-12-06 15:11:59 --> UTF-8 Support Enabled
DEBUG - 2022-12-06 15:11:59 --> Global POST, GET and COOKIE data sanitized
DEBUG - 2022-12-06 15:11:59 --> Config file loaded: /hwonpark/www/application/config/tree.php
DEBUG - 2022-12-06 15:11:59 --> Encryption: Auto-configured driver 'openssl'.
DEBUG - 2022-12-06 15:14:09 --> UTF-8 Support Enabled
DEBUG - 2022-12-06 15:14:09 --> Global POST, GET and COOKIE data sanitized
DEBUG - 2022-12-06 15:14:09 --> Config file loaded: /hwonpark/www/application/config/tree.php
DEBUG - 2022-12-06 15:14:09 --> Encryption: Auto-configured driver 'openssl'.
DEBUG - 2022-12-06 15:14:09 --> Total execution time: 0.0458
DEBUG - 2022-12-06 15:14:13 --> UTF-8 Support Enabled
DEBUG - 2022-12-06 15:14:13 --> Global POST, GET and COOKIE data sanitized
DEBUG - 2022-12-06 15:14:13 --> Config file loaded: /hwonpark/www/application/config/tree.php
DEBUG - 2022-12-06 15:14:13 --> Encryption: Auto-configured driver 'openssl'.
DEBUG - 2022-12-06 15:14:13 --> Total execution time: 0.0645
DEBUG - 2022-12-06 15:14:21 --> UTF-8 Support Enabled
DEBUG - 2022-12-06 15:14:21 --> Global POST, GET and COOKIE data sanitized
DEBUG - 2022-12-06 15:14:21 --> Config file loaded: /hwonpark/www/application/config/tree.php
DEBUG - 2022-12-06 15:14:21 --> Encryption: Auto-configured driver 'openssl'.
DEBUG - 2022-12-06 15:14:21 --> Total execution time: 0.0381
DEBUG - 2022-12-06 15:14:33 --> UTF-8 Support Enabled
DEBUG - 2022-12-06 15:14:33 --> Global POST, GET and COOKIE data sanitized
DEBUG - 2022-12-06 15:14:33 --> Config file loaded: /hwonpark/www/application/config/tree.php
DEBUG - 2022-12-06 15:14:33 --> Encryption: Auto-configured driver 'openssl'.
DEBUG - 2022-12-06 15:14:33 --> Total execution time: 0.0806
DEBUG - 2022-12-06 15:14:42 --> UTF-8 Support Enabled
DEBUG - 2022-12-06 15:14:42 --> Global POST, GET and COOKIE data sanitized
DEBUG - 2022-12-06 15:14:42 --> Config file loaded: /hwonpark/www/application/config/tree.php
DEBUG - 2022-12-06 15:14:42 --> Encryption: Auto-configured driver 'openssl'.
DEBUG - 2022-12-06 15:14:50 --> UTF-8 Support Enabled
DEBUG - 2022-12-06 15:14:50 --> Global POST, GET and COOKIE data sanitized
DEBUG - 2022-12-06 15:14:50 --> Config file loaded: /hwonpark/www/application/config/tree.php
DEBUG - 2022-12-06 15:14:50 --> Encryption: Auto-configured driver 'openssl'.
DEBUG - 2022-12-06 15:14:50 --> Total execution time: 0.0382
DEBUG - 2022-12-06 15:15:07 --> UTF-8 Support Enabled
DEBUG - 2022-12-06 15:15:07 --> Global POST, GET and COOKIE data sanitized
DEBUG - 2022-12-06 15:15:07 --> Config file loaded: /hwonpark/www/application/config/tree.php
DEBUG - 2022-12-06 15:15:07 --> Encryption: Auto-configured driver 'openssl'.
DEBUG - 2022-12-06 15:15:07 --> Total execution time: 0.0534
DEBUG - 2022-12-06 15:15:17 --> UTF-8 Support Enabled
DEBUG - 2022-12-06 15:15:17 --> Global POST, GET and COOKIE data sanitized
DEBUG - 2022-12-06 15:15:17 --> Config file loaded: /hwonpark/www/application/config/tree.php
DEBUG - 2022-12-06 15:15:17 --> Encryption: Auto-configured driver 'openssl'.
DEBUG - 2022-12-06 15:15:17 --> Total execution time: 0.0478
DEBUG - 2022-12-06 15:15:33 --> UTF-8 Support Enabled
DEBUG - 2022-12-06 15:15:33 --> Global POST, GET and COOKIE data sanitized
DEBUG - 2022-12-06 15:15:33 --> Config file loaded: /hwonpark/www/application/config/tree.php
DEBUG - 2022-12-06 15:15:33 --> Encryption: Auto-configured driver 'openssl'.
DEBUG - 2022-12-06 15:15:33 --> Total execution time: 0.0523
DEBUG - 2022-12-06 15:15:36 --> UTF-8 Support Enabled
DEBUG - 2022-12-06 15:15:36 --> Global POST, GET and COOKIE data sanitized
DEBUG - 2022-12-06 15:15:36 --> Config file loaded: /hwonpark/www/application/config/tree.php
DEBUG - 2022-12-06 15:15:36 --> Encryption: Auto-configured driver 'openssl'.
DEBUG - 2022-12-06 15:15:36 --> Total execution time: 0.1012
DEBUG - 2022-12-06 15:15:47 --> UTF-8 Support Enabled
DEBUG - 2022-12-06 15:15:47 --> Global POST, GET and COOKIE data sanitized
DEBUG - 2022-12-06 15:15:47 --> Config file loaded: /hwonpark/www/application/config/tree.php
DEBUG - 2022-12-06 15:15:47 --> Encryption: Auto-configured driver 'openssl'.
DEBUG - 2022-12-06 15:15:47 --> Total execution time: 0.0393
DEBUG - 2022-12-06 15:15:59 --> UTF-8 Support Enabled
DEBUG - 2022-12-06 15:15:59 --> Global POST, GET and COOKIE data sanitized
DEBUG - 2022-12-06 15:15:59 --> Config file loaded: /hwonpark/www/application/config/tree.php
DEBUG - 2022-12-06 15:15:59 --> Encryption: Auto-configured driver 'openssl'.
DEBUG - 2022-12-06 15:15:59 --> Total execution time: 0.0729
DEBUG - 2022-12-06 15:16:38 --> UTF-8 Support Enabled
DEBUG - 2022-12-06 15:16:38 --> Global POST, GET and COOKIE data sanitized
DEBUG - 2022-12-06 15:16:38 --> Config file loaded: /hwonpark/www/application/config/tree.php
DEBUG - 2022-12-06 15:16:38 --> Encryption: Auto-configured driver 'openssl'.
DEBUG - 2022-12-06 15:16:38 --> Total execution time: 0.0461
DEBUG - 2022-12-06 15:16:45 --> UTF-8 Support Enabled
DEBUG - 2022-12-06 15:16:45 --> Global POST, GET and COOKIE data sanitized
DEBUG - 2022-12-06 15:16:45 --> Config file loaded: /hwonpark/www/application/config/tree.php
DEBUG - 2022-12-06 15:16:45 --> Encryption: Auto-configured driver 'openssl'.
DEBUG - 2022-12-06 15:16:45 --> Total execution time: 0.0382
DEBUG - 2022-12-06 15:27:59 --> UTF-8 Support Enabled
DEBUG - 2022-12-06 15:27:59 --> Global POST, GET and COOKIE data sanitized
DEBUG - 2022-12-06 15:27:59 --> Config file loaded: /hwonpark/www/application/config/tree.php
DEBUG - 2022-12-06 15:27:59 --> Total execution time: 0.0360
DEBUG - 2022-12-06 15:28:04 --> UTF-8 Support Enabled
DEBUG - 2022-12-06 15:28:04 --> Global POST, GET and COOKIE data sanitized
DEBUG - 2022-12-06 15:28:04 --> Config file loaded: /hwonpark/www/application/config/tree.php
DEBUG - 2022-12-06 15:28:05 --> UTF-8 Support Enabled
DEBUG - 2022-12-06 15:28:05 --> Global POST, GET and COOKIE data sanitized
DEBUG - 2022-12-06 15:28:05 --> Config file loaded: /hwonpark/www/application/config/tree.php
DEBUG - 2022-12-06 15:28:05 --> Encryption: Auto-configured driver 'openssl'.
DEBUG - 2022-12-06 15:28:05 --> UTF-8 Support Enabled
DEBUG - 2022-12-06 15:28:05 --> Global POST, GET and COOKIE data sanitized
DEBUG - 2022-12-06 15:28:05 --> Config file loaded: /hwonpark/www/application/config/tree.php
DEBUG - 2022-12-06 15:28:05 --> Encryption: Auto-configured driver 'openssl'.
DEBUG - 2022-12-06 15:28:05 --> Encryption class already loaded. Second attempt ignored.
DEBUG - 2022-12-06 15:28:05 --> Total execution time: 0.0514
DEBUG - 2022-12-06 15:28:19 --> UTF-8 Support Enabled
DEBUG - 2022-12-06 15:28:19 --> Global POST, GET and COOKIE data sanitized
DEBUG - 2022-12-06 15:28:19 --> Config file loaded: /hwonpark/www/application/config/tree.php
DEBUG - 2022-12-06 15:28:19 --> Encryption: Auto-configured driver 'openssl'.
DEBUG - 2022-12-06 15:28:19 --> Total execution time: 0.0382
DEBUG - 2022-12-06 15:28:21 --> UTF-8 Support Enabled
DEBUG - 2022-12-06 15:28:21 --> Global POST, GET and COOKIE data sanitized
DEBUG - 2022-12-06 15:28:21 --> Config file loaded: /hwonpark/www/application/config/tree.php
DEBUG - 2022-12-06 15:28:21 --> Encryption: Auto-configured driver 'openssl'.
DEBUG - 2022-12-06 15:28:21 --> Total execution time: 0.0317
DEBUG - 2022-12-06 15:28:28 --> UTF-8 Support Enabled
DEBUG - 2022-12-06 15:28:28 --> Global POST, GET and COOKIE data sanitized
DEBUG - 2022-12-06 15:28:28 --> Config file loaded: /hwonpark/www/application/config/tree.php
DEBUG - 2022-12-06 15:28:28 --> Encryption: Auto-configured driver 'openssl'.
DEBUG - 2022-12-06 15:28:28 --> Total execution time: 0.0580
DEBUG - 2022-12-06 15:28:32 --> UTF-8 Support Enabled
DEBUG - 2022-12-06 15:28:32 --> Global POST, GET and COOKIE data sanitized
DEBUG - 2022-12-06 15:28:32 --> Config file loaded: /hwonpark/www/application/config/tree.php
DEBUG - 2022-12-06 15:28:32 --> Encryption: Auto-configured driver 'openssl'.
DEBUG - 2022-12-06 15:28:32 --> Total execution time: 0.0396
DEBUG - 2022-12-06 15:32:59 --> UTF-8 Support Enabled
DEBUG - 2022-12-06 15:32:59 --> Global POST, GET and COOKIE data sanitized
DEBUG - 2022-12-06 15:32:59 --> Config file loaded: /hwonpark/www/application/config/tree.php
DEBUG - 2022-12-06 15:32:59 --> Total execution time: 0.0320
DEBUG - 2022-12-06 15:33:02 --> UTF-8 Support Enabled
DEBUG - 2022-12-06 15:33:02 --> Global POST, GET and COOKIE data sanitized
DEBUG - 2022-12-06 15:33:02 --> Config file loaded: /hwonpark/www/application/config/tree.php
DEBUG - 2022-12-06 15:33:02 --> Total execution time: 0.0391
DEBUG - 2022-12-06 15:33:04 --> UTF-8 Support Enabled
DEBUG - 2022-12-06 15:33:04 --> Global POST, GET and COOKIE data sanitized
DEBUG - 2022-12-06 15:33:04 --> Config file loaded: /hwonpark/www/application/config/tree.php
DEBUG - 2022-12-06 15:33:04 --> Total execution time: 0.0701
DEBUG - 2022-12-06 15:33:05 --> UTF-8 Support Enabled
DEBUG - 2022-12-06 15:33:05 --> Global POST, GET and COOKIE data sanitized
DEBUG - 2022-12-06 15:33:05 --> Config file loaded: /hwonpark/www/application/config/tree.php
DEBUG - 2022-12-06 15:33:05 --> Total execution time: 0.0534
DEBUG - 2022-12-06 15:33:06 --> UTF-8 Support Enabled
DEBUG - 2022-12-06 15:33:06 --> Global POST, GET and COOKIE data sanitized
DEBUG - 2022-12-06 15:33:06 --> Config file loaded: /hwonpark/www/application/config/tree.php
DEBUG - 2022-12-06 15:33:06 --> Total execution time: 0.0355
DEBUG - 2022-12-06 15:56:37 --> UTF-8 Support Enabled
DEBUG - 2022-12-06 15:56:37 --> No URI present. Default controller set.
DEBUG - 2022-12-06 15:56:37 --> Global POST, GET and COOKIE data sanitized
DEBUG - 2022-12-06 15:56:37 --> Config file loaded: /hwonpark/www/application/config/tree.php
DEBUG - 2022-12-06 15:56:37 --> Total execution time: 0.0336
DEBUG - 2022-12-06 16:09:09 --> UTF-8 Support Enabled
DEBUG - 2022-12-06 16:09:09 --> Global POST, GET and COOKIE data sanitized
DEBUG - 2022-12-06 16:09:09 --> Config file loaded: /hwonpark/www/application/config/tree.php
DEBUG - 2022-12-06 16:09:09 --> Total execution time: 0.0338
DEBUG - 2022-12-06 16:09:13 --> UTF-8 Support Enabled
DEBUG - 2022-12-06 16:09:13 --> Global POST, GET and COOKIE data sanitized
DEBUG - 2022-12-06 16:09:13 --> Config file loaded: /hwonpark/www/application/config/tree.php
DEBUG - 2022-12-06 16:09:16 --> UTF-8 Support Enabled
DEBUG - 2022-12-06 16:09:16 --> Global POST, GET and COOKIE data sanitized
DEBUG - 2022-12-06 16:09:16 --> Config file loaded: /hwonpark/www/application/config/tree.php
DEBUG - 2022-12-06 16:09:16 --> Encryption: Auto-configured driver 'openssl'.
DEBUG - 2022-12-06 16:09:16 --> UTF-8 Support Enabled
DEBUG - 2022-12-06 16:09:16 --> Global POST, GET and COOKIE data sanitized
DEBUG - 2022-12-06 16:09:16 --> Config file loaded: /hwonpark/www/application/config/tree.php
DEBUG - 2022-12-06 16:09:16 --> Encryption: Auto-configured driver 'openssl'.
DEBUG - 2022-12-06 16:09:16 --> Encryption class already loaded. Second attempt ignored.
DEBUG - 2022-12-06 16:09:16 --> Total execution time: 0.0398
DEBUG - 2022-12-06 16:09:19 --> UTF-8 Support Enabled
DEBUG - 2022-12-06 16:09:19 --> Global POST, GET and COOKIE data sanitized
DEBUG - 2022-12-06 16:09:19 --> Config file loaded: /hwonpark/www/application/config/tree.php
DEBUG - 2022-12-06 16:09:19 --> Encryption: Auto-configured driver 'openssl'.
DEBUG - 2022-12-06 16:09:19 --> Total execution time: 0.0350
DEBUG - 2022-12-06 16:09:24 --> UTF-8 Support Enabled
DEBUG - 2022-12-06 16:09:24 --> Global POST, GET and COOKIE data sanitized
DEBUG - 2022-12-06 16:09:24 --> Config file loaded: /hwonpark/www/application/config/tree.php
DEBUG - 2022-12-06 16:09:24 --> Encryption: Auto-configured driver 'openssl'.
DEBUG - 2022-12-06 16:09:24 --> Total execution time: 0.0321
DEBUG - 2022-12-06 16:09:29 --> UTF-8 Support Enabled
DEBUG - 2022-12-06 16:09:29 --> Global POST, GET and COOKIE data sanitized
DEBUG - 2022-12-06 16:09:29 --> Config file loaded: /hwonpark/www/application/config/tree.php
DEBUG - 2022-12-06 16:09:29 --> Encryption: Auto-configured driver 'openssl'.
DEBUG - 2022-12-06 16:09:29 --> UTF-8 Support Enabled
DEBUG - 2022-12-06 16:09:29 --> Global POST, GET and COOKIE data sanitized
DEBUG - 2022-12-06 16:09:29 --> Config file loaded: /hwonpark/www/application/config/tree.php
DEBUG - 2022-12-06 16:09:29 --> Encryption: Auto-configured driver 'openssl'.
DEBUG - 2022-12-06 16:09:29 --> Encryption class already loaded. Second attempt ignored.
DEBUG - 2022-12-06 16:09:29 --> Total execution time: 0.0377
DEBUG - 2022-12-06 16:09:33 --> UTF-8 Support Enabled
DEBUG - 2022-12-06 16:09:33 --> Global POST, GET and COOKIE data sanitized
DEBUG - 2022-12-06 16:09:33 --> Config file loaded: /hwonpark/www/application/config/tree.php
DEBUG - 2022-12-06 16:09:33 --> Encryption: Auto-configured driver 'openssl'.
DEBUG - 2022-12-06 16:09:33 --> Total execution time: 0.0619
DEBUG - 2022-12-06 16:09:34 --> UTF-8 Support Enabled
DEBUG - 2022-12-06 16:09:34 --> Global POST, GET and COOKIE data sanitized
DEBUG - 2022-12-06 16:09:34 --> Config file loaded: /hwonpark/www/application/config/tree.php
DEBUG - 2022-12-06 16:09:34 --> Encryption: Auto-configured driver 'openssl'.
DEBUG - 2022-12-06 16:09:34 --> Total execution time: 0.0475
DEBUG - 2022-12-06 16:09:38 --> UTF-8 Support Enabled
DEBUG - 2022-12-06 16:09:38 --> Global POST, GET and COOKIE data sanitized
DEBUG - 2022-12-06 16:09:38 --> Config file loaded: /hwonpark/www/application/config/tree.php
DEBUG - 2022-12-06 16:09:38 --> Encryption: Auto-configured driver 'openssl'.
DEBUG - 2022-12-06 16:09:38 --> UTF-8 Support Enabled
DEBUG - 2022-12-06 16:09:38 --> Global POST, GET and COOKIE data sanitized
DEBUG - 2022-12-06 16:09:38 --> Config file loaded: /hwonpark/www/application/config/tree.php
DEBUG - 2022-12-06 16:09:38 --> Encryption: Auto-configured driver 'openssl'.
DEBUG - 2022-12-06 16:09:38 --> Encryption class already loaded. Second attempt ignored.
DEBUG - 2022-12-06 16:09:38 --> Total execution time: 0.0364
DEBUG - 2022-12-06 16:09:40 --> UTF-8 Support Enabled
DEBUG - 2022-12-06 16:09:40 --> Global POST, GET and COOKIE data sanitized
DEBUG - 2022-12-06 16:09:40 --> Config file loaded: /hwonpark/www/application/config/tree.php
DEBUG - 2022-12-06 16:09:40 --> Encryption: Auto-configured driver 'openssl'.
DEBUG - 2022-12-06 16:09:40 --> Total execution time: 0.0347
DEBUG - 2022-12-06 16:09:42 --> UTF-8 Support Enabled
DEBUG - 2022-12-06 16:09:42 --> Global POST, GET and COOKIE data sanitized
DEBUG - 2022-12-06 16:09:42 --> Config file loaded: /hwonpark/www/application/config/tree.php
DEBUG - 2022-12-06 16:09:42 --> Encryption: Auto-configured driver 'openssl'.
DEBUG - 2022-12-06 16:09:42 --> Total execution time: 0.0418
DEBUG - 2022-12-06 16:09:45 --> UTF-8 Support Enabled
DEBUG - 2022-12-06 16:09:45 --> Global POST, GET and COOKIE data sanitized
DEBUG - 2022-12-06 16:09:45 --> Config file loaded: /hwonpark/www/application/config/tree.php
DEBUG - 2022-12-06 16:09:45 --> Encryption: Auto-configured driver 'openssl'.
DEBUG - 2022-12-06 16:09:45 --> Total execution time: 0.0424
DEBUG - 2022-12-06 16:09:48 --> UTF-8 Support Enabled
DEBUG - 2022-12-06 16:09:48 --> Global POST, GET and COOKIE data sanitized
DEBUG - 2022-12-06 16:09:48 --> Config file loaded: /hwonpark/www/application/config/tree.php
DEBUG - 2022-12-06 16:09:48 --> Encryption: Auto-configured driver 'openssl'.
DEBUG - 2022-12-06 16:09:48 --> Total execution time: 0.0433
DEBUG - 2022-12-06 16:09:50 --> UTF-8 Support Enabled
DEBUG - 2022-12-06 16:09:50 --> Global POST, GET and COOKIE data sanitized
DEBUG - 2022-12-06 16:09:50 --> Config file loaded: /hwonpark/www/application/config/tree.php
DEBUG - 2022-12-06 16:09:50 --> Encryption: Auto-configured driver 'openssl'.
DEBUG - 2022-12-06 16:09:50 --> Total execution time: 0.0602
DEBUG - 2022-12-06 16:12:28 --> UTF-8 Support Enabled
DEBUG - 2022-12-06 16:12:28 --> Global POST, GET and COOKIE data sanitized
DEBUG - 2022-12-06 16:12:29 --> Config file loaded: /hwonpark/www/application/config/tree.php
DEBUG - 2022-12-06 16:12:29 --> Encryption: Auto-configured driver 'openssl'.
ERROR - 2022-12-06 16:12:29 --> Could not find the language line "imglib_invalid_image"
ERROR - 2022-12-06 16:12:29 --> imglib_invalid_image
DEBUG - 2022-12-06 16:12:29 --> DL_schema class already loaded. Second attempt ignored.
ERROR - 2022-12-06 16:12:29 --> Could not find the language line "imglib_invalid_image"
ERROR - 2022-12-06 16:12:29 --> imglib_invalid_image
DEBUG - 2022-12-06 16:12:29 --> DL_schema class already loaded. Second attempt ignored.
DEBUG - 2022-12-06 16:12:30 --> UTF-8 Support Enabled
DEBUG - 2022-12-06 16:12:30 --> Global POST, GET and COOKIE data sanitized
DEBUG - 2022-12-06 16:12:30 --> Config file loaded: /hwonpark/www/application/config/tree.php
DEBUG - 2022-12-06 16:12:30 --> Encryption: Auto-configured driver 'openssl'.
DEBUG - 2022-12-06 16:12:30 --> Total execution time: 0.0698
DEBUG - 2022-12-06 16:12:31 --> UTF-8 Support Enabled
DEBUG - 2022-12-06 16:12:31 --> Global POST, GET and COOKIE data sanitized
DEBUG - 2022-12-06 16:12:31 --> Config file loaded: /hwonpark/www/application/config/tree.php
DEBUG - 2022-12-06 16:12:31 --> Encryption: Auto-configured driver 'openssl'.
DEBUG - 2022-12-06 16:12:31 --> Total execution time: 0.0469
DEBUG - 2022-12-06 16:12:34 --> UTF-8 Support Enabled
DEBUG - 2022-12-06 16:12:34 --> Global POST, GET and COOKIE data sanitized
DEBUG - 2022-12-06 16:12:34 --> Config file loaded: /hwonpark/www/application/config/tree.php
DEBUG - 2022-12-06 16:12:34 --> Encryption: Auto-configured driver 'openssl'.
DEBUG - 2022-12-06 16:12:34 --> Total execution time: 0.0746
DEBUG - 2022-12-06 16:12:41 --> UTF-8 Support Enabled
DEBUG - 2022-12-06 16:12:42 --> Global POST, GET and COOKIE data sanitized
DEBUG - 2022-12-06 16:12:42 --> Config file loaded: /hwonpark/www/application/config/tree.php
DEBUG - 2022-12-06 16:12:42 --> Encryption: Auto-configured driver 'openssl'.
DEBUG - 2022-12-06 16:12:42 --> Total execution time: 0.0770
DEBUG - 2022-12-06 16:12:44 --> UTF-8 Support Enabled
DEBUG - 2022-12-06 16:12:44 --> Global POST, GET and COOKIE data sanitized
DEBUG - 2022-12-06 16:12:44 --> Config file loaded: /hwonpark/www/application/config/tree.php
DEBUG - 2022-12-06 16:12:44 --> Encryption: Auto-configured driver 'openssl'.
DEBUG - 2022-12-06 16:12:44 --> Total execution time: 0.0366
DEBUG - 2022-12-06 16:12:53 --> UTF-8 Support Enabled
DEBUG - 2022-12-06 16:12:53 --> Global POST, GET and COOKIE data sanitized
DEBUG - 2022-12-06 16:12:53 --> Config file loaded: /hwonpark/www/application/config/tree.php
DEBUG - 2022-12-06 16:12:53 --> Encryption: Auto-configured driver 'openssl'.
DEBUG - 2022-12-06 16:12:53 --> Total execution time: 0.0381
DEBUG - 2022-12-06 16:13:55 --> UTF-8 Support Enabled
DEBUG - 2022-12-06 16:13:55 --> Global POST, GET and COOKIE data sanitized
DEBUG - 2022-12-06 16:13:55 --> Config file loaded: /hwonpark/www/application/config/tree.php
DEBUG - 2022-12-06 16:13:55 --> Encryption: Auto-configured driver 'openssl'.
DEBUG - 2022-12-06 16:13:55 --> Total execution time: 0.0682
DEBUG - 2022-12-06 16:13:58 --> UTF-8 Support Enabled
DEBUG - 2022-12-06 16:13:58 --> Global POST, GET and COOKIE data sanitized
DEBUG - 2022-12-06 16:13:58 --> Config file loaded: /hwonpark/www/application/config/tree.php
DEBUG - 2022-12-06 16:13:58 --> Encryption: Auto-configured driver 'openssl'.
DEBUG - 2022-12-06 16:13:58 --> Total execution time: 0.0351
DEBUG - 2022-12-06 16:14:01 --> UTF-8 Support Enabled
DEBUG - 2022-12-06 16:14:01 --> Global POST, GET and COOKIE data sanitized
DEBUG - 2022-12-06 16:14:01 --> Config file loaded: /hwonpark/www/application/config/tree.php
DEBUG - 2022-12-06 16:14:01 --> Encryption: Auto-configured driver 'openssl'.
DEBUG - 2022-12-06 16:14:01 --> Total execution time: 0.1524
DEBUG - 2022-12-06 16:14:07 --> UTF-8 Support Enabled
DEBUG - 2022-12-06 16:14:07 --> Global POST, GET and COOKIE data sanitized
DEBUG - 2022-12-06 16:14:07 --> Config file loaded: /hwonpark/www/application/config/tree.php
DEBUG - 2022-12-06 16:14:07 --> Encryption: Auto-configured driver 'openssl'.
DEBUG - 2022-12-06 16:14:07 --> Total execution time: 0.0357
DEBUG - 2022-12-06 16:14:09 --> UTF-8 Support Enabled
DEBUG - 2022-12-06 16:14:09 --> Global POST, GET and COOKIE data sanitized
DEBUG - 2022-12-06 16:14:09 --> Config file loaded: /hwonpark/www/application/config/tree.php
DEBUG - 2022-12-06 16:14:09 --> Encryption: Auto-configured driver 'openssl'.
DEBUG - 2022-12-06 16:14:09 --> Total execution time: 0.0368
DEBUG - 2022-12-06 16:14:10 --> UTF-8 Support Enabled
DEBUG - 2022-12-06 16:14:10 --> Global POST, GET and COOKIE data sanitized
DEBUG - 2022-12-06 16:14:10 --> Config file loaded: /hwonpark/www/application/config/tree.php
DEBUG - 2022-12-06 16:14:10 --> Encryption: Auto-configured driver 'openssl'.
DEBUG - 2022-12-06 16:14:11 --> Total execution time: 0.0421
DEBUG - 2022-12-06 16:14:12 --> UTF-8 Support Enabled
DEBUG - 2022-12-06 16:14:12 --> Global POST, GET and COOKIE data sanitized
DEBUG - 2022-12-06 16:14:12 --> Config file loaded: /hwonpark/www/application/config/tree.php
DEBUG - 2022-12-06 16:14:12 --> Encryption: Auto-configured driver 'openssl'.
DEBUG - 2022-12-06 16:14:12 --> Total execution time: 0.0454
DEBUG - 2022-12-06 16:17:17 --> UTF-8 Support Enabled
DEBUG - 2022-12-06 16:17:17 --> Global POST, GET and COOKIE data sanitized
DEBUG - 2022-12-06 16:17:17 --> Config file loaded: /hwonpark/www/application/config/tree.php
DEBUG - 2022-12-06 16:17:17 --> Encryption: Auto-configured driver 'openssl'.
DEBUG - 2022-12-06 16:17:17 --> UTF-8 Support Enabled
DEBUG - 2022-12-06 16:17:17 --> Global POST, GET and COOKIE data sanitized
DEBUG - 2022-12-06 16:17:17 --> Config file loaded: /hwonpark/www/application/config/tree.php
DEBUG - 2022-12-06 16:17:17 --> Encryption: Auto-configured driver 'openssl'.
DEBUG - 2022-12-06 16:17:17 --> Total execution time: 0.0380
DEBUG - 2022-12-06 16:18:36 --> UTF-8 Support Enabled
DEBUG - 2022-12-06 16:18:36 --> Global POST, GET and COOKIE data sanitized
DEBUG - 2022-12-06 16:18:36 --> Config file loaded: /hwonpark/www/application/config/tree.php
DEBUG - 2022-12-06 16:18:36 --> Encryption: Auto-configured driver 'openssl'.
DEBUG - 2022-12-06 16:18:36 --> Total execution time: 0.0691
DEBUG - 2022-12-06 16:18:42 --> UTF-8 Support Enabled
DEBUG - 2022-12-06 16:18:42 --> Global POST, GET and COOKIE data sanitized
DEBUG - 2022-12-06 16:18:42 --> Config file loaded: /hwonpark/www/application/config/tree.php
DEBUG - 2022-12-06 16:18:42 --> Encryption: Auto-configured driver 'openssl'.
DEBUG - 2022-12-06 16:18:42 --> Total execution time: 0.0458
DEBUG - 2022-12-06 16:18:54 --> UTF-8 Support Enabled
DEBUG - 2022-12-06 16:18:54 --> No URI present. Default controller set.
DEBUG - 2022-12-06 16:18:54 --> Global POST, GET and COOKIE data sanitized
DEBUG - 2022-12-06 16:18:55 --> Config file loaded: /hwonpark/www/application/config/tree.php
DEBUG - 2022-12-06 16:18:55 --> Encryption: Auto-configured driver 'openssl'.
DEBUG - 2022-12-06 16:18:55 --> Total execution time: 0.0676
DEBUG - 2022-12-06 16:50:03 --> UTF-8 Support Enabled
DEBUG - 2022-12-06 16:50:03 --> Global POST, GET and COOKIE data sanitized
DEBUG - 2022-12-06 16:50:03 --> Config file loaded: /hwonpark/www/application/config/tree.php
DEBUG - 2022-12-06 16:50:04 --> Total execution time: 0.8854
DEBUG - 2022-12-06 16:50:04 --> UTF-8 Support Enabled
DEBUG - 2022-12-06 16:50:04 --> Global POST, GET and COOKIE data sanitized
DEBUG - 2022-12-06 16:50:04 --> Config file loaded: /hwonpark/www/application/config/tree.php
DEBUG - 2022-12-06 16:50:04 --> Total execution time: 0.0400
DEBUG - 2022-12-06 16:50:06 --> UTF-8 Support Enabled
DEBUG - 2022-12-06 16:50:06 --> Global POST, GET and COOKIE data sanitized
DEBUG - 2022-12-06 16:50:06 --> Config file loaded: /hwonpark/www/application/config/tree.php
DEBUG - 2022-12-06 16:50:08 --> UTF-8 Support Enabled
DEBUG - 2022-12-06 16:50:08 --> Global POST, GET and COOKIE data sanitized
DEBUG - 2022-12-06 16:50:08 --> Config file loaded: /hwonpark/www/application/config/tree.php
DEBUG - 2022-12-06 16:50:08 --> Total execution time: 0.0394
DEBUG - 2022-12-06 16:50:09 --> UTF-8 Support Enabled
DEBUG - 2022-12-06 16:50:09 --> Global POST, GET and COOKIE data sanitized
DEBUG - 2022-12-06 16:50:09 --> Config file loaded: /hwonpark/www/application/config/tree.php
DEBUG - 2022-12-06 16:50:09 --> =================== DL_auth-> oauth::CALLBACK - 시작
DEBUG - 2022-12-06 16:50:09 --> =================== DL_auth-> oauth::CALLBACK - kakao param=:: error=
DEBUG - 2022-12-06 16:50:09 --> =================== DL_auth-> oauth::CALLBACK - kakao param=:: state=
DEBUG - 2022-12-06 16:50:09 --> =================== DL_auth-> oauth::CALLBACK - kakao param=:: code=ry6qAmYw_AS_WBsa-EZHbiCp9O0eQkXMXptvokdOSqOOKmQd5HsnIry_ybDZ4VgquQf_FwopcBMAAAGE5mnjEA
DEBUG - 2022-12-06 16:50:09 --> =================== DL_auth -> kakao oauth :2: code=ry6qAmYw_AS_WBsa-EZHbiCp9O0eQkXMXptvokdOSqOOKmQd5HsnIry_ybDZ4VgquQf_FwopcBMAAAGE5mnjEA
DEBUG - 2022-12-06 16:50:09 --> ====================Dl_auth -> kakao_login :: 시작
DEBUG - 2022-12-06 16:50:09 --> --------------------Dl_auth::kakao_login - 1.토큰요청 시작
DEBUG - 2022-12-06 16:50:09 --> Dl_auth::kakao_login - get_token 시작 n=2
DEBUG - 2022-12-06 16:50:09 --> --------------------Dl_auth::kakao_login - 1.2.토큰요청 시작 -> 기타브라우저
DEBUG - 2022-12-06 16:50:09 --> --------------------Dl_auth::kakao_login - 1.3.토큰요청
DEBUG - 2022-12-06 16:50:10 --> --------------------Dl_auth::kakao_login - 1.4.토큰요청 -> 성공
DEBUG - 2022-12-06 16:50:10 --> UTF-8 Support Enabled
DEBUG - 2022-12-06 16:50:10 --> Global POST, GET and COOKIE data sanitized
DEBUG - 2022-12-06 16:50:10 --> Config file loaded: /hwonpark/www/application/config/tree.php
DEBUG - 2022-12-06 16:50:10 --> =================== DL_auth-> oauth::CALLBACK - 시작
DEBUG - 2022-12-06 16:50:10 --> =================== DL_auth-> oauth::CALLBACK - kakao param=:: error=
DEBUG - 2022-12-06 16:50:10 --> =================== DL_auth-> oauth::CALLBACK - kakao param=:: state=
DEBUG - 2022-12-06 16:50:10 --> =================== DL_auth-> oauth::CALLBACK - kakao param=:: code=ry6qAmYw_AS_WBsa-EZHbiCp9O0eQkXMXptvokdOSqOOKmQd5HsnIry_ybDZ4VgquQf_FwopcBMAAAGE5mnjEA
DEBUG - 2022-12-06 16:50:10 --> =================== DL_auth -> kakao oauth :2: code=ry6qAmYw_AS_WBsa-EZHbiCp9O0eQkXMXptvokdOSqOOKmQd5HsnIry_ybDZ4VgquQf_FwopcBMAAAGE5mnjEA
DEBUG - 2022-12-06 16:50:10 --> ====================Dl_auth -> kakao_login :: 시작
DEBUG - 2022-12-06 16:50:10 --> ====================Dl_auth::kakao_login - 1.3.5- 사이트 회원정보 업데이트 성공(카카오 인증 완료) state=
DEBUG - 2022-12-06 16:50:11 --> UTF-8 Support Enabled
DEBUG - 2022-12-06 16:50:11 --> Global POST, GET and COOKIE data sanitized
DEBUG - 2022-12-06 16:50:11 --> Config file loaded: /hwonpark/www/application/config/tree.php
DEBUG - 2022-12-06 16:50:11 --> Encryption: Auto-configured driver 'openssl'.
DEBUG - 2022-12-06 16:50:11 --> Total execution time: 0.0422
DEBUG - 2022-12-06 16:50:14 --> UTF-8 Support Enabled
DEBUG - 2022-12-06 16:50:14 --> Global POST, GET and COOKIE data sanitized
DEBUG - 2022-12-06 16:50:14 --> Config file loaded: /hwonpark/www/application/config/tree.php
DEBUG - 2022-12-06 16:50:14 --> Encryption: Auto-configured driver 'openssl'.
DEBUG - 2022-12-06 16:50:14 --> Total execution time: 0.0319
DEBUG - 2022-12-06 16:50:17 --> UTF-8 Support Enabled
DEBUG - 2022-12-06 16:50:17 --> Global POST, GET and COOKIE data sanitized
DEBUG - 2022-12-06 16:50:17 --> Config file loaded: /hwonpark/www/application/config/tree.php
DEBUG - 2022-12-06 16:50:17 --> Encryption: Auto-configured driver 'openssl'.
DEBUG - 2022-12-06 16:50:17 --> Total execution time: 0.0475
DEBUG - 2022-12-06 17:04:24 --> UTF-8 Support Enabled
DEBUG - 2022-12-06 17:04:24 --> Global POST, GET and COOKIE data sanitized
DEBUG - 2022-12-06 17:04:24 --> Config file loaded: /hwonpark/www/application/config/tree.php
DEBUG - 2022-12-06 17:04:24 --> Total execution time: 0.0346
DEBUG - 2022-12-06 17:04:51 --> UTF-8 Support Enabled
DEBUG - 2022-12-06 17:04:51 --> No URI present. Default controller set.
DEBUG - 2022-12-06 17:04:51 --> Global POST, GET and COOKIE data sanitized
DEBUG - 2022-12-06 17:04:51 --> Config file loaded: /hwonpark/www/application/config/tree.php
DEBUG - 2022-12-06 17:04:51 --> Total execution time: 0.0330
DEBUG - 2022-12-06 17:44:45 --> UTF-8 Support Enabled
DEBUG - 2022-12-06 17:44:45 --> No URI present. Default controller set.
DEBUG - 2022-12-06 17:44:45 --> Global POST, GET and COOKIE data sanitized
DEBUG - 2022-12-06 17:44:45 --> Config file loaded: /hwonpark/www/application/config/tree.php
DEBUG - 2022-12-06 17:44:45 --> Total execution time: 0.0322
DEBUG - 2022-12-06 17:44:47 --> UTF-8 Support Enabled
DEBUG - 2022-12-06 17:44:47 --> No URI present. Default controller set.
DEBUG - 2022-12-06 17:44:47 --> Global POST, GET and COOKIE data sanitized
DEBUG - 2022-12-06 17:44:47 --> Config file loaded: /hwonpark/www/application/config/tree.php
DEBUG - 2022-12-06 17:44:47 --> Total execution time: 0.0325
DEBUG - 2022-12-06 18:02:55 --> UTF-8 Support Enabled
DEBUG - 2022-12-06 18:02:55 --> No URI present. Default controller set.
DEBUG - 2022-12-06 18:02:55 --> Global POST, GET and COOKIE data sanitized
DEBUG - 2022-12-06 18:02:55 --> Config file loaded: /hwonpark/www/application/config/tree.php
DEBUG - 2022-12-06 18:02:55 --> Total execution time: 0.0297
