DEBUG - 2022-09-23 00:08:03 --> UTF-8 Support Enabled
DEBUG - 2022-09-23 00:08:03 --> Global POST, GET and COOKIE data sanitized
DEBUG - 2022-09-23 00:08:03 --> Config file loaded: /hwonpark/www/application/config/tree.php
DEBUG - 2022-09-23 00:08:04 --> UTF-8 Support Enabled
DEBUG - 2022-09-23 00:08:04 --> Global POST, GET and COOKIE data sanitized
DEBUG - 2022-09-23 00:08:04 --> Config file loaded: /hwonpark/www/application/config/tree.php
DEBUG - 2022-09-23 00:08:04 --> Total execution time: 0.0651
DEBUG - 2022-09-23 00:08:06 --> UTF-8 Support Enabled
DEBUG - 2022-09-23 00:08:06 --> Global POST, GET and COOKIE data sanitized
ERROR - 2022-09-23 00:08:06 --> 404 Page Not Found: Faviconico/index
DEBUG - 2022-09-23 05:35:25 --> UTF-8 Support Enabled
DEBUG - 2022-09-23 05:35:25 --> Global POST, GET and COOKIE data sanitized
DEBUG - 2022-09-23 05:35:25 --> Config file loaded: /hwonpark/www/application/config/tree.php
DEBUG - 2022-09-23 05:35:25 --> --------------------DC_common::chk_perm - 1.인가코드요청 시작 -> if 인앱브라우저
DEBUG - 2022-09-23 05:35:26 --> UTF-8 Support Enabled
DEBUG - 2022-09-23 05:35:26 --> Global POST, GET and COOKIE data sanitized
DEBUG - 2022-09-23 05:35:26 --> Config file loaded: /hwonpark/www/application/config/tree.php
DEBUG - 2022-09-23 05:35:26 --> =================== DL_auth-> oauth::CALLBACK - 시작
DEBUG - 2022-09-23 05:35:26 --> =================== DL_auth-> oauth::CALLBACK - kakao param=:: error=
DEBUG - 2022-09-23 05:35:26 --> =================== DL_auth-> oauth::CALLBACK - kakao param=:: state=/ko/pr/view?idx=76
DEBUG - 2022-09-23 05:35:26 --> =================== DL_auth-> oauth::CALLBACK - kakao param=:: code=XBFsdV5LBGtjEMRbZmj82igxRHMqdimipr-BOfSi01z9ZxsQ-3NHgEe4IdGuEgs7La1yTQopb1UAAAGDZumOnw
DEBUG - 2022-09-23 05:35:26 --> =================== DL_auth -> kakao oauth :2: code=XBFsdV5LBGtjEMRbZmj82igxRHMqdimipr-BOfSi01z9ZxsQ-3NHgEe4IdGuEgs7La1yTQopb1UAAAGDZumOnw
DEBUG - 2022-09-23 05:35:26 --> ====================Dl_auth -> kakao_login :: 시작
DEBUG - 2022-09-23 05:35:26 --> --------------------Dl_auth::kakao_login - 1.토큰요청 시작
DEBUG - 2022-09-23 05:35:26 --> Dl_auth::kakao_login - get_token 시작 n=2
DEBUG - 2022-09-23 05:35:26 --> --------------------Dl_auth::kakao_login - 1.2.토큰요청 시작 -> 기타브라우저
DEBUG - 2022-09-23 05:35:26 --> --------------------Dl_auth::kakao_login - 1.3.토큰요청
DEBUG - 2022-09-23 05:35:26 --> --------------------Dl_auth::kakao_login - 1.4.토큰요청 -> 성공
DEBUG - 2022-09-23 05:35:26 --> UTF-8 Support Enabled
DEBUG - 2022-09-23 05:35:26 --> Global POST, GET and COOKIE data sanitized
DEBUG - 2022-09-23 05:35:26 --> Config file loaded: /hwonpark/www/application/config/tree.php
DEBUG - 2022-09-23 05:35:26 --> =================== DL_auth-> oauth::CALLBACK - 시작
DEBUG - 2022-09-23 05:35:26 --> =================== DL_auth-> oauth::CALLBACK - kakao param=:: error=
DEBUG - 2022-09-23 05:35:26 --> =================== DL_auth-> oauth::CALLBACK - kakao param=:: state=/ko/pr/view?idx=76
DEBUG - 2022-09-23 05:35:26 --> =================== DL_auth-> oauth::CALLBACK - kakao param=:: code=XBFsdV5LBGtjEMRbZmj82igxRHMqdimipr-BOfSi01z9ZxsQ-3NHgEe4IdGuEgs7La1yTQopb1UAAAGDZumOnw
DEBUG - 2022-09-23 05:35:26 --> =================== DL_auth -> kakao oauth :2: code=XBFsdV5LBGtjEMRbZmj82igxRHMqdimipr-BOfSi01z9ZxsQ-3NHgEe4IdGuEgs7La1yTQopb1UAAAGDZumOnw
DEBUG - 2022-09-23 05:35:26 --> ====================Dl_auth -> kakao_login :: 시작
DEBUG - 2022-09-23 05:35:26 --> ====================Dl_auth::kakao_login - 1.3.5- 사이트 회원정보 업데이트 성공(카카오 인증 완료) state=/ko/pr/view?idx=76
DEBUG - 2022-09-23 05:35:26 --> UTF-8 Support Enabled
DEBUG - 2022-09-23 05:35:26 --> Global POST, GET and COOKIE data sanitized
DEBUG - 2022-09-23 05:35:26 --> Config file loaded: /hwonpark/www/application/config/tree.php
DEBUG - 2022-09-23 05:35:26 --> Encryption: Auto-configured driver 'openssl'.
DEBUG - 2022-09-23 05:35:26 --> --------------------DC_common::chk_perm - 1.인가코드요청 시작 -> if 인앱브라우저
DEBUG - 2022-09-23 05:35:26 --> Total execution time: 0.0793
DEBUG - 2022-09-23 07:19:43 --> UTF-8 Support Enabled
DEBUG - 2022-09-23 07:19:43 --> Global POST, GET and COOKIE data sanitized
DEBUG - 2022-09-23 07:19:43 --> Config file loaded: /hwonpark/www/application/config/tree.php
DEBUG - 2022-09-23 07:19:43 --> --------------------DC_common::chk_perm - 1.인가코드요청 시작 -> if 인앱브라우저
DEBUG - 2022-09-23 07:19:44 --> UTF-8 Support Enabled
DEBUG - 2022-09-23 07:19:44 --> Global POST, GET and COOKIE data sanitized
ERROR - 2022-09-23 07:19:44 --> 404 Page Not Found: Faviconico/index
DEBUG - 2022-09-23 07:19:49 --> UTF-8 Support Enabled
DEBUG - 2022-09-23 07:19:49 --> Global POST, GET and COOKIE data sanitized
DEBUG - 2022-09-23 07:19:49 --> Config file loaded: /hwonpark/www/application/config/tree.php
DEBUG - 2022-09-23 07:19:49 --> =================== DL_auth-> oauth::CALLBACK - 시작
DEBUG - 2022-09-23 07:19:49 --> =================== DL_auth-> oauth::CALLBACK - kakao param=:: error=
DEBUG - 2022-09-23 07:19:49 --> =================== DL_auth-> oauth::CALLBACK - kakao param=:: state=/ko/pr/view?idx=76
DEBUG - 2022-09-23 07:19:49 --> =================== DL_auth-> oauth::CALLBACK - kakao param=:: code=fSJK2GAtS9wed6XTVMdP1KsJvRKAMMSIaAjOS_9TZWphSZ_8c0a5Kokv57lR7nfG7_u-zwopb7kAAAGDZ0khQA
DEBUG - 2022-09-23 07:19:49 --> =================== DL_auth -> kakao oauth :2: code=fSJK2GAtS9wed6XTVMdP1KsJvRKAMMSIaAjOS_9TZWphSZ_8c0a5Kokv57lR7nfG7_u-zwopb7kAAAGDZ0khQA
DEBUG - 2022-09-23 07:19:49 --> ====================Dl_auth -> kakao_login :: 시작
DEBUG - 2022-09-23 07:19:49 --> --------------------Dl_auth::kakao_login - 1.토큰요청 시작
DEBUG - 2022-09-23 07:19:49 --> Dl_auth::kakao_login - get_token 시작 n=2
DEBUG - 2022-09-23 07:19:49 --> --------------------Dl_auth::kakao_login - 1.2.토큰요청 시작 -> 기타브라우저
DEBUG - 2022-09-23 07:19:49 --> --------------------Dl_auth::kakao_login - 1.3.토큰요청
DEBUG - 2022-09-23 07:19:49 --> --------------------Dl_auth::kakao_login - 1.4.토큰요청 -> 성공
DEBUG - 2022-09-23 07:19:49 --> UTF-8 Support Enabled
DEBUG - 2022-09-23 07:19:49 --> Global POST, GET and COOKIE data sanitized
DEBUG - 2022-09-23 07:19:49 --> Config file loaded: /hwonpark/www/application/config/tree.php
DEBUG - 2022-09-23 07:19:49 --> =================== DL_auth-> oauth::CALLBACK - 시작
DEBUG - 2022-09-23 07:19:49 --> =================== DL_auth-> oauth::CALLBACK - kakao param=:: error=
DEBUG - 2022-09-23 07:19:49 --> =================== DL_auth-> oauth::CALLBACK - kakao param=:: state=/ko/pr/view?idx=76
DEBUG - 2022-09-23 07:19:49 --> =================== DL_auth-> oauth::CALLBACK - kakao param=:: code=fSJK2GAtS9wed6XTVMdP1KsJvRKAMMSIaAjOS_9TZWphSZ_8c0a5Kokv57lR7nfG7_u-zwopb7kAAAGDZ0khQA
DEBUG - 2022-09-23 07:19:49 --> =================== DL_auth -> kakao oauth :2: code=fSJK2GAtS9wed6XTVMdP1KsJvRKAMMSIaAjOS_9TZWphSZ_8c0a5Kokv57lR7nfG7_u-zwopb7kAAAGDZ0khQA
DEBUG - 2022-09-23 07:19:49 --> ====================Dl_auth -> kakao_login :: 시작
DEBUG - 2022-09-23 07:19:51 --> UTF-8 Support Enabled
DEBUG - 2022-09-23 07:19:51 --> Global POST, GET and COOKIE data sanitized
DEBUG - 2022-09-23 07:19:51 --> Config file loaded: /hwonpark/www/application/config/tree.php
DEBUG - 2022-09-23 07:19:51 --> Total execution time: 0.0474
DEBUG - 2022-09-23 07:20:07 --> UTF-8 Support Enabled
DEBUG - 2022-09-23 07:20:07 --> Global POST, GET and COOKIE data sanitized
DEBUG - 2022-09-23 07:20:07 --> Session class already loaded. Second attempt ignored.
DEBUG - 2022-09-23 07:20:07 --> Total execution time: 0.0150
DEBUG - 2022-09-23 07:20:07 --> UTF-8 Support Enabled
DEBUG - 2022-09-23 07:20:07 --> Global POST, GET and COOKIE data sanitized
DEBUG - 2022-09-23 07:20:07 --> Config file loaded: /hwonpark/www/application/config/tree.php
DEBUG - 2022-09-23 07:20:07 --> =================== DL_auth-> oauth::CALLBACK - 시작
DEBUG - 2022-09-23 07:20:07 --> =================== DL_auth-> oauth::CALLBACK - kakao param=:: error=
DEBUG - 2022-09-23 07:20:07 --> =================== DL_auth-> oauth::CALLBACK - kakao param=:: state=
DEBUG - 2022-09-23 07:20:07 --> =================== DL_auth-> oauth::CALLBACK - kakao param=:: code=26lKP3tZSdche3cwW--PleB2hhHPX9oioy3WYl25xx9DN3cQ_S50AdceAfCHZ2xlEXa1KwopcFAAAAGDZ0lnYg
DEBUG - 2022-09-23 07:20:07 --> =================== DL_auth -> kakao oauth :2: code=26lKP3tZSdche3cwW--PleB2hhHPX9oioy3WYl25xx9DN3cQ_S50AdceAfCHZ2xlEXa1KwopcFAAAAGDZ0lnYg
DEBUG - 2022-09-23 07:20:07 --> ====================Dl_auth -> kakao_login :: 시작
DEBUG - 2022-09-23 07:20:07 --> UTF-8 Support Enabled
DEBUG - 2022-09-23 07:20:07 --> Global POST, GET and COOKIE data sanitized
DEBUG - 2022-09-23 07:20:07 --> Config file loaded: /hwonpark/www/application/config/tree.php
DEBUG - 2022-09-23 07:20:07 --> =================== DL_auth -> joinForm :: 시작
DEBUG - 2022-09-23 07:20:07 --> =================== DL_auth -> joinForm :: 끝
DEBUG - 2022-09-23 07:20:07 --> Total execution time: 0.0392
DEBUG - 2022-09-23 07:20:22 --> UTF-8 Support Enabled
DEBUG - 2022-09-23 07:20:22 --> Global POST, GET and COOKIE data sanitized
DEBUG - 2022-09-23 07:20:22 --> Config file loaded: /hwonpark/www/application/config/tree.php
DEBUG - 2022-09-23 07:20:22 --> ====================Dl_auth -> signup :: 시작
DEBUG - 2022-09-23 07:20:22 --> Encryption: Auto-configured driver 'openssl'.
DEBUG - 2022-09-23 07:20:24 --> UTF-8 Support Enabled
DEBUG - 2022-09-23 07:20:24 --> No URI present. Default controller set.
DEBUG - 2022-09-23 07:20:24 --> Global POST, GET and COOKIE data sanitized
DEBUG - 2022-09-23 07:20:24 --> Config file loaded: /hwonpark/www/application/config/tree.php
DEBUG - 2022-09-23 07:20:24 --> Encryption: Auto-configured driver 'openssl'.
DEBUG - 2022-09-23 07:20:24 --> Total execution time: 0.0527
DEBUG - 2022-09-23 07:20:30 --> UTF-8 Support Enabled
DEBUG - 2022-09-23 07:20:30 --> Global POST, GET and COOKIE data sanitized
DEBUG - 2022-09-23 07:20:30 --> Config file loaded: /hwonpark/www/application/config/tree.php
DEBUG - 2022-09-23 07:20:30 --> Encryption: Auto-configured driver 'openssl'.
DEBUG - 2022-09-23 07:20:30 --> =================== DL_auth -> joinForm :: 시작
DEBUG - 2022-09-23 07:20:30 --> =================== DL_auth -> joinForm :: 끝
DEBUG - 2022-09-23 07:20:30 --> Total execution time: 0.0414
DEBUG - 2022-09-23 07:20:31 --> UTF-8 Support Enabled
DEBUG - 2022-09-23 07:20:31 --> Global POST, GET and COOKIE data sanitized
DEBUG - 2022-09-23 07:20:32 --> Config file loaded: /hwonpark/www/application/config/tree.php
DEBUG - 2022-09-23 07:20:32 --> Encryption: Auto-configured driver 'openssl'.
DEBUG - 2022-09-23 07:20:33 --> UTF-8 Support Enabled
DEBUG - 2022-09-23 07:20:33 --> No URI present. Default controller set.
DEBUG - 2022-09-23 07:20:33 --> Global POST, GET and COOKIE data sanitized
DEBUG - 2022-09-23 07:20:33 --> Config file loaded: /hwonpark/www/application/config/tree.php
DEBUG - 2022-09-23 07:20:33 --> Encryption: Auto-configured driver 'openssl'.
DEBUG - 2022-09-23 07:20:33 --> Total execution time: 0.0288
DEBUG - 2022-09-23 07:20:34 --> UTF-8 Support Enabled
DEBUG - 2022-09-23 07:20:34 --> Global POST, GET and COOKIE data sanitized
DEBUG - 2022-09-23 07:20:34 --> Config file loaded: /hwonpark/www/application/config/tree.php
DEBUG - 2022-09-23 07:20:34 --> Encryption: Auto-configured driver 'openssl'.
DEBUG - 2022-09-23 07:20:34 --> =================== DL_auth-> oauth::CALLBACK - 시작
DEBUG - 2022-09-23 07:20:34 --> =================== DL_auth-> oauth::CALLBACK - kakao param=:: error=
DEBUG - 2022-09-23 07:20:34 --> =================== DL_auth-> oauth::CALLBACK - kakao param=:: state=/ko/pr/view?idx=76
DEBUG - 2022-09-23 07:20:34 --> =================== DL_auth-> oauth::CALLBACK - kakao param=:: code=8l_ibn1fUamzi4_rsN0cD4uVHKhtONb6Of5QHuzqsqiRBb61GNR4eLGAA58uHfEor0opNwopcFAAAAGDZ0nQkw
DEBUG - 2022-09-23 07:20:34 --> =================== DL_auth -> kakao oauth :2: code=8l_ibn1fUamzi4_rsN0cD4uVHKhtONb6Of5QHuzqsqiRBb61GNR4eLGAA58uHfEor0opNwopcFAAAAGDZ0nQkw
DEBUG - 2022-09-23 07:20:34 --> ====================Dl_auth -> kakao_login :: 시작
DEBUG - 2022-09-23 07:20:34 --> UTF-8 Support Enabled
DEBUG - 2022-09-23 07:20:34 --> Global POST, GET and COOKIE data sanitized
DEBUG - 2022-09-23 07:20:34 --> ====================Dl_auth::kakao_login - 1.3.5- 사이트 회원정보 업데이트 성공(카카오 인증 완료) state=/ko/pr/view?idx=76
DEBUG - 2022-09-23 07:20:34 --> Config file loaded: /hwonpark/www/application/config/tree.php
DEBUG - 2022-09-23 07:20:34 --> --------------------DC_common::chk_perm - 1.인가코드요청 시작 -> if 인앱브라우저
DEBUG - 2022-09-23 07:20:34 --> UTF-8 Support Enabled
DEBUG - 2022-09-23 07:20:34 --> Global POST, GET and COOKIE data sanitized
DEBUG - 2022-09-23 07:20:34 --> Config file loaded: /hwonpark/www/application/config/tree.php
DEBUG - 2022-09-23 07:20:34 --> =================== DL_auth-> oauth::CALLBACK - 시작
DEBUG - 2022-09-23 07:20:34 --> =================== DL_auth-> oauth::CALLBACK - kakao param=:: error=
DEBUG - 2022-09-23 07:20:34 --> =================== DL_auth-> oauth::CALLBACK - kakao param=:: state=/ko/pr/view?idx=76
DEBUG - 2022-09-23 07:20:34 --> =================== DL_auth-> oauth::CALLBACK - kakao param=:: code=sYuH-6MtU2IaahjXicDOaHtWTfuMTpD2Ddt8rdU_GivrkMz_wdDD0Ona29TarI5KXADKfwopcFAAAAGDZ0nRsQ
DEBUG - 2022-09-23 07:20:34 --> =================== DL_auth -> kakao oauth :2: code=sYuH-6MtU2IaahjXicDOaHtWTfuMTpD2Ddt8rdU_GivrkMz_wdDD0Ona29TarI5KXADKfwopcFAAAAGDZ0nRsQ
DEBUG - 2022-09-23 07:20:34 --> ====================Dl_auth -> kakao_login :: 시작
DEBUG - 2022-09-23 07:20:34 --> --------------------Dl_auth::kakao_login - 1.토큰요청 시작
DEBUG - 2022-09-23 07:20:34 --> Dl_auth::kakao_login - get_token 시작 n=2
DEBUG - 2022-09-23 07:20:34 --> --------------------Dl_auth::kakao_login - 1.2.토큰요청 시작 -> 기타브라우저
DEBUG - 2022-09-23 07:20:34 --> --------------------Dl_auth::kakao_login - 1.3.토큰요청
DEBUG - 2022-09-23 07:20:34 --> --------------------Dl_auth::kakao_login - 1.4.토큰요청 -> 성공
DEBUG - 2022-09-23 07:20:34 --> UTF-8 Support Enabled
DEBUG - 2022-09-23 07:20:34 --> Global POST, GET and COOKIE data sanitized
DEBUG - 2022-09-23 07:20:34 --> Config file loaded: /hwonpark/www/application/config/tree.php
DEBUG - 2022-09-23 07:20:34 --> =================== DL_auth-> oauth::CALLBACK - 시작
DEBUG - 2022-09-23 07:20:34 --> =================== DL_auth-> oauth::CALLBACK - kakao param=:: error=
DEBUG - 2022-09-23 07:20:34 --> =================== DL_auth-> oauth::CALLBACK - kakao param=:: state=/ko/pr/view?idx=76
DEBUG - 2022-09-23 07:20:34 --> =================== DL_auth-> oauth::CALLBACK - kakao param=:: code=sYuH-6MtU2IaahjXicDOaHtWTfuMTpD2Ddt8rdU_GivrkMz_wdDD0Ona29TarI5KXADKfwopcFAAAAGDZ0nRsQ
DEBUG - 2022-09-23 07:20:34 --> =================== DL_auth -> kakao oauth :2: code=sYuH-6MtU2IaahjXicDOaHtWTfuMTpD2Ddt8rdU_GivrkMz_wdDD0Ona29TarI5KXADKfwopcFAAAAGDZ0nRsQ
DEBUG - 2022-09-23 07:20:34 --> ====================Dl_auth -> kakao_login :: 시작
DEBUG - 2022-09-23 07:20:37 --> UTF-8 Support Enabled
DEBUG - 2022-09-23 07:20:37 --> Global POST, GET and COOKIE data sanitized
DEBUG - 2022-09-23 07:20:37 --> Config file loaded: /hwonpark/www/application/config/tree.php
DEBUG - 2022-09-23 07:20:37 --> Encryption: Auto-configured driver 'openssl'.
DEBUG - 2022-09-23 07:20:39 --> UTF-8 Support Enabled
DEBUG - 2022-09-23 07:20:39 --> No URI present. Default controller set.
DEBUG - 2022-09-23 07:20:39 --> Global POST, GET and COOKIE data sanitized
DEBUG - 2022-09-23 07:20:39 --> Config file loaded: /hwonpark/www/application/config/tree.php
DEBUG - 2022-09-23 07:20:39 --> Encryption: Auto-configured driver 'openssl'.
DEBUG - 2022-09-23 07:20:39 --> Total execution time: 0.0285
DEBUG - 2022-09-23 08:22:29 --> UTF-8 Support Enabled
DEBUG - 2022-09-23 08:22:29 --> Global POST, GET and COOKIE data sanitized
DEBUG - 2022-09-23 08:22:29 --> Config file loaded: /hwonpark/www/application/config/tree.php
DEBUG - 2022-09-23 08:22:29 --> --------------------DC_common::chk_perm - 1.인가코드요청 시작 -> if 인앱브라우저
DEBUG - 2022-09-23 08:22:31 --> UTF-8 Support Enabled
DEBUG - 2022-09-23 08:22:31 --> Global POST, GET and COOKIE data sanitized
ERROR - 2022-09-23 08:22:31 --> 404 Page Not Found: Faviconico/index
DEBUG - 2022-09-23 08:22:33 --> UTF-8 Support Enabled
DEBUG - 2022-09-23 08:22:33 --> Global POST, GET and COOKIE data sanitized
DEBUG - 2022-09-23 08:22:33 --> Config file loaded: /hwonpark/www/application/config/tree.php
DEBUG - 2022-09-23 08:22:33 --> =================== DL_auth-> oauth::CALLBACK - 시작
DEBUG - 2022-09-23 08:22:33 --> =================== DL_auth-> oauth::CALLBACK - kakao param=:: error=
DEBUG - 2022-09-23 08:22:33 --> =================== DL_auth-> oauth::CALLBACK - kakao param=:: state=/ko/pr/view?idx=76
DEBUG - 2022-09-23 08:22:33 --> =================== DL_auth-> oauth::CALLBACK - kakao param=:: code=iOc3Gc1394LN0YfuCVzKf-PJs-BQYJaSoVm349j79NE6UlN-K9zddjZZFR9yz8FvAaTobwo9dBEAAAGDZ4KNjQ
DEBUG - 2022-09-23 08:22:33 --> =================== DL_auth -> kakao oauth :2: code=iOc3Gc1394LN0YfuCVzKf-PJs-BQYJaSoVm349j79NE6UlN-K9zddjZZFR9yz8FvAaTobwo9dBEAAAGDZ4KNjQ
DEBUG - 2022-09-23 08:22:33 --> ====================Dl_auth -> kakao_login :: 시작
DEBUG - 2022-09-23 08:22:33 --> --------------------Dl_auth::kakao_login - 1.토큰요청 시작
DEBUG - 2022-09-23 08:22:33 --> Dl_auth::kakao_login - get_token 시작 n=2
DEBUG - 2022-09-23 08:22:33 --> --------------------Dl_auth::kakao_login - 1.2.토큰요청 시작 -> 기타브라우저
DEBUG - 2022-09-23 08:22:33 --> --------------------Dl_auth::kakao_login - 1.3.토큰요청
DEBUG - 2022-09-23 08:22:33 --> --------------------Dl_auth::kakao_login - 1.4.토큰요청 -> 성공
DEBUG - 2022-09-23 08:22:33 --> UTF-8 Support Enabled
DEBUG - 2022-09-23 08:22:33 --> Global POST, GET and COOKIE data sanitized
DEBUG - 2022-09-23 08:22:33 --> Config file loaded: /hwonpark/www/application/config/tree.php
DEBUG - 2022-09-23 08:22:33 --> =================== DL_auth-> oauth::CALLBACK - 시작
DEBUG - 2022-09-23 08:22:33 --> =================== DL_auth-> oauth::CALLBACK - kakao param=:: error=
DEBUG - 2022-09-23 08:22:33 --> =================== DL_auth-> oauth::CALLBACK - kakao param=:: state=/ko/pr/view?idx=76
DEBUG - 2022-09-23 08:22:33 --> =================== DL_auth-> oauth::CALLBACK - kakao param=:: code=iOc3Gc1394LN0YfuCVzKf-PJs-BQYJaSoVm349j79NE6UlN-K9zddjZZFR9yz8FvAaTobwo9dBEAAAGDZ4KNjQ
DEBUG - 2022-09-23 08:22:33 --> =================== DL_auth -> kakao oauth :2: code=iOc3Gc1394LN0YfuCVzKf-PJs-BQYJaSoVm349j79NE6UlN-K9zddjZZFR9yz8FvAaTobwo9dBEAAAGDZ4KNjQ
DEBUG - 2022-09-23 08:22:33 --> ====================Dl_auth -> kakao_login :: 시작
DEBUG - 2022-09-23 08:22:33 --> ====================Dl_auth::kakao_login - 1.3.5- 사이트 회원정보 업데이트 성공(카카오 인증 완료) state=/ko/pr/view?idx=76
DEBUG - 2022-09-23 08:22:33 --> UTF-8 Support Enabled
DEBUG - 2022-09-23 08:22:33 --> Global POST, GET and COOKIE data sanitized
DEBUG - 2022-09-23 08:22:33 --> Config file loaded: /hwonpark/www/application/config/tree.php
DEBUG - 2022-09-23 08:22:33 --> Encryption: Auto-configured driver 'openssl'.
DEBUG - 2022-09-23 08:22:33 --> --------------------DC_common::chk_perm - 1.인가코드요청 시작 -> if 인앱브라우저
DEBUG - 2022-09-23 08:22:33 --> Total execution time: 0.0919
DEBUG - 2022-09-23 09:18:00 --> UTF-8 Support Enabled
DEBUG - 2022-09-23 09:18:00 --> No URI present. Default controller set.
DEBUG - 2022-09-23 09:18:00 --> Global POST, GET and COOKIE data sanitized
DEBUG - 2022-09-23 09:18:00 --> Config file loaded: /hwonpark/www/application/config/tree.php
DEBUG - 2022-09-23 09:18:00 --> Total execution time: 0.0444
DEBUG - 2022-09-23 09:18:02 --> UTF-8 Support Enabled
DEBUG - 2022-09-23 09:18:02 --> Global POST, GET and COOKIE data sanitized
ERROR - 2022-09-23 09:18:02 --> 404 Page Not Found: Faviconico/index
DEBUG - 2022-09-23 09:21:45 --> UTF-8 Support Enabled
DEBUG - 2022-09-23 09:21:45 --> No URI present. Default controller set.
DEBUG - 2022-09-23 09:21:45 --> Global POST, GET and COOKIE data sanitized
DEBUG - 2022-09-23 09:21:45 --> Config file loaded: /hwonpark/www/application/config/tree.php
DEBUG - 2022-09-23 09:21:45 --> Total execution time: 0.0582
DEBUG - 2022-09-23 09:22:18 --> UTF-8 Support Enabled
DEBUG - 2022-09-23 09:22:18 --> Global POST, GET and COOKIE data sanitized
ERROR - 2022-09-23 09:22:18 --> 404 Page Not Found: Faviconico/index
DEBUG - 2022-09-23 09:22:53 --> UTF-8 Support Enabled
DEBUG - 2022-09-23 09:22:53 --> Global POST, GET and COOKIE data sanitized
DEBUG - 2022-09-23 09:22:53 --> Config file loaded: /hwonpark/www/application/config/tree.php
DEBUG - 2022-09-23 09:22:53 --> Total execution time: 0.0938
DEBUG - 2022-09-23 09:23:20 --> UTF-8 Support Enabled
DEBUG - 2022-09-23 09:23:20 --> Global POST, GET and COOKIE data sanitized
DEBUG - 2022-09-23 09:23:20 --> Config file loaded: /hwonpark/www/application/config/tree.php
DEBUG - 2022-09-23 09:23:20 --> Total execution time: 0.0350
DEBUG - 2022-09-23 09:23:26 --> UTF-8 Support Enabled
DEBUG - 2022-09-23 09:23:26 --> Global POST, GET and COOKIE data sanitized
DEBUG - 2022-09-23 09:23:26 --> Config file loaded: /hwonpark/www/application/config/tree.php
DEBUG - 2022-09-23 09:23:26 --> Total execution time: 0.0669
DEBUG - 2022-09-23 09:23:33 --> UTF-8 Support Enabled
DEBUG - 2022-09-23 09:23:33 --> Global POST, GET and COOKIE data sanitized
DEBUG - 2022-09-23 09:23:33 --> Config file loaded: /hwonpark/www/application/config/tree.php
DEBUG - 2022-09-23 09:23:33 --> Total execution time: 0.0306
DEBUG - 2022-09-23 09:23:35 --> UTF-8 Support Enabled
DEBUG - 2022-09-23 09:23:35 --> Global POST, GET and COOKIE data sanitized
DEBUG - 2022-09-23 09:23:35 --> Config file loaded: /hwonpark/www/application/config/tree.php
DEBUG - 2022-09-23 09:23:35 --> Total execution time: 0.0380
DEBUG - 2022-09-23 09:24:21 --> UTF-8 Support Enabled
DEBUG - 2022-09-23 09:24:21 --> No URI present. Default controller set.
DEBUG - 2022-09-23 09:24:21 --> Global POST, GET and COOKIE data sanitized
DEBUG - 2022-09-23 09:24:21 --> Config file loaded: /hwonpark/www/application/config/tree.php
DEBUG - 2022-09-23 09:24:21 --> Total execution time: 0.0387
DEBUG - 2022-09-23 09:24:21 --> UTF-8 Support Enabled
DEBUG - 2022-09-23 09:24:21 --> Global POST, GET and COOKIE data sanitized
ERROR - 2022-09-23 09:24:21 --> 404 Page Not Found: Faviconico/index
DEBUG - 2022-09-23 09:25:13 --> UTF-8 Support Enabled
DEBUG - 2022-09-23 09:25:13 --> Global POST, GET and COOKIE data sanitized
DEBUG - 2022-09-23 09:25:13 --> Config file loaded: /hwonpark/www/application/config/tree.php
DEBUG - 2022-09-23 09:25:13 --> Total execution time: 0.0387
DEBUG - 2022-09-23 09:25:19 --> UTF-8 Support Enabled
DEBUG - 2022-09-23 09:25:19 --> Global POST, GET and COOKIE data sanitized
DEBUG - 2022-09-23 09:25:19 --> Config file loaded: /hwonpark/www/application/config/tree.php
DEBUG - 2022-09-23 09:25:20 --> UTF-8 Support Enabled
DEBUG - 2022-09-23 09:25:20 --> Global POST, GET and COOKIE data sanitized
DEBUG - 2022-09-23 09:25:20 --> Config file loaded: /hwonpark/www/application/config/tree.php
DEBUG - 2022-09-23 09:25:20 --> Encryption: Auto-configured driver 'openssl'.
DEBUG - 2022-09-23 09:25:20 --> UTF-8 Support Enabled
DEBUG - 2022-09-23 09:25:20 --> Global POST, GET and COOKIE data sanitized
DEBUG - 2022-09-23 09:25:20 --> Config file loaded: /hwonpark/www/application/config/tree.php
DEBUG - 2022-09-23 09:25:20 --> Encryption: Auto-configured driver 'openssl'.
DEBUG - 2022-09-23 09:25:20 --> Encryption class already loaded. Second attempt ignored.
DEBUG - 2022-09-23 09:25:20 --> Total execution time: 0.0545
DEBUG - 2022-09-23 09:25:22 --> UTF-8 Support Enabled
DEBUG - 2022-09-23 09:25:22 --> Global POST, GET and COOKIE data sanitized
DEBUG - 2022-09-23 09:25:22 --> Config file loaded: /hwonpark/www/application/config/tree.php
DEBUG - 2022-09-23 09:25:22 --> Encryption: Auto-configured driver 'openssl'.
DEBUG - 2022-09-23 09:25:22 --> Total execution time: 0.0715
DEBUG - 2022-09-23 09:25:23 --> UTF-8 Support Enabled
DEBUG - 2022-09-23 09:25:23 --> Global POST, GET and COOKIE data sanitized
DEBUG - 2022-09-23 09:25:23 --> Config file loaded: /hwonpark/www/application/config/tree.php
DEBUG - 2022-09-23 09:25:23 --> Encryption: Auto-configured driver 'openssl'.
DEBUG - 2022-09-23 09:25:23 --> Total execution time: 0.0605
DEBUG - 2022-09-23 09:25:24 --> UTF-8 Support Enabled
DEBUG - 2022-09-23 09:25:24 --> Global POST, GET and COOKIE data sanitized
DEBUG - 2022-09-23 09:25:24 --> Config file loaded: /hwonpark/www/application/config/tree.php
DEBUG - 2022-09-23 09:25:24 --> Encryption: Auto-configured driver 'openssl'.
DEBUG - 2022-09-23 09:25:24 --> Total execution time: 0.0349
DEBUG - 2022-09-23 09:25:26 --> UTF-8 Support Enabled
DEBUG - 2022-09-23 09:25:26 --> Global POST, GET and COOKIE data sanitized
DEBUG - 2022-09-23 09:25:26 --> Config file loaded: /hwonpark/www/application/config/tree.php
DEBUG - 2022-09-23 09:25:26 --> Encryption: Auto-configured driver 'openssl'.
DEBUG - 2022-09-23 09:25:26 --> Total execution time: 0.0732
DEBUG - 2022-09-23 09:25:30 --> UTF-8 Support Enabled
DEBUG - 2022-09-23 09:25:30 --> Global POST, GET and COOKIE data sanitized
DEBUG - 2022-09-23 09:25:30 --> Config file loaded: /hwonpark/www/application/config/tree.php
DEBUG - 2022-09-23 09:25:30 --> Encryption: Auto-configured driver 'openssl'.
DEBUG - 2022-09-23 09:25:30 --> Total execution time: 0.0494
DEBUG - 2022-09-23 09:25:32 --> UTF-8 Support Enabled
DEBUG - 2022-09-23 09:25:32 --> Global POST, GET and COOKIE data sanitized
DEBUG - 2022-09-23 09:25:32 --> Config file loaded: /hwonpark/www/application/config/tree.php
DEBUG - 2022-09-23 09:25:32 --> Encryption: Auto-configured driver 'openssl'.
DEBUG - 2022-09-23 09:25:32 --> Total execution time: 0.0595
DEBUG - 2022-09-23 09:27:06 --> UTF-8 Support Enabled
DEBUG - 2022-09-23 09:27:06 --> Global POST, GET and COOKIE data sanitized
DEBUG - 2022-09-23 09:27:06 --> Config file loaded: /hwonpark/www/application/config/tree.php
DEBUG - 2022-09-23 09:27:06 --> Encryption: Auto-configured driver 'openssl'.
ERROR - 2022-09-23 09:27:06 --> Could not find the language line "imglib_invalid_image"
ERROR - 2022-09-23 09:27:06 --> imglib_invalid_image
DEBUG - 2022-09-23 09:27:06 --> UTF-8 Support Enabled
DEBUG - 2022-09-23 09:27:06 --> Global POST, GET and COOKIE data sanitized
DEBUG - 2022-09-23 09:27:06 --> Config file loaded: /hwonpark/www/application/config/tree.php
DEBUG - 2022-09-23 09:27:06 --> Encryption: Auto-configured driver 'openssl'.
DEBUG - 2022-09-23 09:27:06 --> Total execution time: 0.0345
DEBUG - 2022-09-23 09:34:19 --> UTF-8 Support Enabled
DEBUG - 2022-09-23 09:34:19 --> Global POST, GET and COOKIE data sanitized
DEBUG - 2022-09-23 09:34:19 --> Config file loaded: /hwonpark/www/application/config/tree.php
DEBUG - 2022-09-23 09:34:19 --> Encryption: Auto-configured driver 'openssl'.
DEBUG - 2022-09-23 09:34:19 --> Total execution time: 0.0599
DEBUG - 2022-09-23 09:42:02 --> UTF-8 Support Enabled
DEBUG - 2022-09-23 09:42:02 --> Global POST, GET and COOKIE data sanitized
DEBUG - 2022-09-23 09:42:02 --> Config file loaded: /hwonpark/www/application/config/tree.php
DEBUG - 2022-09-23 09:42:02 --> --------------------DC_common::chk_perm - 1.인가코드요청 시작 -> if 인앱브라우저
DEBUG - 2022-09-23 09:42:03 --> UTF-8 Support Enabled
DEBUG - 2022-09-23 09:42:03 --> Global POST, GET and COOKIE data sanitized
ERROR - 2022-09-23 09:42:03 --> 404 Page Not Found: Faviconico/index
DEBUG - 2022-09-23 09:42:04 --> UTF-8 Support Enabled
DEBUG - 2022-09-23 09:42:04 --> Global POST, GET and COOKIE data sanitized
DEBUG - 2022-09-23 09:42:04 --> Config file loaded: /hwonpark/www/application/config/tree.php
DEBUG - 2022-09-23 09:42:04 --> =================== DL_auth-> oauth::CALLBACK - 시작
DEBUG - 2022-09-23 09:42:04 --> =================== DL_auth-> oauth::CALLBACK - kakao param=:: error=
DEBUG - 2022-09-23 09:42:04 --> =================== DL_auth-> oauth::CALLBACK - kakao param=:: state=/ko/pr/view?idx=76
DEBUG - 2022-09-23 09:42:04 --> =================== DL_auth-> oauth::CALLBACK - kakao param=:: code=YHmbe9likGAToigjBnEOtKab--C5F3i6YwwI0Y5rKcP0SaI9owSgzgU_Wkzn2icTZKfiUQo9dGgAAAGDZ8ta-g
DEBUG - 2022-09-23 09:42:04 --> =================== DL_auth -> kakao oauth :2: code=YHmbe9likGAToigjBnEOtKab--C5F3i6YwwI0Y5rKcP0SaI9owSgzgU_Wkzn2icTZKfiUQo9dGgAAAGDZ8ta-g
DEBUG - 2022-09-23 09:42:04 --> ====================Dl_auth -> kakao_login :: 시작
DEBUG - 2022-09-23 09:42:04 --> --------------------Dl_auth::kakao_login - 1.토큰요청 시작
DEBUG - 2022-09-23 09:42:04 --> Dl_auth::kakao_login - get_token 시작 n=2
DEBUG - 2022-09-23 09:42:04 --> --------------------Dl_auth::kakao_login - 1.2.토큰요청 시작 -> 기타브라우저
DEBUG - 2022-09-23 09:42:04 --> --------------------Dl_auth::kakao_login - 1.3.토큰요청
DEBUG - 2022-09-23 09:42:04 --> --------------------Dl_auth::kakao_login - 1.4.토큰요청 -> 성공
DEBUG - 2022-09-23 09:42:04 --> UTF-8 Support Enabled
DEBUG - 2022-09-23 09:42:04 --> Global POST, GET and COOKIE data sanitized
DEBUG - 2022-09-23 09:42:04 --> Config file loaded: /hwonpark/www/application/config/tree.php
DEBUG - 2022-09-23 09:42:04 --> =================== DL_auth-> oauth::CALLBACK - 시작
DEBUG - 2022-09-23 09:42:04 --> =================== DL_auth-> oauth::CALLBACK - kakao param=:: error=
DEBUG - 2022-09-23 09:42:04 --> =================== DL_auth-> oauth::CALLBACK - kakao param=:: state=/ko/pr/view?idx=76
DEBUG - 2022-09-23 09:42:04 --> =================== DL_auth-> oauth::CALLBACK - kakao param=:: code=YHmbe9likGAToigjBnEOtKab--C5F3i6YwwI0Y5rKcP0SaI9owSgzgU_Wkzn2icTZKfiUQo9dGgAAAGDZ8ta-g
DEBUG - 2022-09-23 09:42:04 --> =================== DL_auth -> kakao oauth :2: code=YHmbe9likGAToigjBnEOtKab--C5F3i6YwwI0Y5rKcP0SaI9owSgzgU_Wkzn2icTZKfiUQo9dGgAAAGDZ8ta-g
DEBUG - 2022-09-23 09:42:04 --> ====================Dl_auth -> kakao_login :: 시작
DEBUG - 2022-09-23 09:42:04 --> ====================Dl_auth::kakao_login - 1.3.5- 사이트 회원정보 업데이트 성공(카카오 인증 완료) state=/ko/pr/view?idx=76
DEBUG - 2022-09-23 09:42:04 --> UTF-8 Support Enabled
DEBUG - 2022-09-23 09:42:04 --> Global POST, GET and COOKIE data sanitized
DEBUG - 2022-09-23 09:42:04 --> Config file loaded: /hwonpark/www/application/config/tree.php
DEBUG - 2022-09-23 09:42:04 --> Encryption: Auto-configured driver 'openssl'.
DEBUG - 2022-09-23 09:42:04 --> --------------------DC_common::chk_perm - 1.인가코드요청 시작 -> if 인앱브라우저
DEBUG - 2022-09-23 09:42:04 --> Total execution time: 0.0474
DEBUG - 2022-09-23 09:42:18 --> UTF-8 Support Enabled
DEBUG - 2022-09-23 09:42:18 --> Global POST, GET and COOKIE data sanitized
DEBUG - 2022-09-23 09:42:18 --> Config file loaded: /hwonpark/www/application/config/tree.php
DEBUG - 2022-09-23 09:42:18 --> Encryption: Auto-configured driver 'openssl'.
DEBUG - 2022-09-23 09:42:19 --> UTF-8 Support Enabled
DEBUG - 2022-09-23 09:42:19 --> Global POST, GET and COOKIE data sanitized
DEBUG - 2022-09-23 09:42:19 --> Config file loaded: /hwonpark/www/application/config/tree.php
DEBUG - 2022-09-23 09:42:19 --> Encryption: Auto-configured driver 'openssl'.
DEBUG - 2022-09-23 09:43:23 --> UTF-8 Support Enabled
DEBUG - 2022-09-23 09:43:23 --> Global POST, GET and COOKIE data sanitized
DEBUG - 2022-09-23 09:43:23 --> Config file loaded: /hwonpark/www/application/config/tree.php
DEBUG - 2022-09-23 09:43:23 --> Encryption: Auto-configured driver 'openssl'.
DEBUG - 2022-09-23 09:43:23 --> --------------------DC_common::chk_perm - 1.인가코드요청 시작 -> if 인앱브라우저
DEBUG - 2022-09-23 09:43:23 --> Total execution time: 0.0518
DEBUG - 2022-09-23 09:45:32 --> UTF-8 Support Enabled
DEBUG - 2022-09-23 09:45:32 --> Global POST, GET and COOKIE data sanitized
DEBUG - 2022-09-23 09:45:32 --> Config file loaded: /hwonpark/www/application/config/tree.php
DEBUG - 2022-09-23 09:45:32 --> Total execution time: 0.0294
DEBUG - 2022-09-23 09:45:33 --> UTF-8 Support Enabled
DEBUG - 2022-09-23 09:45:33 --> Global POST, GET and COOKIE data sanitized
ERROR - 2022-09-23 09:45:33 --> 404 Page Not Found: Faviconico/index
DEBUG - 2022-09-23 09:45:34 --> UTF-8 Support Enabled
DEBUG - 2022-09-23 09:45:34 --> No URI present. Default controller set.
DEBUG - 2022-09-23 09:45:34 --> Global POST, GET and COOKIE data sanitized
DEBUG - 2022-09-23 09:45:34 --> Config file loaded: /hwonpark/www/application/config/tree.php
DEBUG - 2022-09-23 09:45:34 --> Total execution time: 0.0328
DEBUG - 2022-09-23 09:45:39 --> UTF-8 Support Enabled
DEBUG - 2022-09-23 09:45:39 --> No URI present. Default controller set.
DEBUG - 2022-09-23 09:45:39 --> Global POST, GET and COOKIE data sanitized
DEBUG - 2022-09-23 09:45:39 --> Config file loaded: /hwonpark/www/application/config/tree.php
DEBUG - 2022-09-23 09:45:39 --> Total execution time: 0.0495
DEBUG - 2022-09-23 09:59:20 --> UTF-8 Support Enabled
DEBUG - 2022-09-23 09:59:20 --> Global POST, GET and COOKIE data sanitized
DEBUG - 2022-09-23 09:59:20 --> Config file loaded: /hwonpark/www/application/config/tree.php
DEBUG - 2022-09-23 09:59:20 --> --------------------DC_common::chk_perm - 1.인가코드요청 시작 -> if 인앱브라우저
DEBUG - 2022-09-23 09:59:20 --> UTF-8 Support Enabled
DEBUG - 2022-09-23 09:59:20 --> Global POST, GET and COOKIE data sanitized
ERROR - 2022-09-23 09:59:20 --> 404 Page Not Found: Faviconico/index
DEBUG - 2022-09-23 09:59:21 --> UTF-8 Support Enabled
DEBUG - 2022-09-23 09:59:21 --> Global POST, GET and COOKIE data sanitized
DEBUG - 2022-09-23 09:59:21 --> Config file loaded: /hwonpark/www/application/config/tree.php
DEBUG - 2022-09-23 09:59:21 --> =================== DL_auth-> oauth::CALLBACK - 시작
DEBUG - 2022-09-23 09:59:21 --> =================== DL_auth-> oauth::CALLBACK - kakao param=:: error=
DEBUG - 2022-09-23 09:59:21 --> =================== DL_auth-> oauth::CALLBACK - kakao param=:: state=/ko/pr/view?idx=76
DEBUG - 2022-09-23 09:59:21 --> =================== DL_auth-> oauth::CALLBACK - kakao param=:: code=cwFwIOyI5T2gBhTUKetEHJr1wi2h3gcFITs0LY9lScMEyHBQ9vnQvyaTQPdrUuPGTqZXfwo9dNoAAAGDZ9sujw
DEBUG - 2022-09-23 09:59:21 --> =================== DL_auth -> kakao oauth :2: code=cwFwIOyI5T2gBhTUKetEHJr1wi2h3gcFITs0LY9lScMEyHBQ9vnQvyaTQPdrUuPGTqZXfwo9dNoAAAGDZ9sujw
DEBUG - 2022-09-23 09:59:21 --> ====================Dl_auth -> kakao_login :: 시작
DEBUG - 2022-09-23 09:59:21 --> --------------------Dl_auth::kakao_login - 1.토큰요청 시작
DEBUG - 2022-09-23 09:59:21 --> Dl_auth::kakao_login - get_token 시작 n=2
DEBUG - 2022-09-23 09:59:21 --> --------------------Dl_auth::kakao_login - 1.2.토큰요청 시작 -> 기타브라우저
DEBUG - 2022-09-23 09:59:21 --> --------------------Dl_auth::kakao_login - 1.3.토큰요청
DEBUG - 2022-09-23 09:59:21 --> --------------------Dl_auth::kakao_login - 1.4.토큰요청 -> 성공
DEBUG - 2022-09-23 09:59:21 --> UTF-8 Support Enabled
DEBUG - 2022-09-23 09:59:21 --> Global POST, GET and COOKIE data sanitized
DEBUG - 2022-09-23 09:59:21 --> Config file loaded: /hwonpark/www/application/config/tree.php
DEBUG - 2022-09-23 09:59:21 --> =================== DL_auth-> oauth::CALLBACK - 시작
DEBUG - 2022-09-23 09:59:21 --> =================== DL_auth-> oauth::CALLBACK - kakao param=:: error=
DEBUG - 2022-09-23 09:59:21 --> =================== DL_auth-> oauth::CALLBACK - kakao param=:: state=/ko/pr/view?idx=76
DEBUG - 2022-09-23 09:59:21 --> =================== DL_auth-> oauth::CALLBACK - kakao param=:: code=cwFwIOyI5T2gBhTUKetEHJr1wi2h3gcFITs0LY9lScMEyHBQ9vnQvyaTQPdrUuPGTqZXfwo9dNoAAAGDZ9sujw
DEBUG - 2022-09-23 09:59:21 --> =================== DL_auth -> kakao oauth :2: code=cwFwIOyI5T2gBhTUKetEHJr1wi2h3gcFITs0LY9lScMEyHBQ9vnQvyaTQPdrUuPGTqZXfwo9dNoAAAGDZ9sujw
DEBUG - 2022-09-23 09:59:21 --> ====================Dl_auth -> kakao_login :: 시작
DEBUG - 2022-09-23 09:59:21 --> ====================Dl_auth::kakao_login - 1.3.5- 사이트 회원정보 업데이트 성공(카카오 인증 완료) state=/ko/pr/view?idx=76
DEBUG - 2022-09-23 09:59:21 --> UTF-8 Support Enabled
DEBUG - 2022-09-23 09:59:21 --> Global POST, GET and COOKIE data sanitized
DEBUG - 2022-09-23 09:59:21 --> Config file loaded: /hwonpark/www/application/config/tree.php
DEBUG - 2022-09-23 09:59:21 --> Encryption: Auto-configured driver 'openssl'.
DEBUG - 2022-09-23 09:59:21 --> --------------------DC_common::chk_perm - 1.인가코드요청 시작 -> if 인앱브라우저
DEBUG - 2022-09-23 09:59:21 --> Total execution time: 0.0807
DEBUG - 2022-09-23 09:59:26 --> UTF-8 Support Enabled
DEBUG - 2022-09-23 09:59:26 --> Global POST, GET and COOKIE data sanitized
DEBUG - 2022-09-23 09:59:26 --> Config file loaded: /hwonpark/www/application/config/tree.php
DEBUG - 2022-09-23 09:59:26 --> Encryption: Auto-configured driver 'openssl'.
DEBUG - 2022-09-23 09:59:27 --> UTF-8 Support Enabled
DEBUG - 2022-09-23 09:59:27 --> Global POST, GET and COOKIE data sanitized
DEBUG - 2022-09-23 09:59:27 --> Config file loaded: /hwonpark/www/application/config/tree.php
DEBUG - 2022-09-23 09:59:27 --> Encryption: Auto-configured driver 'openssl'.
DEBUG - 2022-09-23 10:02:10 --> UTF-8 Support Enabled
DEBUG - 2022-09-23 10:02:10 --> Global POST, GET and COOKIE data sanitized
DEBUG - 2022-09-23 10:02:10 --> Config file loaded: /hwonpark/www/application/config/tree.php
DEBUG - 2022-09-23 10:02:10 --> --------------------DC_common::chk_perm - 1.인가코드요청 시작 -> if 인앱브라우저
DEBUG - 2022-09-23 10:03:59 --> UTF-8 Support Enabled
DEBUG - 2022-09-23 10:03:59 --> Global POST, GET and COOKIE data sanitized
DEBUG - 2022-09-23 10:03:59 --> Config file loaded: /hwonpark/www/application/config/tree.php
DEBUG - 2022-09-23 10:03:59 --> Encryption: Auto-configured driver 'openssl'.
DEBUG - 2022-09-23 10:03:59 --> --------------------DC_common::chk_perm - 1.인가코드요청 시작 -> if 인앱브라우저
DEBUG - 2022-09-23 10:03:59 --> Total execution time: 0.0612
DEBUG - 2022-09-23 10:04:10 --> UTF-8 Support Enabled
DEBUG - 2022-09-23 10:04:10 --> No URI present. Default controller set.
DEBUG - 2022-09-23 10:04:10 --> Global POST, GET and COOKIE data sanitized
DEBUG - 2022-09-23 10:04:10 --> Config file loaded: /hwonpark/www/application/config/tree.php
DEBUG - 2022-09-23 10:04:10 --> Total execution time: 0.0429
DEBUG - 2022-09-23 10:04:50 --> UTF-8 Support Enabled
DEBUG - 2022-09-23 10:04:50 --> No URI present. Default controller set.
DEBUG - 2022-09-23 10:04:50 --> Global POST, GET and COOKIE data sanitized
DEBUG - 2022-09-23 10:04:50 --> Config file loaded: /hwonpark/www/application/config/tree.php
DEBUG - 2022-09-23 10:04:50 --> Total execution time: 0.0307
DEBUG - 2022-09-23 10:04:50 --> UTF-8 Support Enabled
DEBUG - 2022-09-23 10:04:50 --> No URI present. Default controller set.
DEBUG - 2022-09-23 10:04:50 --> Global POST, GET and COOKIE data sanitized
DEBUG - 2022-09-23 10:04:50 --> Config file loaded: /hwonpark/www/application/config/tree.php
DEBUG - 2022-09-23 10:04:50 --> Total execution time: 0.0307
DEBUG - 2022-09-23 10:04:50 --> UTF-8 Support Enabled
DEBUG - 2022-09-23 10:04:50 --> No URI present. Default controller set.
DEBUG - 2022-09-23 10:04:50 --> Global POST, GET and COOKIE data sanitized
DEBUG - 2022-09-23 10:04:50 --> Config file loaded: /hwonpark/www/application/config/tree.php
DEBUG - 2022-09-23 10:04:50 --> Total execution time: 0.0289
DEBUG - 2022-09-23 10:04:50 --> UTF-8 Support Enabled
DEBUG - 2022-09-23 10:04:50 --> No URI present. Default controller set.
DEBUG - 2022-09-23 10:04:50 --> Global POST, GET and COOKIE data sanitized
DEBUG - 2022-09-23 10:04:50 --> Config file loaded: /hwonpark/www/application/config/tree.php
DEBUG - 2022-09-23 10:04:50 --> Total execution time: 0.0287
DEBUG - 2022-09-23 10:04:50 --> UTF-8 Support Enabled
DEBUG - 2022-09-23 10:04:50 --> No URI present. Default controller set.
DEBUG - 2022-09-23 10:04:50 --> Global POST, GET and COOKIE data sanitized
DEBUG - 2022-09-23 10:04:50 --> Config file loaded: /hwonpark/www/application/config/tree.php
DEBUG - 2022-09-23 10:04:50 --> Total execution time: 0.0305
DEBUG - 2022-09-23 10:04:50 --> UTF-8 Support Enabled
DEBUG - 2022-09-23 10:04:50 --> No URI present. Default controller set.
DEBUG - 2022-09-23 10:04:50 --> Global POST, GET and COOKIE data sanitized
DEBUG - 2022-09-23 10:04:50 --> Config file loaded: /hwonpark/www/application/config/tree.php
DEBUG - 2022-09-23 10:04:50 --> Total execution time: 0.0367
DEBUG - 2022-09-23 10:04:51 --> UTF-8 Support Enabled
DEBUG - 2022-09-23 10:04:51 --> No URI present. Default controller set.
DEBUG - 2022-09-23 10:04:51 --> Global POST, GET and COOKIE data sanitized
DEBUG - 2022-09-23 10:04:51 --> Config file loaded: /hwonpark/www/application/config/tree.php
DEBUG - 2022-09-23 10:04:51 --> Total execution time: 0.0307
DEBUG - 2022-09-23 10:04:51 --> UTF-8 Support Enabled
DEBUG - 2022-09-23 10:04:51 --> No URI present. Default controller set.
DEBUG - 2022-09-23 10:04:51 --> Global POST, GET and COOKIE data sanitized
DEBUG - 2022-09-23 10:04:51 --> Config file loaded: /hwonpark/www/application/config/tree.php
DEBUG - 2022-09-23 10:04:51 --> Total execution time: 0.0311
DEBUG - 2022-09-23 10:04:51 --> UTF-8 Support Enabled
DEBUG - 2022-09-23 10:04:51 --> No URI present. Default controller set.
DEBUG - 2022-09-23 10:04:51 --> Global POST, GET and COOKIE data sanitized
DEBUG - 2022-09-23 10:04:51 --> Config file loaded: /hwonpark/www/application/config/tree.php
DEBUG - 2022-09-23 10:04:51 --> Total execution time: 0.0304
DEBUG - 2022-09-23 10:04:51 --> UTF-8 Support Enabled
DEBUG - 2022-09-23 10:04:51 --> No URI present. Default controller set.
DEBUG - 2022-09-23 10:04:51 --> Global POST, GET and COOKIE data sanitized
DEBUG - 2022-09-23 10:04:51 --> Config file loaded: /hwonpark/www/application/config/tree.php
DEBUG - 2022-09-23 10:04:51 --> Total execution time: 0.0301
DEBUG - 2022-09-23 10:04:51 --> UTF-8 Support Enabled
DEBUG - 2022-09-23 10:04:51 --> No URI present. Default controller set.
DEBUG - 2022-09-23 10:04:51 --> Global POST, GET and COOKIE data sanitized
DEBUG - 2022-09-23 10:04:51 --> Config file loaded: /hwonpark/www/application/config/tree.php
DEBUG - 2022-09-23 10:04:51 --> Total execution time: 0.0301
DEBUG - 2022-09-23 10:04:51 --> UTF-8 Support Enabled
DEBUG - 2022-09-23 10:04:51 --> No URI present. Default controller set.
DEBUG - 2022-09-23 10:04:51 --> Global POST, GET and COOKIE data sanitized
DEBUG - 2022-09-23 10:04:51 --> Config file loaded: /hwonpark/www/application/config/tree.php
DEBUG - 2022-09-23 10:04:51 --> Total execution time: 0.0281
DEBUG - 2022-09-23 10:04:52 --> UTF-8 Support Enabled
DEBUG - 2022-09-23 10:04:52 --> No URI present. Default controller set.
DEBUG - 2022-09-23 10:04:52 --> Global POST, GET and COOKIE data sanitized
DEBUG - 2022-09-23 10:04:52 --> Config file loaded: /hwonpark/www/application/config/tree.php
DEBUG - 2022-09-23 10:04:52 --> Total execution time: 0.0300
DEBUG - 2022-09-23 10:04:52 --> UTF-8 Support Enabled
DEBUG - 2022-09-23 10:04:52 --> No URI present. Default controller set.
DEBUG - 2022-09-23 10:04:52 --> Global POST, GET and COOKIE data sanitized
DEBUG - 2022-09-23 10:04:52 --> Config file loaded: /hwonpark/www/application/config/tree.php
DEBUG - 2022-09-23 10:04:52 --> Total execution time: 0.0284
DEBUG - 2022-09-23 10:04:52 --> UTF-8 Support Enabled
DEBUG - 2022-09-23 10:04:52 --> No URI present. Default controller set.
DEBUG - 2022-09-23 10:04:52 --> Global POST, GET and COOKIE data sanitized
DEBUG - 2022-09-23 10:04:52 --> Config file loaded: /hwonpark/www/application/config/tree.php
DEBUG - 2022-09-23 10:04:52 --> Total execution time: 0.0286
DEBUG - 2022-09-23 10:04:59 --> UTF-8 Support Enabled
DEBUG - 2022-09-23 10:04:59 --> No URI present. Default controller set.
DEBUG - 2022-09-23 10:04:59 --> Global POST, GET and COOKIE data sanitized
DEBUG - 2022-09-23 10:04:59 --> Config file loaded: /hwonpark/www/application/config/tree.php
DEBUG - 2022-09-23 10:04:59 --> Total execution time: 0.0548
DEBUG - 2022-09-23 10:05:27 --> UTF-8 Support Enabled
DEBUG - 2022-09-23 10:05:27 --> No URI present. Default controller set.
DEBUG - 2022-09-23 10:05:27 --> Global POST, GET and COOKIE data sanitized
DEBUG - 2022-09-23 10:05:27 --> Config file loaded: /hwonpark/www/application/config/tree.php
DEBUG - 2022-09-23 10:05:27 --> Total execution time: 0.0574
DEBUG - 2022-09-23 10:05:28 --> UTF-8 Support Enabled
DEBUG - 2022-09-23 10:05:28 --> No URI present. Default controller set.
DEBUG - 2022-09-23 10:05:28 --> Global POST, GET and COOKIE data sanitized
DEBUG - 2022-09-23 10:05:28 --> Config file loaded: /hwonpark/www/application/config/tree.php
DEBUG - 2022-09-23 10:05:28 --> Total execution time: 0.0666
DEBUG - 2022-09-23 10:29:05 --> UTF-8 Support Enabled
DEBUG - 2022-09-23 10:29:05 --> No URI present. Default controller set.
DEBUG - 2022-09-23 10:29:05 --> Global POST, GET and COOKIE data sanitized
DEBUG - 2022-09-23 10:29:05 --> Config file loaded: /hwonpark/www/application/config/tree.php
DEBUG - 2022-09-23 10:29:06 --> Total execution time: 0.0440
DEBUG - 2022-09-23 10:29:10 --> UTF-8 Support Enabled
DEBUG - 2022-09-23 10:29:10 --> Global POST, GET and COOKIE data sanitized
ERROR - 2022-09-23 10:29:10 --> 404 Page Not Found: Faviconico/index
DEBUG - 2022-09-23 10:29:20 --> UTF-8 Support Enabled
DEBUG - 2022-09-23 10:29:20 --> Global POST, GET and COOKIE data sanitized
DEBUG - 2022-09-23 10:29:20 --> Config file loaded: /hwonpark/www/application/config/tree.php
DEBUG - 2022-09-23 10:29:20 --> Total execution time: 0.0480
DEBUG - 2022-09-23 10:29:23 --> UTF-8 Support Enabled
DEBUG - 2022-09-23 10:29:23 --> Global POST, GET and COOKIE data sanitized
DEBUG - 2022-09-23 10:29:23 --> Config file loaded: /hwonpark/www/application/config/tree.php
DEBUG - 2022-09-23 10:29:23 --> Total execution time: 0.0300
DEBUG - 2022-09-23 11:20:25 --> UTF-8 Support Enabled
DEBUG - 2022-09-23 11:20:25 --> No URI present. Default controller set.
DEBUG - 2022-09-23 11:20:25 --> Global POST, GET and COOKIE data sanitized
DEBUG - 2022-09-23 11:20:25 --> Config file loaded: /hwonpark/www/application/config/tree.php
DEBUG - 2022-09-23 11:20:25 --> Total execution time: 0.0326
DEBUG - 2022-09-23 11:20:26 --> UTF-8 Support Enabled
DEBUG - 2022-09-23 11:20:26 --> Global POST, GET and COOKIE data sanitized
ERROR - 2022-09-23 11:20:26 --> 404 Page Not Found: Faviconico/index
DEBUG - 2022-09-23 11:20:33 --> UTF-8 Support Enabled
DEBUG - 2022-09-23 11:20:33 --> Global POST, GET and COOKIE data sanitized
DEBUG - 2022-09-23 11:20:33 --> Config file loaded: /hwonpark/www/application/config/tree.php
DEBUG - 2022-09-23 11:20:33 --> Total execution time: 0.0350
DEBUG - 2022-09-23 11:20:36 --> UTF-8 Support Enabled
DEBUG - 2022-09-23 11:20:36 --> Global POST, GET and COOKIE data sanitized
DEBUG - 2022-09-23 11:20:36 --> Config file loaded: /hwonpark/www/application/config/tree.php
DEBUG - 2022-09-23 11:20:36 --> Total execution time: 0.0310
DEBUG - 2022-09-23 11:21:23 --> UTF-8 Support Enabled
DEBUG - 2022-09-23 11:21:23 --> Global POST, GET and COOKIE data sanitized
DEBUG - 2022-09-23 11:21:23 --> Config file loaded: /hwonpark/www/application/config/tree.php
DEBUG - 2022-09-23 11:21:23 --> =================== DL_auth-> oauth::CALLBACK - 시작
DEBUG - 2022-09-23 11:21:23 --> =================== DL_auth-> oauth::CALLBACK - kakao param=:: error=
DEBUG - 2022-09-23 11:21:23 --> =================== DL_auth-> oauth::CALLBACK - kakao param=:: state=
DEBUG - 2022-09-23 11:21:23 --> =================== DL_auth-> oauth::CALLBACK - kakao param=:: code=da1dfDL-ZjhyaHbn7d9JdchuS01uNUuxRxU1y93h1UdkQfCniOYG7JsqOYyC9uHFbgfOHQo9dRsAAAGDaCZLzA
DEBUG - 2022-09-23 11:21:23 --> =================== DL_auth -> kakao oauth :2: code=da1dfDL-ZjhyaHbn7d9JdchuS01uNUuxRxU1y93h1UdkQfCniOYG7JsqOYyC9uHFbgfOHQo9dRsAAAGDaCZLzA
DEBUG - 2022-09-23 11:21:23 --> ====================Dl_auth -> kakao_login :: 시작
DEBUG - 2022-09-23 11:21:23 --> --------------------Dl_auth::kakao_login - 1.토큰요청 시작
DEBUG - 2022-09-23 11:21:23 --> Dl_auth::kakao_login - get_token 시작 n=2
DEBUG - 2022-09-23 11:21:23 --> --------------------Dl_auth::kakao_login - 1.2.토큰요청 시작 -> 기타브라우저
DEBUG - 2022-09-23 11:21:23 --> --------------------Dl_auth::kakao_login - 1.3.토큰요청
DEBUG - 2022-09-23 11:21:23 --> --------------------Dl_auth::kakao_login - 1.4.토큰요청 -> 성공
DEBUG - 2022-09-23 11:21:23 --> UTF-8 Support Enabled
DEBUG - 2022-09-23 11:21:23 --> Global POST, GET and COOKIE data sanitized
DEBUG - 2022-09-23 11:21:23 --> Config file loaded: /hwonpark/www/application/config/tree.php
DEBUG - 2022-09-23 11:21:23 --> =================== DL_auth-> oauth::CALLBACK - 시작
DEBUG - 2022-09-23 11:21:23 --> =================== DL_auth-> oauth::CALLBACK - kakao param=:: error=
DEBUG - 2022-09-23 11:21:23 --> =================== DL_auth-> oauth::CALLBACK - kakao param=:: state=
DEBUG - 2022-09-23 11:21:23 --> =================== DL_auth-> oauth::CALLBACK - kakao param=:: code=da1dfDL-ZjhyaHbn7d9JdchuS01uNUuxRxU1y93h1UdkQfCniOYG7JsqOYyC9uHFbgfOHQo9dRsAAAGDaCZLzA
DEBUG - 2022-09-23 11:21:23 --> =================== DL_auth -> kakao oauth :2: code=da1dfDL-ZjhyaHbn7d9JdchuS01uNUuxRxU1y93h1UdkQfCniOYG7JsqOYyC9uHFbgfOHQo9dRsAAAGDaCZLzA
DEBUG - 2022-09-23 11:21:23 --> ====================Dl_auth -> kakao_login :: 시작
DEBUG - 2022-09-23 11:21:24 --> ====================Dl_auth::kakao_login - 1.3.5- 사이트 회원정보 업데이트 성공(카카오 인증 완료) state=
DEBUG - 2022-09-23 11:21:28 --> UTF-8 Support Enabled
DEBUG - 2022-09-23 11:21:28 --> Global POST, GET and COOKIE data sanitized
DEBUG - 2022-09-23 11:21:28 --> Config file loaded: /hwonpark/www/application/config/tree.php
DEBUG - 2022-09-23 11:21:28 --> Encryption: Auto-configured driver 'openssl'.
DEBUG - 2022-09-23 11:21:28 --> Total execution time: 0.0334
DEBUG - 2022-09-23 11:21:52 --> UTF-8 Support Enabled
DEBUG - 2022-09-23 11:21:52 --> Global POST, GET and COOKIE data sanitized
DEBUG - 2022-09-23 11:21:52 --> Config file loaded: /hwonpark/www/application/config/tree.php
DEBUG - 2022-09-23 11:21:52 --> Encryption: Auto-configured driver 'openssl'.
DEBUG - 2022-09-23 11:21:52 --> Total execution time: 0.0367
DEBUG - 2022-09-23 11:21:54 --> UTF-8 Support Enabled
DEBUG - 2022-09-23 11:21:54 --> Global POST, GET and COOKIE data sanitized
DEBUG - 2022-09-23 11:21:54 --> Config file loaded: /hwonpark/www/application/config/tree.php
DEBUG - 2022-09-23 11:21:54 --> Encryption: Auto-configured driver 'openssl'.
DEBUG - 2022-09-23 11:21:54 --> Total execution time: 0.0884
DEBUG - 2022-09-23 12:21:13 --> UTF-8 Support Enabled
DEBUG - 2022-09-23 12:21:13 --> No URI present. Default controller set.
DEBUG - 2022-09-23 12:21:13 --> Global POST, GET and COOKIE data sanitized
DEBUG - 2022-09-23 12:21:13 --> Config file loaded: /hwonpark/www/application/config/tree.php
DEBUG - 2022-09-23 12:21:13 --> Total execution time: 0.0616
DEBUG - 2022-09-23 13:02:40 --> UTF-8 Support Enabled
DEBUG - 2022-09-23 13:02:40 --> Global POST, GET and COOKIE data sanitized
DEBUG - 2022-09-23 13:02:40 --> Config file loaded: /hwonpark/www/application/config/tree.php
DEBUG - 2022-09-23 13:02:40 --> --------------------DC_common::chk_perm - 1.인가코드요청 시작 -> if 인앱브라우저
DEBUG - 2022-09-23 13:02:41 --> UTF-8 Support Enabled
DEBUG - 2022-09-23 13:02:41 --> Global POST, GET and COOKIE data sanitized
ERROR - 2022-09-23 13:02:41 --> 404 Page Not Found: Faviconico/index
DEBUG - 2022-09-23 13:02:41 --> UTF-8 Support Enabled
DEBUG - 2022-09-23 13:02:41 --> Global POST, GET and COOKIE data sanitized
DEBUG - 2022-09-23 13:02:41 --> Config file loaded: /hwonpark/www/application/config/tree.php
DEBUG - 2022-09-23 13:02:41 --> =================== DL_auth-> oauth::CALLBACK - 시작
DEBUG - 2022-09-23 13:02:41 --> =================== DL_auth-> oauth::CALLBACK - kakao param=:: error=
DEBUG - 2022-09-23 13:02:41 --> =================== DL_auth-> oauth::CALLBACK - kakao param=:: state=/ko/pr/view?idx=76
DEBUG - 2022-09-23 13:02:41 --> =================== DL_auth-> oauth::CALLBACK - kakao param=:: code=FcSI7N7uUftVvnVS8YwXLp9CfGH_kCfo-fRW8LvoZE8dMwBJbEF9y2EWvYhclbBBALo2RQo9cxgAAAGDaIMI9g
DEBUG - 2022-09-23 13:02:41 --> =================== DL_auth -> kakao oauth :2: code=FcSI7N7uUftVvnVS8YwXLp9CfGH_kCfo-fRW8LvoZE8dMwBJbEF9y2EWvYhclbBBALo2RQo9cxgAAAGDaIMI9g
DEBUG - 2022-09-23 13:02:41 --> ====================Dl_auth -> kakao_login :: 시작
DEBUG - 2022-09-23 13:02:41 --> --------------------Dl_auth::kakao_login - 1.토큰요청 시작
DEBUG - 2022-09-23 13:02:41 --> Dl_auth::kakao_login - get_token 시작 n=2
DEBUG - 2022-09-23 13:02:41 --> --------------------Dl_auth::kakao_login - 1.2.토큰요청 시작 -> 기타브라우저
DEBUG - 2022-09-23 13:02:41 --> --------------------Dl_auth::kakao_login - 1.3.토큰요청
DEBUG - 2022-09-23 13:02:41 --> --------------------Dl_auth::kakao_login - 1.4.토큰요청 -> 성공
DEBUG - 2022-09-23 13:02:41 --> UTF-8 Support Enabled
DEBUG - 2022-09-23 13:02:41 --> Global POST, GET and COOKIE data sanitized
DEBUG - 2022-09-23 13:02:41 --> Config file loaded: /hwonpark/www/application/config/tree.php
DEBUG - 2022-09-23 13:02:41 --> =================== DL_auth-> oauth::CALLBACK - 시작
DEBUG - 2022-09-23 13:02:41 --> =================== DL_auth-> oauth::CALLBACK - kakao param=:: error=
DEBUG - 2022-09-23 13:02:41 --> =================== DL_auth-> oauth::CALLBACK - kakao param=:: state=/ko/pr/view?idx=76
DEBUG - 2022-09-23 13:02:41 --> =================== DL_auth-> oauth::CALLBACK - kakao param=:: code=FcSI7N7uUftVvnVS8YwXLp9CfGH_kCfo-fRW8LvoZE8dMwBJbEF9y2EWvYhclbBBALo2RQo9cxgAAAGDaIMI9g
DEBUG - 2022-09-23 13:02:41 --> =================== DL_auth -> kakao oauth :2: code=FcSI7N7uUftVvnVS8YwXLp9CfGH_kCfo-fRW8LvoZE8dMwBJbEF9y2EWvYhclbBBALo2RQo9cxgAAAGDaIMI9g
DEBUG - 2022-09-23 13:02:41 --> ====================Dl_auth -> kakao_login :: 시작
DEBUG - 2022-09-23 13:02:41 --> ====================Dl_auth::kakao_login - 1.3.5- 사이트 회원정보 업데이트 성공(카카오 인증 완료) state=/ko/pr/view?idx=76
DEBUG - 2022-09-23 13:28:14 --> UTF-8 Support Enabled
DEBUG - 2022-09-23 13:28:14 --> No URI present. Default controller set.
DEBUG - 2022-09-23 13:28:14 --> Global POST, GET and COOKIE data sanitized
DEBUG - 2022-09-23 13:28:14 --> Config file loaded: /hwonpark/www/application/config/tree.php
DEBUG - 2022-09-23 13:28:14 --> Total execution time: 0.0550
DEBUG - 2022-09-23 13:28:31 --> UTF-8 Support Enabled
DEBUG - 2022-09-23 13:28:32 --> Global POST, GET and COOKIE data sanitized
ERROR - 2022-09-23 13:28:32 --> 404 Page Not Found: Faviconico/index
DEBUG - 2022-09-23 13:34:48 --> UTF-8 Support Enabled
DEBUG - 2022-09-23 13:34:48 --> No URI present. Default controller set.
DEBUG - 2022-09-23 13:34:48 --> Global POST, GET and COOKIE data sanitized
DEBUG - 2022-09-23 13:34:48 --> Config file loaded: /hwonpark/www/application/config/tree.php
DEBUG - 2022-09-23 13:34:48 --> Total execution time: 0.0387
DEBUG - 2022-09-23 13:56:09 --> UTF-8 Support Enabled
DEBUG - 2022-09-23 13:56:09 --> No URI present. Default controller set.
DEBUG - 2022-09-23 13:56:09 --> Global POST, GET and COOKIE data sanitized
DEBUG - 2022-09-23 13:56:09 --> Config file loaded: /hwonpark/www/application/config/tree.php
DEBUG - 2022-09-23 13:56:09 --> Total execution time: 0.0483
DEBUG - 2022-09-23 13:56:10 --> UTF-8 Support Enabled
DEBUG - 2022-09-23 13:56:10 --> Global POST, GET and COOKIE data sanitized
ERROR - 2022-09-23 13:56:10 --> 404 Page Not Found: Faviconico/index
DEBUG - 2022-09-23 13:56:11 --> UTF-8 Support Enabled
DEBUG - 2022-09-23 13:56:11 --> Global POST, GET and COOKIE data sanitized
DEBUG - 2022-09-23 13:56:11 --> Config file loaded: /hwonpark/www/application/config/tree.php
DEBUG - 2022-09-23 13:56:11 --> Total execution time: 0.0490
DEBUG - 2022-09-23 13:56:13 --> UTF-8 Support Enabled
DEBUG - 2022-09-23 13:56:13 --> Global POST, GET and COOKIE data sanitized
DEBUG - 2022-09-23 13:56:13 --> Config file loaded: /hwonpark/www/application/config/tree.php
DEBUG - 2022-09-23 13:56:13 --> Total execution time: 0.0390
DEBUG - 2022-09-23 14:04:51 --> UTF-8 Support Enabled
DEBUG - 2022-09-23 14:04:51 --> No URI present. Default controller set.
DEBUG - 2022-09-23 14:04:51 --> Global POST, GET and COOKIE data sanitized
DEBUG - 2022-09-23 14:04:51 --> Config file loaded: /hwonpark/www/application/config/tree.php
DEBUG - 2022-09-23 14:04:51 --> Total execution time: 0.0290
DEBUG - 2022-09-23 14:04:52 --> UTF-8 Support Enabled
DEBUG - 2022-09-23 14:04:52 --> Global POST, GET and COOKIE data sanitized
ERROR - 2022-09-23 14:04:52 --> 404 Page Not Found: Faviconico/index
DEBUG - 2022-09-23 14:04:54 --> UTF-8 Support Enabled
DEBUG - 2022-09-23 14:04:54 --> Global POST, GET and COOKIE data sanitized
DEBUG - 2022-09-23 14:04:54 --> Config file loaded: /hwonpark/www/application/config/tree.php
DEBUG - 2022-09-23 14:04:54 --> Total execution time: 0.0374
DEBUG - 2022-09-23 14:05:30 --> UTF-8 Support Enabled
DEBUG - 2022-09-23 14:05:30 --> Global POST, GET and COOKIE data sanitized
DEBUG - 2022-09-23 14:05:30 --> Config file loaded: /hwonpark/www/application/config/tree.php
DEBUG - 2022-09-23 14:05:30 --> =================== DL_auth-> oauth::CALLBACK - 시작
DEBUG - 2022-09-23 14:05:30 --> =================== DL_auth-> oauth::CALLBACK - kakao param=:: error=
DEBUG - 2022-09-23 14:05:30 --> =================== DL_auth-> oauth::CALLBACK - kakao param=:: state=
DEBUG - 2022-09-23 14:05:30 --> =================== DL_auth-> oauth::CALLBACK - kakao param=:: code=9Qa4xCqpJ0UKh5uY-1DSz3AXKuz3wDeERI9ko4kXV2ELlq7dEdSAMugHBJviEesBcjXY0Ao9dRoAAAGDaLyJ1w
DEBUG - 2022-09-23 14:05:30 --> =================== DL_auth -> kakao oauth :2: code=9Qa4xCqpJ0UKh5uY-1DSz3AXKuz3wDeERI9ko4kXV2ELlq7dEdSAMugHBJviEesBcjXY0Ao9dRoAAAGDaLyJ1w
DEBUG - 2022-09-23 14:05:30 --> ====================Dl_auth -> kakao_login :: 시작
DEBUG - 2022-09-23 14:05:30 --> --------------------Dl_auth::kakao_login - 1.토큰요청 시작
DEBUG - 2022-09-23 14:05:30 --> Dl_auth::kakao_login - get_token 시작 n=2
DEBUG - 2022-09-23 14:05:30 --> --------------------Dl_auth::kakao_login - 1.2.토큰요청 시작 -> 기타브라우저
DEBUG - 2022-09-23 14:05:30 --> --------------------Dl_auth::kakao_login - 1.3.토큰요청
DEBUG - 2022-09-23 14:05:30 --> --------------------Dl_auth::kakao_login - 1.4.토큰요청 -> 성공
DEBUG - 2022-09-23 14:05:30 --> UTF-8 Support Enabled
DEBUG - 2022-09-23 14:05:30 --> Global POST, GET and COOKIE data sanitized
DEBUG - 2022-09-23 14:05:30 --> Config file loaded: /hwonpark/www/application/config/tree.php
DEBUG - 2022-09-23 14:05:30 --> =================== DL_auth-> oauth::CALLBACK - 시작
DEBUG - 2022-09-23 14:05:30 --> =================== DL_auth-> oauth::CALLBACK - kakao param=:: error=
DEBUG - 2022-09-23 14:05:30 --> =================== DL_auth-> oauth::CALLBACK - kakao param=:: state=
DEBUG - 2022-09-23 14:05:30 --> =================== DL_auth-> oauth::CALLBACK - kakao param=:: code=9Qa4xCqpJ0UKh5uY-1DSz3AXKuz3wDeERI9ko4kXV2ELlq7dEdSAMugHBJviEesBcjXY0Ao9dRoAAAGDaLyJ1w
DEBUG - 2022-09-23 14:05:30 --> =================== DL_auth -> kakao oauth :2: code=9Qa4xCqpJ0UKh5uY-1DSz3AXKuz3wDeERI9ko4kXV2ELlq7dEdSAMugHBJviEesBcjXY0Ao9dRoAAAGDaLyJ1w
DEBUG - 2022-09-23 14:05:30 --> ====================Dl_auth -> kakao_login :: 시작
DEBUG - 2022-09-23 14:05:30 --> ====================Dl_auth::kakao_login - 1.3.5- 사이트 회원정보 업데이트 성공(카카오 인증 완료) state=
DEBUG - 2022-09-23 14:05:32 --> UTF-8 Support Enabled
DEBUG - 2022-09-23 14:05:32 --> Global POST, GET and COOKIE data sanitized
DEBUG - 2022-09-23 14:05:32 --> Config file loaded: /hwonpark/www/application/config/tree.php
DEBUG - 2022-09-23 14:05:32 --> Encryption: Auto-configured driver 'openssl'.
DEBUG - 2022-09-23 14:05:32 --> Total execution time: 0.0430
DEBUG - 2022-09-23 14:05:37 --> UTF-8 Support Enabled
DEBUG - 2022-09-23 14:05:37 --> Global POST, GET and COOKIE data sanitized
DEBUG - 2022-09-23 14:05:37 --> Config file loaded: /hwonpark/www/application/config/tree.php
DEBUG - 2022-09-23 14:05:37 --> Encryption: Auto-configured driver 'openssl'.
DEBUG - 2022-09-23 14:05:37 --> Total execution time: 0.0504
DEBUG - 2022-09-23 14:06:10 --> UTF-8 Support Enabled
DEBUG - 2022-09-23 14:06:10 --> Global POST, GET and COOKIE data sanitized
DEBUG - 2022-09-23 14:06:10 --> Config file loaded: /hwonpark/www/application/config/tree.php
DEBUG - 2022-09-23 14:06:10 --> Encryption: Auto-configured driver 'openssl'.
DEBUG - 2022-09-23 14:06:10 --> Total execution time: 0.0335
DEBUG - 2022-09-23 14:07:14 --> UTF-8 Support Enabled
DEBUG - 2022-09-23 14:07:14 --> Global POST, GET and COOKIE data sanitized
DEBUG - 2022-09-23 14:07:14 --> Config file loaded: /hwonpark/www/application/config/tree.php
DEBUG - 2022-09-23 14:07:14 --> Encryption: Auto-configured driver 'openssl'.
DEBUG - 2022-09-23 14:07:14 --> Total execution time: 0.0491
DEBUG - 2022-09-23 14:07:16 --> UTF-8 Support Enabled
DEBUG - 2022-09-23 14:07:16 --> Global POST, GET and COOKIE data sanitized
DEBUG - 2022-09-23 14:07:16 --> Config file loaded: /hwonpark/www/application/config/tree.php
DEBUG - 2022-09-23 14:07:16 --> Encryption: Auto-configured driver 'openssl'.
DEBUG - 2022-09-23 14:07:16 --> Total execution time: 0.0345
DEBUG - 2022-09-23 14:07:22 --> UTF-8 Support Enabled
DEBUG - 2022-09-23 14:07:22 --> Global POST, GET and COOKIE data sanitized
DEBUG - 2022-09-23 14:07:22 --> Config file loaded: /hwonpark/www/application/config/tree.php
DEBUG - 2022-09-23 14:07:22 --> Encryption: Auto-configured driver 'openssl'.
DEBUG - 2022-09-23 14:07:22 --> Total execution time: 0.0317
DEBUG - 2022-09-23 14:07:23 --> UTF-8 Support Enabled
DEBUG - 2022-09-23 14:07:23 --> No URI present. Default controller set.
DEBUG - 2022-09-23 14:07:24 --> Global POST, GET and COOKIE data sanitized
DEBUG - 2022-09-23 14:07:24 --> Config file loaded: /hwonpark/www/application/config/tree.php
DEBUG - 2022-09-23 14:07:24 --> Encryption: Auto-configured driver 'openssl'.
DEBUG - 2022-09-23 14:07:24 --> Total execution time: 0.0287
DEBUG - 2022-09-23 14:08:22 --> UTF-8 Support Enabled
DEBUG - 2022-09-23 14:08:22 --> No URI present. Default controller set.
DEBUG - 2022-09-23 14:08:22 --> Global POST, GET and COOKIE data sanitized
DEBUG - 2022-09-23 14:08:22 --> Config file loaded: /hwonpark/www/application/config/tree.php
DEBUG - 2022-09-23 14:08:22 --> Encryption: Auto-configured driver 'openssl'.
DEBUG - 2022-09-23 14:08:22 --> Total execution time: 0.0361
DEBUG - 2022-09-23 14:08:45 --> UTF-8 Support Enabled
DEBUG - 2022-09-23 14:08:45 --> Global POST, GET and COOKIE data sanitized
DEBUG - 2022-09-23 14:08:45 --> Config file loaded: /hwonpark/www/application/config/tree.php
DEBUG - 2022-09-23 14:08:45 --> Encryption: Auto-configured driver 'openssl'.
DEBUG - 2022-09-23 14:08:45 --> Total execution time: 0.0345
DEBUG - 2022-09-23 14:10:00 --> UTF-8 Support Enabled
DEBUG - 2022-09-23 14:10:00 --> No URI present. Default controller set.
DEBUG - 2022-09-23 14:10:00 --> Global POST, GET and COOKIE data sanitized
DEBUG - 2022-09-23 14:10:00 --> Config file loaded: /hwonpark/www/application/config/tree.php
DEBUG - 2022-09-23 14:10:00 --> Encryption: Auto-configured driver 'openssl'.
DEBUG - 2022-09-23 14:10:00 --> Total execution time: 0.0631
DEBUG - 2022-09-23 14:10:04 --> UTF-8 Support Enabled
DEBUG - 2022-09-23 14:10:04 --> Global POST, GET and COOKIE data sanitized
DEBUG - 2022-09-23 14:10:04 --> Config file loaded: /hwonpark/www/application/config/tree.php
DEBUG - 2022-09-23 14:10:04 --> Encryption: Auto-configured driver 'openssl'.
DEBUG - 2022-09-23 14:10:04 --> Total execution time: 0.0448
DEBUG - 2022-09-23 14:10:19 --> UTF-8 Support Enabled
DEBUG - 2022-09-23 14:10:19 --> Global POST, GET and COOKIE data sanitized
DEBUG - 2022-09-23 14:10:19 --> Config file loaded: /hwonpark/www/application/config/tree.php
DEBUG - 2022-09-23 14:10:19 --> Encryption: Auto-configured driver 'openssl'.
DEBUG - 2022-09-23 14:10:19 --> Total execution time: 0.0399
DEBUG - 2022-09-23 14:10:20 --> UTF-8 Support Enabled
DEBUG - 2022-09-23 14:10:20 --> Global POST, GET and COOKIE data sanitized
DEBUG - 2022-09-23 14:10:20 --> Config file loaded: /hwonpark/www/application/config/tree.php
DEBUG - 2022-09-23 14:10:20 --> Encryption: Auto-configured driver 'openssl'.
DEBUG - 2022-09-23 14:10:20 --> Total execution time: 0.0401
DEBUG - 2022-09-23 14:10:27 --> UTF-8 Support Enabled
DEBUG - 2022-09-23 14:10:27 --> Global POST, GET and COOKIE data sanitized
DEBUG - 2022-09-23 14:10:27 --> Config file loaded: /hwonpark/www/application/config/tree.php
DEBUG - 2022-09-23 14:10:27 --> Encryption: Auto-configured driver 'openssl'.
DEBUG - 2022-09-23 14:10:27 --> Total execution time: 0.0646
DEBUG - 2022-09-23 14:10:47 --> UTF-8 Support Enabled
DEBUG - 2022-09-23 14:10:47 --> Global POST, GET and COOKIE data sanitized
DEBUG - 2022-09-23 14:10:47 --> Config file loaded: /hwonpark/www/application/config/tree.php
DEBUG - 2022-09-23 14:10:47 --> Encryption: Auto-configured driver 'openssl'.
DEBUG - 2022-09-23 14:10:47 --> Total execution time: 0.0675
DEBUG - 2022-09-23 14:10:52 --> UTF-8 Support Enabled
DEBUG - 2022-09-23 14:10:52 --> Global POST, GET and COOKIE data sanitized
DEBUG - 2022-09-23 14:10:52 --> Config file loaded: /hwonpark/www/application/config/tree.php
DEBUG - 2022-09-23 14:10:52 --> Encryption: Auto-configured driver 'openssl'.
DEBUG - 2022-09-23 14:10:52 --> Total execution time: 0.0607
DEBUG - 2022-09-23 14:10:54 --> UTF-8 Support Enabled
DEBUG - 2022-09-23 14:10:54 --> Global POST, GET and COOKIE data sanitized
DEBUG - 2022-09-23 14:10:54 --> Config file loaded: /hwonpark/www/application/config/tree.php
DEBUG - 2022-09-23 14:10:54 --> Encryption: Auto-configured driver 'openssl'.
DEBUG - 2022-09-23 14:10:54 --> Total execution time: 0.0619
DEBUG - 2022-09-23 14:10:55 --> UTF-8 Support Enabled
DEBUG - 2022-09-23 14:10:55 --> Global POST, GET and COOKIE data sanitized
DEBUG - 2022-09-23 14:10:55 --> Config file loaded: /hwonpark/www/application/config/tree.php
DEBUG - 2022-09-23 14:10:55 --> Encryption: Auto-configured driver 'openssl'.
DEBUG - 2022-09-23 14:10:55 --> Total execution time: 0.0475
DEBUG - 2022-09-23 14:11:02 --> UTF-8 Support Enabled
DEBUG - 2022-09-23 14:11:02 --> Global POST, GET and COOKIE data sanitized
DEBUG - 2022-09-23 14:11:02 --> Config file loaded: /hwonpark/www/application/config/tree.php
DEBUG - 2022-09-23 14:11:02 --> Encryption: Auto-configured driver 'openssl'.
DEBUG - 2022-09-23 14:11:02 --> Total execution time: 0.0468
DEBUG - 2022-09-23 14:11:05 --> UTF-8 Support Enabled
DEBUG - 2022-09-23 14:11:05 --> Global POST, GET and COOKIE data sanitized
DEBUG - 2022-09-23 14:11:05 --> Config file loaded: /hwonpark/www/application/config/tree.php
DEBUG - 2022-09-23 14:11:05 --> Encryption: Auto-configured driver 'openssl'.
DEBUG - 2022-09-23 14:11:05 --> Total execution time: 0.0394
DEBUG - 2022-09-23 14:11:10 --> UTF-8 Support Enabled
DEBUG - 2022-09-23 14:11:10 --> Global POST, GET and COOKIE data sanitized
DEBUG - 2022-09-23 14:11:10 --> Config file loaded: /hwonpark/www/application/config/tree.php
DEBUG - 2022-09-23 14:11:10 --> Encryption: Auto-configured driver 'openssl'.
DEBUG - 2022-09-23 14:11:10 --> Total execution time: 0.0539
DEBUG - 2022-09-23 14:11:13 --> UTF-8 Support Enabled
DEBUG - 2022-09-23 14:11:13 --> Global POST, GET and COOKIE data sanitized
DEBUG - 2022-09-23 14:11:13 --> Config file loaded: /hwonpark/www/application/config/tree.php
DEBUG - 2022-09-23 14:11:13 --> Encryption: Auto-configured driver 'openssl'.
DEBUG - 2022-09-23 14:11:13 --> Total execution time: 0.0453
DEBUG - 2022-09-23 14:11:17 --> UTF-8 Support Enabled
DEBUG - 2022-09-23 14:11:17 --> Global POST, GET and COOKIE data sanitized
DEBUG - 2022-09-23 14:11:17 --> Config file loaded: /hwonpark/www/application/config/tree.php
DEBUG - 2022-09-23 14:11:17 --> Encryption: Auto-configured driver 'openssl'.
DEBUG - 2022-09-23 14:11:17 --> Total execution time: 0.0663
DEBUG - 2022-09-23 14:11:19 --> UTF-8 Support Enabled
DEBUG - 2022-09-23 14:11:19 --> Global POST, GET and COOKIE data sanitized
DEBUG - 2022-09-23 14:11:19 --> Config file loaded: /hwonpark/www/application/config/tree.php
DEBUG - 2022-09-23 14:11:19 --> Encryption: Auto-configured driver 'openssl'.
DEBUG - 2022-09-23 14:11:19 --> Total execution time: 0.0458
DEBUG - 2022-09-23 14:11:21 --> UTF-8 Support Enabled
DEBUG - 2022-09-23 14:11:21 --> Global POST, GET and COOKIE data sanitized
DEBUG - 2022-09-23 14:11:21 --> Config file loaded: /hwonpark/www/application/config/tree.php
DEBUG - 2022-09-23 14:11:21 --> Encryption: Auto-configured driver 'openssl'.
DEBUG - 2022-09-23 14:11:21 --> Total execution time: 0.0402
DEBUG - 2022-09-23 14:11:26 --> UTF-8 Support Enabled
DEBUG - 2022-09-23 14:11:26 --> Global POST, GET and COOKIE data sanitized
DEBUG - 2022-09-23 14:11:26 --> Config file loaded: /hwonpark/www/application/config/tree.php
DEBUG - 2022-09-23 14:11:26 --> Encryption: Auto-configured driver 'openssl'.
DEBUG - 2022-09-23 14:11:26 --> Total execution time: 0.0349
DEBUG - 2022-09-23 14:12:28 --> UTF-8 Support Enabled
DEBUG - 2022-09-23 14:12:28 --> Global POST, GET and COOKIE data sanitized
DEBUG - 2022-09-23 14:12:28 --> Config file loaded: /hwonpark/www/application/config/tree.php
DEBUG - 2022-09-23 14:12:28 --> Encryption: Auto-configured driver 'openssl'.
DEBUG - 2022-09-23 14:12:28 --> Total execution time: 0.0446
DEBUG - 2022-09-23 14:12:47 --> UTF-8 Support Enabled
DEBUG - 2022-09-23 14:12:47 --> Global POST, GET and COOKIE data sanitized
DEBUG - 2022-09-23 14:12:47 --> Config file loaded: /hwonpark/www/application/config/tree.php
DEBUG - 2022-09-23 14:12:47 --> Encryption: Auto-configured driver 'openssl'.
DEBUG - 2022-09-23 14:12:47 --> Total execution time: 0.0336
DEBUG - 2022-09-23 14:13:33 --> UTF-8 Support Enabled
DEBUG - 2022-09-23 14:13:33 --> Global POST, GET and COOKIE data sanitized
DEBUG - 2022-09-23 14:13:33 --> Config file loaded: /hwonpark/www/application/config/tree.php
DEBUG - 2022-09-23 14:13:33 --> Encryption: Auto-configured driver 'openssl'.
DEBUG - 2022-09-23 14:13:33 --> Total execution time: 0.0471
DEBUG - 2022-09-23 14:13:50 --> UTF-8 Support Enabled
DEBUG - 2022-09-23 14:13:50 --> Global POST, GET and COOKIE data sanitized
DEBUG - 2022-09-23 14:13:51 --> Config file loaded: /hwonpark/www/application/config/tree.php
DEBUG - 2022-09-23 14:13:51 --> Encryption: Auto-configured driver 'openssl'.
DEBUG - 2022-09-23 14:13:51 --> Total execution time: 0.0692
DEBUG - 2022-09-23 14:14:02 --> UTF-8 Support Enabled
DEBUG - 2022-09-23 14:14:02 --> Global POST, GET and COOKIE data sanitized
DEBUG - 2022-09-23 14:14:02 --> Config file loaded: /hwonpark/www/application/config/tree.php
DEBUG - 2022-09-23 14:14:02 --> Encryption: Auto-configured driver 'openssl'.
DEBUG - 2022-09-23 14:14:02 --> Total execution time: 0.0335
DEBUG - 2022-09-23 14:14:29 --> UTF-8 Support Enabled
DEBUG - 2022-09-23 14:14:29 --> Global POST, GET and COOKIE data sanitized
DEBUG - 2022-09-23 14:14:29 --> Config file loaded: /hwonpark/www/application/config/tree.php
DEBUG - 2022-09-23 14:14:29 --> Encryption: Auto-configured driver 'openssl'.
DEBUG - 2022-09-23 14:14:29 --> Total execution time: 0.0317
DEBUG - 2022-09-23 14:14:35 --> UTF-8 Support Enabled
DEBUG - 2022-09-23 14:14:35 --> Global POST, GET and COOKIE data sanitized
DEBUG - 2022-09-23 14:14:35 --> Config file loaded: /hwonpark/www/application/config/tree.php
DEBUG - 2022-09-23 14:14:35 --> Encryption: Auto-configured driver 'openssl'.
DEBUG - 2022-09-23 14:14:35 --> Total execution time: 0.0403
DEBUG - 2022-09-23 14:14:43 --> UTF-8 Support Enabled
DEBUG - 2022-09-23 14:14:43 --> Global POST, GET and COOKIE data sanitized
DEBUG - 2022-09-23 14:14:43 --> Config file loaded: /hwonpark/www/application/config/tree.php
DEBUG - 2022-09-23 14:14:43 --> Encryption: Auto-configured driver 'openssl'.
DEBUG - 2022-09-23 14:14:43 --> Total execution time: 0.0346
DEBUG - 2022-09-23 14:14:59 --> UTF-8 Support Enabled
DEBUG - 2022-09-23 14:14:59 --> Global POST, GET and COOKIE data sanitized
DEBUG - 2022-09-23 14:14:59 --> Config file loaded: /hwonpark/www/application/config/tree.php
DEBUG - 2022-09-23 14:14:59 --> Encryption: Auto-configured driver 'openssl'.
DEBUG - 2022-09-23 14:14:59 --> Total execution time: 0.0594
DEBUG - 2022-09-23 14:15:12 --> UTF-8 Support Enabled
DEBUG - 2022-09-23 14:15:12 --> Global POST, GET and COOKIE data sanitized
DEBUG - 2022-09-23 14:15:12 --> Config file loaded: /hwonpark/www/application/config/tree.php
DEBUG - 2022-09-23 14:15:12 --> Encryption: Auto-configured driver 'openssl'.
DEBUG - 2022-09-23 14:15:12 --> Total execution time: 0.0623
DEBUG - 2022-09-23 14:16:29 --> UTF-8 Support Enabled
DEBUG - 2022-09-23 14:16:29 --> Global POST, GET and COOKIE data sanitized
DEBUG - 2022-09-23 14:16:29 --> Config file loaded: /hwonpark/www/application/config/tree.php
DEBUG - 2022-09-23 14:16:29 --> Encryption: Auto-configured driver 'openssl'.
DEBUG - 2022-09-23 14:16:29 --> Total execution time: 0.0749
DEBUG - 2022-09-23 15:18:34 --> UTF-8 Support Enabled
DEBUG - 2022-09-23 15:18:34 --> No URI present. Default controller set.
DEBUG - 2022-09-23 15:18:34 --> Global POST, GET and COOKIE data sanitized
DEBUG - 2022-09-23 15:18:34 --> Config file loaded: /hwonpark/www/application/config/tree.php
DEBUG - 2022-09-23 15:18:34 --> Total execution time: 0.1926
DEBUG - 2022-09-23 15:36:55 --> UTF-8 Support Enabled
DEBUG - 2022-09-23 15:36:55 --> No URI present. Default controller set.
DEBUG - 2022-09-23 15:36:55 --> Global POST, GET and COOKIE data sanitized
DEBUG - 2022-09-23 15:36:55 --> Config file loaded: /hwonpark/www/application/config/tree.php
DEBUG - 2022-09-23 15:36:55 --> Total execution time: 0.0309
DEBUG - 2022-09-23 15:39:17 --> UTF-8 Support Enabled
DEBUG - 2022-09-23 15:39:17 --> Global POST, GET and COOKIE data sanitized
DEBUG - 2022-09-23 15:39:17 --> Config file loaded: /hwonpark/www/application/config/tree.php
DEBUG - 2022-09-23 15:39:17 --> Total execution time: 0.0868
DEBUG - 2022-09-23 15:39:23 --> UTF-8 Support Enabled
DEBUG - 2022-09-23 15:39:23 --> Global POST, GET and COOKIE data sanitized
DEBUG - 2022-09-23 15:39:23 --> Config file loaded: /hwonpark/www/application/config/tree.php
DEBUG - 2022-09-23 15:39:23 --> UTF-8 Support Enabled
DEBUG - 2022-09-23 15:39:23 --> Global POST, GET and COOKIE data sanitized
DEBUG - 2022-09-23 15:39:23 --> Config file loaded: /hwonpark/www/application/config/tree.php
DEBUG - 2022-09-23 15:39:23 --> Encryption: Auto-configured driver 'openssl'.
DEBUG - 2022-09-23 15:39:23 --> UTF-8 Support Enabled
DEBUG - 2022-09-23 15:39:23 --> Global POST, GET and COOKIE data sanitized
DEBUG - 2022-09-23 15:39:23 --> Config file loaded: /hwonpark/www/application/config/tree.php
DEBUG - 2022-09-23 15:39:23 --> Encryption: Auto-configured driver 'openssl'.
DEBUG - 2022-09-23 15:39:23 --> Encryption class already loaded. Second attempt ignored.
DEBUG - 2022-09-23 15:39:23 --> Total execution time: 0.0552
DEBUG - 2022-09-23 15:39:25 --> UTF-8 Support Enabled
DEBUG - 2022-09-23 15:39:25 --> Global POST, GET and COOKIE data sanitized
DEBUG - 2022-09-23 15:39:25 --> Config file loaded: /hwonpark/www/application/config/tree.php
DEBUG - 2022-09-23 15:39:25 --> Encryption: Auto-configured driver 'openssl'.
DEBUG - 2022-09-23 15:39:25 --> Total execution time: 0.0389
DEBUG - 2022-09-23 15:39:28 --> UTF-8 Support Enabled
DEBUG - 2022-09-23 15:39:28 --> Global POST, GET and COOKIE data sanitized
DEBUG - 2022-09-23 15:39:28 --> Config file loaded: /hwonpark/www/application/config/tree.php
DEBUG - 2022-09-23 15:39:28 --> Encryption: Auto-configured driver 'openssl'.
DEBUG - 2022-09-23 15:39:28 --> Total execution time: 0.0497
DEBUG - 2022-09-23 15:39:33 --> UTF-8 Support Enabled
DEBUG - 2022-09-23 15:39:33 --> Global POST, GET and COOKIE data sanitized
DEBUG - 2022-09-23 15:39:33 --> Config file loaded: /hwonpark/www/application/config/tree.php
DEBUG - 2022-09-23 15:39:33 --> Encryption: Auto-configured driver 'openssl'.
DEBUG - 2022-09-23 15:39:33 --> Total execution time: 0.0421
DEBUG - 2022-09-23 15:39:35 --> UTF-8 Support Enabled
DEBUG - 2022-09-23 15:39:35 --> Global POST, GET and COOKIE data sanitized
DEBUG - 2022-09-23 15:39:35 --> Config file loaded: /hwonpark/www/application/config/tree.php
DEBUG - 2022-09-23 15:39:35 --> Encryption: Auto-configured driver 'openssl'.
DEBUG - 2022-09-23 15:39:35 --> Total execution time: 0.0350
DEBUG - 2022-09-23 15:47:08 --> UTF-8 Support Enabled
DEBUG - 2022-09-23 15:47:08 --> No URI present. Default controller set.
DEBUG - 2022-09-23 15:47:08 --> Global POST, GET and COOKIE data sanitized
DEBUG - 2022-09-23 15:47:08 --> Config file loaded: /hwonpark/www/application/config/tree.php
DEBUG - 2022-09-23 15:47:08 --> Total execution time: 0.0424
DEBUG - 2022-09-23 16:15:17 --> UTF-8 Support Enabled
DEBUG - 2022-09-23 16:15:17 --> No URI present. Default controller set.
DEBUG - 2022-09-23 16:15:17 --> Global POST, GET and COOKIE data sanitized
DEBUG - 2022-09-23 16:15:17 --> Config file loaded: /hwonpark/www/application/config/tree.php
DEBUG - 2022-09-23 16:15:17 --> Total execution time: 0.0316
DEBUG - 2022-09-23 16:16:36 --> UTF-8 Support Enabled
DEBUG - 2022-09-23 16:16:36 --> No URI present. Default controller set.
DEBUG - 2022-09-23 16:16:36 --> Global POST, GET and COOKIE data sanitized
DEBUG - 2022-09-23 16:16:36 --> Config file loaded: /hwonpark/www/application/config/tree.php
DEBUG - 2022-09-23 16:16:36 --> Total execution time: 0.0302
DEBUG - 2022-09-23 16:16:45 --> UTF-8 Support Enabled
DEBUG - 2022-09-23 16:16:45 --> Global POST, GET and COOKIE data sanitized
ERROR - 2022-09-23 16:16:45 --> 404 Page Not Found: Faviconico/index
DEBUG - 2022-09-23 16:19:42 --> UTF-8 Support Enabled
DEBUG - 2022-09-23 16:19:42 --> No URI present. Default controller set.
DEBUG - 2022-09-23 16:19:42 --> Global POST, GET and COOKIE data sanitized
DEBUG - 2022-09-23 16:19:42 --> Config file loaded: /hwonpark/www/application/config/tree.php
DEBUG - 2022-09-23 16:19:42 --> Total execution time: 0.0477
DEBUG - 2022-09-23 16:19:54 --> UTF-8 Support Enabled
DEBUG - 2022-09-23 16:19:54 --> Global POST, GET and COOKIE data sanitized
DEBUG - 2022-09-23 16:19:54 --> Config file loaded: /hwonpark/www/application/config/tree.php
DEBUG - 2022-09-23 16:19:54 --> Total execution time: 0.0431
DEBUG - 2022-09-23 16:20:40 --> UTF-8 Support Enabled
DEBUG - 2022-09-23 16:20:40 --> Global POST, GET and COOKIE data sanitized
DEBUG - 2022-09-23 16:20:40 --> Config file loaded: /hwonpark/www/application/config/tree.php
DEBUG - 2022-09-23 16:20:40 --> Total execution time: 0.0341
DEBUG - 2022-09-23 16:20:52 --> UTF-8 Support Enabled
DEBUG - 2022-09-23 16:20:52 --> Global POST, GET and COOKIE data sanitized
DEBUG - 2022-09-23 16:20:52 --> Config file loaded: /hwonpark/www/application/config/tree.php
DEBUG - 2022-09-23 16:20:52 --> Total execution time: 0.0519
DEBUG - 2022-09-23 16:20:58 --> UTF-8 Support Enabled
DEBUG - 2022-09-23 16:20:58 --> No URI present. Default controller set.
DEBUG - 2022-09-23 16:20:58 --> Global POST, GET and COOKIE data sanitized
DEBUG - 2022-09-23 16:20:58 --> Config file loaded: /hwonpark/www/application/config/tree.php
DEBUG - 2022-09-23 16:20:58 --> Total execution time: 0.0314
DEBUG - 2022-09-23 16:58:12 --> UTF-8 Support Enabled
DEBUG - 2022-09-23 16:58:12 --> Global POST, GET and COOKIE data sanitized
DEBUG - 2022-09-23 16:58:12 --> Config file loaded: /hwonpark/www/application/config/tree.php
DEBUG - 2022-09-23 16:58:13 --> UTF-8 Support Enabled
DEBUG - 2022-09-23 16:58:13 --> No URI present. Default controller set.
DEBUG - 2022-09-23 16:58:13 --> Global POST, GET and COOKIE data sanitized
DEBUG - 2022-09-23 16:58:13 --> Config file loaded: /hwonpark/www/application/config/tree.php
DEBUG - 2022-09-23 16:58:13 --> Total execution time: 0.0456
DEBUG - 2022-09-23 16:58:17 --> UTF-8 Support Enabled
DEBUG - 2022-09-23 16:58:17 --> Global POST, GET and COOKIE data sanitized
DEBUG - 2022-09-23 16:58:17 --> Config file loaded: /hwonpark/www/application/config/tree.php
DEBUG - 2022-09-23 16:58:17 --> Total execution time: 0.0295
DEBUG - 2022-09-23 16:58:23 --> UTF-8 Support Enabled
DEBUG - 2022-09-23 16:58:23 --> Global POST, GET and COOKIE data sanitized
DEBUG - 2022-09-23 16:58:23 --> Config file loaded: /hwonpark/www/application/config/tree.php
DEBUG - 2022-09-23 16:58:23 --> Total execution time: 0.0368
DEBUG - 2022-09-23 16:58:37 --> UTF-8 Support Enabled
DEBUG - 2022-09-23 16:58:37 --> Global POST, GET and COOKIE data sanitized
DEBUG - 2022-09-23 16:58:37 --> Config file loaded: /hwonpark/www/application/config/tree.php
DEBUG - 2022-09-23 16:58:37 --> Total execution time: 0.0343
DEBUG - 2022-09-23 17:15:35 --> UTF-8 Support Enabled
DEBUG - 2022-09-23 17:15:35 --> Global POST, GET and COOKIE data sanitized
DEBUG - 2022-09-23 17:15:35 --> Config file loaded: /hwonpark/www/application/config/tree.php
DEBUG - 2022-09-23 17:15:35 --> Total execution time: 0.0322
DEBUG - 2022-09-23 17:15:43 --> UTF-8 Support Enabled
DEBUG - 2022-09-23 17:15:43 --> Global POST, GET and COOKIE data sanitized
DEBUG - 2022-09-23 17:15:43 --> Config file loaded: /hwonpark/www/application/config/tree.php
DEBUG - 2022-09-23 17:15:44 --> UTF-8 Support Enabled
DEBUG - 2022-09-23 17:15:44 --> Global POST, GET and COOKIE data sanitized
DEBUG - 2022-09-23 17:15:44 --> Config file loaded: /hwonpark/www/application/config/tree.php
DEBUG - 2022-09-23 17:15:44 --> Encryption: Auto-configured driver 'openssl'.
DEBUG - 2022-09-23 17:15:44 --> UTF-8 Support Enabled
DEBUG - 2022-09-23 17:15:44 --> Global POST, GET and COOKIE data sanitized
DEBUG - 2022-09-23 17:15:44 --> Config file loaded: /hwonpark/www/application/config/tree.php
DEBUG - 2022-09-23 17:15:44 --> Encryption: Auto-configured driver 'openssl'.
DEBUG - 2022-09-23 17:15:44 --> Encryption class already loaded. Second attempt ignored.
DEBUG - 2022-09-23 17:15:44 --> Total execution time: 0.0403
DEBUG - 2022-09-23 17:15:46 --> UTF-8 Support Enabled
DEBUG - 2022-09-23 17:15:46 --> Global POST, GET and COOKIE data sanitized
DEBUG - 2022-09-23 17:15:46 --> Config file loaded: /hwonpark/www/application/config/tree.php
DEBUG - 2022-09-23 17:15:46 --> Encryption: Auto-configured driver 'openssl'.
DEBUG - 2022-09-23 17:15:46 --> Total execution time: 0.0616
DEBUG - 2022-09-23 17:15:49 --> UTF-8 Support Enabled
DEBUG - 2022-09-23 17:15:49 --> Global POST, GET and COOKIE data sanitized
DEBUG - 2022-09-23 17:15:49 --> Config file loaded: /hwonpark/www/application/config/tree.php
DEBUG - 2022-09-23 17:15:49 --> Encryption: Auto-configured driver 'openssl'.
DEBUG - 2022-09-23 17:15:49 --> Total execution time: 0.0392
DEBUG - 2022-09-23 17:16:11 --> UTF-8 Support Enabled
DEBUG - 2022-09-23 17:16:11 --> Global POST, GET and COOKIE data sanitized
DEBUG - 2022-09-23 17:16:11 --> Config file loaded: /hwonpark/www/application/config/tree.php
DEBUG - 2022-09-23 17:16:11 --> Encryption: Auto-configured driver 'openssl'.
DEBUG - 2022-09-23 17:16:11 --> Total execution time: 0.0357
DEBUG - 2022-09-23 17:16:13 --> UTF-8 Support Enabled
DEBUG - 2022-09-23 17:16:13 --> Global POST, GET and COOKIE data sanitized
DEBUG - 2022-09-23 17:16:13 --> Config file loaded: /hwonpark/www/application/config/tree.php
DEBUG - 2022-09-23 17:16:13 --> Encryption: Auto-configured driver 'openssl'.
DEBUG - 2022-09-23 17:16:13 --> Total execution time: 0.0425
DEBUG - 2022-09-23 17:16:17 --> UTF-8 Support Enabled
DEBUG - 2022-09-23 17:16:17 --> Global POST, GET and COOKIE data sanitized
DEBUG - 2022-09-23 17:16:17 --> Config file loaded: /hwonpark/www/application/config/tree.php
DEBUG - 2022-09-23 17:16:17 --> Encryption: Auto-configured driver 'openssl'.
DEBUG - 2022-09-23 17:16:17 --> Total execution time: 0.0339
DEBUG - 2022-09-23 17:16:21 --> UTF-8 Support Enabled
DEBUG - 2022-09-23 17:16:21 --> Global POST, GET and COOKIE data sanitized
DEBUG - 2022-09-23 17:16:21 --> Config file loaded: /hwonpark/www/application/config/tree.php
DEBUG - 2022-09-23 17:16:21 --> Encryption: Auto-configured driver 'openssl'.
DEBUG - 2022-09-23 17:16:21 --> UTF-8 Support Enabled
DEBUG - 2022-09-23 17:16:21 --> Global POST, GET and COOKIE data sanitized
DEBUG - 2022-09-23 17:16:21 --> Config file loaded: /hwonpark/www/application/config/tree.php
DEBUG - 2022-09-23 17:16:21 --> Encryption: Auto-configured driver 'openssl'.
DEBUG - 2022-09-23 17:16:21 --> Encryption class already loaded. Second attempt ignored.
DEBUG - 2022-09-23 17:16:21 --> Total execution time: 0.0370
DEBUG - 2022-09-23 17:16:24 --> UTF-8 Support Enabled
DEBUG - 2022-09-23 17:16:24 --> Global POST, GET and COOKIE data sanitized
DEBUG - 2022-09-23 17:16:24 --> Config file loaded: /hwonpark/www/application/config/tree.php
DEBUG - 2022-09-23 17:16:24 --> Encryption: Auto-configured driver 'openssl'.
DEBUG - 2022-09-23 17:16:24 --> Total execution time: 0.0375
DEBUG - 2022-09-23 17:16:26 --> UTF-8 Support Enabled
DEBUG - 2022-09-23 17:16:26 --> Global POST, GET and COOKIE data sanitized
DEBUG - 2022-09-23 17:16:26 --> Config file loaded: /hwonpark/www/application/config/tree.php
DEBUG - 2022-09-23 17:16:26 --> Encryption: Auto-configured driver 'openssl'.
DEBUG - 2022-09-23 17:16:26 --> Total execution time: 0.0367
DEBUG - 2022-09-23 17:16:28 --> UTF-8 Support Enabled
DEBUG - 2022-09-23 17:16:28 --> Global POST, GET and COOKIE data sanitized
DEBUG - 2022-09-23 17:16:28 --> Config file loaded: /hwonpark/www/application/config/tree.php
DEBUG - 2022-09-23 17:16:28 --> Encryption: Auto-configured driver 'openssl'.
DEBUG - 2022-09-23 17:16:28 --> Total execution time: 0.0669
DEBUG - 2022-09-23 17:16:32 --> UTF-8 Support Enabled
DEBUG - 2022-09-23 17:16:32 --> Global POST, GET and COOKIE data sanitized
DEBUG - 2022-09-23 17:16:32 --> Config file loaded: /hwonpark/www/application/config/tree.php
DEBUG - 2022-09-23 17:16:32 --> Encryption: Auto-configured driver 'openssl'.
DEBUG - 2022-09-23 17:16:32 --> Total execution time: 0.0338
DEBUG - 2022-09-23 17:16:34 --> UTF-8 Support Enabled
DEBUG - 2022-09-23 17:16:34 --> Global POST, GET and COOKIE data sanitized
DEBUG - 2022-09-23 17:16:34 --> Config file loaded: /hwonpark/www/application/config/tree.php
DEBUG - 2022-09-23 17:16:34 --> Encryption: Auto-configured driver 'openssl'.
DEBUG - 2022-09-23 17:16:34 --> Total execution time: 0.0497
DEBUG - 2022-09-23 17:17:13 --> UTF-8 Support Enabled
DEBUG - 2022-09-23 17:17:13 --> Global POST, GET and COOKIE data sanitized
DEBUG - 2022-09-23 17:17:13 --> Config file loaded: /hwonpark/www/application/config/tree.php
DEBUG - 2022-09-23 17:17:13 --> Encryption: Auto-configured driver 'openssl'.
DEBUG - 2022-09-23 17:17:15 --> UTF-8 Support Enabled
DEBUG - 2022-09-23 17:17:15 --> Global POST, GET and COOKIE data sanitized
DEBUG - 2022-09-23 17:17:15 --> Config file loaded: /hwonpark/www/application/config/tree.php
DEBUG - 2022-09-23 17:17:15 --> Encryption: Auto-configured driver 'openssl'.
DEBUG - 2022-09-23 17:17:15 --> Total execution time: 0.0339
DEBUG - 2022-09-23 17:17:16 --> UTF-8 Support Enabled
DEBUG - 2022-09-23 17:17:16 --> Global POST, GET and COOKIE data sanitized
DEBUG - 2022-09-23 17:17:16 --> Config file loaded: /hwonpark/www/application/config/tree.php
DEBUG - 2022-09-23 17:17:16 --> Encryption: Auto-configured driver 'openssl'.
DEBUG - 2022-09-23 17:17:16 --> Total execution time: 0.0447
DEBUG - 2022-09-23 17:17:19 --> UTF-8 Support Enabled
DEBUG - 2022-09-23 17:17:19 --> Global POST, GET and COOKIE data sanitized
DEBUG - 2022-09-23 17:17:19 --> Config file loaded: /hwonpark/www/application/config/tree.php
DEBUG - 2022-09-23 17:17:19 --> Encryption: Auto-configured driver 'openssl'.
DEBUG - 2022-09-23 17:17:19 --> Total execution time: 0.0356
DEBUG - 2022-09-23 17:17:23 --> UTF-8 Support Enabled
DEBUG - 2022-09-23 17:17:23 --> Global POST, GET and COOKIE data sanitized
DEBUG - 2022-09-23 17:17:23 --> Config file loaded: /hwonpark/www/application/config/tree.php
DEBUG - 2022-09-23 17:17:23 --> Encryption: Auto-configured driver 'openssl'.
DEBUG - 2022-09-23 17:17:23 --> Total execution time: 0.0663
DEBUG - 2022-09-23 17:17:25 --> UTF-8 Support Enabled
DEBUG - 2022-09-23 17:17:25 --> Global POST, GET and COOKIE data sanitized
DEBUG - 2022-09-23 17:17:25 --> Config file loaded: /hwonpark/www/application/config/tree.php
DEBUG - 2022-09-23 17:17:25 --> Encryption: Auto-configured driver 'openssl'.
DEBUG - 2022-09-23 17:17:25 --> Total execution time: 0.0335
DEBUG - 2022-09-23 17:36:02 --> UTF-8 Support Enabled
DEBUG - 2022-09-23 17:36:02 --> Global POST, GET and COOKIE data sanitized
DEBUG - 2022-09-23 17:36:02 --> Config file loaded: /hwonpark/www/application/config/tree.php
DEBUG - 2022-09-23 17:36:03 --> UTF-8 Support Enabled
DEBUG - 2022-09-23 17:36:03 --> No URI present. Default controller set.
DEBUG - 2022-09-23 17:36:03 --> Global POST, GET and COOKIE data sanitized
DEBUG - 2022-09-23 17:36:03 --> Config file loaded: /hwonpark/www/application/config/tree.php
DEBUG - 2022-09-23 17:36:03 --> Total execution time: 0.0315
DEBUG - 2022-09-23 20:05:43 --> UTF-8 Support Enabled
DEBUG - 2022-09-23 20:05:43 --> No URI present. Default controller set.
DEBUG - 2022-09-23 20:05:43 --> Global POST, GET and COOKIE data sanitized
DEBUG - 2022-09-23 20:05:43 --> Config file loaded: /hwonpark/www/application/config/tree.php
DEBUG - 2022-09-23 20:05:43 --> Total execution time: 0.0825
DEBUG - 2022-09-23 20:05:44 --> UTF-8 Support Enabled
DEBUG - 2022-09-23 20:05:44 --> Global POST, GET and COOKIE data sanitized
ERROR - 2022-09-23 20:05:44 --> 404 Page Not Found: Faviconico/index
DEBUG - 2022-09-23 20:06:30 --> UTF-8 Support Enabled
DEBUG - 2022-09-23 20:06:30 --> Global POST, GET and COOKIE data sanitized
DEBUG - 2022-09-23 20:06:30 --> Config file loaded: /hwonpark/www/application/config/tree.php
DEBUG - 2022-09-23 20:06:30 --> Total execution time: 0.0625
DEBUG - 2022-09-23 20:06:38 --> UTF-8 Support Enabled
DEBUG - 2022-09-23 20:06:38 --> Global POST, GET and COOKIE data sanitized
DEBUG - 2022-09-23 20:06:38 --> Config file loaded: /hwonpark/www/application/config/tree.php
DEBUG - 2022-09-23 20:06:38 --> Total execution time: 0.0844
