DEBUG - 2022-11-14 08:02:18 --> UTF-8 Support Enabled
DEBUG - 2022-11-14 08:02:18 --> No URI present. Default controller set.
DEBUG - 2022-11-14 08:02:18 --> Global POST, GET and COOKIE data sanitized
DEBUG - 2022-11-14 08:02:18 --> Config file loaded: /hwonpark/www/application/config/tree.php
DEBUG - 2022-11-14 08:02:18 --> Total execution time: 0.2553
DEBUG - 2022-11-14 08:02:42 --> UTF-8 Support Enabled
DEBUG - 2022-11-14 08:02:42 --> Global POST, GET and COOKIE data sanitized
DEBUG - 2022-11-14 08:02:42 --> Config file loaded: /hwonpark/www/application/config/tree.php
DEBUG - 2022-11-14 08:02:42 --> Total execution time: 0.0676
DEBUG - 2022-11-14 08:02:56 --> UTF-8 Support Enabled
DEBUG - 2022-11-14 08:02:56 --> Global POST, GET and COOKIE data sanitized
DEBUG - 2022-11-14 08:02:56 --> Config file loaded: /hwonpark/www/application/config/tree.php
DEBUG - 2022-11-14 08:02:56 --> Total execution time: 0.0560
DEBUG - 2022-11-14 08:03:03 --> UTF-8 Support Enabled
DEBUG - 2022-11-14 08:03:03 --> No URI present. Default controller set.
DEBUG - 2022-11-14 08:03:03 --> Global POST, GET and COOKIE data sanitized
DEBUG - 2022-11-14 08:03:03 --> Config file loaded: /hwonpark/www/application/config/tree.php
DEBUG - 2022-11-14 08:03:03 --> Total execution time: 0.0550
DEBUG - 2022-11-14 08:03:12 --> UTF-8 Support Enabled
DEBUG - 2022-11-14 08:03:12 --> Global POST, GET and COOKIE data sanitized
DEBUG - 2022-11-14 08:03:12 --> Config file loaded: /hwonpark/www/application/config/tree.php
DEBUG - 2022-11-14 08:03:12 --> Total execution time: 0.0689
DEBUG - 2022-11-14 08:05:59 --> UTF-8 Support Enabled
DEBUG - 2022-11-14 08:05:59 --> No URI present. Default controller set.
DEBUG - 2022-11-14 08:05:59 --> Global POST, GET and COOKIE data sanitized
DEBUG - 2022-11-14 08:05:59 --> Config file loaded: /hwonpark/www/application/config/tree.php
DEBUG - 2022-11-14 08:05:59 --> Total execution time: 0.0587
DEBUG - 2022-11-14 08:06:01 --> UTF-8 Support Enabled
DEBUG - 2022-11-14 08:06:01 --> Global POST, GET and COOKIE data sanitized
DEBUG - 2022-11-14 08:06:01 --> Config file loaded: /hwonpark/www/application/config/tree.php
DEBUG - 2022-11-14 08:06:01 --> Total execution time: 0.0584
DEBUG - 2022-11-14 08:06:06 --> UTF-8 Support Enabled
DEBUG - 2022-11-14 08:06:06 --> Global POST, GET and COOKIE data sanitized
DEBUG - 2022-11-14 08:06:06 --> Config file loaded: /hwonpark/www/application/config/tree.php
DEBUG - 2022-11-14 08:06:06 --> --------------------DC_common::chk_perm - 1.인가코드요청 시작 -> if 인앱브라우저
DEBUG - 2022-11-14 08:06:07 --> UTF-8 Support Enabled
DEBUG - 2022-11-14 08:06:07 --> Global POST, GET and COOKIE data sanitized
DEBUG - 2022-11-14 08:06:07 --> Config file loaded: /hwonpark/www/application/config/tree.php
DEBUG - 2022-11-14 08:06:07 --> =================== DL_auth-> oauth::CALLBACK - 시작
DEBUG - 2022-11-14 08:06:07 --> =================== DL_auth-> oauth::CALLBACK - kakao param=:: error=
DEBUG - 2022-11-14 08:06:07 --> =================== DL_auth-> oauth::CALLBACK - kakao param=:: state=/ko/brief/view?idx=34
DEBUG - 2022-11-14 08:06:07 --> =================== DL_auth-> oauth::CALLBACK - kakao param=:: code=eX1H2UVSX9-83f41GzckLcFhmRMZyA7-qPnci8DN2270sbnJbFY7HF6Jd67pYRVP9GejDAo9dZoAAAGEcz41pg
DEBUG - 2022-11-14 08:06:07 --> =================== DL_auth -> kakao oauth :2: code=eX1H2UVSX9-83f41GzckLcFhmRMZyA7-qPnci8DN2270sbnJbFY7HF6Jd67pYRVP9GejDAo9dZoAAAGEcz41pg
DEBUG - 2022-11-14 08:06:07 --> ====================Dl_auth -> kakao_login :: 시작
DEBUG - 2022-11-14 08:06:07 --> --------------------Dl_auth::kakao_login - 1.토큰요청 시작
DEBUG - 2022-11-14 08:06:07 --> Dl_auth::kakao_login - get_token 시작 n=2
DEBUG - 2022-11-14 08:06:07 --> --------------------Dl_auth::kakao_login - 1.2.토큰요청 시작 -> 기타브라우저
DEBUG - 2022-11-14 08:06:07 --> --------------------Dl_auth::kakao_login - 1.3.토큰요청
DEBUG - 2022-11-14 08:06:07 --> --------------------Dl_auth::kakao_login - 1.4.토큰요청 -> 성공
DEBUG - 2022-11-14 08:06:07 --> UTF-8 Support Enabled
DEBUG - 2022-11-14 08:06:07 --> Global POST, GET and COOKIE data sanitized
DEBUG - 2022-11-14 08:06:08 --> Config file loaded: /hwonpark/www/application/config/tree.php
DEBUG - 2022-11-14 08:06:08 --> =================== DL_auth-> oauth::CALLBACK - 시작
DEBUG - 2022-11-14 08:06:08 --> =================== DL_auth-> oauth::CALLBACK - kakao param=:: error=
DEBUG - 2022-11-14 08:06:08 --> =================== DL_auth-> oauth::CALLBACK - kakao param=:: state=/ko/brief/view?idx=34
DEBUG - 2022-11-14 08:06:08 --> =================== DL_auth-> oauth::CALLBACK - kakao param=:: code=eX1H2UVSX9-83f41GzckLcFhmRMZyA7-qPnci8DN2270sbnJbFY7HF6Jd67pYRVP9GejDAo9dZoAAAGEcz41pg
DEBUG - 2022-11-14 08:06:08 --> =================== DL_auth -> kakao oauth :2: code=eX1H2UVSX9-83f41GzckLcFhmRMZyA7-qPnci8DN2270sbnJbFY7HF6Jd67pYRVP9GejDAo9dZoAAAGEcz41pg
DEBUG - 2022-11-14 08:06:08 --> ====================Dl_auth -> kakao_login :: 시작
DEBUG - 2022-11-14 08:06:08 --> ====================Dl_auth::kakao_login - 1.3.5- 사이트 회원정보 업데이트 성공(카카오 인증 완료) state=/ko/brief/view?idx=34
DEBUG - 2022-11-14 08:06:08 --> UTF-8 Support Enabled
DEBUG - 2022-11-14 08:06:08 --> Global POST, GET and COOKIE data sanitized
DEBUG - 2022-11-14 08:06:08 --> Config file loaded: /hwonpark/www/application/config/tree.php
DEBUG - 2022-11-14 08:06:08 --> Encryption: Auto-configured driver 'openssl'.
DEBUG - 2022-11-14 08:06:08 --> --------------------DC_common::chk_perm - 1.인가코드요청 시작 -> if 인앱브라우저
DEBUG - 2022-11-14 08:06:08 --> Total execution time: 0.0970
DEBUG - 2022-11-14 08:09:27 --> UTF-8 Support Enabled
DEBUG - 2022-11-14 08:09:28 --> Global POST, GET and COOKIE data sanitized
DEBUG - 2022-11-14 08:09:28 --> Config file loaded: /hwonpark/www/application/config/tree.php
DEBUG - 2022-11-14 08:09:28 --> Encryption: Auto-configured driver 'openssl'.
DEBUG - 2022-11-14 08:09:28 --> --------------------DC_common::chk_perm - 1.인가코드요청 시작 -> if 인앱브라우저
DEBUG - 2022-11-14 08:09:28 --> Total execution time: 0.0720
DEBUG - 2022-11-14 08:09:28 --> UTF-8 Support Enabled
DEBUG - 2022-11-14 08:09:28 --> Global POST, GET and COOKIE data sanitized
DEBUG - 2022-11-14 08:09:28 --> Config file loaded: /hwonpark/www/application/config/tree.php
DEBUG - 2022-11-14 08:09:28 --> Encryption: Auto-configured driver 'openssl'.
DEBUG - 2022-11-14 08:09:28 --> Total execution time: 0.0369
DEBUG - 2022-11-14 08:09:33 --> UTF-8 Support Enabled
DEBUG - 2022-11-14 08:09:34 --> Global POST, GET and COOKIE data sanitized
DEBUG - 2022-11-14 08:09:34 --> Config file loaded: /hwonpark/www/application/config/tree.php
DEBUG - 2022-11-14 08:09:34 --> Encryption: Auto-configured driver 'openssl'.
DEBUG - 2022-11-14 08:09:34 --> --------------------DC_common::chk_perm - 1.인가코드요청 시작 -> if 인앱브라우저
DEBUG - 2022-11-14 08:09:34 --> Total execution time: 0.0673
DEBUG - 2022-11-14 08:14:42 --> UTF-8 Support Enabled
DEBUG - 2022-11-14 08:14:42 --> Global POST, GET and COOKIE data sanitized
DEBUG - 2022-11-14 08:14:42 --> Config file loaded: /hwonpark/www/application/config/tree.php
DEBUG - 2022-11-14 08:14:42 --> Encryption: Auto-configured driver 'openssl'.
DEBUG - 2022-11-14 08:14:42 --> Total execution time: 0.0485
DEBUG - 2022-11-14 08:14:42 --> UTF-8 Support Enabled
DEBUG - 2022-11-14 08:14:42 --> No URI present. Default controller set.
DEBUG - 2022-11-14 08:14:42 --> Global POST, GET and COOKIE data sanitized
DEBUG - 2022-11-14 08:14:42 --> Config file loaded: /hwonpark/www/application/config/tree.php
DEBUG - 2022-11-14 08:14:42 --> Encryption: Auto-configured driver 'openssl'.
DEBUG - 2022-11-14 08:14:42 --> Total execution time: 0.0356
DEBUG - 2022-11-14 08:14:44 --> UTF-8 Support Enabled
DEBUG - 2022-11-14 08:14:44 --> Global POST, GET and COOKIE data sanitized
DEBUG - 2022-11-14 08:14:44 --> Config file loaded: /hwonpark/www/application/config/tree.php
DEBUG - 2022-11-14 08:14:44 --> Encryption: Auto-configured driver 'openssl'.
DEBUG - 2022-11-14 08:14:44 --> Total execution time: 0.0367
DEBUG - 2022-11-14 08:14:48 --> UTF-8 Support Enabled
DEBUG - 2022-11-14 08:14:48 --> Global POST, GET and COOKIE data sanitized
DEBUG - 2022-11-14 08:14:48 --> Config file loaded: /hwonpark/www/application/config/tree.php
DEBUG - 2022-11-14 08:14:48 --> Encryption: Auto-configured driver 'openssl'.
DEBUG - 2022-11-14 08:14:48 --> --------------------DC_common::chk_perm - 1.인가코드요청 시작 -> if 인앱브라우저
DEBUG - 2022-11-14 08:14:48 --> Total execution time: 0.0475
DEBUG - 2022-11-14 08:15:52 --> UTF-8 Support Enabled
DEBUG - 2022-11-14 08:15:52 --> Global POST, GET and COOKIE data sanitized
DEBUG - 2022-11-14 08:15:52 --> Config file loaded: /hwonpark/www/application/config/tree.php
DEBUG - 2022-11-14 08:15:52 --> Encryption: Auto-configured driver 'openssl'.
DEBUG - 2022-11-14 08:15:52 --> Total execution time: 0.0533
DEBUG - 2022-11-14 08:16:12 --> UTF-8 Support Enabled
DEBUG - 2022-11-14 08:16:12 --> Global POST, GET and COOKIE data sanitized
DEBUG - 2022-11-14 08:16:12 --> Config file loaded: /hwonpark/www/application/config/tree.php
DEBUG - 2022-11-14 08:16:12 --> Encryption: Auto-configured driver 'openssl'.
DEBUG - 2022-11-14 08:16:12 --> --------------------DC_common::chk_perm - 1.인가코드요청 시작 -> if 인앱브라우저
DEBUG - 2022-11-14 08:16:12 --> Total execution time: 0.0499
DEBUG - 2022-11-14 08:26:41 --> UTF-8 Support Enabled
DEBUG - 2022-11-14 08:26:41 --> Global POST, GET and COOKIE data sanitized
DEBUG - 2022-11-14 08:26:41 --> Config file loaded: /hwonpark/www/application/config/tree.php
DEBUG - 2022-11-14 08:26:41 --> Total execution time: 0.0339
DEBUG - 2022-11-14 08:26:48 --> UTF-8 Support Enabled
DEBUG - 2022-11-14 08:26:48 --> Global POST, GET and COOKIE data sanitized
DEBUG - 2022-11-14 08:26:48 --> Config file loaded: /hwonpark/www/application/config/tree.php
DEBUG - 2022-11-14 08:26:49 --> --------------------DC_common::chk_perm - 1.인가코드요청 시작 -> if 인앱브라우저
DEBUG - 2022-11-14 08:26:49 --> UTF-8 Support Enabled
DEBUG - 2022-11-14 08:26:49 --> Global POST, GET and COOKIE data sanitized
DEBUG - 2022-11-14 08:26:49 --> Config file loaded: /hwonpark/www/application/config/tree.php
DEBUG - 2022-11-14 08:26:49 --> =================== DL_auth-> oauth::CALLBACK - 시작
DEBUG - 2022-11-14 08:26:49 --> =================== DL_auth-> oauth::CALLBACK - kakao param=:: error=
DEBUG - 2022-11-14 08:26:49 --> =================== DL_auth-> oauth::CALLBACK - kakao param=:: state=/ko/brief/view?idx=25
DEBUG - 2022-11-14 08:26:49 --> =================== DL_auth-> oauth::CALLBACK - kakao param=:: code=f7Bho8xavU2AkBKxDITSPpEwr2P2QHps-RTueW_4ktnQ-lodChp2w6wDVa5xsbRgRML7vwopcFAAAAGEc1Eo-Q
DEBUG - 2022-11-14 08:26:49 --> =================== DL_auth -> kakao oauth :2: code=f7Bho8xavU2AkBKxDITSPpEwr2P2QHps-RTueW_4ktnQ-lodChp2w6wDVa5xsbRgRML7vwopcFAAAAGEc1Eo-Q
DEBUG - 2022-11-14 08:26:49 --> ====================Dl_auth -> kakao_login :: 시작
DEBUG - 2022-11-14 08:26:49 --> --------------------Dl_auth::kakao_login - 1.토큰요청 시작
DEBUG - 2022-11-14 08:26:49 --> Dl_auth::kakao_login - get_token 시작 n=2
DEBUG - 2022-11-14 08:26:49 --> --------------------Dl_auth::kakao_login - 1.2.토큰요청 시작 -> 기타브라우저
DEBUG - 2022-11-14 08:26:49 --> --------------------Dl_auth::kakao_login - 1.3.토큰요청
DEBUG - 2022-11-14 08:26:50 --> --------------------Dl_auth::kakao_login - 1.4.토큰요청 -> 성공
DEBUG - 2022-11-14 08:26:50 --> UTF-8 Support Enabled
DEBUG - 2022-11-14 08:26:50 --> Global POST, GET and COOKIE data sanitized
DEBUG - 2022-11-14 08:26:50 --> Config file loaded: /hwonpark/www/application/config/tree.php
DEBUG - 2022-11-14 08:26:50 --> =================== DL_auth-> oauth::CALLBACK - 시작
DEBUG - 2022-11-14 08:26:50 --> =================== DL_auth-> oauth::CALLBACK - kakao param=:: error=
DEBUG - 2022-11-14 08:26:50 --> =================== DL_auth-> oauth::CALLBACK - kakao param=:: state=/ko/brief/view?idx=25
DEBUG - 2022-11-14 08:26:50 --> =================== DL_auth-> oauth::CALLBACK - kakao param=:: code=f7Bho8xavU2AkBKxDITSPpEwr2P2QHps-RTueW_4ktnQ-lodChp2w6wDVa5xsbRgRML7vwopcFAAAAGEc1Eo-Q
DEBUG - 2022-11-14 08:26:50 --> =================== DL_auth -> kakao oauth :2: code=f7Bho8xavU2AkBKxDITSPpEwr2P2QHps-RTueW_4ktnQ-lodChp2w6wDVa5xsbRgRML7vwopcFAAAAGEc1Eo-Q
DEBUG - 2022-11-14 08:26:50 --> ====================Dl_auth -> kakao_login :: 시작
DEBUG - 2022-11-14 08:26:50 --> ====================Dl_auth::kakao_login - 1.3.5- 사이트 회원정보 업데이트 성공(카카오 인증 완료) state=/ko/brief/view?idx=25
DEBUG - 2022-11-14 08:26:50 --> UTF-8 Support Enabled
DEBUG - 2022-11-14 08:26:50 --> Global POST, GET and COOKIE data sanitized
DEBUG - 2022-11-14 08:26:50 --> Config file loaded: /hwonpark/www/application/config/tree.php
DEBUG - 2022-11-14 08:26:50 --> Encryption: Auto-configured driver 'openssl'.
DEBUG - 2022-11-14 08:26:50 --> --------------------DC_common::chk_perm - 1.인가코드요청 시작 -> if 인앱브라우저
DEBUG - 2022-11-14 08:26:50 --> Total execution time: 0.0543
DEBUG - 2022-11-14 08:30:01 --> UTF-8 Support Enabled
DEBUG - 2022-11-14 08:30:01 --> Global POST, GET and COOKIE data sanitized
DEBUG - 2022-11-14 08:30:01 --> Config file loaded: /hwonpark/www/application/config/tree.php
DEBUG - 2022-11-14 08:30:01 --> Encryption: Auto-configured driver 'openssl'.
DEBUG - 2022-11-14 08:30:01 --> --------------------DC_common::chk_perm - 1.인가코드요청 시작 -> if 인앱브라우저
DEBUG - 2022-11-14 08:30:01 --> Total execution time: 0.0668
DEBUG - 2022-11-14 08:30:05 --> UTF-8 Support Enabled
DEBUG - 2022-11-14 08:30:05 --> Global POST, GET and COOKIE data sanitized
DEBUG - 2022-11-14 08:30:05 --> Config file loaded: /hwonpark/www/application/config/tree.php
DEBUG - 2022-11-14 08:30:05 --> Encryption: Auto-configured driver 'openssl'.
DEBUG - 2022-11-14 08:30:05 --> Total execution time: 0.0394
DEBUG - 2022-11-14 08:30:21 --> UTF-8 Support Enabled
DEBUG - 2022-11-14 08:30:21 --> Global POST, GET and COOKIE data sanitized
DEBUG - 2022-11-14 08:30:21 --> Config file loaded: /hwonpark/www/application/config/tree.php
DEBUG - 2022-11-14 08:30:21 --> Encryption: Auto-configured driver 'openssl'.
DEBUG - 2022-11-14 08:30:21 --> Total execution time: 0.0411
DEBUG - 2022-11-14 08:30:32 --> UTF-8 Support Enabled
DEBUG - 2022-11-14 08:30:32 --> Global POST, GET and COOKIE data sanitized
DEBUG - 2022-11-14 08:30:32 --> Config file loaded: /hwonpark/www/application/config/tree.php
DEBUG - 2022-11-14 08:30:32 --> Encryption: Auto-configured driver 'openssl'.
DEBUG - 2022-11-14 08:30:32 --> Total execution time: 0.0379
DEBUG - 2022-11-14 08:30:39 --> UTF-8 Support Enabled
DEBUG - 2022-11-14 08:30:39 --> Global POST, GET and COOKIE data sanitized
DEBUG - 2022-11-14 08:30:39 --> Config file loaded: /hwonpark/www/application/config/tree.php
DEBUG - 2022-11-14 08:30:39 --> Encryption: Auto-configured driver 'openssl'.
DEBUG - 2022-11-14 08:30:39 --> --------------------DC_common::chk_perm - 1.인가코드요청 시작 -> if 인앱브라우저
DEBUG - 2022-11-14 08:30:39 --> Total execution time: 0.0702
DEBUG - 2022-11-14 08:34:40 --> UTF-8 Support Enabled
DEBUG - 2022-11-14 08:34:40 --> Global POST, GET and COOKIE data sanitized
DEBUG - 2022-11-14 08:34:40 --> Config file loaded: /hwonpark/www/application/config/tree.php
DEBUG - 2022-11-14 08:34:40 --> Encryption: Auto-configured driver 'openssl'.
DEBUG - 2022-11-14 08:34:40 --> Total execution time: 0.0475
DEBUG - 2022-11-14 08:34:48 --> UTF-8 Support Enabled
DEBUG - 2022-11-14 08:34:48 --> Global POST, GET and COOKIE data sanitized
DEBUG - 2022-11-14 08:34:48 --> Config file loaded: /hwonpark/www/application/config/tree.php
DEBUG - 2022-11-14 08:34:48 --> Encryption: Auto-configured driver 'openssl'.
DEBUG - 2022-11-14 08:34:48 --> --------------------DC_common::chk_perm - 1.인가코드요청 시작 -> if 인앱브라우저
DEBUG - 2022-11-14 08:34:48 --> Total execution time: 0.0445
DEBUG - 2022-11-14 08:39:31 --> UTF-8 Support Enabled
DEBUG - 2022-11-14 08:39:31 --> Global POST, GET and COOKIE data sanitized
DEBUG - 2022-11-14 08:39:31 --> Config file loaded: /hwonpark/www/application/config/tree.php
DEBUG - 2022-11-14 08:39:31 --> Encryption: Auto-configured driver 'openssl'.
DEBUG - 2022-11-14 08:39:31 --> Total execution time: 0.0461
DEBUG - 2022-11-14 08:39:39 --> UTF-8 Support Enabled
DEBUG - 2022-11-14 08:39:39 --> Global POST, GET and COOKIE data sanitized
DEBUG - 2022-11-14 08:39:39 --> Config file loaded: /hwonpark/www/application/config/tree.php
DEBUG - 2022-11-14 08:39:39 --> Encryption: Auto-configured driver 'openssl'.
DEBUG - 2022-11-14 08:39:39 --> --------------------DC_common::chk_perm - 1.인가코드요청 시작 -> if 인앱브라우저
DEBUG - 2022-11-14 08:39:39 --> Total execution time: 0.0510
DEBUG - 2022-11-14 08:54:31 --> UTF-8 Support Enabled
DEBUG - 2022-11-14 08:54:31 --> No URI present. Default controller set.
DEBUG - 2022-11-14 08:54:31 --> Global POST, GET and COOKIE data sanitized
DEBUG - 2022-11-14 08:54:31 --> Config file loaded: /hwonpark/www/application/config/tree.php
DEBUG - 2022-11-14 08:54:31 --> Total execution time: 0.0395
DEBUG - 2022-11-14 08:54:32 --> UTF-8 Support Enabled
DEBUG - 2022-11-14 08:54:32 --> Global POST, GET and COOKIE data sanitized
ERROR - 2022-11-14 08:54:32 --> 404 Page Not Found: Faviconico/index
DEBUG - 2022-11-14 08:59:19 --> UTF-8 Support Enabled
DEBUG - 2022-11-14 08:59:19 --> No URI present. Default controller set.
DEBUG - 2022-11-14 08:59:19 --> Global POST, GET and COOKIE data sanitized
DEBUG - 2022-11-14 08:59:19 --> Config file loaded: /hwonpark/www/application/config/tree.php
DEBUG - 2022-11-14 08:59:19 --> Total execution time: 0.0378
DEBUG - 2022-11-14 08:59:21 --> UTF-8 Support Enabled
DEBUG - 2022-11-14 08:59:21 --> Global POST, GET and COOKIE data sanitized
ERROR - 2022-11-14 08:59:21 --> 404 Page Not Found: Faviconico/index
DEBUG - 2022-11-14 08:59:28 --> UTF-8 Support Enabled
DEBUG - 2022-11-14 08:59:28 --> Global POST, GET and COOKIE data sanitized
DEBUG - 2022-11-14 08:59:28 --> Config file loaded: /hwonpark/www/application/config/tree.php
DEBUG - 2022-11-14 08:59:30 --> UTF-8 Support Enabled
DEBUG - 2022-11-14 08:59:30 --> Global POST, GET and COOKIE data sanitized
DEBUG - 2022-11-14 08:59:30 --> Config file loaded: /hwonpark/www/application/config/tree.php
DEBUG - 2022-11-14 08:59:30 --> Total execution time: 0.0292
DEBUG - 2022-11-14 08:59:33 --> UTF-8 Support Enabled
DEBUG - 2022-11-14 08:59:33 --> No URI present. Default controller set.
DEBUG - 2022-11-14 08:59:33 --> Global POST, GET and COOKIE data sanitized
DEBUG - 2022-11-14 08:59:33 --> Config file loaded: /hwonpark/www/application/config/tree.php
DEBUG - 2022-11-14 08:59:33 --> Total execution time: 0.0533
DEBUG - 2022-11-14 09:02:14 --> UTF-8 Support Enabled
DEBUG - 2022-11-14 09:02:14 --> Global POST, GET and COOKIE data sanitized
DEBUG - 2022-11-14 09:02:14 --> Config file loaded: /hwonpark/www/application/config/tree.php
DEBUG - 2022-11-14 09:02:14 --> Total execution time: 0.0346
DEBUG - 2022-11-14 09:02:17 --> UTF-8 Support Enabled
DEBUG - 2022-11-14 09:02:17 --> Global POST, GET and COOKIE data sanitized
ERROR - 2022-11-14 09:02:17 --> 404 Page Not Found: Faviconico/index
DEBUG - 2022-11-14 09:02:24 --> UTF-8 Support Enabled
DEBUG - 2022-11-14 09:02:24 --> Global POST, GET and COOKIE data sanitized
DEBUG - 2022-11-14 09:02:24 --> Config file loaded: /hwonpark/www/application/config/tree.php
DEBUG - 2022-11-14 09:02:26 --> UTF-8 Support Enabled
DEBUG - 2022-11-14 09:02:26 --> Global POST, GET and COOKIE data sanitized
DEBUG - 2022-11-14 09:02:26 --> Config file loaded: /hwonpark/www/application/config/tree.php
DEBUG - 2022-11-14 09:02:26 --> Total execution time: 0.0257
DEBUG - 2022-11-14 09:02:33 --> UTF-8 Support Enabled
DEBUG - 2022-11-14 09:02:33 --> Global POST, GET and COOKIE data sanitized
DEBUG - 2022-11-14 09:02:33 --> Config file loaded: /hwonpark/www/application/config/tree.php
DEBUG - 2022-11-14 09:02:35 --> UTF-8 Support Enabled
DEBUG - 2022-11-14 09:02:35 --> Global POST, GET and COOKIE data sanitized
DEBUG - 2022-11-14 09:02:35 --> Config file loaded: /hwonpark/www/application/config/tree.php
DEBUG - 2022-11-14 09:02:35 --> Total execution time: 0.0431
DEBUG - 2022-11-14 09:02:46 --> UTF-8 Support Enabled
DEBUG - 2022-11-14 09:02:46 --> Global POST, GET and COOKIE data sanitized
DEBUG - 2022-11-14 09:02:46 --> Config file loaded: /hwonpark/www/application/config/tree.php
DEBUG - 2022-11-14 09:02:48 --> UTF-8 Support Enabled
DEBUG - 2022-11-14 09:02:48 --> Global POST, GET and COOKIE data sanitized
DEBUG - 2022-11-14 09:02:48 --> Config file loaded: /hwonpark/www/application/config/tree.php
DEBUG - 2022-11-14 09:02:48 --> Total execution time: 0.0275
DEBUG - 2022-11-14 09:02:57 --> UTF-8 Support Enabled
DEBUG - 2022-11-14 09:02:57 --> Global POST, GET and COOKIE data sanitized
DEBUG - 2022-11-14 09:02:57 --> Config file loaded: /hwonpark/www/application/config/tree.php
DEBUG - 2022-11-14 09:02:58 --> UTF-8 Support Enabled
DEBUG - 2022-11-14 09:02:58 --> Global POST, GET and COOKIE data sanitized
DEBUG - 2022-11-14 09:02:58 --> Config file loaded: /hwonpark/www/application/config/tree.php
DEBUG - 2022-11-14 09:02:58 --> Encryption: Auto-configured driver 'openssl'.
DEBUG - 2022-11-14 09:02:58 --> UTF-8 Support Enabled
DEBUG - 2022-11-14 09:02:58 --> Global POST, GET and COOKIE data sanitized
DEBUG - 2022-11-14 09:02:58 --> Config file loaded: /hwonpark/www/application/config/tree.php
DEBUG - 2022-11-14 09:02:58 --> Encryption: Auto-configured driver 'openssl'.
DEBUG - 2022-11-14 09:02:58 --> Encryption class already loaded. Second attempt ignored.
DEBUG - 2022-11-14 09:02:58 --> Total execution time: 0.0672
DEBUG - 2022-11-14 09:03:07 --> UTF-8 Support Enabled
DEBUG - 2022-11-14 09:03:07 --> Global POST, GET and COOKIE data sanitized
DEBUG - 2022-11-14 09:03:07 --> Config file loaded: /hwonpark/www/application/config/tree.php
DEBUG - 2022-11-14 09:03:07 --> Encryption: Auto-configured driver 'openssl'.
DEBUG - 2022-11-14 09:03:07 --> Encryption class already loaded. Second attempt ignored.
DEBUG - 2022-11-14 09:03:07 --> Total execution time: 0.0422
DEBUG - 2022-11-14 09:03:08 --> UTF-8 Support Enabled
DEBUG - 2022-11-14 09:03:08 --> Global POST, GET and COOKIE data sanitized
DEBUG - 2022-11-14 09:03:08 --> Config file loaded: /hwonpark/www/application/config/tree.php
DEBUG - 2022-11-14 09:03:08 --> Encryption: Auto-configured driver 'openssl'.
DEBUG - 2022-11-14 09:03:08 --> Encryption class already loaded. Second attempt ignored.
DEBUG - 2022-11-14 09:03:08 --> Total execution time: 0.0729
DEBUG - 2022-11-14 09:03:10 --> UTF-8 Support Enabled
DEBUG - 2022-11-14 09:03:10 --> Global POST, GET and COOKIE data sanitized
DEBUG - 2022-11-14 09:03:10 --> Total execution time: 0.0205
DEBUG - 2022-11-14 09:03:11 --> UTF-8 Support Enabled
DEBUG - 2022-11-14 09:03:11 --> Global POST, GET and COOKIE data sanitized
DEBUG - 2022-11-14 09:03:11 --> Config file loaded: /hwonpark/www/application/config/tree.php
DEBUG - 2022-11-14 09:03:11 --> Encryption: Auto-configured driver 'openssl'.
DEBUG - 2022-11-14 09:03:11 --> Encryption class already loaded. Second attempt ignored.
DEBUG - 2022-11-14 09:03:11 --> Total execution time: 0.0397
DEBUG - 2022-11-14 09:03:23 --> UTF-8 Support Enabled
DEBUG - 2022-11-14 09:03:23 --> Global POST, GET and COOKIE data sanitized
DEBUG - 2022-11-14 09:03:23 --> Config file loaded: /hwonpark/www/application/config/tree.php
DEBUG - 2022-11-14 09:03:23 --> Encryption: Auto-configured driver 'openssl'.
DEBUG - 2022-11-14 09:03:23 --> Total execution time: 0.0312
DEBUG - 2022-11-14 09:03:35 --> UTF-8 Support Enabled
DEBUG - 2022-11-14 09:03:35 --> Global POST, GET and COOKIE data sanitized
DEBUG - 2022-11-14 09:03:35 --> Config file loaded: /hwonpark/www/application/config/tree.php
DEBUG - 2022-11-14 09:03:35 --> Encryption: Auto-configured driver 'openssl'.
DEBUG - 2022-11-14 09:03:35 --> Total execution time: 0.0555
DEBUG - 2022-11-14 09:03:39 --> UTF-8 Support Enabled
DEBUG - 2022-11-14 09:03:39 --> Global POST, GET and COOKIE data sanitized
DEBUG - 2022-11-14 09:03:39 --> Config file loaded: /hwonpark/www/application/config/tree.php
DEBUG - 2022-11-14 09:03:39 --> Encryption: Auto-configured driver 'openssl'.
DEBUG - 2022-11-14 09:03:39 --> Total execution time: 0.0396
DEBUG - 2022-11-14 09:03:52 --> UTF-8 Support Enabled
DEBUG - 2022-11-14 09:03:52 --> Global POST, GET and COOKIE data sanitized
DEBUG - 2022-11-14 09:03:52 --> Config file loaded: /hwonpark/www/application/config/tree.php
DEBUG - 2022-11-14 09:03:52 --> Encryption: Auto-configured driver 'openssl'.
DEBUG - 2022-11-14 09:03:52 --> Total execution time: 0.0364
DEBUG - 2022-11-14 09:03:53 --> UTF-8 Support Enabled
DEBUG - 2022-11-14 09:03:53 --> Global POST, GET and COOKIE data sanitized
DEBUG - 2022-11-14 09:03:53 --> Config file loaded: /hwonpark/www/application/config/tree.php
DEBUG - 2022-11-14 09:03:53 --> Encryption: Auto-configured driver 'openssl'.
DEBUG - 2022-11-14 09:03:53 --> Total execution time: 0.0883
DEBUG - 2022-11-14 09:03:59 --> UTF-8 Support Enabled
DEBUG - 2022-11-14 09:03:59 --> Global POST, GET and COOKIE data sanitized
DEBUG - 2022-11-14 09:03:59 --> Config file loaded: /hwonpark/www/application/config/tree.php
DEBUG - 2022-11-14 09:03:59 --> Encryption: Auto-configured driver 'openssl'.
DEBUG - 2022-11-14 09:03:59 --> Total execution time: 0.0528
DEBUG - 2022-11-14 09:04:01 --> UTF-8 Support Enabled
DEBUG - 2022-11-14 09:04:01 --> Global POST, GET and COOKIE data sanitized
DEBUG - 2022-11-14 09:04:01 --> Config file loaded: /hwonpark/www/application/config/tree.php
DEBUG - 2022-11-14 09:04:01 --> Encryption: Auto-configured driver 'openssl'.
DEBUG - 2022-11-14 09:04:01 --> Total execution time: 0.0808
DEBUG - 2022-11-14 09:07:25 --> UTF-8 Support Enabled
DEBUG - 2022-11-14 09:07:25 --> Global POST, GET and COOKIE data sanitized
DEBUG - 2022-11-14 09:07:25 --> Config file loaded: /hwonpark/www/application/config/tree.php
DEBUG - 2022-11-14 09:07:25 --> Encryption: Auto-configured driver 'openssl'.
DEBUG - 2022-11-14 09:07:26 --> UTF-8 Support Enabled
DEBUG - 2022-11-14 09:07:26 --> Global POST, GET and COOKIE data sanitized
DEBUG - 2022-11-14 09:07:27 --> Config file loaded: /hwonpark/www/application/config/tree.php
DEBUG - 2022-11-14 09:07:27 --> Encryption: Auto-configured driver 'openssl'.
DEBUG - 2022-11-14 09:07:27 --> Total execution time: 0.0605
DEBUG - 2022-11-14 09:09:02 --> UTF-8 Support Enabled
DEBUG - 2022-11-14 09:09:02 --> Global POST, GET and COOKIE data sanitized
DEBUG - 2022-11-14 09:09:02 --> Config file loaded: /hwonpark/www/application/config/tree.php
DEBUG - 2022-11-14 09:09:02 --> Encryption: Auto-configured driver 'openssl'.
DEBUG - 2022-11-14 09:09:02 --> Total execution time: 0.0436
DEBUG - 2022-11-14 09:09:25 --> UTF-8 Support Enabled
DEBUG - 2022-11-14 09:09:25 --> Global POST, GET and COOKIE data sanitized
DEBUG - 2022-11-14 09:09:25 --> Config file loaded: /hwonpark/www/application/config/tree.php
DEBUG - 2022-11-14 09:09:25 --> Encryption: Auto-configured driver 'openssl'.
DEBUG - 2022-11-14 09:09:25 --> Total execution time: 0.0400
DEBUG - 2022-11-14 09:09:26 --> UTF-8 Support Enabled
DEBUG - 2022-11-14 09:09:26 --> Global POST, GET and COOKIE data sanitized
DEBUG - 2022-11-14 09:09:26 --> Config file loaded: /hwonpark/www/application/config/tree.php
DEBUG - 2022-11-14 09:09:26 --> Encryption: Auto-configured driver 'openssl'.
DEBUG - 2022-11-14 09:09:26 --> Total execution time: 0.0746
DEBUG - 2022-11-14 09:09:29 --> UTF-8 Support Enabled
DEBUG - 2022-11-14 09:09:29 --> Global POST, GET and COOKIE data sanitized
DEBUG - 2022-11-14 09:09:29 --> Config file loaded: /hwonpark/www/application/config/tree.php
DEBUG - 2022-11-14 09:09:29 --> Encryption: Auto-configured driver 'openssl'.
DEBUG - 2022-11-14 09:09:29 --> Total execution time: 0.0651
DEBUG - 2022-11-14 09:09:32 --> UTF-8 Support Enabled
DEBUG - 2022-11-14 09:09:32 --> Global POST, GET and COOKIE data sanitized
DEBUG - 2022-11-14 09:09:32 --> Config file loaded: /hwonpark/www/application/config/tree.php
DEBUG - 2022-11-14 09:09:32 --> Encryption: Auto-configured driver 'openssl'.
DEBUG - 2022-11-14 09:09:32 --> Total execution time: 0.0386
DEBUG - 2022-11-14 09:12:11 --> UTF-8 Support Enabled
DEBUG - 2022-11-14 09:12:11 --> No URI present. Default controller set.
DEBUG - 2022-11-14 09:12:11 --> Global POST, GET and COOKIE data sanitized
DEBUG - 2022-11-14 09:12:11 --> Config file loaded: /hwonpark/www/application/config/tree.php
DEBUG - 2022-11-14 09:12:11 --> Total execution time: 0.0325
DEBUG - 2022-11-14 09:12:12 --> UTF-8 Support Enabled
DEBUG - 2022-11-14 09:12:12 --> Global POST, GET and COOKIE data sanitized
ERROR - 2022-11-14 09:12:12 --> 404 Page Not Found: Faviconico/index
DEBUG - 2022-11-14 09:16:04 --> UTF-8 Support Enabled
DEBUG - 2022-11-14 09:16:04 --> Global POST, GET and COOKIE data sanitized
DEBUG - 2022-11-14 09:16:04 --> Config file loaded: /hwonpark/www/application/config/tree.php
DEBUG - 2022-11-14 09:16:04 --> Encryption: Auto-configured driver 'openssl'.
DEBUG - 2022-11-14 09:16:05 --> UTF-8 Support Enabled
DEBUG - 2022-11-14 09:16:05 --> Global POST, GET and COOKIE data sanitized
DEBUG - 2022-11-14 09:16:05 --> Config file loaded: /hwonpark/www/application/config/tree.php
DEBUG - 2022-11-14 09:16:05 --> Encryption: Auto-configured driver 'openssl'.
DEBUG - 2022-11-14 09:16:05 --> Total execution time: 0.0363
DEBUG - 2022-11-14 09:16:40 --> UTF-8 Support Enabled
DEBUG - 2022-11-14 09:16:40 --> Global POST, GET and COOKIE data sanitized
DEBUG - 2022-11-14 09:16:40 --> Config file loaded: /hwonpark/www/application/config/tree.php
DEBUG - 2022-11-14 09:16:40 --> Encryption: Auto-configured driver 'openssl'.
DEBUG - 2022-11-14 09:16:40 --> Total execution time: 0.0355
DEBUG - 2022-11-14 09:18:15 --> UTF-8 Support Enabled
DEBUG - 2022-11-14 09:18:15 --> Global POST, GET and COOKIE data sanitized
DEBUG - 2022-11-14 09:18:15 --> Config file loaded: /hwonpark/www/application/config/tree.php
DEBUG - 2022-11-14 09:18:15 --> Encryption: Auto-configured driver 'openssl'.
DEBUG - 2022-11-14 09:18:17 --> UTF-8 Support Enabled
DEBUG - 2022-11-14 09:18:17 --> Global POST, GET and COOKIE data sanitized
DEBUG - 2022-11-14 09:18:17 --> Config file loaded: /hwonpark/www/application/config/tree.php
DEBUG - 2022-11-14 09:18:17 --> Encryption: Auto-configured driver 'openssl'.
DEBUG - 2022-11-14 09:18:17 --> Total execution time: 0.0651
DEBUG - 2022-11-14 09:18:19 --> UTF-8 Support Enabled
DEBUG - 2022-11-14 09:18:19 --> Global POST, GET and COOKIE data sanitized
DEBUG - 2022-11-14 09:18:19 --> Config file loaded: /hwonpark/www/application/config/tree.php
DEBUG - 2022-11-14 09:18:19 --> Encryption: Auto-configured driver 'openssl'.
DEBUG - 2022-11-14 09:18:19 --> Total execution time: 0.0447
DEBUG - 2022-11-14 09:18:22 --> UTF-8 Support Enabled
DEBUG - 2022-11-14 09:18:22 --> Global POST, GET and COOKIE data sanitized
DEBUG - 2022-11-14 09:18:22 --> Config file loaded: /hwonpark/www/application/config/tree.php
DEBUG - 2022-11-14 09:18:22 --> Encryption: Auto-configured driver 'openssl'.
DEBUG - 2022-11-14 09:18:22 --> Total execution time: 0.0731
DEBUG - 2022-11-14 09:18:23 --> UTF-8 Support Enabled
DEBUG - 2022-11-14 09:18:23 --> Global POST, GET and COOKIE data sanitized
DEBUG - 2022-11-14 09:18:23 --> Config file loaded: /hwonpark/www/application/config/tree.php
DEBUG - 2022-11-14 09:18:23 --> Encryption: Auto-configured driver 'openssl'.
DEBUG - 2022-11-14 09:18:23 --> Total execution time: 0.0436
DEBUG - 2022-11-14 09:18:25 --> UTF-8 Support Enabled
DEBUG - 2022-11-14 09:18:25 --> Global POST, GET and COOKIE data sanitized
DEBUG - 2022-11-14 09:18:25 --> Config file loaded: /hwonpark/www/application/config/tree.php
DEBUG - 2022-11-14 09:18:25 --> Encryption: Auto-configured driver 'openssl'.
DEBUG - 2022-11-14 09:18:25 --> Total execution time: 0.0356
DEBUG - 2022-11-14 09:18:26 --> UTF-8 Support Enabled
DEBUG - 2022-11-14 09:18:26 --> Global POST, GET and COOKIE data sanitized
DEBUG - 2022-11-14 09:18:26 --> Config file loaded: /hwonpark/www/application/config/tree.php
DEBUG - 2022-11-14 09:18:26 --> Encryption: Auto-configured driver 'openssl'.
DEBUG - 2022-11-14 09:18:26 --> Total execution time: 0.0873
DEBUG - 2022-11-14 09:18:29 --> UTF-8 Support Enabled
DEBUG - 2022-11-14 09:18:29 --> Global POST, GET and COOKIE data sanitized
DEBUG - 2022-11-14 09:18:30 --> Config file loaded: /hwonpark/www/application/config/tree.php
DEBUG - 2022-11-14 09:18:30 --> Encryption: Auto-configured driver 'openssl'.
DEBUG - 2022-11-14 09:18:30 --> Total execution time: 0.0710
DEBUG - 2022-11-14 09:18:31 --> UTF-8 Support Enabled
DEBUG - 2022-11-14 09:18:31 --> Global POST, GET and COOKIE data sanitized
DEBUG - 2022-11-14 09:18:31 --> Config file loaded: /hwonpark/www/application/config/tree.php
DEBUG - 2022-11-14 09:18:31 --> Encryption: Auto-configured driver 'openssl'.
DEBUG - 2022-11-14 09:18:31 --> Total execution time: 0.0462
DEBUG - 2022-11-14 09:18:32 --> UTF-8 Support Enabled
DEBUG - 2022-11-14 09:18:32 --> Global POST, GET and COOKIE data sanitized
DEBUG - 2022-11-14 09:18:32 --> Config file loaded: /hwonpark/www/application/config/tree.php
DEBUG - 2022-11-14 09:18:32 --> Encryption: Auto-configured driver 'openssl'.
DEBUG - 2022-11-14 09:18:32 --> Total execution time: 0.0393
DEBUG - 2022-11-14 09:20:59 --> UTF-8 Support Enabled
DEBUG - 2022-11-14 09:20:59 --> Global POST, GET and COOKIE data sanitized
DEBUG - 2022-11-14 09:20:59 --> Config file loaded: /hwonpark/www/application/config/tree.php
DEBUG - 2022-11-14 09:20:59 --> Encryption: Auto-configured driver 'openssl'.
DEBUG - 2022-11-14 09:20:59 --> UTF-8 Support Enabled
DEBUG - 2022-11-14 09:20:59 --> Global POST, GET and COOKIE data sanitized
DEBUG - 2022-11-14 09:20:59 --> Config file loaded: /hwonpark/www/application/config/tree.php
DEBUG - 2022-11-14 09:20:59 --> Encryption: Auto-configured driver 'openssl'.
DEBUG - 2022-11-14 09:20:59 --> Total execution time: 0.0369
DEBUG - 2022-11-14 09:22:29 --> UTF-8 Support Enabled
DEBUG - 2022-11-14 09:22:29 --> Global POST, GET and COOKIE data sanitized
DEBUG - 2022-11-14 09:22:29 --> Config file loaded: /hwonpark/www/application/config/tree.php
DEBUG - 2022-11-14 09:22:29 --> Encryption: Auto-configured driver 'openssl'.
DEBUG - 2022-11-14 09:22:29 --> Encryption class already loaded. Second attempt ignored.
DEBUG - 2022-11-14 09:22:29 --> Total execution time: 0.0642
DEBUG - 2022-11-14 09:23:33 --> UTF-8 Support Enabled
DEBUG - 2022-11-14 09:23:33 --> Global POST, GET and COOKIE data sanitized
DEBUG - 2022-11-14 09:23:33 --> Config file loaded: /hwonpark/www/application/config/tree.php
DEBUG - 2022-11-14 09:23:33 --> Encryption: Auto-configured driver 'openssl'.
DEBUG - 2022-11-14 09:23:33 --> Encryption class already loaded. Second attempt ignored.
DEBUG - 2022-11-14 09:23:33 --> Total execution time: 0.1107
DEBUG - 2022-11-14 09:24:16 --> UTF-8 Support Enabled
DEBUG - 2022-11-14 09:24:16 --> Global POST, GET and COOKIE data sanitized
DEBUG - 2022-11-14 09:24:16 --> Config file loaded: /hwonpark/www/application/config/tree.php
DEBUG - 2022-11-14 09:24:16 --> Encryption: Auto-configured driver 'openssl'.
DEBUG - 2022-11-14 09:24:16 --> Encryption class already loaded. Second attempt ignored.
DEBUG - 2022-11-14 09:24:16 --> Total execution time: 0.0384
DEBUG - 2022-11-14 09:25:36 --> UTF-8 Support Enabled
DEBUG - 2022-11-14 09:25:36 --> Global POST, GET and COOKIE data sanitized
DEBUG - 2022-11-14 09:25:36 --> Config file loaded: /hwonpark/www/application/config/tree.php
DEBUG - 2022-11-14 09:25:36 --> Encryption: Auto-configured driver 'openssl'.
DEBUG - 2022-11-14 09:25:36 --> Encryption class already loaded. Second attempt ignored.
DEBUG - 2022-11-14 09:25:36 --> Total execution time: 0.0572
DEBUG - 2022-11-14 09:25:40 --> UTF-8 Support Enabled
DEBUG - 2022-11-14 09:25:40 --> Global POST, GET and COOKIE data sanitized
DEBUG - 2022-11-14 09:25:41 --> Config file loaded: /hwonpark/www/application/config/tree.php
DEBUG - 2022-11-14 09:25:41 --> Encryption: Auto-configured driver 'openssl'.
DEBUG - 2022-11-14 09:25:41 --> Encryption class already loaded. Second attempt ignored.
DEBUG - 2022-11-14 09:25:41 --> Total execution time: 0.0659
DEBUG - 2022-11-14 09:26:00 --> UTF-8 Support Enabled
DEBUG - 2022-11-14 09:26:00 --> Global POST, GET and COOKIE data sanitized
DEBUG - 2022-11-14 09:26:00 --> Config file loaded: /hwonpark/www/application/config/tree.php
DEBUG - 2022-11-14 09:26:00 --> Encryption: Auto-configured driver 'openssl'.
DEBUG - 2022-11-14 09:26:00 --> Encryption class already loaded. Second attempt ignored.
DEBUG - 2022-11-14 09:26:00 --> Total execution time: 0.0510
DEBUG - 2022-11-14 09:26:03 --> UTF-8 Support Enabled
DEBUG - 2022-11-14 09:26:03 --> Global POST, GET and COOKIE data sanitized
DEBUG - 2022-11-14 09:26:03 --> Config file loaded: /hwonpark/www/application/config/tree.php
DEBUG - 2022-11-14 09:26:03 --> Encryption: Auto-configured driver 'openssl'.
DEBUG - 2022-11-14 09:26:03 --> Encryption class already loaded. Second attempt ignored.
DEBUG - 2022-11-14 09:26:03 --> Total execution time: 0.0417
DEBUG - 2022-11-14 09:26:04 --> UTF-8 Support Enabled
DEBUG - 2022-11-14 09:26:04 --> Global POST, GET and COOKIE data sanitized
DEBUG - 2022-11-14 09:26:04 --> Config file loaded: /hwonpark/www/application/config/tree.php
DEBUG - 2022-11-14 09:26:04 --> Encryption: Auto-configured driver 'openssl'.
DEBUG - 2022-11-14 09:26:04 --> Encryption class already loaded. Second attempt ignored.
DEBUG - 2022-11-14 09:26:04 --> Total execution time: 0.0319
DEBUG - 2022-11-14 09:26:05 --> UTF-8 Support Enabled
DEBUG - 2022-11-14 09:26:05 --> Global POST, GET and COOKIE data sanitized
DEBUG - 2022-11-14 09:26:05 --> Config file loaded: /hwonpark/www/application/config/tree.php
DEBUG - 2022-11-14 09:26:05 --> Encryption: Auto-configured driver 'openssl'.
DEBUG - 2022-11-14 09:26:05 --> Encryption class already loaded. Second attempt ignored.
DEBUG - 2022-11-14 09:26:05 --> Total execution time: 0.0456
DEBUG - 2022-11-14 09:26:06 --> UTF-8 Support Enabled
DEBUG - 2022-11-14 09:26:06 --> Global POST, GET and COOKIE data sanitized
DEBUG - 2022-11-14 09:26:06 --> Config file loaded: /hwonpark/www/application/config/tree.php
DEBUG - 2022-11-14 09:26:06 --> Encryption: Auto-configured driver 'openssl'.
DEBUG - 2022-11-14 09:26:06 --> Encryption class already loaded. Second attempt ignored.
DEBUG - 2022-11-14 09:26:06 --> Total execution time: 0.0542
DEBUG - 2022-11-14 09:28:36 --> UTF-8 Support Enabled
DEBUG - 2022-11-14 09:28:36 --> Global POST, GET and COOKIE data sanitized
DEBUG - 2022-11-14 09:28:36 --> Config file loaded: /hwonpark/www/application/config/tree.php
DEBUG - 2022-11-14 09:28:36 --> Encryption: Auto-configured driver 'openssl'.
DEBUG - 2022-11-14 09:28:36 --> Total execution time: 0.0536
DEBUG - 2022-11-14 09:34:35 --> UTF-8 Support Enabled
DEBUG - 2022-11-14 09:34:35 --> Global POST, GET and COOKIE data sanitized
DEBUG - 2022-11-14 09:34:35 --> Config file loaded: /hwonpark/www/application/config/tree.php
DEBUG - 2022-11-14 09:34:35 --> Encryption: Auto-configured driver 'openssl'.
DEBUG - 2022-11-14 09:34:35 --> Total execution time: 0.0845
DEBUG - 2022-11-14 09:34:58 --> UTF-8 Support Enabled
DEBUG - 2022-11-14 09:34:58 --> Global POST, GET and COOKIE data sanitized
DEBUG - 2022-11-14 09:34:58 --> Config file loaded: /hwonpark/www/application/config/tree.php
DEBUG - 2022-11-14 09:34:58 --> Encryption: Auto-configured driver 'openssl'.
DEBUG - 2022-11-14 09:34:58 --> UTF-8 Support Enabled
DEBUG - 2022-11-14 09:34:58 --> Global POST, GET and COOKIE data sanitized
DEBUG - 2022-11-14 09:34:58 --> Config file loaded: /hwonpark/www/application/config/tree.php
DEBUG - 2022-11-14 09:34:58 --> Encryption: Auto-configured driver 'openssl'.
DEBUG - 2022-11-14 09:34:58 --> Encryption class already loaded. Second attempt ignored.
DEBUG - 2022-11-14 09:34:58 --> Total execution time: 0.0424
DEBUG - 2022-11-14 09:35:00 --> UTF-8 Support Enabled
DEBUG - 2022-11-14 09:35:00 --> Global POST, GET and COOKIE data sanitized
DEBUG - 2022-11-14 09:35:00 --> Config file loaded: /hwonpark/www/application/config/tree.php
DEBUG - 2022-11-14 09:35:00 --> Encryption: Auto-configured driver 'openssl'.
DEBUG - 2022-11-14 09:35:00 --> Total execution time: 0.0624
DEBUG - 2022-11-14 09:35:01 --> UTF-8 Support Enabled
DEBUG - 2022-11-14 09:35:01 --> Global POST, GET and COOKIE data sanitized
DEBUG - 2022-11-14 09:35:01 --> Config file loaded: /hwonpark/www/application/config/tree.php
DEBUG - 2022-11-14 09:35:02 --> Encryption: Auto-configured driver 'openssl'.
DEBUG - 2022-11-14 09:35:02 --> Total execution time: 0.0396
DEBUG - 2022-11-14 09:35:41 --> UTF-8 Support Enabled
DEBUG - 2022-11-14 09:35:41 --> Global POST, GET and COOKIE data sanitized
DEBUG - 2022-11-14 09:35:42 --> Config file loaded: /hwonpark/www/application/config/tree.php
DEBUG - 2022-11-14 09:35:42 --> Encryption: Auto-configured driver 'openssl'.
DEBUG - 2022-11-14 09:35:42 --> Total execution time: 0.0554
DEBUG - 2022-11-14 09:36:44 --> UTF-8 Support Enabled
DEBUG - 2022-11-14 09:36:44 --> Global POST, GET and COOKIE data sanitized
DEBUG - 2022-11-14 09:36:44 --> Config file loaded: /hwonpark/www/application/config/tree.php
DEBUG - 2022-11-14 09:36:44 --> Encryption: Auto-configured driver 'openssl'.
ERROR - 2022-11-14 09:36:44 --> Could not find the language line "imglib_invalid_image"
ERROR - 2022-11-14 09:36:44 --> imglib_invalid_image
DEBUG - 2022-11-14 09:36:44 --> DL_schema class already loaded. Second attempt ignored.
DEBUG - 2022-11-14 09:36:45 --> UTF-8 Support Enabled
DEBUG - 2022-11-14 09:36:45 --> Global POST, GET and COOKIE data sanitized
DEBUG - 2022-11-14 09:36:45 --> Config file loaded: /hwonpark/www/application/config/tree.php
DEBUG - 2022-11-14 09:36:45 --> Encryption: Auto-configured driver 'openssl'.
DEBUG - 2022-11-14 09:36:45 --> Total execution time: 0.0712
DEBUG - 2022-11-14 09:36:46 --> UTF-8 Support Enabled
DEBUG - 2022-11-14 09:36:46 --> Global POST, GET and COOKIE data sanitized
DEBUG - 2022-11-14 09:36:46 --> Config file loaded: /hwonpark/www/application/config/tree.php
DEBUG - 2022-11-14 09:36:46 --> Encryption: Auto-configured driver 'openssl'.
DEBUG - 2022-11-14 09:36:46 --> Total execution time: 0.0375
DEBUG - 2022-11-14 09:36:48 --> UTF-8 Support Enabled
DEBUG - 2022-11-14 09:36:48 --> Global POST, GET and COOKIE data sanitized
DEBUG - 2022-11-14 09:36:48 --> Config file loaded: /hwonpark/www/application/config/tree.php
DEBUG - 2022-11-14 09:36:48 --> Encryption: Auto-configured driver 'openssl'.
DEBUG - 2022-11-14 09:36:48 --> Total execution time: 0.0469
DEBUG - 2022-11-14 09:36:50 --> UTF-8 Support Enabled
DEBUG - 2022-11-14 09:36:50 --> Global POST, GET and COOKIE data sanitized
DEBUG - 2022-11-14 09:36:50 --> Config file loaded: /hwonpark/www/application/config/tree.php
DEBUG - 2022-11-14 09:36:50 --> Encryption: Auto-configured driver 'openssl'.
DEBUG - 2022-11-14 09:36:50 --> Total execution time: 0.0685
DEBUG - 2022-11-14 09:36:52 --> UTF-8 Support Enabled
DEBUG - 2022-11-14 09:36:52 --> Global POST, GET and COOKIE data sanitized
DEBUG - 2022-11-14 09:36:52 --> Config file loaded: /hwonpark/www/application/config/tree.php
DEBUG - 2022-11-14 09:36:52 --> Encryption: Auto-configured driver 'openssl'.
DEBUG - 2022-11-14 09:36:52 --> Total execution time: 0.0590
DEBUG - 2022-11-14 09:36:56 --> UTF-8 Support Enabled
DEBUG - 2022-11-14 09:36:56 --> Global POST, GET and COOKIE data sanitized
DEBUG - 2022-11-14 09:36:57 --> Config file loaded: /hwonpark/www/application/config/tree.php
DEBUG - 2022-11-14 09:36:57 --> Encryption: Auto-configured driver 'openssl'.
DEBUG - 2022-11-14 09:36:57 --> Total execution time: 0.0492
DEBUG - 2022-11-14 09:36:58 --> UTF-8 Support Enabled
DEBUG - 2022-11-14 09:36:58 --> Global POST, GET and COOKIE data sanitized
DEBUG - 2022-11-14 09:36:58 --> Config file loaded: /hwonpark/www/application/config/tree.php
DEBUG - 2022-11-14 09:36:58 --> Encryption: Auto-configured driver 'openssl'.
DEBUG - 2022-11-14 09:36:58 --> Total execution time: 0.0668
DEBUG - 2022-11-14 09:36:59 --> UTF-8 Support Enabled
DEBUG - 2022-11-14 09:36:59 --> Global POST, GET and COOKIE data sanitized
DEBUG - 2022-11-14 09:36:59 --> Config file loaded: /hwonpark/www/application/config/tree.php
DEBUG - 2022-11-14 09:36:59 --> Encryption: Auto-configured driver 'openssl'.
DEBUG - 2022-11-14 09:36:59 --> Total execution time: 0.0525
DEBUG - 2022-11-14 09:37:22 --> UTF-8 Support Enabled
DEBUG - 2022-11-14 09:37:22 --> Global POST, GET and COOKIE data sanitized
DEBUG - 2022-11-14 09:37:22 --> Config file loaded: /hwonpark/www/application/config/tree.php
DEBUG - 2022-11-14 09:37:22 --> Encryption: Auto-configured driver 'openssl'.
DEBUG - 2022-11-14 09:37:22 --> UTF-8 Support Enabled
DEBUG - 2022-11-14 09:37:22 --> Global POST, GET and COOKIE data sanitized
DEBUG - 2022-11-14 09:37:22 --> Config file loaded: /hwonpark/www/application/config/tree.php
DEBUG - 2022-11-14 09:37:22 --> Encryption: Auto-configured driver 'openssl'.
DEBUG - 2022-11-14 09:37:22 --> Total execution time: 0.0387
DEBUG - 2022-11-14 09:38:40 --> UTF-8 Support Enabled
DEBUG - 2022-11-14 09:38:40 --> Global POST, GET and COOKIE data sanitized
DEBUG - 2022-11-14 09:38:40 --> Config file loaded: /hwonpark/www/application/config/tree.php
DEBUG - 2022-11-14 09:38:40 --> Encryption: Auto-configured driver 'openssl'.
DEBUG - 2022-11-14 09:38:40 --> Total execution time: 0.0428
DEBUG - 2022-11-14 09:41:10 --> UTF-8 Support Enabled
DEBUG - 2022-11-14 09:41:10 --> No URI present. Default controller set.
DEBUG - 2022-11-14 09:41:10 --> Global POST, GET and COOKIE data sanitized
DEBUG - 2022-11-14 09:41:10 --> Config file loaded: /hwonpark/www/application/config/tree.php
DEBUG - 2022-11-14 09:41:10 --> Total execution time: 0.0295
DEBUG - 2022-11-14 09:41:14 --> UTF-8 Support Enabled
DEBUG - 2022-11-14 09:41:14 --> No URI present. Default controller set.
DEBUG - 2022-11-14 09:41:14 --> Global POST, GET and COOKIE data sanitized
DEBUG - 2022-11-14 09:41:14 --> Config file loaded: /hwonpark/www/application/config/tree.php
DEBUG - 2022-11-14 09:41:14 --> Total execution time: 0.0305
DEBUG - 2022-11-14 09:41:19 --> UTF-8 Support Enabled
DEBUG - 2022-11-14 09:41:19 --> Global POST, GET and COOKIE data sanitized
DEBUG - 2022-11-14 09:41:19 --> Config file loaded: /hwonpark/www/application/config/tree.php
DEBUG - 2022-11-14 09:41:19 --> Total execution time: 0.0426
DEBUG - 2022-11-14 09:41:21 --> UTF-8 Support Enabled
DEBUG - 2022-11-14 09:41:21 --> No URI present. Default controller set.
DEBUG - 2022-11-14 09:41:21 --> Global POST, GET and COOKIE data sanitized
DEBUG - 2022-11-14 09:41:21 --> Config file loaded: /hwonpark/www/application/config/tree.php
DEBUG - 2022-11-14 09:41:21 --> Total execution time: 0.0541
DEBUG - 2022-11-14 09:48:21 --> UTF-8 Support Enabled
DEBUG - 2022-11-14 09:48:21 --> Global POST, GET and COOKIE data sanitized
DEBUG - 2022-11-14 09:48:21 --> Config file loaded: /hwonpark/www/application/config/tree.php
DEBUG - 2022-11-14 09:48:21 --> Encryption: Auto-configured driver 'openssl'.
ERROR - 2022-11-14 09:48:21 --> Could not find the language line "imglib_invalid_image"
ERROR - 2022-11-14 09:48:21 --> imglib_invalid_image
DEBUG - 2022-11-14 09:48:21 --> DL_schema class already loaded. Second attempt ignored.
DEBUG - 2022-11-14 09:48:23 --> UTF-8 Support Enabled
DEBUG - 2022-11-14 09:48:23 --> Global POST, GET and COOKIE data sanitized
DEBUG - 2022-11-14 09:48:23 --> Config file loaded: /hwonpark/www/application/config/tree.php
DEBUG - 2022-11-14 09:48:23 --> Encryption: Auto-configured driver 'openssl'.
DEBUG - 2022-11-14 09:48:23 --> Total execution time: 0.0394
DEBUG - 2022-11-14 09:56:47 --> UTF-8 Support Enabled
DEBUG - 2022-11-14 09:56:47 --> No URI present. Default controller set.
DEBUG - 2022-11-14 09:56:47 --> Global POST, GET and COOKIE data sanitized
DEBUG - 2022-11-14 09:56:47 --> Config file loaded: /hwonpark/www/application/config/tree.php
DEBUG - 2022-11-14 09:56:47 --> Total execution time: 0.0330
DEBUG - 2022-11-14 10:11:07 --> UTF-8 Support Enabled
DEBUG - 2022-11-14 10:11:07 --> Global POST, GET and COOKIE data sanitized
DEBUG - 2022-11-14 10:11:07 --> Config file loaded: /hwonpark/www/application/config/tree.php
DEBUG - 2022-11-14 10:11:07 --> Total execution time: 0.0595
DEBUG - 2022-11-14 10:11:08 --> UTF-8 Support Enabled
DEBUG - 2022-11-14 10:11:08 --> No URI present. Default controller set.
DEBUG - 2022-11-14 10:11:08 --> Global POST, GET and COOKIE data sanitized
DEBUG - 2022-11-14 10:11:08 --> Config file loaded: /hwonpark/www/application/config/tree.php
DEBUG - 2022-11-14 10:11:08 --> Total execution time: 0.0325
DEBUG - 2022-11-14 10:11:09 --> UTF-8 Support Enabled
DEBUG - 2022-11-14 10:11:09 --> Global POST, GET and COOKIE data sanitized
ERROR - 2022-11-14 10:11:09 --> 404 Page Not Found: Faviconico/index
DEBUG - 2022-11-14 10:11:13 --> UTF-8 Support Enabled
DEBUG - 2022-11-14 10:11:13 --> No URI present. Default controller set.
DEBUG - 2022-11-14 10:11:13 --> Global POST, GET and COOKIE data sanitized
DEBUG - 2022-11-14 10:11:13 --> Config file loaded: /hwonpark/www/application/config/tree.php
DEBUG - 2022-11-14 10:11:13 --> Total execution time: 0.0263
DEBUG - 2022-11-14 10:11:21 --> UTF-8 Support Enabled
DEBUG - 2022-11-14 10:11:21 --> No URI present. Default controller set.
DEBUG - 2022-11-14 10:11:21 --> Global POST, GET and COOKIE data sanitized
DEBUG - 2022-11-14 10:11:21 --> Config file loaded: /hwonpark/www/application/config/tree.php
DEBUG - 2022-11-14 10:11:21 --> Total execution time: 0.0275
DEBUG - 2022-11-14 10:12:28 --> UTF-8 Support Enabled
DEBUG - 2022-11-14 10:12:28 --> Global POST, GET and COOKIE data sanitized
ERROR - 2022-11-14 10:12:28 --> 404 Page Not Found: Https:/center-pf.kakao.com
DEBUG - 2022-11-14 10:18:20 --> UTF-8 Support Enabled
DEBUG - 2022-11-14 10:18:20 --> No URI present. Default controller set.
DEBUG - 2022-11-14 10:18:20 --> Global POST, GET and COOKIE data sanitized
DEBUG - 2022-11-14 10:18:20 --> Config file loaded: /hwonpark/www/application/config/tree.php
DEBUG - 2022-11-14 10:18:20 --> Total execution time: 0.0301
DEBUG - 2022-11-14 10:24:39 --> UTF-8 Support Enabled
DEBUG - 2022-11-14 10:24:39 --> Global POST, GET and COOKIE data sanitized
DEBUG - 2022-11-14 10:24:39 --> Config file loaded: /hwonpark/www/application/config/tree.php
DEBUG - 2022-11-14 10:24:41 --> UTF-8 Support Enabled
DEBUG - 2022-11-14 10:24:41 --> Global POST, GET and COOKIE data sanitized
DEBUG - 2022-11-14 10:24:41 --> Config file loaded: /hwonpark/www/application/config/tree.php
DEBUG - 2022-11-14 10:24:41 --> Total execution time: 0.0351
DEBUG - 2022-11-14 10:24:50 --> UTF-8 Support Enabled
DEBUG - 2022-11-14 10:24:50 --> Global POST, GET and COOKIE data sanitized
DEBUG - 2022-11-14 10:24:50 --> Config file loaded: /hwonpark/www/application/config/tree.php
DEBUG - 2022-11-14 10:24:50 --> Total execution time: 0.0565
DEBUG - 2022-11-14 10:24:57 --> UTF-8 Support Enabled
DEBUG - 2022-11-14 10:24:57 --> Global POST, GET and COOKIE data sanitized
DEBUG - 2022-11-14 10:24:57 --> Config file loaded: /hwonpark/www/application/config/tree.php
DEBUG - 2022-11-14 10:25:01 --> UTF-8 Support Enabled
DEBUG - 2022-11-14 10:25:01 --> Global POST, GET and COOKIE data sanitized
DEBUG - 2022-11-14 10:25:01 --> Config file loaded: /hwonpark/www/application/config/tree.php
DEBUG - 2022-11-14 10:25:01 --> Encryption: Auto-configured driver 'openssl'.
DEBUG - 2022-11-14 10:25:02 --> UTF-8 Support Enabled
DEBUG - 2022-11-14 10:25:02 --> Global POST, GET and COOKIE data sanitized
DEBUG - 2022-11-14 10:25:02 --> Config file loaded: /hwonpark/www/application/config/tree.php
DEBUG - 2022-11-14 10:25:02 --> Encryption: Auto-configured driver 'openssl'.
DEBUG - 2022-11-14 10:25:02 --> Encryption class already loaded. Second attempt ignored.
DEBUG - 2022-11-14 10:25:02 --> Total execution time: 0.0430
DEBUG - 2022-11-14 10:27:04 --> UTF-8 Support Enabled
DEBUG - 2022-11-14 10:27:04 --> No URI present. Default controller set.
DEBUG - 2022-11-14 10:27:04 --> Global POST, GET and COOKIE data sanitized
DEBUG - 2022-11-14 10:27:04 --> Config file loaded: /hwonpark/www/application/config/tree.php
DEBUG - 2022-11-14 10:27:04 --> Total execution time: 0.0339
DEBUG - 2022-11-14 10:27:05 --> UTF-8 Support Enabled
DEBUG - 2022-11-14 10:27:05 --> No URI present. Default controller set.
DEBUG - 2022-11-14 10:27:05 --> Global POST, GET and COOKIE data sanitized
DEBUG - 2022-11-14 10:27:05 --> Config file loaded: /hwonpark/www/application/config/tree.php
DEBUG - 2022-11-14 10:27:06 --> Total execution time: 0.0314
DEBUG - 2022-11-14 10:27:06 --> UTF-8 Support Enabled
DEBUG - 2022-11-14 10:27:06 --> Global POST, GET and COOKIE data sanitized
ERROR - 2022-11-14 10:27:06 --> 404 Page Not Found: Faviconico/index
DEBUG - 2022-11-14 10:46:53 --> UTF-8 Support Enabled
DEBUG - 2022-11-14 10:46:53 --> No URI present. Default controller set.
DEBUG - 2022-11-14 10:46:53 --> Global POST, GET and COOKIE data sanitized
DEBUG - 2022-11-14 10:46:53 --> Config file loaded: /hwonpark/www/application/config/tree.php
DEBUG - 2022-11-14 10:46:53 --> Total execution time: 0.0293
DEBUG - 2022-11-14 10:46:54 --> UTF-8 Support Enabled
DEBUG - 2022-11-14 10:46:54 --> Global POST, GET and COOKIE data sanitized
ERROR - 2022-11-14 10:46:54 --> 404 Page Not Found: Faviconico/index
DEBUG - 2022-11-14 10:47:03 --> UTF-8 Support Enabled
DEBUG - 2022-11-14 10:47:03 --> Global POST, GET and COOKIE data sanitized
DEBUG - 2022-11-14 10:47:03 --> Config file loaded: /hwonpark/www/application/config/tree.php
DEBUG - 2022-11-14 10:47:03 --> Total execution time: 0.0387
DEBUG - 2022-11-14 10:47:07 --> UTF-8 Support Enabled
DEBUG - 2022-11-14 10:47:07 --> Global POST, GET and COOKIE data sanitized
DEBUG - 2022-11-14 10:47:07 --> Config file loaded: /hwonpark/www/application/config/tree.php
DEBUG - 2022-11-14 10:47:07 --> Total execution time: 0.0526
DEBUG - 2022-11-14 10:47:08 --> UTF-8 Support Enabled
DEBUG - 2022-11-14 10:47:08 --> Global POST, GET and COOKIE data sanitized
DEBUG - 2022-11-14 10:47:08 --> Config file loaded: /hwonpark/www/application/config/tree.php
DEBUG - 2022-11-14 10:47:08 --> =================== DL_auth-> oauth::CALLBACK - 시작
DEBUG - 2022-11-14 10:47:08 --> =================== DL_auth-> oauth::CALLBACK - kakao param=:: error=
DEBUG - 2022-11-14 10:47:08 --> =================== DL_auth-> oauth::CALLBACK - kakao param=:: state=
DEBUG - 2022-11-14 10:47:08 --> =================== DL_auth-> oauth::CALLBACK - kakao param=:: code=bYGuVWAZ3MaytxfyK0VoiHH-7gn8QW_yp4k7dYAdzt8nljIfyE1xB3cxxwf919xAwLW9Ewo9dZoAAAGEc9GgbA
DEBUG - 2022-11-14 10:47:08 --> =================== DL_auth -> kakao oauth :2: code=bYGuVWAZ3MaytxfyK0VoiHH-7gn8QW_yp4k7dYAdzt8nljIfyE1xB3cxxwf919xAwLW9Ewo9dZoAAAGEc9GgbA
DEBUG - 2022-11-14 10:47:08 --> ====================Dl_auth -> kakao_login :: 시작
DEBUG - 2022-11-14 10:47:08 --> --------------------Dl_auth::kakao_login - 1.토큰요청 시작
DEBUG - 2022-11-14 10:47:08 --> Dl_auth::kakao_login - get_token 시작 n=2
DEBUG - 2022-11-14 10:47:08 --> --------------------Dl_auth::kakao_login - 1.2.토큰요청 시작 -> 기타브라우저
DEBUG - 2022-11-14 10:47:08 --> --------------------Dl_auth::kakao_login - 1.3.토큰요청
DEBUG - 2022-11-14 10:47:08 --> --------------------Dl_auth::kakao_login - 1.4.토큰요청 -> 성공
DEBUG - 2022-11-14 10:47:08 --> UTF-8 Support Enabled
DEBUG - 2022-11-14 10:47:08 --> Global POST, GET and COOKIE data sanitized
DEBUG - 2022-11-14 10:47:09 --> Config file loaded: /hwonpark/www/application/config/tree.php
DEBUG - 2022-11-14 10:47:09 --> =================== DL_auth-> oauth::CALLBACK - 시작
DEBUG - 2022-11-14 10:47:09 --> =================== DL_auth-> oauth::CALLBACK - kakao param=:: error=
DEBUG - 2022-11-14 10:47:09 --> =================== DL_auth-> oauth::CALLBACK - kakao param=:: state=
DEBUG - 2022-11-14 10:47:09 --> =================== DL_auth-> oauth::CALLBACK - kakao param=:: code=bYGuVWAZ3MaytxfyK0VoiHH-7gn8QW_yp4k7dYAdzt8nljIfyE1xB3cxxwf919xAwLW9Ewo9dZoAAAGEc9GgbA
DEBUG - 2022-11-14 10:47:09 --> =================== DL_auth -> kakao oauth :2: code=bYGuVWAZ3MaytxfyK0VoiHH-7gn8QW_yp4k7dYAdzt8nljIfyE1xB3cxxwf919xAwLW9Ewo9dZoAAAGEc9GgbA
DEBUG - 2022-11-14 10:47:09 --> ====================Dl_auth -> kakao_login :: 시작
DEBUG - 2022-11-14 10:47:09 --> ====================Dl_auth::kakao_login - 1.3.5- 사이트 회원정보 업데이트 성공(카카오 인증 완료) state=
DEBUG - 2022-11-14 10:47:10 --> UTF-8 Support Enabled
DEBUG - 2022-11-14 10:47:10 --> Global POST, GET and COOKIE data sanitized
DEBUG - 2022-11-14 10:47:10 --> Config file loaded: /hwonpark/www/application/config/tree.php
DEBUG - 2022-11-14 10:47:10 --> Encryption: Auto-configured driver 'openssl'.
DEBUG - 2022-11-14 10:47:10 --> Total execution time: 0.0321
DEBUG - 2022-11-14 10:47:22 --> UTF-8 Support Enabled
DEBUG - 2022-11-14 10:47:22 --> Global POST, GET and COOKIE data sanitized
DEBUG - 2022-11-14 10:47:22 --> Config file loaded: /hwonpark/www/application/config/tree.php
DEBUG - 2022-11-14 10:47:22 --> Encryption: Auto-configured driver 'openssl'.
DEBUG - 2022-11-14 10:47:22 --> Total execution time: 0.0596
DEBUG - 2022-11-14 10:47:23 --> UTF-8 Support Enabled
DEBUG - 2022-11-14 10:47:23 --> Global POST, GET and COOKIE data sanitized
DEBUG - 2022-11-14 10:47:23 --> Config file loaded: /hwonpark/www/application/config/tree.php
DEBUG - 2022-11-14 10:47:23 --> Encryption: Auto-configured driver 'openssl'.
DEBUG - 2022-11-14 10:47:23 --> Total execution time: 0.0944
DEBUG - 2022-11-14 11:07:19 --> UTF-8 Support Enabled
DEBUG - 2022-11-14 11:07:19 --> No URI present. Default controller set.
DEBUG - 2022-11-14 11:07:19 --> Global POST, GET and COOKIE data sanitized
DEBUG - 2022-11-14 11:07:19 --> Config file loaded: /hwonpark/www/application/config/tree.php
DEBUG - 2022-11-14 11:07:19 --> Total execution time: 0.0312
DEBUG - 2022-11-14 11:07:27 --> UTF-8 Support Enabled
DEBUG - 2022-11-14 11:07:27 --> Global POST, GET and COOKIE data sanitized
ERROR - 2022-11-14 11:07:27 --> 404 Page Not Found: Faviconico/index
DEBUG - 2022-11-14 11:10:32 --> UTF-8 Support Enabled
DEBUG - 2022-11-14 11:10:32 --> No URI present. Default controller set.
DEBUG - 2022-11-14 11:10:32 --> Global POST, GET and COOKIE data sanitized
DEBUG - 2022-11-14 11:10:32 --> Config file loaded: /hwonpark/www/application/config/tree.php
DEBUG - 2022-11-14 11:10:32 --> Total execution time: 0.0387
DEBUG - 2022-11-14 11:10:37 --> UTF-8 Support Enabled
DEBUG - 2022-11-14 11:10:37 --> Global POST, GET and COOKIE data sanitized
ERROR - 2022-11-14 11:10:37 --> 404 Page Not Found: Faviconico/index
DEBUG - 2022-11-14 11:10:55 --> UTF-8 Support Enabled
DEBUG - 2022-11-14 11:10:55 --> Global POST, GET and COOKIE data sanitized
DEBUG - 2022-11-14 11:10:55 --> Config file loaded: /hwonpark/www/application/config/tree.php
DEBUG - 2022-11-14 11:10:55 --> Total execution time: 0.0523
DEBUG - 2022-11-14 11:15:24 --> UTF-8 Support Enabled
DEBUG - 2022-11-14 11:15:24 --> Global POST, GET and COOKIE data sanitized
DEBUG - 2022-11-14 11:15:25 --> Config file loaded: /hwonpark/www/application/config/tree.php
DEBUG - 2022-11-14 11:15:25 --> Total execution time: 0.0482
DEBUG - 2022-11-14 11:15:37 --> UTF-8 Support Enabled
DEBUG - 2022-11-14 11:15:37 --> Global POST, GET and COOKIE data sanitized
DEBUG - 2022-11-14 11:15:38 --> Config file loaded: /hwonpark/www/application/config/tree.php
DEBUG - 2022-11-14 11:15:38 --> Total execution time: 0.0671
DEBUG - 2022-11-14 11:20:33 --> UTF-8 Support Enabled
DEBUG - 2022-11-14 11:20:33 --> Global POST, GET and COOKIE data sanitized
DEBUG - 2022-11-14 11:20:33 --> Config file loaded: /hwonpark/www/application/config/tree.php
DEBUG - 2022-11-14 11:20:33 --> Total execution time: 0.0310
DEBUG - 2022-11-14 11:20:46 --> UTF-8 Support Enabled
DEBUG - 2022-11-14 11:20:46 --> Global POST, GET and COOKIE data sanitized
DEBUG - 2022-11-14 11:20:46 --> Config file loaded: /hwonpark/www/application/config/tree.php
DEBUG - 2022-11-14 11:20:48 --> UTF-8 Support Enabled
DEBUG - 2022-11-14 11:20:48 --> Global POST, GET and COOKIE data sanitized
DEBUG - 2022-11-14 11:20:48 --> Config file loaded: /hwonpark/www/application/config/tree.php
DEBUG - 2022-11-14 11:20:48 --> Encryption: Auto-configured driver 'openssl'.
DEBUG - 2022-11-14 11:20:48 --> UTF-8 Support Enabled
DEBUG - 2022-11-14 11:20:48 --> Global POST, GET and COOKIE data sanitized
DEBUG - 2022-11-14 11:20:48 --> Config file loaded: /hwonpark/www/application/config/tree.php
DEBUG - 2022-11-14 11:20:48 --> Encryption: Auto-configured driver 'openssl'.
DEBUG - 2022-11-14 11:20:48 --> Encryption class already loaded. Second attempt ignored.
DEBUG - 2022-11-14 11:20:48 --> Total execution time: 0.0383
DEBUG - 2022-11-14 11:21:49 --> UTF-8 Support Enabled
DEBUG - 2022-11-14 11:21:49 --> Global POST, GET and COOKIE data sanitized
DEBUG - 2022-11-14 11:21:49 --> Config file loaded: /hwonpark/www/application/config/tree.php
DEBUG - 2022-11-14 11:21:49 --> Encryption: Auto-configured driver 'openssl'.
DEBUG - 2022-11-14 11:21:49 --> Total execution time: 0.0497
DEBUG - 2022-11-14 11:21:52 --> UTF-8 Support Enabled
DEBUG - 2022-11-14 11:21:52 --> Global POST, GET and COOKIE data sanitized
DEBUG - 2022-11-14 11:21:52 --> Config file loaded: /hwonpark/www/application/config/tree.php
DEBUG - 2022-11-14 11:21:52 --> Encryption: Auto-configured driver 'openssl'.
DEBUG - 2022-11-14 11:21:52 --> Total execution time: 0.0390
DEBUG - 2022-11-14 11:21:55 --> UTF-8 Support Enabled
DEBUG - 2022-11-14 11:21:55 --> Global POST, GET and COOKIE data sanitized
DEBUG - 2022-11-14 11:21:55 --> Config file loaded: /hwonpark/www/application/config/tree.php
DEBUG - 2022-11-14 11:21:55 --> Encryption: Auto-configured driver 'openssl'.
DEBUG - 2022-11-14 11:21:55 --> Total execution time: 0.0421
DEBUG - 2022-11-14 11:22:40 --> UTF-8 Support Enabled
DEBUG - 2022-11-14 11:22:40 --> Global POST, GET and COOKIE data sanitized
DEBUG - 2022-11-14 11:22:40 --> Config file loaded: /hwonpark/www/application/config/tree.php
DEBUG - 2022-11-14 11:22:40 --> Encryption: Auto-configured driver 'openssl'.
DEBUG - 2022-11-14 11:22:41 --> UTF-8 Support Enabled
DEBUG - 2022-11-14 11:22:41 --> Global POST, GET and COOKIE data sanitized
DEBUG - 2022-11-14 11:22:41 --> Config file loaded: /hwonpark/www/application/config/tree.php
DEBUG - 2022-11-14 11:22:41 --> Encryption: Auto-configured driver 'openssl'.
DEBUG - 2022-11-14 11:22:41 --> Total execution time: 0.0564
DEBUG - 2022-11-14 11:22:50 --> UTF-8 Support Enabled
DEBUG - 2022-11-14 11:22:50 --> Global POST, GET and COOKIE data sanitized
DEBUG - 2022-11-14 11:22:50 --> Config file loaded: /hwonpark/www/application/config/tree.php
DEBUG - 2022-11-14 11:22:50 --> Encryption: Auto-configured driver 'openssl'.
DEBUG - 2022-11-14 11:22:50 --> Total execution time: 0.0618
DEBUG - 2022-11-14 11:23:13 --> UTF-8 Support Enabled
DEBUG - 2022-11-14 11:23:13 --> Global POST, GET and COOKIE data sanitized
DEBUG - 2022-11-14 11:23:13 --> Config file loaded: /hwonpark/www/application/config/tree.php
DEBUG - 2022-11-14 11:23:14 --> Encryption: Auto-configured driver 'openssl'.
DEBUG - 2022-11-14 11:23:15 --> UTF-8 Support Enabled
DEBUG - 2022-11-14 11:23:15 --> Global POST, GET and COOKIE data sanitized
DEBUG - 2022-11-14 11:23:15 --> Config file loaded: /hwonpark/www/application/config/tree.php
DEBUG - 2022-11-14 11:23:15 --> Encryption: Auto-configured driver 'openssl'.
DEBUG - 2022-11-14 11:23:15 --> Total execution time: 0.0361
DEBUG - 2022-11-14 11:24:20 --> UTF-8 Support Enabled
DEBUG - 2022-11-14 11:24:20 --> Global POST, GET and COOKIE data sanitized
DEBUG - 2022-11-14 11:24:20 --> Config file loaded: /hwonpark/www/application/config/tree.php
DEBUG - 2022-11-14 11:24:20 --> Encryption: Auto-configured driver 'openssl'.
DEBUG - 2022-11-14 11:24:20 --> Total execution time: 0.0513
DEBUG - 2022-11-14 11:24:46 --> UTF-8 Support Enabled
DEBUG - 2022-11-14 11:24:46 --> Global POST, GET and COOKIE data sanitized
DEBUG - 2022-11-14 11:24:46 --> Config file loaded: /hwonpark/www/application/config/tree.php
DEBUG - 2022-11-14 11:24:46 --> Encryption: Auto-configured driver 'openssl'.
DEBUG - 2022-11-14 11:24:46 --> Total execution time: 0.0372
DEBUG - 2022-11-14 11:24:49 --> UTF-8 Support Enabled
DEBUG - 2022-11-14 11:24:49 --> Global POST, GET and COOKIE data sanitized
DEBUG - 2022-11-14 11:24:49 --> Config file loaded: /hwonpark/www/application/config/tree.php
DEBUG - 2022-11-14 11:24:49 --> Encryption: Auto-configured driver 'openssl'.
DEBUG - 2022-11-14 11:24:49 --> Total execution time: 0.0521
DEBUG - 2022-11-14 11:29:07 --> UTF-8 Support Enabled
DEBUG - 2022-11-14 11:29:07 --> Global POST, GET and COOKIE data sanitized
DEBUG - 2022-11-14 11:29:08 --> Config file loaded: /hwonpark/www/application/config/tree.php
DEBUG - 2022-11-14 11:29:08 --> Encryption: Auto-configured driver 'openssl'.
DEBUG - 2022-11-14 11:29:08 --> Total execution time: 0.0890
DEBUG - 2022-11-14 11:30:35 --> UTF-8 Support Enabled
DEBUG - 2022-11-14 11:30:35 --> Global POST, GET and COOKIE data sanitized
DEBUG - 2022-11-14 11:30:35 --> Config file loaded: /hwonpark/www/application/config/tree.php
DEBUG - 2022-11-14 11:30:35 --> Encryption: Auto-configured driver 'openssl'.
DEBUG - 2022-11-14 11:30:35 --> UTF-8 Support Enabled
DEBUG - 2022-11-14 11:30:35 --> Global POST, GET and COOKIE data sanitized
DEBUG - 2022-11-14 11:30:35 --> Config file loaded: /hwonpark/www/application/config/tree.php
DEBUG - 2022-11-14 11:30:35 --> Encryption: Auto-configured driver 'openssl'.
DEBUG - 2022-11-14 11:30:35 --> Total execution time: 0.0348
DEBUG - 2022-11-14 11:34:41 --> UTF-8 Support Enabled
DEBUG - 2022-11-14 11:34:41 --> Global POST, GET and COOKIE data sanitized
DEBUG - 2022-11-14 11:34:41 --> Config file loaded: /hwonpark/www/application/config/tree.php
DEBUG - 2022-11-14 11:34:41 --> Encryption: Auto-configured driver 'openssl'.
DEBUG - 2022-11-14 11:34:41 --> Total execution time: 0.0449
DEBUG - 2022-11-14 11:34:43 --> UTF-8 Support Enabled
DEBUG - 2022-11-14 11:34:43 --> Global POST, GET and COOKIE data sanitized
DEBUG - 2022-11-14 11:34:43 --> Config file loaded: /hwonpark/www/application/config/tree.php
DEBUG - 2022-11-14 11:34:43 --> Encryption: Auto-configured driver 'openssl'.
DEBUG - 2022-11-14 11:34:43 --> Total execution time: 0.0632
DEBUG - 2022-11-14 11:35:13 --> UTF-8 Support Enabled
DEBUG - 2022-11-14 11:35:13 --> Global POST, GET and COOKIE data sanitized
DEBUG - 2022-11-14 11:35:13 --> Config file loaded: /hwonpark/www/application/config/tree.php
DEBUG - 2022-11-14 11:35:13 --> Encryption: Auto-configured driver 'openssl'.
DEBUG - 2022-11-14 11:35:15 --> UTF-8 Support Enabled
DEBUG - 2022-11-14 11:35:15 --> Global POST, GET and COOKIE data sanitized
DEBUG - 2022-11-14 11:35:15 --> Config file loaded: /hwonpark/www/application/config/tree.php
DEBUG - 2022-11-14 11:35:15 --> Encryption: Auto-configured driver 'openssl'.
DEBUG - 2022-11-14 11:35:15 --> Total execution time: 0.0375
DEBUG - 2022-11-14 11:35:43 --> UTF-8 Support Enabled
DEBUG - 2022-11-14 11:35:43 --> Global POST, GET and COOKIE data sanitized
DEBUG - 2022-11-14 11:35:43 --> Config file loaded: /hwonpark/www/application/config/tree.php
DEBUG - 2022-11-14 11:35:44 --> Encryption: Auto-configured driver 'openssl'.
DEBUG - 2022-11-14 11:35:44 --> Total execution time: 0.0776
DEBUG - 2022-11-14 11:36:01 --> UTF-8 Support Enabled
DEBUG - 2022-11-14 11:36:01 --> Global POST, GET and COOKIE data sanitized
DEBUG - 2022-11-14 11:36:02 --> Config file loaded: /hwonpark/www/application/config/tree.php
DEBUG - 2022-11-14 11:36:02 --> Encryption: Auto-configured driver 'openssl'.
DEBUG - 2022-11-14 11:36:03 --> UTF-8 Support Enabled
DEBUG - 2022-11-14 11:36:03 --> Global POST, GET and COOKIE data sanitized
DEBUG - 2022-11-14 11:36:03 --> Config file loaded: /hwonpark/www/application/config/tree.php
DEBUG - 2022-11-14 11:36:03 --> Encryption: Auto-configured driver 'openssl'.
DEBUG - 2022-11-14 11:36:03 --> Total execution time: 0.0705
DEBUG - 2022-11-14 11:36:24 --> UTF-8 Support Enabled
DEBUG - 2022-11-14 11:36:24 --> No URI present. Default controller set.
DEBUG - 2022-11-14 11:36:24 --> Global POST, GET and COOKIE data sanitized
DEBUG - 2022-11-14 11:36:24 --> Config file loaded: /hwonpark/www/application/config/tree.php
DEBUG - 2022-11-14 11:36:24 --> Total execution time: 0.0303
DEBUG - 2022-11-14 12:13:34 --> UTF-8 Support Enabled
DEBUG - 2022-11-14 12:13:34 --> No URI present. Default controller set.
DEBUG - 2022-11-14 12:13:34 --> Global POST, GET and COOKIE data sanitized
DEBUG - 2022-11-14 12:13:34 --> Config file loaded: /hwonpark/www/application/config/tree.php
DEBUG - 2022-11-14 12:13:34 --> Total execution time: 0.0308
DEBUG - 2022-11-14 12:31:48 --> UTF-8 Support Enabled
DEBUG - 2022-11-14 12:31:48 --> No URI present. Default controller set.
DEBUG - 2022-11-14 12:31:48 --> Global POST, GET and COOKIE data sanitized
DEBUG - 2022-11-14 12:31:48 --> Config file loaded: /hwonpark/www/application/config/tree.php
DEBUG - 2022-11-14 12:31:48 --> Total execution time: 0.0301
DEBUG - 2022-11-14 12:31:49 --> UTF-8 Support Enabled
DEBUG - 2022-11-14 12:31:49 --> Global POST, GET and COOKIE data sanitized
ERROR - 2022-11-14 12:31:49 --> 404 Page Not Found: Faviconico/index
DEBUG - 2022-11-14 12:32:30 --> UTF-8 Support Enabled
DEBUG - 2022-11-14 12:32:31 --> No URI present. Default controller set.
DEBUG - 2022-11-14 12:32:31 --> Global POST, GET and COOKIE data sanitized
DEBUG - 2022-11-14 12:32:31 --> Config file loaded: /hwonpark/www/application/config/tree.php
DEBUG - 2022-11-14 12:32:31 --> Total execution time: 0.0506
DEBUG - 2022-11-14 12:32:31 --> UTF-8 Support Enabled
DEBUG - 2022-11-14 12:32:31 --> Global POST, GET and COOKIE data sanitized
ERROR - 2022-11-14 12:32:31 --> 404 Page Not Found: Faviconico/index
DEBUG - 2022-11-14 13:40:00 --> UTF-8 Support Enabled
DEBUG - 2022-11-14 13:40:00 --> Global POST, GET and COOKIE data sanitized
DEBUG - 2022-11-14 13:40:00 --> Config file loaded: /hwonpark/www/application/config/tree.php
DEBUG - 2022-11-14 13:40:01 --> UTF-8 Support Enabled
DEBUG - 2022-11-14 13:40:01 --> No URI present. Default controller set.
DEBUG - 2022-11-14 13:40:01 --> Global POST, GET and COOKIE data sanitized
DEBUG - 2022-11-14 13:40:01 --> Config file loaded: /hwonpark/www/application/config/tree.php
DEBUG - 2022-11-14 13:40:01 --> Total execution time: 0.0344
DEBUG - 2022-11-14 13:44:09 --> UTF-8 Support Enabled
DEBUG - 2022-11-14 13:44:09 --> No URI present. Default controller set.
DEBUG - 2022-11-14 13:44:09 --> Global POST, GET and COOKIE data sanitized
DEBUG - 2022-11-14 13:44:09 --> Config file loaded: /hwonpark/www/application/config/tree.php
DEBUG - 2022-11-14 13:44:09 --> Total execution time: 0.0313
DEBUG - 2022-11-14 13:44:10 --> UTF-8 Support Enabled
DEBUG - 2022-11-14 13:44:10 --> Global POST, GET and COOKIE data sanitized
ERROR - 2022-11-14 13:44:10 --> 404 Page Not Found: Faviconico/index
DEBUG - 2022-11-14 13:52:17 --> UTF-8 Support Enabled
DEBUG - 2022-11-14 13:52:17 --> No URI present. Default controller set.
DEBUG - 2022-11-14 13:52:17 --> Global POST, GET and COOKIE data sanitized
DEBUG - 2022-11-14 13:52:17 --> Config file loaded: /hwonpark/www/application/config/tree.php
DEBUG - 2022-11-14 13:52:17 --> Total execution time: 0.0304
DEBUG - 2022-11-14 13:52:17 --> UTF-8 Support Enabled
DEBUG - 2022-11-14 13:52:17 --> Global POST, GET and COOKIE data sanitized
ERROR - 2022-11-14 13:52:17 --> 404 Page Not Found: Faviconico/index
DEBUG - 2022-11-14 14:10:32 --> UTF-8 Support Enabled
DEBUG - 2022-11-14 14:10:32 --> No URI present. Default controller set.
DEBUG - 2022-11-14 14:10:32 --> Global POST, GET and COOKIE data sanitized
DEBUG - 2022-11-14 14:10:32 --> Config file loaded: /hwonpark/www/application/config/tree.php
DEBUG - 2022-11-14 14:10:32 --> Total execution time: 0.0383
DEBUG - 2022-11-14 14:10:33 --> UTF-8 Support Enabled
DEBUG - 2022-11-14 14:10:33 --> Global POST, GET and COOKIE data sanitized
ERROR - 2022-11-14 14:10:33 --> 404 Page Not Found: Faviconico/index
DEBUG - 2022-11-14 14:10:50 --> UTF-8 Support Enabled
DEBUG - 2022-11-14 14:10:50 --> Global POST, GET and COOKIE data sanitized
DEBUG - 2022-11-14 14:10:50 --> Config file loaded: /hwonpark/www/application/config/tree.php
DEBUG - 2022-11-14 14:10:50 --> Total execution time: 0.0342
DEBUG - 2022-11-14 14:10:57 --> UTF-8 Support Enabled
DEBUG - 2022-11-14 14:10:57 --> Global POST, GET and COOKIE data sanitized
DEBUG - 2022-11-14 14:10:57 --> Config file loaded: /hwonpark/www/application/config/tree.php
DEBUG - 2022-11-14 14:10:57 --> =================== DL_auth-> oauth::CALLBACK - 시작
DEBUG - 2022-11-14 14:10:57 --> =================== DL_auth-> oauth::CALLBACK - kakao param=:: error=
DEBUG - 2022-11-14 14:10:57 --> =================== DL_auth-> oauth::CALLBACK - kakao param=:: state=
DEBUG - 2022-11-14 14:10:57 --> =================== DL_auth-> oauth::CALLBACK - kakao param=:: code=vOIG7g-zAaf2q22P2tqkvxQ8B5VbcTovzLpVmErQARH8N-692HCha7gTs-4HeoFYWTaiRQorDNIAAAGEdIw57A
DEBUG - 2022-11-14 14:10:57 --> =================== DL_auth -> kakao oauth :2: code=vOIG7g-zAaf2q22P2tqkvxQ8B5VbcTovzLpVmErQARH8N-692HCha7gTs-4HeoFYWTaiRQorDNIAAAGEdIw57A
DEBUG - 2022-11-14 14:10:57 --> ====================Dl_auth -> kakao_login :: 시작
DEBUG - 2022-11-14 14:10:57 --> --------------------Dl_auth::kakao_login - 1.토큰요청 시작
DEBUG - 2022-11-14 14:10:57 --> Dl_auth::kakao_login - get_token 시작 n=2
DEBUG - 2022-11-14 14:10:57 --> --------------------Dl_auth::kakao_login - 1.2.토큰요청 시작 -> 기타브라우저
DEBUG - 2022-11-14 14:10:57 --> --------------------Dl_auth::kakao_login - 1.3.토큰요청
DEBUG - 2022-11-14 14:10:57 --> --------------------Dl_auth::kakao_login - 1.4.토큰요청 -> 성공
DEBUG - 2022-11-14 14:10:57 --> UTF-8 Support Enabled
DEBUG - 2022-11-14 14:10:57 --> Global POST, GET and COOKIE data sanitized
DEBUG - 2022-11-14 14:10:57 --> Config file loaded: /hwonpark/www/application/config/tree.php
DEBUG - 2022-11-14 14:10:57 --> =================== DL_auth-> oauth::CALLBACK - 시작
DEBUG - 2022-11-14 14:10:57 --> =================== DL_auth-> oauth::CALLBACK - kakao param=:: error=
DEBUG - 2022-11-14 14:10:57 --> =================== DL_auth-> oauth::CALLBACK - kakao param=:: state=
DEBUG - 2022-11-14 14:10:57 --> =================== DL_auth-> oauth::CALLBACK - kakao param=:: code=vOIG7g-zAaf2q22P2tqkvxQ8B5VbcTovzLpVmErQARH8N-692HCha7gTs-4HeoFYWTaiRQorDNIAAAGEdIw57A
DEBUG - 2022-11-14 14:10:57 --> =================== DL_auth -> kakao oauth :2: code=vOIG7g-zAaf2q22P2tqkvxQ8B5VbcTovzLpVmErQARH8N-692HCha7gTs-4HeoFYWTaiRQorDNIAAAGEdIw57A
DEBUG - 2022-11-14 14:10:57 --> ====================Dl_auth -> kakao_login :: 시작
DEBUG - 2022-11-14 14:10:58 --> ====================Dl_auth::kakao_login - 1.3.5- 사이트 회원정보 업데이트 성공(카카오 인증 완료) state=
DEBUG - 2022-11-14 14:10:58 --> UTF-8 Support Enabled
DEBUG - 2022-11-14 14:10:58 --> Global POST, GET and COOKIE data sanitized
DEBUG - 2022-11-14 14:10:59 --> Config file loaded: /hwonpark/www/application/config/tree.php
DEBUG - 2022-11-14 14:10:59 --> Encryption: Auto-configured driver 'openssl'.
DEBUG - 2022-11-14 14:10:59 --> Total execution time: 0.0457
DEBUG - 2022-11-14 14:11:02 --> UTF-8 Support Enabled
DEBUG - 2022-11-14 14:11:02 --> Global POST, GET and COOKIE data sanitized
DEBUG - 2022-11-14 14:11:02 --> Config file loaded: /hwonpark/www/application/config/tree.php
DEBUG - 2022-11-14 14:11:02 --> Encryption: Auto-configured driver 'openssl'.
DEBUG - 2022-11-14 14:11:02 --> Total execution time: 0.1195
DEBUG - 2022-11-14 14:11:15 --> UTF-8 Support Enabled
DEBUG - 2022-11-14 14:11:15 --> Global POST, GET and COOKIE data sanitized
DEBUG - 2022-11-14 14:11:15 --> Config file loaded: /hwonpark/www/application/config/tree.php
DEBUG - 2022-11-14 14:11:15 --> Encryption: Auto-configured driver 'openssl'.
DEBUG - 2022-11-14 14:11:15 --> Total execution time: 0.0451
DEBUG - 2022-11-14 15:06:33 --> UTF-8 Support Enabled
DEBUG - 2022-11-14 15:06:33 --> No URI present. Default controller set.
DEBUG - 2022-11-14 15:06:33 --> Global POST, GET and COOKIE data sanitized
DEBUG - 2022-11-14 15:06:33 --> Config file loaded: /hwonpark/www/application/config/tree.php
DEBUG - 2022-11-14 15:06:33 --> Total execution time: 0.0597
DEBUG - 2022-11-14 15:06:35 --> UTF-8 Support Enabled
DEBUG - 2022-11-14 15:06:35 --> No URI present. Default controller set.
DEBUG - 2022-11-14 15:06:35 --> Global POST, GET and COOKIE data sanitized
DEBUG - 2022-11-14 15:06:35 --> Config file loaded: /hwonpark/www/application/config/tree.php
DEBUG - 2022-11-14 15:06:35 --> Total execution time: 0.0443
DEBUG - 2022-11-14 15:09:06 --> UTF-8 Support Enabled
DEBUG - 2022-11-14 15:09:06 --> No URI present. Default controller set.
DEBUG - 2022-11-14 15:09:06 --> Global POST, GET and COOKIE data sanitized
DEBUG - 2022-11-14 15:09:06 --> Config file loaded: /hwonpark/www/application/config/tree.php
DEBUG - 2022-11-14 15:09:06 --> Total execution time: 0.0310
DEBUG - 2022-11-14 15:09:17 --> UTF-8 Support Enabled
DEBUG - 2022-11-14 15:09:17 --> Global POST, GET and COOKIE data sanitized
DEBUG - 2022-11-14 15:09:17 --> Config file loaded: /hwonpark/www/application/config/tree.php
DEBUG - 2022-11-14 15:09:17 --> Total execution time: 0.0373
DEBUG - 2022-11-14 15:09:23 --> UTF-8 Support Enabled
DEBUG - 2022-11-14 15:09:23 --> No URI present. Default controller set.
DEBUG - 2022-11-14 15:09:23 --> Global POST, GET and COOKIE data sanitized
DEBUG - 2022-11-14 15:09:23 --> Config file loaded: /hwonpark/www/application/config/tree.php
DEBUG - 2022-11-14 15:09:23 --> Total execution time: 0.0603
DEBUG - 2022-11-14 15:09:25 --> UTF-8 Support Enabled
DEBUG - 2022-11-14 15:09:25 --> Global POST, GET and COOKIE data sanitized
DEBUG - 2022-11-14 15:09:25 --> Config file loaded: /hwonpark/www/application/config/tree.php
DEBUG - 2022-11-14 15:09:25 --> Total execution time: 0.0350
DEBUG - 2022-11-14 15:09:42 --> UTF-8 Support Enabled
DEBUG - 2022-11-14 15:09:42 --> Global POST, GET and COOKIE data sanitized
DEBUG - 2022-11-14 15:09:42 --> Config file loaded: /hwonpark/www/application/config/tree.php
DEBUG - 2022-11-14 15:09:42 --> Total execution time: 0.0734
DEBUG - 2022-11-14 15:09:53 --> UTF-8 Support Enabled
DEBUG - 2022-11-14 15:09:53 --> Global POST, GET and COOKIE data sanitized
DEBUG - 2022-11-14 15:09:53 --> Config file loaded: /hwonpark/www/application/config/tree.php
DEBUG - 2022-11-14 15:09:53 --> Total execution time: 0.0560
DEBUG - 2022-11-14 15:09:57 --> UTF-8 Support Enabled
DEBUG - 2022-11-14 15:09:57 --> No URI present. Default controller set.
DEBUG - 2022-11-14 15:09:57 --> Global POST, GET and COOKIE data sanitized
DEBUG - 2022-11-14 15:09:57 --> Config file loaded: /hwonpark/www/application/config/tree.php
DEBUG - 2022-11-14 15:09:57 --> Total execution time: 0.0376
DEBUG - 2022-11-14 15:10:00 --> UTF-8 Support Enabled
DEBUG - 2022-11-14 15:10:00 --> Global POST, GET and COOKIE data sanitized
DEBUG - 2022-11-14 15:10:00 --> Config file loaded: /hwonpark/www/application/config/tree.php
DEBUG - 2022-11-14 15:10:00 --> Total execution time: 0.0370
DEBUG - 2022-11-14 16:43:58 --> UTF-8 Support Enabled
DEBUG - 2022-11-14 16:43:58 --> No URI present. Default controller set.
DEBUG - 2022-11-14 16:43:58 --> Global POST, GET and COOKIE data sanitized
DEBUG - 2022-11-14 16:43:58 --> Config file loaded: /hwonpark/www/application/config/tree.php
DEBUG - 2022-11-14 16:43:58 --> Total execution time: 0.0314
DEBUG - 2022-11-14 16:44:00 --> UTF-8 Support Enabled
DEBUG - 2022-11-14 16:44:00 --> No URI present. Default controller set.
DEBUG - 2022-11-14 16:44:00 --> Global POST, GET and COOKIE data sanitized
DEBUG - 2022-11-14 16:44:00 --> Config file loaded: /hwonpark/www/application/config/tree.php
DEBUG - 2022-11-14 16:44:00 --> Total execution time: 0.0363
DEBUG - 2022-11-14 16:57:19 --> UTF-8 Support Enabled
DEBUG - 2022-11-14 16:57:19 --> Global POST, GET and COOKIE data sanitized
DEBUG - 2022-11-14 16:57:19 --> Config file loaded: /hwonpark/www/application/config/tree.php
DEBUG - 2022-11-14 16:57:19 --> Total execution time: 0.0701
DEBUG - 2022-11-14 16:57:21 --> UTF-8 Support Enabled
DEBUG - 2022-11-14 16:57:21 --> Global POST, GET and COOKIE data sanitized
ERROR - 2022-11-14 16:57:21 --> 404 Page Not Found: Faviconico/index
DEBUG - 2022-11-14 17:42:43 --> UTF-8 Support Enabled
DEBUG - 2022-11-14 17:42:43 --> No URI present. Default controller set.
DEBUG - 2022-11-14 17:42:43 --> Global POST, GET and COOKIE data sanitized
DEBUG - 2022-11-14 17:42:43 --> Config file loaded: /hwonpark/www/application/config/tree.php
DEBUG - 2022-11-14 17:42:43 --> Total execution time: 0.0366
DEBUG - 2022-11-14 17:42:48 --> UTF-8 Support Enabled
DEBUG - 2022-11-14 17:42:48 --> Global POST, GET and COOKIE data sanitized
ERROR - 2022-11-14 17:42:48 --> 404 Page Not Found: Faviconico/index
DEBUG - 2022-11-14 18:09:39 --> UTF-8 Support Enabled
DEBUG - 2022-11-14 18:09:39 --> No URI present. Default controller set.
DEBUG - 2022-11-14 18:09:39 --> Global POST, GET and COOKIE data sanitized
DEBUG - 2022-11-14 18:09:39 --> Config file loaded: /hwonpark/www/application/config/tree.php
DEBUG - 2022-11-14 18:09:39 --> Total execution time: 0.0297
DEBUG - 2022-11-14 18:09:46 --> UTF-8 Support Enabled
DEBUG - 2022-11-14 18:09:46 --> Global POST, GET and COOKIE data sanitized
ERROR - 2022-11-14 18:09:46 --> 404 Page Not Found: Faviconico/index
DEBUG - 2022-11-14 18:27:54 --> UTF-8 Support Enabled
DEBUG - 2022-11-14 18:27:54 --> No URI present. Default controller set.
DEBUG - 2022-11-14 18:27:54 --> Global POST, GET and COOKIE data sanitized
DEBUG - 2022-11-14 18:27:54 --> Config file loaded: /hwonpark/www/application/config/tree.php
DEBUG - 2022-11-14 18:27:54 --> Total execution time: 0.0312
DEBUG - 2022-11-14 19:36:12 --> UTF-8 Support Enabled
DEBUG - 2022-11-14 19:36:12 --> No URI present. Default controller set.
DEBUG - 2022-11-14 19:36:12 --> Global POST, GET and COOKIE data sanitized
DEBUG - 2022-11-14 19:36:12 --> Config file loaded: /hwonpark/www/application/config/tree.php
DEBUG - 2022-11-14 19:36:12 --> Total execution time: 0.0310
DEBUG - 2022-11-14 23:39:22 --> UTF-8 Support Enabled
DEBUG - 2022-11-14 23:39:22 --> Global POST, GET and COOKIE data sanitized
ERROR - 2022-11-14 23:39:22 --> 404 Page Not Found: _ignition/health-check
DEBUG - 2022-11-14 23:39:26 --> UTF-8 Support Enabled
DEBUG - 2022-11-14 23:39:26 --> Global POST, GET and COOKIE data sanitized
ERROR - 2022-11-14 23:39:26 --> 404 Page Not Found: Public/_ignition
DEBUG - 2022-11-14 23:39:29 --> UTF-8 Support Enabled
DEBUG - 2022-11-14 23:39:29 --> Global POST, GET and COOKIE data sanitized
ERROR - 2022-11-14 23:39:29 --> 404 Page Not Found: Wp-includes/wlwmanifest.xml
