DEBUG - 2022-09-16 00:06:26 --> UTF-8 Support Enabled
DEBUG - 2022-09-16 00:06:26 --> Global POST, GET and COOKIE data sanitized
DEBUG - 2022-09-16 00:06:26 --> Config file loaded: /hwonpark/www/application/config/tree.php
DEBUG - 2022-09-16 00:06:26 --> UTF-8 Support Enabled
DEBUG - 2022-09-16 00:06:26 --> Global POST, GET and COOKIE data sanitized
ERROR - 2022-09-16 00:06:26 --> 404 Page Not Found: Apple-touch-icon-120x120-precomposedpng/index
DEBUG - 2022-09-16 00:06:26 --> UTF-8 Support Enabled
DEBUG - 2022-09-16 00:06:26 --> Global POST, GET and COOKIE data sanitized
ERROR - 2022-09-16 00:06:26 --> 404 Page Not Found: Apple-touch-icon-120x120png/index
DEBUG - 2022-09-16 00:06:27 --> UTF-8 Support Enabled
DEBUG - 2022-09-16 00:06:27 --> Global POST, GET and COOKIE data sanitized
ERROR - 2022-09-16 00:06:27 --> 404 Page Not Found: Apple-touch-icon-precomposedpng/index
DEBUG - 2022-09-16 00:06:27 --> UTF-8 Support Enabled
DEBUG - 2022-09-16 00:06:27 --> Global POST, GET and COOKIE data sanitized
ERROR - 2022-09-16 00:06:27 --> 404 Page Not Found: Apple-touch-iconpng/index
DEBUG - 2022-09-16 00:06:27 --> UTF-8 Support Enabled
DEBUG - 2022-09-16 00:06:27 --> Global POST, GET and COOKIE data sanitized
ERROR - 2022-09-16 00:06:27 --> 404 Page Not Found: Faviconico/index
DEBUG - 2022-09-16 00:06:27 --> UTF-8 Support Enabled
DEBUG - 2022-09-16 00:06:27 --> Global POST, GET and COOKIE data sanitized
ERROR - 2022-09-16 00:06:27 --> 404 Page Not Found: Apple-touch-icon-120x120-precomposedpng/index
DEBUG - 2022-09-16 00:06:27 --> UTF-8 Support Enabled
DEBUG - 2022-09-16 00:06:27 --> Global POST, GET and COOKIE data sanitized
ERROR - 2022-09-16 00:06:27 --> 404 Page Not Found: Apple-touch-icon-120x120png/index
DEBUG - 2022-09-16 00:06:27 --> UTF-8 Support Enabled
DEBUG - 2022-09-16 00:06:27 --> Global POST, GET and COOKIE data sanitized
ERROR - 2022-09-16 00:06:27 --> 404 Page Not Found: Apple-touch-icon-precomposedpng/index
DEBUG - 2022-09-16 00:06:27 --> UTF-8 Support Enabled
DEBUG - 2022-09-16 00:06:27 --> Global POST, GET and COOKIE data sanitized
ERROR - 2022-09-16 00:06:27 --> 404 Page Not Found: Apple-touch-iconpng/index
DEBUG - 2022-09-16 00:06:27 --> UTF-8 Support Enabled
DEBUG - 2022-09-16 00:06:27 --> Global POST, GET and COOKIE data sanitized
ERROR - 2022-09-16 00:06:27 --> 404 Page Not Found: Faviconico/index
DEBUG - 2022-09-16 08:58:40 --> UTF-8 Support Enabled
DEBUG - 2022-09-16 08:58:40 --> Global POST, GET and COOKIE data sanitized
DEBUG - 2022-09-16 08:58:41 --> Config file loaded: /hwonpark/www/application/config/tree.php
DEBUG - 2022-09-16 08:58:41 --> Total execution time: 0.2202
DEBUG - 2022-09-16 08:58:42 --> UTF-8 Support Enabled
DEBUG - 2022-09-16 08:58:42 --> Global POST, GET and COOKIE data sanitized
ERROR - 2022-09-16 08:58:42 --> 404 Page Not Found: Faviconico/index
DEBUG - 2022-09-16 09:08:24 --> UTF-8 Support Enabled
DEBUG - 2022-09-16 09:08:24 --> No URI present. Default controller set.
DEBUG - 2022-09-16 09:08:24 --> Global POST, GET and COOKIE data sanitized
DEBUG - 2022-09-16 09:08:24 --> Config file loaded: /hwonpark/www/application/config/tree.php
DEBUG - 2022-09-16 09:08:25 --> Total execution time: 0.0762
DEBUG - 2022-09-16 09:08:26 --> UTF-8 Support Enabled
DEBUG - 2022-09-16 09:08:26 --> Global POST, GET and COOKIE data sanitized
ERROR - 2022-09-16 09:08:26 --> 404 Page Not Found: Faviconico/index
DEBUG - 2022-09-16 09:12:24 --> UTF-8 Support Enabled
DEBUG - 2022-09-16 09:12:24 --> Global POST, GET and COOKIE data sanitized
DEBUG - 2022-09-16 09:12:24 --> Config file loaded: /hwonpark/www/application/config/tree.php
DEBUG - 2022-09-16 09:12:24 --> Total execution time: 0.0362
DEBUG - 2022-09-16 09:12:29 --> UTF-8 Support Enabled
DEBUG - 2022-09-16 09:12:29 --> Global POST, GET and COOKIE data sanitized
DEBUG - 2022-09-16 09:12:29 --> Config file loaded: /hwonpark/www/application/config/tree.php
DEBUG - 2022-09-16 09:12:30 --> UTF-8 Support Enabled
DEBUG - 2022-09-16 09:12:30 --> Global POST, GET and COOKIE data sanitized
DEBUG - 2022-09-16 09:12:30 --> Config file loaded: /hwonpark/www/application/config/tree.php
DEBUG - 2022-09-16 09:12:30 --> Encryption: Auto-configured driver 'openssl'.
DEBUG - 2022-09-16 09:12:30 --> UTF-8 Support Enabled
DEBUG - 2022-09-16 09:12:30 --> Global POST, GET and COOKIE data sanitized
DEBUG - 2022-09-16 09:12:30 --> Config file loaded: /hwonpark/www/application/config/tree.php
DEBUG - 2022-09-16 09:12:30 --> Encryption: Auto-configured driver 'openssl'.
DEBUG - 2022-09-16 09:12:30 --> Encryption class already loaded. Second attempt ignored.
DEBUG - 2022-09-16 09:12:30 --> Total execution time: 0.0583
DEBUG - 2022-09-16 09:12:31 --> UTF-8 Support Enabled
DEBUG - 2022-09-16 09:12:31 --> Global POST, GET and COOKIE data sanitized
DEBUG - 2022-09-16 09:12:31 --> Config file loaded: /hwonpark/www/application/config/tree.php
DEBUG - 2022-09-16 09:12:31 --> Encryption: Auto-configured driver 'openssl'.
DEBUG - 2022-09-16 09:12:31 --> Total execution time: 0.0447
DEBUG - 2022-09-16 09:12:36 --> UTF-8 Support Enabled
DEBUG - 2022-09-16 09:12:36 --> Global POST, GET and COOKIE data sanitized
DEBUG - 2022-09-16 09:12:36 --> Config file loaded: /hwonpark/www/application/config/tree.php
DEBUG - 2022-09-16 09:12:36 --> Encryption: Auto-configured driver 'openssl'.
DEBUG - 2022-09-16 09:12:36 --> Total execution time: 0.0742
DEBUG - 2022-09-16 09:12:38 --> UTF-8 Support Enabled
DEBUG - 2022-09-16 09:12:38 --> Global POST, GET and COOKIE data sanitized
DEBUG - 2022-09-16 09:12:38 --> Config file loaded: /hwonpark/www/application/config/tree.php
DEBUG - 2022-09-16 09:12:38 --> Encryption: Auto-configured driver 'openssl'.
DEBUG - 2022-09-16 09:12:38 --> Total execution time: 0.0575
DEBUG - 2022-09-16 09:13:41 --> UTF-8 Support Enabled
DEBUG - 2022-09-16 09:13:41 --> Global POST, GET and COOKIE data sanitized
DEBUG - 2022-09-16 09:13:41 --> Config file loaded: /hwonpark/www/application/config/tree.php
DEBUG - 2022-09-16 09:13:41 --> Encryption: Auto-configured driver 'openssl'.
DEBUG - 2022-09-16 09:13:42 --> UTF-8 Support Enabled
DEBUG - 2022-09-16 09:13:42 --> Global POST, GET and COOKIE data sanitized
DEBUG - 2022-09-16 09:13:42 --> Config file loaded: /hwonpark/www/application/config/tree.php
DEBUG - 2022-09-16 09:13:42 --> Encryption: Auto-configured driver 'openssl'.
DEBUG - 2022-09-16 09:13:42 --> Total execution time: 0.0641
DEBUG - 2022-09-16 09:13:43 --> UTF-8 Support Enabled
DEBUG - 2022-09-16 09:13:43 --> Global POST, GET and COOKIE data sanitized
DEBUG - 2022-09-16 09:13:43 --> Config file loaded: /hwonpark/www/application/config/tree.php
DEBUG - 2022-09-16 09:13:43 --> Encryption: Auto-configured driver 'openssl'.
DEBUG - 2022-09-16 09:13:43 --> Total execution time: 0.0550
DEBUG - 2022-09-16 09:35:11 --> UTF-8 Support Enabled
DEBUG - 2022-09-16 09:35:11 --> Global POST, GET and COOKIE data sanitized
DEBUG - 2022-09-16 09:35:11 --> Config file loaded: /hwonpark/www/application/config/tree.php
DEBUG - 2022-09-16 09:35:13 --> UTF-8 Support Enabled
DEBUG - 2022-09-16 09:35:13 --> No URI present. Default controller set.
DEBUG - 2022-09-16 09:35:13 --> Global POST, GET and COOKIE data sanitized
DEBUG - 2022-09-16 09:35:13 --> Config file loaded: /hwonpark/www/application/config/tree.php
DEBUG - 2022-09-16 09:35:13 --> Total execution time: 0.0309
DEBUG - 2022-09-16 09:35:19 --> UTF-8 Support Enabled
DEBUG - 2022-09-16 09:35:19 --> Global POST, GET and COOKIE data sanitized
DEBUG - 2022-09-16 09:35:19 --> Config file loaded: /hwonpark/www/application/config/tree.php
DEBUG - 2022-09-16 09:35:19 --> Total execution time: 0.0528
DEBUG - 2022-09-16 09:35:27 --> UTF-8 Support Enabled
DEBUG - 2022-09-16 09:35:27 --> Global POST, GET and COOKIE data sanitized
DEBUG - 2022-09-16 09:35:27 --> Config file loaded: /hwonpark/www/application/config/tree.php
DEBUG - 2022-09-16 09:35:29 --> UTF-8 Support Enabled
DEBUG - 2022-09-16 09:35:29 --> Global POST, GET and COOKIE data sanitized
DEBUG - 2022-09-16 09:35:29 --> Config file loaded: /hwonpark/www/application/config/tree.php
DEBUG - 2022-09-16 09:35:29 --> Encryption: Auto-configured driver 'openssl'.
DEBUG - 2022-09-16 09:35:29 --> UTF-8 Support Enabled
DEBUG - 2022-09-16 09:35:29 --> Global POST, GET and COOKIE data sanitized
DEBUG - 2022-09-16 09:35:29 --> Config file loaded: /hwonpark/www/application/config/tree.php
DEBUG - 2022-09-16 09:35:29 --> Encryption: Auto-configured driver 'openssl'.
DEBUG - 2022-09-16 09:35:29 --> Encryption class already loaded. Second attempt ignored.
DEBUG - 2022-09-16 09:35:29 --> Total execution time: 0.0380
DEBUG - 2022-09-16 09:35:30 --> UTF-8 Support Enabled
DEBUG - 2022-09-16 09:35:30 --> Global POST, GET and COOKIE data sanitized
DEBUG - 2022-09-16 09:35:30 --> Config file loaded: /hwonpark/www/application/config/tree.php
DEBUG - 2022-09-16 09:35:30 --> Encryption: Auto-configured driver 'openssl'.
DEBUG - 2022-09-16 09:35:30 --> Total execution time: 0.0649
DEBUG - 2022-09-16 09:35:31 --> UTF-8 Support Enabled
DEBUG - 2022-09-16 09:35:31 --> Global POST, GET and COOKIE data sanitized
DEBUG - 2022-09-16 09:35:31 --> Config file loaded: /hwonpark/www/application/config/tree.php
DEBUG - 2022-09-16 09:35:31 --> Encryption: Auto-configured driver 'openssl'.
DEBUG - 2022-09-16 09:35:31 --> Total execution time: 0.0648
DEBUG - 2022-09-16 09:35:33 --> UTF-8 Support Enabled
DEBUG - 2022-09-16 09:35:33 --> Global POST, GET and COOKIE data sanitized
DEBUG - 2022-09-16 09:35:33 --> Config file loaded: /hwonpark/www/application/config/tree.php
DEBUG - 2022-09-16 09:35:33 --> Encryption: Auto-configured driver 'openssl'.
DEBUG - 2022-09-16 09:35:33 --> Total execution time: 0.0357
DEBUG - 2022-09-16 09:36:05 --> UTF-8 Support Enabled
DEBUG - 2022-09-16 09:36:05 --> Global POST, GET and COOKIE data sanitized
DEBUG - 2022-09-16 09:36:05 --> Config file loaded: /hwonpark/www/application/config/tree.php
DEBUG - 2022-09-16 09:36:05 --> Encryption: Auto-configured driver 'openssl'.
DEBUG - 2022-09-16 09:36:06 --> UTF-8 Support Enabled
DEBUG - 2022-09-16 09:36:06 --> Global POST, GET and COOKIE data sanitized
DEBUG - 2022-09-16 09:36:06 --> Config file loaded: /hwonpark/www/application/config/tree.php
DEBUG - 2022-09-16 09:36:06 --> Encryption: Auto-configured driver 'openssl'.
DEBUG - 2022-09-16 09:36:06 --> Total execution time: 0.0337
DEBUG - 2022-09-16 09:39:57 --> UTF-8 Support Enabled
DEBUG - 2022-09-16 09:39:57 --> Global POST, GET and COOKIE data sanitized
DEBUG - 2022-09-16 09:39:57 --> Config file loaded: /hwonpark/www/application/config/tree.php
DEBUG - 2022-09-16 09:39:57 --> Encryption: Auto-configured driver 'openssl'.
DEBUG - 2022-09-16 09:39:57 --> Total execution time: 0.0424
DEBUG - 2022-09-16 09:40:30 --> UTF-8 Support Enabled
DEBUG - 2022-09-16 09:40:30 --> Global POST, GET and COOKIE data sanitized
DEBUG - 2022-09-16 09:40:30 --> Config file loaded: /hwonpark/www/application/config/tree.php
DEBUG - 2022-09-16 09:40:30 --> Encryption: Auto-configured driver 'openssl'.
DEBUG - 2022-09-16 09:40:32 --> UTF-8 Support Enabled
DEBUG - 2022-09-16 09:40:32 --> Global POST, GET and COOKIE data sanitized
DEBUG - 2022-09-16 09:40:32 --> Config file loaded: /hwonpark/www/application/config/tree.php
DEBUG - 2022-09-16 09:40:32 --> Encryption: Auto-configured driver 'openssl'.
DEBUG - 2022-09-16 09:40:32 --> Total execution time: 0.0652
DEBUG - 2022-09-16 09:47:24 --> UTF-8 Support Enabled
DEBUG - 2022-09-16 09:47:24 --> Global POST, GET and COOKIE data sanitized
DEBUG - 2022-09-16 09:47:24 --> Config file loaded: /hwonpark/www/application/config/tree.php
DEBUG - 2022-09-16 09:47:24 --> Encryption: Auto-configured driver 'openssl'.
DEBUG - 2022-09-16 09:47:24 --> Total execution time: 0.0699
DEBUG - 2022-09-16 09:47:45 --> UTF-8 Support Enabled
DEBUG - 2022-09-16 09:47:45 --> Global POST, GET and COOKIE data sanitized
DEBUG - 2022-09-16 09:47:45 --> Config file loaded: /hwonpark/www/application/config/tree.php
DEBUG - 2022-09-16 09:47:45 --> Encryption: Auto-configured driver 'openssl'.
DEBUG - 2022-09-16 09:47:45 --> Total execution time: 0.0349
DEBUG - 2022-09-16 09:48:09 --> UTF-8 Support Enabled
DEBUG - 2022-09-16 09:48:09 --> Global POST, GET and COOKIE data sanitized
DEBUG - 2022-09-16 09:48:09 --> Config file loaded: /hwonpark/www/application/config/tree.php
DEBUG - 2022-09-16 09:48:09 --> Encryption: Auto-configured driver 'openssl'.
DEBUG - 2022-09-16 09:48:10 --> UTF-8 Support Enabled
DEBUG - 2022-09-16 09:48:10 --> Global POST, GET and COOKIE data sanitized
DEBUG - 2022-09-16 09:48:10 --> Config file loaded: /hwonpark/www/application/config/tree.php
DEBUG - 2022-09-16 09:48:10 --> Encryption: Auto-configured driver 'openssl'.
DEBUG - 2022-09-16 09:48:10 --> Total execution time: 0.0375
DEBUG - 2022-09-16 09:49:16 --> UTF-8 Support Enabled
DEBUG - 2022-09-16 09:49:16 --> Global POST, GET and COOKIE data sanitized
DEBUG - 2022-09-16 09:49:16 --> Config file loaded: /hwonpark/www/application/config/tree.php
DEBUG - 2022-09-16 09:49:16 --> Encryption: Auto-configured driver 'openssl'.
DEBUG - 2022-09-16 09:49:16 --> Total execution time: 0.0742
DEBUG - 2022-09-16 09:50:49 --> UTF-8 Support Enabled
DEBUG - 2022-09-16 09:50:49 --> Global POST, GET and COOKIE data sanitized
DEBUG - 2022-09-16 09:50:49 --> Config file loaded: /hwonpark/www/application/config/tree.php
DEBUG - 2022-09-16 09:50:49 --> Encryption: Auto-configured driver 'openssl'.
DEBUG - 2022-09-16 09:50:51 --> UTF-8 Support Enabled
DEBUG - 2022-09-16 09:50:51 --> Global POST, GET and COOKIE data sanitized
DEBUG - 2022-09-16 09:50:51 --> Config file loaded: /hwonpark/www/application/config/tree.php
DEBUG - 2022-09-16 09:50:51 --> Encryption: Auto-configured driver 'openssl'.
DEBUG - 2022-09-16 09:50:51 --> Total execution time: 0.0444
DEBUG - 2022-09-16 09:58:39 --> UTF-8 Support Enabled
DEBUG - 2022-09-16 09:58:39 --> Global POST, GET and COOKIE data sanitized
DEBUG - 2022-09-16 09:58:39 --> Config file loaded: /hwonpark/www/application/config/tree.php
DEBUG - 2022-09-16 09:58:39 --> Encryption: Auto-configured driver 'openssl'.
DEBUG - 2022-09-16 09:58:39 --> UTF-8 Support Enabled
DEBUG - 2022-09-16 09:58:39 --> Global POST, GET and COOKIE data sanitized
DEBUG - 2022-09-16 09:58:39 --> Config file loaded: /hwonpark/www/application/config/tree.php
DEBUG - 2022-09-16 09:58:39 --> Encryption: Auto-configured driver 'openssl'.
DEBUG - 2022-09-16 09:58:39 --> Encryption class already loaded. Second attempt ignored.
DEBUG - 2022-09-16 09:58:39 --> Total execution time: 0.0360
DEBUG - 2022-09-16 09:58:40 --> UTF-8 Support Enabled
DEBUG - 2022-09-16 09:58:40 --> Global POST, GET and COOKIE data sanitized
DEBUG - 2022-09-16 09:58:40 --> Config file loaded: /hwonpark/www/application/config/tree.php
DEBUG - 2022-09-16 09:58:40 --> Encryption: Auto-configured driver 'openssl'.
DEBUG - 2022-09-16 09:58:40 --> Total execution time: 0.0346
DEBUG - 2022-09-16 09:58:42 --> UTF-8 Support Enabled
DEBUG - 2022-09-16 09:58:42 --> Global POST, GET and COOKIE data sanitized
DEBUG - 2022-09-16 09:58:42 --> Config file loaded: /hwonpark/www/application/config/tree.php
DEBUG - 2022-09-16 09:58:42 --> Encryption: Auto-configured driver 'openssl'.
DEBUG - 2022-09-16 09:58:42 --> Total execution time: 0.0516
DEBUG - 2022-09-16 09:58:48 --> UTF-8 Support Enabled
DEBUG - 2022-09-16 09:58:48 --> Global POST, GET and COOKIE data sanitized
DEBUG - 2022-09-16 09:58:48 --> Config file loaded: /hwonpark/www/application/config/tree.php
DEBUG - 2022-09-16 09:58:48 --> Encryption: Auto-configured driver 'openssl'.
DEBUG - 2022-09-16 09:58:48 --> Total execution time: 0.0409
DEBUG - 2022-09-16 09:59:02 --> UTF-8 Support Enabled
DEBUG - 2022-09-16 09:59:02 --> Global POST, GET and COOKIE data sanitized
DEBUG - 2022-09-16 09:59:02 --> Config file loaded: /hwonpark/www/application/config/tree.php
DEBUG - 2022-09-16 09:59:02 --> Encryption: Auto-configured driver 'openssl'.
DEBUG - 2022-09-16 09:59:02 --> Total execution time: 0.0353
DEBUG - 2022-09-16 09:59:40 --> UTF-8 Support Enabled
DEBUG - 2022-09-16 09:59:40 --> Global POST, GET and COOKIE data sanitized
DEBUG - 2022-09-16 09:59:40 --> Config file loaded: /hwonpark/www/application/config/tree.php
DEBUG - 2022-09-16 09:59:40 --> Encryption: Auto-configured driver 'openssl'.
DEBUG - 2022-09-16 09:59:40 --> Total execution time: 0.0464
DEBUG - 2022-09-16 09:59:41 --> UTF-8 Support Enabled
DEBUG - 2022-09-16 09:59:41 --> Global POST, GET and COOKIE data sanitized
DEBUG - 2022-09-16 09:59:41 --> Config file loaded: /hwonpark/www/application/config/tree.php
DEBUG - 2022-09-16 09:59:41 --> Encryption: Auto-configured driver 'openssl'.
DEBUG - 2022-09-16 09:59:41 --> UTF-8 Support Enabled
DEBUG - 2022-09-16 09:59:41 --> Global POST, GET and COOKIE data sanitized
DEBUG - 2022-09-16 09:59:41 --> Config file loaded: /hwonpark/www/application/config/tree.php
DEBUG - 2022-09-16 09:59:41 --> Encryption: Auto-configured driver 'openssl'.
DEBUG - 2022-09-16 09:59:41 --> Encryption class already loaded. Second attempt ignored.
DEBUG - 2022-09-16 09:59:41 --> Total execution time: 0.0354
DEBUG - 2022-09-16 09:59:43 --> UTF-8 Support Enabled
DEBUG - 2022-09-16 09:59:43 --> Global POST, GET and COOKIE data sanitized
DEBUG - 2022-09-16 09:59:43 --> Config file loaded: /hwonpark/www/application/config/tree.php
DEBUG - 2022-09-16 09:59:43 --> Encryption: Auto-configured driver 'openssl'.
DEBUG - 2022-09-16 09:59:43 --> Total execution time: 0.0378
DEBUG - 2022-09-16 09:59:44 --> UTF-8 Support Enabled
DEBUG - 2022-09-16 09:59:44 --> Global POST, GET and COOKIE data sanitized
DEBUG - 2022-09-16 09:59:44 --> Config file loaded: /hwonpark/www/application/config/tree.php
DEBUG - 2022-09-16 09:59:44 --> Encryption: Auto-configured driver 'openssl'.
DEBUG - 2022-09-16 09:59:44 --> Total execution time: 0.0357
DEBUG - 2022-09-16 09:59:46 --> UTF-8 Support Enabled
DEBUG - 2022-09-16 09:59:46 --> Global POST, GET and COOKIE data sanitized
DEBUG - 2022-09-16 09:59:46 --> Config file loaded: /hwonpark/www/application/config/tree.php
DEBUG - 2022-09-16 09:59:46 --> Encryption: Auto-configured driver 'openssl'.
DEBUG - 2022-09-16 09:59:46 --> Total execution time: 0.0405
DEBUG - 2022-09-16 09:59:48 --> UTF-8 Support Enabled
DEBUG - 2022-09-16 09:59:48 --> Global POST, GET and COOKIE data sanitized
DEBUG - 2022-09-16 09:59:48 --> Config file loaded: /hwonpark/www/application/config/tree.php
DEBUG - 2022-09-16 09:59:48 --> Encryption: Auto-configured driver 'openssl'.
DEBUG - 2022-09-16 09:59:48 --> Total execution time: 0.0449
DEBUG - 2022-09-16 10:00:03 --> UTF-8 Support Enabled
DEBUG - 2022-09-16 10:00:03 --> Global POST, GET and COOKIE data sanitized
DEBUG - 2022-09-16 10:00:03 --> Config file loaded: /hwonpark/www/application/config/tree.php
DEBUG - 2022-09-16 10:00:04 --> Encryption: Auto-configured driver 'openssl'.
DEBUG - 2022-09-16 10:00:04 --> UTF-8 Support Enabled
DEBUG - 2022-09-16 10:00:04 --> Global POST, GET and COOKIE data sanitized
DEBUG - 2022-09-16 10:00:04 --> Config file loaded: /hwonpark/www/application/config/tree.php
DEBUG - 2022-09-16 10:00:04 --> Encryption: Auto-configured driver 'openssl'.
DEBUG - 2022-09-16 10:00:04 --> Total execution time: 0.0495
DEBUG - 2022-09-16 10:00:06 --> UTF-8 Support Enabled
DEBUG - 2022-09-16 10:00:06 --> Global POST, GET and COOKIE data sanitized
DEBUG - 2022-09-16 10:00:06 --> Config file loaded: /hwonpark/www/application/config/tree.php
DEBUG - 2022-09-16 10:00:06 --> Encryption: Auto-configured driver 'openssl'.
DEBUG - 2022-09-16 10:00:06 --> Total execution time: 0.0362
DEBUG - 2022-09-16 10:00:08 --> UTF-8 Support Enabled
DEBUG - 2022-09-16 10:00:08 --> Global POST, GET and COOKIE data sanitized
DEBUG - 2022-09-16 10:00:08 --> Config file loaded: /hwonpark/www/application/config/tree.php
DEBUG - 2022-09-16 10:00:08 --> Encryption: Auto-configured driver 'openssl'.
DEBUG - 2022-09-16 10:00:08 --> Total execution time: 0.0420
DEBUG - 2022-09-16 10:00:10 --> UTF-8 Support Enabled
DEBUG - 2022-09-16 10:00:10 --> Global POST, GET and COOKIE data sanitized
DEBUG - 2022-09-16 10:00:10 --> Config file loaded: /hwonpark/www/application/config/tree.php
DEBUG - 2022-09-16 10:00:10 --> Encryption: Auto-configured driver 'openssl'.
DEBUG - 2022-09-16 10:00:10 --> Total execution time: 0.0373
DEBUG - 2022-09-16 10:00:12 --> UTF-8 Support Enabled
DEBUG - 2022-09-16 10:00:12 --> Global POST, GET and COOKIE data sanitized
DEBUG - 2022-09-16 10:00:12 --> Config file loaded: /hwonpark/www/application/config/tree.php
DEBUG - 2022-09-16 10:00:12 --> Encryption: Auto-configured driver 'openssl'.
DEBUG - 2022-09-16 10:00:12 --> Total execution time: 0.0403
DEBUG - 2022-09-16 10:00:33 --> UTF-8 Support Enabled
DEBUG - 2022-09-16 10:00:33 --> Global POST, GET and COOKIE data sanitized
DEBUG - 2022-09-16 10:00:33 --> Config file loaded: /hwonpark/www/application/config/tree.php
DEBUG - 2022-09-16 10:00:33 --> Encryption: Auto-configured driver 'openssl'.
DEBUG - 2022-09-16 10:00:33 --> UTF-8 Support Enabled
DEBUG - 2022-09-16 10:00:33 --> Global POST, GET and COOKIE data sanitized
DEBUG - 2022-09-16 10:00:33 --> Config file loaded: /hwonpark/www/application/config/tree.php
DEBUG - 2022-09-16 10:00:33 --> Encryption: Auto-configured driver 'openssl'.
DEBUG - 2022-09-16 10:00:33 --> Encryption class already loaded. Second attempt ignored.
DEBUG - 2022-09-16 10:00:33 --> Total execution time: 0.0340
DEBUG - 2022-09-16 10:00:34 --> UTF-8 Support Enabled
DEBUG - 2022-09-16 10:00:34 --> Global POST, GET and COOKIE data sanitized
DEBUG - 2022-09-16 10:00:34 --> Config file loaded: /hwonpark/www/application/config/tree.php
DEBUG - 2022-09-16 10:00:34 --> Encryption: Auto-configured driver 'openssl'.
DEBUG - 2022-09-16 10:00:34 --> Total execution time: 0.0496
DEBUG - 2022-09-16 10:00:36 --> UTF-8 Support Enabled
DEBUG - 2022-09-16 10:00:36 --> Global POST, GET and COOKIE data sanitized
DEBUG - 2022-09-16 10:00:36 --> Config file loaded: /hwonpark/www/application/config/tree.php
DEBUG - 2022-09-16 10:00:36 --> Encryption: Auto-configured driver 'openssl'.
DEBUG - 2022-09-16 10:00:36 --> Total execution time: 0.0378
DEBUG - 2022-09-16 10:00:37 --> UTF-8 Support Enabled
DEBUG - 2022-09-16 10:00:37 --> Global POST, GET and COOKIE data sanitized
DEBUG - 2022-09-16 10:00:37 --> Config file loaded: /hwonpark/www/application/config/tree.php
DEBUG - 2022-09-16 10:00:37 --> Encryption: Auto-configured driver 'openssl'.
DEBUG - 2022-09-16 10:00:37 --> Total execution time: 0.0397
DEBUG - 2022-09-16 10:00:38 --> UTF-8 Support Enabled
DEBUG - 2022-09-16 10:00:38 --> Global POST, GET and COOKIE data sanitized
DEBUG - 2022-09-16 10:00:38 --> Config file loaded: /hwonpark/www/application/config/tree.php
DEBUG - 2022-09-16 10:00:38 --> Encryption: Auto-configured driver 'openssl'.
DEBUG - 2022-09-16 10:00:38 --> Total execution time: 0.0415
DEBUG - 2022-09-16 10:00:48 --> UTF-8 Support Enabled
DEBUG - 2022-09-16 10:00:48 --> Global POST, GET and COOKIE data sanitized
DEBUG - 2022-09-16 10:00:48 --> Config file loaded: /hwonpark/www/application/config/tree.php
DEBUG - 2022-09-16 10:00:48 --> Encryption: Auto-configured driver 'openssl'.
DEBUG - 2022-09-16 10:00:48 --> UTF-8 Support Enabled
DEBUG - 2022-09-16 10:00:48 --> Global POST, GET and COOKIE data sanitized
DEBUG - 2022-09-16 10:00:48 --> Config file loaded: /hwonpark/www/application/config/tree.php
DEBUG - 2022-09-16 10:00:48 --> Encryption: Auto-configured driver 'openssl'.
DEBUG - 2022-09-16 10:00:48 --> Total execution time: 0.0356
DEBUG - 2022-09-16 10:00:50 --> UTF-8 Support Enabled
DEBUG - 2022-09-16 10:00:50 --> Global POST, GET and COOKIE data sanitized
DEBUG - 2022-09-16 10:00:50 --> Config file loaded: /hwonpark/www/application/config/tree.php
DEBUG - 2022-09-16 10:00:50 --> Encryption: Auto-configured driver 'openssl'.
DEBUG - 2022-09-16 10:00:50 --> Total execution time: 0.0329
DEBUG - 2022-09-16 10:00:53 --> UTF-8 Support Enabled
DEBUG - 2022-09-16 10:00:53 --> Global POST, GET and COOKIE data sanitized
DEBUG - 2022-09-16 10:00:53 --> Config file loaded: /hwonpark/www/application/config/tree.php
DEBUG - 2022-09-16 10:00:53 --> Encryption: Auto-configured driver 'openssl'.
DEBUG - 2022-09-16 10:00:53 --> Total execution time: 0.0391
DEBUG - 2022-09-16 10:00:55 --> UTF-8 Support Enabled
DEBUG - 2022-09-16 10:00:55 --> Global POST, GET and COOKIE data sanitized
DEBUG - 2022-09-16 10:00:55 --> Config file loaded: /hwonpark/www/application/config/tree.php
DEBUG - 2022-09-16 10:00:55 --> Encryption: Auto-configured driver 'openssl'.
DEBUG - 2022-09-16 10:00:55 --> Total execution time: 0.0496
DEBUG - 2022-09-16 10:01:04 --> UTF-8 Support Enabled
DEBUG - 2022-09-16 10:01:04 --> Global POST, GET and COOKIE data sanitized
DEBUG - 2022-09-16 10:01:04 --> Config file loaded: /hwonpark/www/application/config/tree.php
DEBUG - 2022-09-16 10:01:04 --> Encryption: Auto-configured driver 'openssl'.
DEBUG - 2022-09-16 10:01:04 --> Total execution time: 0.0369
DEBUG - 2022-09-16 10:01:10 --> UTF-8 Support Enabled
DEBUG - 2022-09-16 10:01:10 --> Global POST, GET and COOKIE data sanitized
DEBUG - 2022-09-16 10:01:10 --> Config file loaded: /hwonpark/www/application/config/tree.php
DEBUG - 2022-09-16 10:01:10 --> Encryption: Auto-configured driver 'openssl'.
DEBUG - 2022-09-16 10:01:10 --> UTF-8 Support Enabled
DEBUG - 2022-09-16 10:01:10 --> Global POST, GET and COOKIE data sanitized
DEBUG - 2022-09-16 10:01:10 --> Config file loaded: /hwonpark/www/application/config/tree.php
DEBUG - 2022-09-16 10:01:10 --> Encryption: Auto-configured driver 'openssl'.
DEBUG - 2022-09-16 10:01:10 --> Encryption class already loaded. Second attempt ignored.
DEBUG - 2022-09-16 10:01:10 --> Total execution time: 0.0340
DEBUG - 2022-09-16 10:01:12 --> UTF-8 Support Enabled
DEBUG - 2022-09-16 10:01:12 --> Global POST, GET and COOKIE data sanitized
DEBUG - 2022-09-16 10:01:12 --> Config file loaded: /hwonpark/www/application/config/tree.php
DEBUG - 2022-09-16 10:01:12 --> Encryption: Auto-configured driver 'openssl'.
DEBUG - 2022-09-16 10:01:12 --> Total execution time: 0.0340
DEBUG - 2022-09-16 10:01:13 --> UTF-8 Support Enabled
DEBUG - 2022-09-16 10:01:13 --> Global POST, GET and COOKIE data sanitized
DEBUG - 2022-09-16 10:01:13 --> Config file loaded: /hwonpark/www/application/config/tree.php
DEBUG - 2022-09-16 10:01:13 --> Encryption: Auto-configured driver 'openssl'.
DEBUG - 2022-09-16 10:01:13 --> Total execution time: 0.0362
DEBUG - 2022-09-16 10:01:14 --> UTF-8 Support Enabled
DEBUG - 2022-09-16 10:01:14 --> Global POST, GET and COOKIE data sanitized
DEBUG - 2022-09-16 10:01:14 --> Config file loaded: /hwonpark/www/application/config/tree.php
DEBUG - 2022-09-16 10:01:14 --> Encryption: Auto-configured driver 'openssl'.
DEBUG - 2022-09-16 10:01:14 --> Total execution time: 0.0398
DEBUG - 2022-09-16 10:01:15 --> UTF-8 Support Enabled
DEBUG - 2022-09-16 10:01:15 --> Global POST, GET and COOKIE data sanitized
DEBUG - 2022-09-16 10:01:15 --> Config file loaded: /hwonpark/www/application/config/tree.php
DEBUG - 2022-09-16 10:01:15 --> Encryption: Auto-configured driver 'openssl'.
DEBUG - 2022-09-16 10:01:15 --> Total execution time: 0.0406
DEBUG - 2022-09-16 10:01:24 --> UTF-8 Support Enabled
DEBUG - 2022-09-16 10:01:24 --> Global POST, GET and COOKIE data sanitized
DEBUG - 2022-09-16 10:01:24 --> Config file loaded: /hwonpark/www/application/config/tree.php
DEBUG - 2022-09-16 10:01:24 --> Encryption: Auto-configured driver 'openssl'.
DEBUG - 2022-09-16 10:01:24 --> UTF-8 Support Enabled
DEBUG - 2022-09-16 10:01:24 --> Global POST, GET and COOKIE data sanitized
DEBUG - 2022-09-16 10:01:24 --> Config file loaded: /hwonpark/www/application/config/tree.php
DEBUG - 2022-09-16 10:01:24 --> Encryption: Auto-configured driver 'openssl'.
DEBUG - 2022-09-16 10:01:24 --> Total execution time: 0.0330
DEBUG - 2022-09-16 10:01:27 --> UTF-8 Support Enabled
DEBUG - 2022-09-16 10:01:27 --> Global POST, GET and COOKIE data sanitized
DEBUG - 2022-09-16 10:01:27 --> Config file loaded: /hwonpark/www/application/config/tree.php
DEBUG - 2022-09-16 10:01:27 --> Encryption: Auto-configured driver 'openssl'.
DEBUG - 2022-09-16 10:01:27 --> Total execution time: 0.0312
DEBUG - 2022-09-16 10:01:28 --> UTF-8 Support Enabled
DEBUG - 2022-09-16 10:01:28 --> Global POST, GET and COOKIE data sanitized
DEBUG - 2022-09-16 10:01:28 --> Config file loaded: /hwonpark/www/application/config/tree.php
DEBUG - 2022-09-16 10:01:28 --> Encryption: Auto-configured driver 'openssl'.
DEBUG - 2022-09-16 10:01:28 --> Total execution time: 0.0350
DEBUG - 2022-09-16 10:18:52 --> UTF-8 Support Enabled
DEBUG - 2022-09-16 10:18:52 --> Global POST, GET and COOKIE data sanitized
DEBUG - 2022-09-16 10:18:53 --> Config file loaded: /hwonpark/www/application/config/tree.php
DEBUG - 2022-09-16 10:18:53 --> Total execution time: 0.0327
DEBUG - 2022-09-16 10:18:55 --> UTF-8 Support Enabled
DEBUG - 2022-09-16 10:18:55 --> No URI present. Default controller set.
DEBUG - 2022-09-16 10:18:55 --> Global POST, GET and COOKIE data sanitized
DEBUG - 2022-09-16 10:18:55 --> Config file loaded: /hwonpark/www/application/config/tree.php
DEBUG - 2022-09-16 10:18:55 --> Total execution time: 0.0319
DEBUG - 2022-09-16 10:19:01 --> UTF-8 Support Enabled
DEBUG - 2022-09-16 10:19:01 --> No URI present. Default controller set.
DEBUG - 2022-09-16 10:19:01 --> Global POST, GET and COOKIE data sanitized
DEBUG - 2022-09-16 10:19:01 --> Config file loaded: /hwonpark/www/application/config/tree.php
DEBUG - 2022-09-16 10:19:01 --> Total execution time: 0.0282
DEBUG - 2022-09-16 10:19:29 --> UTF-8 Support Enabled
DEBUG - 2022-09-16 10:19:29 --> No URI present. Default controller set.
DEBUG - 2022-09-16 10:19:29 --> Global POST, GET and COOKIE data sanitized
DEBUG - 2022-09-16 10:19:29 --> Config file loaded: /hwonpark/www/application/config/tree.php
DEBUG - 2022-09-16 10:19:29 --> Total execution time: 0.0301
DEBUG - 2022-09-16 10:20:52 --> UTF-8 Support Enabled
DEBUG - 2022-09-16 10:20:52 --> No URI present. Default controller set.
DEBUG - 2022-09-16 10:20:52 --> Global POST, GET and COOKIE data sanitized
DEBUG - 2022-09-16 10:20:52 --> Config file loaded: /hwonpark/www/application/config/tree.php
DEBUG - 2022-09-16 10:20:52 --> Total execution time: 0.0880
DEBUG - 2022-09-16 10:21:26 --> UTF-8 Support Enabled
DEBUG - 2022-09-16 10:21:26 --> No URI present. Default controller set.
DEBUG - 2022-09-16 10:21:26 --> Global POST, GET and COOKIE data sanitized
DEBUG - 2022-09-16 10:21:26 --> Config file loaded: /hwonpark/www/application/config/tree.php
DEBUG - 2022-09-16 10:21:26 --> Total execution time: 0.0310
DEBUG - 2022-09-16 10:21:26 --> UTF-8 Support Enabled
DEBUG - 2022-09-16 10:21:26 --> No URI present. Default controller set.
DEBUG - 2022-09-16 10:21:26 --> Global POST, GET and COOKIE data sanitized
DEBUG - 2022-09-16 10:21:27 --> UTF-8 Support Enabled
DEBUG - 2022-09-16 10:21:27 --> No URI present. Default controller set.
DEBUG - 2022-09-16 10:21:27 --> Global POST, GET and COOKIE data sanitized
DEBUG - 2022-09-16 10:21:27 --> Config file loaded: /hwonpark/www/application/config/tree.php
DEBUG - 2022-09-16 10:21:27 --> Config file loaded: /hwonpark/www/application/config/tree.php
DEBUG - 2022-09-16 10:21:27 --> Total execution time: 0.0621
DEBUG - 2022-09-16 10:21:27 --> Total execution time: 0.0404
DEBUG - 2022-09-16 10:21:27 --> UTF-8 Support Enabled
DEBUG - 2022-09-16 10:21:27 --> No URI present. Default controller set.
DEBUG - 2022-09-16 10:21:27 --> Global POST, GET and COOKIE data sanitized
DEBUG - 2022-09-16 10:21:27 --> UTF-8 Support Enabled
DEBUG - 2022-09-16 10:21:27 --> No URI present. Default controller set.
DEBUG - 2022-09-16 10:21:27 --> Global POST, GET and COOKIE data sanitized
DEBUG - 2022-09-16 10:21:27 --> Config file loaded: /hwonpark/www/application/config/tree.php
DEBUG - 2022-09-16 10:21:27 --> Total execution time: 0.0291
DEBUG - 2022-09-16 10:21:27 --> Config file loaded: /hwonpark/www/application/config/tree.php
DEBUG - 2022-09-16 10:21:27 --> Total execution time: 0.0295
DEBUG - 2022-09-16 10:21:27 --> UTF-8 Support Enabled
DEBUG - 2022-09-16 10:21:27 --> No URI present. Default controller set.
DEBUG - 2022-09-16 10:21:27 --> Global POST, GET and COOKIE data sanitized
DEBUG - 2022-09-16 10:21:27 --> Config file loaded: /hwonpark/www/application/config/tree.php
DEBUG - 2022-09-16 10:21:27 --> Total execution time: 0.0276
DEBUG - 2022-09-16 10:21:27 --> UTF-8 Support Enabled
DEBUG - 2022-09-16 10:21:27 --> No URI present. Default controller set.
DEBUG - 2022-09-16 10:21:27 --> Global POST, GET and COOKIE data sanitized
DEBUG - 2022-09-16 10:21:27 --> Config file loaded: /hwonpark/www/application/config/tree.php
DEBUG - 2022-09-16 10:21:27 --> Total execution time: 0.0299
DEBUG - 2022-09-16 10:21:27 --> UTF-8 Support Enabled
DEBUG - 2022-09-16 10:21:27 --> No URI present. Default controller set.
DEBUG - 2022-09-16 10:21:27 --> Global POST, GET and COOKIE data sanitized
DEBUG - 2022-09-16 10:21:27 --> Config file loaded: /hwonpark/www/application/config/tree.php
DEBUG - 2022-09-16 10:21:27 --> Total execution time: 0.0656
DEBUG - 2022-09-16 10:21:28 --> UTF-8 Support Enabled
DEBUG - 2022-09-16 10:21:28 --> No URI present. Default controller set.
DEBUG - 2022-09-16 10:21:28 --> Global POST, GET and COOKIE data sanitized
DEBUG - 2022-09-16 10:21:28 --> Config file loaded: /hwonpark/www/application/config/tree.php
DEBUG - 2022-09-16 10:21:28 --> Total execution time: 0.0635
DEBUG - 2022-09-16 10:21:28 --> UTF-8 Support Enabled
DEBUG - 2022-09-16 10:21:28 --> No URI present. Default controller set.
DEBUG - 2022-09-16 10:21:28 --> Global POST, GET and COOKIE data sanitized
DEBUG - 2022-09-16 10:21:29 --> Config file loaded: /hwonpark/www/application/config/tree.php
DEBUG - 2022-09-16 10:21:29 --> Total execution time: 0.0589
DEBUG - 2022-09-16 10:21:30 --> UTF-8 Support Enabled
DEBUG - 2022-09-16 10:21:30 --> No URI present. Default controller set.
DEBUG - 2022-09-16 10:21:30 --> Global POST, GET and COOKIE data sanitized
DEBUG - 2022-09-16 10:21:30 --> Config file loaded: /hwonpark/www/application/config/tree.php
DEBUG - 2022-09-16 10:21:30 --> Total execution time: 0.0317
DEBUG - 2022-09-16 10:21:31 --> UTF-8 Support Enabled
DEBUG - 2022-09-16 10:21:31 --> No URI present. Default controller set.
DEBUG - 2022-09-16 10:21:31 --> Global POST, GET and COOKIE data sanitized
DEBUG - 2022-09-16 10:21:31 --> Config file loaded: /hwonpark/www/application/config/tree.php
DEBUG - 2022-09-16 10:21:31 --> Total execution time: 0.0594
DEBUG - 2022-09-16 10:21:37 --> UTF-8 Support Enabled
DEBUG - 2022-09-16 10:21:37 --> No URI present. Default controller set.
DEBUG - 2022-09-16 10:21:37 --> Global POST, GET and COOKIE data sanitized
DEBUG - 2022-09-16 10:21:37 --> Config file loaded: /hwonpark/www/application/config/tree.php
DEBUG - 2022-09-16 10:21:37 --> Total execution time: 0.0275
DEBUG - 2022-09-16 10:31:23 --> UTF-8 Support Enabled
DEBUG - 2022-09-16 10:31:23 --> No URI present. Default controller set.
DEBUG - 2022-09-16 10:31:23 --> Global POST, GET and COOKIE data sanitized
DEBUG - 2022-09-16 10:31:23 --> Config file loaded: /hwonpark/www/application/config/tree.php
DEBUG - 2022-09-16 10:31:23 --> Total execution time: 0.0309
DEBUG - 2022-09-16 10:31:30 --> UTF-8 Support Enabled
DEBUG - 2022-09-16 10:31:30 --> Global POST, GET and COOKIE data sanitized
DEBUG - 2022-09-16 10:31:30 --> Config file loaded: /hwonpark/www/application/config/tree.php
DEBUG - 2022-09-16 10:31:30 --> Total execution time: 0.0318
DEBUG - 2022-09-16 10:31:35 --> UTF-8 Support Enabled
DEBUG - 2022-09-16 10:31:35 --> Global POST, GET and COOKIE data sanitized
DEBUG - 2022-09-16 10:31:35 --> Config file loaded: /hwonpark/www/application/config/tree.php
DEBUG - 2022-09-16 10:31:36 --> UTF-8 Support Enabled
DEBUG - 2022-09-16 10:31:36 --> Global POST, GET and COOKIE data sanitized
DEBUG - 2022-09-16 10:31:36 --> Config file loaded: /hwonpark/www/application/config/tree.php
DEBUG - 2022-09-16 10:31:36 --> Encryption: Auto-configured driver 'openssl'.
DEBUG - 2022-09-16 10:31:36 --> UTF-8 Support Enabled
DEBUG - 2022-09-16 10:31:36 --> Global POST, GET and COOKIE data sanitized
DEBUG - 2022-09-16 10:31:36 --> Config file loaded: /hwonpark/www/application/config/tree.php
DEBUG - 2022-09-16 10:31:36 --> Encryption: Auto-configured driver 'openssl'.
DEBUG - 2022-09-16 10:31:36 --> Encryption class already loaded. Second attempt ignored.
DEBUG - 2022-09-16 10:31:36 --> Total execution time: 0.0360
DEBUG - 2022-09-16 10:31:54 --> UTF-8 Support Enabled
DEBUG - 2022-09-16 10:31:54 --> Global POST, GET and COOKIE data sanitized
DEBUG - 2022-09-16 10:31:54 --> Config file loaded: /hwonpark/www/application/config/tree.php
DEBUG - 2022-09-16 10:31:54 --> Encryption: Auto-configured driver 'openssl'.
DEBUG - 2022-09-16 10:31:54 --> Encryption class already loaded. Second attempt ignored.
DEBUG - 2022-09-16 10:31:54 --> Total execution time: 0.0362
DEBUG - 2022-09-16 10:31:56 --> UTF-8 Support Enabled
DEBUG - 2022-09-16 10:31:56 --> Global POST, GET and COOKIE data sanitized
DEBUG - 2022-09-16 10:31:56 --> Config file loaded: /hwonpark/www/application/config/tree.php
DEBUG - 2022-09-16 10:31:56 --> Encryption: Auto-configured driver 'openssl'.
DEBUG - 2022-09-16 10:31:56 --> Encryption class already loaded. Second attempt ignored.
DEBUG - 2022-09-16 10:31:56 --> Total execution time: 0.0383
DEBUG - 2022-09-16 10:32:01 --> UTF-8 Support Enabled
DEBUG - 2022-09-16 10:32:01 --> Global POST, GET and COOKIE data sanitized
DEBUG - 2022-09-16 10:32:01 --> Config file loaded: /hwonpark/www/application/config/tree.php
DEBUG - 2022-09-16 10:32:01 --> Encryption: Auto-configured driver 'openssl'.
DEBUG - 2022-09-16 10:32:01 --> Total execution time: 0.0825
DEBUG - 2022-09-16 10:32:12 --> UTF-8 Support Enabled
DEBUG - 2022-09-16 10:32:12 --> Global POST, GET and COOKIE data sanitized
DEBUG - 2022-09-16 10:32:12 --> Config file loaded: /hwonpark/www/application/config/tree.php
DEBUG - 2022-09-16 10:32:12 --> Encryption: Auto-configured driver 'openssl'.
DEBUG - 2022-09-16 10:32:12 --> Encryption class already loaded. Second attempt ignored.
DEBUG - 2022-09-16 10:32:12 --> Total execution time: 0.0361
DEBUG - 2022-09-16 10:32:19 --> UTF-8 Support Enabled
DEBUG - 2022-09-16 10:32:19 --> Global POST, GET and COOKIE data sanitized
DEBUG - 2022-09-16 10:32:19 --> Config file loaded: /hwonpark/www/application/config/tree.php
DEBUG - 2022-09-16 10:32:19 --> Encryption: Auto-configured driver 'openssl'.
DEBUG - 2022-09-16 10:32:19 --> Encryption class already loaded. Second attempt ignored.
DEBUG - 2022-09-16 10:32:19 --> Total execution time: 0.0378
DEBUG - 2022-09-16 10:32:32 --> UTF-8 Support Enabled
DEBUG - 2022-09-16 10:32:32 --> Global POST, GET and COOKIE data sanitized
DEBUG - 2022-09-16 10:32:32 --> Config file loaded: /hwonpark/www/application/config/tree.php
DEBUG - 2022-09-16 10:32:32 --> Encryption: Auto-configured driver 'openssl'.
DEBUG - 2022-09-16 10:32:32 --> Encryption class already loaded. Second attempt ignored.
DEBUG - 2022-09-16 10:32:32 --> Total execution time: 0.0676
DEBUG - 2022-09-16 10:32:42 --> UTF-8 Support Enabled
DEBUG - 2022-09-16 10:32:42 --> Global POST, GET and COOKIE data sanitized
DEBUG - 2022-09-16 10:32:42 --> Config file loaded: /hwonpark/www/application/config/tree.php
DEBUG - 2022-09-16 10:32:43 --> Encryption: Auto-configured driver 'openssl'.
DEBUG - 2022-09-16 10:32:43 --> Encryption class already loaded. Second attempt ignored.
DEBUG - 2022-09-16 10:32:43 --> Total execution time: 0.0714
DEBUG - 2022-09-16 10:32:53 --> UTF-8 Support Enabled
DEBUG - 2022-09-16 10:32:53 --> Global POST, GET and COOKIE data sanitized
DEBUG - 2022-09-16 10:32:53 --> Config file loaded: /hwonpark/www/application/config/tree.php
DEBUG - 2022-09-16 10:32:53 --> Encryption: Auto-configured driver 'openssl'.
DEBUG - 2022-09-16 10:32:53 --> Encryption class already loaded. Second attempt ignored.
DEBUG - 2022-09-16 10:32:53 --> Total execution time: 0.0430
DEBUG - 2022-09-16 10:36:34 --> UTF-8 Support Enabled
DEBUG - 2022-09-16 10:36:34 --> Global POST, GET and COOKIE data sanitized
DEBUG - 2022-09-16 10:36:34 --> Config file loaded: /hwonpark/www/application/config/tree.php
DEBUG - 2022-09-16 10:36:34 --> Encryption: Auto-configured driver 'openssl'.
DEBUG - 2022-09-16 10:36:34 --> Total execution time: 0.0420
DEBUG - 2022-09-16 10:36:39 --> UTF-8 Support Enabled
DEBUG - 2022-09-16 10:36:39 --> Global POST, GET and COOKIE data sanitized
DEBUG - 2022-09-16 10:36:39 --> Config file loaded: /hwonpark/www/application/config/tree.php
DEBUG - 2022-09-16 10:36:39 --> Encryption: Auto-configured driver 'openssl'.
DEBUG - 2022-09-16 10:36:39 --> Total execution time: 0.0717
DEBUG - 2022-09-16 10:36:41 --> UTF-8 Support Enabled
DEBUG - 2022-09-16 10:36:41 --> Global POST, GET and COOKIE data sanitized
DEBUG - 2022-09-16 10:36:41 --> Config file loaded: /hwonpark/www/application/config/tree.php
DEBUG - 2022-09-16 10:36:41 --> Encryption: Auto-configured driver 'openssl'.
DEBUG - 2022-09-16 10:36:41 --> Total execution time: 0.0507
DEBUG - 2022-09-16 10:36:46 --> UTF-8 Support Enabled
DEBUG - 2022-09-16 10:36:46 --> Global POST, GET and COOKIE data sanitized
DEBUG - 2022-09-16 10:36:46 --> Config file loaded: /hwonpark/www/application/config/tree.php
DEBUG - 2022-09-16 10:36:46 --> Encryption: Auto-configured driver 'openssl'.
DEBUG - 2022-09-16 10:36:46 --> Total execution time: 0.0368
DEBUG - 2022-09-16 10:38:21 --> UTF-8 Support Enabled
DEBUG - 2022-09-16 10:38:21 --> Global POST, GET and COOKIE data sanitized
DEBUG - 2022-09-16 10:38:21 --> Config file loaded: /hwonpark/www/application/config/tree.php
DEBUG - 2022-09-16 10:38:21 --> Encryption: Auto-configured driver 'openssl'.
DEBUG - 2022-09-16 10:38:22 --> UTF-8 Support Enabled
DEBUG - 2022-09-16 10:38:22 --> Global POST, GET and COOKIE data sanitized
DEBUG - 2022-09-16 10:38:22 --> Config file loaded: /hwonpark/www/application/config/tree.php
DEBUG - 2022-09-16 10:38:22 --> Encryption: Auto-configured driver 'openssl'.
DEBUG - 2022-09-16 10:38:22 --> Total execution time: 0.0345
DEBUG - 2022-09-16 10:52:28 --> UTF-8 Support Enabled
DEBUG - 2022-09-16 10:52:28 --> No URI present. Default controller set.
DEBUG - 2022-09-16 10:52:28 --> Global POST, GET and COOKIE data sanitized
DEBUG - 2022-09-16 10:52:28 --> Config file loaded: /hwonpark/www/application/config/tree.php
DEBUG - 2022-09-16 10:52:28 --> Total execution time: 0.0650
DEBUG - 2022-09-16 10:52:29 --> UTF-8 Support Enabled
DEBUG - 2022-09-16 10:52:29 --> Global POST, GET and COOKIE data sanitized
ERROR - 2022-09-16 10:52:29 --> 404 Page Not Found: Faviconico/index
DEBUG - 2022-09-16 10:52:38 --> UTF-8 Support Enabled
DEBUG - 2022-09-16 10:52:38 --> Global POST, GET and COOKIE data sanitized
DEBUG - 2022-09-16 10:52:38 --> Config file loaded: /hwonpark/www/application/config/tree.php
DEBUG - 2022-09-16 10:52:38 --> Total execution time: 0.0369
DEBUG - 2022-09-16 10:52:59 --> UTF-8 Support Enabled
DEBUG - 2022-09-16 10:52:59 --> No URI present. Default controller set.
DEBUG - 2022-09-16 10:52:59 --> Global POST, GET and COOKIE data sanitized
DEBUG - 2022-09-16 10:52:59 --> Config file loaded: /hwonpark/www/application/config/tree.php
DEBUG - 2022-09-16 10:52:59 --> Total execution time: 0.0342
DEBUG - 2022-09-16 10:53:07 --> UTF-8 Support Enabled
DEBUG - 2022-09-16 10:53:07 --> Global POST, GET and COOKIE data sanitized
DEBUG - 2022-09-16 10:53:07 --> Config file loaded: /hwonpark/www/application/config/tree.php
DEBUG - 2022-09-16 10:53:07 --> Total execution time: 0.0209
DEBUG - 2022-09-16 10:53:56 --> UTF-8 Support Enabled
DEBUG - 2022-09-16 10:53:56 --> No URI present. Default controller set.
DEBUG - 2022-09-16 10:53:56 --> Global POST, GET and COOKIE data sanitized
DEBUG - 2022-09-16 10:53:56 --> Config file loaded: /hwonpark/www/application/config/tree.php
DEBUG - 2022-09-16 10:53:56 --> Total execution time: 0.0373
DEBUG - 2022-09-16 10:54:25 --> UTF-8 Support Enabled
DEBUG - 2022-09-16 10:54:25 --> Global POST, GET and COOKIE data sanitized
DEBUG - 2022-09-16 10:54:25 --> Config file loaded: /hwonpark/www/application/config/tree.php
DEBUG - 2022-09-16 10:54:27 --> UTF-8 Support Enabled
DEBUG - 2022-09-16 10:54:27 --> Global POST, GET and COOKIE data sanitized
DEBUG - 2022-09-16 10:54:27 --> Config file loaded: /hwonpark/www/application/config/tree.php
DEBUG - 2022-09-16 10:54:27 --> Total execution time: 0.0313
DEBUG - 2022-09-16 10:54:36 --> UTF-8 Support Enabled
DEBUG - 2022-09-16 10:54:36 --> Global POST, GET and COOKIE data sanitized
DEBUG - 2022-09-16 10:54:36 --> Config file loaded: /hwonpark/www/application/config/tree.php
DEBUG - 2022-09-16 10:54:36 --> =================== DL_auth-> oauth::CALLBACK - 시작
DEBUG - 2022-09-16 10:54:36 --> =================== DL_auth-> oauth::CALLBACK - kakao param=:: error=
DEBUG - 2022-09-16 10:54:36 --> =================== DL_auth-> oauth::CALLBACK - kakao param=:: state=
DEBUG - 2022-09-16 10:54:36 --> =================== DL_auth-> oauth::CALLBACK - kakao param=:: code=qxCTY_2B0rsIqAWboJ3ghHSzWsRqtl5LTBpWnbPSlNWLPQ7ku6nq2AxPudWRZUX5WKBP1Ao9dNoAAAGDRAFAMw
DEBUG - 2022-09-16 10:54:36 --> =================== DL_auth -> kakao oauth :2: code=qxCTY_2B0rsIqAWboJ3ghHSzWsRqtl5LTBpWnbPSlNWLPQ7ku6nq2AxPudWRZUX5WKBP1Ao9dNoAAAGDRAFAMw
DEBUG - 2022-09-16 10:54:36 --> ====================Dl_auth -> kakao_login :: 시작
DEBUG - 2022-09-16 10:54:36 --> --------------------Dl_auth::kakao_login - 1.토큰요청 시작
DEBUG - 2022-09-16 10:54:36 --> Dl_auth::kakao_login - get_token 시작 n=2
DEBUG - 2022-09-16 10:54:36 --> --------------------Dl_auth::kakao_login - 1.2.토큰요청 시작 -> 기타브라우저
DEBUG - 2022-09-16 10:54:36 --> --------------------Dl_auth::kakao_login - 1.3.토큰요청
DEBUG - 2022-09-16 10:54:36 --> --------------------Dl_auth::kakao_login - 1.4.토큰요청 -> 성공
DEBUG - 2022-09-16 10:54:36 --> UTF-8 Support Enabled
DEBUG - 2022-09-16 10:54:36 --> Global POST, GET and COOKIE data sanitized
DEBUG - 2022-09-16 10:54:36 --> Config file loaded: /hwonpark/www/application/config/tree.php
DEBUG - 2022-09-16 10:54:36 --> =================== DL_auth-> oauth::CALLBACK - 시작
DEBUG - 2022-09-16 10:54:36 --> =================== DL_auth-> oauth::CALLBACK - kakao param=:: error=
DEBUG - 2022-09-16 10:54:36 --> =================== DL_auth-> oauth::CALLBACK - kakao param=:: state=
DEBUG - 2022-09-16 10:54:36 --> =================== DL_auth-> oauth::CALLBACK - kakao param=:: code=qxCTY_2B0rsIqAWboJ3ghHSzWsRqtl5LTBpWnbPSlNWLPQ7ku6nq2AxPudWRZUX5WKBP1Ao9dNoAAAGDRAFAMw
DEBUG - 2022-09-16 10:54:36 --> =================== DL_auth -> kakao oauth :2: code=qxCTY_2B0rsIqAWboJ3ghHSzWsRqtl5LTBpWnbPSlNWLPQ7ku6nq2AxPudWRZUX5WKBP1Ao9dNoAAAGDRAFAMw
DEBUG - 2022-09-16 10:54:36 --> ====================Dl_auth -> kakao_login :: 시작
DEBUG - 2022-09-16 10:54:36 --> ====================Dl_auth::kakao_login - 1.3.5- 사이트 회원정보 업데이트 성공(카카오 인증 완료) state=
DEBUG - 2022-09-16 10:54:38 --> UTF-8 Support Enabled
DEBUG - 2022-09-16 10:54:38 --> Global POST, GET and COOKIE data sanitized
DEBUG - 2022-09-16 10:54:38 --> Config file loaded: /hwonpark/www/application/config/tree.php
DEBUG - 2022-09-16 10:54:38 --> Encryption: Auto-configured driver 'openssl'.
DEBUG - 2022-09-16 10:54:38 --> Total execution time: 0.0508
DEBUG - 2022-09-16 10:54:51 --> UTF-8 Support Enabled
DEBUG - 2022-09-16 10:54:51 --> Global POST, GET and COOKIE data sanitized
DEBUG - 2022-09-16 10:54:51 --> Config file loaded: /hwonpark/www/application/config/tree.php
DEBUG - 2022-09-16 10:54:51 --> Encryption: Auto-configured driver 'openssl'.
DEBUG - 2022-09-16 10:54:51 --> Encryption class already loaded. Second attempt ignored.
DEBUG - 2022-09-16 10:54:51 --> Total execution time: 0.0389
DEBUG - 2022-09-16 10:55:00 --> UTF-8 Support Enabled
DEBUG - 2022-09-16 10:55:00 --> Global POST, GET and COOKIE data sanitized
DEBUG - 2022-09-16 10:55:00 --> Config file loaded: /hwonpark/www/application/config/tree.php
DEBUG - 2022-09-16 10:55:00 --> Encryption: Auto-configured driver 'openssl'.
DEBUG - 2022-09-16 10:55:00 --> Total execution time: 0.0537
DEBUG - 2022-09-16 10:55:02 --> UTF-8 Support Enabled
DEBUG - 2022-09-16 10:55:02 --> Global POST, GET and COOKIE data sanitized
DEBUG - 2022-09-16 10:55:02 --> Config file loaded: /hwonpark/www/application/config/tree.php
DEBUG - 2022-09-16 10:55:02 --> Encryption: Auto-configured driver 'openssl'.
DEBUG - 2022-09-16 10:55:02 --> UTF-8 Support Enabled
DEBUG - 2022-09-16 10:55:02 --> No URI present. Default controller set.
DEBUG - 2022-09-16 10:55:02 --> Global POST, GET and COOKIE data sanitized
DEBUG - 2022-09-16 10:55:02 --> Config file loaded: /hwonpark/www/application/config/tree.php
DEBUG - 2022-09-16 10:55:02 --> Encryption: Auto-configured driver 'openssl'.
DEBUG - 2022-09-16 10:55:02 --> Total execution time: 0.0407
DEBUG - 2022-09-16 10:57:24 --> UTF-8 Support Enabled
DEBUG - 2022-09-16 10:57:24 --> No URI present. Default controller set.
DEBUG - 2022-09-16 10:57:24 --> Global POST, GET and COOKIE data sanitized
DEBUG - 2022-09-16 10:57:24 --> Config file loaded: /hwonpark/www/application/config/tree.php
DEBUG - 2022-09-16 10:57:24 --> Total execution time: 0.0286
DEBUG - 2022-09-16 10:57:36 --> UTF-8 Support Enabled
DEBUG - 2022-09-16 10:57:36 --> Global POST, GET and COOKIE data sanitized
ERROR - 2022-09-16 10:57:36 --> 404 Page Not Found: Faviconico/index
DEBUG - 2022-09-16 11:34:47 --> UTF-8 Support Enabled
DEBUG - 2022-09-16 11:34:47 --> No URI present. Default controller set.
DEBUG - 2022-09-16 11:34:47 --> Global POST, GET and COOKIE data sanitized
DEBUG - 2022-09-16 11:34:48 --> Config file loaded: /hwonpark/www/application/config/tree.php
DEBUG - 2022-09-16 11:34:48 --> Total execution time: 0.0331
DEBUG - 2022-09-16 13:04:47 --> UTF-8 Support Enabled
DEBUG - 2022-09-16 13:04:47 --> Global POST, GET and COOKIE data sanitized
DEBUG - 2022-09-16 13:04:47 --> Config file loaded: /hwonpark/www/application/config/tree.php
DEBUG - 2022-09-16 13:04:47 --> Total execution time: 0.0736
DEBUG - 2022-09-16 13:04:49 --> UTF-8 Support Enabled
DEBUG - 2022-09-16 13:04:49 --> Global POST, GET and COOKIE data sanitized
DEBUG - 2022-09-16 13:04:49 --> Config file loaded: /hwonpark/www/application/config/tree.php
DEBUG - 2022-09-16 13:04:49 --> Total execution time: 0.0340
DEBUG - 2022-09-16 13:04:51 --> UTF-8 Support Enabled
DEBUG - 2022-09-16 13:04:51 --> Global POST, GET and COOKIE data sanitized
DEBUG - 2022-09-16 13:04:51 --> Config file loaded: /hwonpark/www/application/config/tree.php
DEBUG - 2022-09-16 13:04:51 --> Total execution time: 0.0275
DEBUG - 2022-09-16 13:04:57 --> UTF-8 Support Enabled
DEBUG - 2022-09-16 13:04:57 --> Global POST, GET and COOKIE data sanitized
DEBUG - 2022-09-16 13:04:57 --> Config file loaded: /hwonpark/www/application/config/tree.php
DEBUG - 2022-09-16 13:04:57 --> UTF-8 Support Enabled
DEBUG - 2022-09-16 13:04:57 --> Global POST, GET and COOKIE data sanitized
DEBUG - 2022-09-16 13:04:57 --> Config file loaded: /hwonpark/www/application/config/tree.php
DEBUG - 2022-09-16 13:04:57 --> Encryption: Auto-configured driver 'openssl'.
DEBUG - 2022-09-16 13:04:57 --> UTF-8 Support Enabled
DEBUG - 2022-09-16 13:04:57 --> Global POST, GET and COOKIE data sanitized
DEBUG - 2022-09-16 13:04:57 --> Config file loaded: /hwonpark/www/application/config/tree.php
DEBUG - 2022-09-16 13:04:57 --> Encryption: Auto-configured driver 'openssl'.
DEBUG - 2022-09-16 13:04:57 --> Encryption class already loaded. Second attempt ignored.
DEBUG - 2022-09-16 13:04:57 --> Total execution time: 0.0559
DEBUG - 2022-09-16 13:05:09 --> UTF-8 Support Enabled
DEBUG - 2022-09-16 13:05:09 --> Global POST, GET and COOKIE data sanitized
DEBUG - 2022-09-16 13:05:09 --> Config file loaded: /hwonpark/www/application/config/tree.php
DEBUG - 2022-09-16 13:05:09 --> Encryption: Auto-configured driver 'openssl'.
DEBUG - 2022-09-16 13:05:09 --> Total execution time: 0.0387
DEBUG - 2022-09-16 13:05:11 --> UTF-8 Support Enabled
DEBUG - 2022-09-16 13:05:11 --> Global POST, GET and COOKIE data sanitized
DEBUG - 2022-09-16 13:05:11 --> Config file loaded: /hwonpark/www/application/config/tree.php
DEBUG - 2022-09-16 13:05:11 --> Encryption: Auto-configured driver 'openssl'.
DEBUG - 2022-09-16 13:05:11 --> Total execution time: 0.0741
DEBUG - 2022-09-16 13:05:18 --> UTF-8 Support Enabled
DEBUG - 2022-09-16 13:05:18 --> Global POST, GET and COOKIE data sanitized
DEBUG - 2022-09-16 13:05:18 --> Config file loaded: /hwonpark/www/application/config/tree.php
DEBUG - 2022-09-16 13:05:18 --> Encryption: Auto-configured driver 'openssl'.
DEBUG - 2022-09-16 13:05:18 --> Total execution time: 0.0405
DEBUG - 2022-09-16 13:08:51 --> UTF-8 Support Enabled
DEBUG - 2022-09-16 13:08:51 --> Global POST, GET and COOKIE data sanitized
DEBUG - 2022-09-16 13:08:51 --> Config file loaded: /hwonpark/www/application/config/tree.php
DEBUG - 2022-09-16 13:08:51 --> Encryption: Auto-configured driver 'openssl'.
ERROR - 2022-09-16 13:08:51 --> Could not find the language line "imglib_invalid_image"
ERROR - 2022-09-16 13:08:51 --> imglib_invalid_image
DEBUG - 2022-09-16 13:08:51 --> DL_schema class already loaded. Second attempt ignored.
DEBUG - 2022-09-16 13:08:53 --> UTF-8 Support Enabled
DEBUG - 2022-09-16 13:08:53 --> Global POST, GET and COOKIE data sanitized
DEBUG - 2022-09-16 13:08:53 --> Config file loaded: /hwonpark/www/application/config/tree.php
DEBUG - 2022-09-16 13:08:53 --> Encryption: Auto-configured driver 'openssl'.
DEBUG - 2022-09-16 13:08:53 --> Total execution time: 0.0426
DEBUG - 2022-09-16 13:08:57 --> UTF-8 Support Enabled
DEBUG - 2022-09-16 13:08:57 --> Global POST, GET and COOKIE data sanitized
DEBUG - 2022-09-16 13:08:57 --> Config file loaded: /hwonpark/www/application/config/tree.php
DEBUG - 2022-09-16 13:08:57 --> Encryption: Auto-configured driver 'openssl'.
DEBUG - 2022-09-16 13:08:57 --> Total execution time: 0.0785
DEBUG - 2022-09-16 13:08:59 --> UTF-8 Support Enabled
DEBUG - 2022-09-16 13:08:59 --> Global POST, GET and COOKIE data sanitized
DEBUG - 2022-09-16 13:08:59 --> Config file loaded: /hwonpark/www/application/config/tree.php
DEBUG - 2022-09-16 13:08:59 --> Encryption: Auto-configured driver 'openssl'.
DEBUG - 2022-09-16 13:08:59 --> Total execution time: 0.0487
DEBUG - 2022-09-16 13:09:10 --> UTF-8 Support Enabled
DEBUG - 2022-09-16 13:09:10 --> Global POST, GET and COOKIE data sanitized
DEBUG - 2022-09-16 13:09:10 --> Config file loaded: /hwonpark/www/application/config/tree.php
DEBUG - 2022-09-16 13:09:10 --> Encryption: Auto-configured driver 'openssl'.
DEBUG - 2022-09-16 13:09:10 --> UTF-8 Support Enabled
DEBUG - 2022-09-16 13:09:11 --> Global POST, GET and COOKIE data sanitized
DEBUG - 2022-09-16 13:09:11 --> Config file loaded: /hwonpark/www/application/config/tree.php
DEBUG - 2022-09-16 13:09:11 --> Encryption: Auto-configured driver 'openssl'.
DEBUG - 2022-09-16 13:09:11 --> Total execution time: 0.0684
DEBUG - 2022-09-16 13:09:16 --> UTF-8 Support Enabled
DEBUG - 2022-09-16 13:09:16 --> Global POST, GET and COOKIE data sanitized
DEBUG - 2022-09-16 13:09:16 --> Config file loaded: /hwonpark/www/application/config/tree.php
DEBUG - 2022-09-16 13:09:16 --> Encryption: Auto-configured driver 'openssl'.
DEBUG - 2022-09-16 13:09:16 --> Total execution time: 0.0329
DEBUG - 2022-09-16 13:12:34 --> UTF-8 Support Enabled
DEBUG - 2022-09-16 13:12:34 --> No URI present. Default controller set.
DEBUG - 2022-09-16 13:12:34 --> Global POST, GET and COOKIE data sanitized
DEBUG - 2022-09-16 13:12:34 --> Config file loaded: /hwonpark/www/application/config/tree.php
DEBUG - 2022-09-16 13:12:34 --> Total execution time: 0.0612
DEBUG - 2022-09-16 13:12:35 --> UTF-8 Support Enabled
DEBUG - 2022-09-16 13:12:35 --> Global POST, GET and COOKIE data sanitized
ERROR - 2022-09-16 13:12:35 --> 404 Page Not Found: Faviconico/index
DEBUG - 2022-09-16 13:12:36 --> UTF-8 Support Enabled
DEBUG - 2022-09-16 13:12:36 --> Global POST, GET and COOKIE data sanitized
DEBUG - 2022-09-16 13:12:36 --> Config file loaded: /hwonpark/www/application/config/tree.php
DEBUG - 2022-09-16 13:12:36 --> Total execution time: 0.0476
DEBUG - 2022-09-16 13:12:45 --> UTF-8 Support Enabled
DEBUG - 2022-09-16 13:12:45 --> Global POST, GET and COOKIE data sanitized
DEBUG - 2022-09-16 13:12:45 --> Config file loaded: /hwonpark/www/application/config/tree.php
DEBUG - 2022-09-16 13:12:45 --> Total execution time: 0.0540
DEBUG - 2022-09-16 13:17:00 --> UTF-8 Support Enabled
DEBUG - 2022-09-16 13:17:00 --> Global POST, GET and COOKIE data sanitized
DEBUG - 2022-09-16 13:17:00 --> Config file loaded: /hwonpark/www/application/config/tree.php
DEBUG - 2022-09-16 13:17:00 --> Encryption: Auto-configured driver 'openssl'.
DEBUG - 2022-09-16 13:17:02 --> UTF-8 Support Enabled
DEBUG - 2022-09-16 13:17:02 --> Global POST, GET and COOKIE data sanitized
DEBUG - 2022-09-16 13:17:02 --> Config file loaded: /hwonpark/www/application/config/tree.php
DEBUG - 2022-09-16 13:17:02 --> Encryption: Auto-configured driver 'openssl'.
DEBUG - 2022-09-16 13:17:02 --> Total execution time: 0.0409
DEBUG - 2022-09-16 13:17:04 --> UTF-8 Support Enabled
DEBUG - 2022-09-16 13:17:04 --> Global POST, GET and COOKIE data sanitized
DEBUG - 2022-09-16 13:17:04 --> Config file loaded: /hwonpark/www/application/config/tree.php
DEBUG - 2022-09-16 13:17:04 --> Encryption: Auto-configured driver 'openssl'.
DEBUG - 2022-09-16 13:17:04 --> Total execution time: 0.0485
DEBUG - 2022-09-16 13:17:05 --> UTF-8 Support Enabled
DEBUG - 2022-09-16 13:17:05 --> Global POST, GET and COOKIE data sanitized
DEBUG - 2022-09-16 13:17:05 --> Config file loaded: /hwonpark/www/application/config/tree.php
DEBUG - 2022-09-16 13:17:05 --> Encryption: Auto-configured driver 'openssl'.
DEBUG - 2022-09-16 13:17:05 --> Total execution time: 0.0666
DEBUG - 2022-09-16 13:19:58 --> UTF-8 Support Enabled
DEBUG - 2022-09-16 13:19:58 --> No URI present. Default controller set.
DEBUG - 2022-09-16 13:19:58 --> Global POST, GET and COOKIE data sanitized
DEBUG - 2022-09-16 13:19:58 --> Config file loaded: /hwonpark/www/application/config/tree.php
DEBUG - 2022-09-16 13:19:58 --> Total execution time: 0.0293
DEBUG - 2022-09-16 13:20:04 --> UTF-8 Support Enabled
DEBUG - 2022-09-16 13:20:04 --> Global POST, GET and COOKIE data sanitized
ERROR - 2022-09-16 13:20:04 --> 404 Page Not Found: Faviconico/index
DEBUG - 2022-09-16 13:20:10 --> UTF-8 Support Enabled
DEBUG - 2022-09-16 13:20:10 --> Global POST, GET and COOKIE data sanitized
DEBUG - 2022-09-16 13:20:10 --> Config file loaded: /hwonpark/www/application/config/tree.php
DEBUG - 2022-09-16 13:20:10 --> Total execution time: 0.0354
DEBUG - 2022-09-16 13:20:38 --> UTF-8 Support Enabled
DEBUG - 2022-09-16 13:20:38 --> Global POST, GET and COOKIE data sanitized
DEBUG - 2022-09-16 13:20:38 --> Config file loaded: /hwonpark/www/application/config/tree.php
DEBUG - 2022-09-16 13:20:39 --> Total execution time: 0.0420
DEBUG - 2022-09-16 13:20:46 --> UTF-8 Support Enabled
DEBUG - 2022-09-16 13:20:46 --> Global POST, GET and COOKIE data sanitized
DEBUG - 2022-09-16 13:20:46 --> Config file loaded: /hwonpark/www/application/config/tree.php
DEBUG - 2022-09-16 13:20:46 --> Total execution time: 0.0233
DEBUG - 2022-09-16 13:20:54 --> UTF-8 Support Enabled
DEBUG - 2022-09-16 13:20:54 --> Global POST, GET and COOKIE data sanitized
DEBUG - 2022-09-16 13:20:54 --> Config file loaded: /hwonpark/www/application/config/tree.php
DEBUG - 2022-09-16 13:20:54 --> Total execution time: 0.0213
DEBUG - 2022-09-16 13:21:00 --> UTF-8 Support Enabled
DEBUG - 2022-09-16 13:21:00 --> Global POST, GET and COOKIE data sanitized
DEBUG - 2022-09-16 13:21:00 --> Config file loaded: /hwonpark/www/application/config/tree.php
DEBUG - 2022-09-16 13:21:02 --> UTF-8 Support Enabled
DEBUG - 2022-09-16 13:21:02 --> No URI present. Default controller set.
DEBUG - 2022-09-16 13:21:02 --> Global POST, GET and COOKIE data sanitized
DEBUG - 2022-09-16 13:21:02 --> Config file loaded: /hwonpark/www/application/config/tree.php
DEBUG - 2022-09-16 13:21:02 --> Total execution time: 0.0308
DEBUG - 2022-09-16 13:21:11 --> UTF-8 Support Enabled
DEBUG - 2022-09-16 13:21:11 --> Global POST, GET and COOKIE data sanitized
DEBUG - 2022-09-16 13:21:11 --> Config file loaded: /hwonpark/www/application/config/tree.php
DEBUG - 2022-09-16 13:21:11 --> Total execution time: 0.0400
DEBUG - 2022-09-16 13:21:31 --> UTF-8 Support Enabled
DEBUG - 2022-09-16 13:21:31 --> Global POST, GET and COOKIE data sanitized
DEBUG - 2022-09-16 13:21:31 --> Config file loaded: /hwonpark/www/application/config/tree.php
DEBUG - 2022-09-16 13:21:31 --> Total execution time: 0.0364
DEBUG - 2022-09-16 13:22:48 --> UTF-8 Support Enabled
DEBUG - 2022-09-16 13:22:48 --> Global POST, GET and COOKIE data sanitized
DEBUG - 2022-09-16 13:22:48 --> Config file loaded: /hwonpark/www/application/config/tree.php
DEBUG - 2022-09-16 13:22:48 --> Encryption: Auto-configured driver 'openssl'.
ERROR - 2022-09-16 13:22:48 --> Could not find the language line "imglib_invalid_image"
ERROR - 2022-09-16 13:22:48 --> imglib_invalid_image
ERROR - 2022-09-16 13:22:48 --> Could not find the language line "imglib_invalid_image"
ERROR - 2022-09-16 13:22:48 --> imglib_invalid_image
DEBUG - 2022-09-16 13:22:48 --> UTF-8 Support Enabled
DEBUG - 2022-09-16 13:22:48 --> Global POST, GET and COOKIE data sanitized
DEBUG - 2022-09-16 13:22:48 --> Config file loaded: /hwonpark/www/application/config/tree.php
DEBUG - 2022-09-16 13:22:48 --> Encryption: Auto-configured driver 'openssl'.
DEBUG - 2022-09-16 13:22:48 --> Total execution time: 0.0699
DEBUG - 2022-09-16 13:23:08 --> UTF-8 Support Enabled
DEBUG - 2022-09-16 13:23:08 --> Global POST, GET and COOKIE data sanitized
DEBUG - 2022-09-16 13:23:08 --> Config file loaded: /hwonpark/www/application/config/tree.php
DEBUG - 2022-09-16 13:23:08 --> Encryption: Auto-configured driver 'openssl'.
DEBUG - 2022-09-16 13:23:08 --> Total execution time: 0.0626
DEBUG - 2022-09-16 13:23:17 --> UTF-8 Support Enabled
DEBUG - 2022-09-16 13:23:17 --> Global POST, GET and COOKIE data sanitized
DEBUG - 2022-09-16 13:23:17 --> Config file loaded: /hwonpark/www/application/config/tree.php
DEBUG - 2022-09-16 13:23:17 --> Encryption: Auto-configured driver 'openssl'.
DEBUG - 2022-09-16 13:23:17 --> Total execution time: 0.0703
DEBUG - 2022-09-16 13:23:30 --> UTF-8 Support Enabled
DEBUG - 2022-09-16 13:23:30 --> Global POST, GET and COOKIE data sanitized
DEBUG - 2022-09-16 13:23:30 --> Config file loaded: /hwonpark/www/application/config/tree.php
DEBUG - 2022-09-16 13:23:30 --> Encryption: Auto-configured driver 'openssl'.
DEBUG - 2022-09-16 13:23:30 --> UTF-8 Support Enabled
DEBUG - 2022-09-16 13:23:30 --> Global POST, GET and COOKIE data sanitized
DEBUG - 2022-09-16 13:23:30 --> Config file loaded: /hwonpark/www/application/config/tree.php
DEBUG - 2022-09-16 13:23:30 --> Encryption: Auto-configured driver 'openssl'.
DEBUG - 2022-09-16 13:23:30 --> Total execution time: 0.0328
DEBUG - 2022-09-16 13:23:33 --> UTF-8 Support Enabled
DEBUG - 2022-09-16 13:23:33 --> Global POST, GET and COOKIE data sanitized
DEBUG - 2022-09-16 13:23:33 --> Config file loaded: /hwonpark/www/application/config/tree.php
DEBUG - 2022-09-16 13:23:33 --> Encryption: Auto-configured driver 'openssl'.
DEBUG - 2022-09-16 13:23:33 --> Total execution time: 0.0581
DEBUG - 2022-09-16 13:23:43 --> UTF-8 Support Enabled
DEBUG - 2022-09-16 13:23:43 --> Global POST, GET and COOKIE data sanitized
DEBUG - 2022-09-16 13:23:43 --> Config file loaded: /hwonpark/www/application/config/tree.php
DEBUG - 2022-09-16 13:23:43 --> Encryption: Auto-configured driver 'openssl'.
DEBUG - 2022-09-16 13:23:43 --> Total execution time: 0.0355
DEBUG - 2022-09-16 13:25:21 --> UTF-8 Support Enabled
DEBUG - 2022-09-16 13:25:21 --> No URI present. Default controller set.
DEBUG - 2022-09-16 13:25:21 --> Global POST, GET and COOKIE data sanitized
DEBUG - 2022-09-16 13:25:21 --> Config file loaded: /hwonpark/www/application/config/tree.php
DEBUG - 2022-09-16 13:25:21 --> Total execution time: 0.0291
DEBUG - 2022-09-16 13:25:22 --> UTF-8 Support Enabled
DEBUG - 2022-09-16 13:25:22 --> Global POST, GET and COOKIE data sanitized
ERROR - 2022-09-16 13:25:22 --> 404 Page Not Found: Faviconico/index
DEBUG - 2022-09-16 13:33:30 --> UTF-8 Support Enabled
DEBUG - 2022-09-16 13:33:30 --> Global POST, GET and COOKIE data sanitized
DEBUG - 2022-09-16 13:33:30 --> Config file loaded: /hwonpark/www/application/config/tree.php
DEBUG - 2022-09-16 13:33:31 --> UTF-8 Support Enabled
DEBUG - 2022-09-16 13:33:31 --> No URI present. Default controller set.
DEBUG - 2022-09-16 13:33:31 --> Global POST, GET and COOKIE data sanitized
DEBUG - 2022-09-16 13:33:31 --> Config file loaded: /hwonpark/www/application/config/tree.php
DEBUG - 2022-09-16 13:33:31 --> Total execution time: 0.0599
DEBUG - 2022-09-16 13:33:47 --> UTF-8 Support Enabled
DEBUG - 2022-09-16 13:33:47 --> No URI present. Default controller set.
DEBUG - 2022-09-16 13:33:47 --> Global POST, GET and COOKIE data sanitized
DEBUG - 2022-09-16 13:33:47 --> Config file loaded: /hwonpark/www/application/config/tree.php
DEBUG - 2022-09-16 13:33:47 --> Total execution time: 0.0467
DEBUG - 2022-09-16 13:33:54 --> UTF-8 Support Enabled
DEBUG - 2022-09-16 13:33:54 --> Global POST, GET and COOKIE data sanitized
DEBUG - 2022-09-16 13:33:54 --> Config file loaded: /hwonpark/www/application/config/tree.php
DEBUG - 2022-09-16 13:33:54 --> Total execution time: 0.0344
DEBUG - 2022-09-16 13:33:57 --> UTF-8 Support Enabled
DEBUG - 2022-09-16 13:33:57 --> Global POST, GET and COOKIE data sanitized
DEBUG - 2022-09-16 13:33:57 --> Config file loaded: /hwonpark/www/application/config/tree.php
DEBUG - 2022-09-16 13:33:57 --> Total execution time: 0.0379
DEBUG - 2022-09-16 13:34:16 --> UTF-8 Support Enabled
DEBUG - 2022-09-16 13:34:16 --> Global POST, GET and COOKIE data sanitized
DEBUG - 2022-09-16 13:34:16 --> Config file loaded: /hwonpark/www/application/config/tree.php
DEBUG - 2022-09-16 13:34:16 --> Total execution time: 0.0305
DEBUG - 2022-09-16 13:34:19 --> UTF-8 Support Enabled
DEBUG - 2022-09-16 13:34:19 --> Global POST, GET and COOKIE data sanitized
DEBUG - 2022-09-16 13:34:20 --> Config file loaded: /hwonpark/www/application/config/tree.php
DEBUG - 2022-09-16 13:34:20 --> Total execution time: 0.0636
DEBUG - 2022-09-16 13:34:25 --> UTF-8 Support Enabled
DEBUG - 2022-09-16 13:34:25 --> Global POST, GET and COOKIE data sanitized
DEBUG - 2022-09-16 13:34:25 --> Config file loaded: /hwonpark/www/application/config/tree.php
DEBUG - 2022-09-16 13:34:25 --> UTF-8 Support Enabled
DEBUG - 2022-09-16 13:34:25 --> Global POST, GET and COOKIE data sanitized
DEBUG - 2022-09-16 13:34:25 --> Config file loaded: /hwonpark/www/application/config/tree.php
DEBUG - 2022-09-16 13:34:25 --> Encryption: Auto-configured driver 'openssl'.
DEBUG - 2022-09-16 13:34:25 --> UTF-8 Support Enabled
DEBUG - 2022-09-16 13:34:25 --> Global POST, GET and COOKIE data sanitized
DEBUG - 2022-09-16 13:34:26 --> Config file loaded: /hwonpark/www/application/config/tree.php
DEBUG - 2022-09-16 13:34:26 --> Encryption: Auto-configured driver 'openssl'.
DEBUG - 2022-09-16 13:34:26 --> Encryption class already loaded. Second attempt ignored.
DEBUG - 2022-09-16 13:34:26 --> Total execution time: 0.0411
DEBUG - 2022-09-16 13:34:29 --> UTF-8 Support Enabled
DEBUG - 2022-09-16 13:34:29 --> Global POST, GET and COOKIE data sanitized
DEBUG - 2022-09-16 13:34:29 --> Config file loaded: /hwonpark/www/application/config/tree.php
DEBUG - 2022-09-16 13:34:29 --> Encryption: Auto-configured driver 'openssl'.
DEBUG - 2022-09-16 13:34:29 --> Total execution time: 0.0634
DEBUG - 2022-09-16 13:34:32 --> UTF-8 Support Enabled
DEBUG - 2022-09-16 13:34:32 --> Global POST, GET and COOKIE data sanitized
DEBUG - 2022-09-16 13:34:32 --> Config file loaded: /hwonpark/www/application/config/tree.php
DEBUG - 2022-09-16 13:34:32 --> Encryption: Auto-configured driver 'openssl'.
DEBUG - 2022-09-16 13:34:32 --> Total execution time: 0.0350
DEBUG - 2022-09-16 13:34:33 --> UTF-8 Support Enabled
DEBUG - 2022-09-16 13:34:33 --> Global POST, GET and COOKIE data sanitized
DEBUG - 2022-09-16 13:34:33 --> Config file loaded: /hwonpark/www/application/config/tree.php
DEBUG - 2022-09-16 13:34:33 --> Encryption: Auto-configured driver 'openssl'.
DEBUG - 2022-09-16 13:34:33 --> Total execution time: 0.0650
DEBUG - 2022-09-16 13:34:35 --> UTF-8 Support Enabled
DEBUG - 2022-09-16 13:34:35 --> Global POST, GET and COOKIE data sanitized
DEBUG - 2022-09-16 13:34:35 --> Config file loaded: /hwonpark/www/application/config/tree.php
DEBUG - 2022-09-16 13:34:35 --> Encryption: Auto-configured driver 'openssl'.
DEBUG - 2022-09-16 13:34:35 --> Total execution time: 0.0618
DEBUG - 2022-09-16 13:34:49 --> UTF-8 Support Enabled
DEBUG - 2022-09-16 13:34:49 --> Global POST, GET and COOKIE data sanitized
DEBUG - 2022-09-16 13:34:49 --> Config file loaded: /hwonpark/www/application/config/tree.php
DEBUG - 2022-09-16 13:34:49 --> Encryption: Auto-configured driver 'openssl'.
DEBUG - 2022-09-16 13:34:49 --> UTF-8 Support Enabled
DEBUG - 2022-09-16 13:34:49 --> Global POST, GET and COOKIE data sanitized
DEBUG - 2022-09-16 13:34:49 --> Config file loaded: /hwonpark/www/application/config/tree.php
DEBUG - 2022-09-16 13:34:49 --> Encryption: Auto-configured driver 'openssl'.
DEBUG - 2022-09-16 13:34:49 --> Total execution time: 0.0346
DEBUG - 2022-09-16 13:57:33 --> UTF-8 Support Enabled
DEBUG - 2022-09-16 13:57:33 --> Global POST, GET and COOKIE data sanitized
DEBUG - 2022-09-16 13:57:33 --> Config file loaded: /hwonpark/www/application/config/tree.php
DEBUG - 2022-09-16 13:57:39 --> UTF-8 Support Enabled
DEBUG - 2022-09-16 13:57:39 --> No URI present. Default controller set.
DEBUG - 2022-09-16 13:57:39 --> Global POST, GET and COOKIE data sanitized
DEBUG - 2022-09-16 13:57:39 --> Config file loaded: /hwonpark/www/application/config/tree.php
DEBUG - 2022-09-16 13:57:39 --> Total execution time: 0.0333
DEBUG - 2022-09-16 13:57:42 --> UTF-8 Support Enabled
DEBUG - 2022-09-16 13:57:42 --> Global POST, GET and COOKIE data sanitized
ERROR - 2022-09-16 13:57:42 --> 404 Page Not Found: Faviconico/index
DEBUG - 2022-09-16 14:05:48 --> UTF-8 Support Enabled
DEBUG - 2022-09-16 14:05:48 --> No URI present. Default controller set.
DEBUG - 2022-09-16 14:05:48 --> Global POST, GET and COOKIE data sanitized
DEBUG - 2022-09-16 14:05:48 --> Config file loaded: /hwonpark/www/application/config/tree.php
DEBUG - 2022-09-16 14:05:48 --> Total execution time: 0.0400
DEBUG - 2022-09-16 14:05:54 --> UTF-8 Support Enabled
DEBUG - 2022-09-16 14:05:54 --> Global POST, GET and COOKIE data sanitized
DEBUG - 2022-09-16 14:05:54 --> Config file loaded: /hwonpark/www/application/config/tree.php
DEBUG - 2022-09-16 14:05:54 --> Total execution time: 0.0350
DEBUG - 2022-09-16 14:06:05 --> UTF-8 Support Enabled
DEBUG - 2022-09-16 14:06:05 --> Global POST, GET and COOKIE data sanitized
DEBUG - 2022-09-16 14:06:05 --> Config file loaded: /hwonpark/www/application/config/tree.php
DEBUG - 2022-09-16 14:06:05 --> Total execution time: 0.0302
DEBUG - 2022-09-16 14:06:13 --> UTF-8 Support Enabled
DEBUG - 2022-09-16 14:06:13 --> Global POST, GET and COOKIE data sanitized
DEBUG - 2022-09-16 14:06:13 --> Config file loaded: /hwonpark/www/application/config/tree.php
DEBUG - 2022-09-16 14:06:14 --> UTF-8 Support Enabled
DEBUG - 2022-09-16 14:06:14 --> Global POST, GET and COOKIE data sanitized
DEBUG - 2022-09-16 14:06:14 --> Config file loaded: /hwonpark/www/application/config/tree.php
DEBUG - 2022-09-16 14:06:14 --> Total execution time: 0.0265
DEBUG - 2022-09-16 14:46:06 --> UTF-8 Support Enabled
DEBUG - 2022-09-16 14:46:06 --> No URI present. Default controller set.
DEBUG - 2022-09-16 14:46:06 --> Global POST, GET and COOKIE data sanitized
DEBUG - 2022-09-16 14:46:06 --> Config file loaded: /hwonpark/www/application/config/tree.php
DEBUG - 2022-09-16 14:46:06 --> Total execution time: 0.0336
DEBUG - 2022-09-16 14:46:10 --> UTF-8 Support Enabled
DEBUG - 2022-09-16 14:46:10 --> Global POST, GET and COOKIE data sanitized
ERROR - 2022-09-16 14:46:10 --> 404 Page Not Found: Faviconico/index
DEBUG - 2022-09-16 14:46:16 --> UTF-8 Support Enabled
DEBUG - 2022-09-16 14:46:16 --> Global POST, GET and COOKIE data sanitized
DEBUG - 2022-09-16 14:46:16 --> Config file loaded: /hwonpark/www/application/config/tree.php
DEBUG - 2022-09-16 14:46:16 --> --------------------DC_common::chk_perm - 1.인가코드요청 시작 -> if 인앱브라우저
DEBUG - 2022-09-16 14:46:17 --> UTF-8 Support Enabled
DEBUG - 2022-09-16 14:46:17 --> Global POST, GET and COOKIE data sanitized
DEBUG - 2022-09-16 14:46:17 --> Config file loaded: /hwonpark/www/application/config/tree.php
DEBUG - 2022-09-16 14:46:17 --> =================== DL_auth-> oauth::CALLBACK - 시작
DEBUG - 2022-09-16 14:46:17 --> =================== DL_auth-> oauth::CALLBACK - kakao param=:: error=
DEBUG - 2022-09-16 14:46:17 --> =================== DL_auth-> oauth::CALLBACK - kakao param=:: state=/ko/brief/view?idx=31
DEBUG - 2022-09-16 14:46:17 --> =================== DL_auth-> oauth::CALLBACK - kakao param=:: code=IHLWKwo7FqiMsQj1HL1TQiQ5cCJBoJvw2mOi8cZs32xHnI3ZMQVDXIlB16mfPJwoWr9haAopb9UAAAGDRNVccg
DEBUG - 2022-09-16 14:46:17 --> =================== DL_auth -> kakao oauth :2: code=IHLWKwo7FqiMsQj1HL1TQiQ5cCJBoJvw2mOi8cZs32xHnI3ZMQVDXIlB16mfPJwoWr9haAopb9UAAAGDRNVccg
DEBUG - 2022-09-16 14:46:17 --> ====================Dl_auth -> kakao_login :: 시작
DEBUG - 2022-09-16 14:46:17 --> --------------------Dl_auth::kakao_login - 1.토큰요청 시작
DEBUG - 2022-09-16 14:46:17 --> Dl_auth::kakao_login - get_token 시작 n=2
DEBUG - 2022-09-16 14:46:17 --> --------------------Dl_auth::kakao_login - 1.2.토큰요청 시작 -> 기타브라우저
DEBUG - 2022-09-16 14:46:17 --> --------------------Dl_auth::kakao_login - 1.3.토큰요청
DEBUG - 2022-09-16 14:46:17 --> --------------------Dl_auth::kakao_login - 1.4.토큰요청 -> 성공
DEBUG - 2022-09-16 14:46:17 --> UTF-8 Support Enabled
DEBUG - 2022-09-16 14:46:17 --> Global POST, GET and COOKIE data sanitized
DEBUG - 2022-09-16 14:46:17 --> Config file loaded: /hwonpark/www/application/config/tree.php
DEBUG - 2022-09-16 14:46:17 --> =================== DL_auth-> oauth::CALLBACK - 시작
DEBUG - 2022-09-16 14:46:17 --> =================== DL_auth-> oauth::CALLBACK - kakao param=:: error=
DEBUG - 2022-09-16 14:46:17 --> =================== DL_auth-> oauth::CALLBACK - kakao param=:: state=/ko/brief/view?idx=31
DEBUG - 2022-09-16 14:46:17 --> =================== DL_auth-> oauth::CALLBACK - kakao param=:: code=IHLWKwo7FqiMsQj1HL1TQiQ5cCJBoJvw2mOi8cZs32xHnI3ZMQVDXIlB16mfPJwoWr9haAopb9UAAAGDRNVccg
DEBUG - 2022-09-16 14:46:17 --> =================== DL_auth -> kakao oauth :2: code=IHLWKwo7FqiMsQj1HL1TQiQ5cCJBoJvw2mOi8cZs32xHnI3ZMQVDXIlB16mfPJwoWr9haAopb9UAAAGDRNVccg
DEBUG - 2022-09-16 14:46:17 --> ====================Dl_auth -> kakao_login :: 시작
DEBUG - 2022-09-16 14:46:17 --> ====================Dl_auth::kakao_login - 1.3.5- 사이트 회원정보 업데이트 성공(카카오 인증 완료) state=/ko/brief/view?idx=31
DEBUG - 2022-09-16 14:46:17 --> UTF-8 Support Enabled
DEBUG - 2022-09-16 14:46:17 --> Global POST, GET and COOKIE data sanitized
DEBUG - 2022-09-16 14:46:17 --> Config file loaded: /hwonpark/www/application/config/tree.php
DEBUG - 2022-09-16 14:46:17 --> Encryption: Auto-configured driver 'openssl'.
DEBUG - 2022-09-16 14:46:17 --> --------------------DC_common::chk_perm - 1.인가코드요청 시작 -> if 인앱브라우저
DEBUG - 2022-09-16 14:46:17 --> Total execution time: 0.0587
DEBUG - 2022-09-16 14:59:18 --> UTF-8 Support Enabled
DEBUG - 2022-09-16 14:59:18 --> Global POST, GET and COOKIE data sanitized
DEBUG - 2022-09-16 14:59:18 --> Config file loaded: /hwonpark/www/application/config/tree.php
DEBUG - 2022-09-16 14:59:18 --> Total execution time: 0.0564
DEBUG - 2022-09-16 14:59:23 --> UTF-8 Support Enabled
DEBUG - 2022-09-16 14:59:23 --> Global POST, GET and COOKIE data sanitized
DEBUG - 2022-09-16 14:59:24 --> Config file loaded: /hwonpark/www/application/config/tree.php
DEBUG - 2022-09-16 14:59:24 --> UTF-8 Support Enabled
DEBUG - 2022-09-16 14:59:24 --> Global POST, GET and COOKIE data sanitized
DEBUG - 2022-09-16 14:59:24 --> Config file loaded: /hwonpark/www/application/config/tree.php
DEBUG - 2022-09-16 14:59:24 --> Encryption: Auto-configured driver 'openssl'.
DEBUG - 2022-09-16 14:59:24 --> UTF-8 Support Enabled
DEBUG - 2022-09-16 14:59:24 --> Global POST, GET and COOKIE data sanitized
DEBUG - 2022-09-16 14:59:24 --> Config file loaded: /hwonpark/www/application/config/tree.php
DEBUG - 2022-09-16 14:59:24 --> Encryption: Auto-configured driver 'openssl'.
DEBUG - 2022-09-16 14:59:24 --> Encryption class already loaded. Second attempt ignored.
DEBUG - 2022-09-16 14:59:24 --> Total execution time: 0.0400
DEBUG - 2022-09-16 14:59:27 --> UTF-8 Support Enabled
DEBUG - 2022-09-16 14:59:27 --> Global POST, GET and COOKIE data sanitized
DEBUG - 2022-09-16 14:59:27 --> Config file loaded: /hwonpark/www/application/config/tree.php
DEBUG - 2022-09-16 14:59:27 --> Encryption: Auto-configured driver 'openssl'.
DEBUG - 2022-09-16 14:59:27 --> Total execution time: 0.0344
DEBUG - 2022-09-16 14:59:28 --> UTF-8 Support Enabled
DEBUG - 2022-09-16 14:59:28 --> Global POST, GET and COOKIE data sanitized
DEBUG - 2022-09-16 14:59:28 --> Config file loaded: /hwonpark/www/application/config/tree.php
DEBUG - 2022-09-16 14:59:28 --> Encryption: Auto-configured driver 'openssl'.
DEBUG - 2022-09-16 14:59:28 --> Total execution time: 0.0372
DEBUG - 2022-09-16 14:59:31 --> UTF-8 Support Enabled
DEBUG - 2022-09-16 14:59:31 --> Global POST, GET and COOKIE data sanitized
DEBUG - 2022-09-16 14:59:31 --> Config file loaded: /hwonpark/www/application/config/tree.php
DEBUG - 2022-09-16 14:59:31 --> Encryption: Auto-configured driver 'openssl'.
DEBUG - 2022-09-16 14:59:31 --> Total execution time: 0.0589
DEBUG - 2022-09-16 14:59:35 --> UTF-8 Support Enabled
DEBUG - 2022-09-16 14:59:35 --> Global POST, GET and COOKIE data sanitized
DEBUG - 2022-09-16 14:59:35 --> Config file loaded: /hwonpark/www/application/config/tree.php
DEBUG - 2022-09-16 14:59:35 --> Encryption: Auto-configured driver 'openssl'.
DEBUG - 2022-09-16 14:59:35 --> Total execution time: 0.0359
DEBUG - 2022-09-16 14:59:37 --> UTF-8 Support Enabled
DEBUG - 2022-09-16 14:59:37 --> Global POST, GET and COOKIE data sanitized
DEBUG - 2022-09-16 14:59:37 --> Config file loaded: /hwonpark/www/application/config/tree.php
DEBUG - 2022-09-16 14:59:37 --> Encryption: Auto-configured driver 'openssl'.
DEBUG - 2022-09-16 14:59:37 --> Total execution time: 0.0627
DEBUG - 2022-09-16 14:59:39 --> UTF-8 Support Enabled
DEBUG - 2022-09-16 14:59:39 --> Global POST, GET and COOKIE data sanitized
DEBUG - 2022-09-16 14:59:39 --> Config file loaded: /hwonpark/www/application/config/tree.php
DEBUG - 2022-09-16 14:59:39 --> Encryption: Auto-configured driver 'openssl'.
DEBUG - 2022-09-16 14:59:39 --> Total execution time: 0.0430
DEBUG - 2022-09-16 14:59:46 --> UTF-8 Support Enabled
DEBUG - 2022-09-16 14:59:46 --> Global POST, GET and COOKIE data sanitized
DEBUG - 2022-09-16 14:59:46 --> Config file loaded: /hwonpark/www/application/config/tree.php
DEBUG - 2022-09-16 14:59:46 --> Encryption: Auto-configured driver 'openssl'.
DEBUG - 2022-09-16 14:59:46 --> Total execution time: 0.0590
DEBUG - 2022-09-16 14:59:48 --> UTF-8 Support Enabled
DEBUG - 2022-09-16 14:59:48 --> Global POST, GET and COOKIE data sanitized
DEBUG - 2022-09-16 14:59:48 --> Config file loaded: /hwonpark/www/application/config/tree.php
DEBUG - 2022-09-16 14:59:48 --> Encryption: Auto-configured driver 'openssl'.
DEBUG - 2022-09-16 14:59:48 --> Total execution time: 0.0383
DEBUG - 2022-09-16 15:02:17 --> UTF-8 Support Enabled
DEBUG - 2022-09-16 15:02:17 --> Global POST, GET and COOKIE data sanitized
DEBUG - 2022-09-16 15:02:17 --> Config file loaded: /hwonpark/www/application/config/tree.php
DEBUG - 2022-09-16 15:02:17 --> Encryption: Auto-configured driver 'openssl'.
ERROR - 2022-09-16 15:02:17 --> Could not find the language line "imglib_invalid_image"
ERROR - 2022-09-16 15:02:17 --> imglib_invalid_image
DEBUG - 2022-09-16 15:02:17 --> DL_schema class already loaded. Second attempt ignored.
DEBUG - 2022-09-16 15:02:18 --> UTF-8 Support Enabled
DEBUG - 2022-09-16 15:02:18 --> Global POST, GET and COOKIE data sanitized
DEBUG - 2022-09-16 15:02:18 --> Config file loaded: /hwonpark/www/application/config/tree.php
DEBUG - 2022-09-16 15:02:18 --> Encryption: Auto-configured driver 'openssl'.
DEBUG - 2022-09-16 15:02:18 --> Total execution time: 0.0355
DEBUG - 2022-09-16 15:02:34 --> UTF-8 Support Enabled
DEBUG - 2022-09-16 15:02:34 --> Global POST, GET and COOKIE data sanitized
DEBUG - 2022-09-16 15:02:34 --> Config file loaded: /hwonpark/www/application/config/tree.php
DEBUG - 2022-09-16 15:02:34 --> Encryption: Auto-configured driver 'openssl'.
DEBUG - 2022-09-16 15:02:34 --> Total execution time: 0.0659
DEBUG - 2022-09-16 15:02:36 --> UTF-8 Support Enabled
DEBUG - 2022-09-16 15:02:36 --> Global POST, GET and COOKIE data sanitized
DEBUG - 2022-09-16 15:02:36 --> Config file loaded: /hwonpark/www/application/config/tree.php
DEBUG - 2022-09-16 15:02:36 --> Encryption: Auto-configured driver 'openssl'.
DEBUG - 2022-09-16 15:02:36 --> Total execution time: 0.0789
DEBUG - 2022-09-16 15:02:41 --> UTF-8 Support Enabled
DEBUG - 2022-09-16 15:02:41 --> Global POST, GET and COOKIE data sanitized
DEBUG - 2022-09-16 15:02:41 --> Config file loaded: /hwonpark/www/application/config/tree.php
DEBUG - 2022-09-16 15:02:41 --> Encryption: Auto-configured driver 'openssl'.
DEBUG - 2022-09-16 15:02:41 --> UTF-8 Support Enabled
DEBUG - 2022-09-16 15:02:41 --> Global POST, GET and COOKIE data sanitized
DEBUG - 2022-09-16 15:02:41 --> Config file loaded: /hwonpark/www/application/config/tree.php
DEBUG - 2022-09-16 15:02:41 --> Encryption: Auto-configured driver 'openssl'.
DEBUG - 2022-09-16 15:02:41 --> Total execution time: 0.0358
DEBUG - 2022-09-16 15:02:44 --> UTF-8 Support Enabled
DEBUG - 2022-09-16 15:02:44 --> Global POST, GET and COOKIE data sanitized
DEBUG - 2022-09-16 15:02:45 --> Config file loaded: /hwonpark/www/application/config/tree.php
DEBUG - 2022-09-16 15:02:45 --> Encryption: Auto-configured driver 'openssl'.
DEBUG - 2022-09-16 15:02:45 --> Total execution time: 0.0450
DEBUG - 2022-09-16 15:15:57 --> UTF-8 Support Enabled
DEBUG - 2022-09-16 15:15:57 --> Global POST, GET and COOKIE data sanitized
DEBUG - 2022-09-16 15:15:57 --> Config file loaded: /hwonpark/www/application/config/tree.php
DEBUG - 2022-09-16 15:15:59 --> UTF-8 Support Enabled
DEBUG - 2022-09-16 15:15:59 --> Global POST, GET and COOKIE data sanitized
DEBUG - 2022-09-16 15:15:59 --> Config file loaded: /hwonpark/www/application/config/tree.php
DEBUG - 2022-09-16 15:15:59 --> Total execution time: 0.0438
DEBUG - 2022-09-16 15:16:01 --> UTF-8 Support Enabled
DEBUG - 2022-09-16 15:16:01 --> Global POST, GET and COOKIE data sanitized
DEBUG - 2022-09-16 15:16:01 --> Config file loaded: /hwonpark/www/application/config/tree.php
DEBUG - 2022-09-16 15:16:01 --> =================== DL_auth-> oauth::CALLBACK - 시작
DEBUG - 2022-09-16 15:16:01 --> =================== DL_auth-> oauth::CALLBACK - kakao param=:: error=
DEBUG - 2022-09-16 15:16:01 --> =================== DL_auth-> oauth::CALLBACK - kakao param=:: state=
DEBUG - 2022-09-16 15:16:01 --> =================== DL_auth-> oauth::CALLBACK - kakao param=:: code=Qb7GvO0ucvM_A5-I8Wgl9_D-8kkIt2U7FmZ9WB7XGf8m5ZEHCg3-G43Zyz9Hz0H5WW70eAo9c04AAAGDRPCXMA
DEBUG - 2022-09-16 15:16:01 --> =================== DL_auth -> kakao oauth :2: code=Qb7GvO0ucvM_A5-I8Wgl9_D-8kkIt2U7FmZ9WB7XGf8m5ZEHCg3-G43Zyz9Hz0H5WW70eAo9c04AAAGDRPCXMA
DEBUG - 2022-09-16 15:16:01 --> ====================Dl_auth -> kakao_login :: 시작
DEBUG - 2022-09-16 15:16:01 --> --------------------Dl_auth::kakao_login - 1.토큰요청 시작
DEBUG - 2022-09-16 15:16:01 --> Dl_auth::kakao_login - get_token 시작 n=2
DEBUG - 2022-09-16 15:16:01 --> --------------------Dl_auth::kakao_login - 1.2.토큰요청 시작 -> 기타브라우저
DEBUG - 2022-09-16 15:16:01 --> --------------------Dl_auth::kakao_login - 1.3.토큰요청
DEBUG - 2022-09-16 15:16:01 --> --------------------Dl_auth::kakao_login - 1.4.토큰요청 -> 성공
DEBUG - 2022-09-16 15:16:02 --> UTF-8 Support Enabled
DEBUG - 2022-09-16 15:16:02 --> Global POST, GET and COOKIE data sanitized
DEBUG - 2022-09-16 15:16:02 --> Config file loaded: /hwonpark/www/application/config/tree.php
DEBUG - 2022-09-16 15:16:02 --> =================== DL_auth-> oauth::CALLBACK - 시작
DEBUG - 2022-09-16 15:16:02 --> =================== DL_auth-> oauth::CALLBACK - kakao param=:: error=
DEBUG - 2022-09-16 15:16:02 --> =================== DL_auth-> oauth::CALLBACK - kakao param=:: state=
DEBUG - 2022-09-16 15:16:02 --> =================== DL_auth-> oauth::CALLBACK - kakao param=:: code=Qb7GvO0ucvM_A5-I8Wgl9_D-8kkIt2U7FmZ9WB7XGf8m5ZEHCg3-G43Zyz9Hz0H5WW70eAo9c04AAAGDRPCXMA
DEBUG - 2022-09-16 15:16:02 --> =================== DL_auth -> kakao oauth :2: code=Qb7GvO0ucvM_A5-I8Wgl9_D-8kkIt2U7FmZ9WB7XGf8m5ZEHCg3-G43Zyz9Hz0H5WW70eAo9c04AAAGDRPCXMA
DEBUG - 2022-09-16 15:16:02 --> ====================Dl_auth -> kakao_login :: 시작
DEBUG - 2022-09-16 15:16:02 --> ====================Dl_auth::kakao_login - 1.3.5- 사이트 회원정보 업데이트 성공(카카오 인증 완료) state=
DEBUG - 2022-09-16 15:16:03 --> UTF-8 Support Enabled
DEBUG - 2022-09-16 15:16:03 --> Global POST, GET and COOKIE data sanitized
DEBUG - 2022-09-16 15:16:03 --> Config file loaded: /hwonpark/www/application/config/tree.php
DEBUG - 2022-09-16 15:16:03 --> Encryption: Auto-configured driver 'openssl'.
DEBUG - 2022-09-16 15:16:03 --> Total execution time: 0.0366
DEBUG - 2022-09-16 15:16:05 --> UTF-8 Support Enabled
DEBUG - 2022-09-16 15:16:05 --> Global POST, GET and COOKIE data sanitized
DEBUG - 2022-09-16 15:16:05 --> Config file loaded: /hwonpark/www/application/config/tree.php
DEBUG - 2022-09-16 15:16:05 --> Encryption: Auto-configured driver 'openssl'.
DEBUG - 2022-09-16 15:16:05 --> Total execution time: 0.0471
DEBUG - 2022-09-16 15:16:13 --> UTF-8 Support Enabled
DEBUG - 2022-09-16 15:16:13 --> Global POST, GET and COOKIE data sanitized
DEBUG - 2022-09-16 15:16:13 --> Config file loaded: /hwonpark/www/application/config/tree.php
DEBUG - 2022-09-16 15:16:13 --> Encryption: Auto-configured driver 'openssl'.
DEBUG - 2022-09-16 15:16:14 --> Total execution time: 0.0586
DEBUG - 2022-09-16 16:19:47 --> UTF-8 Support Enabled
DEBUG - 2022-09-16 16:19:47 --> Global POST, GET and COOKIE data sanitized
DEBUG - 2022-09-16 16:19:47 --> Config file loaded: /hwonpark/www/application/config/tree.php
DEBUG - 2022-09-16 16:19:47 --> Total execution time: 0.0504
DEBUG - 2022-09-16 16:19:51 --> UTF-8 Support Enabled
DEBUG - 2022-09-16 16:19:51 --> Global POST, GET and COOKIE data sanitized
DEBUG - 2022-09-16 16:19:51 --> Config file loaded: /hwonpark/www/application/config/tree.php
DEBUG - 2022-09-16 16:19:53 --> UTF-8 Support Enabled
DEBUG - 2022-09-16 16:19:53 --> Global POST, GET and COOKIE data sanitized
DEBUG - 2022-09-16 16:19:53 --> Config file loaded: /hwonpark/www/application/config/tree.php
DEBUG - 2022-09-16 16:19:53 --> Total execution time: 0.0270
DEBUG - 2022-09-16 16:20:01 --> UTF-8 Support Enabled
DEBUG - 2022-09-16 16:20:01 --> Global POST, GET and COOKIE data sanitized
DEBUG - 2022-09-16 16:20:01 --> Config file loaded: /hwonpark/www/application/config/tree.php
DEBUG - 2022-09-16 16:20:01 --> Total execution time: 0.0303
DEBUG - 2022-09-16 16:20:06 --> UTF-8 Support Enabled
DEBUG - 2022-09-16 16:20:06 --> Global POST, GET and COOKIE data sanitized
DEBUG - 2022-09-16 16:20:06 --> Config file loaded: /hwonpark/www/application/config/tree.php
DEBUG - 2022-09-16 16:20:07 --> UTF-8 Support Enabled
DEBUG - 2022-09-16 16:20:07 --> Global POST, GET and COOKIE data sanitized
DEBUG - 2022-09-16 16:20:07 --> Config file loaded: /hwonpark/www/application/config/tree.php
DEBUG - 2022-09-16 16:20:07 --> Encryption: Auto-configured driver 'openssl'.
DEBUG - 2022-09-16 16:20:07 --> UTF-8 Support Enabled
DEBUG - 2022-09-16 16:20:07 --> Global POST, GET and COOKIE data sanitized
DEBUG - 2022-09-16 16:20:07 --> Config file loaded: /hwonpark/www/application/config/tree.php
DEBUG - 2022-09-16 16:20:07 --> Encryption: Auto-configured driver 'openssl'.
DEBUG - 2022-09-16 16:20:07 --> Encryption class already loaded. Second attempt ignored.
DEBUG - 2022-09-16 16:20:07 --> Total execution time: 0.0504
DEBUG - 2022-09-16 16:20:09 --> UTF-8 Support Enabled
DEBUG - 2022-09-16 16:20:09 --> Global POST, GET and COOKIE data sanitized
DEBUG - 2022-09-16 16:20:09 --> Config file loaded: /hwonpark/www/application/config/tree.php
DEBUG - 2022-09-16 16:20:09 --> Encryption: Auto-configured driver 'openssl'.
DEBUG - 2022-09-16 16:20:09 --> Total execution time: 0.0426
DEBUG - 2022-09-16 16:20:10 --> UTF-8 Support Enabled
DEBUG - 2022-09-16 16:20:10 --> Global POST, GET and COOKIE data sanitized
DEBUG - 2022-09-16 16:20:10 --> Config file loaded: /hwonpark/www/application/config/tree.php
DEBUG - 2022-09-16 16:20:10 --> Encryption: Auto-configured driver 'openssl'.
DEBUG - 2022-09-16 16:20:10 --> Total execution time: 0.0521
DEBUG - 2022-09-16 16:43:36 --> UTF-8 Support Enabled
DEBUG - 2022-09-16 16:43:36 --> No URI present. Default controller set.
DEBUG - 2022-09-16 16:43:36 --> Global POST, GET and COOKIE data sanitized
DEBUG - 2022-09-16 16:43:36 --> Config file loaded: /hwonpark/www/application/config/tree.php
DEBUG - 2022-09-16 16:43:36 --> Total execution time: 0.0306
DEBUG - 2022-09-16 18:13:54 --> UTF-8 Support Enabled
DEBUG - 2022-09-16 18:13:54 --> Global POST, GET and COOKIE data sanitized
DEBUG - 2022-09-16 18:13:54 --> Config file loaded: /hwonpark/www/application/config/tree.php
DEBUG - 2022-09-16 18:13:54 --> Total execution time: 0.0291
DEBUG - 2022-09-16 18:13:59 --> UTF-8 Support Enabled
DEBUG - 2022-09-16 18:13:59 --> Global POST, GET and COOKIE data sanitized
DEBUG - 2022-09-16 18:13:59 --> Config file loaded: /hwonpark/www/application/config/tree.php
DEBUG - 2022-09-16 18:14:00 --> UTF-8 Support Enabled
DEBUG - 2022-09-16 18:14:00 --> Global POST, GET and COOKIE data sanitized
DEBUG - 2022-09-16 18:14:00 --> Config file loaded: /hwonpark/www/application/config/tree.php
DEBUG - 2022-09-16 18:14:00 --> Encryption: Auto-configured driver 'openssl'.
DEBUG - 2022-09-16 18:14:00 --> UTF-8 Support Enabled
DEBUG - 2022-09-16 18:14:00 --> Global POST, GET and COOKIE data sanitized
DEBUG - 2022-09-16 18:14:00 --> Config file loaded: /hwonpark/www/application/config/tree.php
DEBUG - 2022-09-16 18:14:00 --> Encryption: Auto-configured driver 'openssl'.
DEBUG - 2022-09-16 18:14:00 --> Encryption class already loaded. Second attempt ignored.
DEBUG - 2022-09-16 18:14:00 --> Total execution time: 0.0370
DEBUG - 2022-09-16 18:14:01 --> UTF-8 Support Enabled
DEBUG - 2022-09-16 18:14:01 --> Global POST, GET and COOKIE data sanitized
DEBUG - 2022-09-16 18:14:01 --> Config file loaded: /hwonpark/www/application/config/tree.php
DEBUG - 2022-09-16 18:14:01 --> Encryption: Auto-configured driver 'openssl'.
DEBUG - 2022-09-16 18:14:01 --> Total execution time: 0.0358
DEBUG - 2022-09-16 18:14:07 --> UTF-8 Support Enabled
DEBUG - 2022-09-16 18:14:07 --> Global POST, GET and COOKIE data sanitized
DEBUG - 2022-09-16 18:14:07 --> Config file loaded: /hwonpark/www/application/config/tree.php
DEBUG - 2022-09-16 18:14:07 --> Encryption: Auto-configured driver 'openssl'.
DEBUG - 2022-09-16 18:14:07 --> Total execution time: 0.0447
DEBUG - 2022-09-16 18:14:09 --> UTF-8 Support Enabled
DEBUG - 2022-09-16 18:14:09 --> Global POST, GET and COOKIE data sanitized
DEBUG - 2022-09-16 18:14:09 --> Config file loaded: /hwonpark/www/application/config/tree.php
DEBUG - 2022-09-16 18:14:09 --> Encryption: Auto-configured driver 'openssl'.
DEBUG - 2022-09-16 18:14:09 --> Total execution time: 0.0364
DEBUG - 2022-09-16 18:14:10 --> UTF-8 Support Enabled
DEBUG - 2022-09-16 18:14:10 --> Global POST, GET and COOKIE data sanitized
DEBUG - 2022-09-16 18:14:10 --> Config file loaded: /hwonpark/www/application/config/tree.php
DEBUG - 2022-09-16 18:14:11 --> Encryption: Auto-configured driver 'openssl'.
DEBUG - 2022-09-16 18:14:11 --> Total execution time: 0.0381
DEBUG - 2022-09-16 18:14:12 --> UTF-8 Support Enabled
DEBUG - 2022-09-16 18:14:12 --> Global POST, GET and COOKIE data sanitized
DEBUG - 2022-09-16 18:14:12 --> Config file loaded: /hwonpark/www/application/config/tree.php
DEBUG - 2022-09-16 18:14:12 --> Encryption: Auto-configured driver 'openssl'.
DEBUG - 2022-09-16 18:14:12 --> Total execution time: 0.0371
DEBUG - 2022-09-16 18:14:15 --> UTF-8 Support Enabled
DEBUG - 2022-09-16 18:14:15 --> Global POST, GET and COOKIE data sanitized
DEBUG - 2022-09-16 18:14:15 --> Config file loaded: /hwonpark/www/application/config/tree.php
DEBUG - 2022-09-16 18:14:15 --> Encryption: Auto-configured driver 'openssl'.
DEBUG - 2022-09-16 18:14:15 --> Total execution time: 0.0386
DEBUG - 2022-09-16 18:14:16 --> UTF-8 Support Enabled
DEBUG - 2022-09-16 18:14:16 --> Global POST, GET and COOKIE data sanitized
DEBUG - 2022-09-16 18:14:16 --> Config file loaded: /hwonpark/www/application/config/tree.php
DEBUG - 2022-09-16 18:14:16 --> Encryption: Auto-configured driver 'openssl'.
DEBUG - 2022-09-16 18:14:16 --> Total execution time: 0.0370
DEBUG - 2022-09-16 21:29:00 --> UTF-8 Support Enabled
DEBUG - 2022-09-16 21:29:00 --> No URI present. Default controller set.
DEBUG - 2022-09-16 21:29:00 --> Global POST, GET and COOKIE data sanitized
DEBUG - 2022-09-16 21:29:00 --> Config file loaded: /hwonpark/www/application/config/tree.php
DEBUG - 2022-09-16 21:29:00 --> Total execution time: 0.0972
DEBUG - 2022-09-16 21:29:01 --> UTF-8 Support Enabled
DEBUG - 2022-09-16 21:29:01 --> Global POST, GET and COOKIE data sanitized
ERROR - 2022-09-16 21:29:01 --> 404 Page Not Found: Faviconico/index
DEBUG - 2022-09-16 21:37:01 --> UTF-8 Support Enabled
DEBUG - 2022-09-16 21:37:01 --> No URI present. Default controller set.
DEBUG - 2022-09-16 21:37:01 --> Global POST, GET and COOKIE data sanitized
DEBUG - 2022-09-16 21:37:01 --> Config file loaded: /hwonpark/www/application/config/tree.php
DEBUG - 2022-09-16 21:37:01 --> Total execution time: 0.0606
