DEBUG - 2022-08-12 04:51:52 --> UTF-8 Support Enabled
DEBUG - 2022-08-12 04:51:52 --> No URI present. Default controller set.
DEBUG - 2022-08-12 04:51:52 --> Global POST, GET and COOKIE data sanitized
ERROR - 2022-08-12 04:51:52 --> 404 Page Not Found: ERROR : url is wrong
DEBUG - 2022-08-12 04:51:52 --> UTF-8 Support Enabled
DEBUG - 2022-08-12 04:51:52 --> Global POST, GET and COOKIE data sanitized
ERROR - 2022-08-12 04:51:52 --> 404 Page Not Found: Faviconico/index
DEBUG - 2022-08-12 04:51:57 --> UTF-8 Support Enabled
DEBUG - 2022-08-12 04:51:57 --> No URI present. Default controller set.
DEBUG - 2022-08-12 04:51:57 --> Global POST, GET and COOKIE data sanitized
DEBUG - 2022-08-12 04:51:57 --> Config file loaded: /hwonpark/www/application/config/tree.php
DEBUG - 2022-08-12 04:51:57 --> Total execution time: 0.1782
DEBUG - 2022-08-12 04:52:31 --> UTF-8 Support Enabled
DEBUG - 2022-08-12 04:52:31 --> Global POST, GET and COOKIE data sanitized
DEBUG - 2022-08-12 04:52:31 --> Config file loaded: /hwonpark/www/application/config/tree.php
DEBUG - 2022-08-12 04:52:31 --> Total execution time: 0.0648
DEBUG - 2022-08-12 04:53:34 --> UTF-8 Support Enabled
DEBUG - 2022-08-12 04:53:34 --> Global POST, GET and COOKIE data sanitized
DEBUG - 2022-08-12 04:53:34 --> Config file loaded: /hwonpark/www/application/config/tree.php
DEBUG - 2022-08-12 04:53:34 --> Total execution time: 0.0325
DEBUG - 2022-08-12 04:53:39 --> UTF-8 Support Enabled
DEBUG - 2022-08-12 04:53:39 --> Global POST, GET and COOKIE data sanitized
DEBUG - 2022-08-12 04:53:39 --> Total execution time: 0.0296
DEBUG - 2022-08-12 04:55:06 --> UTF-8 Support Enabled
DEBUG - 2022-08-12 04:55:06 --> Global POST, GET and COOKIE data sanitized
DEBUG - 2022-08-12 04:55:06 --> Config file loaded: /hwonpark/www/application/config/tree.php
DEBUG - 2022-08-12 04:55:06 --> Total execution time: 0.0388
DEBUG - 2022-08-12 04:55:31 --> UTF-8 Support Enabled
DEBUG - 2022-08-12 04:55:31 --> Global POST, GET and COOKIE data sanitized
DEBUG - 2022-08-12 04:55:31 --> Total execution time: 0.0171
DEBUG - 2022-08-12 04:56:38 --> UTF-8 Support Enabled
DEBUG - 2022-08-12 04:56:38 --> Global POST, GET and COOKIE data sanitized
DEBUG - 2022-08-12 04:56:38 --> Config file loaded: /hwonpark/www/application/config/tree.php
DEBUG - 2022-08-12 04:56:38 --> Total execution time: 0.0323
DEBUG - 2022-08-12 04:57:12 --> UTF-8 Support Enabled
DEBUG - 2022-08-12 04:57:12 --> Global POST, GET and COOKIE data sanitized
DEBUG - 2022-08-12 04:57:12 --> Config file loaded: /hwonpark/www/application/config/tree.php
DEBUG - 2022-08-12 04:57:12 --> Total execution time: 0.0313
DEBUG - 2022-08-12 04:57:27 --> UTF-8 Support Enabled
DEBUG - 2022-08-12 04:57:27 --> Global POST, GET and COOKIE data sanitized
DEBUG - 2022-08-12 04:57:27 --> Config file loaded: /hwonpark/www/application/config/tree.php
DEBUG - 2022-08-12 04:57:27 --> Total execution time: 0.0277
DEBUG - 2022-08-12 04:57:28 --> UTF-8 Support Enabled
DEBUG - 2022-08-12 04:57:28 --> Global POST, GET and COOKIE data sanitized
ERROR - 2022-08-12 04:57:28 --> 404 Page Not Found: Faviconico/index
DEBUG - 2022-08-12 04:57:33 --> UTF-8 Support Enabled
DEBUG - 2022-08-12 04:57:33 --> No URI present. Default controller set.
DEBUG - 2022-08-12 04:57:33 --> Global POST, GET and COOKIE data sanitized
DEBUG - 2022-08-12 04:57:33 --> Config file loaded: /hwonpark/www/application/config/tree.php
DEBUG - 2022-08-12 04:57:33 --> Total execution time: 0.0287
DEBUG - 2022-08-12 04:57:33 --> UTF-8 Support Enabled
DEBUG - 2022-08-12 04:57:33 --> Global POST, GET and COOKIE data sanitized
ERROR - 2022-08-12 04:57:33 --> 404 Page Not Found: Faviconico/index
DEBUG - 2022-08-12 07:52:08 --> UTF-8 Support Enabled
DEBUG - 2022-08-12 07:52:08 --> No URI present. Default controller set.
DEBUG - 2022-08-12 07:52:08 --> Global POST, GET and COOKIE data sanitized
DEBUG - 2022-08-12 07:52:08 --> Config file loaded: /hwonpark/www/application/config/tree.php
DEBUG - 2022-08-12 07:52:08 --> Total execution time: 0.2562
DEBUG - 2022-08-12 09:04:40 --> UTF-8 Support Enabled
DEBUG - 2022-08-12 09:04:40 --> No URI present. Default controller set.
DEBUG - 2022-08-12 09:04:40 --> Global POST, GET and COOKIE data sanitized
DEBUG - 2022-08-12 09:04:40 --> Config file loaded: /hwonpark/www/application/config/tree.php
DEBUG - 2022-08-12 09:04:40 --> Total execution time: 0.0314
DEBUG - 2022-08-12 09:04:51 --> UTF-8 Support Enabled
DEBUG - 2022-08-12 09:04:51 --> Global POST, GET and COOKIE data sanitized
ERROR - 2022-08-12 09:04:51 --> 404 Page Not Found: Faviconico/index
DEBUG - 2022-08-12 09:24:34 --> UTF-8 Support Enabled
DEBUG - 2022-08-12 09:24:34 --> Global POST, GET and COOKIE data sanitized
DEBUG - 2022-08-12 09:24:34 --> Config file loaded: /hwonpark/www/application/config/tree.php
DEBUG - 2022-08-12 09:24:34 --> Total execution time: 0.0374
DEBUG - 2022-08-12 09:24:35 --> UTF-8 Support Enabled
DEBUG - 2022-08-12 09:24:35 --> Global POST, GET and COOKIE data sanitized
ERROR - 2022-08-12 09:24:35 --> 404 Page Not Found: Faviconico/index
DEBUG - 2022-08-12 09:48:45 --> UTF-8 Support Enabled
DEBUG - 2022-08-12 09:48:45 --> No URI present. Default controller set.
DEBUG - 2022-08-12 09:48:45 --> Global POST, GET and COOKIE data sanitized
DEBUG - 2022-08-12 09:48:45 --> Config file loaded: /hwonpark/www/application/config/tree.php
DEBUG - 2022-08-12 09:48:45 --> Total execution time: 0.0369
DEBUG - 2022-08-12 09:48:46 --> UTF-8 Support Enabled
DEBUG - 2022-08-12 09:48:46 --> Global POST, GET and COOKIE data sanitized
ERROR - 2022-08-12 09:48:46 --> 404 Page Not Found: Faviconico/index
DEBUG - 2022-08-12 09:50:04 --> UTF-8 Support Enabled
DEBUG - 2022-08-12 09:50:04 --> No URI present. Default controller set.
DEBUG - 2022-08-12 09:50:04 --> Global POST, GET and COOKIE data sanitized
DEBUG - 2022-08-12 09:50:04 --> Config file loaded: /hwonpark/www/application/config/tree.php
DEBUG - 2022-08-12 09:50:04 --> Total execution time: 0.0323
DEBUG - 2022-08-12 09:50:05 --> UTF-8 Support Enabled
DEBUG - 2022-08-12 09:50:05 --> Global POST, GET and COOKIE data sanitized
ERROR - 2022-08-12 09:50:05 --> 404 Page Not Found: Faviconico/index
DEBUG - 2022-08-12 09:51:11 --> UTF-8 Support Enabled
DEBUG - 2022-08-12 09:51:11 --> No URI present. Default controller set.
DEBUG - 2022-08-12 09:51:11 --> Global POST, GET and COOKIE data sanitized
DEBUG - 2022-08-12 09:51:11 --> Config file loaded: /hwonpark/www/application/config/tree.php
DEBUG - 2022-08-12 09:51:11 --> Total execution time: 0.0360
DEBUG - 2022-08-12 09:51:11 --> UTF-8 Support Enabled
DEBUG - 2022-08-12 09:51:11 --> Global POST, GET and COOKIE data sanitized
ERROR - 2022-08-12 09:51:11 --> 404 Page Not Found: Faviconico/index
DEBUG - 2022-08-12 09:51:36 --> UTF-8 Support Enabled
DEBUG - 2022-08-12 09:51:36 --> No URI present. Default controller set.
DEBUG - 2022-08-12 09:51:36 --> Global POST, GET and COOKIE data sanitized
DEBUG - 2022-08-12 09:51:36 --> Config file loaded: /hwonpark/www/application/config/tree.php
DEBUG - 2022-08-12 09:51:36 --> Total execution time: 0.0741
DEBUG - 2022-08-12 10:47:42 --> UTF-8 Support Enabled
DEBUG - 2022-08-12 10:47:42 --> No URI present. Default controller set.
DEBUG - 2022-08-12 10:47:42 --> Global POST, GET and COOKIE data sanitized
DEBUG - 2022-08-12 10:47:42 --> Config file loaded: /hwonpark/www/application/config/tree.php
DEBUG - 2022-08-12 10:47:42 --> Total execution time: 0.0553
DEBUG - 2022-08-12 11:05:36 --> UTF-8 Support Enabled
DEBUG - 2022-08-12 11:05:36 --> No URI present. Default controller set.
DEBUG - 2022-08-12 11:05:36 --> Global POST, GET and COOKIE data sanitized
DEBUG - 2022-08-12 11:05:36 --> Config file loaded: /hwonpark/www/application/config/tree.php
DEBUG - 2022-08-12 11:05:36 --> Total execution time: 0.0415
DEBUG - 2022-08-12 11:05:37 --> UTF-8 Support Enabled
DEBUG - 2022-08-12 11:05:37 --> Global POST, GET and COOKIE data sanitized
ERROR - 2022-08-12 11:05:37 --> 404 Page Not Found: Faviconico/index
DEBUG - 2022-08-12 11:05:41 --> UTF-8 Support Enabled
DEBUG - 2022-08-12 11:05:41 --> Global POST, GET and COOKIE data sanitized
DEBUG - 2022-08-12 11:05:41 --> Config file loaded: /hwonpark/www/application/config/tree.php
DEBUG - 2022-08-12 11:05:43 --> UTF-8 Support Enabled
DEBUG - 2022-08-12 11:05:43 --> Global POST, GET and COOKIE data sanitized
DEBUG - 2022-08-12 11:05:43 --> Config file loaded: /hwonpark/www/application/config/tree.php
DEBUG - 2022-08-12 11:05:43 --> Total execution time: 0.0352
DEBUG - 2022-08-12 11:05:52 --> UTF-8 Support Enabled
DEBUG - 2022-08-12 11:05:52 --> Global POST, GET and COOKIE data sanitized
DEBUG - 2022-08-12 11:05:53 --> Config file loaded: /hwonpark/www/application/config/tree.php
DEBUG - 2022-08-12 11:05:53 --> =================== DL_auth-> oauth::CALLBACK - 시작
DEBUG - 2022-08-12 11:05:53 --> =================== DL_auth-> oauth::CALLBACK - kakao param=:: error=
DEBUG - 2022-08-12 11:05:53 --> =================== DL_auth-> oauth::CALLBACK - kakao param=:: state=
DEBUG - 2022-08-12 11:05:53 --> =================== DL_auth-> oauth::CALLBACK - kakao param=:: code=b8EjOi6URnUcG52dR_PePePBYZMRREdVZf2n5fyo62n5oWy2Vk5GRj8yd0bJHeqg4SAi8wo9dJgAAAGCj8z_2Q
DEBUG - 2022-08-12 11:05:53 --> =================== DL_auth -> kakao oauth :2: code=b8EjOi6URnUcG52dR_PePePBYZMRREdVZf2n5fyo62n5oWy2Vk5GRj8yd0bJHeqg4SAi8wo9dJgAAAGCj8z_2Q
DEBUG - 2022-08-12 11:05:53 --> ====================Dl_auth -> kakao_login :: 시작
DEBUG - 2022-08-12 11:05:53 --> --------------------Dl_auth::kakao_login - 1.토큰요청 시작
DEBUG - 2022-08-12 11:05:53 --> Dl_auth::kakao_login - get_token 시작 n=2
DEBUG - 2022-08-12 11:05:53 --> --------------------Dl_auth::kakao_login - 1.2.토큰요청 시작 -> 기타브라우저
DEBUG - 2022-08-12 11:05:53 --> --------------------Dl_auth::kakao_login - 1.3.토큰요청
DEBUG - 2022-08-12 11:05:53 --> --------------------Dl_auth::kakao_login - 1.4.토큰요청 -> 성공
DEBUG - 2022-08-12 11:05:53 --> UTF-8 Support Enabled
DEBUG - 2022-08-12 11:05:53 --> Global POST, GET and COOKIE data sanitized
DEBUG - 2022-08-12 11:05:53 --> Config file loaded: /hwonpark/www/application/config/tree.php
DEBUG - 2022-08-12 11:05:53 --> =================== DL_auth-> oauth::CALLBACK - 시작
DEBUG - 2022-08-12 11:05:53 --> =================== DL_auth-> oauth::CALLBACK - kakao param=:: error=
DEBUG - 2022-08-12 11:05:53 --> =================== DL_auth-> oauth::CALLBACK - kakao param=:: state=
DEBUG - 2022-08-12 11:05:53 --> =================== DL_auth-> oauth::CALLBACK - kakao param=:: code=b8EjOi6URnUcG52dR_PePePBYZMRREdVZf2n5fyo62n5oWy2Vk5GRj8yd0bJHeqg4SAi8wo9dJgAAAGCj8z_2Q
DEBUG - 2022-08-12 11:05:53 --> =================== DL_auth -> kakao oauth :2: code=b8EjOi6URnUcG52dR_PePePBYZMRREdVZf2n5fyo62n5oWy2Vk5GRj8yd0bJHeqg4SAi8wo9dJgAAAGCj8z_2Q
DEBUG - 2022-08-12 11:05:53 --> ====================Dl_auth -> kakao_login :: 시작
DEBUG - 2022-08-12 11:05:53 --> ====================Dl_auth::kakao_login - 1.3.5- 사이트 회원정보 업데이트 성공(카카오 인증 완료) state=
DEBUG - 2022-08-12 11:05:54 --> UTF-8 Support Enabled
DEBUG - 2022-08-12 11:05:54 --> Global POST, GET and COOKIE data sanitized
DEBUG - 2022-08-12 11:05:54 --> Config file loaded: /hwonpark/www/application/config/tree.php
DEBUG - 2022-08-12 11:05:54 --> Encryption: Auto-configured driver 'openssl'.
DEBUG - 2022-08-12 11:05:54 --> Total execution time: 0.0420
DEBUG - 2022-08-12 11:06:02 --> UTF-8 Support Enabled
DEBUG - 2022-08-12 11:06:02 --> Global POST, GET and COOKIE data sanitized
DEBUG - 2022-08-12 11:06:02 --> Config file loaded: /hwonpark/www/application/config/tree.php
DEBUG - 2022-08-12 11:06:02 --> Encryption: Auto-configured driver 'openssl'.
DEBUG - 2022-08-12 11:06:02 --> Total execution time: 0.0887
DEBUG - 2022-08-12 11:06:04 --> UTF-8 Support Enabled
DEBUG - 2022-08-12 11:06:04 --> Global POST, GET and COOKIE data sanitized
DEBUG - 2022-08-12 11:06:04 --> Config file loaded: /hwonpark/www/application/config/tree.php
DEBUG - 2022-08-12 11:06:04 --> Encryption: Auto-configured driver 'openssl'.
DEBUG - 2022-08-12 11:06:04 --> Total execution time: 0.0874
DEBUG - 2022-08-12 11:47:59 --> UTF-8 Support Enabled
DEBUG - 2022-08-12 11:47:59 --> No URI present. Default controller set.
DEBUG - 2022-08-12 11:47:59 --> Global POST, GET and COOKIE data sanitized
DEBUG - 2022-08-12 11:47:59 --> Config file loaded: /hwonpark/www/application/config/tree.php
DEBUG - 2022-08-12 11:47:59 --> Total execution time: 0.0301
DEBUG - 2022-08-12 12:23:14 --> UTF-8 Support Enabled
DEBUG - 2022-08-12 12:23:14 --> No URI present. Default controller set.
DEBUG - 2022-08-12 12:23:14 --> Global POST, GET and COOKIE data sanitized
DEBUG - 2022-08-12 12:23:14 --> Config file loaded: /hwonpark/www/application/config/tree.php
DEBUG - 2022-08-12 12:23:14 --> Total execution time: 0.0773
DEBUG - 2022-08-12 12:23:16 --> UTF-8 Support Enabled
DEBUG - 2022-08-12 12:23:16 --> Global POST, GET and COOKIE data sanitized
ERROR - 2022-08-12 12:23:16 --> 404 Page Not Found: Faviconico/index
DEBUG - 2022-08-12 12:23:28 --> UTF-8 Support Enabled
DEBUG - 2022-08-12 12:23:28 --> Global POST, GET and COOKIE data sanitized
DEBUG - 2022-08-12 12:23:28 --> Config file loaded: /hwonpark/www/application/config/tree.php
DEBUG - 2022-08-12 12:23:28 --> --------------------DC_common::chk_perm - 1.인가코드요청 시작 -> if 인앱브라우저
DEBUG - 2022-08-12 12:23:29 --> UTF-8 Support Enabled
DEBUG - 2022-08-12 12:23:29 --> Global POST, GET and COOKIE data sanitized
DEBUG - 2022-08-12 12:23:29 --> Config file loaded: /hwonpark/www/application/config/tree.php
DEBUG - 2022-08-12 12:23:29 --> =================== DL_auth-> oauth::CALLBACK - 시작
DEBUG - 2022-08-12 12:23:29 --> =================== DL_auth-> oauth::CALLBACK - kakao param=:: error=
DEBUG - 2022-08-12 12:23:29 --> =================== DL_auth-> oauth::CALLBACK - kakao param=:: state=/ko/brief/view?idx=27
DEBUG - 2022-08-12 12:23:29 --> =================== DL_auth-> oauth::CALLBACK - kakao param=:: code=Y2qGTVZMiWTJ7Gq7-KA-cU86DAD8kG-E_Pc9NaoNPfbk9uZzvxWEqbDe6MO8liSwMvlRlQopyNkAAAGCkBQMQw
DEBUG - 2022-08-12 12:23:29 --> =================== DL_auth -> kakao oauth :2: code=Y2qGTVZMiWTJ7Gq7-KA-cU86DAD8kG-E_Pc9NaoNPfbk9uZzvxWEqbDe6MO8liSwMvlRlQopyNkAAAGCkBQMQw
DEBUG - 2022-08-12 12:23:29 --> ====================Dl_auth -> kakao_login :: 시작
DEBUG - 2022-08-12 12:23:29 --> --------------------Dl_auth::kakao_login - 1.토큰요청 시작
DEBUG - 2022-08-12 12:23:29 --> Dl_auth::kakao_login - get_token 시작 n=2
DEBUG - 2022-08-12 12:23:29 --> --------------------Dl_auth::kakao_login - 1.2.토큰요청 시작 -> 기타브라우저
DEBUG - 2022-08-12 12:23:29 --> --------------------Dl_auth::kakao_login - 1.3.토큰요청
DEBUG - 2022-08-12 12:23:29 --> --------------------Dl_auth::kakao_login - 1.4.토큰요청 -> 성공
DEBUG - 2022-08-12 12:23:29 --> UTF-8 Support Enabled
DEBUG - 2022-08-12 12:23:29 --> Global POST, GET and COOKIE data sanitized
DEBUG - 2022-08-12 12:23:29 --> Config file loaded: /hwonpark/www/application/config/tree.php
DEBUG - 2022-08-12 12:23:29 --> =================== DL_auth-> oauth::CALLBACK - 시작
DEBUG - 2022-08-12 12:23:29 --> =================== DL_auth-> oauth::CALLBACK - kakao param=:: error=
DEBUG - 2022-08-12 12:23:29 --> =================== DL_auth-> oauth::CALLBACK - kakao param=:: state=/ko/brief/view?idx=27
DEBUG - 2022-08-12 12:23:29 --> =================== DL_auth-> oauth::CALLBACK - kakao param=:: code=Y2qGTVZMiWTJ7Gq7-KA-cU86DAD8kG-E_Pc9NaoNPfbk9uZzvxWEqbDe6MO8liSwMvlRlQopyNkAAAGCkBQMQw
DEBUG - 2022-08-12 12:23:29 --> =================== DL_auth -> kakao oauth :2: code=Y2qGTVZMiWTJ7Gq7-KA-cU86DAD8kG-E_Pc9NaoNPfbk9uZzvxWEqbDe6MO8liSwMvlRlQopyNkAAAGCkBQMQw
DEBUG - 2022-08-12 12:23:29 --> ====================Dl_auth -> kakao_login :: 시작
DEBUG - 2022-08-12 12:23:29 --> ====================Dl_auth::kakao_login - 1.3.5- 사이트 회원정보 업데이트 성공(카카오 인증 완료) state=/ko/brief/view?idx=27
DEBUG - 2022-08-12 12:23:29 --> UTF-8 Support Enabled
DEBUG - 2022-08-12 12:23:29 --> Global POST, GET and COOKIE data sanitized
DEBUG - 2022-08-12 12:23:29 --> Config file loaded: /hwonpark/www/application/config/tree.php
DEBUG - 2022-08-12 12:23:29 --> Encryption: Auto-configured driver 'openssl'.
DEBUG - 2022-08-12 12:23:29 --> --------------------DC_common::chk_perm - 1.인가코드요청 시작 -> if 인앱브라우저
DEBUG - 2022-08-12 12:23:29 --> Total execution time: 0.0768
DEBUG - 2022-08-12 12:23:41 --> UTF-8 Support Enabled
DEBUG - 2022-08-12 12:23:41 --> Global POST, GET and COOKIE data sanitized
DEBUG - 2022-08-12 12:23:41 --> Config file loaded: /hwonpark/www/application/config/tree.php
DEBUG - 2022-08-12 12:23:41 --> Encryption: Auto-configured driver 'openssl'.
DEBUG - 2022-08-12 12:23:41 --> --------------------DC_common::chk_perm - 1.인가코드요청 시작 -> if 인앱브라우저
DEBUG - 2022-08-12 12:23:41 --> Total execution time: 0.0753
DEBUG - 2022-08-12 12:24:08 --> UTF-8 Support Enabled
DEBUG - 2022-08-12 12:24:08 --> No URI present. Default controller set.
DEBUG - 2022-08-12 12:24:08 --> Global POST, GET and COOKIE data sanitized
DEBUG - 2022-08-12 12:24:08 --> Config file loaded: /hwonpark/www/application/config/tree.php
DEBUG - 2022-08-12 12:24:08 --> Encryption: Auto-configured driver 'openssl'.
DEBUG - 2022-08-12 12:24:08 --> Total execution time: 0.0728
DEBUG - 2022-08-12 12:24:10 --> UTF-8 Support Enabled
DEBUG - 2022-08-12 12:24:10 --> Global POST, GET and COOKIE data sanitized
ERROR - 2022-08-12 12:24:10 --> 404 Page Not Found: Faviconico/index
DEBUG - 2022-08-12 12:24:41 --> UTF-8 Support Enabled
DEBUG - 2022-08-12 12:24:41 --> Global POST, GET and COOKIE data sanitized
DEBUG - 2022-08-12 12:24:41 --> Config file loaded: /hwonpark/www/application/config/tree.php
DEBUG - 2022-08-12 12:24:41 --> Encryption: Auto-configured driver 'openssl'.
DEBUG - 2022-08-12 12:24:41 --> --------------------DC_common::chk_perm - 1.인가코드요청 시작 -> if 인앱브라우저
DEBUG - 2022-08-12 12:24:41 --> Total execution time: 0.0628
DEBUG - 2022-08-12 12:25:48 --> UTF-8 Support Enabled
DEBUG - 2022-08-12 12:25:48 --> No URI present. Default controller set.
DEBUG - 2022-08-12 12:25:48 --> Global POST, GET and COOKIE data sanitized
DEBUG - 2022-08-12 12:25:48 --> Config file loaded: /hwonpark/www/application/config/tree.php
DEBUG - 2022-08-12 12:25:48 --> Encryption: Auto-configured driver 'openssl'.
DEBUG - 2022-08-12 12:25:48 --> Total execution time: 0.0436
DEBUG - 2022-08-12 12:25:54 --> UTF-8 Support Enabled
DEBUG - 2022-08-12 12:25:54 --> Global POST, GET and COOKIE data sanitized
DEBUG - 2022-08-12 12:25:54 --> Config file loaded: /hwonpark/www/application/config/tree.php
DEBUG - 2022-08-12 12:25:54 --> Encryption: Auto-configured driver 'openssl'.
DEBUG - 2022-08-12 12:25:54 --> --------------------DC_common::chk_perm - 1.인가코드요청 시작 -> if 인앱브라우저
DEBUG - 2022-08-12 12:25:54 --> Total execution time: 0.0486
DEBUG - 2022-08-12 12:26:04 --> UTF-8 Support Enabled
DEBUG - 2022-08-12 12:26:04 --> No URI present. Default controller set.
DEBUG - 2022-08-12 12:26:04 --> Global POST, GET and COOKIE data sanitized
DEBUG - 2022-08-12 12:26:04 --> Config file loaded: /hwonpark/www/application/config/tree.php
DEBUG - 2022-08-12 12:26:04 --> Encryption: Auto-configured driver 'openssl'.
DEBUG - 2022-08-12 12:26:04 --> Total execution time: 0.0578
DEBUG - 2022-08-12 12:28:18 --> UTF-8 Support Enabled
DEBUG - 2022-08-12 12:28:18 --> No URI present. Default controller set.
DEBUG - 2022-08-12 12:28:18 --> Global POST, GET and COOKIE data sanitized
DEBUG - 2022-08-12 12:28:18 --> Config file loaded: /hwonpark/www/application/config/tree.php
DEBUG - 2022-08-12 12:28:18 --> Encryption: Auto-configured driver 'openssl'.
DEBUG - 2022-08-12 12:28:18 --> Total execution time: 0.0706
DEBUG - 2022-08-12 12:28:19 --> UTF-8 Support Enabled
DEBUG - 2022-08-12 12:28:19 --> Global POST, GET and COOKIE data sanitized
ERROR - 2022-08-12 12:28:19 --> 404 Page Not Found: Faviconico/index
DEBUG - 2022-08-12 12:28:21 --> UTF-8 Support Enabled
DEBUG - 2022-08-12 12:28:21 --> Global POST, GET and COOKIE data sanitized
DEBUG - 2022-08-12 12:28:21 --> Config file loaded: /hwonpark/www/application/config/tree.php
DEBUG - 2022-08-12 12:28:21 --> Encryption: Auto-configured driver 'openssl'.
DEBUG - 2022-08-12 12:28:21 --> --------------------DC_common::chk_perm - 1.인가코드요청 시작 -> if 인앱브라우저
DEBUG - 2022-08-12 12:28:21 --> Total execution time: 0.0822
DEBUG - 2022-08-12 12:28:28 --> UTF-8 Support Enabled
DEBUG - 2022-08-12 12:28:28 --> No URI present. Default controller set.
DEBUG - 2022-08-12 12:28:28 --> Global POST, GET and COOKIE data sanitized
DEBUG - 2022-08-12 12:28:28 --> Config file loaded: /hwonpark/www/application/config/tree.php
DEBUG - 2022-08-12 12:28:28 --> Encryption: Auto-configured driver 'openssl'.
DEBUG - 2022-08-12 12:28:28 --> Total execution time: 0.0695
DEBUG - 2022-08-12 12:28:30 --> UTF-8 Support Enabled
DEBUG - 2022-08-12 12:28:30 --> Global POST, GET and COOKIE data sanitized
DEBUG - 2022-08-12 12:28:30 --> Config file loaded: /hwonpark/www/application/config/tree.php
DEBUG - 2022-08-12 12:28:30 --> Encryption: Auto-configured driver 'openssl'.
DEBUG - 2022-08-12 12:28:30 --> --------------------DC_common::chk_perm - 1.인가코드요청 시작 -> if 인앱브라우저
DEBUG - 2022-08-12 12:28:30 --> Total execution time: 0.0591
DEBUG - 2022-08-12 13:26:50 --> UTF-8 Support Enabled
DEBUG - 2022-08-12 13:26:50 --> No URI present. Default controller set.
DEBUG - 2022-08-12 13:26:50 --> Global POST, GET and COOKIE data sanitized
DEBUG - 2022-08-12 13:26:50 --> Config file loaded: /hwonpark/www/application/config/tree.php
DEBUG - 2022-08-12 13:26:50 --> Total execution time: 0.0480
DEBUG - 2022-08-12 13:35:16 --> UTF-8 Support Enabled
DEBUG - 2022-08-12 13:35:16 --> Global POST, GET and COOKIE data sanitized
DEBUG - 2022-08-12 13:35:16 --> Config file loaded: /hwonpark/www/application/config/tree.php
DEBUG - 2022-08-12 13:35:16 --> Total execution time: 0.0423
DEBUG - 2022-08-12 14:45:47 --> UTF-8 Support Enabled
DEBUG - 2022-08-12 14:45:47 --> No URI present. Default controller set.
DEBUG - 2022-08-12 14:45:47 --> Global POST, GET and COOKIE data sanitized
DEBUG - 2022-08-12 14:45:47 --> Config file loaded: /hwonpark/www/application/config/tree.php
DEBUG - 2022-08-12 14:45:47 --> Total execution time: 0.0322
DEBUG - 2022-08-12 14:45:47 --> UTF-8 Support Enabled
DEBUG - 2022-08-12 14:45:47 --> Global POST, GET and COOKIE data sanitized
ERROR - 2022-08-12 14:45:47 --> 404 Page Not Found: Faviconico/index
DEBUG - 2022-08-12 14:45:48 --> UTF-8 Support Enabled
DEBUG - 2022-08-12 14:45:48 --> Global POST, GET and COOKIE data sanitized
DEBUG - 2022-08-12 14:45:48 --> Config file loaded: /hwonpark/www/application/config/tree.php
DEBUG - 2022-08-12 14:45:48 --> Total execution time: 0.0755
DEBUG - 2022-08-12 14:46:10 --> UTF-8 Support Enabled
DEBUG - 2022-08-12 14:46:10 --> Global POST, GET and COOKIE data sanitized
DEBUG - 2022-08-12 14:46:10 --> Config file loaded: /hwonpark/www/application/config/tree.php
DEBUG - 2022-08-12 14:46:10 --> Total execution time: 0.0422
DEBUG - 2022-08-12 14:46:18 --> UTF-8 Support Enabled
DEBUG - 2022-08-12 14:46:18 --> Global POST, GET and COOKIE data sanitized
DEBUG - 2022-08-12 14:46:18 --> Config file loaded: /hwonpark/www/application/config/tree.php
DEBUG - 2022-08-12 14:46:18 --> Total execution time: 0.0357
DEBUG - 2022-08-12 14:46:23 --> UTF-8 Support Enabled
DEBUG - 2022-08-12 14:46:23 --> Global POST, GET and COOKIE data sanitized
DEBUG - 2022-08-12 14:46:23 --> Config file loaded: /hwonpark/www/application/config/tree.php
DEBUG - 2022-08-12 14:46:23 --> Total execution time: 0.0480
DEBUG - 2022-08-12 14:46:26 --> UTF-8 Support Enabled
DEBUG - 2022-08-12 14:46:26 --> Global POST, GET and COOKIE data sanitized
DEBUG - 2022-08-12 14:46:26 --> Config file loaded: /hwonpark/www/application/config/tree.php
DEBUG - 2022-08-12 14:46:26 --> Total execution time: 0.0352
DEBUG - 2022-08-12 15:51:59 --> UTF-8 Support Enabled
DEBUG - 2022-08-12 15:51:59 --> No URI present. Default controller set.
DEBUG - 2022-08-12 15:51:59 --> Global POST, GET and COOKIE data sanitized
DEBUG - 2022-08-12 15:51:59 --> Config file loaded: /hwonpark/www/application/config/tree.php
DEBUG - 2022-08-12 15:51:59 --> Total execution time: 0.1925
DEBUG - 2022-08-12 15:52:01 --> UTF-8 Support Enabled
DEBUG - 2022-08-12 15:52:01 --> Global POST, GET and COOKIE data sanitized
ERROR - 2022-08-12 15:52:01 --> 404 Page Not Found: Faviconico/index
DEBUG - 2022-08-12 17:38:27 --> UTF-8 Support Enabled
DEBUG - 2022-08-12 17:38:27 --> No URI present. Default controller set.
DEBUG - 2022-08-12 17:38:27 --> Global POST, GET and COOKIE data sanitized
DEBUG - 2022-08-12 17:38:27 --> Config file loaded: /hwonpark/www/application/config/tree.php
DEBUG - 2022-08-12 17:38:27 --> Total execution time: 0.0400
DEBUG - 2022-08-12 17:38:46 --> UTF-8 Support Enabled
DEBUG - 2022-08-12 17:38:46 --> Global POST, GET and COOKIE data sanitized
ERROR - 2022-08-12 17:38:46 --> 404 Page Not Found: Faviconico/index
DEBUG - 2022-08-12 17:49:00 --> UTF-8 Support Enabled
DEBUG - 2022-08-12 17:49:00 --> No URI present. Default controller set.
DEBUG - 2022-08-12 17:49:00 --> Global POST, GET and COOKIE data sanitized
DEBUG - 2022-08-12 17:49:00 --> Config file loaded: /hwonpark/www/application/config/tree.php
DEBUG - 2022-08-12 17:49:00 --> Total execution time: 0.0307
DEBUG - 2022-08-12 17:49:02 --> UTF-8 Support Enabled
DEBUG - 2022-08-12 17:49:02 --> No URI present. Default controller set.
DEBUG - 2022-08-12 17:49:02 --> Global POST, GET and COOKIE data sanitized
DEBUG - 2022-08-12 17:49:02 --> Config file loaded: /hwonpark/www/application/config/tree.php
DEBUG - 2022-08-12 17:49:02 --> Total execution time: 0.0638
DEBUG - 2022-08-12 17:49:03 --> UTF-8 Support Enabled
DEBUG - 2022-08-12 17:49:03 --> Global POST, GET and COOKIE data sanitized
ERROR - 2022-08-12 17:49:03 --> 404 Page Not Found: Faviconico/index
DEBUG - 2022-08-12 17:49:18 --> UTF-8 Support Enabled
DEBUG - 2022-08-12 17:49:18 --> No URI present. Default controller set.
DEBUG - 2022-08-12 17:49:18 --> Global POST, GET and COOKIE data sanitized
DEBUG - 2022-08-12 17:49:18 --> Config file loaded: /hwonpark/www/application/config/tree.php
DEBUG - 2022-08-12 17:49:18 --> Total execution time: 0.0676
DEBUG - 2022-08-12 17:56:54 --> UTF-8 Support Enabled
DEBUG - 2022-08-12 17:56:54 --> No URI present. Default controller set.
DEBUG - 2022-08-12 17:56:54 --> Global POST, GET and COOKIE data sanitized
DEBUG - 2022-08-12 17:56:54 --> Config file loaded: /hwonpark/www/application/config/tree.php
DEBUG - 2022-08-12 17:56:54 --> Total execution time: 0.0685
DEBUG - 2022-08-12 18:09:25 --> UTF-8 Support Enabled
DEBUG - 2022-08-12 18:09:25 --> No URI present. Default controller set.
DEBUG - 2022-08-12 18:09:25 --> Global POST, GET and COOKIE data sanitized
ERROR - 2022-08-12 18:09:25 --> 404 Page Not Found: ERROR : url is wrong
DEBUG - 2022-08-12 18:10:52 --> UTF-8 Support Enabled
DEBUG - 2022-08-12 18:10:52 --> No URI present. Default controller set.
DEBUG - 2022-08-12 18:10:52 --> Global POST, GET and COOKIE data sanitized
ERROR - 2022-08-12 18:10:52 --> 404 Page Not Found: ERROR : url is wrong
DEBUG - 2022-08-12 18:13:26 --> UTF-8 Support Enabled
DEBUG - 2022-08-12 18:13:26 --> No URI present. Default controller set.
DEBUG - 2022-08-12 18:13:26 --> Global POST, GET and COOKIE data sanitized
ERROR - 2022-08-12 18:13:26 --> 404 Page Not Found: ERROR : url is wrong
DEBUG - 2022-08-12 18:16:54 --> UTF-8 Support Enabled
DEBUG - 2022-08-12 18:16:54 --> No URI present. Default controller set.
DEBUG - 2022-08-12 18:16:54 --> Global POST, GET and COOKIE data sanitized
DEBUG - 2022-08-12 18:16:54 --> Config file loaded: /hwonpark/www/application/config/tree.php
DEBUG - 2022-08-12 18:16:54 --> Total execution time: 0.0296
DEBUG - 2022-08-12 18:47:28 --> UTF-8 Support Enabled
DEBUG - 2022-08-12 18:47:28 --> No URI present. Default controller set.
DEBUG - 2022-08-12 18:47:28 --> Global POST, GET and COOKIE data sanitized
DEBUG - 2022-08-12 18:47:28 --> Config file loaded: /hwonpark/www/application/config/tree.php
DEBUG - 2022-08-12 18:47:28 --> Total execution time: 0.0314
DEBUG - 2022-08-12 18:47:30 --> UTF-8 Support Enabled
DEBUG - 2022-08-12 18:47:30 --> Global POST, GET and COOKIE data sanitized
DEBUG - 2022-08-12 18:47:30 --> Config file loaded: /hwonpark/www/application/config/tree.php
DEBUG - 2022-08-12 18:47:30 --> --------------------DC_common::chk_perm - 1.인가코드요청 시작 -> if 인앱브라우저
DEBUG - 2022-08-12 18:47:31 --> UTF-8 Support Enabled
DEBUG - 2022-08-12 18:47:31 --> Global POST, GET and COOKIE data sanitized
DEBUG - 2022-08-12 18:47:31 --> Config file loaded: /hwonpark/www/application/config/tree.php
DEBUG - 2022-08-12 18:47:31 --> =================== DL_auth-> oauth::CALLBACK - 시작
DEBUG - 2022-08-12 18:47:31 --> =================== DL_auth-> oauth::CALLBACK - kakao param=:: error=
DEBUG - 2022-08-12 18:47:31 --> =================== DL_auth-> oauth::CALLBACK - kakao param=:: state=/ko/brief/view?idx=30
DEBUG - 2022-08-12 18:47:31 --> =================== DL_auth-> oauth::CALLBACK - kakao param=:: code=YT0ANS8LzCsJogr-UTmcabM8kvkRCiGR6x9YcvSaD5XaWnNQfMpL507cR79uAJxa0RKjkAopcJ8AAAGCkXOlsw
DEBUG - 2022-08-12 18:47:31 --> =================== DL_auth -> kakao oauth :2: code=YT0ANS8LzCsJogr-UTmcabM8kvkRCiGR6x9YcvSaD5XaWnNQfMpL507cR79uAJxa0RKjkAopcJ8AAAGCkXOlsw
DEBUG - 2022-08-12 18:47:31 --> ====================Dl_auth -> kakao_login :: 시작
DEBUG - 2022-08-12 18:47:31 --> --------------------Dl_auth::kakao_login - 1.토큰요청 시작
DEBUG - 2022-08-12 18:47:31 --> Dl_auth::kakao_login - get_token 시작 n=2
DEBUG - 2022-08-12 18:47:31 --> --------------------Dl_auth::kakao_login - 1.2.토큰요청 시작 -> 기타브라우저
DEBUG - 2022-08-12 18:47:31 --> --------------------Dl_auth::kakao_login - 1.3.토큰요청
DEBUG - 2022-08-12 18:47:31 --> --------------------Dl_auth::kakao_login - 1.4.토큰요청 -> 성공
DEBUG - 2022-08-12 18:47:32 --> UTF-8 Support Enabled
DEBUG - 2022-08-12 18:47:32 --> Global POST, GET and COOKIE data sanitized
DEBUG - 2022-08-12 18:47:32 --> Config file loaded: /hwonpark/www/application/config/tree.php
DEBUG - 2022-08-12 18:47:32 --> =================== DL_auth-> oauth::CALLBACK - 시작
DEBUG - 2022-08-12 18:47:32 --> =================== DL_auth-> oauth::CALLBACK - kakao param=:: error=
DEBUG - 2022-08-12 18:47:32 --> =================== DL_auth-> oauth::CALLBACK - kakao param=:: state=/ko/brief/view?idx=30
DEBUG - 2022-08-12 18:47:32 --> =================== DL_auth-> oauth::CALLBACK - kakao param=:: code=YT0ANS8LzCsJogr-UTmcabM8kvkRCiGR6x9YcvSaD5XaWnNQfMpL507cR79uAJxa0RKjkAopcJ8AAAGCkXOlsw
DEBUG - 2022-08-12 18:47:32 --> =================== DL_auth -> kakao oauth :2: code=YT0ANS8LzCsJogr-UTmcabM8kvkRCiGR6x9YcvSaD5XaWnNQfMpL507cR79uAJxa0RKjkAopcJ8AAAGCkXOlsw
DEBUG - 2022-08-12 18:47:32 --> ====================Dl_auth -> kakao_login :: 시작
DEBUG - 2022-08-12 18:47:32 --> ====================Dl_auth::kakao_login - 1.3.5- 사이트 회원정보 업데이트 성공(카카오 인증 완료) state=/ko/brief/view?idx=30
DEBUG - 2022-08-12 18:47:32 --> UTF-8 Support Enabled
DEBUG - 2022-08-12 18:47:32 --> Global POST, GET and COOKIE data sanitized
DEBUG - 2022-08-12 18:47:32 --> Config file loaded: /hwonpark/www/application/config/tree.php
DEBUG - 2022-08-12 18:47:32 --> Encryption: Auto-configured driver 'openssl'.
DEBUG - 2022-08-12 18:47:32 --> --------------------DC_common::chk_perm - 1.인가코드요청 시작 -> if 인앱브라우저
DEBUG - 2022-08-12 18:47:32 --> Total execution time: 0.1136
DEBUG - 2022-08-12 18:47:48 --> UTF-8 Support Enabled
DEBUG - 2022-08-12 18:47:48 --> Global POST, GET and COOKIE data sanitized
DEBUG - 2022-08-12 18:47:48 --> Config file loaded: /hwonpark/www/application/config/tree.php
DEBUG - 2022-08-12 18:47:48 --> Encryption: Auto-configured driver 'openssl'.
DEBUG - 2022-08-12 18:47:48 --> --------------------DC_common::chk_perm - 1.인가코드요청 시작 -> if 인앱브라우저
ERROR - 2022-08-12 18:47:48 --> 404 Page Not Found: ERROR : idx is wrong
DEBUG - 2022-08-12 18:47:53 --> UTF-8 Support Enabled
DEBUG - 2022-08-12 18:47:53 --> Global POST, GET and COOKIE data sanitized
DEBUG - 2022-08-12 18:47:53 --> Config file loaded: /hwonpark/www/application/config/tree.php
DEBUG - 2022-08-12 18:47:53 --> Encryption: Auto-configured driver 'openssl'.
DEBUG - 2022-08-12 18:47:53 --> --------------------DC_common::chk_perm - 1.인가코드요청 시작 -> if 인앱브라우저
ERROR - 2022-08-12 18:47:53 --> 404 Page Not Found: ERROR : idx is wrong
DEBUG - 2022-08-12 18:48:04 --> UTF-8 Support Enabled
DEBUG - 2022-08-12 18:48:04 --> Global POST, GET and COOKIE data sanitized
DEBUG - 2022-08-12 18:48:04 --> Config file loaded: /hwonpark/www/application/config/tree.php
DEBUG - 2022-08-12 18:48:04 --> Encryption: Auto-configured driver 'openssl'.
DEBUG - 2022-08-12 18:48:04 --> --------------------DC_common::chk_perm - 1.인가코드요청 시작 -> if 인앱브라우저
ERROR - 2022-08-12 18:48:04 --> 404 Page Not Found: ERROR : idx is wrong
DEBUG - 2022-08-12 18:48:10 --> UTF-8 Support Enabled
DEBUG - 2022-08-12 18:48:10 --> No URI present. Default controller set.
DEBUG - 2022-08-12 18:48:10 --> Global POST, GET and COOKIE data sanitized
DEBUG - 2022-08-12 18:48:10 --> Config file loaded: /hwonpark/www/application/config/tree.php
DEBUG - 2022-08-12 18:48:10 --> Encryption: Auto-configured driver 'openssl'.
DEBUG - 2022-08-12 18:48:10 --> Total execution time: 0.0563
DEBUG - 2022-08-12 18:48:14 --> UTF-8 Support Enabled
DEBUG - 2022-08-12 18:48:14 --> Global POST, GET and COOKIE data sanitized
DEBUG - 2022-08-12 18:48:14 --> Config file loaded: /hwonpark/www/application/config/tree.php
DEBUG - 2022-08-12 18:48:14 --> Encryption: Auto-configured driver 'openssl'.
DEBUG - 2022-08-12 18:48:14 --> --------------------DC_common::chk_perm - 1.인가코드요청 시작 -> if 인앱브라우저
DEBUG - 2022-08-12 18:48:14 --> Total execution time: 0.0590
DEBUG - 2022-08-12 18:48:16 --> UTF-8 Support Enabled
DEBUG - 2022-08-12 18:48:16 --> Global POST, GET and COOKIE data sanitized
DEBUG - 2022-08-12 18:48:16 --> Config file loaded: /hwonpark/www/application/config/tree.php
DEBUG - 2022-08-12 18:48:16 --> Encryption: Auto-configured driver 'openssl'.
DEBUG - 2022-08-12 18:48:16 --> Total execution time: 0.0458
DEBUG - 2022-08-12 18:48:19 --> UTF-8 Support Enabled
DEBUG - 2022-08-12 18:48:19 --> Global POST, GET and COOKIE data sanitized
DEBUG - 2022-08-12 18:48:19 --> Config file loaded: /hwonpark/www/application/config/tree.php
DEBUG - 2022-08-12 18:48:19 --> Encryption: Auto-configured driver 'openssl'.
DEBUG - 2022-08-12 18:48:19 --> --------------------DC_common::chk_perm - 1.인가코드요청 시작 -> if 인앱브라우저
DEBUG - 2022-08-12 18:48:19 --> Total execution time: 0.0465
DEBUG - 2022-08-12 23:53:25 --> UTF-8 Support Enabled
DEBUG - 2022-08-12 23:53:25 --> No URI present. Default controller set.
DEBUG - 2022-08-12 23:53:25 --> Global POST, GET and COOKIE data sanitized
DEBUG - 2022-08-12 23:53:25 --> Config file loaded: /hwonpark/www/application/config/tree.php
DEBUG - 2022-08-12 23:53:25 --> Total execution time: 0.2270
DEBUG - 2022-08-12 23:53:27 --> UTF-8 Support Enabled
DEBUG - 2022-08-12 23:53:27 --> Global POST, GET and COOKIE data sanitized
DEBUG - 2022-08-12 23:53:27 --> Config file loaded: /hwonpark/www/application/config/tree.php
DEBUG - 2022-08-12 23:53:27 --> --------------------DC_common::chk_perm - 1.인가코드요청 시작 -> if 인앱브라우저
DEBUG - 2022-08-12 23:53:27 --> UTF-8 Support Enabled
DEBUG - 2022-08-12 23:53:27 --> Global POST, GET and COOKIE data sanitized
DEBUG - 2022-08-12 23:53:27 --> Config file loaded: /hwonpark/www/application/config/tree.php
DEBUG - 2022-08-12 23:53:27 --> =================== DL_auth-> oauth::CALLBACK - 시작
DEBUG - 2022-08-12 23:53:27 --> =================== DL_auth-> oauth::CALLBACK - kakao param=:: error=
DEBUG - 2022-08-12 23:53:27 --> =================== DL_auth-> oauth::CALLBACK - kakao param=:: state=/ko/brief/view?idx=30
DEBUG - 2022-08-12 23:53:27 --> =================== DL_auth-> oauth::CALLBACK - kakao param=:: code=KQRsKIczXJg5Rqa0g4nP6zrgL7HEgk-y14jkLSETcUHU1UFkVWNcXzWqHB1JKS4VgMYY0worDSAAAAGCkou8Kg
DEBUG - 2022-08-12 23:53:27 --> =================== DL_auth -> kakao oauth :2: code=KQRsKIczXJg5Rqa0g4nP6zrgL7HEgk-y14jkLSETcUHU1UFkVWNcXzWqHB1JKS4VgMYY0worDSAAAAGCkou8Kg
DEBUG - 2022-08-12 23:53:27 --> ====================Dl_auth -> kakao_login :: 시작
DEBUG - 2022-08-12 23:53:27 --> --------------------Dl_auth::kakao_login - 1.토큰요청 시작
DEBUG - 2022-08-12 23:53:27 --> Dl_auth::kakao_login - get_token 시작 n=2
DEBUG - 2022-08-12 23:53:27 --> --------------------Dl_auth::kakao_login - 1.2.토큰요청 시작 -> 기타브라우저
DEBUG - 2022-08-12 23:53:27 --> --------------------Dl_auth::kakao_login - 1.3.토큰요청
DEBUG - 2022-08-12 23:53:27 --> --------------------Dl_auth::kakao_login - 1.4.토큰요청 -> 성공
DEBUG - 2022-08-12 23:53:27 --> UTF-8 Support Enabled
DEBUG - 2022-08-12 23:53:27 --> Global POST, GET and COOKIE data sanitized
DEBUG - 2022-08-12 23:53:27 --> Config file loaded: /hwonpark/www/application/config/tree.php
DEBUG - 2022-08-12 23:53:27 --> =================== DL_auth-> oauth::CALLBACK - 시작
DEBUG - 2022-08-12 23:53:27 --> =================== DL_auth-> oauth::CALLBACK - kakao param=:: error=
DEBUG - 2022-08-12 23:53:27 --> =================== DL_auth-> oauth::CALLBACK - kakao param=:: state=/ko/brief/view?idx=30
DEBUG - 2022-08-12 23:53:27 --> =================== DL_auth-> oauth::CALLBACK - kakao param=:: code=KQRsKIczXJg5Rqa0g4nP6zrgL7HEgk-y14jkLSETcUHU1UFkVWNcXzWqHB1JKS4VgMYY0worDSAAAAGCkou8Kg
DEBUG - 2022-08-12 23:53:27 --> =================== DL_auth -> kakao oauth :2: code=KQRsKIczXJg5Rqa0g4nP6zrgL7HEgk-y14jkLSETcUHU1UFkVWNcXzWqHB1JKS4VgMYY0worDSAAAAGCkou8Kg
DEBUG - 2022-08-12 23:53:27 --> ====================Dl_auth -> kakao_login :: 시작
DEBUG - 2022-08-12 23:53:27 --> ====================Dl_auth::kakao_login - 1.3.5- 사이트 회원정보 업데이트 성공(카카오 인증 완료) state=/ko/brief/view?idx=30
DEBUG - 2022-08-12 23:53:27 --> UTF-8 Support Enabled
DEBUG - 2022-08-12 23:53:27 --> Global POST, GET and COOKIE data sanitized
DEBUG - 2022-08-12 23:53:27 --> Config file loaded: /hwonpark/www/application/config/tree.php
DEBUG - 2022-08-12 23:53:27 --> Encryption: Auto-configured driver 'openssl'.
DEBUG - 2022-08-12 23:53:27 --> --------------------DC_common::chk_perm - 1.인가코드요청 시작 -> if 인앱브라우저
DEBUG - 2022-08-12 23:53:27 --> Total execution time: 0.0889
