DEBUG - 2022-09-17 11:27:23 --> UTF-8 Support Enabled
DEBUG - 2022-09-17 11:27:23 --> No URI present. Default controller set.
DEBUG - 2022-09-17 11:27:23 --> Global POST, GET and COOKIE data sanitized
DEBUG - 2022-09-17 11:27:24 --> Config file loaded: /hwonpark/www/application/config/tree.php
DEBUG - 2022-09-17 11:27:24 --> Total execution time: 0.2830
DEBUG - 2022-09-17 11:27:24 --> UTF-8 Support Enabled
DEBUG - 2022-09-17 11:27:24 --> Global POST, GET and COOKIE data sanitized
ERROR - 2022-09-17 11:27:24 --> 404 Page Not Found: Faviconico/index
DEBUG - 2022-09-17 17:24:39 --> UTF-8 Support Enabled
DEBUG - 2022-09-17 17:24:39 --> No URI present. Default controller set.
DEBUG - 2022-09-17 17:24:39 --> Global POST, GET and COOKIE data sanitized
DEBUG - 2022-09-17 17:24:39 --> Config file loaded: /hwonpark/www/application/config/tree.php
DEBUG - 2022-09-17 17:24:39 --> Total execution time: 0.2064
DEBUG - 2022-09-17 17:24:42 --> UTF-8 Support Enabled
DEBUG - 2022-09-17 17:24:42 --> Global POST, GET and COOKIE data sanitized
ERROR - 2022-09-17 17:24:42 --> 404 Page Not Found: Faviconico/index
DEBUG - 2022-09-17 17:25:08 --> UTF-8 Support Enabled
DEBUG - 2022-09-17 17:25:08 --> Global POST, GET and COOKIE data sanitized
DEBUG - 2022-09-17 17:25:08 --> Config file loaded: /hwonpark/www/application/config/tree.php
DEBUG - 2022-09-17 17:25:08 --> Total execution time: 0.0725
DEBUG - 2022-09-17 17:25:12 --> UTF-8 Support Enabled
DEBUG - 2022-09-17 17:25:12 --> Global POST, GET and COOKIE data sanitized
DEBUG - 2022-09-17 17:25:12 --> Config file loaded: /hwonpark/www/application/config/tree.php
DEBUG - 2022-09-17 17:25:12 --> Total execution time: 0.0420
DEBUG - 2022-09-17 17:25:16 --> UTF-8 Support Enabled
DEBUG - 2022-09-17 17:25:16 --> Global POST, GET and COOKIE data sanitized
DEBUG - 2022-09-17 17:25:16 --> Config file loaded: /hwonpark/www/application/config/tree.php
DEBUG - 2022-09-17 17:25:16 --> =================== DL_auth-> oauth::CALLBACK - 시작
DEBUG - 2022-09-17 17:25:16 --> =================== DL_auth-> oauth::CALLBACK - kakao param=:: error=
DEBUG - 2022-09-17 17:25:16 --> =================== DL_auth-> oauth::CALLBACK - kakao param=:: state=
DEBUG - 2022-09-17 17:25:16 --> =================== DL_auth-> oauth::CALLBACK - kakao param=:: code=HY3qQv0f1hcZ2zWIJpyXQFCBCG3YRay0qg_sqSB_O78dKMIf7ZX4scXXkzprO1HQGPcTdAo9cxcAAAGDSo1EgQ
DEBUG - 2022-09-17 17:25:16 --> =================== DL_auth -> kakao oauth :2: code=HY3qQv0f1hcZ2zWIJpyXQFCBCG3YRay0qg_sqSB_O78dKMIf7ZX4scXXkzprO1HQGPcTdAo9cxcAAAGDSo1EgQ
DEBUG - 2022-09-17 17:25:16 --> ====================Dl_auth -> kakao_login :: 시작
DEBUG - 2022-09-17 17:25:16 --> --------------------Dl_auth::kakao_login - 1.토큰요청 시작
DEBUG - 2022-09-17 17:25:16 --> Dl_auth::kakao_login - get_token 시작 n=2
DEBUG - 2022-09-17 17:25:16 --> --------------------Dl_auth::kakao_login - 1.2.토큰요청 시작 -> 기타브라우저
DEBUG - 2022-09-17 17:25:16 --> --------------------Dl_auth::kakao_login - 1.3.토큰요청
DEBUG - 2022-09-17 17:25:16 --> --------------------Dl_auth::kakao_login - 1.4.토큰요청 -> 성공
DEBUG - 2022-09-17 17:25:16 --> UTF-8 Support Enabled
DEBUG - 2022-09-17 17:25:16 --> Global POST, GET and COOKIE data sanitized
DEBUG - 2022-09-17 17:25:16 --> Config file loaded: /hwonpark/www/application/config/tree.php
DEBUG - 2022-09-17 17:25:16 --> =================== DL_auth-> oauth::CALLBACK - 시작
DEBUG - 2022-09-17 17:25:16 --> =================== DL_auth-> oauth::CALLBACK - kakao param=:: error=
DEBUG - 2022-09-17 17:25:16 --> =================== DL_auth-> oauth::CALLBACK - kakao param=:: state=
DEBUG - 2022-09-17 17:25:16 --> =================== DL_auth-> oauth::CALLBACK - kakao param=:: code=HY3qQv0f1hcZ2zWIJpyXQFCBCG3YRay0qg_sqSB_O78dKMIf7ZX4scXXkzprO1HQGPcTdAo9cxcAAAGDSo1EgQ
DEBUG - 2022-09-17 17:25:16 --> =================== DL_auth -> kakao oauth :2: code=HY3qQv0f1hcZ2zWIJpyXQFCBCG3YRay0qg_sqSB_O78dKMIf7ZX4scXXkzprO1HQGPcTdAo9cxcAAAGDSo1EgQ
DEBUG - 2022-09-17 17:25:16 --> ====================Dl_auth -> kakao_login :: 시작
DEBUG - 2022-09-17 17:25:16 --> ====================Dl_auth::kakao_login - 1.3.5- 사이트 회원정보 업데이트 성공(카카오 인증 완료) state=
DEBUG - 2022-09-17 17:25:18 --> UTF-8 Support Enabled
DEBUG - 2022-09-17 17:25:18 --> Global POST, GET and COOKIE data sanitized
DEBUG - 2022-09-17 17:25:18 --> Config file loaded: /hwonpark/www/application/config/tree.php
DEBUG - 2022-09-17 17:25:18 --> Encryption: Auto-configured driver 'openssl'.
DEBUG - 2022-09-17 17:25:18 --> Total execution time: 0.0438
DEBUG - 2022-09-17 21:15:21 --> UTF-8 Support Enabled
DEBUG - 2022-09-17 21:15:21 --> No URI present. Default controller set.
DEBUG - 2022-09-17 21:15:21 --> Global POST, GET and COOKIE data sanitized
DEBUG - 2022-09-17 21:15:21 --> Config file loaded: /hwonpark/www/application/config/tree.php
DEBUG - 2022-09-17 21:15:21 --> Total execution time: 0.1449
DEBUG - 2022-09-17 21:15:23 --> UTF-8 Support Enabled
DEBUG - 2022-09-17 21:15:23 --> Global POST, GET and COOKIE data sanitized
ERROR - 2022-09-17 21:15:23 --> 404 Page Not Found: Faviconico/index
