DEBUG - 2022-12-04 19:23:46 --> UTF-8 Support Enabled
DEBUG - 2022-12-04 19:23:46 --> No URI present. Default controller set.
DEBUG - 2022-12-04 19:23:46 --> Global POST, GET and COOKIE data sanitized
DEBUG - 2022-12-04 19:23:46 --> Config file loaded: /hwonpark/www/application/config/tree.php
DEBUG - 2022-12-04 19:23:46 --> Total execution time: 0.3379
DEBUG - 2022-12-04 19:23:48 --> UTF-8 Support Enabled
DEBUG - 2022-12-04 19:23:48 --> Global POST, GET and COOKIE data sanitized
ERROR - 2022-12-04 19:23:48 --> 404 Page Not Found: Faviconico/index
DEBUG - 2022-12-04 19:23:52 --> UTF-8 Support Enabled
DEBUG - 2022-12-04 19:23:52 --> Global POST, GET and COOKIE data sanitized
DEBUG - 2022-12-04 19:23:52 --> Config file loaded: /hwonpark/www/application/config/tree.php
DEBUG - 2022-12-04 19:23:53 --> Total execution time: 0.0858
DEBUG - 2022-12-04 19:23:59 --> UTF-8 Support Enabled
DEBUG - 2022-12-04 19:23:59 --> Global POST, GET and COOKIE data sanitized
DEBUG - 2022-12-04 19:23:59 --> Config file loaded: /hwonpark/www/application/config/tree.php
DEBUG - 2022-12-04 19:24:01 --> UTF-8 Support Enabled
DEBUG - 2022-12-04 19:24:01 --> Global POST, GET and COOKIE data sanitized
DEBUG - 2022-12-04 19:24:01 --> Config file loaded: /hwonpark/www/application/config/tree.php
DEBUG - 2022-12-04 19:24:01 --> Total execution time: 0.0370
DEBUG - 2022-12-04 19:24:04 --> UTF-8 Support Enabled
DEBUG - 2022-12-04 19:24:04 --> Global POST, GET and COOKIE data sanitized
DEBUG - 2022-12-04 19:24:04 --> Config file loaded: /hwonpark/www/application/config/tree.php
DEBUG - 2022-12-04 19:24:04 --> =================== DL_auth-> oauth::CALLBACK - 시작
DEBUG - 2022-12-04 19:24:04 --> =================== DL_auth-> oauth::CALLBACK - kakao param=:: error=
DEBUG - 2022-12-04 19:24:04 --> =================== DL_auth-> oauth::CALLBACK - kakao param=:: state=
DEBUG - 2022-12-04 19:24:04 --> =================== DL_auth-> oauth::CALLBACK - kakao param=:: code=zOYvIIR_Hdp8PpDhmF5SdWaRCR_8lLPfWfmQ2tUjjTwTvfMmXtbgpSRYrfwcX0nGq_JpYAopyNoAAAGE3KoUYA
DEBUG - 2022-12-04 19:24:04 --> =================== DL_auth -> kakao oauth :2: code=zOYvIIR_Hdp8PpDhmF5SdWaRCR_8lLPfWfmQ2tUjjTwTvfMmXtbgpSRYrfwcX0nGq_JpYAopyNoAAAGE3KoUYA
DEBUG - 2022-12-04 19:24:04 --> ====================Dl_auth -> kakao_login :: 시작
DEBUG - 2022-12-04 19:24:04 --> --------------------Dl_auth::kakao_login - 1.토큰요청 시작
DEBUG - 2022-12-04 19:24:04 --> Dl_auth::kakao_login - get_token 시작 n=2
DEBUG - 2022-12-04 19:24:04 --> --------------------Dl_auth::kakao_login - 1.2.토큰요청 시작 -> 기타브라우저
DEBUG - 2022-12-04 19:24:04 --> --------------------Dl_auth::kakao_login - 1.3.토큰요청
DEBUG - 2022-12-04 19:24:04 --> --------------------Dl_auth::kakao_login - 1.4.토큰요청 -> 성공
DEBUG - 2022-12-04 19:24:05 --> UTF-8 Support Enabled
DEBUG - 2022-12-04 19:24:05 --> Global POST, GET and COOKIE data sanitized
DEBUG - 2022-12-04 19:24:05 --> Config file loaded: /hwonpark/www/application/config/tree.php
DEBUG - 2022-12-04 19:24:05 --> =================== DL_auth-> oauth::CALLBACK - 시작
DEBUG - 2022-12-04 19:24:05 --> =================== DL_auth-> oauth::CALLBACK - kakao param=:: error=
DEBUG - 2022-12-04 19:24:05 --> =================== DL_auth-> oauth::CALLBACK - kakao param=:: state=
DEBUG - 2022-12-04 19:24:05 --> =================== DL_auth-> oauth::CALLBACK - kakao param=:: code=zOYvIIR_Hdp8PpDhmF5SdWaRCR_8lLPfWfmQ2tUjjTwTvfMmXtbgpSRYrfwcX0nGq_JpYAopyNoAAAGE3KoUYA
DEBUG - 2022-12-04 19:24:05 --> =================== DL_auth -> kakao oauth :2: code=zOYvIIR_Hdp8PpDhmF5SdWaRCR_8lLPfWfmQ2tUjjTwTvfMmXtbgpSRYrfwcX0nGq_JpYAopyNoAAAGE3KoUYA
DEBUG - 2022-12-04 19:24:05 --> ====================Dl_auth -> kakao_login :: 시작
DEBUG - 2022-12-04 19:24:05 --> ====================Dl_auth::kakao_login - 1.3.5- 사이트 회원정보 업데이트 성공(카카오 인증 완료) state=
DEBUG - 2022-12-04 19:24:06 --> UTF-8 Support Enabled
DEBUG - 2022-12-04 19:24:06 --> Global POST, GET and COOKIE data sanitized
DEBUG - 2022-12-04 19:24:06 --> Config file loaded: /hwonpark/www/application/config/tree.php
DEBUG - 2022-12-04 19:24:06 --> Encryption: Auto-configured driver 'openssl'.
DEBUG - 2022-12-04 19:24:06 --> Total execution time: 0.0427
DEBUG - 2022-12-04 19:25:14 --> UTF-8 Support Enabled
DEBUG - 2022-12-04 19:25:14 --> Global POST, GET and COOKIE data sanitized
DEBUG - 2022-12-04 19:25:14 --> Config file loaded: /hwonpark/www/application/config/tree.php
DEBUG - 2022-12-04 19:25:14 --> Encryption: Auto-configured driver 'openssl'.
DEBUG - 2022-12-04 19:25:14 --> Total execution time: 0.1104
DEBUG - 2022-12-04 19:25:17 --> UTF-8 Support Enabled
DEBUG - 2022-12-04 19:25:17 --> Global POST, GET and COOKIE data sanitized
DEBUG - 2022-12-04 19:25:17 --> Config file loaded: /hwonpark/www/application/config/tree.php
DEBUG - 2022-12-04 19:25:17 --> Encryption: Auto-configured driver 'openssl'.
DEBUG - 2022-12-04 19:41:44 --> UTF-8 Support Enabled
DEBUG - 2022-12-04 19:41:44 --> Global POST, GET and COOKIE data sanitized
DEBUG - 2022-12-04 19:41:44 --> Config file loaded: /hwonpark/www/application/config/tree.php
DEBUG - 2022-12-04 19:41:44 --> Total execution time: 0.0820
DEBUG - 2022-12-04 19:41:58 --> UTF-8 Support Enabled
DEBUG - 2022-12-04 19:41:58 --> Global POST, GET and COOKIE data sanitized
DEBUG - 2022-12-04 19:41:58 --> Config file loaded: /hwonpark/www/application/config/tree.php
DEBUG - 2022-12-04 19:41:58 --> Total execution time: 0.0366
DEBUG - 2022-12-04 19:42:14 --> UTF-8 Support Enabled
DEBUG - 2022-12-04 19:42:14 --> Global POST, GET and COOKIE data sanitized
DEBUG - 2022-12-04 19:42:14 --> Config file loaded: /hwonpark/www/application/config/tree.php
DEBUG - 2022-12-04 19:42:14 --> Total execution time: 0.0284
DEBUG - 2022-12-04 19:42:21 --> UTF-8 Support Enabled
DEBUG - 2022-12-04 19:42:21 --> Global POST, GET and COOKIE data sanitized
DEBUG - 2022-12-04 19:42:21 --> Config file loaded: /hwonpark/www/application/config/tree.php
DEBUG - 2022-12-04 19:42:23 --> UTF-8 Support Enabled
DEBUG - 2022-12-04 19:42:23 --> Global POST, GET and COOKIE data sanitized
DEBUG - 2022-12-04 19:42:23 --> Config file loaded: /hwonpark/www/application/config/tree.php
DEBUG - 2022-12-04 19:42:23 --> Total execution time: 0.0277
DEBUG - 2022-12-04 19:42:24 --> UTF-8 Support Enabled
DEBUG - 2022-12-04 19:42:24 --> Global POST, GET and COOKIE data sanitized
DEBUG - 2022-12-04 19:42:24 --> Config file loaded: /hwonpark/www/application/config/tree.php
DEBUG - 2022-12-04 19:42:24 --> =================== DL_auth-> oauth::CALLBACK - 시작
DEBUG - 2022-12-04 19:42:24 --> =================== DL_auth-> oauth::CALLBACK - kakao param=:: error=
DEBUG - 2022-12-04 19:42:24 --> =================== DL_auth-> oauth::CALLBACK - kakao param=:: state=
DEBUG - 2022-12-04 19:42:24 --> =================== DL_auth-> oauth::CALLBACK - kakao param=:: code=JoB6hHEemEeDgZWO0Ua6AGiNarLRHGVfhmNszY1AWuGaUclgUVSJq9OmYCn-4xWSUPB2Qgo9cpcAAAGE3LreHA
DEBUG - 2022-12-04 19:42:24 --> =================== DL_auth -> kakao oauth :2: code=JoB6hHEemEeDgZWO0Ua6AGiNarLRHGVfhmNszY1AWuGaUclgUVSJq9OmYCn-4xWSUPB2Qgo9cpcAAAGE3LreHA
DEBUG - 2022-12-04 19:42:24 --> ====================Dl_auth -> kakao_login :: 시작
DEBUG - 2022-12-04 19:42:24 --> --------------------Dl_auth::kakao_login - 1.토큰요청 시작
DEBUG - 2022-12-04 19:42:24 --> Dl_auth::kakao_login - get_token 시작 n=2
DEBUG - 2022-12-04 19:42:24 --> --------------------Dl_auth::kakao_login - 1.2.토큰요청 시작 -> 기타브라우저
DEBUG - 2022-12-04 19:42:24 --> --------------------Dl_auth::kakao_login - 1.3.토큰요청
DEBUG - 2022-12-04 19:42:25 --> --------------------Dl_auth::kakao_login - 1.4.토큰요청 -> 성공
DEBUG - 2022-12-04 19:42:25 --> UTF-8 Support Enabled
DEBUG - 2022-12-04 19:42:25 --> Global POST, GET and COOKIE data sanitized
DEBUG - 2022-12-04 19:42:25 --> Config file loaded: /hwonpark/www/application/config/tree.php
DEBUG - 2022-12-04 19:42:25 --> =================== DL_auth-> oauth::CALLBACK - 시작
DEBUG - 2022-12-04 19:42:25 --> =================== DL_auth-> oauth::CALLBACK - kakao param=:: error=
DEBUG - 2022-12-04 19:42:25 --> =================== DL_auth-> oauth::CALLBACK - kakao param=:: state=
DEBUG - 2022-12-04 19:42:25 --> =================== DL_auth-> oauth::CALLBACK - kakao param=:: code=JoB6hHEemEeDgZWO0Ua6AGiNarLRHGVfhmNszY1AWuGaUclgUVSJq9OmYCn-4xWSUPB2Qgo9cpcAAAGE3LreHA
DEBUG - 2022-12-04 19:42:25 --> =================== DL_auth -> kakao oauth :2: code=JoB6hHEemEeDgZWO0Ua6AGiNarLRHGVfhmNszY1AWuGaUclgUVSJq9OmYCn-4xWSUPB2Qgo9cpcAAAGE3LreHA
DEBUG - 2022-12-04 19:42:25 --> ====================Dl_auth -> kakao_login :: 시작
DEBUG - 2022-12-04 19:42:25 --> ====================Dl_auth::kakao_login - 1.3.5- 사이트 회원정보 업데이트 성공(카카오 인증 완료) state=
DEBUG - 2022-12-04 19:42:26 --> UTF-8 Support Enabled
DEBUG - 2022-12-04 19:42:26 --> Global POST, GET and COOKIE data sanitized
DEBUG - 2022-12-04 19:42:26 --> Config file loaded: /hwonpark/www/application/config/tree.php
DEBUG - 2022-12-04 19:42:26 --> Encryption: Auto-configured driver 'openssl'.
DEBUG - 2022-12-04 19:42:26 --> Total execution time: 0.0330
DEBUG - 2022-12-04 19:42:31 --> UTF-8 Support Enabled
DEBUG - 2022-12-04 19:42:31 --> Global POST, GET and COOKIE data sanitized
DEBUG - 2022-12-04 19:42:31 --> Config file loaded: /hwonpark/www/application/config/tree.php
DEBUG - 2022-12-04 19:42:31 --> Encryption: Auto-configured driver 'openssl'.
DEBUG - 2022-12-04 19:42:31 --> Total execution time: 0.0303
DEBUG - 2022-12-04 19:42:36 --> UTF-8 Support Enabled
DEBUG - 2022-12-04 19:42:36 --> Global POST, GET and COOKIE data sanitized
DEBUG - 2022-12-04 19:42:36 --> Config file loaded: /hwonpark/www/application/config/tree.php
DEBUG - 2022-12-04 19:42:36 --> Encryption: Auto-configured driver 'openssl'.
DEBUG - 2022-12-04 19:42:36 --> Total execution time: 0.0369
DEBUG - 2022-12-04 19:43:52 --> UTF-8 Support Enabled
DEBUG - 2022-12-04 19:43:52 --> Global POST, GET and COOKIE data sanitized
DEBUG - 2022-12-04 19:43:52 --> Config file loaded: /hwonpark/www/application/config/tree.php
DEBUG - 2022-12-04 19:43:52 --> Encryption: Auto-configured driver 'openssl'.
DEBUG - 2022-12-04 19:43:52 --> Total execution time: 0.0450
DEBUG - 2022-12-04 19:44:04 --> UTF-8 Support Enabled
DEBUG - 2022-12-04 19:44:04 --> Global POST, GET and COOKIE data sanitized
DEBUG - 2022-12-04 19:44:04 --> Config file loaded: /hwonpark/www/application/config/tree.php
DEBUG - 2022-12-04 19:44:04 --> Encryption: Auto-configured driver 'openssl'.
DEBUG - 2022-12-04 19:44:04 --> Total execution time: 0.0437
DEBUG - 2022-12-04 20:10:29 --> UTF-8 Support Enabled
DEBUG - 2022-12-04 20:10:29 --> Global POST, GET and COOKIE data sanitized
DEBUG - 2022-12-04 20:10:29 --> Config file loaded: /hwonpark/www/application/config/tree.php
DEBUG - 2022-12-04 20:10:29 --> Total execution time: 0.0422
DEBUG - 2022-12-04 20:10:36 --> UTF-8 Support Enabled
DEBUG - 2022-12-04 20:10:36 --> Global POST, GET and COOKIE data sanitized
DEBUG - 2022-12-04 20:10:36 --> Config file loaded: /hwonpark/www/application/config/tree.php
DEBUG - 2022-12-04 20:10:36 --> Total execution time: 0.0657
DEBUG - 2022-12-04 20:48:36 --> UTF-8 Support Enabled
DEBUG - 2022-12-04 20:48:36 --> No URI present. Default controller set.
DEBUG - 2022-12-04 20:48:36 --> Global POST, GET and COOKIE data sanitized
DEBUG - 2022-12-04 20:48:36 --> Config file loaded: /hwonpark/www/application/config/tree.php
DEBUG - 2022-12-04 20:48:36 --> Total execution time: 0.0326
DEBUG - 2022-12-04 20:48:37 --> UTF-8 Support Enabled
DEBUG - 2022-12-04 20:48:37 --> Global POST, GET and COOKIE data sanitized
ERROR - 2022-12-04 20:48:37 --> 404 Page Not Found: Faviconico/index
DEBUG - 2022-12-04 20:48:41 --> UTF-8 Support Enabled
DEBUG - 2022-12-04 20:48:41 --> No URI present. Default controller set.
DEBUG - 2022-12-04 20:48:41 --> Global POST, GET and COOKIE data sanitized
DEBUG - 2022-12-04 20:48:41 --> Config file loaded: /hwonpark/www/application/config/tree.php
DEBUG - 2022-12-04 20:48:41 --> Total execution time: 0.0331
DEBUG - 2022-12-04 20:48:50 --> UTF-8 Support Enabled
DEBUG - 2022-12-04 20:48:50 --> Global POST, GET and COOKIE data sanitized
DEBUG - 2022-12-04 20:48:50 --> Config file loaded: /hwonpark/www/application/config/tree.php
DEBUG - 2022-12-04 20:48:52 --> UTF-8 Support Enabled
DEBUG - 2022-12-04 20:48:52 --> Global POST, GET and COOKIE data sanitized
DEBUG - 2022-12-04 20:48:52 --> Config file loaded: /hwonpark/www/application/config/tree.php
DEBUG - 2022-12-04 20:48:52 --> Total execution time: 0.0272
DEBUG - 2022-12-04 20:48:55 --> UTF-8 Support Enabled
DEBUG - 2022-12-04 20:48:55 --> No URI present. Default controller set.
DEBUG - 2022-12-04 20:48:55 --> Global POST, GET and COOKIE data sanitized
DEBUG - 2022-12-04 20:48:55 --> Config file loaded: /hwonpark/www/application/config/tree.php
DEBUG - 2022-12-04 20:48:55 --> Total execution time: 0.0520
DEBUG - 2022-12-04 20:49:00 --> UTF-8 Support Enabled
DEBUG - 2022-12-04 20:49:00 --> No URI present. Default controller set.
DEBUG - 2022-12-04 20:49:00 --> Global POST, GET and COOKIE data sanitized
DEBUG - 2022-12-04 20:49:00 --> Config file loaded: /hwonpark/www/application/config/tree.php
DEBUG - 2022-12-04 20:49:00 --> Total execution time: 0.0264
DEBUG - 2022-12-04 20:49:16 --> UTF-8 Support Enabled
DEBUG - 2022-12-04 20:49:16 --> Global POST, GET and COOKIE data sanitized
DEBUG - 2022-12-04 20:49:16 --> Config file loaded: /hwonpark/www/application/config/tree.php
DEBUG - 2022-12-04 20:49:16 --> Total execution time: 0.0677
DEBUG - 2022-12-04 20:49:21 --> UTF-8 Support Enabled
DEBUG - 2022-12-04 20:49:21 --> Global POST, GET and COOKIE data sanitized
DEBUG - 2022-12-04 20:49:21 --> Config file loaded: /hwonpark/www/application/config/tree.php
DEBUG - 2022-12-04 20:49:21 --> Total execution time: 0.0549
DEBUG - 2022-12-04 20:49:24 --> UTF-8 Support Enabled
DEBUG - 2022-12-04 20:49:24 --> Global POST, GET and COOKIE data sanitized
DEBUG - 2022-12-04 20:49:24 --> Config file loaded: /hwonpark/www/application/config/tree.php
DEBUG - 2022-12-04 20:49:24 --> Total execution time: 0.0541
DEBUG - 2022-12-04 20:49:27 --> UTF-8 Support Enabled
DEBUG - 2022-12-04 20:49:27 --> Global POST, GET and COOKIE data sanitized
DEBUG - 2022-12-04 20:49:27 --> Config file loaded: /hwonpark/www/application/config/tree.php
DEBUG - 2022-12-04 20:49:27 --> Total execution time: 0.0352
DEBUG - 2022-12-04 20:49:28 --> UTF-8 Support Enabled
DEBUG - 2022-12-04 20:49:28 --> Global POST, GET and COOKIE data sanitized
DEBUG - 2022-12-04 20:49:28 --> Config file loaded: /hwonpark/www/application/config/tree.php
DEBUG - 2022-12-04 20:49:28 --> Total execution time: 0.0981
