DEBUG - 2022-06-05 00:00:37 --> UTF-8 Support Enabled
DEBUG - 2022-06-05 00:00:37 --> No URI present. Default controller set.
DEBUG - 2022-06-05 00:00:37 --> Global POST, GET and COOKIE data sanitized
DEBUG - 2022-06-05 00:00:37 --> Config file loaded: /hwonpark/www/application/config/tree.php
DEBUG - 2022-06-05 00:00:37 --> Total execution time: 0.1961
DEBUG - 2022-06-05 00:00:38 --> UTF-8 Support Enabled
DEBUG - 2022-06-05 00:00:38 --> Global POST, GET and COOKIE data sanitized
ERROR - 2022-06-05 00:00:38 --> 404 Page Not Found: Faviconico/index
DEBUG - 2022-06-05 06:59:54 --> UTF-8 Support Enabled
DEBUG - 2022-06-05 06:59:54 --> No URI present. Default controller set.
DEBUG - 2022-06-05 06:59:54 --> Global POST, GET and COOKIE data sanitized
DEBUG - 2022-06-05 06:59:54 --> Config file loaded: /hwonpark/www/application/config/tree.php
DEBUG - 2022-06-05 06:59:55 --> Total execution time: 0.2178
DEBUG - 2022-06-05 06:59:55 --> UTF-8 Support Enabled
DEBUG - 2022-06-05 06:59:55 --> Global POST, GET and COOKIE data sanitized
ERROR - 2022-06-05 06:59:55 --> 404 Page Not Found: Faviconico/index
DEBUG - 2022-06-05 07:00:01 --> UTF-8 Support Enabled
DEBUG - 2022-06-05 07:00:01 --> Global POST, GET and COOKIE data sanitized
DEBUG - 2022-06-05 07:00:01 --> Config file loaded: /hwonpark/www/application/config/tree.php
DEBUG - 2022-06-05 07:00:01 --> Total execution time: 0.0608
DEBUG - 2022-06-05 07:00:05 --> UTF-8 Support Enabled
DEBUG - 2022-06-05 07:00:05 --> Global POST, GET and COOKIE data sanitized
DEBUG - 2022-06-05 07:00:05 --> Config file loaded: /hwonpark/www/application/config/tree.php
DEBUG - 2022-06-05 07:00:05 --> =================== DL_auth-> oauth::CALLBACK - 시작
DEBUG - 2022-06-05 07:00:05 --> =================== DL_auth-> oauth::CALLBACK - kakao param=:: error=
DEBUG - 2022-06-05 07:00:05 --> =================== DL_auth-> oauth::CALLBACK - kakao param=:: state=
DEBUG - 2022-06-05 07:00:05 --> =================== DL_auth-> oauth::CALLBACK - kakao param=:: code=w4rXqAZOCiIaFhTj_qPGxveZV6APHo88xrrRKFQMR2CmBvAUw_69KTxBAboHtS4jcH2Vkgo9dJkAAAGBMLuFaA
DEBUG - 2022-06-05 07:00:05 --> =================== DL_auth -> kakao oauth :2: code=w4rXqAZOCiIaFhTj_qPGxveZV6APHo88xrrRKFQMR2CmBvAUw_69KTxBAboHtS4jcH2Vkgo9dJkAAAGBMLuFaA
DEBUG - 2022-06-05 07:00:05 --> ====================Dl_auth -> kakao_login :: 시작
DEBUG - 2022-06-05 07:00:05 --> --------------------Dl_auth::kakao_login - 1.토큰요청 시작
DEBUG - 2022-06-05 07:00:05 --> Dl_auth::kakao_login - get_token 시작 n=2
DEBUG - 2022-06-05 07:00:05 --> --------------------Dl_auth::kakao_login - 1.2.토큰요청 시작 -> 기타브라우저
DEBUG - 2022-06-05 07:00:05 --> --------------------Dl_auth::kakao_login - 1.3.토큰요청
DEBUG - 2022-06-05 07:00:05 --> --------------------Dl_auth::kakao_login - 1.4.토큰요청 -> 성공
DEBUG - 2022-06-05 07:00:06 --> UTF-8 Support Enabled
DEBUG - 2022-06-05 07:00:06 --> Global POST, GET and COOKIE data sanitized
DEBUG - 2022-06-05 07:00:06 --> Config file loaded: /hwonpark/www/application/config/tree.php
DEBUG - 2022-06-05 07:00:06 --> =================== DL_auth-> oauth::CALLBACK - 시작
DEBUG - 2022-06-05 07:00:06 --> =================== DL_auth-> oauth::CALLBACK - kakao param=:: error=
DEBUG - 2022-06-05 07:00:06 --> =================== DL_auth-> oauth::CALLBACK - kakao param=:: state=
DEBUG - 2022-06-05 07:00:06 --> =================== DL_auth-> oauth::CALLBACK - kakao param=:: code=w4rXqAZOCiIaFhTj_qPGxveZV6APHo88xrrRKFQMR2CmBvAUw_69KTxBAboHtS4jcH2Vkgo9dJkAAAGBMLuFaA
DEBUG - 2022-06-05 07:00:06 --> =================== DL_auth -> kakao oauth :2: code=w4rXqAZOCiIaFhTj_qPGxveZV6APHo88xrrRKFQMR2CmBvAUw_69KTxBAboHtS4jcH2Vkgo9dJkAAAGBMLuFaA
DEBUG - 2022-06-05 07:00:06 --> ====================Dl_auth -> kakao_login :: 시작
DEBUG - 2022-06-05 07:00:06 --> ====================Dl_auth::kakao_login - 1.3.5- 사이트 회원정보 업데이트 성공(카카오 인증 완료) state=
DEBUG - 2022-06-05 07:00:10 --> UTF-8 Support Enabled
DEBUG - 2022-06-05 07:00:10 --> Global POST, GET and COOKIE data sanitized
DEBUG - 2022-06-05 07:00:10 --> Config file loaded: /hwonpark/www/application/config/tree.php
DEBUG - 2022-06-05 07:00:10 --> Encryption: Auto-configured driver 'openssl'.
DEBUG - 2022-06-05 07:00:10 --> Total execution time: 0.0398
DEBUG - 2022-06-05 07:00:13 --> UTF-8 Support Enabled
DEBUG - 2022-06-05 07:00:13 --> Global POST, GET and COOKIE data sanitized
DEBUG - 2022-06-05 07:00:13 --> Config file loaded: /hwonpark/www/application/config/tree.php
DEBUG - 2022-06-05 07:00:13 --> Encryption: Auto-configured driver 'openssl'.
DEBUG - 2022-06-05 07:00:13 --> Total execution time: 0.0767
DEBUG - 2022-06-05 07:00:26 --> UTF-8 Support Enabled
DEBUG - 2022-06-05 07:00:26 --> Global POST, GET and COOKIE data sanitized
DEBUG - 2022-06-05 07:00:26 --> Config file loaded: /hwonpark/www/application/config/tree.php
DEBUG - 2022-06-05 07:00:26 --> Encryption: Auto-configured driver 'openssl'.
DEBUG - 2022-06-05 07:00:26 --> Total execution time: 0.0294
DEBUG - 2022-06-05 07:00:29 --> UTF-8 Support Enabled
DEBUG - 2022-06-05 07:00:29 --> Global POST, GET and COOKIE data sanitized
DEBUG - 2022-06-05 07:00:29 --> Config file loaded: /hwonpark/www/application/config/tree.php
DEBUG - 2022-06-05 07:00:29 --> Encryption: Auto-configured driver 'openssl'.
DEBUG - 2022-06-05 07:00:29 --> Total execution time: 0.0355
DEBUG - 2022-06-05 08:12:29 --> UTF-8 Support Enabled
DEBUG - 2022-06-05 08:12:29 --> Global POST, GET and COOKIE data sanitized
DEBUG - 2022-06-05 08:12:29 --> Config file loaded: /hwonpark/www/application/config/tree.php
DEBUG - 2022-06-05 08:12:29 --> Total execution time: 0.0479
DEBUG - 2022-06-05 09:13:51 --> UTF-8 Support Enabled
DEBUG - 2022-06-05 09:13:51 --> Global POST, GET and COOKIE data sanitized
DEBUG - 2022-06-05 09:13:51 --> Config file loaded: /hwonpark/www/application/config/tree.php
DEBUG - 2022-06-05 09:13:51 --> Total execution time: 0.0641
DEBUG - 2022-06-05 09:53:20 --> UTF-8 Support Enabled
DEBUG - 2022-06-05 09:53:20 --> Global POST, GET and COOKIE data sanitized
DEBUG - 2022-06-05 09:53:20 --> Config file loaded: /hwonpark/www/application/config/tree.php
DEBUG - 2022-06-05 15:36:53 --> UTF-8 Support Enabled
DEBUG - 2022-06-05 15:36:53 --> No URI present. Default controller set.
DEBUG - 2022-06-05 15:36:53 --> Global POST, GET and COOKIE data sanitized
DEBUG - 2022-06-05 15:36:53 --> Config file loaded: /hwonpark/www/application/config/tree.php
DEBUG - 2022-06-05 15:36:53 --> Total execution time: 0.1966
DEBUG - 2022-06-05 15:37:04 --> UTF-8 Support Enabled
DEBUG - 2022-06-05 15:37:04 --> Global POST, GET and COOKIE data sanitized
ERROR - 2022-06-05 15:37:04 --> 404 Page Not Found: Faviconico/index
DEBUG - 2022-06-05 17:01:35 --> UTF-8 Support Enabled
DEBUG - 2022-06-05 17:01:35 --> No URI present. Default controller set.
DEBUG - 2022-06-05 17:01:35 --> Global POST, GET and COOKIE data sanitized
DEBUG - 2022-06-05 17:01:35 --> Config file loaded: /hwonpark/www/application/config/tree.php
DEBUG - 2022-06-05 17:01:35 --> Total execution time: 0.0300
DEBUG - 2022-06-05 17:01:37 --> UTF-8 Support Enabled
DEBUG - 2022-06-05 17:01:37 --> Global POST, GET and COOKIE data sanitized
ERROR - 2022-06-05 17:01:37 --> 404 Page Not Found: Faviconico/index
DEBUG - 2022-06-05 17:01:39 --> UTF-8 Support Enabled
DEBUG - 2022-06-05 17:01:39 --> No URI present. Default controller set.
DEBUG - 2022-06-05 17:01:39 --> Global POST, GET and COOKIE data sanitized
DEBUG - 2022-06-05 17:01:39 --> Config file loaded: /hwonpark/www/application/config/tree.php
DEBUG - 2022-06-05 17:01:39 --> Total execution time: 0.0299
DEBUG - 2022-06-05 23:00:03 --> UTF-8 Support Enabled
DEBUG - 2022-06-05 23:00:03 --> UTF-8 Support Enabled
DEBUG - 2022-06-05 23:00:03 --> No URI present. Default controller set.
DEBUG - 2022-06-05 23:00:03 --> Global POST, GET and COOKIE data sanitized
DEBUG - 2022-06-05 23:00:03 --> Global POST, GET and COOKIE data sanitized
DEBUG - 2022-06-05 23:00:04 --> UTF-8 Support Enabled
DEBUG - 2022-06-05 23:00:04 --> No URI present. Default controller set.
DEBUG - 2022-06-05 23:00:04 --> Global POST, GET and COOKIE data sanitized
DEBUG - 2022-06-05 23:00:04 --> Config file loaded: /hwonpark/www/application/config/tree.php
DEBUG - 2022-06-05 23:00:04 --> Config file loaded: /hwonpark/www/application/config/tree.php
DEBUG - 2022-06-05 23:00:04 --> Config file loaded: /hwonpark/www/application/config/tree.php
DEBUG - 2022-06-05 23:00:04 --> Total execution time: 0.8440
DEBUG - 2022-06-05 23:00:04 --> Total execution time: 0.9579
DEBUG - 2022-06-05 23:00:04 --> Total execution time: 1.0786
DEBUG - 2022-06-05 23:00:05 --> UTF-8 Support Enabled
DEBUG - 2022-06-05 23:00:05 --> Global POST, GET and COOKIE data sanitized
DEBUG - 2022-06-05 23:00:05 --> Config file loaded: /hwonpark/www/application/config/tree.php
DEBUG - 2022-06-05 23:00:05 --> =================== DL_auth -> joinForm :: 시작
DEBUG - 2022-06-05 23:00:05 --> UTF-8 Support Enabled
DEBUG - 2022-06-05 23:00:05 --> No URI present. Default controller set.
DEBUG - 2022-06-05 23:00:05 --> Global POST, GET and COOKIE data sanitized
DEBUG - 2022-06-05 23:00:05 --> Config file loaded: /hwonpark/www/application/config/tree.php
DEBUG - 2022-06-05 23:00:05 --> Total execution time: 0.0352
DEBUG - 2022-06-05 23:00:07 --> UTF-8 Support Enabled
DEBUG - 2022-06-05 23:00:07 --> Global POST, GET and COOKIE data sanitized
ERROR - 2022-06-05 23:00:07 --> 404 Page Not Found: Faviconico/index
