DEBUG - 2022-06-06 16:27:38 --> UTF-8 Support Enabled
DEBUG - 2022-06-06 16:27:38 --> No URI present. Default controller set.
DEBUG - 2022-06-06 16:27:38 --> Global POST, GET and COOKIE data sanitized
DEBUG - 2022-06-06 16:27:38 --> Config file loaded: /hwonpark/www/application/config/tree.php
DEBUG - 2022-06-06 16:27:38 --> Total execution time: 0.2905
DEBUG - 2022-06-06 16:27:39 --> UTF-8 Support Enabled
DEBUG - 2022-06-06 16:27:39 --> Global POST, GET and COOKIE data sanitized
ERROR - 2022-06-06 16:27:39 --> 404 Page Not Found: Faviconico/index
DEBUG - 2022-06-06 16:27:47 --> UTF-8 Support Enabled
DEBUG - 2022-06-06 16:27:47 --> Global POST, GET and COOKIE data sanitized
DEBUG - 2022-06-06 16:27:47 --> Total execution time: 0.0228
DEBUG - 2022-06-06 16:27:49 --> UTF-8 Support Enabled
DEBUG - 2022-06-06 16:27:49 --> Global POST, GET and COOKIE data sanitized
DEBUG - 2022-06-06 16:27:49 --> Total execution time: 0.0129
DEBUG - 2022-06-06 17:01:09 --> UTF-8 Support Enabled
DEBUG - 2022-06-06 17:01:09 --> No URI present. Default controller set.
DEBUG - 2022-06-06 17:01:09 --> Global POST, GET and COOKIE data sanitized
DEBUG - 2022-06-06 17:01:09 --> Config file loaded: /hwonpark/www/application/config/tree.php
DEBUG - 2022-06-06 17:01:09 --> Total execution time: 0.0314
DEBUG - 2022-06-06 17:01:11 --> UTF-8 Support Enabled
DEBUG - 2022-06-06 17:01:11 --> Global POST, GET and COOKIE data sanitized
ERROR - 2022-06-06 17:01:11 --> 404 Page Not Found: Faviconico/index
DEBUG - 2022-06-06 20:06:03 --> UTF-8 Support Enabled
DEBUG - 2022-06-06 20:06:03 --> No URI present. Default controller set.
DEBUG - 2022-06-06 20:06:03 --> Global POST, GET and COOKIE data sanitized
DEBUG - 2022-06-06 20:06:03 --> Config file loaded: /hwonpark/www/application/config/tree.php
DEBUG - 2022-06-06 20:06:03 --> Total execution time: 0.1405
DEBUG - 2022-06-06 20:06:04 --> UTF-8 Support Enabled
DEBUG - 2022-06-06 20:06:04 --> Global POST, GET and COOKIE data sanitized
ERROR - 2022-06-06 20:06:04 --> 404 Page Not Found: Apple-touch-icon-120x120-precomposedpng/index
DEBUG - 2022-06-06 20:06:04 --> UTF-8 Support Enabled
DEBUG - 2022-06-06 20:06:04 --> Global POST, GET and COOKIE data sanitized
ERROR - 2022-06-06 20:06:04 --> 404 Page Not Found: Apple-touch-icon-120x120png/index
DEBUG - 2022-06-06 20:06:04 --> UTF-8 Support Enabled
DEBUG - 2022-06-06 20:06:04 --> Global POST, GET and COOKIE data sanitized
ERROR - 2022-06-06 20:06:04 --> 404 Page Not Found: Apple-touch-icon-precomposedpng/index
DEBUG - 2022-06-06 20:06:04 --> UTF-8 Support Enabled
DEBUG - 2022-06-06 20:06:04 --> Global POST, GET and COOKIE data sanitized
ERROR - 2022-06-06 20:06:04 --> 404 Page Not Found: Apple-touch-iconpng/index
DEBUG - 2022-06-06 20:06:04 --> UTF-8 Support Enabled
DEBUG - 2022-06-06 20:06:04 --> Global POST, GET and COOKIE data sanitized
ERROR - 2022-06-06 20:06:04 --> 404 Page Not Found: Faviconico/index
DEBUG - 2022-06-06 20:06:04 --> UTF-8 Support Enabled
DEBUG - 2022-06-06 20:06:04 --> Global POST, GET and COOKIE data sanitized
ERROR - 2022-06-06 20:06:04 --> 404 Page Not Found: Apple-touch-icon-120x120-precomposedpng/index
DEBUG - 2022-06-06 20:06:04 --> UTF-8 Support Enabled
DEBUG - 2022-06-06 20:06:04 --> Global POST, GET and COOKIE data sanitized
ERROR - 2022-06-06 20:06:04 --> 404 Page Not Found: Apple-touch-icon-120x120png/index
DEBUG - 2022-06-06 20:06:04 --> UTF-8 Support Enabled
DEBUG - 2022-06-06 20:06:04 --> Global POST, GET and COOKIE data sanitized
ERROR - 2022-06-06 20:06:04 --> 404 Page Not Found: Apple-touch-icon-precomposedpng/index
DEBUG - 2022-06-06 20:06:04 --> UTF-8 Support Enabled
DEBUG - 2022-06-06 20:06:04 --> Global POST, GET and COOKIE data sanitized
ERROR - 2022-06-06 20:06:04 --> 404 Page Not Found: Apple-touch-iconpng/index
DEBUG - 2022-06-06 20:06:04 --> UTF-8 Support Enabled
DEBUG - 2022-06-06 20:06:04 --> Global POST, GET and COOKIE data sanitized
ERROR - 2022-06-06 20:06:04 --> 404 Page Not Found: Faviconico/index
DEBUG - 2022-06-06 23:03:44 --> UTF-8 Support Enabled
DEBUG - 2022-06-06 23:03:44 --> Global POST, GET and COOKIE data sanitized
DEBUG - 2022-06-06 23:03:45 --> Config file loaded: /hwonpark/www/application/config/tree.php
DEBUG - 2022-06-06 23:03:45 --> Total execution time: 0.1987
DEBUG - 2022-06-06 23:03:46 --> UTF-8 Support Enabled
DEBUG - 2022-06-06 23:03:46 --> Global POST, GET and COOKIE data sanitized
ERROR - 2022-06-06 23:03:46 --> 404 Page Not Found: Faviconico/index
DEBUG - 2022-06-06 23:03:46 --> UTF-8 Support Enabled
DEBUG - 2022-06-06 23:03:46 --> No URI present. Default controller set.
DEBUG - 2022-06-06 23:03:46 --> Global POST, GET and COOKIE data sanitized
DEBUG - 2022-06-06 23:03:46 --> Config file loaded: /hwonpark/www/application/config/tree.php
DEBUG - 2022-06-06 23:03:46 --> Total execution time: 0.0341
DEBUG - 2022-06-06 23:42:44 --> UTF-8 Support Enabled
DEBUG - 2022-06-06 23:42:44 --> Global POST, GET and COOKIE data sanitized
DEBUG - 2022-06-06 23:42:44 --> Config file loaded: /hwonpark/www/application/config/tree.php
DEBUG - 2022-06-06 23:42:45 --> Total execution time: 0.3495
