DEBUG - 2022-06-30 08:15:23 --> UTF-8 Support Enabled
DEBUG - 2022-06-30 08:15:23 --> No URI present. Default controller set.
DEBUG - 2022-06-30 08:15:23 --> Global POST, GET and COOKIE data sanitized
DEBUG - 2022-06-30 08:15:23 --> Config file loaded: /hwonpark/www/application/config/tree.php
DEBUG - 2022-06-30 08:15:24 --> Total execution time: 0.2615
DEBUG - 2022-06-30 08:15:24 --> UTF-8 Support Enabled
DEBUG - 2022-06-30 08:15:24 --> Global POST, GET and COOKIE data sanitized
ERROR - 2022-06-30 08:15:24 --> 404 Page Not Found: Faviconico/index
DEBUG - 2022-06-30 08:17:27 --> UTF-8 Support Enabled
DEBUG - 2022-06-30 08:17:27 --> No URI present. Default controller set.
DEBUG - 2022-06-30 08:17:27 --> Global POST, GET and COOKIE data sanitized
DEBUG - 2022-06-30 08:17:27 --> Config file loaded: /hwonpark/www/application/config/tree.php
DEBUG - 2022-06-30 08:17:27 --> Total execution time: 0.0629
DEBUG - 2022-06-30 09:34:43 --> UTF-8 Support Enabled
DEBUG - 2022-06-30 09:34:43 --> No URI present. Default controller set.
DEBUG - 2022-06-30 09:34:43 --> Global POST, GET and COOKIE data sanitized
DEBUG - 2022-06-30 09:34:43 --> Config file loaded: /hwonpark/www/application/config/tree.php
DEBUG - 2022-06-30 09:34:43 --> Total execution time: 0.0414
DEBUG - 2022-06-30 09:34:44 --> UTF-8 Support Enabled
DEBUG - 2022-06-30 09:34:44 --> Global POST, GET and COOKIE data sanitized
ERROR - 2022-06-30 09:34:44 --> 404 Page Not Found: Faviconico/index
DEBUG - 2022-06-30 09:34:55 --> UTF-8 Support Enabled
DEBUG - 2022-06-30 09:34:55 --> Global POST, GET and COOKIE data sanitized
DEBUG - 2022-06-30 09:34:55 --> Config file loaded: /hwonpark/www/application/config/tree.php
DEBUG - 2022-06-30 09:34:55 --> Total execution time: 0.0728
DEBUG - 2022-06-30 09:34:57 --> UTF-8 Support Enabled
DEBUG - 2022-06-30 09:34:57 --> Global POST, GET and COOKIE data sanitized
DEBUG - 2022-06-30 09:34:57 --> Config file loaded: /hwonpark/www/application/config/tree.php
DEBUG - 2022-06-30 09:34:57 --> Total execution time: 0.0609
DEBUG - 2022-06-30 09:45:54 --> UTF-8 Support Enabled
DEBUG - 2022-06-30 09:45:54 --> Global POST, GET and COOKIE data sanitized
DEBUG - 2022-06-30 09:45:54 --> Config file loaded: /hwonpark/www/application/config/tree.php
DEBUG - 2022-06-30 09:45:55 --> Total execution time: 0.0437
DEBUG - 2022-06-30 09:45:55 --> UTF-8 Support Enabled
DEBUG - 2022-06-30 09:45:55 --> No URI present. Default controller set.
DEBUG - 2022-06-30 09:45:55 --> Global POST, GET and COOKIE data sanitized
DEBUG - 2022-06-30 09:45:55 --> Config file loaded: /hwonpark/www/application/config/tree.php
DEBUG - 2022-06-30 09:45:55 --> Total execution time: 0.0307
DEBUG - 2022-06-30 09:52:11 --> UTF-8 Support Enabled
DEBUG - 2022-06-30 09:52:11 --> No URI present. Default controller set.
DEBUG - 2022-06-30 09:52:11 --> Global POST, GET and COOKIE data sanitized
DEBUG - 2022-06-30 09:52:11 --> Config file loaded: /hwonpark/www/application/config/tree.php
DEBUG - 2022-06-30 09:52:11 --> Total execution time: 0.0284
DEBUG - 2022-06-30 09:57:22 --> UTF-8 Support Enabled
DEBUG - 2022-06-30 09:57:22 --> No URI present. Default controller set.
DEBUG - 2022-06-30 09:57:22 --> Global POST, GET and COOKIE data sanitized
DEBUG - 2022-06-30 09:57:22 --> Config file loaded: /hwonpark/www/application/config/tree.php
DEBUG - 2022-06-30 09:57:22 --> Total execution time: 0.0647
DEBUG - 2022-06-30 09:57:22 --> UTF-8 Support Enabled
DEBUG - 2022-06-30 09:57:22 --> Global POST, GET and COOKIE data sanitized
ERROR - 2022-06-30 09:57:22 --> 404 Page Not Found: Faviconico/index
DEBUG - 2022-06-30 09:57:35 --> UTF-8 Support Enabled
DEBUG - 2022-06-30 09:57:35 --> Global POST, GET and COOKIE data sanitized
DEBUG - 2022-06-30 09:57:35 --> Config file loaded: /hwonpark/www/application/config/tree.php
DEBUG - 2022-06-30 09:57:37 --> UTF-8 Support Enabled
DEBUG - 2022-06-30 09:57:37 --> Global POST, GET and COOKIE data sanitized
DEBUG - 2022-06-30 09:57:37 --> Config file loaded: /hwonpark/www/application/config/tree.php
DEBUG - 2022-06-30 09:57:37 --> Total execution time: 0.0300
DEBUG - 2022-06-30 10:05:51 --> UTF-8 Support Enabled
DEBUG - 2022-06-30 10:05:51 --> Global POST, GET and COOKIE data sanitized
DEBUG - 2022-06-30 10:05:51 --> Config file loaded: /hwonpark/www/application/config/tree.php
DEBUG - 2022-06-30 10:05:51 --> Total execution time: 0.0432
DEBUG - 2022-06-30 10:05:52 --> UTF-8 Support Enabled
DEBUG - 2022-06-30 10:05:52 --> Global POST, GET and COOKIE data sanitized
ERROR - 2022-06-30 10:05:52 --> 404 Page Not Found: Faviconico/index
DEBUG - 2022-06-30 10:34:35 --> UTF-8 Support Enabled
DEBUG - 2022-06-30 10:34:35 --> Global POST, GET and COOKIE data sanitized
DEBUG - 2022-06-30 10:34:35 --> Config file loaded: /hwonpark/www/application/config/tree.php
DEBUG - 2022-06-30 10:34:35 --> Total execution time: 0.0365
DEBUG - 2022-06-30 10:34:37 --> UTF-8 Support Enabled
DEBUG - 2022-06-30 10:34:37 --> No URI present. Default controller set.
DEBUG - 2022-06-30 10:34:37 --> Global POST, GET and COOKIE data sanitized
DEBUG - 2022-06-30 10:34:37 --> Config file loaded: /hwonpark/www/application/config/tree.php
DEBUG - 2022-06-30 10:34:37 --> Total execution time: 0.0427
DEBUG - 2022-06-30 10:34:38 --> UTF-8 Support Enabled
DEBUG - 2022-06-30 10:34:38 --> Global POST, GET and COOKIE data sanitized
ERROR - 2022-06-30 10:34:38 --> 404 Page Not Found: Faviconico/index
DEBUG - 2022-06-30 10:34:43 --> UTF-8 Support Enabled
DEBUG - 2022-06-30 10:34:43 --> No URI present. Default controller set.
DEBUG - 2022-06-30 10:34:43 --> Global POST, GET and COOKIE data sanitized
DEBUG - 2022-06-30 10:34:43 --> Config file loaded: /hwonpark/www/application/config/tree.php
DEBUG - 2022-06-30 10:34:43 --> Total execution time: 0.0271
DEBUG - 2022-06-30 10:39:07 --> UTF-8 Support Enabled
DEBUG - 2022-06-30 10:39:07 --> No URI present. Default controller set.
DEBUG - 2022-06-30 10:39:07 --> Global POST, GET and COOKIE data sanitized
DEBUG - 2022-06-30 10:39:07 --> Config file loaded: /hwonpark/www/application/config/tree.php
DEBUG - 2022-06-30 10:39:07 --> Total execution time: 0.0314
DEBUG - 2022-06-30 10:39:40 --> UTF-8 Support Enabled
DEBUG - 2022-06-30 10:39:40 --> No URI present. Default controller set.
DEBUG - 2022-06-30 10:39:40 --> Global POST, GET and COOKIE data sanitized
DEBUG - 2022-06-30 10:39:40 --> Config file loaded: /hwonpark/www/application/config/tree.php
DEBUG - 2022-06-30 10:39:40 --> Total execution time: 0.0291
DEBUG - 2022-06-30 10:39:42 --> UTF-8 Support Enabled
DEBUG - 2022-06-30 10:39:42 --> Global POST, GET and COOKIE data sanitized
ERROR - 2022-06-30 10:39:42 --> 404 Page Not Found: Faviconico/index
DEBUG - 2022-06-30 10:42:32 --> UTF-8 Support Enabled
DEBUG - 2022-06-30 10:42:32 --> No URI present. Default controller set.
DEBUG - 2022-06-30 10:42:32 --> Global POST, GET and COOKIE data sanitized
DEBUG - 2022-06-30 10:42:32 --> Config file loaded: /hwonpark/www/application/config/tree.php
DEBUG - 2022-06-30 10:42:32 --> Total execution time: 0.0288
DEBUG - 2022-06-30 10:43:02 --> UTF-8 Support Enabled
DEBUG - 2022-06-30 10:43:02 --> Global POST, GET and COOKIE data sanitized
DEBUG - 2022-06-30 10:43:02 --> Config file loaded: /hwonpark/www/application/config/tree.php
DEBUG - 2022-06-30 10:43:02 --> Total execution time: 0.0212
DEBUG - 2022-06-30 10:43:12 --> UTF-8 Support Enabled
DEBUG - 2022-06-30 10:43:12 --> Global POST, GET and COOKIE data sanitized
DEBUG - 2022-06-30 10:43:12 --> Config file loaded: /hwonpark/www/application/config/tree.php
DEBUG - 2022-06-30 10:43:14 --> UTF-8 Support Enabled
DEBUG - 2022-06-30 10:43:14 --> Global POST, GET and COOKIE data sanitized
DEBUG - 2022-06-30 10:43:14 --> Config file loaded: /hwonpark/www/application/config/tree.php
DEBUG - 2022-06-30 10:43:14 --> Total execution time: 0.0267
DEBUG - 2022-06-30 10:44:15 --> UTF-8 Support Enabled
DEBUG - 2022-06-30 10:44:15 --> No URI present. Default controller set.
DEBUG - 2022-06-30 10:44:15 --> Global POST, GET and COOKIE data sanitized
DEBUG - 2022-06-30 10:44:15 --> Config file loaded: /hwonpark/www/application/config/tree.php
DEBUG - 2022-06-30 10:44:15 --> Total execution time: 0.0484
DEBUG - 2022-06-30 10:44:16 --> UTF-8 Support Enabled
DEBUG - 2022-06-30 10:44:16 --> Global POST, GET and COOKIE data sanitized
ERROR - 2022-06-30 10:44:16 --> 404 Page Not Found: Faviconico/index
DEBUG - 2022-06-30 10:44:32 --> UTF-8 Support Enabled
DEBUG - 2022-06-30 10:44:32 --> Global POST, GET and COOKIE data sanitized
DEBUG - 2022-06-30 10:44:32 --> Config file loaded: /hwonpark/www/application/config/tree.php
DEBUG - 2022-06-30 10:44:32 --> Total execution time: 0.0431
DEBUG - 2022-06-30 10:44:34 --> UTF-8 Support Enabled
DEBUG - 2022-06-30 10:44:34 --> No URI present. Default controller set.
DEBUG - 2022-06-30 10:44:34 --> Global POST, GET and COOKIE data sanitized
DEBUG - 2022-06-30 10:44:34 --> Config file loaded: /hwonpark/www/application/config/tree.php
DEBUG - 2022-06-30 10:44:34 --> Total execution time: 0.0824
DEBUG - 2022-06-30 10:48:15 --> UTF-8 Support Enabled
DEBUG - 2022-06-30 10:48:15 --> Global POST, GET and COOKIE data sanitized
DEBUG - 2022-06-30 10:48:15 --> Config file loaded: /hwonpark/www/application/config/tree.php
DEBUG - 2022-06-30 10:48:15 --> Total execution time: 0.0828
DEBUG - 2022-06-30 10:59:09 --> UTF-8 Support Enabled
DEBUG - 2022-06-30 10:59:09 --> Global POST, GET and COOKIE data sanitized
DEBUG - 2022-06-30 10:59:09 --> Config file loaded: /hwonpark/www/application/config/tree.php
DEBUG - 2022-06-30 10:59:09 --> Total execution time: 0.0573
DEBUG - 2022-06-30 10:59:16 --> UTF-8 Support Enabled
DEBUG - 2022-06-30 10:59:16 --> Global POST, GET and COOKIE data sanitized
DEBUG - 2022-06-30 10:59:16 --> Config file loaded: /hwonpark/www/application/config/tree.php
DEBUG - 2022-06-30 10:59:16 --> Total execution time: 0.0332
DEBUG - 2022-06-30 10:59:21 --> UTF-8 Support Enabled
DEBUG - 2022-06-30 10:59:21 --> Global POST, GET and COOKIE data sanitized
DEBUG - 2022-06-30 10:59:21 --> Config file loaded: /hwonpark/www/application/config/tree.php
DEBUG - 2022-06-30 10:59:22 --> UTF-8 Support Enabled
DEBUG - 2022-06-30 10:59:22 --> Global POST, GET and COOKIE data sanitized
DEBUG - 2022-06-30 10:59:22 --> Config file loaded: /hwonpark/www/application/config/tree.php
DEBUG - 2022-06-30 10:59:22 --> Encryption: Auto-configured driver 'openssl'.
DEBUG - 2022-06-30 10:59:22 --> UTF-8 Support Enabled
DEBUG - 2022-06-30 10:59:22 --> Global POST, GET and COOKIE data sanitized
DEBUG - 2022-06-30 10:59:22 --> Config file loaded: /hwonpark/www/application/config/tree.php
DEBUG - 2022-06-30 10:59:22 --> Encryption: Auto-configured driver 'openssl'.
DEBUG - 2022-06-30 10:59:22 --> Encryption class already loaded. Second attempt ignored.
DEBUG - 2022-06-30 10:59:22 --> Total execution time: 0.0490
DEBUG - 2022-06-30 10:59:33 --> UTF-8 Support Enabled
DEBUG - 2022-06-30 10:59:33 --> Global POST, GET and COOKIE data sanitized
DEBUG - 2022-06-30 10:59:33 --> Config file loaded: /hwonpark/www/application/config/tree.php
DEBUG - 2022-06-30 10:59:33 --> Encryption: Auto-configured driver 'openssl'.
DEBUG - 2022-06-30 10:59:33 --> Encryption class already loaded. Second attempt ignored.
DEBUG - 2022-06-30 10:59:33 --> Total execution time: 0.0672
DEBUG - 2022-06-30 10:59:36 --> UTF-8 Support Enabled
DEBUG - 2022-06-30 10:59:36 --> Global POST, GET and COOKIE data sanitized
DEBUG - 2022-06-30 10:59:36 --> Config file loaded: /hwonpark/www/application/config/tree.php
DEBUG - 2022-06-30 10:59:36 --> Encryption: Auto-configured driver 'openssl'.
DEBUG - 2022-06-30 10:59:36 --> Encryption class already loaded. Second attempt ignored.
DEBUG - 2022-06-30 10:59:36 --> Total execution time: 0.0602
DEBUG - 2022-06-30 10:59:38 --> UTF-8 Support Enabled
DEBUG - 2022-06-30 10:59:38 --> Global POST, GET and COOKIE data sanitized
DEBUG - 2022-06-30 10:59:38 --> Config file loaded: /hwonpark/www/application/config/tree.php
DEBUG - 2022-06-30 10:59:38 --> Encryption: Auto-configured driver 'openssl'.
DEBUG - 2022-06-30 10:59:38 --> Total execution time: 0.0352
DEBUG - 2022-06-30 10:59:55 --> UTF-8 Support Enabled
DEBUG - 2022-06-30 10:59:55 --> Global POST, GET and COOKIE data sanitized
DEBUG - 2022-06-30 10:59:55 --> Config file loaded: /hwonpark/www/application/config/tree.php
DEBUG - 2022-06-30 10:59:55 --> Encryption: Auto-configured driver 'openssl'.
DEBUG - 2022-06-30 10:59:55 --> Total execution time: 0.0315
DEBUG - 2022-06-30 10:59:58 --> UTF-8 Support Enabled
DEBUG - 2022-06-30 10:59:58 --> Global POST, GET and COOKIE data sanitized
DEBUG - 2022-06-30 10:59:58 --> Config file loaded: /hwonpark/www/application/config/tree.php
DEBUG - 2022-06-30 10:59:58 --> Encryption: Auto-configured driver 'openssl'.
DEBUG - 2022-06-30 10:59:58 --> Total execution time: 0.0621
DEBUG - 2022-06-30 11:00:01 --> UTF-8 Support Enabled
DEBUG - 2022-06-30 11:00:01 --> Global POST, GET and COOKIE data sanitized
DEBUG - 2022-06-30 11:00:01 --> Config file loaded: /hwonpark/www/application/config/tree.php
DEBUG - 2022-06-30 11:00:01 --> Encryption: Auto-configured driver 'openssl'.
DEBUG - 2022-06-30 11:00:01 --> Total execution time: 0.0395
DEBUG - 2022-06-30 11:00:01 --> UTF-8 Support Enabled
DEBUG - 2022-06-30 11:00:01 --> Global POST, GET and COOKIE data sanitized
DEBUG - 2022-06-30 11:00:01 --> Config file loaded: /hwonpark/www/application/config/tree.php
DEBUG - 2022-06-30 11:00:01 --> Encryption: Auto-configured driver 'openssl'.
DEBUG - 2022-06-30 11:00:01 --> Total execution time: 0.0406
DEBUG - 2022-06-30 11:00:04 --> UTF-8 Support Enabled
DEBUG - 2022-06-30 11:00:04 --> Global POST, GET and COOKIE data sanitized
DEBUG - 2022-06-30 11:00:04 --> Config file loaded: /hwonpark/www/application/config/tree.php
DEBUG - 2022-06-30 11:00:04 --> Encryption: Auto-configured driver 'openssl'.
DEBUG - 2022-06-30 11:00:04 --> Total execution time: 0.0554
DEBUG - 2022-06-30 11:00:12 --> UTF-8 Support Enabled
DEBUG - 2022-06-30 11:00:12 --> Global POST, GET and COOKIE data sanitized
DEBUG - 2022-06-30 11:00:12 --> Config file loaded: /hwonpark/www/application/config/tree.php
DEBUG - 2022-06-30 11:00:12 --> Encryption: Auto-configured driver 'openssl'.
DEBUG - 2022-06-30 11:00:12 --> Total execution time: 0.0414
DEBUG - 2022-06-30 11:00:15 --> UTF-8 Support Enabled
DEBUG - 2022-06-30 11:00:15 --> Global POST, GET and COOKIE data sanitized
DEBUG - 2022-06-30 11:00:15 --> Config file loaded: /hwonpark/www/application/config/tree.php
DEBUG - 2022-06-30 11:00:15 --> Encryption: Auto-configured driver 'openssl'.
DEBUG - 2022-06-30 11:00:15 --> Total execution time: 0.0400
DEBUG - 2022-06-30 11:00:29 --> UTF-8 Support Enabled
DEBUG - 2022-06-30 11:00:29 --> Global POST, GET and COOKIE data sanitized
DEBUG - 2022-06-30 11:00:29 --> Config file loaded: /hwonpark/www/application/config/tree.php
DEBUG - 2022-06-30 11:00:29 --> Encryption: Auto-configured driver 'openssl'.
DEBUG - 2022-06-30 11:00:29 --> Total execution time: 0.0752
DEBUG - 2022-06-30 11:00:32 --> UTF-8 Support Enabled
DEBUG - 2022-06-30 11:00:32 --> Global POST, GET and COOKIE data sanitized
DEBUG - 2022-06-30 11:00:32 --> Config file loaded: /hwonpark/www/application/config/tree.php
DEBUG - 2022-06-30 11:00:32 --> Encryption: Auto-configured driver 'openssl'.
DEBUG - 2022-06-30 11:00:32 --> Total execution time: 0.0374
DEBUG - 2022-06-30 11:00:36 --> UTF-8 Support Enabled
DEBUG - 2022-06-30 11:00:36 --> Global POST, GET and COOKIE data sanitized
DEBUG - 2022-06-30 11:00:36 --> Config file loaded: /hwonpark/www/application/config/tree.php
DEBUG - 2022-06-30 11:00:36 --> Encryption: Auto-configured driver 'openssl'.
DEBUG - 2022-06-30 11:00:36 --> Total execution time: 0.0332
DEBUG - 2022-06-30 11:03:15 --> UTF-8 Support Enabled
DEBUG - 2022-06-30 11:03:15 --> No URI present. Default controller set.
DEBUG - 2022-06-30 11:03:15 --> Global POST, GET and COOKIE data sanitized
DEBUG - 2022-06-30 11:03:15 --> Config file loaded: /hwonpark/www/application/config/tree.php
DEBUG - 2022-06-30 11:03:15 --> Total execution time: 0.0313
DEBUG - 2022-06-30 11:03:16 --> UTF-8 Support Enabled
DEBUG - 2022-06-30 11:03:16 --> Global POST, GET and COOKIE data sanitized
ERROR - 2022-06-30 11:03:16 --> 404 Page Not Found: Faviconico/index
DEBUG - 2022-06-30 11:05:01 --> UTF-8 Support Enabled
DEBUG - 2022-06-30 11:05:01 --> Global POST, GET and COOKIE data sanitized
DEBUG - 2022-06-30 11:05:01 --> Config file loaded: /hwonpark/www/application/config/tree.php
DEBUG - 2022-06-30 11:05:01 --> Encryption: Auto-configured driver 'openssl'.
ERROR - 2022-06-30 11:05:01 --> Could not find the language line "imglib_invalid_image"
ERROR - 2022-06-30 11:05:01 --> imglib_invalid_image
DEBUG - 2022-06-30 11:05:01 --> DL_schema class already loaded. Second attempt ignored.
DEBUG - 2022-06-30 11:05:03 --> UTF-8 Support Enabled
DEBUG - 2022-06-30 11:05:03 --> Global POST, GET and COOKIE data sanitized
DEBUG - 2022-06-30 11:05:03 --> Config file loaded: /hwonpark/www/application/config/tree.php
DEBUG - 2022-06-30 11:05:03 --> Encryption: Auto-configured driver 'openssl'.
DEBUG - 2022-06-30 11:05:03 --> Total execution time: 0.0370
DEBUG - 2022-06-30 11:05:03 --> UTF-8 Support Enabled
DEBUG - 2022-06-30 11:05:03 --> Global POST, GET and COOKIE data sanitized
DEBUG - 2022-06-30 11:05:03 --> Config file loaded: /hwonpark/www/application/config/tree.php
DEBUG - 2022-06-30 11:05:03 --> Encryption: Auto-configured driver 'openssl'.
DEBUG - 2022-06-30 11:05:03 --> Total execution time: 0.0422
DEBUG - 2022-06-30 11:05:06 --> UTF-8 Support Enabled
DEBUG - 2022-06-30 11:05:06 --> Global POST, GET and COOKIE data sanitized
DEBUG - 2022-06-30 11:05:06 --> Config file loaded: /hwonpark/www/application/config/tree.php
DEBUG - 2022-06-30 11:05:06 --> Encryption: Auto-configured driver 'openssl'.
DEBUG - 2022-06-30 11:05:06 --> Total execution time: 0.0330
DEBUG - 2022-06-30 11:05:08 --> UTF-8 Support Enabled
DEBUG - 2022-06-30 11:05:08 --> Global POST, GET and COOKIE data sanitized
DEBUG - 2022-06-30 11:05:08 --> Config file loaded: /hwonpark/www/application/config/tree.php
DEBUG - 2022-06-30 11:05:08 --> Encryption: Auto-configured driver 'openssl'.
DEBUG - 2022-06-30 11:05:08 --> Total execution time: 0.0330
DEBUG - 2022-06-30 11:05:18 --> UTF-8 Support Enabled
DEBUG - 2022-06-30 11:05:18 --> Global POST, GET and COOKIE data sanitized
DEBUG - 2022-06-30 11:05:18 --> Config file loaded: /hwonpark/www/application/config/tree.php
DEBUG - 2022-06-30 11:05:18 --> Encryption: Auto-configured driver 'openssl'.
DEBUG - 2022-06-30 11:05:18 --> Total execution time: 0.0421
DEBUG - 2022-06-30 11:05:22 --> UTF-8 Support Enabled
DEBUG - 2022-06-30 11:05:22 --> Global POST, GET and COOKIE data sanitized
DEBUG - 2022-06-30 11:05:22 --> Config file loaded: /hwonpark/www/application/config/tree.php
DEBUG - 2022-06-30 11:05:22 --> Encryption: Auto-configured driver 'openssl'.
DEBUG - 2022-06-30 11:05:22 --> UTF-8 Support Enabled
DEBUG - 2022-06-30 11:05:22 --> Global POST, GET and COOKIE data sanitized
DEBUG - 2022-06-30 11:05:23 --> Config file loaded: /hwonpark/www/application/config/tree.php
DEBUG - 2022-06-30 11:05:23 --> Encryption: Auto-configured driver 'openssl'.
DEBUG - 2022-06-30 11:05:23 --> Encryption class already loaded. Second attempt ignored.
DEBUG - 2022-06-30 11:05:23 --> Total execution time: 0.0348
DEBUG - 2022-06-30 11:05:25 --> UTF-8 Support Enabled
DEBUG - 2022-06-30 11:05:25 --> Global POST, GET and COOKIE data sanitized
DEBUG - 2022-06-30 11:05:25 --> Config file loaded: /hwonpark/www/application/config/tree.php
DEBUG - 2022-06-30 11:05:25 --> Encryption: Auto-configured driver 'openssl'.
DEBUG - 2022-06-30 11:05:25 --> Total execution time: 0.0338
DEBUG - 2022-06-30 11:05:27 --> UTF-8 Support Enabled
DEBUG - 2022-06-30 11:05:27 --> Global POST, GET and COOKIE data sanitized
DEBUG - 2022-06-30 11:05:27 --> Config file loaded: /hwonpark/www/application/config/tree.php
DEBUG - 2022-06-30 11:05:27 --> Encryption: Auto-configured driver 'openssl'.
DEBUG - 2022-06-30 11:05:27 --> Total execution time: 0.0621
DEBUG - 2022-06-30 11:05:28 --> UTF-8 Support Enabled
DEBUG - 2022-06-30 11:05:28 --> Global POST, GET and COOKIE data sanitized
DEBUG - 2022-06-30 11:05:28 --> Config file loaded: /hwonpark/www/application/config/tree.php
DEBUG - 2022-06-30 11:05:28 --> Encryption: Auto-configured driver 'openssl'.
DEBUG - 2022-06-30 11:05:28 --> Total execution time: 0.0729
DEBUG - 2022-06-30 11:05:36 --> UTF-8 Support Enabled
DEBUG - 2022-06-30 11:05:36 --> Global POST, GET and COOKIE data sanitized
DEBUG - 2022-06-30 11:05:36 --> Config file loaded: /hwonpark/www/application/config/tree.php
DEBUG - 2022-06-30 11:05:36 --> Encryption: Auto-configured driver 'openssl'.
DEBUG - 2022-06-30 11:05:36 --> UTF-8 Support Enabled
DEBUG - 2022-06-30 11:05:36 --> Global POST, GET and COOKIE data sanitized
DEBUG - 2022-06-30 11:05:36 --> Config file loaded: /hwonpark/www/application/config/tree.php
DEBUG - 2022-06-30 11:05:36 --> Encryption: Auto-configured driver 'openssl'.
DEBUG - 2022-06-30 11:05:36 --> Total execution time: 0.0406
DEBUG - 2022-06-30 11:05:39 --> UTF-8 Support Enabled
DEBUG - 2022-06-30 11:05:39 --> Global POST, GET and COOKIE data sanitized
DEBUG - 2022-06-30 11:05:39 --> Config file loaded: /hwonpark/www/application/config/tree.php
DEBUG - 2022-06-30 11:05:39 --> Encryption: Auto-configured driver 'openssl'.
DEBUG - 2022-06-30 11:05:39 --> Total execution time: 0.0331
DEBUG - 2022-06-30 11:05:42 --> UTF-8 Support Enabled
DEBUG - 2022-06-30 11:05:42 --> Global POST, GET and COOKIE data sanitized
DEBUG - 2022-06-30 11:05:42 --> Config file loaded: /hwonpark/www/application/config/tree.php
DEBUG - 2022-06-30 11:05:42 --> Encryption: Auto-configured driver 'openssl'.
DEBUG - 2022-06-30 11:05:42 --> Total execution time: 0.0701
DEBUG - 2022-06-30 11:05:43 --> UTF-8 Support Enabled
DEBUG - 2022-06-30 11:05:43 --> Global POST, GET and COOKIE data sanitized
DEBUG - 2022-06-30 11:05:43 --> Config file loaded: /hwonpark/www/application/config/tree.php
DEBUG - 2022-06-30 11:05:43 --> Encryption: Auto-configured driver 'openssl'.
DEBUG - 2022-06-30 11:05:43 --> Total execution time: 0.0571
DEBUG - 2022-06-30 11:05:46 --> UTF-8 Support Enabled
DEBUG - 2022-06-30 11:05:46 --> Global POST, GET and COOKIE data sanitized
DEBUG - 2022-06-30 11:05:46 --> Config file loaded: /hwonpark/www/application/config/tree.php
DEBUG - 2022-06-30 11:05:46 --> Encryption: Auto-configured driver 'openssl'.
DEBUG - 2022-06-30 11:05:46 --> Total execution time: 0.0715
DEBUG - 2022-06-30 11:10:43 --> UTF-8 Support Enabled
DEBUG - 2022-06-30 11:10:43 --> Global POST, GET and COOKIE data sanitized
DEBUG - 2022-06-30 11:10:43 --> Config file loaded: /hwonpark/www/application/config/tree.php
DEBUG - 2022-06-30 11:10:43 --> --------------------DC_common::chk_perm - 1.인가코드요청 시작 -> if 인앱브라우저
DEBUG - 2022-06-30 11:10:44 --> UTF-8 Support Enabled
DEBUG - 2022-06-30 11:10:44 --> Global POST, GET and COOKIE data sanitized
ERROR - 2022-06-30 11:10:44 --> 404 Page Not Found: Faviconico/index
DEBUG - 2022-06-30 11:10:44 --> UTF-8 Support Enabled
DEBUG - 2022-06-30 11:10:44 --> Global POST, GET and COOKIE data sanitized
DEBUG - 2022-06-30 11:10:44 --> Config file loaded: /hwonpark/www/application/config/tree.php
DEBUG - 2022-06-30 11:10:44 --> =================== DL_auth-> oauth::CALLBACK - 시작
DEBUG - 2022-06-30 11:10:44 --> =================== DL_auth-> oauth::CALLBACK - kakao param=:: error=
DEBUG - 2022-06-30 11:10:44 --> =================== DL_auth-> oauth::CALLBACK - kakao param=:: state=/ko/brief/view?idx=20
DEBUG - 2022-06-30 11:10:44 --> =================== DL_auth-> oauth::CALLBACK - kakao param=:: code=UY7kM6kTeiXgPeUftt2qxWfp5DhkKbOvtc0AbCiWpnDQTWqnRQG9rRg2GNEPqihfsZc4HAo9dVoAAAGBsl_9Rw
DEBUG - 2022-06-30 11:10:44 --> =================== DL_auth -> kakao oauth :2: code=UY7kM6kTeiXgPeUftt2qxWfp5DhkKbOvtc0AbCiWpnDQTWqnRQG9rRg2GNEPqihfsZc4HAo9dVoAAAGBsl_9Rw
DEBUG - 2022-06-30 11:10:44 --> ====================Dl_auth -> kakao_login :: 시작
DEBUG - 2022-06-30 11:10:44 --> --------------------Dl_auth::kakao_login - 1.토큰요청 시작
DEBUG - 2022-06-30 11:10:44 --> Dl_auth::kakao_login - get_token 시작 n=2
DEBUG - 2022-06-30 11:10:44 --> --------------------Dl_auth::kakao_login - 1.2.토큰요청 시작 -> 기타브라우저
DEBUG - 2022-06-30 11:10:44 --> --------------------Dl_auth::kakao_login - 1.3.토큰요청
DEBUG - 2022-06-30 11:10:44 --> --------------------Dl_auth::kakao_login - 1.4.토큰요청 -> 성공
DEBUG - 2022-06-30 11:10:44 --> UTF-8 Support Enabled
DEBUG - 2022-06-30 11:10:44 --> Global POST, GET and COOKIE data sanitized
DEBUG - 2022-06-30 11:10:44 --> Config file loaded: /hwonpark/www/application/config/tree.php
DEBUG - 2022-06-30 11:10:44 --> =================== DL_auth-> oauth::CALLBACK - 시작
DEBUG - 2022-06-30 11:10:44 --> =================== DL_auth-> oauth::CALLBACK - kakao param=:: error=
DEBUG - 2022-06-30 11:10:44 --> =================== DL_auth-> oauth::CALLBACK - kakao param=:: state=/ko/brief/view?idx=20
DEBUG - 2022-06-30 11:10:44 --> =================== DL_auth-> oauth::CALLBACK - kakao param=:: code=UY7kM6kTeiXgPeUftt2qxWfp5DhkKbOvtc0AbCiWpnDQTWqnRQG9rRg2GNEPqihfsZc4HAo9dVoAAAGBsl_9Rw
DEBUG - 2022-06-30 11:10:44 --> =================== DL_auth -> kakao oauth :2: code=UY7kM6kTeiXgPeUftt2qxWfp5DhkKbOvtc0AbCiWpnDQTWqnRQG9rRg2GNEPqihfsZc4HAo9dVoAAAGBsl_9Rw
DEBUG - 2022-06-30 11:10:44 --> ====================Dl_auth -> kakao_login :: 시작
DEBUG - 2022-06-30 11:10:46 --> UTF-8 Support Enabled
DEBUG - 2022-06-30 11:10:46 --> Global POST, GET and COOKIE data sanitized
DEBUG - 2022-06-30 11:10:46 --> Config file loaded: /hwonpark/www/application/config/tree.php
DEBUG - 2022-06-30 11:10:46 --> Total execution time: 0.0576
DEBUG - 2022-06-30 11:10:47 --> UTF-8 Support Enabled
DEBUG - 2022-06-30 11:10:47 --> Global POST, GET and COOKIE data sanitized
DEBUG - 2022-06-30 11:10:47 --> Config file loaded: /hwonpark/www/application/config/tree.php
DEBUG - 2022-06-30 11:10:47 --> --------------------DC_common::chk_perm - 1.인가코드요청 시작 -> if 인앱브라우저
DEBUG - 2022-06-30 11:10:47 --> UTF-8 Support Enabled
DEBUG - 2022-06-30 11:10:47 --> Global POST, GET and COOKIE data sanitized
DEBUG - 2022-06-30 11:10:47 --> Config file loaded: /hwonpark/www/application/config/tree.php
DEBUG - 2022-06-30 11:10:47 --> =================== DL_auth-> oauth::CALLBACK - 시작
DEBUG - 2022-06-30 11:10:47 --> =================== DL_auth-> oauth::CALLBACK - kakao param=:: error=
DEBUG - 2022-06-30 11:10:47 --> =================== DL_auth-> oauth::CALLBACK - kakao param=:: state=/ko/brief/view?idx=20
DEBUG - 2022-06-30 11:10:47 --> =================== DL_auth-> oauth::CALLBACK - kakao param=:: code=GJkxD9oyUUiLDnnAgYCiFUomFZib8g-o6hK_z0D7XuGPxwmcdNj9NReBOPVbEFXPh_8zyQo9dVoAAAGBsmAKXg
DEBUG - 2022-06-30 11:10:47 --> =================== DL_auth -> kakao oauth :2: code=GJkxD9oyUUiLDnnAgYCiFUomFZib8g-o6hK_z0D7XuGPxwmcdNj9NReBOPVbEFXPh_8zyQo9dVoAAAGBsmAKXg
DEBUG - 2022-06-30 11:10:47 --> ====================Dl_auth -> kakao_login :: 시작
DEBUG - 2022-06-30 11:10:49 --> UTF-8 Support Enabled
DEBUG - 2022-06-30 11:10:49 --> Global POST, GET and COOKIE data sanitized
DEBUG - 2022-06-30 11:10:49 --> Config file loaded: /hwonpark/www/application/config/tree.php
DEBUG - 2022-06-30 11:10:49 --> Total execution time: 0.0595
DEBUG - 2022-06-30 11:10:50 --> UTF-8 Support Enabled
DEBUG - 2022-06-30 11:10:50 --> Global POST, GET and COOKIE data sanitized
DEBUG - 2022-06-30 11:10:50 --> Config file loaded: /hwonpark/www/application/config/tree.php
DEBUG - 2022-06-30 11:10:50 --> --------------------DC_common::chk_perm - 1.인가코드요청 시작 -> if 인앱브라우저
DEBUG - 2022-06-30 11:10:50 --> UTF-8 Support Enabled
DEBUG - 2022-06-30 11:10:50 --> Global POST, GET and COOKIE data sanitized
DEBUG - 2022-06-30 11:10:50 --> Config file loaded: /hwonpark/www/application/config/tree.php
DEBUG - 2022-06-30 11:10:50 --> =================== DL_auth-> oauth::CALLBACK - 시작
DEBUG - 2022-06-30 11:10:50 --> =================== DL_auth-> oauth::CALLBACK - kakao param=:: error=
DEBUG - 2022-06-30 11:10:50 --> =================== DL_auth-> oauth::CALLBACK - kakao param=:: state=/ko/brief/view?idx=20
DEBUG - 2022-06-30 11:10:50 --> =================== DL_auth-> oauth::CALLBACK - kakao param=:: code=g66MHE7DMuQmGqxXaaI9G_fXDp-s9eP-42W2cjMDGQdmcF4ku198jFPfSSTwBXtplLaPFAo9dVoAAAGBsmAWRg
DEBUG - 2022-06-30 11:10:50 --> =================== DL_auth -> kakao oauth :2: code=g66MHE7DMuQmGqxXaaI9G_fXDp-s9eP-42W2cjMDGQdmcF4ku198jFPfSSTwBXtplLaPFAo9dVoAAAGBsmAWRg
DEBUG - 2022-06-30 11:10:50 --> ====================Dl_auth -> kakao_login :: 시작
DEBUG - 2022-06-30 11:10:53 --> UTF-8 Support Enabled
DEBUG - 2022-06-30 11:10:53 --> Global POST, GET and COOKIE data sanitized
DEBUG - 2022-06-30 11:10:53 --> Config file loaded: /hwonpark/www/application/config/tree.php
DEBUG - 2022-06-30 11:10:53 --> Total execution time: 0.0275
DEBUG - 2022-06-30 11:10:54 --> UTF-8 Support Enabled
DEBUG - 2022-06-30 11:10:54 --> Global POST, GET and COOKIE data sanitized
DEBUG - 2022-06-30 11:10:54 --> Config file loaded: /hwonpark/www/application/config/tree.php
DEBUG - 2022-06-30 11:10:54 --> --------------------DC_common::chk_perm - 1.인가코드요청 시작 -> if 인앱브라우저
DEBUG - 2022-06-30 11:10:54 --> UTF-8 Support Enabled
DEBUG - 2022-06-30 11:10:54 --> Global POST, GET and COOKIE data sanitized
DEBUG - 2022-06-30 11:10:54 --> Config file loaded: /hwonpark/www/application/config/tree.php
DEBUG - 2022-06-30 11:10:54 --> =================== DL_auth-> oauth::CALLBACK - 시작
DEBUG - 2022-06-30 11:10:54 --> =================== DL_auth-> oauth::CALLBACK - kakao param=:: error=
DEBUG - 2022-06-30 11:10:54 --> =================== DL_auth-> oauth::CALLBACK - kakao param=:: state=/ko/brief/view?idx=20
DEBUG - 2022-06-30 11:10:54 --> =================== DL_auth-> oauth::CALLBACK - kakao param=:: code=Mo05oKgfOha6dp_OH6GOkj25CYYATbuLpvlanEGpJZcB_KWB1FlJOa1_ez61Qkej9pk35Ao9dVoAAAGBsmAlpg
DEBUG - 2022-06-30 11:10:54 --> =================== DL_auth -> kakao oauth :2: code=Mo05oKgfOha6dp_OH6GOkj25CYYATbuLpvlanEGpJZcB_KWB1FlJOa1_ez61Qkej9pk35Ao9dVoAAAGBsmAlpg
DEBUG - 2022-06-30 11:10:54 --> ====================Dl_auth -> kakao_login :: 시작
DEBUG - 2022-06-30 11:10:56 --> UTF-8 Support Enabled
DEBUG - 2022-06-30 11:10:56 --> Global POST, GET and COOKIE data sanitized
DEBUG - 2022-06-30 11:10:56 --> Config file loaded: /hwonpark/www/application/config/tree.php
DEBUG - 2022-06-30 11:10:56 --> Total execution time: 0.0287
DEBUG - 2022-06-30 11:10:57 --> UTF-8 Support Enabled
DEBUG - 2022-06-30 11:10:57 --> Global POST, GET and COOKIE data sanitized
DEBUG - 2022-06-30 11:10:57 --> Config file loaded: /hwonpark/www/application/config/tree.php
DEBUG - 2022-06-30 11:10:57 --> --------------------DC_common::chk_perm - 1.인가코드요청 시작 -> if 인앱브라우저
DEBUG - 2022-06-30 11:10:57 --> UTF-8 Support Enabled
DEBUG - 2022-06-30 11:10:57 --> Global POST, GET and COOKIE data sanitized
DEBUG - 2022-06-30 11:10:57 --> Config file loaded: /hwonpark/www/application/config/tree.php
DEBUG - 2022-06-30 11:10:57 --> =================== DL_auth-> oauth::CALLBACK - 시작
DEBUG - 2022-06-30 11:10:57 --> =================== DL_auth-> oauth::CALLBACK - kakao param=:: error=
DEBUG - 2022-06-30 11:10:57 --> =================== DL_auth-> oauth::CALLBACK - kakao param=:: state=/ko/brief/view?idx=20
DEBUG - 2022-06-30 11:10:57 --> =================== DL_auth-> oauth::CALLBACK - kakao param=:: code=HMKv-f4OLKoFGU-lyunwy_vcQH-sEJZ2VA7Gc03y-Ja9s1n9Uswd0dt6srCutohgP2H5pQo9dVoAAAGBsmAyyg
DEBUG - 2022-06-30 11:10:57 --> =================== DL_auth -> kakao oauth :2: code=HMKv-f4OLKoFGU-lyunwy_vcQH-sEJZ2VA7Gc03y-Ja9s1n9Uswd0dt6srCutohgP2H5pQo9dVoAAAGBsmAyyg
DEBUG - 2022-06-30 11:10:57 --> ====================Dl_auth -> kakao_login :: 시작
DEBUG - 2022-06-30 11:11:02 --> UTF-8 Support Enabled
DEBUG - 2022-06-30 11:11:02 --> Global POST, GET and COOKIE data sanitized
DEBUG - 2022-06-30 11:11:02 --> Config file loaded: /hwonpark/www/application/config/tree.php
DEBUG - 2022-06-30 11:11:02 --> Total execution time: 0.0920
DEBUG - 2022-06-30 11:11:03 --> UTF-8 Support Enabled
DEBUG - 2022-06-30 11:11:03 --> Global POST, GET and COOKIE data sanitized
DEBUG - 2022-06-30 11:11:03 --> Config file loaded: /hwonpark/www/application/config/tree.php
DEBUG - 2022-06-30 11:11:03 --> --------------------DC_common::chk_perm - 1.인가코드요청 시작 -> if 인앱브라우저
DEBUG - 2022-06-30 11:11:04 --> UTF-8 Support Enabled
DEBUG - 2022-06-30 11:11:04 --> Global POST, GET and COOKIE data sanitized
DEBUG - 2022-06-30 11:11:04 --> Config file loaded: /hwonpark/www/application/config/tree.php
DEBUG - 2022-06-30 11:11:04 --> =================== DL_auth-> oauth::CALLBACK - 시작
DEBUG - 2022-06-30 11:11:04 --> =================== DL_auth-> oauth::CALLBACK - kakao param=:: error=
DEBUG - 2022-06-30 11:11:04 --> =================== DL_auth-> oauth::CALLBACK - kakao param=:: state=/ko/brief/view?idx=20
DEBUG - 2022-06-30 11:11:04 --> =================== DL_auth-> oauth::CALLBACK - kakao param=:: code=31iZHBC9tZz4UspwKkl_vJ9ZJQ8r_9M37Qs4-fo5XCvuygWVN62_0QBiRiFrlck5wobcNAo9dVoAAAGBsmBK7g
DEBUG - 2022-06-30 11:11:04 --> =================== DL_auth -> kakao oauth :2: code=31iZHBC9tZz4UspwKkl_vJ9ZJQ8r_9M37Qs4-fo5XCvuygWVN62_0QBiRiFrlck5wobcNAo9dVoAAAGBsmBK7g
DEBUG - 2022-06-30 11:11:04 --> ====================Dl_auth -> kakao_login :: 시작
DEBUG - 2022-06-30 11:11:08 --> UTF-8 Support Enabled
DEBUG - 2022-06-30 11:11:08 --> Global POST, GET and COOKIE data sanitized
DEBUG - 2022-06-30 11:11:08 --> Config file loaded: /hwonpark/www/application/config/tree.php
DEBUG - 2022-06-30 11:11:08 --> Total execution time: 0.0329
DEBUG - 2022-06-30 11:11:14 --> UTF-8 Support Enabled
DEBUG - 2022-06-30 11:11:14 --> Global POST, GET and COOKIE data sanitized
DEBUG - 2022-06-30 11:11:14 --> Config file loaded: /hwonpark/www/application/config/tree.php
DEBUG - 2022-06-30 11:11:14 --> --------------------DC_common::chk_perm - 1.인가코드요청 시작 -> if 인앱브라우저
DEBUG - 2022-06-30 11:11:14 --> UTF-8 Support Enabled
DEBUG - 2022-06-30 11:11:14 --> Global POST, GET and COOKIE data sanitized
DEBUG - 2022-06-30 11:11:14 --> Config file loaded: /hwonpark/www/application/config/tree.php
DEBUG - 2022-06-30 11:11:14 --> =================== DL_auth-> oauth::CALLBACK - 시작
DEBUG - 2022-06-30 11:11:14 --> =================== DL_auth-> oauth::CALLBACK - kakao param=:: error=
DEBUG - 2022-06-30 11:11:14 --> =================== DL_auth-> oauth::CALLBACK - kakao param=:: state=/ko/brief/view?idx=20
DEBUG - 2022-06-30 11:11:14 --> =================== DL_auth-> oauth::CALLBACK - kakao param=:: code=MFi00Wuqz2ZhcN2Ld7p5uH38JnYcX2ySX-ZGHAtMnjNVLmAgDBsIUT6fSsSza8NcTlE1OQo9dVoAAAGBsmBytw
DEBUG - 2022-06-30 11:11:14 --> =================== DL_auth -> kakao oauth :2: code=MFi00Wuqz2ZhcN2Ld7p5uH38JnYcX2ySX-ZGHAtMnjNVLmAgDBsIUT6fSsSza8NcTlE1OQo9dVoAAAGBsmBytw
DEBUG - 2022-06-30 11:11:14 --> ====================Dl_auth -> kakao_login :: 시작
DEBUG - 2022-06-30 11:11:20 --> UTF-8 Support Enabled
DEBUG - 2022-06-30 11:11:20 --> Global POST, GET and COOKIE data sanitized
DEBUG - 2022-06-30 11:11:20 --> Config file loaded: /hwonpark/www/application/config/tree.php
DEBUG - 2022-06-30 11:11:20 --> Total execution time: 0.0535
DEBUG - 2022-06-30 11:11:29 --> UTF-8 Support Enabled
DEBUG - 2022-06-30 11:11:29 --> Global POST, GET and COOKIE data sanitized
DEBUG - 2022-06-30 11:11:29 --> Config file loaded: /hwonpark/www/application/config/tree.php
DEBUG - 2022-06-30 11:11:29 --> Total execution time: 0.0545
DEBUG - 2022-06-30 11:11:44 --> UTF-8 Support Enabled
DEBUG - 2022-06-30 11:11:44 --> Global POST, GET and COOKIE data sanitized
DEBUG - 2022-06-30 11:11:45 --> Config file loaded: /hwonpark/www/application/config/tree.php
DEBUG - 2022-06-30 11:11:45 --> Total execution time: 0.0362
DEBUG - 2022-06-30 11:11:52 --> UTF-8 Support Enabled
DEBUG - 2022-06-30 11:11:52 --> Global POST, GET and COOKIE data sanitized
DEBUG - 2022-06-30 11:11:52 --> Config file loaded: /hwonpark/www/application/config/tree.php
DEBUG - 2022-06-30 11:11:52 --> Total execution time: 0.0345
DEBUG - 2022-06-30 11:11:53 --> UTF-8 Support Enabled
DEBUG - 2022-06-30 11:11:53 --> Global POST, GET and COOKIE data sanitized
DEBUG - 2022-06-30 11:11:53 --> Config file loaded: /hwonpark/www/application/config/tree.php
DEBUG - 2022-06-30 11:11:53 --> Total execution time: 0.0283
DEBUG - 2022-06-30 12:49:37 --> UTF-8 Support Enabled
DEBUG - 2022-06-30 12:49:37 --> No URI present. Default controller set.
DEBUG - 2022-06-30 12:49:37 --> Global POST, GET and COOKIE data sanitized
DEBUG - 2022-06-30 12:49:37 --> Config file loaded: /hwonpark/www/application/config/tree.php
DEBUG - 2022-06-30 12:49:37 --> Total execution time: 0.0379
DEBUG - 2022-06-30 12:49:42 --> UTF-8 Support Enabled
DEBUG - 2022-06-30 12:49:42 --> Global POST, GET and COOKIE data sanitized
ERROR - 2022-06-30 12:49:42 --> 404 Page Not Found: Faviconico/index
DEBUG - 2022-06-30 12:51:26 --> UTF-8 Support Enabled
DEBUG - 2022-06-30 12:51:26 --> No URI present. Default controller set.
DEBUG - 2022-06-30 12:51:26 --> Global POST, GET and COOKIE data sanitized
DEBUG - 2022-06-30 12:51:26 --> Config file loaded: /hwonpark/www/application/config/tree.php
DEBUG - 2022-06-30 12:51:26 --> Total execution time: 0.0298
DEBUG - 2022-06-30 12:51:28 --> UTF-8 Support Enabled
DEBUG - 2022-06-30 12:51:28 --> No URI present. Default controller set.
DEBUG - 2022-06-30 12:51:28 --> Global POST, GET and COOKIE data sanitized
DEBUG - 2022-06-30 12:51:28 --> Config file loaded: /hwonpark/www/application/config/tree.php
DEBUG - 2022-06-30 12:51:28 --> Total execution time: 0.0569
DEBUG - 2022-06-30 12:52:18 --> UTF-8 Support Enabled
DEBUG - 2022-06-30 12:52:18 --> No URI present. Default controller set.
DEBUG - 2022-06-30 12:52:18 --> Global POST, GET and COOKIE data sanitized
DEBUG - 2022-06-30 12:52:18 --> Config file loaded: /hwonpark/www/application/config/tree.php
DEBUG - 2022-06-30 12:52:18 --> Total execution time: 0.0691
DEBUG - 2022-06-30 12:52:19 --> UTF-8 Support Enabled
DEBUG - 2022-06-30 12:52:19 --> Global POST, GET and COOKIE data sanitized
ERROR - 2022-06-30 12:52:19 --> 404 Page Not Found: Faviconico/index
DEBUG - 2022-06-30 13:04:46 --> UTF-8 Support Enabled
DEBUG - 2022-06-30 13:04:46 --> No URI present. Default controller set.
DEBUG - 2022-06-30 13:04:46 --> Global POST, GET and COOKIE data sanitized
DEBUG - 2022-06-30 13:04:46 --> Config file loaded: /hwonpark/www/application/config/tree.php
DEBUG - 2022-06-30 13:04:46 --> Total execution time: 0.0288
DEBUG - 2022-06-30 13:04:56 --> UTF-8 Support Enabled
DEBUG - 2022-06-30 13:04:56 --> No URI present. Default controller set.
DEBUG - 2022-06-30 13:04:56 --> Global POST, GET and COOKIE data sanitized
DEBUG - 2022-06-30 13:04:56 --> Config file loaded: /hwonpark/www/application/config/tree.php
DEBUG - 2022-06-30 13:04:56 --> Total execution time: 0.0346
DEBUG - 2022-06-30 13:04:59 --> UTF-8 Support Enabled
DEBUG - 2022-06-30 13:04:59 --> Global POST, GET and COOKIE data sanitized
DEBUG - 2022-06-30 13:04:59 --> Config file loaded: /hwonpark/www/application/config/tree.php
DEBUG - 2022-06-30 13:04:59 --> Total execution time: 0.0334
DEBUG - 2022-06-30 13:10:48 --> UTF-8 Support Enabled
DEBUG - 2022-06-30 13:10:48 --> Global POST, GET and COOKIE data sanitized
DEBUG - 2022-06-30 13:10:48 --> Config file loaded: /hwonpark/www/application/config/tree.php
DEBUG - 2022-06-30 13:10:48 --> Total execution time: 0.0370
DEBUG - 2022-06-30 13:10:55 --> UTF-8 Support Enabled
DEBUG - 2022-06-30 13:10:55 --> No URI present. Default controller set.
DEBUG - 2022-06-30 13:10:55 --> Global POST, GET and COOKIE data sanitized
DEBUG - 2022-06-30 13:10:55 --> Config file loaded: /hwonpark/www/application/config/tree.php
DEBUG - 2022-06-30 13:10:55 --> Total execution time: 0.0284
DEBUG - 2022-06-30 13:12:37 --> UTF-8 Support Enabled
DEBUG - 2022-06-30 13:12:37 --> No URI present. Default controller set.
DEBUG - 2022-06-30 13:12:37 --> Global POST, GET and COOKIE data sanitized
DEBUG - 2022-06-30 13:12:37 --> Config file loaded: /hwonpark/www/application/config/tree.php
DEBUG - 2022-06-30 13:12:37 --> Total execution time: 0.0290
DEBUG - 2022-06-30 13:12:38 --> UTF-8 Support Enabled
DEBUG - 2022-06-30 13:12:38 --> Global POST, GET and COOKIE data sanitized
ERROR - 2022-06-30 13:12:38 --> 404 Page Not Found: Faviconico/index
DEBUG - 2022-06-30 13:12:44 --> UTF-8 Support Enabled
DEBUG - 2022-06-30 13:12:44 --> Global POST, GET and COOKIE data sanitized
DEBUG - 2022-06-30 13:12:44 --> Config file loaded: /hwonpark/www/application/config/tree.php
DEBUG - 2022-06-30 13:12:44 --> --------------------DC_common::chk_perm - 1.인가코드요청 시작 -> if 인앱브라우저
DEBUG - 2022-06-30 13:12:45 --> UTF-8 Support Enabled
DEBUG - 2022-06-30 13:12:45 --> Global POST, GET and COOKIE data sanitized
DEBUG - 2022-06-30 13:12:45 --> Config file loaded: /hwonpark/www/application/config/tree.php
DEBUG - 2022-06-30 13:12:45 --> =================== DL_auth-> oauth::CALLBACK - 시작
DEBUG - 2022-06-30 13:12:45 --> =================== DL_auth-> oauth::CALLBACK - kakao param=:: error=
DEBUG - 2022-06-30 13:12:45 --> =================== DL_auth-> oauth::CALLBACK - kakao param=:: state=/ko/brief/view?idx=21
DEBUG - 2022-06-30 13:12:45 --> =================== DL_auth-> oauth::CALLBACK - kakao param=:: code=xmI4sOMYqVWcwMsYfJZ61RTQVT8-g0p2N_s7CPk1q-CnQF_ZNtx7BwucOxZEvmp6l5mtDAopyNkAAAGBss-yNA
DEBUG - 2022-06-30 13:12:45 --> =================== DL_auth -> kakao oauth :2: code=xmI4sOMYqVWcwMsYfJZ61RTQVT8-g0p2N_s7CPk1q-CnQF_ZNtx7BwucOxZEvmp6l5mtDAopyNkAAAGBss-yNA
DEBUG - 2022-06-30 13:12:45 --> ====================Dl_auth -> kakao_login :: 시작
DEBUG - 2022-06-30 13:12:45 --> --------------------Dl_auth::kakao_login - 1.토큰요청 시작
DEBUG - 2022-06-30 13:12:45 --> Dl_auth::kakao_login - get_token 시작 n=2
DEBUG - 2022-06-30 13:12:45 --> --------------------Dl_auth::kakao_login - 1.2.토큰요청 시작 -> 기타브라우저
DEBUG - 2022-06-30 13:12:45 --> --------------------Dl_auth::kakao_login - 1.3.토큰요청
DEBUG - 2022-06-30 13:12:45 --> --------------------Dl_auth::kakao_login - 1.4.토큰요청 -> 성공
DEBUG - 2022-06-30 13:12:45 --> UTF-8 Support Enabled
DEBUG - 2022-06-30 13:12:45 --> Global POST, GET and COOKIE data sanitized
DEBUG - 2022-06-30 13:12:45 --> Config file loaded: /hwonpark/www/application/config/tree.php
DEBUG - 2022-06-30 13:12:45 --> =================== DL_auth-> oauth::CALLBACK - 시작
DEBUG - 2022-06-30 13:12:45 --> =================== DL_auth-> oauth::CALLBACK - kakao param=:: error=
DEBUG - 2022-06-30 13:12:45 --> =================== DL_auth-> oauth::CALLBACK - kakao param=:: state=/ko/brief/view?idx=21
DEBUG - 2022-06-30 13:12:45 --> =================== DL_auth-> oauth::CALLBACK - kakao param=:: code=xmI4sOMYqVWcwMsYfJZ61RTQVT8-g0p2N_s7CPk1q-CnQF_ZNtx7BwucOxZEvmp6l5mtDAopyNkAAAGBss-yNA
DEBUG - 2022-06-30 13:12:45 --> =================== DL_auth -> kakao oauth :2: code=xmI4sOMYqVWcwMsYfJZ61RTQVT8-g0p2N_s7CPk1q-CnQF_ZNtx7BwucOxZEvmp6l5mtDAopyNkAAAGBss-yNA
DEBUG - 2022-06-30 13:12:45 --> ====================Dl_auth -> kakao_login :: 시작
DEBUG - 2022-06-30 13:12:45 --> ====================Dl_auth::kakao_login - 1.3.5- 사이트 회원정보 업데이트 성공(카카오 인증 완료) state=/ko/brief/view?idx=21
DEBUG - 2022-06-30 13:12:45 --> UTF-8 Support Enabled
DEBUG - 2022-06-30 13:12:45 --> Global POST, GET and COOKIE data sanitized
DEBUG - 2022-06-30 13:12:45 --> Config file loaded: /hwonpark/www/application/config/tree.php
DEBUG - 2022-06-30 13:12:45 --> Encryption: Auto-configured driver 'openssl'.
DEBUG - 2022-06-30 13:12:45 --> --------------------DC_common::chk_perm - 1.인가코드요청 시작 -> if 인앱브라우저
DEBUG - 2022-06-30 13:12:45 --> Total execution time: 0.0457
DEBUG - 2022-06-30 13:12:55 --> UTF-8 Support Enabled
DEBUG - 2022-06-30 13:12:55 --> Global POST, GET and COOKIE data sanitized
DEBUG - 2022-06-30 13:12:55 --> Config file loaded: /hwonpark/www/application/config/tree.php
DEBUG - 2022-06-30 13:12:55 --> Encryption: Auto-configured driver 'openssl'.
DEBUG - 2022-06-30 13:12:55 --> UTF-8 Support Enabled
DEBUG - 2022-06-30 13:12:55 --> Global POST, GET and COOKIE data sanitized
DEBUG - 2022-06-30 13:12:55 --> Config file loaded: /hwonpark/www/application/config/tree.php
DEBUG - 2022-06-30 13:12:55 --> Encryption: Auto-configured driver 'openssl'.
DEBUG - 2022-06-30 13:12:58 --> UTF-8 Support Enabled
DEBUG - 2022-06-30 13:12:58 --> Global POST, GET and COOKIE data sanitized
DEBUG - 2022-06-30 13:12:58 --> Config file loaded: /hwonpark/www/application/config/tree.php
DEBUG - 2022-06-30 13:12:58 --> Encryption: Auto-configured driver 'openssl'.
DEBUG - 2022-06-30 13:12:58 --> --------------------DC_common::chk_perm - 1.인가코드요청 시작 -> if 인앱브라우저
DEBUG - 2022-06-30 13:12:58 --> Total execution time: 0.0406
DEBUG - 2022-06-30 13:13:22 --> UTF-8 Support Enabled
DEBUG - 2022-06-30 13:13:22 --> No URI present. Default controller set.
DEBUG - 2022-06-30 13:13:22 --> Global POST, GET and COOKIE data sanitized
DEBUG - 2022-06-30 13:13:22 --> Config file loaded: /hwonpark/www/application/config/tree.php
DEBUG - 2022-06-30 13:13:22 --> Total execution time: 0.0298
DEBUG - 2022-06-30 13:13:26 --> UTF-8 Support Enabled
DEBUG - 2022-06-30 13:13:26 --> Global POST, GET and COOKIE data sanitized
DEBUG - 2022-06-30 13:13:26 --> Config file loaded: /hwonpark/www/application/config/tree.php
DEBUG - 2022-06-30 13:13:26 --> Encryption: Auto-configured driver 'openssl'.
DEBUG - 2022-06-30 13:13:26 --> Total execution time: 0.0334
DEBUG - 2022-06-30 13:13:38 --> UTF-8 Support Enabled
DEBUG - 2022-06-30 13:13:38 --> Global POST, GET and COOKIE data sanitized
DEBUG - 2022-06-30 13:13:38 --> Config file loaded: /hwonpark/www/application/config/tree.php
DEBUG - 2022-06-30 13:13:38 --> UTF-8 Support Enabled
DEBUG - 2022-06-30 13:13:38 --> Global POST, GET and COOKIE data sanitized
DEBUG - 2022-06-30 13:13:38 --> Config file loaded: /hwonpark/www/application/config/tree.php
DEBUG - 2022-06-30 13:13:38 --> Encryption: Auto-configured driver 'openssl'.
DEBUG - 2022-06-30 13:13:38 --> --------------------DC_common::chk_perm - 1.인가코드요청 시작 -> if 인앱브라우저
DEBUG - 2022-06-30 13:13:38 --> Total execution time: 0.0426
DEBUG - 2022-06-30 13:13:39 --> UTF-8 Support Enabled
DEBUG - 2022-06-30 13:13:39 --> Global POST, GET and COOKIE data sanitized
DEBUG - 2022-06-30 13:13:39 --> Config file loaded: /hwonpark/www/application/config/tree.php
DEBUG - 2022-06-30 13:13:39 --> Total execution time: 0.0294
DEBUG - 2022-06-30 13:13:43 --> UTF-8 Support Enabled
DEBUG - 2022-06-30 13:13:43 --> No URI present. Default controller set.
DEBUG - 2022-06-30 13:13:43 --> Global POST, GET and COOKIE data sanitized
DEBUG - 2022-06-30 13:13:43 --> Config file loaded: /hwonpark/www/application/config/tree.php
DEBUG - 2022-06-30 13:13:43 --> Total execution time: 0.0291
DEBUG - 2022-06-30 13:13:44 --> UTF-8 Support Enabled
DEBUG - 2022-06-30 13:13:44 --> Global POST, GET and COOKIE data sanitized
DEBUG - 2022-06-30 13:13:44 --> Config file loaded: /hwonpark/www/application/config/tree.php
DEBUG - 2022-06-30 13:13:44 --> Encryption: Auto-configured driver 'openssl'.
DEBUG - 2022-06-30 13:13:44 --> Total execution time: 0.0336
DEBUG - 2022-06-30 13:14:01 --> UTF-8 Support Enabled
DEBUG - 2022-06-30 13:14:01 --> No URI present. Default controller set.
DEBUG - 2022-06-30 13:14:01 --> Global POST, GET and COOKIE data sanitized
DEBUG - 2022-06-30 13:14:01 --> Config file loaded: /hwonpark/www/application/config/tree.php
DEBUG - 2022-06-30 13:14:01 --> Total execution time: 0.0279
DEBUG - 2022-06-30 13:14:05 --> UTF-8 Support Enabled
DEBUG - 2022-06-30 13:14:05 --> Global POST, GET and COOKIE data sanitized
DEBUG - 2022-06-30 13:14:05 --> Config file loaded: /hwonpark/www/application/config/tree.php
DEBUG - 2022-06-30 13:14:05 --> Encryption: Auto-configured driver 'openssl'.
DEBUG - 2022-06-30 13:14:05 --> Total execution time: 0.0499
DEBUG - 2022-06-30 13:14:08 --> UTF-8 Support Enabled
DEBUG - 2022-06-30 13:14:08 --> Global POST, GET and COOKIE data sanitized
DEBUG - 2022-06-30 13:14:08 --> Config file loaded: /hwonpark/www/application/config/tree.php
DEBUG - 2022-06-30 13:14:08 --> Total execution time: 0.0618
DEBUG - 2022-06-30 13:14:11 --> UTF-8 Support Enabled
DEBUG - 2022-06-30 13:14:11 --> Global POST, GET and COOKIE data sanitized
DEBUG - 2022-06-30 13:14:11 --> Config file loaded: /hwonpark/www/application/config/tree.php
DEBUG - 2022-06-30 13:14:11 --> Total execution time: 0.0648
DEBUG - 2022-06-30 13:14:13 --> UTF-8 Support Enabled
DEBUG - 2022-06-30 13:14:13 --> Global POST, GET and COOKIE data sanitized
DEBUG - 2022-06-30 13:14:13 --> Config file loaded: /hwonpark/www/application/config/tree.php
DEBUG - 2022-06-30 13:14:13 --> Total execution time: 0.0444
DEBUG - 2022-06-30 13:14:20 --> UTF-8 Support Enabled
DEBUG - 2022-06-30 13:14:20 --> No URI present. Default controller set.
DEBUG - 2022-06-30 13:14:20 --> Global POST, GET and COOKIE data sanitized
DEBUG - 2022-06-30 13:14:20 --> Config file loaded: /hwonpark/www/application/config/tree.php
DEBUG - 2022-06-30 13:14:20 --> Total execution time: 0.0304
DEBUG - 2022-06-30 13:14:24 --> UTF-8 Support Enabled
DEBUG - 2022-06-30 13:14:24 --> Global POST, GET and COOKIE data sanitized
DEBUG - 2022-06-30 13:14:24 --> Config file loaded: /hwonpark/www/application/config/tree.php
DEBUG - 2022-06-30 13:14:24 --> Total execution time: 0.0481
DEBUG - 2022-06-30 13:14:28 --> UTF-8 Support Enabled
DEBUG - 2022-06-30 13:14:28 --> No URI present. Default controller set.
DEBUG - 2022-06-30 13:14:28 --> Global POST, GET and COOKIE data sanitized
DEBUG - 2022-06-30 13:14:28 --> Config file loaded: /hwonpark/www/application/config/tree.php
DEBUG - 2022-06-30 13:14:28 --> Total execution time: 0.0283
DEBUG - 2022-06-30 13:14:36 --> UTF-8 Support Enabled
DEBUG - 2022-06-30 13:14:36 --> Global POST, GET and COOKIE data sanitized
DEBUG - 2022-06-30 13:14:36 --> Config file loaded: /hwonpark/www/application/config/tree.php
DEBUG - 2022-06-30 13:14:36 --> Encryption: Auto-configured driver 'openssl'.
DEBUG - 2022-06-30 13:14:36 --> Total execution time: 0.0239
DEBUG - 2022-06-30 13:18:18 --> UTF-8 Support Enabled
DEBUG - 2022-06-30 13:18:18 --> Global POST, GET and COOKIE data sanitized
DEBUG - 2022-06-30 13:18:18 --> Config file loaded: /hwonpark/www/application/config/tree.php
DEBUG - 2022-06-30 13:18:18 --> Encryption: Auto-configured driver 'openssl'.
DEBUG - 2022-06-30 13:18:18 --> Total execution time: 0.0380
DEBUG - 2022-06-30 13:21:15 --> UTF-8 Support Enabled
DEBUG - 2022-06-30 13:21:15 --> Global POST, GET and COOKIE data sanitized
DEBUG - 2022-06-30 13:21:15 --> Config file loaded: /hwonpark/www/application/config/tree.php
DEBUG - 2022-06-30 13:21:15 --> Encryption: Auto-configured driver 'openssl'.
DEBUG - 2022-06-30 13:21:15 --> Total execution time: 0.0696
DEBUG - 2022-06-30 13:23:10 --> UTF-8 Support Enabled
DEBUG - 2022-06-30 13:23:10 --> No URI present. Default controller set.
DEBUG - 2022-06-30 13:23:10 --> Global POST, GET and COOKIE data sanitized
DEBUG - 2022-06-30 13:23:11 --> Config file loaded: /hwonpark/www/application/config/tree.php
DEBUG - 2022-06-30 13:23:11 --> Encryption: Auto-configured driver 'openssl'.
DEBUG - 2022-06-30 13:23:11 --> Total execution time: 0.0603
DEBUG - 2022-06-30 13:25:13 --> UTF-8 Support Enabled
DEBUG - 2022-06-30 13:25:13 --> No URI present. Default controller set.
DEBUG - 2022-06-30 13:25:13 --> Global POST, GET and COOKIE data sanitized
DEBUG - 2022-06-30 13:25:13 --> Config file loaded: /hwonpark/www/application/config/tree.php
DEBUG - 2022-06-30 13:25:13 --> Total execution time: 0.0275
DEBUG - 2022-06-30 13:25:16 --> UTF-8 Support Enabled
DEBUG - 2022-06-30 13:25:16 --> Global POST, GET and COOKIE data sanitized
DEBUG - 2022-06-30 13:25:16 --> Config file loaded: /hwonpark/www/application/config/tree.php
DEBUG - 2022-06-30 13:25:16 --> Total execution time: 0.0332
DEBUG - 2022-06-30 13:25:17 --> UTF-8 Support Enabled
DEBUG - 2022-06-30 13:25:17 --> Global POST, GET and COOKIE data sanitized
DEBUG - 2022-06-30 13:25:17 --> Config file loaded: /hwonpark/www/application/config/tree.php
DEBUG - 2022-06-30 13:25:18 --> Total execution time: 0.0407
DEBUG - 2022-06-30 13:25:20 --> UTF-8 Support Enabled
DEBUG - 2022-06-30 13:25:20 --> Global POST, GET and COOKIE data sanitized
DEBUG - 2022-06-30 13:25:20 --> Config file loaded: /hwonpark/www/application/config/tree.php
DEBUG - 2022-06-30 13:25:20 --> Total execution time: 0.0314
DEBUG - 2022-06-30 13:25:21 --> UTF-8 Support Enabled
DEBUG - 2022-06-30 13:25:21 --> Global POST, GET and COOKIE data sanitized
DEBUG - 2022-06-30 13:25:21 --> Config file loaded: /hwonpark/www/application/config/tree.php
DEBUG - 2022-06-30 13:25:21 --> Total execution time: 0.0370
DEBUG - 2022-06-30 13:25:21 --> UTF-8 Support Enabled
DEBUG - 2022-06-30 13:25:21 --> Global POST, GET and COOKIE data sanitized
DEBUG - 2022-06-30 13:25:21 --> Config file loaded: /hwonpark/www/application/config/tree.php
DEBUG - 2022-06-30 13:25:21 --> Total execution time: 0.0311
DEBUG - 2022-06-30 13:25:22 --> UTF-8 Support Enabled
DEBUG - 2022-06-30 13:25:22 --> Global POST, GET and COOKIE data sanitized
DEBUG - 2022-06-30 13:25:22 --> Config file loaded: /hwonpark/www/application/config/tree.php
DEBUG - 2022-06-30 13:25:22 --> Total execution time: 0.0294
DEBUG - 2022-06-30 13:25:22 --> UTF-8 Support Enabled
DEBUG - 2022-06-30 13:25:22 --> Global POST, GET and COOKIE data sanitized
DEBUG - 2022-06-30 13:25:22 --> Config file loaded: /hwonpark/www/application/config/tree.php
DEBUG - 2022-06-30 13:25:22 --> Total execution time: 0.0412
DEBUG - 2022-06-30 13:25:23 --> UTF-8 Support Enabled
DEBUG - 2022-06-30 13:25:23 --> Global POST, GET and COOKIE data sanitized
DEBUG - 2022-06-30 13:25:23 --> Config file loaded: /hwonpark/www/application/config/tree.php
DEBUG - 2022-06-30 13:25:23 --> Total execution time: 0.0468
DEBUG - 2022-06-30 13:25:23 --> UTF-8 Support Enabled
DEBUG - 2022-06-30 13:25:23 --> Global POST, GET and COOKIE data sanitized
DEBUG - 2022-06-30 13:25:23 --> Config file loaded: /hwonpark/www/application/config/tree.php
DEBUG - 2022-06-30 13:25:23 --> Total execution time: 0.0312
DEBUG - 2022-06-30 13:25:25 --> UTF-8 Support Enabled
DEBUG - 2022-06-30 13:25:25 --> Global POST, GET and COOKIE data sanitized
DEBUG - 2022-06-30 13:25:25 --> Config file loaded: /hwonpark/www/application/config/tree.php
DEBUG - 2022-06-30 13:25:25 --> Total execution time: 0.0301
DEBUG - 2022-06-30 13:26:13 --> UTF-8 Support Enabled
DEBUG - 2022-06-30 13:26:13 --> Global POST, GET and COOKIE data sanitized
DEBUG - 2022-06-30 13:26:13 --> Config file loaded: /hwonpark/www/application/config/tree.php
DEBUG - 2022-06-30 13:26:13 --> Total execution time: 0.0297
DEBUG - 2022-06-30 13:26:42 --> UTF-8 Support Enabled
DEBUG - 2022-06-30 13:26:42 --> Global POST, GET and COOKIE data sanitized
DEBUG - 2022-06-30 13:26:42 --> Config file loaded: /hwonpark/www/application/config/tree.php
DEBUG - 2022-06-30 13:26:42 --> Total execution time: 0.0353
DEBUG - 2022-06-30 13:26:43 --> UTF-8 Support Enabled
DEBUG - 2022-06-30 13:26:43 --> Global POST, GET and COOKIE data sanitized
DEBUG - 2022-06-30 13:26:43 --> Config file loaded: /hwonpark/www/application/config/tree.php
DEBUG - 2022-06-30 13:26:43 --> Total execution time: 0.0412
DEBUG - 2022-06-30 13:26:43 --> UTF-8 Support Enabled
DEBUG - 2022-06-30 13:26:43 --> Global POST, GET and COOKIE data sanitized
DEBUG - 2022-06-30 13:26:43 --> Config file loaded: /hwonpark/www/application/config/tree.php
DEBUG - 2022-06-30 13:26:43 --> Total execution time: 0.0412
DEBUG - 2022-06-30 13:26:47 --> UTF-8 Support Enabled
DEBUG - 2022-06-30 13:26:47 --> Global POST, GET and COOKIE data sanitized
DEBUG - 2022-06-30 13:26:47 --> Config file loaded: /hwonpark/www/application/config/tree.php
DEBUG - 2022-06-30 13:26:47 --> Total execution time: 0.0319
DEBUG - 2022-06-30 13:26:47 --> UTF-8 Support Enabled
DEBUG - 2022-06-30 13:26:47 --> Global POST, GET and COOKIE data sanitized
DEBUG - 2022-06-30 13:26:47 --> Config file loaded: /hwonpark/www/application/config/tree.php
DEBUG - 2022-06-30 13:26:47 --> Total execution time: 0.0358
DEBUG - 2022-06-30 13:26:49 --> UTF-8 Support Enabled
DEBUG - 2022-06-30 13:26:49 --> Global POST, GET and COOKIE data sanitized
DEBUG - 2022-06-30 13:26:49 --> Config file loaded: /hwonpark/www/application/config/tree.php
DEBUG - 2022-06-30 13:26:49 --> Total execution time: 0.0308
DEBUG - 2022-06-30 13:26:50 --> UTF-8 Support Enabled
DEBUG - 2022-06-30 13:26:50 --> Global POST, GET and COOKIE data sanitized
DEBUG - 2022-06-30 13:26:51 --> Config file loaded: /hwonpark/www/application/config/tree.php
DEBUG - 2022-06-30 13:26:51 --> Total execution time: 0.0343
DEBUG - 2022-06-30 13:27:02 --> UTF-8 Support Enabled
DEBUG - 2022-06-30 13:27:02 --> Global POST, GET and COOKIE data sanitized
DEBUG - 2022-06-30 13:27:02 --> Config file loaded: /hwonpark/www/application/config/tree.php
DEBUG - 2022-06-30 13:27:02 --> Total execution time: 0.7876
DEBUG - 2022-06-30 13:27:34 --> UTF-8 Support Enabled
DEBUG - 2022-06-30 13:27:34 --> Global POST, GET and COOKIE data sanitized
DEBUG - 2022-06-30 13:27:34 --> Config file loaded: /hwonpark/www/application/config/tree.php
DEBUG - 2022-06-30 13:27:34 --> Total execution time: 0.0345
DEBUG - 2022-06-30 13:27:39 --> UTF-8 Support Enabled
DEBUG - 2022-06-30 13:27:39 --> Global POST, GET and COOKIE data sanitized
DEBUG - 2022-06-30 13:27:39 --> Config file loaded: /hwonpark/www/application/config/tree.php
DEBUG - 2022-06-30 13:27:39 --> Total execution time: 0.0313
DEBUG - 2022-06-30 13:27:43 --> UTF-8 Support Enabled
DEBUG - 2022-06-30 13:27:43 --> Global POST, GET and COOKIE data sanitized
DEBUG - 2022-06-30 13:27:43 --> Config file loaded: /hwonpark/www/application/config/tree.php
DEBUG - 2022-06-30 13:27:44 --> Total execution time: 0.0303
DEBUG - 2022-06-30 13:27:50 --> UTF-8 Support Enabled
DEBUG - 2022-06-30 13:27:50 --> No URI present. Default controller set.
DEBUG - 2022-06-30 13:27:50 --> Global POST, GET and COOKIE data sanitized
DEBUG - 2022-06-30 13:27:50 --> Config file loaded: /hwonpark/www/application/config/tree.php
DEBUG - 2022-06-30 13:27:50 --> Total execution time: 0.0273
DEBUG - 2022-06-30 13:53:57 --> UTF-8 Support Enabled
DEBUG - 2022-06-30 13:53:57 --> No URI present. Default controller set.
DEBUG - 2022-06-30 13:53:57 --> Global POST, GET and COOKIE data sanitized
DEBUG - 2022-06-30 13:53:57 --> Config file loaded: /hwonpark/www/application/config/tree.php
DEBUG - 2022-06-30 13:53:57 --> Total execution time: 0.0569
DEBUG - 2022-06-30 14:48:07 --> UTF-8 Support Enabled
DEBUG - 2022-06-30 14:48:07 --> Global POST, GET and COOKIE data sanitized
DEBUG - 2022-06-30 14:48:07 --> Config file loaded: /hwonpark/www/application/config/tree.php
DEBUG - 2022-06-30 14:48:07 --> Total execution time: 0.0581
DEBUG - 2022-06-30 14:48:11 --> UTF-8 Support Enabled
DEBUG - 2022-06-30 14:48:11 --> Global POST, GET and COOKIE data sanitized
ERROR - 2022-06-30 14:48:11 --> 404 Page Not Found: Faviconico/index
DEBUG - 2022-06-30 15:12:57 --> UTF-8 Support Enabled
DEBUG - 2022-06-30 15:12:57 --> No URI present. Default controller set.
DEBUG - 2022-06-30 15:12:57 --> Global POST, GET and COOKIE data sanitized
DEBUG - 2022-06-30 15:12:57 --> Config file loaded: /hwonpark/www/application/config/tree.php
DEBUG - 2022-06-30 15:12:57 --> Total execution time: 0.0281
DEBUG - 2022-06-30 15:12:58 --> UTF-8 Support Enabled
DEBUG - 2022-06-30 15:12:58 --> Global POST, GET and COOKIE data sanitized
ERROR - 2022-06-30 15:12:58 --> 404 Page Not Found: Faviconico/index
DEBUG - 2022-06-30 15:13:02 --> UTF-8 Support Enabled
DEBUG - 2022-06-30 15:13:02 --> Global POST, GET and COOKIE data sanitized
DEBUG - 2022-06-30 15:13:02 --> Config file loaded: /hwonpark/www/application/config/tree.php
DEBUG - 2022-06-30 15:13:03 --> UTF-8 Support Enabled
DEBUG - 2022-06-30 15:13:03 --> Global POST, GET and COOKIE data sanitized
DEBUG - 2022-06-30 15:13:03 --> Config file loaded: /hwonpark/www/application/config/tree.php
DEBUG - 2022-06-30 15:13:03 --> Total execution time: 0.0280
DEBUG - 2022-06-30 15:13:12 --> UTF-8 Support Enabled
DEBUG - 2022-06-30 15:13:12 --> Global POST, GET and COOKIE data sanitized
DEBUG - 2022-06-30 15:13:12 --> Config file loaded: /hwonpark/www/application/config/tree.php
DEBUG - 2022-06-30 15:13:12 --> =================== DL_auth-> oauth::CALLBACK - 시작
DEBUG - 2022-06-30 15:13:12 --> =================== DL_auth-> oauth::CALLBACK - kakao param=:: error=
DEBUG - 2022-06-30 15:13:12 --> =================== DL_auth-> oauth::CALLBACK - kakao param=:: state=
DEBUG - 2022-06-30 15:13:12 --> =================== DL_auth-> oauth::CALLBACK - kakao param=:: code=mhTORYCJVF73FeCratIN2GPsAu7VYdXgbIKdtDUDl-zECJYsfjxlcdHoC1QQQz4WJutMhwopcFEAAAGBsz3ySg
DEBUG - 2022-06-30 15:13:12 --> =================== DL_auth -> kakao oauth :2: code=mhTORYCJVF73FeCratIN2GPsAu7VYdXgbIKdtDUDl-zECJYsfjxlcdHoC1QQQz4WJutMhwopcFEAAAGBsz3ySg
DEBUG - 2022-06-30 15:13:12 --> ====================Dl_auth -> kakao_login :: 시작
DEBUG - 2022-06-30 15:13:12 --> --------------------Dl_auth::kakao_login - 1.토큰요청 시작
DEBUG - 2022-06-30 15:13:12 --> Dl_auth::kakao_login - get_token 시작 n=2
DEBUG - 2022-06-30 15:13:12 --> --------------------Dl_auth::kakao_login - 1.2.토큰요청 시작 -> 기타브라우저
DEBUG - 2022-06-30 15:13:12 --> --------------------Dl_auth::kakao_login - 1.3.토큰요청
DEBUG - 2022-06-30 15:13:13 --> --------------------Dl_auth::kakao_login - 1.4.토큰요청 -> 성공
DEBUG - 2022-06-30 15:13:13 --> UTF-8 Support Enabled
DEBUG - 2022-06-30 15:13:13 --> Global POST, GET and COOKIE data sanitized
DEBUG - 2022-06-30 15:13:13 --> Config file loaded: /hwonpark/www/application/config/tree.php
DEBUG - 2022-06-30 15:13:13 --> =================== DL_auth-> oauth::CALLBACK - 시작
DEBUG - 2022-06-30 15:13:13 --> =================== DL_auth-> oauth::CALLBACK - kakao param=:: error=
DEBUG - 2022-06-30 15:13:13 --> =================== DL_auth-> oauth::CALLBACK - kakao param=:: state=
DEBUG - 2022-06-30 15:13:13 --> =================== DL_auth-> oauth::CALLBACK - kakao param=:: code=mhTORYCJVF73FeCratIN2GPsAu7VYdXgbIKdtDUDl-zECJYsfjxlcdHoC1QQQz4WJutMhwopcFEAAAGBsz3ySg
DEBUG - 2022-06-30 15:13:13 --> =================== DL_auth -> kakao oauth :2: code=mhTORYCJVF73FeCratIN2GPsAu7VYdXgbIKdtDUDl-zECJYsfjxlcdHoC1QQQz4WJutMhwopcFEAAAGBsz3ySg
DEBUG - 2022-06-30 15:13:13 --> ====================Dl_auth -> kakao_login :: 시작
DEBUG - 2022-06-30 15:13:13 --> ====================Dl_auth::kakao_login - 1.3.5- 사이트 회원정보 업데이트 성공(카카오 인증 완료) state=
DEBUG - 2022-06-30 15:13:14 --> UTF-8 Support Enabled
DEBUG - 2022-06-30 15:13:14 --> Global POST, GET and COOKIE data sanitized
DEBUG - 2022-06-30 15:13:14 --> Config file loaded: /hwonpark/www/application/config/tree.php
DEBUG - 2022-06-30 15:13:14 --> Encryption: Auto-configured driver 'openssl'.
DEBUG - 2022-06-30 15:13:14 --> Total execution time: 0.0333
DEBUG - 2022-06-30 15:13:16 --> UTF-8 Support Enabled
DEBUG - 2022-06-30 15:13:16 --> Global POST, GET and COOKIE data sanitized
DEBUG - 2022-06-30 15:13:16 --> Config file loaded: /hwonpark/www/application/config/tree.php
DEBUG - 2022-06-30 15:13:16 --> Encryption: Auto-configured driver 'openssl'.
DEBUG - 2022-06-30 15:13:16 --> Total execution time: 0.0600
DEBUG - 2022-06-30 15:14:21 --> UTF-8 Support Enabled
DEBUG - 2022-06-30 15:14:21 --> Global POST, GET and COOKIE data sanitized
DEBUG - 2022-06-30 15:14:21 --> Config file loaded: /hwonpark/www/application/config/tree.php
DEBUG - 2022-06-30 15:14:21 --> Encryption: Auto-configured driver 'openssl'.
DEBUG - 2022-06-30 15:14:21 --> Total execution time: 0.0419
DEBUG - 2022-06-30 15:14:22 --> UTF-8 Support Enabled
DEBUG - 2022-06-30 15:14:22 --> Global POST, GET and COOKIE data sanitized
DEBUG - 2022-06-30 15:14:23 --> Config file loaded: /hwonpark/www/application/config/tree.php
DEBUG - 2022-06-30 15:14:23 --> Encryption: Auto-configured driver 'openssl'.
DEBUG - 2022-06-30 15:14:24 --> UTF-8 Support Enabled
DEBUG - 2022-06-30 15:14:24 --> No URI present. Default controller set.
DEBUG - 2022-06-30 15:14:24 --> Global POST, GET and COOKIE data sanitized
DEBUG - 2022-06-30 15:14:24 --> Config file loaded: /hwonpark/www/application/config/tree.php
DEBUG - 2022-06-30 15:14:24 --> Encryption: Auto-configured driver 'openssl'.
DEBUG - 2022-06-30 15:14:24 --> Total execution time: 0.0295
DEBUG - 2022-06-30 16:55:12 --> UTF-8 Support Enabled
DEBUG - 2022-06-30 16:55:12 --> No URI present. Default controller set.
DEBUG - 2022-06-30 16:55:12 --> Global POST, GET and COOKIE data sanitized
DEBUG - 2022-06-30 16:55:12 --> Config file loaded: /hwonpark/www/application/config/tree.php
DEBUG - 2022-06-30 16:55:12 --> Total execution time: 0.0336
DEBUG - 2022-06-30 16:57:55 --> UTF-8 Support Enabled
DEBUG - 2022-06-30 16:57:55 --> Global POST, GET and COOKIE data sanitized
DEBUG - 2022-06-30 16:57:55 --> Config file loaded: /hwonpark/www/application/config/tree.php
DEBUG - 2022-06-30 16:57:55 --> Total execution time: 0.0543
DEBUG - 2022-06-30 16:57:56 --> UTF-8 Support Enabled
DEBUG - 2022-06-30 16:57:56 --> Global POST, GET and COOKIE data sanitized
ERROR - 2022-06-30 16:57:56 --> 404 Page Not Found: Faviconico/index
DEBUG - 2022-06-30 16:57:58 --> UTF-8 Support Enabled
DEBUG - 2022-06-30 16:57:58 --> Global POST, GET and COOKIE data sanitized
DEBUG - 2022-06-30 16:57:58 --> Config file loaded: /hwonpark/www/application/config/tree.php
DEBUG - 2022-06-30 16:57:58 --> =================== DL_auth-> oauth::CALLBACK - 시작
DEBUG - 2022-06-30 16:57:58 --> =================== DL_auth-> oauth::CALLBACK - kakao param=:: error=
DEBUG - 2022-06-30 16:57:58 --> =================== DL_auth-> oauth::CALLBACK - kakao param=:: state=
DEBUG - 2022-06-30 16:57:58 --> =================== DL_auth-> oauth::CALLBACK - kakao param=:: code=I8zsK4Oj84fDWhtBUwJD-qD9_dNEkwnr6mfSURmFDCqRxrRonnoR5bH3TW7UvcksPt8mBgopcJ8AAAGBs53jbw
DEBUG - 2022-06-30 16:57:58 --> =================== DL_auth -> kakao oauth :2: code=I8zsK4Oj84fDWhtBUwJD-qD9_dNEkwnr6mfSURmFDCqRxrRonnoR5bH3TW7UvcksPt8mBgopcJ8AAAGBs53jbw
DEBUG - 2022-06-30 16:57:58 --> ====================Dl_auth -> kakao_login :: 시작
DEBUG - 2022-06-30 16:57:58 --> --------------------Dl_auth::kakao_login - 1.토큰요청 시작
DEBUG - 2022-06-30 16:57:58 --> Dl_auth::kakao_login - get_token 시작 n=2
DEBUG - 2022-06-30 16:57:58 --> --------------------Dl_auth::kakao_login - 1.2.토큰요청 시작 -> 기타브라우저
DEBUG - 2022-06-30 16:57:58 --> --------------------Dl_auth::kakao_login - 1.3.토큰요청
DEBUG - 2022-06-30 16:57:58 --> --------------------Dl_auth::kakao_login - 1.4.토큰요청 -> 성공
DEBUG - 2022-06-30 16:57:58 --> UTF-8 Support Enabled
DEBUG - 2022-06-30 16:57:58 --> Global POST, GET and COOKIE data sanitized
DEBUG - 2022-06-30 16:57:58 --> Config file loaded: /hwonpark/www/application/config/tree.php
DEBUG - 2022-06-30 16:57:58 --> =================== DL_auth-> oauth::CALLBACK - 시작
DEBUG - 2022-06-30 16:57:58 --> =================== DL_auth-> oauth::CALLBACK - kakao param=:: error=
DEBUG - 2022-06-30 16:57:58 --> =================== DL_auth-> oauth::CALLBACK - kakao param=:: state=
DEBUG - 2022-06-30 16:57:58 --> =================== DL_auth-> oauth::CALLBACK - kakao param=:: code=I8zsK4Oj84fDWhtBUwJD-qD9_dNEkwnr6mfSURmFDCqRxrRonnoR5bH3TW7UvcksPt8mBgopcJ8AAAGBs53jbw
DEBUG - 2022-06-30 16:57:58 --> =================== DL_auth -> kakao oauth :2: code=I8zsK4Oj84fDWhtBUwJD-qD9_dNEkwnr6mfSURmFDCqRxrRonnoR5bH3TW7UvcksPt8mBgopcJ8AAAGBs53jbw
DEBUG - 2022-06-30 16:57:58 --> ====================Dl_auth -> kakao_login :: 시작
DEBUG - 2022-06-30 16:57:58 --> ====================Dl_auth::kakao_login - 1.3.5- 사이트 회원정보 업데이트 성공(카카오 인증 완료) state=
DEBUG - 2022-06-30 16:57:59 --> UTF-8 Support Enabled
DEBUG - 2022-06-30 16:57:59 --> Global POST, GET and COOKIE data sanitized
DEBUG - 2022-06-30 16:57:59 --> Config file loaded: /hwonpark/www/application/config/tree.php
DEBUG - 2022-06-30 16:57:59 --> Encryption: Auto-configured driver 'openssl'.
DEBUG - 2022-06-30 16:57:59 --> Total execution time: 0.0313
DEBUG - 2022-06-30 16:58:10 --> UTF-8 Support Enabled
DEBUG - 2022-06-30 16:58:10 --> Global POST, GET and COOKIE data sanitized
DEBUG - 2022-06-30 16:58:10 --> Config file loaded: /hwonpark/www/application/config/tree.php
DEBUG - 2022-06-30 16:58:10 --> Encryption: Auto-configured driver 'openssl'.
DEBUG - 2022-06-30 16:58:10 --> Total execution time: 0.0470
DEBUG - 2022-06-30 16:58:16 --> UTF-8 Support Enabled
DEBUG - 2022-06-30 16:58:16 --> Global POST, GET and COOKIE data sanitized
DEBUG - 2022-06-30 16:58:16 --> Config file loaded: /hwonpark/www/application/config/tree.php
DEBUG - 2022-06-30 16:58:16 --> Encryption: Auto-configured driver 'openssl'.
DEBUG - 2022-06-30 16:58:17 --> UTF-8 Support Enabled
DEBUG - 2022-06-30 16:58:17 --> No URI present. Default controller set.
DEBUG - 2022-06-30 16:58:17 --> Global POST, GET and COOKIE data sanitized
DEBUG - 2022-06-30 16:58:17 --> Config file loaded: /hwonpark/www/application/config/tree.php
DEBUG - 2022-06-30 16:58:18 --> Encryption: Auto-configured driver 'openssl'.
DEBUG - 2022-06-30 16:58:18 --> Total execution time: 0.0320
DEBUG - 2022-06-30 16:58:36 --> UTF-8 Support Enabled
DEBUG - 2022-06-30 16:58:36 --> Global POST, GET and COOKIE data sanitized
DEBUG - 2022-06-30 16:58:36 --> Config file loaded: /hwonpark/www/application/config/tree.php
DEBUG - 2022-06-30 16:58:36 --> Encryption: Auto-configured driver 'openssl'.
DEBUG - 2022-06-30 16:58:38 --> UTF-8 Support Enabled
DEBUG - 2022-06-30 16:58:38 --> No URI present. Default controller set.
DEBUG - 2022-06-30 16:58:38 --> Global POST, GET and COOKIE data sanitized
DEBUG - 2022-06-30 16:58:38 --> Config file loaded: /hwonpark/www/application/config/tree.php
DEBUG - 2022-06-30 16:58:38 --> Encryption: Auto-configured driver 'openssl'.
DEBUG - 2022-06-30 16:58:38 --> Total execution time: 0.0427
DEBUG - 2022-06-30 16:58:38 --> UTF-8 Support Enabled
DEBUG - 2022-06-30 16:58:38 --> Global POST, GET and COOKIE data sanitized
ERROR - 2022-06-30 16:58:38 --> 404 Page Not Found: Faviconico/index
DEBUG - 2022-06-30 16:58:52 --> UTF-8 Support Enabled
DEBUG - 2022-06-30 16:58:52 --> Global POST, GET and COOKIE data sanitized
DEBUG - 2022-06-30 16:58:52 --> Config file loaded: /hwonpark/www/application/config/tree.php
DEBUG - 2022-06-30 16:58:52 --> Encryption: Auto-configured driver 'openssl'.
DEBUG - 2022-06-30 16:58:53 --> UTF-8 Support Enabled
DEBUG - 2022-06-30 16:58:53 --> No URI present. Default controller set.
DEBUG - 2022-06-30 16:58:53 --> Global POST, GET and COOKIE data sanitized
DEBUG - 2022-06-30 16:58:53 --> Config file loaded: /hwonpark/www/application/config/tree.php
DEBUG - 2022-06-30 16:58:53 --> Encryption: Auto-configured driver 'openssl'.
DEBUG - 2022-06-30 16:58:53 --> Total execution time: 0.0425
DEBUG - 2022-06-30 16:58:54 --> UTF-8 Support Enabled
DEBUG - 2022-06-30 16:58:54 --> Global POST, GET and COOKIE data sanitized
ERROR - 2022-06-30 16:58:54 --> 404 Page Not Found: Faviconico/index
DEBUG - 2022-06-30 16:59:05 --> UTF-8 Support Enabled
DEBUG - 2022-06-30 16:59:05 --> Global POST, GET and COOKIE data sanitized
DEBUG - 2022-06-30 16:59:05 --> Config file loaded: /hwonpark/www/application/config/tree.php
DEBUG - 2022-06-30 16:59:05 --> Encryption: Auto-configured driver 'openssl'.
DEBUG - 2022-06-30 16:59:05 --> Total execution time: 0.0387
DEBUG - 2022-06-30 16:59:08 --> UTF-8 Support Enabled
DEBUG - 2022-06-30 16:59:08 --> Global POST, GET and COOKIE data sanitized
DEBUG - 2022-06-30 16:59:08 --> Config file loaded: /hwonpark/www/application/config/tree.php
DEBUG - 2022-06-30 16:59:08 --> Encryption: Auto-configured driver 'openssl'.
DEBUG - 2022-06-30 16:59:08 --> Total execution time: 0.0345
DEBUG - 2022-06-30 17:08:40 --> UTF-8 Support Enabled
DEBUG - 2022-06-30 17:08:40 --> Global POST, GET and COOKIE data sanitized
DEBUG - 2022-06-30 17:08:40 --> Config file loaded: /hwonpark/www/application/config/tree.php
DEBUG - 2022-06-30 17:08:40 --> Total execution time: 0.0321
DEBUG - 2022-06-30 17:08:44 --> UTF-8 Support Enabled
DEBUG - 2022-06-30 17:08:44 --> Global POST, GET and COOKIE data sanitized
DEBUG - 2022-06-30 17:08:44 --> Config file loaded: /hwonpark/www/application/config/tree.php
DEBUG - 2022-06-30 17:08:45 --> UTF-8 Support Enabled
DEBUG - 2022-06-30 17:08:45 --> Global POST, GET and COOKIE data sanitized
DEBUG - 2022-06-30 17:08:45 --> Config file loaded: /hwonpark/www/application/config/tree.php
DEBUG - 2022-06-30 17:08:45 --> Total execution time: 0.0276
DEBUG - 2022-06-30 17:08:47 --> UTF-8 Support Enabled
DEBUG - 2022-06-30 17:08:47 --> Global POST, GET and COOKIE data sanitized
DEBUG - 2022-06-30 17:08:47 --> Config file loaded: /hwonpark/www/application/config/tree.php
DEBUG - 2022-06-30 17:08:47 --> =================== DL_auth-> oauth::CALLBACK - 시작
DEBUG - 2022-06-30 17:08:47 --> =================== DL_auth-> oauth::CALLBACK - kakao param=:: error=
DEBUG - 2022-06-30 17:08:47 --> =================== DL_auth-> oauth::CALLBACK - kakao param=:: state=
DEBUG - 2022-06-30 17:08:47 --> =================== DL_auth-> oauth::CALLBACK - kakao param=:: code=nE9ccVrVxwiHoJFdCd-9m0D39wBKUPVcE12L4EHEtESS0CP4DJe2ug8X9YNdogR3azVS7wopyWAAAAGBs6fLIw
DEBUG - 2022-06-30 17:08:47 --> =================== DL_auth -> kakao oauth :2: code=nE9ccVrVxwiHoJFdCd-9m0D39wBKUPVcE12L4EHEtESS0CP4DJe2ug8X9YNdogR3azVS7wopyWAAAAGBs6fLIw
DEBUG - 2022-06-30 17:08:47 --> ====================Dl_auth -> kakao_login :: 시작
DEBUG - 2022-06-30 17:08:47 --> --------------------Dl_auth::kakao_login - 1.토큰요청 시작
DEBUG - 2022-06-30 17:08:47 --> Dl_auth::kakao_login - get_token 시작 n=2
DEBUG - 2022-06-30 17:08:47 --> --------------------Dl_auth::kakao_login - 1.2.토큰요청 시작 -> 기타브라우저
DEBUG - 2022-06-30 17:08:47 --> --------------------Dl_auth::kakao_login - 1.3.토큰요청
DEBUG - 2022-06-30 17:08:47 --> --------------------Dl_auth::kakao_login - 1.4.토큰요청 -> 성공
DEBUG - 2022-06-30 17:08:47 --> UTF-8 Support Enabled
DEBUG - 2022-06-30 17:08:47 --> Global POST, GET and COOKIE data sanitized
DEBUG - 2022-06-30 17:08:47 --> Config file loaded: /hwonpark/www/application/config/tree.php
DEBUG - 2022-06-30 17:08:47 --> =================== DL_auth-> oauth::CALLBACK - 시작
DEBUG - 2022-06-30 17:08:47 --> =================== DL_auth-> oauth::CALLBACK - kakao param=:: error=
DEBUG - 2022-06-30 17:08:47 --> =================== DL_auth-> oauth::CALLBACK - kakao param=:: state=
DEBUG - 2022-06-30 17:08:47 --> =================== DL_auth-> oauth::CALLBACK - kakao param=:: code=nE9ccVrVxwiHoJFdCd-9m0D39wBKUPVcE12L4EHEtESS0CP4DJe2ug8X9YNdogR3azVS7wopyWAAAAGBs6fLIw
DEBUG - 2022-06-30 17:08:47 --> =================== DL_auth -> kakao oauth :2: code=nE9ccVrVxwiHoJFdCd-9m0D39wBKUPVcE12L4EHEtESS0CP4DJe2ug8X9YNdogR3azVS7wopyWAAAAGBs6fLIw
DEBUG - 2022-06-30 17:08:47 --> ====================Dl_auth -> kakao_login :: 시작
DEBUG - 2022-06-30 17:08:47 --> ====================Dl_auth::kakao_login - 1.3.5- 사이트 회원정보 업데이트 성공(카카오 인증 완료) state=
DEBUG - 2022-06-30 17:08:48 --> UTF-8 Support Enabled
DEBUG - 2022-06-30 17:08:48 --> Global POST, GET and COOKIE data sanitized
DEBUG - 2022-06-30 17:08:48 --> Config file loaded: /hwonpark/www/application/config/tree.php
DEBUG - 2022-06-30 17:08:48 --> Encryption: Auto-configured driver 'openssl'.
DEBUG - 2022-06-30 17:08:48 --> Total execution time: 0.0326
DEBUG - 2022-06-30 17:08:50 --> UTF-8 Support Enabled
DEBUG - 2022-06-30 17:08:50 --> Global POST, GET and COOKIE data sanitized
DEBUG - 2022-06-30 17:08:50 --> Config file loaded: /hwonpark/www/application/config/tree.php
DEBUG - 2022-06-30 17:08:50 --> Encryption: Auto-configured driver 'openssl'.
DEBUG - 2022-06-30 17:08:50 --> Total execution time: 0.0305
DEBUG - 2022-06-30 17:08:52 --> UTF-8 Support Enabled
DEBUG - 2022-06-30 17:08:52 --> Global POST, GET and COOKIE data sanitized
DEBUG - 2022-06-30 17:08:52 --> Config file loaded: /hwonpark/www/application/config/tree.php
DEBUG - 2022-06-30 17:08:52 --> Encryption: Auto-configured driver 'openssl'.
DEBUG - 2022-06-30 17:08:52 --> Total execution time: 0.0475
DEBUG - 2022-06-30 17:34:53 --> UTF-8 Support Enabled
DEBUG - 2022-06-30 17:34:53 --> No URI present. Default controller set.
DEBUG - 2022-06-30 17:34:53 --> Global POST, GET and COOKIE data sanitized
DEBUG - 2022-06-30 17:34:53 --> Config file loaded: /hwonpark/www/application/config/tree.php
DEBUG - 2022-06-30 17:34:53 --> Total execution time: 0.0297
DEBUG - 2022-06-30 17:40:27 --> UTF-8 Support Enabled
DEBUG - 2022-06-30 17:40:27 --> No URI present. Default controller set.
DEBUG - 2022-06-30 17:40:27 --> Global POST, GET and COOKIE data sanitized
DEBUG - 2022-06-30 17:40:27 --> Config file loaded: /hwonpark/www/application/config/tree.php
DEBUG - 2022-06-30 17:40:27 --> Total execution time: 0.0299
DEBUG - 2022-06-30 17:40:29 --> UTF-8 Support Enabled
DEBUG - 2022-06-30 17:40:29 --> Global POST, GET and COOKIE data sanitized
DEBUG - 2022-06-30 17:40:29 --> Config file loaded: /hwonpark/www/application/config/tree.php
DEBUG - 2022-06-30 17:40:29 --> Total execution time: 0.0361
DEBUG - 2022-06-30 17:40:31 --> UTF-8 Support Enabled
DEBUG - 2022-06-30 17:40:31 --> Global POST, GET and COOKIE data sanitized
DEBUG - 2022-06-30 17:40:31 --> Config file loaded: /hwonpark/www/application/config/tree.php
DEBUG - 2022-06-30 17:40:31 --> Total execution time: 0.0378
DEBUG - 2022-06-30 17:56:51 --> UTF-8 Support Enabled
DEBUG - 2022-06-30 17:56:51 --> Global POST, GET and COOKIE data sanitized
DEBUG - 2022-06-30 17:56:52 --> Config file loaded: /hwonpark/www/application/config/tree.php
DEBUG - 2022-06-30 17:56:53 --> UTF-8 Support Enabled
DEBUG - 2022-06-30 17:56:53 --> No URI present. Default controller set.
DEBUG - 2022-06-30 17:56:53 --> Global POST, GET and COOKIE data sanitized
DEBUG - 2022-06-30 17:56:53 --> Config file loaded: /hwonpark/www/application/config/tree.php
DEBUG - 2022-06-30 17:56:53 --> Total execution time: 0.0318
DEBUG - 2022-06-30 17:56:58 --> UTF-8 Support Enabled
DEBUG - 2022-06-30 17:56:58 --> Global POST, GET and COOKIE data sanitized
DEBUG - 2022-06-30 17:56:58 --> Config file loaded: /hwonpark/www/application/config/tree.php
DEBUG - 2022-06-30 17:56:58 --> Total execution time: 0.0574
DEBUG - 2022-06-30 17:57:02 --> UTF-8 Support Enabled
DEBUG - 2022-06-30 17:57:02 --> Global POST, GET and COOKIE data sanitized
DEBUG - 2022-06-30 17:57:02 --> Config file loaded: /hwonpark/www/application/config/tree.php
DEBUG - 2022-06-30 17:57:05 --> UTF-8 Support Enabled
DEBUG - 2022-06-30 17:57:05 --> Global POST, GET and COOKIE data sanitized
DEBUG - 2022-06-30 17:57:05 --> Config file loaded: /hwonpark/www/application/config/tree.php
DEBUG - 2022-06-30 17:57:05 --> Total execution time: 0.0286
DEBUG - 2022-06-30 17:57:10 --> UTF-8 Support Enabled
DEBUG - 2022-06-30 17:57:10 --> Global POST, GET and COOKIE data sanitized
DEBUG - 2022-06-30 17:57:10 --> Config file loaded: /hwonpark/www/application/config/tree.php
DEBUG - 2022-06-30 17:57:10 --> Total execution time: 0.0478
DEBUG - 2022-06-30 17:57:16 --> UTF-8 Support Enabled
DEBUG - 2022-06-30 17:57:16 --> Global POST, GET and COOKIE data sanitized
DEBUG - 2022-06-30 17:57:16 --> Config file loaded: /hwonpark/www/application/config/tree.php
DEBUG - 2022-06-30 17:57:16 --> Total execution time: 0.0393
DEBUG - 2022-06-30 17:57:21 --> UTF-8 Support Enabled
DEBUG - 2022-06-30 17:57:21 --> Global POST, GET and COOKIE data sanitized
DEBUG - 2022-06-30 17:57:21 --> Config file loaded: /hwonpark/www/application/config/tree.php
DEBUG - 2022-06-30 17:57:22 --> UTF-8 Support Enabled
DEBUG - 2022-06-30 17:57:22 --> Global POST, GET and COOKIE data sanitized
DEBUG - 2022-06-30 17:57:22 --> Config file loaded: /hwonpark/www/application/config/tree.php
DEBUG - 2022-06-30 17:57:22 --> Total execution time: 0.0500
DEBUG - 2022-06-30 18:02:11 --> UTF-8 Support Enabled
DEBUG - 2022-06-30 18:02:11 --> Global POST, GET and COOKIE data sanitized
DEBUG - 2022-06-30 18:02:11 --> Config file loaded: /hwonpark/www/application/config/tree.php
DEBUG - 2022-06-30 18:02:11 --> Total execution time: 0.0300
DEBUG - 2022-06-30 18:02:12 --> UTF-8 Support Enabled
DEBUG - 2022-06-30 18:02:12 --> Global POST, GET and COOKIE data sanitized
ERROR - 2022-06-30 18:02:12 --> 404 Page Not Found: Faviconico/index
DEBUG - 2022-06-30 18:02:21 --> UTF-8 Support Enabled
DEBUG - 2022-06-30 18:02:21 --> Global POST, GET and COOKIE data sanitized
DEBUG - 2022-06-30 18:02:21 --> Config file loaded: /hwonpark/www/application/config/tree.php
DEBUG - 2022-06-30 18:02:23 --> UTF-8 Support Enabled
DEBUG - 2022-06-30 18:02:23 --> Global POST, GET and COOKIE data sanitized
DEBUG - 2022-06-30 18:02:23 --> Config file loaded: /hwonpark/www/application/config/tree.php
DEBUG - 2022-06-30 18:02:23 --> Encryption: Auto-configured driver 'openssl'.
DEBUG - 2022-06-30 18:02:23 --> UTF-8 Support Enabled
DEBUG - 2022-06-30 18:02:23 --> Global POST, GET and COOKIE data sanitized
DEBUG - 2022-06-30 18:02:23 --> Config file loaded: /hwonpark/www/application/config/tree.php
DEBUG - 2022-06-30 18:02:23 --> Encryption: Auto-configured driver 'openssl'.
DEBUG - 2022-06-30 18:02:23 --> Encryption class already loaded. Second attempt ignored.
DEBUG - 2022-06-30 18:02:23 --> Total execution time: 0.0463
DEBUG - 2022-06-30 18:02:27 --> UTF-8 Support Enabled
DEBUG - 2022-06-30 18:02:27 --> Global POST, GET and COOKIE data sanitized
DEBUG - 2022-06-30 18:02:27 --> Config file loaded: /hwonpark/www/application/config/tree.php
DEBUG - 2022-06-30 18:02:27 --> Encryption: Auto-configured driver 'openssl'.
DEBUG - 2022-06-30 18:02:27 --> Encryption class already loaded. Second attempt ignored.
DEBUG - 2022-06-30 18:02:27 --> Total execution time: 0.0352
DEBUG - 2022-06-30 18:02:29 --> UTF-8 Support Enabled
DEBUG - 2022-06-30 18:02:29 --> Global POST, GET and COOKIE data sanitized
DEBUG - 2022-06-30 18:02:29 --> Total execution time: 0.0185
DEBUG - 2022-06-30 18:02:32 --> UTF-8 Support Enabled
DEBUG - 2022-06-30 18:02:32 --> Global POST, GET and COOKIE data sanitized
DEBUG - 2022-06-30 18:02:32 --> Config file loaded: /hwonpark/www/application/config/tree.php
DEBUG - 2022-06-30 18:02:32 --> Encryption: Auto-configured driver 'openssl'.
DEBUG - 2022-06-30 18:02:32 --> Encryption class already loaded. Second attempt ignored.
DEBUG - 2022-06-30 18:02:32 --> Total execution time: 0.0343
DEBUG - 2022-06-30 18:02:50 --> UTF-8 Support Enabled
DEBUG - 2022-06-30 18:02:50 --> Global POST, GET and COOKIE data sanitized
DEBUG - 2022-06-30 18:02:50 --> Config file loaded: /hwonpark/www/application/config/tree.php
DEBUG - 2022-06-30 18:02:50 --> Encryption: Auto-configured driver 'openssl'.
DEBUG - 2022-06-30 18:02:50 --> Total execution time: 0.0450
DEBUG - 2022-06-30 18:02:56 --> UTF-8 Support Enabled
DEBUG - 2022-06-30 18:02:56 --> Global POST, GET and COOKIE data sanitized
DEBUG - 2022-06-30 18:02:56 --> Config file loaded: /hwonpark/www/application/config/tree.php
DEBUG - 2022-06-30 18:02:56 --> Encryption: Auto-configured driver 'openssl'.
DEBUG - 2022-06-30 18:02:56 --> Total execution time: 0.0444
DEBUG - 2022-06-30 18:03:21 --> UTF-8 Support Enabled
DEBUG - 2022-06-30 18:03:21 --> Global POST, GET and COOKIE data sanitized
DEBUG - 2022-06-30 18:03:21 --> Config file loaded: /hwonpark/www/application/config/tree.php
DEBUG - 2022-06-30 18:03:21 --> Encryption: Auto-configured driver 'openssl'.
DEBUG - 2022-06-30 18:03:21 --> UTF-8 Support Enabled
DEBUG - 2022-06-30 18:03:21 --> Global POST, GET and COOKIE data sanitized
DEBUG - 2022-06-30 18:03:21 --> Config file loaded: /hwonpark/www/application/config/tree.php
DEBUG - 2022-06-30 18:03:21 --> Encryption: Auto-configured driver 'openssl'.
DEBUG - 2022-06-30 18:03:21 --> Encryption class already loaded. Second attempt ignored.
DEBUG - 2022-06-30 18:03:21 --> Total execution time: 0.0333
DEBUG - 2022-06-30 18:03:23 --> UTF-8 Support Enabled
DEBUG - 2022-06-30 18:03:23 --> Global POST, GET and COOKIE data sanitized
DEBUG - 2022-06-30 18:03:23 --> Config file loaded: /hwonpark/www/application/config/tree.php
DEBUG - 2022-06-30 18:03:23 --> Encryption: Auto-configured driver 'openssl'.
DEBUG - 2022-06-30 18:03:23 --> Total execution time: 0.0417
DEBUG - 2022-06-30 18:03:29 --> UTF-8 Support Enabled
DEBUG - 2022-06-30 18:03:29 --> Global POST, GET and COOKIE data sanitized
DEBUG - 2022-06-30 18:03:29 --> Config file loaded: /hwonpark/www/application/config/tree.php
DEBUG - 2022-06-30 18:03:29 --> Encryption: Auto-configured driver 'openssl'.
DEBUG - 2022-06-30 18:03:29 --> Total execution time: 0.0315
DEBUG - 2022-06-30 18:05:28 --> UTF-8 Support Enabled
DEBUG - 2022-06-30 18:05:28 --> Global POST, GET and COOKIE data sanitized
DEBUG - 2022-06-30 18:05:28 --> Config file loaded: /hwonpark/www/application/config/tree.php
DEBUG - 2022-06-30 18:05:28 --> Total execution time: 0.0427
DEBUG - 2022-06-30 18:05:33 --> UTF-8 Support Enabled
DEBUG - 2022-06-30 18:05:33 --> Global POST, GET and COOKIE data sanitized
DEBUG - 2022-06-30 18:05:33 --> Config file loaded: /hwonpark/www/application/config/tree.php
DEBUG - 2022-06-30 18:05:33 --> UTF-8 Support Enabled
DEBUG - 2022-06-30 18:05:34 --> Global POST, GET and COOKIE data sanitized
DEBUG - 2022-06-30 18:05:34 --> Config file loaded: /hwonpark/www/application/config/tree.php
DEBUG - 2022-06-30 18:05:34 --> Encryption: Auto-configured driver 'openssl'.
DEBUG - 2022-06-30 18:05:34 --> UTF-8 Support Enabled
DEBUG - 2022-06-30 18:05:34 --> Global POST, GET and COOKIE data sanitized
DEBUG - 2022-06-30 18:05:34 --> Config file loaded: /hwonpark/www/application/config/tree.php
DEBUG - 2022-06-30 18:05:34 --> Encryption: Auto-configured driver 'openssl'.
DEBUG - 2022-06-30 18:05:34 --> Encryption class already loaded. Second attempt ignored.
DEBUG - 2022-06-30 18:05:34 --> Total execution time: 0.0366
DEBUG - 2022-06-30 18:05:36 --> UTF-8 Support Enabled
DEBUG - 2022-06-30 18:05:36 --> Global POST, GET and COOKIE data sanitized
DEBUG - 2022-06-30 18:05:36 --> Config file loaded: /hwonpark/www/application/config/tree.php
DEBUG - 2022-06-30 18:05:36 --> Encryption: Auto-configured driver 'openssl'.
DEBUG - 2022-06-30 18:05:36 --> Total execution time: 0.0355
DEBUG - 2022-06-30 18:05:38 --> UTF-8 Support Enabled
DEBUG - 2022-06-30 18:05:38 --> Global POST, GET and COOKIE data sanitized
DEBUG - 2022-06-30 18:05:38 --> Config file loaded: /hwonpark/www/application/config/tree.php
DEBUG - 2022-06-30 18:05:38 --> Encryption: Auto-configured driver 'openssl'.
DEBUG - 2022-06-30 18:05:38 --> Total execution time: 0.0391
DEBUG - 2022-06-30 18:05:42 --> UTF-8 Support Enabled
DEBUG - 2022-06-30 18:05:42 --> Global POST, GET and COOKIE data sanitized
DEBUG - 2022-06-30 18:05:42 --> Config file loaded: /hwonpark/www/application/config/tree.php
DEBUG - 2022-06-30 18:05:42 --> Encryption: Auto-configured driver 'openssl'.
DEBUG - 2022-06-30 18:05:42 --> Total execution time: 0.0666
DEBUG - 2022-06-30 18:06:43 --> UTF-8 Support Enabled
DEBUG - 2022-06-30 18:06:43 --> Global POST, GET and COOKIE data sanitized
DEBUG - 2022-06-30 18:06:43 --> Config file loaded: /hwonpark/www/application/config/tree.php
DEBUG - 2022-06-30 18:06:43 --> Encryption: Auto-configured driver 'openssl'.
ERROR - 2022-06-30 18:06:43 --> Could not find the language line "imglib_invalid_image"
ERROR - 2022-06-30 18:06:43 --> imglib_invalid_image
DEBUG - 2022-06-30 18:06:43 --> DL_schema class already loaded. Second attempt ignored.
DEBUG - 2022-06-30 18:06:45 --> UTF-8 Support Enabled
DEBUG - 2022-06-30 18:06:45 --> Global POST, GET and COOKIE data sanitized
DEBUG - 2022-06-30 18:06:45 --> Config file loaded: /hwonpark/www/application/config/tree.php
DEBUG - 2022-06-30 18:06:45 --> Encryption: Auto-configured driver 'openssl'.
DEBUG - 2022-06-30 18:06:45 --> Total execution time: 0.0356
DEBUG - 2022-06-30 18:06:52 --> UTF-8 Support Enabled
DEBUG - 2022-06-30 18:06:52 --> Global POST, GET and COOKIE data sanitized
DEBUG - 2022-06-30 18:06:52 --> Config file loaded: /hwonpark/www/application/config/tree.php
DEBUG - 2022-06-30 18:06:52 --> Encryption: Auto-configured driver 'openssl'.
DEBUG - 2022-06-30 18:06:52 --> Total execution time: 0.0629
DEBUG - 2022-06-30 18:06:54 --> UTF-8 Support Enabled
DEBUG - 2022-06-30 18:06:54 --> Global POST, GET and COOKIE data sanitized
DEBUG - 2022-06-30 18:06:54 --> Config file loaded: /hwonpark/www/application/config/tree.php
DEBUG - 2022-06-30 18:06:54 --> Encryption: Auto-configured driver 'openssl'.
DEBUG - 2022-06-30 18:06:54 --> Total execution time: 0.0469
DEBUG - 2022-06-30 18:06:58 --> UTF-8 Support Enabled
DEBUG - 2022-06-30 18:06:58 --> Global POST, GET and COOKIE data sanitized
DEBUG - 2022-06-30 18:06:58 --> Config file loaded: /hwonpark/www/application/config/tree.php
DEBUG - 2022-06-30 18:06:58 --> Encryption: Auto-configured driver 'openssl'.
DEBUG - 2022-06-30 18:06:58 --> UTF-8 Support Enabled
DEBUG - 2022-06-30 18:06:58 --> Global POST, GET and COOKIE data sanitized
DEBUG - 2022-06-30 18:06:58 --> Config file loaded: /hwonpark/www/application/config/tree.php
DEBUG - 2022-06-30 18:06:58 --> Encryption: Auto-configured driver 'openssl'.
DEBUG - 2022-06-30 18:06:58 --> Total execution time: 0.0320
DEBUG - 2022-06-30 18:07:08 --> UTF-8 Support Enabled
DEBUG - 2022-06-30 18:07:08 --> Global POST, GET and COOKIE data sanitized
DEBUG - 2022-06-30 18:07:08 --> Config file loaded: /hwonpark/www/application/config/tree.php
DEBUG - 2022-06-30 18:07:08 --> Encryption: Auto-configured driver 'openssl'.
DEBUG - 2022-06-30 18:07:08 --> Total execution time: 0.0318
DEBUG - 2022-06-30 18:07:29 --> UTF-8 Support Enabled
DEBUG - 2022-06-30 18:07:29 --> Global POST, GET and COOKIE data sanitized
DEBUG - 2022-06-30 18:07:29 --> Config file loaded: /hwonpark/www/application/config/tree.php
DEBUG - 2022-06-30 18:07:29 --> Encryption: Auto-configured driver 'openssl'.
DEBUG - 2022-06-30 18:07:29 --> Total execution time: 0.0430
DEBUG - 2022-06-30 18:08:08 --> UTF-8 Support Enabled
DEBUG - 2022-06-30 18:08:08 --> Global POST, GET and COOKIE data sanitized
DEBUG - 2022-06-30 18:08:08 --> Config file loaded: /hwonpark/www/application/config/tree.php
DEBUG - 2022-06-30 18:08:08 --> Encryption: Auto-configured driver 'openssl'.
DEBUG - 2022-06-30 18:08:08 --> Total execution time: 0.0413
DEBUG - 2022-06-30 18:09:35 --> UTF-8 Support Enabled
DEBUG - 2022-06-30 18:09:35 --> Global POST, GET and COOKIE data sanitized
DEBUG - 2022-06-30 18:09:35 --> Config file loaded: /hwonpark/www/application/config/tree.php
DEBUG - 2022-06-30 18:09:35 --> Encryption: Auto-configured driver 'openssl'.
DEBUG - 2022-06-30 18:09:36 --> UTF-8 Support Enabled
DEBUG - 2022-06-30 18:09:36 --> Global POST, GET and COOKIE data sanitized
DEBUG - 2022-06-30 18:09:36 --> Config file loaded: /hwonpark/www/application/config/tree.php
DEBUG - 2022-06-30 18:09:36 --> Encryption: Auto-configured driver 'openssl'.
DEBUG - 2022-06-30 18:09:36 --> Total execution time: 0.0325
DEBUG - 2022-06-30 18:20:18 --> UTF-8 Support Enabled
DEBUG - 2022-06-30 18:20:18 --> Global POST, GET and COOKIE data sanitized
DEBUG - 2022-06-30 18:20:18 --> Config file loaded: /hwonpark/www/application/config/tree.php
DEBUG - 2022-06-30 18:20:18 --> Total execution time: 0.0275
DEBUG - 2022-06-30 18:20:19 --> UTF-8 Support Enabled
DEBUG - 2022-06-30 18:20:19 --> Global POST, GET and COOKIE data sanitized
ERROR - 2022-06-30 18:20:19 --> 404 Page Not Found: Faviconico/index
DEBUG - 2022-06-30 18:20:21 --> UTF-8 Support Enabled
DEBUG - 2022-06-30 18:20:21 --> Global POST, GET and COOKIE data sanitized
DEBUG - 2022-06-30 18:20:21 --> Config file loaded: /hwonpark/www/application/config/tree.php
DEBUG - 2022-06-30 18:20:21 --> Total execution time: 0.0301
DEBUG - 2022-06-30 18:20:23 --> UTF-8 Support Enabled
DEBUG - 2022-06-30 18:20:23 --> Global POST, GET and COOKIE data sanitized
DEBUG - 2022-06-30 18:20:23 --> Config file loaded: /hwonpark/www/application/config/tree.php
DEBUG - 2022-06-30 18:20:23 --> =================== DL_auth-> oauth::CALLBACK - 시작
DEBUG - 2022-06-30 18:20:23 --> =================== DL_auth-> oauth::CALLBACK - kakao param=:: error=
DEBUG - 2022-06-30 18:20:23 --> =================== DL_auth-> oauth::CALLBACK - kakao param=:: state=
DEBUG - 2022-06-30 18:20:23 --> =================== DL_auth-> oauth::CALLBACK - kakao param=:: code=wim8yHuhSDHGqT_s4e9-Qv1Hqo44GUyUm8bA_Y1Y9e1tmhX39u1yQuiWYCWJaLl-adus0go9cusAAAGBs-lXrg
DEBUG - 2022-06-30 18:20:23 --> =================== DL_auth -> kakao oauth :2: code=wim8yHuhSDHGqT_s4e9-Qv1Hqo44GUyUm8bA_Y1Y9e1tmhX39u1yQuiWYCWJaLl-adus0go9cusAAAGBs-lXrg
DEBUG - 2022-06-30 18:20:23 --> ====================Dl_auth -> kakao_login :: 시작
DEBUG - 2022-06-30 18:20:23 --> --------------------Dl_auth::kakao_login - 1.토큰요청 시작
DEBUG - 2022-06-30 18:20:23 --> Dl_auth::kakao_login - get_token 시작 n=2
DEBUG - 2022-06-30 18:20:23 --> --------------------Dl_auth::kakao_login - 1.2.토큰요청 시작 -> 기타브라우저
DEBUG - 2022-06-30 18:20:23 --> --------------------Dl_auth::kakao_login - 1.3.토큰요청
DEBUG - 2022-06-30 18:20:23 --> --------------------Dl_auth::kakao_login - 1.4.토큰요청 -> 성공
DEBUG - 2022-06-30 18:20:23 --> UTF-8 Support Enabled
DEBUG - 2022-06-30 18:20:23 --> Global POST, GET and COOKIE data sanitized
DEBUG - 2022-06-30 18:20:23 --> Config file loaded: /hwonpark/www/application/config/tree.php
DEBUG - 2022-06-30 18:20:23 --> =================== DL_auth-> oauth::CALLBACK - 시작
DEBUG - 2022-06-30 18:20:23 --> =================== DL_auth-> oauth::CALLBACK - kakao param=:: error=
DEBUG - 2022-06-30 18:20:23 --> =================== DL_auth-> oauth::CALLBACK - kakao param=:: state=
DEBUG - 2022-06-30 18:20:23 --> =================== DL_auth-> oauth::CALLBACK - kakao param=:: code=wim8yHuhSDHGqT_s4e9-Qv1Hqo44GUyUm8bA_Y1Y9e1tmhX39u1yQuiWYCWJaLl-adus0go9cusAAAGBs-lXrg
DEBUG - 2022-06-30 18:20:23 --> =================== DL_auth -> kakao oauth :2: code=wim8yHuhSDHGqT_s4e9-Qv1Hqo44GUyUm8bA_Y1Y9e1tmhX39u1yQuiWYCWJaLl-adus0go9cusAAAGBs-lXrg
DEBUG - 2022-06-30 18:20:23 --> ====================Dl_auth -> kakao_login :: 시작
DEBUG - 2022-06-30 18:20:23 --> ====================Dl_auth::kakao_login - 1.3.5- 사이트 회원정보 업데이트 성공(카카오 인증 완료) state=
DEBUG - 2022-06-30 18:20:26 --> UTF-8 Support Enabled
DEBUG - 2022-06-30 18:20:26 --> Global POST, GET and COOKIE data sanitized
DEBUG - 2022-06-30 18:20:26 --> Config file loaded: /hwonpark/www/application/config/tree.php
DEBUG - 2022-06-30 18:20:26 --> Encryption: Auto-configured driver 'openssl'.
DEBUG - 2022-06-30 18:20:26 --> Total execution time: 0.0318
DEBUG - 2022-06-30 18:20:26 --> UTF-8 Support Enabled
DEBUG - 2022-06-30 18:20:26 --> Global POST, GET and COOKIE data sanitized
ERROR - 2022-06-30 18:20:26 --> 404 Page Not Found: Faviconico/index
DEBUG - 2022-06-30 18:20:30 --> UTF-8 Support Enabled
DEBUG - 2022-06-30 18:20:30 --> Global POST, GET and COOKIE data sanitized
DEBUG - 2022-06-30 18:20:30 --> Config file loaded: /hwonpark/www/application/config/tree.php
DEBUG - 2022-06-30 18:20:30 --> Encryption: Auto-configured driver 'openssl'.
DEBUG - 2022-06-30 18:20:30 --> Total execution time: 0.0366
DEBUG - 2022-06-30 18:20:33 --> UTF-8 Support Enabled
DEBUG - 2022-06-30 18:20:33 --> Global POST, GET and COOKIE data sanitized
DEBUG - 2022-06-30 18:20:33 --> Config file loaded: /hwonpark/www/application/config/tree.php
DEBUG - 2022-06-30 18:20:33 --> Encryption: Auto-configured driver 'openssl'.
DEBUG - 2022-06-30 18:20:33 --> Total execution time: 0.0594
DEBUG - 2022-06-30 18:20:53 --> UTF-8 Support Enabled
DEBUG - 2022-06-30 18:20:53 --> Global POST, GET and COOKIE data sanitized
DEBUG - 2022-06-30 18:20:53 --> Config file loaded: /hwonpark/www/application/config/tree.php
DEBUG - 2022-06-30 18:20:53 --> Encryption: Auto-configured driver 'openssl'.
DEBUG - 2022-06-30 18:20:53 --> Total execution time: 0.0529
DEBUG - 2022-06-30 18:20:55 --> UTF-8 Support Enabled
DEBUG - 2022-06-30 18:20:55 --> Global POST, GET and COOKIE data sanitized
DEBUG - 2022-06-30 18:20:55 --> Config file loaded: /hwonpark/www/application/config/tree.php
DEBUG - 2022-06-30 18:20:55 --> Encryption: Auto-configured driver 'openssl'.
DEBUG - 2022-06-30 19:03:21 --> UTF-8 Support Enabled
DEBUG - 2022-06-30 19:03:21 --> Global POST, GET and COOKIE data sanitized
DEBUG - 2022-06-30 19:03:21 --> Config file loaded: /hwonpark/www/application/config/tree.php
DEBUG - 2022-06-30 19:03:21 --> Total execution time: 0.0687
DEBUG - 2022-06-30 19:03:22 --> UTF-8 Support Enabled
DEBUG - 2022-06-30 19:03:22 --> Global POST, GET and COOKIE data sanitized
ERROR - 2022-06-30 19:03:22 --> 404 Page Not Found: Faviconico/index
