DEBUG - 2022-09-07 08:02:18 --> UTF-8 Support Enabled
DEBUG - 2022-09-07 08:02:18 --> No URI present. Default controller set.
DEBUG - 2022-09-07 08:02:18 --> Global POST, GET and COOKIE data sanitized
DEBUG - 2022-09-07 08:02:18 --> Config file loaded: /hwonpark/www/application/config/tree.php
DEBUG - 2022-09-07 08:02:18 --> Total execution time: 0.2353
DEBUG - 2022-09-07 08:02:21 --> UTF-8 Support Enabled
DEBUG - 2022-09-07 08:02:21 --> Global POST, GET and COOKIE data sanitized
ERROR - 2022-09-07 08:02:21 --> 404 Page Not Found: Faviconico/index
DEBUG - 2022-09-07 08:02:32 --> UTF-8 Support Enabled
DEBUG - 2022-09-07 08:02:32 --> Global POST, GET and COOKIE data sanitized
DEBUG - 2022-09-07 08:02:32 --> Config file loaded: /hwonpark/www/application/config/tree.php
DEBUG - 2022-09-07 08:02:32 --> --------------------DC_common::chk_perm - 1.인가코드요청 시작 -> if 인앱브라우저
DEBUG - 2022-09-07 08:02:33 --> UTF-8 Support Enabled
DEBUG - 2022-09-07 08:02:33 --> Global POST, GET and COOKIE data sanitized
DEBUG - 2022-09-07 08:02:33 --> Config file loaded: /hwonpark/www/application/config/tree.php
DEBUG - 2022-09-07 08:02:33 --> =================== DL_auth-> oauth::CALLBACK - 시작
DEBUG - 2022-09-07 08:02:33 --> =================== DL_auth-> oauth::CALLBACK - kakao param=:: error=
DEBUG - 2022-09-07 08:02:33 --> =================== DL_auth-> oauth::CALLBACK - kakao param=:: state=/ko/brief/view?idx=33
DEBUG - 2022-09-07 08:02:33 --> =================== DL_auth-> oauth::CALLBACK - kakao param=:: code=ve88WoRdaCUs-EYe_zDVwBGMQnqEMpMN7BbJOCup483l7SAOboGGElXvEqkRNCKO3sXYHwo9dZsAAAGDFQqBhQ
DEBUG - 2022-09-07 08:02:33 --> =================== DL_auth -> kakao oauth :2: code=ve88WoRdaCUs-EYe_zDVwBGMQnqEMpMN7BbJOCup483l7SAOboGGElXvEqkRNCKO3sXYHwo9dZsAAAGDFQqBhQ
DEBUG - 2022-09-07 08:02:33 --> ====================Dl_auth -> kakao_login :: 시작
DEBUG - 2022-09-07 08:02:33 --> --------------------Dl_auth::kakao_login - 1.토큰요청 시작
DEBUG - 2022-09-07 08:02:33 --> Dl_auth::kakao_login - get_token 시작 n=2
DEBUG - 2022-09-07 08:02:33 --> --------------------Dl_auth::kakao_login - 1.2.토큰요청 시작 -> 기타브라우저
DEBUG - 2022-09-07 08:02:33 --> --------------------Dl_auth::kakao_login - 1.3.토큰요청
DEBUG - 2022-09-07 08:02:33 --> --------------------Dl_auth::kakao_login - 1.4.토큰요청 -> 성공
DEBUG - 2022-09-07 08:02:33 --> UTF-8 Support Enabled
DEBUG - 2022-09-07 08:02:33 --> Global POST, GET and COOKIE data sanitized
DEBUG - 2022-09-07 08:02:33 --> Config file loaded: /hwonpark/www/application/config/tree.php
DEBUG - 2022-09-07 08:02:33 --> =================== DL_auth-> oauth::CALLBACK - 시작
DEBUG - 2022-09-07 08:02:33 --> =================== DL_auth-> oauth::CALLBACK - kakao param=:: error=
DEBUG - 2022-09-07 08:02:33 --> =================== DL_auth-> oauth::CALLBACK - kakao param=:: state=/ko/brief/view?idx=33
DEBUG - 2022-09-07 08:02:33 --> =================== DL_auth-> oauth::CALLBACK - kakao param=:: code=ve88WoRdaCUs-EYe_zDVwBGMQnqEMpMN7BbJOCup483l7SAOboGGElXvEqkRNCKO3sXYHwo9dZsAAAGDFQqBhQ
DEBUG - 2022-09-07 08:02:33 --> =================== DL_auth -> kakao oauth :2: code=ve88WoRdaCUs-EYe_zDVwBGMQnqEMpMN7BbJOCup483l7SAOboGGElXvEqkRNCKO3sXYHwo9dZsAAAGDFQqBhQ
DEBUG - 2022-09-07 08:02:33 --> ====================Dl_auth -> kakao_login :: 시작
DEBUG - 2022-09-07 08:02:34 --> ====================Dl_auth::kakao_login - 1.3.5- 사이트 회원정보 업데이트 성공(카카오 인증 완료) state=/ko/brief/view?idx=33
DEBUG - 2022-09-07 08:02:34 --> UTF-8 Support Enabled
DEBUG - 2022-09-07 08:02:34 --> Global POST, GET and COOKIE data sanitized
DEBUG - 2022-09-07 08:02:34 --> Config file loaded: /hwonpark/www/application/config/tree.php
DEBUG - 2022-09-07 08:02:34 --> Encryption: Auto-configured driver 'openssl'.
DEBUG - 2022-09-07 08:02:34 --> --------------------DC_common::chk_perm - 1.인가코드요청 시작 -> if 인앱브라우저
DEBUG - 2022-09-07 08:02:34 --> Total execution time: 0.0851
DEBUG - 2022-09-07 08:03:32 --> UTF-8 Support Enabled
DEBUG - 2022-09-07 08:03:32 --> Global POST, GET and COOKIE data sanitized
DEBUG - 2022-09-07 08:03:33 --> Config file loaded: /hwonpark/www/application/config/tree.php
DEBUG - 2022-09-07 08:03:33 --> Encryption: Auto-configured driver 'openssl'.
DEBUG - 2022-09-07 08:03:33 --> --------------------DC_common::chk_perm - 1.인가코드요청 시작 -> if 인앱브라우저
DEBUG - 2022-09-07 08:03:33 --> Total execution time: 0.0525
DEBUG - 2022-09-07 08:03:38 --> UTF-8 Support Enabled
DEBUG - 2022-09-07 08:03:38 --> No URI present. Default controller set.
DEBUG - 2022-09-07 08:03:38 --> Global POST, GET and COOKIE data sanitized
DEBUG - 2022-09-07 08:03:38 --> Config file loaded: /hwonpark/www/application/config/tree.php
DEBUG - 2022-09-07 08:03:38 --> Encryption: Auto-configured driver 'openssl'.
DEBUG - 2022-09-07 08:03:38 --> Total execution time: 0.0602
DEBUG - 2022-09-07 09:05:31 --> UTF-8 Support Enabled
DEBUG - 2022-09-07 09:05:31 --> No URI present. Default controller set.
DEBUG - 2022-09-07 09:05:31 --> Global POST, GET and COOKIE data sanitized
DEBUG - 2022-09-07 09:05:31 --> Config file loaded: /hwonpark/www/application/config/tree.php
DEBUG - 2022-09-07 09:05:31 --> Total execution time: 0.0364
DEBUG - 2022-09-07 09:05:31 --> UTF-8 Support Enabled
DEBUG - 2022-09-07 09:05:31 --> Global POST, GET and COOKIE data sanitized
ERROR - 2022-09-07 09:05:31 --> 404 Page Not Found: Faviconico/index
DEBUG - 2022-09-07 09:05:34 --> UTF-8 Support Enabled
DEBUG - 2022-09-07 09:05:34 --> Global POST, GET and COOKIE data sanitized
DEBUG - 2022-09-07 09:05:34 --> Config file loaded: /hwonpark/www/application/config/tree.php
DEBUG - 2022-09-07 09:05:34 --> Total execution time: 0.0509
DEBUG - 2022-09-07 09:05:43 --> UTF-8 Support Enabled
DEBUG - 2022-09-07 09:05:43 --> Global POST, GET and COOKIE data sanitized
DEBUG - 2022-09-07 09:05:43 --> Config file loaded: /hwonpark/www/application/config/tree.php
DEBUG - 2022-09-07 09:05:43 --> Total execution time: 0.0347
DEBUG - 2022-09-07 09:06:06 --> UTF-8 Support Enabled
DEBUG - 2022-09-07 09:06:06 --> Global POST, GET and COOKIE data sanitized
DEBUG - 2022-09-07 09:06:06 --> Config file loaded: /hwonpark/www/application/config/tree.php
DEBUG - 2022-09-07 09:06:06 --> Total execution time: 0.0306
DEBUG - 2022-09-07 09:06:07 --> UTF-8 Support Enabled
DEBUG - 2022-09-07 09:06:07 --> Global POST, GET and COOKIE data sanitized
ERROR - 2022-09-07 09:06:07 --> 404 Page Not Found: Faviconico/index
DEBUG - 2022-09-07 09:06:09 --> UTF-8 Support Enabled
DEBUG - 2022-09-07 09:06:09 --> No URI present. Default controller set.
DEBUG - 2022-09-07 09:06:09 --> Global POST, GET and COOKIE data sanitized
DEBUG - 2022-09-07 09:06:09 --> Config file loaded: /hwonpark/www/application/config/tree.php
DEBUG - 2022-09-07 09:06:09 --> Total execution time: 0.0336
DEBUG - 2022-09-07 09:06:57 --> UTF-8 Support Enabled
DEBUG - 2022-09-07 09:06:57 --> Global POST, GET and COOKIE data sanitized
DEBUG - 2022-09-07 09:06:57 --> Config file loaded: /hwonpark/www/application/config/tree.php
DEBUG - 2022-09-07 09:06:57 --> Total execution time: 0.0307
DEBUG - 2022-09-07 09:07:02 --> UTF-8 Support Enabled
DEBUG - 2022-09-07 09:07:02 --> Global POST, GET and COOKIE data sanitized
DEBUG - 2022-09-07 09:07:02 --> Config file loaded: /hwonpark/www/application/config/tree.php
DEBUG - 2022-09-07 09:07:02 --> Total execution time: 0.0290
DEBUG - 2022-09-07 09:08:03 --> UTF-8 Support Enabled
DEBUG - 2022-09-07 09:08:03 --> Global POST, GET and COOKIE data sanitized
DEBUG - 2022-09-07 09:08:03 --> Config file loaded: /hwonpark/www/application/config/tree.php
DEBUG - 2022-09-07 09:08:03 --> Total execution time: 0.0596
DEBUG - 2022-09-07 09:08:13 --> UTF-8 Support Enabled
DEBUG - 2022-09-07 09:08:13 --> Global POST, GET and COOKIE data sanitized
DEBUG - 2022-09-07 09:08:13 --> Config file loaded: /hwonpark/www/application/config/tree.php
DEBUG - 2022-09-07 09:08:15 --> UTF-8 Support Enabled
DEBUG - 2022-09-07 09:08:15 --> Global POST, GET and COOKIE data sanitized
DEBUG - 2022-09-07 09:08:15 --> Config file loaded: /hwonpark/www/application/config/tree.php
DEBUG - 2022-09-07 09:08:15 --> Total execution time: 0.0286
DEBUG - 2022-09-07 09:08:16 --> UTF-8 Support Enabled
DEBUG - 2022-09-07 09:08:16 --> Global POST, GET and COOKIE data sanitized
DEBUG - 2022-09-07 09:08:16 --> Config file loaded: /hwonpark/www/application/config/tree.php
DEBUG - 2022-09-07 09:08:16 --> Total execution time: 0.0304
DEBUG - 2022-09-07 09:08:30 --> UTF-8 Support Enabled
DEBUG - 2022-09-07 09:08:30 --> Global POST, GET and COOKIE data sanitized
DEBUG - 2022-09-07 09:08:30 --> Config file loaded: /hwonpark/www/application/config/tree.php
DEBUG - 2022-09-07 09:08:30 --> Total execution time: 0.0410
DEBUG - 2022-09-07 09:09:42 --> UTF-8 Support Enabled
DEBUG - 2022-09-07 09:09:42 --> No URI present. Default controller set.
DEBUG - 2022-09-07 09:09:42 --> Global POST, GET and COOKIE data sanitized
DEBUG - 2022-09-07 09:09:42 --> Config file loaded: /hwonpark/www/application/config/tree.php
DEBUG - 2022-09-07 09:09:42 --> Total execution time: 0.0363
DEBUG - 2022-09-07 10:14:03 --> UTF-8 Support Enabled
DEBUG - 2022-09-07 10:14:03 --> Global POST, GET and COOKIE data sanitized
DEBUG - 2022-09-07 10:14:03 --> Config file loaded: /hwonpark/www/application/config/tree.php
DEBUG - 2022-09-07 10:14:03 --> Total execution time: 0.0328
DEBUG - 2022-09-07 10:14:04 --> UTF-8 Support Enabled
DEBUG - 2022-09-07 10:14:04 --> Global POST, GET and COOKIE data sanitized
ERROR - 2022-09-07 10:14:04 --> 404 Page Not Found: Faviconico/index
DEBUG - 2022-09-07 10:14:17 --> UTF-8 Support Enabled
DEBUG - 2022-09-07 10:14:17 --> Global POST, GET and COOKIE data sanitized
DEBUG - 2022-09-07 10:14:17 --> Config file loaded: /hwonpark/www/application/config/tree.php
DEBUG - 2022-09-07 10:14:18 --> UTF-8 Support Enabled
DEBUG - 2022-09-07 10:14:18 --> Global POST, GET and COOKIE data sanitized
DEBUG - 2022-09-07 10:14:18 --> Config file loaded: /hwonpark/www/application/config/tree.php
DEBUG - 2022-09-07 10:14:18 --> Encryption: Auto-configured driver 'openssl'.
DEBUG - 2022-09-07 10:14:18 --> UTF-8 Support Enabled
DEBUG - 2022-09-07 10:14:18 --> Global POST, GET and COOKIE data sanitized
DEBUG - 2022-09-07 10:14:18 --> Config file loaded: /hwonpark/www/application/config/tree.php
DEBUG - 2022-09-07 10:14:18 --> Encryption: Auto-configured driver 'openssl'.
DEBUG - 2022-09-07 10:14:18 --> Encryption class already loaded. Second attempt ignored.
DEBUG - 2022-09-07 10:14:18 --> Total execution time: 0.0453
DEBUG - 2022-09-07 10:14:20 --> UTF-8 Support Enabled
DEBUG - 2022-09-07 10:14:20 --> Global POST, GET and COOKIE data sanitized
DEBUG - 2022-09-07 10:14:20 --> Config file loaded: /hwonpark/www/application/config/tree.php
DEBUG - 2022-09-07 10:14:20 --> Encryption: Auto-configured driver 'openssl'.
DEBUG - 2022-09-07 10:14:20 --> Total execution time: 0.0648
DEBUG - 2022-09-07 10:14:23 --> UTF-8 Support Enabled
DEBUG - 2022-09-07 10:14:23 --> Global POST, GET and COOKIE data sanitized
DEBUG - 2022-09-07 10:14:23 --> Config file loaded: /hwonpark/www/application/config/tree.php
DEBUG - 2022-09-07 10:14:23 --> Encryption: Auto-configured driver 'openssl'.
DEBUG - 2022-09-07 10:14:23 --> Total execution time: 0.0419
DEBUG - 2022-09-07 10:14:34 --> UTF-8 Support Enabled
DEBUG - 2022-09-07 10:14:34 --> Global POST, GET and COOKIE data sanitized
DEBUG - 2022-09-07 10:14:34 --> Config file loaded: /hwonpark/www/application/config/tree.php
DEBUG - 2022-09-07 10:14:34 --> Encryption: Auto-configured driver 'openssl'.
DEBUG - 2022-09-07 10:14:34 --> Total execution time: 0.0379
DEBUG - 2022-09-07 10:14:42 --> UTF-8 Support Enabled
DEBUG - 2022-09-07 10:14:42 --> Global POST, GET and COOKIE data sanitized
DEBUG - 2022-09-07 10:14:43 --> Config file loaded: /hwonpark/www/application/config/tree.php
DEBUG - 2022-09-07 10:14:43 --> Encryption: Auto-configured driver 'openssl'.
DEBUG - 2022-09-07 10:14:43 --> Total execution time: 0.0665
DEBUG - 2022-09-07 10:14:50 --> UTF-8 Support Enabled
DEBUG - 2022-09-07 10:14:50 --> Global POST, GET and COOKIE data sanitized
DEBUG - 2022-09-07 10:14:50 --> Config file loaded: /hwonpark/www/application/config/tree.php
DEBUG - 2022-09-07 10:14:50 --> Encryption: Auto-configured driver 'openssl'.
DEBUG - 2022-09-07 10:14:50 --> Total execution time: 0.0342
DEBUG - 2022-09-07 10:15:02 --> UTF-8 Support Enabled
DEBUG - 2022-09-07 10:15:02 --> Global POST, GET and COOKIE data sanitized
DEBUG - 2022-09-07 10:15:02 --> Config file loaded: /hwonpark/www/application/config/tree.php
DEBUG - 2022-09-07 10:15:02 --> Encryption: Auto-configured driver 'openssl'.
DEBUG - 2022-09-07 10:15:02 --> Total execution time: 0.0367
DEBUG - 2022-09-07 10:15:17 --> UTF-8 Support Enabled
DEBUG - 2022-09-07 10:15:17 --> Global POST, GET and COOKIE data sanitized
DEBUG - 2022-09-07 10:15:17 --> Config file loaded: /hwonpark/www/application/config/tree.php
DEBUG - 2022-09-07 10:15:17 --> Encryption: Auto-configured driver 'openssl'.
DEBUG - 2022-09-07 10:15:18 --> UTF-8 Support Enabled
DEBUG - 2022-09-07 10:15:18 --> Global POST, GET and COOKIE data sanitized
DEBUG - 2022-09-07 10:15:18 --> Config file loaded: /hwonpark/www/application/config/tree.php
DEBUG - 2022-09-07 10:15:18 --> Encryption: Auto-configured driver 'openssl'.
DEBUG - 2022-09-07 10:15:18 --> Total execution time: 0.0415
DEBUG - 2022-09-07 10:15:22 --> UTF-8 Support Enabled
DEBUG - 2022-09-07 10:15:22 --> Global POST, GET and COOKIE data sanitized
DEBUG - 2022-09-07 10:15:22 --> Config file loaded: /hwonpark/www/application/config/tree.php
DEBUG - 2022-09-07 10:15:22 --> Encryption: Auto-configured driver 'openssl'.
DEBUG - 2022-09-07 10:15:22 --> Total execution time: 0.0354
DEBUG - 2022-09-07 10:15:46 --> UTF-8 Support Enabled
DEBUG - 2022-09-07 10:15:46 --> Global POST, GET and COOKIE data sanitized
DEBUG - 2022-09-07 10:15:46 --> Config file loaded: /hwonpark/www/application/config/tree.php
DEBUG - 2022-09-07 10:15:46 --> Encryption: Auto-configured driver 'openssl'.
DEBUG - 2022-09-07 10:15:47 --> UTF-8 Support Enabled
DEBUG - 2022-09-07 10:15:47 --> Global POST, GET and COOKIE data sanitized
DEBUG - 2022-09-07 10:15:47 --> Config file loaded: /hwonpark/www/application/config/tree.php
DEBUG - 2022-09-07 10:15:47 --> Encryption: Auto-configured driver 'openssl'.
DEBUG - 2022-09-07 10:15:47 --> Total execution time: 0.0637
DEBUG - 2022-09-07 10:19:13 --> UTF-8 Support Enabled
DEBUG - 2022-09-07 10:19:13 --> Global POST, GET and COOKIE data sanitized
DEBUG - 2022-09-07 10:19:13 --> Config file loaded: /hwonpark/www/application/config/tree.php
DEBUG - 2022-09-07 10:19:13 --> Encryption: Auto-configured driver 'openssl'.
DEBUG - 2022-09-07 10:19:13 --> Total execution time: 0.0908
DEBUG - 2022-09-07 10:25:33 --> UTF-8 Support Enabled
DEBUG - 2022-09-07 10:25:33 --> No URI present. Default controller set.
DEBUG - 2022-09-07 10:25:33 --> Global POST, GET and COOKIE data sanitized
DEBUG - 2022-09-07 10:25:33 --> Config file loaded: /hwonpark/www/application/config/tree.php
DEBUG - 2022-09-07 10:25:33 --> Total execution time: 0.0649
DEBUG - 2022-09-07 10:26:04 --> UTF-8 Support Enabled
DEBUG - 2022-09-07 10:26:04 --> Global POST, GET and COOKIE data sanitized
DEBUG - 2022-09-07 10:26:04 --> Config file loaded: /hwonpark/www/application/config/tree.php
DEBUG - 2022-09-07 10:26:04 --> Encryption: Auto-configured driver 'openssl'.
DEBUG - 2022-09-07 10:26:04 --> Total execution time: 0.0608
DEBUG - 2022-09-07 10:26:06 --> UTF-8 Support Enabled
DEBUG - 2022-09-07 10:26:06 --> Global POST, GET and COOKIE data sanitized
DEBUG - 2022-09-07 10:26:06 --> Config file loaded: /hwonpark/www/application/config/tree.php
DEBUG - 2022-09-07 10:26:06 --> Encryption: Auto-configured driver 'openssl'.
DEBUG - 2022-09-07 10:26:06 --> Total execution time: 0.0512
DEBUG - 2022-09-07 10:28:30 --> UTF-8 Support Enabled
DEBUG - 2022-09-07 10:28:30 --> Global POST, GET and COOKIE data sanitized
DEBUG - 2022-09-07 10:28:31 --> Config file loaded: /hwonpark/www/application/config/tree.php
DEBUG - 2022-09-07 10:28:31 --> Encryption: Auto-configured driver 'openssl'.
DEBUG - 2022-09-07 10:28:31 --> Encryption class already loaded. Second attempt ignored.
DEBUG - 2022-09-07 10:28:31 --> Total execution time: 0.0763
DEBUG - 2022-09-07 10:28:32 --> UTF-8 Support Enabled
DEBUG - 2022-09-07 10:28:32 --> Global POST, GET and COOKIE data sanitized
DEBUG - 2022-09-07 10:28:32 --> Config file loaded: /hwonpark/www/application/config/tree.php
DEBUG - 2022-09-07 10:28:32 --> Encryption: Auto-configured driver 'openssl'.
DEBUG - 2022-09-07 10:28:32 --> Encryption class already loaded. Second attempt ignored.
DEBUG - 2022-09-07 10:28:32 --> Total execution time: 0.0643
DEBUG - 2022-09-07 10:28:48 --> UTF-8 Support Enabled
DEBUG - 2022-09-07 10:28:48 --> Global POST, GET and COOKIE data sanitized
DEBUG - 2022-09-07 10:28:48 --> Config file loaded: /hwonpark/www/application/config/tree.php
DEBUG - 2022-09-07 10:28:48 --> Encryption: Auto-configured driver 'openssl'.
DEBUG - 2022-09-07 10:28:48 --> Encryption class already loaded. Second attempt ignored.
DEBUG - 2022-09-07 10:28:48 --> Total execution time: 0.0346
DEBUG - 2022-09-07 10:28:56 --> UTF-8 Support Enabled
DEBUG - 2022-09-07 10:28:56 --> Global POST, GET and COOKIE data sanitized
DEBUG - 2022-09-07 10:28:56 --> Config file loaded: /hwonpark/www/application/config/tree.php
DEBUG - 2022-09-07 10:28:56 --> Encryption: Auto-configured driver 'openssl'.
DEBUG - 2022-09-07 10:28:56 --> Encryption class already loaded. Second attempt ignored.
DEBUG - 2022-09-07 10:28:56 --> Total execution time: 0.0386
DEBUG - 2022-09-07 10:28:56 --> UTF-8 Support Enabled
DEBUG - 2022-09-07 10:28:56 --> Global POST, GET and COOKIE data sanitized
DEBUG - 2022-09-07 10:28:56 --> Config file loaded: /hwonpark/www/application/config/tree.php
DEBUG - 2022-09-07 10:28:56 --> Encryption: Auto-configured driver 'openssl'.
DEBUG - 2022-09-07 10:28:56 --> Encryption class already loaded. Second attempt ignored.
DEBUG - 2022-09-07 10:28:56 --> Total execution time: 0.0336
DEBUG - 2022-09-07 10:29:01 --> UTF-8 Support Enabled
DEBUG - 2022-09-07 10:29:01 --> Global POST, GET and COOKIE data sanitized
DEBUG - 2022-09-07 10:29:01 --> Config file loaded: /hwonpark/www/application/config/tree.php
DEBUG - 2022-09-07 10:29:01 --> Encryption: Auto-configured driver 'openssl'.
DEBUG - 2022-09-07 10:29:01 --> Total execution time: 0.0446
DEBUG - 2022-09-07 11:14:09 --> UTF-8 Support Enabled
DEBUG - 2022-09-07 11:14:09 --> No URI present. Default controller set.
DEBUG - 2022-09-07 11:14:09 --> Global POST, GET and COOKIE data sanitized
DEBUG - 2022-09-07 11:14:09 --> Config file loaded: /hwonpark/www/application/config/tree.php
DEBUG - 2022-09-07 11:14:09 --> Total execution time: 0.0321
DEBUG - 2022-09-07 11:14:11 --> UTF-8 Support Enabled
DEBUG - 2022-09-07 11:14:11 --> Global POST, GET and COOKIE data sanitized
ERROR - 2022-09-07 11:14:11 --> 404 Page Not Found: Faviconico/index
DEBUG - 2022-09-07 16:51:14 --> UTF-8 Support Enabled
DEBUG - 2022-09-07 16:51:14 --> No URI present. Default controller set.
DEBUG - 2022-09-07 16:51:14 --> Global POST, GET and COOKIE data sanitized
DEBUG - 2022-09-07 16:51:14 --> Config file loaded: /hwonpark/www/application/config/tree.php
DEBUG - 2022-09-07 16:51:14 --> Total execution time: 0.2119
DEBUG - 2022-09-07 16:51:17 --> UTF-8 Support Enabled
DEBUG - 2022-09-07 16:51:17 --> Global POST, GET and COOKIE data sanitized
ERROR - 2022-09-07 16:51:17 --> 404 Page Not Found: Faviconico/index
DEBUG - 2022-09-07 17:54:25 --> UTF-8 Support Enabled
DEBUG - 2022-09-07 17:54:25 --> No URI present. Default controller set.
DEBUG - 2022-09-07 17:54:25 --> Global POST, GET and COOKIE data sanitized
ERROR - 2022-09-07 17:54:25 --> 404 Page Not Found: ERROR : url is wrong
DEBUG - 2022-09-07 17:54:26 --> UTF-8 Support Enabled
DEBUG - 2022-09-07 17:54:26 --> No URI present. Default controller set.
DEBUG - 2022-09-07 17:54:26 --> Global POST, GET and COOKIE data sanitized
ERROR - 2022-09-07 17:54:26 --> 404 Page Not Found: ERROR : url is wrong
DEBUG - 2022-09-07 18:33:08 --> UTF-8 Support Enabled
DEBUG - 2022-09-07 18:33:08 --> No URI present. Default controller set.
DEBUG - 2022-09-07 18:33:08 --> Global POST, GET and COOKIE data sanitized
DEBUG - 2022-09-07 18:33:08 --> Config file loaded: /hwonpark/www/application/config/tree.php
DEBUG - 2022-09-07 18:33:08 --> Total execution time: 0.0466
DEBUG - 2022-09-07 20:00:25 --> UTF-8 Support Enabled
DEBUG - 2022-09-07 20:00:25 --> No URI present. Default controller set.
DEBUG - 2022-09-07 20:00:25 --> Global POST, GET and COOKIE data sanitized
DEBUG - 2022-09-07 20:00:25 --> Config file loaded: /hwonpark/www/application/config/tree.php
DEBUG - 2022-09-07 20:00:25 --> Total execution time: 0.0317
DEBUG - 2022-09-07 20:00:25 --> UTF-8 Support Enabled
DEBUG - 2022-09-07 20:00:25 --> Global POST, GET and COOKIE data sanitized
ERROR - 2022-09-07 20:00:25 --> 404 Page Not Found: Faviconico/index
DEBUG - 2022-09-07 23:42:25 --> UTF-8 Support Enabled
DEBUG - 2022-09-07 23:42:25 --> No URI present. Default controller set.
DEBUG - 2022-09-07 23:42:25 --> Global POST, GET and COOKIE data sanitized
DEBUG - 2022-09-07 23:42:25 --> Config file loaded: /hwonpark/www/application/config/tree.php
DEBUG - 2022-09-07 23:42:25 --> Total execution time: 0.1626
DEBUG - 2022-09-07 23:42:26 --> UTF-8 Support Enabled
DEBUG - 2022-09-07 23:42:26 --> Global POST, GET and COOKIE data sanitized
ERROR - 2022-09-07 23:42:26 --> 404 Page Not Found: Faviconico/index
DEBUG - 2022-09-07 23:42:28 --> UTF-8 Support Enabled
DEBUG - 2022-09-07 23:42:28 --> Global POST, GET and COOKIE data sanitized
DEBUG - 2022-09-07 23:42:28 --> Config file loaded: /hwonpark/www/application/config/tree.php
DEBUG - 2022-09-07 23:42:30 --> UTF-8 Support Enabled
DEBUG - 2022-09-07 23:42:30 --> Global POST, GET and COOKIE data sanitized
DEBUG - 2022-09-07 23:42:30 --> Config file loaded: /hwonpark/www/application/config/tree.php
DEBUG - 2022-09-07 23:42:30 --> Total execution time: 0.0602
DEBUG - 2022-09-07 23:42:32 --> UTF-8 Support Enabled
DEBUG - 2022-09-07 23:42:32 --> Global POST, GET and COOKIE data sanitized
DEBUG - 2022-09-07 23:42:32 --> Config file loaded: /hwonpark/www/application/config/tree.php
DEBUG - 2022-09-07 23:42:32 --> =================== DL_auth-> oauth::CALLBACK - 시작
DEBUG - 2022-09-07 23:42:32 --> =================== DL_auth-> oauth::CALLBACK - kakao param=:: error=
DEBUG - 2022-09-07 23:42:32 --> =================== DL_auth-> oauth::CALLBACK - kakao param=:: state=
DEBUG - 2022-09-07 23:42:32 --> =================== DL_auth-> oauth::CALLBACK - kakao param=:: code=_3Xrt2UHyB6GLrm2-9XuLxGhtx0S2b-V_L14xd9he-lzk04q1KdGW4MCWHT9XHEyFnIWdgorDKcAAAGDGGcSIQ
DEBUG - 2022-09-07 23:42:32 --> =================== DL_auth -> kakao oauth :2: code=_3Xrt2UHyB6GLrm2-9XuLxGhtx0S2b-V_L14xd9he-lzk04q1KdGW4MCWHT9XHEyFnIWdgorDKcAAAGDGGcSIQ
DEBUG - 2022-09-07 23:42:32 --> ====================Dl_auth -> kakao_login :: 시작
DEBUG - 2022-09-07 23:42:32 --> --------------------Dl_auth::kakao_login - 1.토큰요청 시작
DEBUG - 2022-09-07 23:42:32 --> Dl_auth::kakao_login - get_token 시작 n=2
DEBUG - 2022-09-07 23:42:32 --> --------------------Dl_auth::kakao_login - 1.2.토큰요청 시작 -> 기타브라우저
DEBUG - 2022-09-07 23:42:32 --> --------------------Dl_auth::kakao_login - 1.3.토큰요청
DEBUG - 2022-09-07 23:42:32 --> --------------------Dl_auth::kakao_login - 1.4.토큰요청 -> 성공
DEBUG - 2022-09-07 23:42:32 --> UTF-8 Support Enabled
DEBUG - 2022-09-07 23:42:32 --> Global POST, GET and COOKIE data sanitized
DEBUG - 2022-09-07 23:42:32 --> Config file loaded: /hwonpark/www/application/config/tree.php
DEBUG - 2022-09-07 23:42:32 --> =================== DL_auth-> oauth::CALLBACK - 시작
DEBUG - 2022-09-07 23:42:32 --> =================== DL_auth-> oauth::CALLBACK - kakao param=:: error=
DEBUG - 2022-09-07 23:42:32 --> =================== DL_auth-> oauth::CALLBACK - kakao param=:: state=
DEBUG - 2022-09-07 23:42:32 --> =================== DL_auth-> oauth::CALLBACK - kakao param=:: code=_3Xrt2UHyB6GLrm2-9XuLxGhtx0S2b-V_L14xd9he-lzk04q1KdGW4MCWHT9XHEyFnIWdgorDKcAAAGDGGcSIQ
DEBUG - 2022-09-07 23:42:32 --> =================== DL_auth -> kakao oauth :2: code=_3Xrt2UHyB6GLrm2-9XuLxGhtx0S2b-V_L14xd9he-lzk04q1KdGW4MCWHT9XHEyFnIWdgorDKcAAAGDGGcSIQ
DEBUG - 2022-09-07 23:42:32 --> ====================Dl_auth -> kakao_login :: 시작
DEBUG - 2022-09-07 23:42:32 --> ====================Dl_auth::kakao_login - 1.3.5- 사이트 회원정보 업데이트 성공(카카오 인증 완료) state=
DEBUG - 2022-09-07 23:42:33 --> UTF-8 Support Enabled
DEBUG - 2022-09-07 23:42:33 --> Global POST, GET and COOKIE data sanitized
DEBUG - 2022-09-07 23:42:33 --> Config file loaded: /hwonpark/www/application/config/tree.php
DEBUG - 2022-09-07 23:42:33 --> Encryption: Auto-configured driver 'openssl'.
DEBUG - 2022-09-07 23:42:33 --> Total execution time: 0.0444
DEBUG - 2022-09-07 23:42:36 --> UTF-8 Support Enabled
DEBUG - 2022-09-07 23:42:36 --> Global POST, GET and COOKIE data sanitized
DEBUG - 2022-09-07 23:42:36 --> Config file loaded: /hwonpark/www/application/config/tree.php
DEBUG - 2022-09-07 23:42:36 --> Encryption: Auto-configured driver 'openssl'.
DEBUG - 2022-09-07 23:42:36 --> Total execution time: 0.0949
DEBUG - 2022-09-07 23:48:45 --> UTF-8 Support Enabled
DEBUG - 2022-09-07 23:48:45 --> Global POST, GET and COOKIE data sanitized
DEBUG - 2022-09-07 23:48:45 --> Config file loaded: /hwonpark/www/application/config/tree.php
DEBUG - 2022-09-07 23:48:45 --> Encryption: Auto-configured driver 'openssl'.
DEBUG - 2022-09-07 23:48:45 --> Total execution time: 0.0407
