DEBUG - 2022-10-11 08:39:17 --> UTF-8 Support Enabled
DEBUG - 2022-10-11 08:39:17 --> No URI present. Default controller set.
DEBUG - 2022-10-11 08:39:17 --> Global POST, GET and COOKIE data sanitized
DEBUG - 2022-10-11 08:39:17 --> Config file loaded: /hwonpark/www/application/config/tree.php
DEBUG - 2022-10-11 08:39:18 --> Total execution time: 0.2361
DEBUG - 2022-10-11 08:39:42 --> UTF-8 Support Enabled
DEBUG - 2022-10-11 08:39:42 --> No URI present. Default controller set.
DEBUG - 2022-10-11 08:39:42 --> Global POST, GET and COOKIE data sanitized
DEBUG - 2022-10-11 08:39:42 --> Config file loaded: /hwonpark/www/application/config/tree.php
DEBUG - 2022-10-11 08:39:42 --> Total execution time: 0.0376
DEBUG - 2022-10-11 08:39:43 --> UTF-8 Support Enabled
DEBUG - 2022-10-11 08:39:43 --> Global POST, GET and COOKIE data sanitized
ERROR - 2022-10-11 08:39:43 --> 404 Page Not Found: Faviconico/index
DEBUG - 2022-10-11 08:58:05 --> UTF-8 Support Enabled
DEBUG - 2022-10-11 08:58:05 --> Global POST, GET and COOKIE data sanitized
DEBUG - 2022-10-11 08:58:05 --> Config file loaded: /hwonpark/www/application/config/tree.php
DEBUG - 2022-10-11 08:58:05 --> Total execution time: 0.0532
DEBUG - 2022-10-11 08:58:06 --> UTF-8 Support Enabled
DEBUG - 2022-10-11 08:58:06 --> Global POST, GET and COOKIE data sanitized
ERROR - 2022-10-11 08:58:06 --> 404 Page Not Found: Faviconico/index
DEBUG - 2022-10-11 08:58:24 --> UTF-8 Support Enabled
DEBUG - 2022-10-11 08:58:24 --> Global POST, GET and COOKIE data sanitized
DEBUG - 2022-10-11 08:58:24 --> Config file loaded: /hwonpark/www/application/config/tree.php
DEBUG - 2022-10-11 08:58:26 --> UTF-8 Support Enabled
DEBUG - 2022-10-11 08:58:26 --> Global POST, GET and COOKIE data sanitized
DEBUG - 2022-10-11 08:58:26 --> Config file loaded: /hwonpark/www/application/config/tree.php
DEBUG - 2022-10-11 08:58:26 --> Total execution time: 0.0273
DEBUG - 2022-10-11 08:58:30 --> UTF-8 Support Enabled
DEBUG - 2022-10-11 08:58:30 --> Global POST, GET and COOKIE data sanitized
DEBUG - 2022-10-11 08:58:30 --> Config file loaded: /hwonpark/www/application/config/tree.php
DEBUG - 2022-10-11 08:58:32 --> UTF-8 Support Enabled
DEBUG - 2022-10-11 08:58:32 --> Global POST, GET and COOKIE data sanitized
DEBUG - 2022-10-11 08:58:32 --> Config file loaded: /hwonpark/www/application/config/tree.php
DEBUG - 2022-10-11 08:58:32 --> Total execution time: 0.0353
DEBUG - 2022-10-11 08:58:38 --> UTF-8 Support Enabled
DEBUG - 2022-10-11 08:58:38 --> Global POST, GET and COOKIE data sanitized
DEBUG - 2022-10-11 08:58:38 --> Config file loaded: /hwonpark/www/application/config/tree.php
DEBUG - 2022-10-11 08:58:40 --> UTF-8 Support Enabled
DEBUG - 2022-10-11 08:58:40 --> Global POST, GET and COOKIE data sanitized
DEBUG - 2022-10-11 08:58:40 --> Config file loaded: /hwonpark/www/application/config/tree.php
DEBUG - 2022-10-11 08:58:40 --> Total execution time: 0.0255
DEBUG - 2022-10-11 08:58:48 --> UTF-8 Support Enabled
DEBUG - 2022-10-11 08:58:48 --> Global POST, GET and COOKIE data sanitized
DEBUG - 2022-10-11 08:58:48 --> Config file loaded: /hwonpark/www/application/config/tree.php
DEBUG - 2022-10-11 08:58:49 --> UTF-8 Support Enabled
DEBUG - 2022-10-11 08:58:49 --> Global POST, GET and COOKIE data sanitized
DEBUG - 2022-10-11 08:58:49 --> Config file loaded: /hwonpark/www/application/config/tree.php
DEBUG - 2022-10-11 08:58:49 --> Encryption: Auto-configured driver 'openssl'.
DEBUG - 2022-10-11 08:58:49 --> UTF-8 Support Enabled
DEBUG - 2022-10-11 08:58:49 --> Global POST, GET and COOKIE data sanitized
DEBUG - 2022-10-11 08:58:49 --> Config file loaded: /hwonpark/www/application/config/tree.php
DEBUG - 2022-10-11 08:58:49 --> Encryption: Auto-configured driver 'openssl'.
DEBUG - 2022-10-11 08:58:49 --> Encryption class already loaded. Second attempt ignored.
DEBUG - 2022-10-11 08:58:49 --> Total execution time: 0.0639
DEBUG - 2022-10-11 08:58:51 --> UTF-8 Support Enabled
DEBUG - 2022-10-11 08:58:51 --> Global POST, GET and COOKIE data sanitized
DEBUG - 2022-10-11 08:58:51 --> Config file loaded: /hwonpark/www/application/config/tree.php
DEBUG - 2022-10-11 08:58:51 --> Encryption: Auto-configured driver 'openssl'.
DEBUG - 2022-10-11 08:58:51 --> Encryption class already loaded. Second attempt ignored.
DEBUG - 2022-10-11 08:58:51 --> Total execution time: 0.0469
DEBUG - 2022-10-11 08:58:53 --> UTF-8 Support Enabled
DEBUG - 2022-10-11 08:58:53 --> Global POST, GET and COOKIE data sanitized
DEBUG - 2022-10-11 08:58:53 --> Total execution time: 0.0516
DEBUG - 2022-10-11 08:58:55 --> UTF-8 Support Enabled
DEBUG - 2022-10-11 08:58:55 --> Global POST, GET and COOKIE data sanitized
DEBUG - 2022-10-11 08:58:55 --> Config file loaded: /hwonpark/www/application/config/tree.php
DEBUG - 2022-10-11 08:58:55 --> Encryption: Auto-configured driver 'openssl'.
DEBUG - 2022-10-11 08:58:55 --> Encryption class already loaded. Second attempt ignored.
DEBUG - 2022-10-11 08:58:55 --> Total execution time: 0.0338
DEBUG - 2022-10-11 09:00:07 --> UTF-8 Support Enabled
DEBUG - 2022-10-11 09:00:07 --> Global POST, GET and COOKIE data sanitized
DEBUG - 2022-10-11 09:00:07 --> Config file loaded: /hwonpark/www/application/config/tree.php
DEBUG - 2022-10-11 09:00:07 --> Encryption: Auto-configured driver 'openssl'.
DEBUG - 2022-10-11 09:00:07 --> Encryption class already loaded. Second attempt ignored.
DEBUG - 2022-10-11 09:00:07 --> Total execution time: 0.0516
DEBUG - 2022-10-11 09:00:42 --> UTF-8 Support Enabled
DEBUG - 2022-10-11 09:00:42 --> Global POST, GET and COOKIE data sanitized
DEBUG - 2022-10-11 09:00:42 --> Config file loaded: /hwonpark/www/application/config/tree.php
DEBUG - 2022-10-11 09:00:42 --> Encryption: Auto-configured driver 'openssl'.
DEBUG - 2022-10-11 09:00:42 --> Encryption class already loaded. Second attempt ignored.
DEBUG - 2022-10-11 09:00:42 --> Total execution time: 0.0693
DEBUG - 2022-10-11 09:01:05 --> UTF-8 Support Enabled
DEBUG - 2022-10-11 09:01:05 --> Global POST, GET and COOKIE data sanitized
DEBUG - 2022-10-11 09:01:05 --> Config file loaded: /hwonpark/www/application/config/tree.php
DEBUG - 2022-10-11 09:01:05 --> Encryption: Auto-configured driver 'openssl'.
DEBUG - 2022-10-11 09:01:05 --> Encryption class already loaded. Second attempt ignored.
DEBUG - 2022-10-11 09:01:05 --> Total execution time: 0.0331
DEBUG - 2022-10-11 09:08:13 --> UTF-8 Support Enabled
DEBUG - 2022-10-11 09:08:13 --> Global POST, GET and COOKIE data sanitized
DEBUG - 2022-10-11 09:08:13 --> Config file loaded: /hwonpark/www/application/config/tree.php
DEBUG - 2022-10-11 09:08:13 --> Encryption: Auto-configured driver 'openssl'.
DEBUG - 2022-10-11 09:08:13 --> Total execution time: 0.0741
DEBUG - 2022-10-11 09:08:16 --> UTF-8 Support Enabled
DEBUG - 2022-10-11 09:08:16 --> Global POST, GET and COOKIE data sanitized
DEBUG - 2022-10-11 09:08:16 --> Config file loaded: /hwonpark/www/application/config/tree.php
DEBUG - 2022-10-11 09:08:16 --> Encryption: Auto-configured driver 'openssl'.
DEBUG - 2022-10-11 09:08:16 --> Total execution time: 0.0342
DEBUG - 2022-10-11 09:08:19 --> UTF-8 Support Enabled
DEBUG - 2022-10-11 09:08:19 --> Global POST, GET and COOKIE data sanitized
DEBUG - 2022-10-11 09:08:19 --> Config file loaded: /hwonpark/www/application/config/tree.php
DEBUG - 2022-10-11 09:08:19 --> Encryption: Auto-configured driver 'openssl'.
DEBUG - 2022-10-11 09:08:19 --> Total execution time: 0.0403
DEBUG - 2022-10-11 09:09:05 --> UTF-8 Support Enabled
DEBUG - 2022-10-11 09:09:05 --> Global POST, GET and COOKIE data sanitized
DEBUG - 2022-10-11 09:09:05 --> Config file loaded: /hwonpark/www/application/config/tree.php
DEBUG - 2022-10-11 09:09:05 --> Encryption: Auto-configured driver 'openssl'.
DEBUG - 2022-10-11 09:09:05 --> Total execution time: 0.0700
DEBUG - 2022-10-11 09:24:26 --> UTF-8 Support Enabled
DEBUG - 2022-10-11 09:24:26 --> No URI present. Default controller set.
DEBUG - 2022-10-11 09:24:26 --> Global POST, GET and COOKIE data sanitized
DEBUG - 2022-10-11 09:24:26 --> Config file loaded: /hwonpark/www/application/config/tree.php
DEBUG - 2022-10-11 09:24:26 --> Total execution time: 0.0665
DEBUG - 2022-10-11 09:48:55 --> UTF-8 Support Enabled
DEBUG - 2022-10-11 09:48:55 --> Global POST, GET and COOKIE data sanitized
DEBUG - 2022-10-11 09:48:55 --> Config file loaded: /hwonpark/www/application/config/tree.php
DEBUG - 2022-10-11 09:48:55 --> Total execution time: 0.0595
DEBUG - 2022-10-11 09:48:57 --> UTF-8 Support Enabled
DEBUG - 2022-10-11 09:48:57 --> Global POST, GET and COOKIE data sanitized
ERROR - 2022-10-11 09:48:57 --> 404 Page Not Found: Faviconico/index
DEBUG - 2022-10-11 09:48:57 --> UTF-8 Support Enabled
DEBUG - 2022-10-11 09:48:57 --> No URI present. Default controller set.
DEBUG - 2022-10-11 09:48:57 --> Global POST, GET and COOKIE data sanitized
DEBUG - 2022-10-11 09:48:57 --> Config file loaded: /hwonpark/www/application/config/tree.php
DEBUG - 2022-10-11 09:48:57 --> Total execution time: 0.0320
DEBUG - 2022-10-11 09:49:06 --> UTF-8 Support Enabled
DEBUG - 2022-10-11 09:49:06 --> No URI present. Default controller set.
DEBUG - 2022-10-11 09:49:06 --> Global POST, GET and COOKIE data sanitized
DEBUG - 2022-10-11 09:49:06 --> Config file loaded: /hwonpark/www/application/config/tree.php
DEBUG - 2022-10-11 09:49:06 --> Total execution time: 0.0516
DEBUG - 2022-10-11 09:49:23 --> UTF-8 Support Enabled
DEBUG - 2022-10-11 09:49:23 --> No URI present. Default controller set.
DEBUG - 2022-10-11 09:49:23 --> Global POST, GET and COOKIE data sanitized
DEBUG - 2022-10-11 09:49:23 --> Config file loaded: /hwonpark/www/application/config/tree.php
DEBUG - 2022-10-11 09:49:23 --> Total execution time: 0.0290
DEBUG - 2022-10-11 09:52:05 --> UTF-8 Support Enabled
DEBUG - 2022-10-11 09:52:05 --> No URI present. Default controller set.
DEBUG - 2022-10-11 09:52:05 --> Global POST, GET and COOKIE data sanitized
DEBUG - 2022-10-11 09:52:05 --> Config file loaded: /hwonpark/www/application/config/tree.php
DEBUG - 2022-10-11 09:52:05 --> Total execution time: 0.0455
DEBUG - 2022-10-11 09:52:05 --> UTF-8 Support Enabled
DEBUG - 2022-10-11 09:52:05 --> No URI present. Default controller set.
DEBUG - 2022-10-11 09:52:05 --> Global POST, GET and COOKIE data sanitized
DEBUG - 2022-10-11 09:52:05 --> Config file loaded: /hwonpark/www/application/config/tree.php
DEBUG - 2022-10-11 09:52:05 --> UTF-8 Support Enabled
DEBUG - 2022-10-11 09:52:05 --> No URI present. Default controller set.
DEBUG - 2022-10-11 09:52:05 --> Global POST, GET and COOKIE data sanitized
DEBUG - 2022-10-11 09:52:05 --> Total execution time: 0.0435
DEBUG - 2022-10-11 09:52:05 --> Config file loaded: /hwonpark/www/application/config/tree.php
DEBUG - 2022-10-11 09:52:05 --> Total execution time: 0.0392
DEBUG - 2022-10-11 09:52:05 --> UTF-8 Support Enabled
DEBUG - 2022-10-11 09:52:05 --> No URI present. Default controller set.
DEBUG - 2022-10-11 09:52:05 --> Global POST, GET and COOKIE data sanitized
DEBUG - 2022-10-11 09:52:05 --> Config file loaded: /hwonpark/www/application/config/tree.php
DEBUG - 2022-10-11 09:52:05 --> Total execution time: 0.0326
DEBUG - 2022-10-11 09:52:06 --> UTF-8 Support Enabled
DEBUG - 2022-10-11 09:52:06 --> No URI present. Default controller set.
DEBUG - 2022-10-11 09:52:06 --> Global POST, GET and COOKIE data sanitized
DEBUG - 2022-10-11 09:52:06 --> Config file loaded: /hwonpark/www/application/config/tree.php
DEBUG - 2022-10-11 09:52:06 --> Total execution time: 0.0606
DEBUG - 2022-10-11 09:52:06 --> UTF-8 Support Enabled
DEBUG - 2022-10-11 09:52:06 --> No URI present. Default controller set.
DEBUG - 2022-10-11 09:52:06 --> Global POST, GET and COOKIE data sanitized
DEBUG - 2022-10-11 09:52:06 --> Config file loaded: /hwonpark/www/application/config/tree.php
DEBUG - 2022-10-11 09:52:06 --> Total execution time: 0.0293
DEBUG - 2022-10-11 09:52:06 --> UTF-8 Support Enabled
DEBUG - 2022-10-11 09:52:06 --> No URI present. Default controller set.
DEBUG - 2022-10-11 09:52:06 --> Global POST, GET and COOKIE data sanitized
DEBUG - 2022-10-11 09:52:06 --> Config file loaded: /hwonpark/www/application/config/tree.php
DEBUG - 2022-10-11 09:52:06 --> Total execution time: 0.0296
DEBUG - 2022-10-11 09:52:06 --> UTF-8 Support Enabled
DEBUG - 2022-10-11 09:52:06 --> No URI present. Default controller set.
DEBUG - 2022-10-11 09:52:06 --> Global POST, GET and COOKIE data sanitized
DEBUG - 2022-10-11 09:52:06 --> Config file loaded: /hwonpark/www/application/config/tree.php
DEBUG - 2022-10-11 09:52:06 --> Total execution time: 0.0579
DEBUG - 2022-10-11 09:52:07 --> UTF-8 Support Enabled
DEBUG - 2022-10-11 09:52:07 --> No URI present. Default controller set.
DEBUG - 2022-10-11 09:52:07 --> Global POST, GET and COOKIE data sanitized
DEBUG - 2022-10-11 09:52:08 --> Config file loaded: /hwonpark/www/application/config/tree.php
DEBUG - 2022-10-11 09:52:08 --> Total execution time: 0.0313
DEBUG - 2022-10-11 09:52:10 --> UTF-8 Support Enabled
DEBUG - 2022-10-11 09:52:10 --> No URI present. Default controller set.
DEBUG - 2022-10-11 09:52:10 --> Global POST, GET and COOKIE data sanitized
DEBUG - 2022-10-11 09:52:10 --> Config file loaded: /hwonpark/www/application/config/tree.php
DEBUG - 2022-10-11 09:52:10 --> Total execution time: 0.0304
DEBUG - 2022-10-11 09:52:10 --> UTF-8 Support Enabled
DEBUG - 2022-10-11 09:52:10 --> No URI present. Default controller set.
DEBUG - 2022-10-11 09:52:10 --> Global POST, GET and COOKIE data sanitized
DEBUG - 2022-10-11 09:52:10 --> Config file loaded: /hwonpark/www/application/config/tree.php
DEBUG - 2022-10-11 09:52:10 --> Total execution time: 0.0387
DEBUG - 2022-10-11 09:52:10 --> UTF-8 Support Enabled
DEBUG - 2022-10-11 09:52:10 --> No URI present. Default controller set.
DEBUG - 2022-10-11 09:52:10 --> Global POST, GET and COOKIE data sanitized
DEBUG - 2022-10-11 09:52:10 --> Config file loaded: /hwonpark/www/application/config/tree.php
DEBUG - 2022-10-11 09:52:10 --> Total execution time: 0.0561
DEBUG - 2022-10-11 09:52:16 --> UTF-8 Support Enabled
DEBUG - 2022-10-11 09:52:16 --> No URI present. Default controller set.
DEBUG - 2022-10-11 09:52:16 --> Global POST, GET and COOKIE data sanitized
DEBUG - 2022-10-11 09:52:16 --> Config file loaded: /hwonpark/www/application/config/tree.php
DEBUG - 2022-10-11 09:52:16 --> Total execution time: 0.0311
DEBUG - 2022-10-11 09:53:04 --> UTF-8 Support Enabled
DEBUG - 2022-10-11 09:53:04 --> No URI present. Default controller set.
DEBUG - 2022-10-11 09:53:04 --> Global POST, GET and COOKIE data sanitized
DEBUG - 2022-10-11 09:53:04 --> Config file loaded: /hwonpark/www/application/config/tree.php
DEBUG - 2022-10-11 09:53:04 --> Total execution time: 0.0609
DEBUG - 2022-10-11 09:59:17 --> UTF-8 Support Enabled
DEBUG - 2022-10-11 09:59:17 --> No URI present. Default controller set.
DEBUG - 2022-10-11 09:59:17 --> Global POST, GET and COOKIE data sanitized
DEBUG - 2022-10-11 09:59:17 --> Config file loaded: /hwonpark/www/application/config/tree.php
DEBUG - 2022-10-11 09:59:17 --> Total execution time: 0.0279
DEBUG - 2022-10-11 10:04:09 --> UTF-8 Support Enabled
DEBUG - 2022-10-11 10:04:09 --> No URI present. Default controller set.
DEBUG - 2022-10-11 10:04:09 --> Global POST, GET and COOKIE data sanitized
DEBUG - 2022-10-11 10:04:09 --> Config file loaded: /hwonpark/www/application/config/tree.php
DEBUG - 2022-10-11 10:04:09 --> Total execution time: 0.0615
DEBUG - 2022-10-11 10:04:11 --> UTF-8 Support Enabled
DEBUG - 2022-10-11 10:04:11 --> Global POST, GET and COOKIE data sanitized
ERROR - 2022-10-11 10:04:11 --> 404 Page Not Found: Faviconico/index
DEBUG - 2022-10-11 10:10:58 --> UTF-8 Support Enabled
DEBUG - 2022-10-11 10:10:58 --> Global POST, GET and COOKIE data sanitized
DEBUG - 2022-10-11 10:10:58 --> Config file loaded: /hwonpark/www/application/config/tree.php
DEBUG - 2022-10-11 10:10:58 --> Total execution time: 0.0316
DEBUG - 2022-10-11 10:23:20 --> UTF-8 Support Enabled
DEBUG - 2022-10-11 10:23:20 --> No URI present. Default controller set.
DEBUG - 2022-10-11 10:23:20 --> Global POST, GET and COOKIE data sanitized
DEBUG - 2022-10-11 10:23:20 --> Config file loaded: /hwonpark/www/application/config/tree.php
DEBUG - 2022-10-11 10:23:20 --> Total execution time: 0.0399
DEBUG - 2022-10-11 10:28:52 --> UTF-8 Support Enabled
DEBUG - 2022-10-11 10:28:52 --> Global POST, GET and COOKIE data sanitized
DEBUG - 2022-10-11 10:28:52 --> Config file loaded: /hwonpark/www/application/config/tree.php
DEBUG - 2022-10-11 10:28:52 --> Total execution time: 0.0523
DEBUG - 2022-10-11 10:29:55 --> UTF-8 Support Enabled
DEBUG - 2022-10-11 10:29:55 --> Global POST, GET and COOKIE data sanitized
DEBUG - 2022-10-11 10:29:55 --> Config file loaded: /hwonpark/www/application/config/tree.php
DEBUG - 2022-10-11 10:29:56 --> Total execution time: 0.0569
DEBUG - 2022-10-11 10:30:08 --> UTF-8 Support Enabled
DEBUG - 2022-10-11 10:30:09 --> Global POST, GET and COOKIE data sanitized
DEBUG - 2022-10-11 10:30:09 --> Config file loaded: /hwonpark/www/application/config/tree.php
DEBUG - 2022-10-11 10:30:09 --> Total execution time: 0.0393
DEBUG - 2022-10-11 10:30:13 --> UTF-8 Support Enabled
DEBUG - 2022-10-11 10:30:13 --> Global POST, GET and COOKIE data sanitized
DEBUG - 2022-10-11 10:30:13 --> Config file loaded: /hwonpark/www/application/config/tree.php
DEBUG - 2022-10-11 10:30:13 --> Total execution time: 0.0472
DEBUG - 2022-10-11 10:31:53 --> UTF-8 Support Enabled
DEBUG - 2022-10-11 10:31:53 --> No URI present. Default controller set.
DEBUG - 2022-10-11 10:31:53 --> Global POST, GET and COOKIE data sanitized
DEBUG - 2022-10-11 10:31:53 --> Config file loaded: /hwonpark/www/application/config/tree.php
DEBUG - 2022-10-11 10:31:53 --> Total execution time: 0.0296
DEBUG - 2022-10-11 10:32:27 --> UTF-8 Support Enabled
DEBUG - 2022-10-11 10:32:27 --> No URI present. Default controller set.
DEBUG - 2022-10-11 10:32:27 --> Global POST, GET and COOKIE data sanitized
DEBUG - 2022-10-11 10:32:27 --> Config file loaded: /hwonpark/www/application/config/tree.php
DEBUG - 2022-10-11 10:32:27 --> Total execution time: 0.0318
DEBUG - 2022-10-11 10:32:32 --> UTF-8 Support Enabled
DEBUG - 2022-10-11 10:32:32 --> Global POST, GET and COOKIE data sanitized
ERROR - 2022-10-11 10:32:32 --> 404 Page Not Found: Faviconico/index
DEBUG - 2022-10-11 10:32:44 --> UTF-8 Support Enabled
DEBUG - 2022-10-11 10:32:44 --> Global POST, GET and COOKIE data sanitized
DEBUG - 2022-10-11 10:32:44 --> Config file loaded: /hwonpark/www/application/config/tree.php
DEBUG - 2022-10-11 10:32:44 --> Total execution time: 0.0558
DEBUG - 2022-10-11 10:33:30 --> UTF-8 Support Enabled
DEBUG - 2022-10-11 10:33:30 --> No URI present. Default controller set.
DEBUG - 2022-10-11 10:33:30 --> Global POST, GET and COOKIE data sanitized
DEBUG - 2022-10-11 10:33:30 --> Config file loaded: /hwonpark/www/application/config/tree.php
DEBUG - 2022-10-11 10:33:30 --> Total execution time: 0.0383
DEBUG - 2022-10-11 10:34:02 --> UTF-8 Support Enabled
DEBUG - 2022-10-11 10:34:02 --> No URI present. Default controller set.
DEBUG - 2022-10-11 10:34:02 --> Global POST, GET and COOKIE data sanitized
DEBUG - 2022-10-11 10:34:02 --> Config file loaded: /hwonpark/www/application/config/tree.php
DEBUG - 2022-10-11 10:34:02 --> Total execution time: 0.0609
DEBUG - 2022-10-11 10:34:05 --> UTF-8 Support Enabled
DEBUG - 2022-10-11 10:34:05 --> Global POST, GET and COOKIE data sanitized
DEBUG - 2022-10-11 10:34:05 --> Config file loaded: /hwonpark/www/application/config/tree.php
DEBUG - 2022-10-11 10:34:05 --> Total execution time: 0.0491
DEBUG - 2022-10-11 10:34:30 --> UTF-8 Support Enabled
DEBUG - 2022-10-11 10:34:30 --> Global POST, GET and COOKIE data sanitized
DEBUG - 2022-10-11 10:34:30 --> Config file loaded: /hwonpark/www/application/config/tree.php
DEBUG - 2022-10-11 10:34:31 --> UTF-8 Support Enabled
DEBUG - 2022-10-11 10:34:31 --> No URI present. Default controller set.
DEBUG - 2022-10-11 10:34:31 --> Global POST, GET and COOKIE data sanitized
DEBUG - 2022-10-11 10:34:31 --> Config file loaded: /hwonpark/www/application/config/tree.php
DEBUG - 2022-10-11 10:34:31 --> Total execution time: 0.0282
DEBUG - 2022-10-11 10:34:47 --> UTF-8 Support Enabled
DEBUG - 2022-10-11 10:34:47 --> Global POST, GET and COOKIE data sanitized
DEBUG - 2022-10-11 10:34:47 --> Config file loaded: /hwonpark/www/application/config/tree.php
DEBUG - 2022-10-11 10:34:47 --> Total execution time: 0.0330
DEBUG - 2022-10-11 10:34:51 --> UTF-8 Support Enabled
DEBUG - 2022-10-11 10:34:51 --> Global POST, GET and COOKIE data sanitized
DEBUG - 2022-10-11 10:34:51 --> Config file loaded: /hwonpark/www/application/config/tree.php
DEBUG - 2022-10-11 10:34:51 --> Total execution time: 0.0354
DEBUG - 2022-10-11 10:34:55 --> UTF-8 Support Enabled
DEBUG - 2022-10-11 10:34:55 --> Global POST, GET and COOKIE data sanitized
DEBUG - 2022-10-11 10:34:55 --> Config file loaded: /hwonpark/www/application/config/tree.php
DEBUG - 2022-10-11 10:34:55 --> Total execution time: 0.0365
DEBUG - 2022-10-11 10:35:05 --> UTF-8 Support Enabled
DEBUG - 2022-10-11 10:35:05 --> Global POST, GET and COOKIE data sanitized
DEBUG - 2022-10-11 10:35:05 --> Config file loaded: /hwonpark/www/application/config/tree.php
DEBUG - 2022-10-11 10:35:05 --> Total execution time: 0.0514
DEBUG - 2022-10-11 10:38:36 --> UTF-8 Support Enabled
DEBUG - 2022-10-11 10:38:36 --> No URI present. Default controller set.
DEBUG - 2022-10-11 10:38:36 --> Global POST, GET and COOKIE data sanitized
DEBUG - 2022-10-11 10:38:36 --> Config file loaded: /hwonpark/www/application/config/tree.php
DEBUG - 2022-10-11 10:38:36 --> Total execution time: 0.0682
DEBUG - 2022-10-11 12:14:59 --> UTF-8 Support Enabled
DEBUG - 2022-10-11 12:14:59 --> No URI present. Default controller set.
DEBUG - 2022-10-11 12:14:59 --> Global POST, GET and COOKIE data sanitized
DEBUG - 2022-10-11 12:14:59 --> Config file loaded: /hwonpark/www/application/config/tree.php
DEBUG - 2022-10-11 12:14:59 --> Total execution time: 0.1963
DEBUG - 2022-10-11 12:15:00 --> UTF-8 Support Enabled
DEBUG - 2022-10-11 12:15:00 --> Global POST, GET and COOKIE data sanitized
ERROR - 2022-10-11 12:15:00 --> 404 Page Not Found: Faviconico/index
DEBUG - 2022-10-11 12:15:06 --> UTF-8 Support Enabled
DEBUG - 2022-10-11 12:15:06 --> Global POST, GET and COOKIE data sanitized
DEBUG - 2022-10-11 12:15:06 --> Config file loaded: /hwonpark/www/application/config/tree.php
DEBUG - 2022-10-11 12:15:07 --> --------------------DC_common::chk_perm - 1.인가코드요청 시작 -> if 인앱브라우저
DEBUG - 2022-10-11 12:15:11 --> UTF-8 Support Enabled
DEBUG - 2022-10-11 12:15:11 --> Global POST, GET and COOKIE data sanitized
DEBUG - 2022-10-11 12:15:11 --> Config file loaded: /hwonpark/www/application/config/tree.php
DEBUG - 2022-10-11 12:15:11 --> =================== DL_auth-> oauth::CALLBACK - 시작
DEBUG - 2022-10-11 12:15:11 --> =================== DL_auth-> oauth::CALLBACK - kakao param=:: error=
DEBUG - 2022-10-11 12:15:11 --> =================== DL_auth-> oauth::CALLBACK - kakao param=:: state=/ko/brief/view?idx=31
DEBUG - 2022-10-11 12:15:11 --> =================== DL_auth-> oauth::CALLBACK - kakao param=:: code=J4s2LzmN6qT1Ltp5nkcQKANrt40Z54IuU4QkefrWiXGx9Hx6DVmyYqvN--t2ka7pS1xytQo9dJcAAAGDxQoE6A
DEBUG - 2022-10-11 12:15:11 --> =================== DL_auth -> kakao oauth :2: code=J4s2LzmN6qT1Ltp5nkcQKANrt40Z54IuU4QkefrWiXGx9Hx6DVmyYqvN--t2ka7pS1xytQo9dJcAAAGDxQoE6A
DEBUG - 2022-10-11 12:15:11 --> ====================Dl_auth -> kakao_login :: 시작
DEBUG - 2022-10-11 12:15:11 --> --------------------Dl_auth::kakao_login - 1.토큰요청 시작
DEBUG - 2022-10-11 12:15:11 --> Dl_auth::kakao_login - get_token 시작 n=2
DEBUG - 2022-10-11 12:15:11 --> --------------------Dl_auth::kakao_login - 1.2.토큰요청 시작 -> 기타브라우저
DEBUG - 2022-10-11 12:15:11 --> --------------------Dl_auth::kakao_login - 1.3.토큰요청
DEBUG - 2022-10-11 12:15:11 --> --------------------Dl_auth::kakao_login - 1.4.토큰요청 -> 성공
DEBUG - 2022-10-11 12:15:12 --> UTF-8 Support Enabled
DEBUG - 2022-10-11 12:15:12 --> Global POST, GET and COOKIE data sanitized
DEBUG - 2022-10-11 12:15:12 --> Config file loaded: /hwonpark/www/application/config/tree.php
DEBUG - 2022-10-11 12:15:12 --> =================== DL_auth-> oauth::CALLBACK - 시작
DEBUG - 2022-10-11 12:15:12 --> =================== DL_auth-> oauth::CALLBACK - kakao param=:: error=
DEBUG - 2022-10-11 12:15:12 --> =================== DL_auth-> oauth::CALLBACK - kakao param=:: state=/ko/brief/view?idx=31
DEBUG - 2022-10-11 12:15:12 --> =================== DL_auth-> oauth::CALLBACK - kakao param=:: code=J4s2LzmN6qT1Ltp5nkcQKANrt40Z54IuU4QkefrWiXGx9Hx6DVmyYqvN--t2ka7pS1xytQo9dJcAAAGDxQoE6A
DEBUG - 2022-10-11 12:15:12 --> =================== DL_auth -> kakao oauth :2: code=J4s2LzmN6qT1Ltp5nkcQKANrt40Z54IuU4QkefrWiXGx9Hx6DVmyYqvN--t2ka7pS1xytQo9dJcAAAGDxQoE6A
DEBUG - 2022-10-11 12:15:12 --> ====================Dl_auth -> kakao_login :: 시작
DEBUG - 2022-10-11 12:15:21 --> UTF-8 Support Enabled
DEBUG - 2022-10-11 12:15:21 --> Global POST, GET and COOKIE data sanitized
DEBUG - 2022-10-11 12:15:21 --> Config file loaded: /hwonpark/www/application/config/tree.php
DEBUG - 2022-10-11 12:15:21 --> Total execution time: 0.0658
DEBUG - 2022-10-11 12:15:39 --> UTF-8 Support Enabled
DEBUG - 2022-10-11 12:15:39 --> Global POST, GET and COOKIE data sanitized
DEBUG - 2022-10-11 12:15:39 --> Session class already loaded. Second attempt ignored.
DEBUG - 2022-10-11 12:15:39 --> Total execution time: 0.0437
DEBUG - 2022-10-11 12:15:39 --> UTF-8 Support Enabled
DEBUG - 2022-10-11 12:15:39 --> Global POST, GET and COOKIE data sanitized
DEBUG - 2022-10-11 12:15:40 --> Config file loaded: /hwonpark/www/application/config/tree.php
DEBUG - 2022-10-11 12:15:40 --> =================== DL_auth-> oauth::CALLBACK - 시작
DEBUG - 2022-10-11 12:15:40 --> =================== DL_auth-> oauth::CALLBACK - kakao param=:: error=
DEBUG - 2022-10-11 12:15:40 --> =================== DL_auth-> oauth::CALLBACK - kakao param=:: state=
DEBUG - 2022-10-11 12:15:40 --> =================== DL_auth-> oauth::CALLBACK - kakao param=:: code=WTe4US-NPRMLkrOKaZdCUtS50y0iiqBw1U2vKuqFT7lH_zLLcJPg9VvoCU2oSM0jWcsQvgo9cusAAAGDxQpywg
DEBUG - 2022-10-11 12:15:40 --> =================== DL_auth -> kakao oauth :2: code=WTe4US-NPRMLkrOKaZdCUtS50y0iiqBw1U2vKuqFT7lH_zLLcJPg9VvoCU2oSM0jWcsQvgo9cusAAAGDxQpywg
DEBUG - 2022-10-11 12:15:40 --> ====================Dl_auth -> kakao_login :: 시작
DEBUG - 2022-10-11 12:15:40 --> UTF-8 Support Enabled
DEBUG - 2022-10-11 12:15:40 --> Global POST, GET and COOKIE data sanitized
DEBUG - 2022-10-11 12:15:40 --> Config file loaded: /hwonpark/www/application/config/tree.php
DEBUG - 2022-10-11 12:15:40 --> =================== DL_auth -> joinForm :: 시작
DEBUG - 2022-10-11 12:15:40 --> =================== DL_auth -> joinForm :: 끝
DEBUG - 2022-10-11 12:15:40 --> Total execution time: 0.0457
DEBUG - 2022-10-11 12:16:55 --> UTF-8 Support Enabled
DEBUG - 2022-10-11 12:16:55 --> Global POST, GET and COOKIE data sanitized
DEBUG - 2022-10-11 12:16:55 --> Config file loaded: /hwonpark/www/application/config/tree.php
DEBUG - 2022-10-11 12:16:55 --> ====================Dl_auth -> signup :: 시작
DEBUG - 2022-10-11 12:16:55 --> Encryption: Auto-configured driver 'openssl'.
DEBUG - 2022-10-11 12:16:57 --> UTF-8 Support Enabled
DEBUG - 2022-10-11 12:16:57 --> No URI present. Default controller set.
DEBUG - 2022-10-11 12:16:57 --> Global POST, GET and COOKIE data sanitized
DEBUG - 2022-10-11 12:16:57 --> Config file loaded: /hwonpark/www/application/config/tree.php
DEBUG - 2022-10-11 12:16:57 --> Encryption: Auto-configured driver 'openssl'.
DEBUG - 2022-10-11 12:16:57 --> Total execution time: 0.0330
DEBUG - 2022-10-11 12:17:01 --> UTF-8 Support Enabled
DEBUG - 2022-10-11 12:17:01 --> Global POST, GET and COOKIE data sanitized
DEBUG - 2022-10-11 12:17:01 --> Config file loaded: /hwonpark/www/application/config/tree.php
DEBUG - 2022-10-11 12:17:01 --> Encryption: Auto-configured driver 'openssl'.
DEBUG - 2022-10-11 12:17:01 --> --------------------DC_common::chk_perm - 1.인가코드요청 시작 -> if 인앱브라우저
DEBUG - 2022-10-11 12:17:01 --> Total execution time: 0.1183
DEBUG - 2022-10-11 12:17:13 --> UTF-8 Support Enabled
DEBUG - 2022-10-11 12:17:13 --> No URI present. Default controller set.
DEBUG - 2022-10-11 12:17:13 --> Global POST, GET and COOKIE data sanitized
DEBUG - 2022-10-11 12:17:13 --> Config file loaded: /hwonpark/www/application/config/tree.php
DEBUG - 2022-10-11 12:17:13 --> Encryption: Auto-configured driver 'openssl'.
DEBUG - 2022-10-11 12:17:13 --> Total execution time: 0.0597
DEBUG - 2022-10-11 12:17:14 --> UTF-8 Support Enabled
DEBUG - 2022-10-11 12:17:14 --> Global POST, GET and COOKIE data sanitized
DEBUG - 2022-10-11 12:17:14 --> Config file loaded: /hwonpark/www/application/config/tree.php
DEBUG - 2022-10-11 12:17:14 --> Encryption: Auto-configured driver 'openssl'.
DEBUG - 2022-10-11 12:17:14 --> =================== DL_auth -> joinForm :: 시작
DEBUG - 2022-10-11 12:17:14 --> =================== DL_auth -> joinForm :: 끝
DEBUG - 2022-10-11 12:17:14 --> Total execution time: 0.0330
DEBUG - 2022-10-11 12:36:26 --> UTF-8 Support Enabled
DEBUG - 2022-10-11 12:36:26 --> Global POST, GET and COOKIE data sanitized
DEBUG - 2022-10-11 12:36:26 --> Config file loaded: /hwonpark/www/application/config/tree.php
DEBUG - 2022-10-11 12:36:26 --> Total execution time: 0.0382
DEBUG - 2022-10-11 12:36:28 --> UTF-8 Support Enabled
DEBUG - 2022-10-11 12:36:28 --> Global POST, GET and COOKIE data sanitized
ERROR - 2022-10-11 12:36:28 --> 404 Page Not Found: Faviconico/index
DEBUG - 2022-10-11 12:36:37 --> UTF-8 Support Enabled
DEBUG - 2022-10-11 12:36:37 --> Global POST, GET and COOKIE data sanitized
DEBUG - 2022-10-11 12:36:38 --> Config file loaded: /hwonpark/www/application/config/tree.php
DEBUG - 2022-10-11 12:36:39 --> UTF-8 Support Enabled
DEBUG - 2022-10-11 12:36:39 --> Global POST, GET and COOKIE data sanitized
DEBUG - 2022-10-11 12:36:39 --> Config file loaded: /hwonpark/www/application/config/tree.php
DEBUG - 2022-10-11 12:36:39 --> Encryption: Auto-configured driver 'openssl'.
DEBUG - 2022-10-11 12:36:39 --> UTF-8 Support Enabled
DEBUG - 2022-10-11 12:36:39 --> Global POST, GET and COOKIE data sanitized
DEBUG - 2022-10-11 12:36:39 --> Config file loaded: /hwonpark/www/application/config/tree.php
DEBUG - 2022-10-11 12:36:39 --> Encryption: Auto-configured driver 'openssl'.
DEBUG - 2022-10-11 12:36:39 --> Encryption class already loaded. Second attempt ignored.
DEBUG - 2022-10-11 12:36:39 --> Total execution time: 0.0523
DEBUG - 2022-10-11 12:36:41 --> UTF-8 Support Enabled
DEBUG - 2022-10-11 12:36:41 --> Global POST, GET and COOKIE data sanitized
DEBUG - 2022-10-11 12:36:41 --> Config file loaded: /hwonpark/www/application/config/tree.php
DEBUG - 2022-10-11 12:36:41 --> Encryption: Auto-configured driver 'openssl'.
DEBUG - 2022-10-11 12:36:41 --> Total execution time: 0.0487
DEBUG - 2022-10-11 12:36:44 --> UTF-8 Support Enabled
DEBUG - 2022-10-11 12:36:44 --> Global POST, GET and COOKIE data sanitized
DEBUG - 2022-10-11 12:36:44 --> Config file loaded: /hwonpark/www/application/config/tree.php
DEBUG - 2022-10-11 12:36:44 --> Encryption: Auto-configured driver 'openssl'.
DEBUG - 2022-10-11 12:36:44 --> Total execution time: 0.0412
DEBUG - 2022-10-11 12:36:46 --> UTF-8 Support Enabled
DEBUG - 2022-10-11 12:36:46 --> Global POST, GET and COOKIE data sanitized
DEBUG - 2022-10-11 12:36:46 --> Config file loaded: /hwonpark/www/application/config/tree.php
DEBUG - 2022-10-11 12:36:46 --> Encryption: Auto-configured driver 'openssl'.
DEBUG - 2022-10-11 12:36:46 --> Total execution time: 0.0525
DEBUG - 2022-10-11 12:36:48 --> UTF-8 Support Enabled
DEBUG - 2022-10-11 12:36:48 --> Global POST, GET and COOKIE data sanitized
DEBUG - 2022-10-11 12:36:48 --> Config file loaded: /hwonpark/www/application/config/tree.php
DEBUG - 2022-10-11 12:36:48 --> Encryption: Auto-configured driver 'openssl'.
DEBUG - 2022-10-11 12:36:48 --> Total execution time: 0.0459
DEBUG - 2022-10-11 12:36:49 --> UTF-8 Support Enabled
DEBUG - 2022-10-11 12:36:50 --> Global POST, GET and COOKIE data sanitized
DEBUG - 2022-10-11 12:36:50 --> Config file loaded: /hwonpark/www/application/config/tree.php
DEBUG - 2022-10-11 12:36:50 --> Encryption: Auto-configured driver 'openssl'.
DEBUG - 2022-10-11 12:36:50 --> Total execution time: 0.0765
DEBUG - 2022-10-11 12:36:52 --> UTF-8 Support Enabled
DEBUG - 2022-10-11 12:36:52 --> Global POST, GET and COOKIE data sanitized
DEBUG - 2022-10-11 12:36:52 --> Config file loaded: /hwonpark/www/application/config/tree.php
DEBUG - 2022-10-11 12:36:52 --> Encryption: Auto-configured driver 'openssl'.
DEBUG - 2022-10-11 12:36:52 --> Total execution time: 0.0381
DEBUG - 2022-10-11 12:36:54 --> UTF-8 Support Enabled
DEBUG - 2022-10-11 12:36:54 --> Global POST, GET and COOKIE data sanitized
DEBUG - 2022-10-11 12:36:54 --> Config file loaded: /hwonpark/www/application/config/tree.php
DEBUG - 2022-10-11 12:36:54 --> Encryption: Auto-configured driver 'openssl'.
DEBUG - 2022-10-11 12:36:54 --> Total execution time: 0.0351
DEBUG - 2022-10-11 12:36:55 --> UTF-8 Support Enabled
DEBUG - 2022-10-11 12:36:55 --> Global POST, GET and COOKIE data sanitized
DEBUG - 2022-10-11 12:36:55 --> Config file loaded: /hwonpark/www/application/config/tree.php
DEBUG - 2022-10-11 12:36:55 --> Encryption: Auto-configured driver 'openssl'.
DEBUG - 2022-10-11 12:36:55 --> Total execution time: 0.0351
DEBUG - 2022-10-11 12:37:02 --> UTF-8 Support Enabled
DEBUG - 2022-10-11 12:37:02 --> Global POST, GET and COOKIE data sanitized
DEBUG - 2022-10-11 12:37:02 --> Config file loaded: /hwonpark/www/application/config/tree.php
DEBUG - 2022-10-11 12:37:02 --> Encryption: Auto-configured driver 'openssl'.
DEBUG - 2022-10-11 12:37:02 --> Total execution time: 0.1280
DEBUG - 2022-10-11 12:37:09 --> UTF-8 Support Enabled
DEBUG - 2022-10-11 12:37:09 --> Global POST, GET and COOKIE data sanitized
DEBUG - 2022-10-11 12:37:09 --> Config file loaded: /hwonpark/www/application/config/tree.php
DEBUG - 2022-10-11 12:37:09 --> Encryption: Auto-configured driver 'openssl'.
DEBUG - 2022-10-11 12:37:09 --> Total execution time: 0.0666
DEBUG - 2022-10-11 13:15:09 --> UTF-8 Support Enabled
DEBUG - 2022-10-11 13:15:09 --> No URI present. Default controller set.
DEBUG - 2022-10-11 13:15:09 --> Global POST, GET and COOKIE data sanitized
DEBUG - 2022-10-11 13:15:09 --> Config file loaded: /hwonpark/www/application/config/tree.php
DEBUG - 2022-10-11 13:15:09 --> Total execution time: 0.0321
DEBUG - 2022-10-11 13:15:13 --> UTF-8 Support Enabled
DEBUG - 2022-10-11 13:15:13 --> Global POST, GET and COOKIE data sanitized
ERROR - 2022-10-11 13:15:13 --> 404 Page Not Found: Faviconico/index
DEBUG - 2022-10-11 13:15:20 --> UTF-8 Support Enabled
DEBUG - 2022-10-11 13:15:20 --> Global POST, GET and COOKIE data sanitized
DEBUG - 2022-10-11 13:15:20 --> Config file loaded: /hwonpark/www/application/config/tree.php
DEBUG - 2022-10-11 13:15:20 --> Total execution time: 0.0563
DEBUG - 2022-10-11 13:44:36 --> UTF-8 Support Enabled
DEBUG - 2022-10-11 13:44:36 --> Global POST, GET and COOKIE data sanitized
DEBUG - 2022-10-11 13:44:36 --> Config file loaded: /hwonpark/www/application/config/tree.php
DEBUG - 2022-10-11 13:44:36 --> Total execution time: 0.0555
DEBUG - 2022-10-11 13:44:37 --> UTF-8 Support Enabled
DEBUG - 2022-10-11 13:44:37 --> Global POST, GET and COOKIE data sanitized
ERROR - 2022-10-11 13:44:37 --> 404 Page Not Found: Faviconico/index
DEBUG - 2022-10-11 13:44:45 --> UTF-8 Support Enabled
DEBUG - 2022-10-11 13:44:45 --> Global POST, GET and COOKIE data sanitized
DEBUG - 2022-10-11 13:44:45 --> Config file loaded: /hwonpark/www/application/config/tree.php
DEBUG - 2022-10-11 13:44:45 --> Total execution time: 0.0692
DEBUG - 2022-10-11 13:52:24 --> UTF-8 Support Enabled
DEBUG - 2022-10-11 13:52:24 --> Global POST, GET and COOKIE data sanitized
DEBUG - 2022-10-11 13:52:24 --> Config file loaded: /hwonpark/www/application/config/tree.php
DEBUG - 2022-10-11 13:52:24 --> Total execution time: 0.0526
DEBUG - 2022-10-11 13:52:30 --> UTF-8 Support Enabled
DEBUG - 2022-10-11 13:52:30 --> Global POST, GET and COOKIE data sanitized
DEBUG - 2022-10-11 13:52:30 --> Config file loaded: /hwonpark/www/application/config/tree.php
DEBUG - 2022-10-11 13:52:31 --> UTF-8 Support Enabled
DEBUG - 2022-10-11 13:52:31 --> Global POST, GET and COOKIE data sanitized
DEBUG - 2022-10-11 13:52:31 --> Config file loaded: /hwonpark/www/application/config/tree.php
DEBUG - 2022-10-11 13:52:31 --> Encryption: Auto-configured driver 'openssl'.
DEBUG - 2022-10-11 13:52:32 --> UTF-8 Support Enabled
DEBUG - 2022-10-11 13:52:32 --> Global POST, GET and COOKIE data sanitized
DEBUG - 2022-10-11 13:52:32 --> Config file loaded: /hwonpark/www/application/config/tree.php
DEBUG - 2022-10-11 13:52:32 --> Encryption: Auto-configured driver 'openssl'.
DEBUG - 2022-10-11 13:52:32 --> Encryption class already loaded. Second attempt ignored.
DEBUG - 2022-10-11 13:52:32 --> Total execution time: 0.0479
DEBUG - 2022-10-11 13:52:34 --> UTF-8 Support Enabled
DEBUG - 2022-10-11 13:52:34 --> Global POST, GET and COOKIE data sanitized
DEBUG - 2022-10-11 13:52:34 --> Config file loaded: /hwonpark/www/application/config/tree.php
DEBUG - 2022-10-11 13:52:34 --> Encryption: Auto-configured driver 'openssl'.
DEBUG - 2022-10-11 13:52:34 --> Total execution time: 0.0505
DEBUG - 2022-10-11 13:52:43 --> UTF-8 Support Enabled
DEBUG - 2022-10-11 13:52:43 --> Global POST, GET and COOKIE data sanitized
DEBUG - 2022-10-11 13:52:43 --> Config file loaded: /hwonpark/www/application/config/tree.php
DEBUG - 2022-10-11 13:52:43 --> Encryption: Auto-configured driver 'openssl'.
DEBUG - 2022-10-11 13:52:43 --> Total execution time: 0.0716
DEBUG - 2022-10-11 13:52:45 --> UTF-8 Support Enabled
DEBUG - 2022-10-11 13:52:45 --> Global POST, GET and COOKIE data sanitized
DEBUG - 2022-10-11 13:52:45 --> Config file loaded: /hwonpark/www/application/config/tree.php
DEBUG - 2022-10-11 13:52:45 --> Encryption: Auto-configured driver 'openssl'.
DEBUG - 2022-10-11 13:52:45 --> Total execution time: 0.0688
DEBUG - 2022-10-11 13:53:23 --> UTF-8 Support Enabled
DEBUG - 2022-10-11 13:53:23 --> Global POST, GET and COOKIE data sanitized
DEBUG - 2022-10-11 13:53:23 --> Config file loaded: /hwonpark/www/application/config/tree.php
DEBUG - 2022-10-11 13:53:23 --> Encryption: Auto-configured driver 'openssl'.
DEBUG - 2022-10-11 13:53:24 --> UTF-8 Support Enabled
DEBUG - 2022-10-11 13:53:24 --> Global POST, GET and COOKIE data sanitized
DEBUG - 2022-10-11 13:53:24 --> Config file loaded: /hwonpark/www/application/config/tree.php
DEBUG - 2022-10-11 13:53:24 --> Encryption: Auto-configured driver 'openssl'.
DEBUG - 2022-10-11 13:53:24 --> Total execution time: 0.0391
DEBUG - 2022-10-11 13:54:13 --> UTF-8 Support Enabled
DEBUG - 2022-10-11 13:54:13 --> Global POST, GET and COOKIE data sanitized
DEBUG - 2022-10-11 13:54:13 --> Config file loaded: /hwonpark/www/application/config/tree.php
DEBUG - 2022-10-11 13:54:13 --> Encryption: Auto-configured driver 'openssl'.
DEBUG - 2022-10-11 13:54:13 --> Total execution time: 0.0727
DEBUG - 2022-10-11 13:54:32 --> UTF-8 Support Enabled
DEBUG - 2022-10-11 13:54:32 --> Global POST, GET and COOKIE data sanitized
DEBUG - 2022-10-11 13:54:32 --> Config file loaded: /hwonpark/www/application/config/tree.php
DEBUG - 2022-10-11 13:54:32 --> Encryption: Auto-configured driver 'openssl'.
DEBUG - 2022-10-11 13:54:33 --> UTF-8 Support Enabled
DEBUG - 2022-10-11 13:54:33 --> Global POST, GET and COOKIE data sanitized
DEBUG - 2022-10-11 13:54:33 --> Config file loaded: /hwonpark/www/application/config/tree.php
DEBUG - 2022-10-11 13:54:33 --> Encryption: Auto-configured driver 'openssl'.
DEBUG - 2022-10-11 13:54:33 --> Total execution time: 0.0559
DEBUG - 2022-10-11 14:21:33 --> UTF-8 Support Enabled
DEBUG - 2022-10-11 14:21:33 --> Global POST, GET and COOKIE data sanitized
DEBUG - 2022-10-11 14:21:33 --> Config file loaded: /hwonpark/www/application/config/tree.php
DEBUG - 2022-10-11 14:21:33 --> Total execution time: 0.0424
DEBUG - 2022-10-11 14:21:35 --> UTF-8 Support Enabled
DEBUG - 2022-10-11 14:21:35 --> Global POST, GET and COOKIE data sanitized
ERROR - 2022-10-11 14:21:35 --> 404 Page Not Found: Faviconico/index
DEBUG - 2022-10-11 14:21:40 --> UTF-8 Support Enabled
DEBUG - 2022-10-11 14:21:40 --> Global POST, GET and COOKIE data sanitized
DEBUG - 2022-10-11 14:21:40 --> Config file loaded: /hwonpark/www/application/config/tree.php
DEBUG - 2022-10-11 14:21:41 --> UTF-8 Support Enabled
DEBUG - 2022-10-11 14:21:41 --> Global POST, GET and COOKIE data sanitized
DEBUG - 2022-10-11 14:21:41 --> Config file loaded: /hwonpark/www/application/config/tree.php
DEBUG - 2022-10-11 14:21:41 --> Encryption: Auto-configured driver 'openssl'.
DEBUG - 2022-10-11 14:21:41 --> UTF-8 Support Enabled
DEBUG - 2022-10-11 14:21:41 --> Global POST, GET and COOKIE data sanitized
DEBUG - 2022-10-11 14:21:41 --> Config file loaded: /hwonpark/www/application/config/tree.php
DEBUG - 2022-10-11 14:21:42 --> Encryption: Auto-configured driver 'openssl'.
DEBUG - 2022-10-11 14:21:42 --> Encryption class already loaded. Second attempt ignored.
DEBUG - 2022-10-11 14:21:42 --> Total execution time: 0.0710
DEBUG - 2022-10-11 14:21:44 --> UTF-8 Support Enabled
DEBUG - 2022-10-11 14:21:44 --> Global POST, GET and COOKIE data sanitized
DEBUG - 2022-10-11 14:21:44 --> Config file loaded: /hwonpark/www/application/config/tree.php
DEBUG - 2022-10-11 14:21:44 --> Encryption: Auto-configured driver 'openssl'.
DEBUG - 2022-10-11 14:21:44 --> Total execution time: 0.0469
DEBUG - 2022-10-11 14:21:47 --> UTF-8 Support Enabled
DEBUG - 2022-10-11 14:21:47 --> Global POST, GET and COOKIE data sanitized
DEBUG - 2022-10-11 14:21:47 --> Config file loaded: /hwonpark/www/application/config/tree.php
DEBUG - 2022-10-11 14:21:47 --> Encryption: Auto-configured driver 'openssl'.
DEBUG - 2022-10-11 14:21:47 --> Total execution time: 0.0719
DEBUG - 2022-10-11 14:21:55 --> UTF-8 Support Enabled
DEBUG - 2022-10-11 14:21:55 --> Global POST, GET and COOKIE data sanitized
DEBUG - 2022-10-11 14:21:55 --> Config file loaded: /hwonpark/www/application/config/tree.php
DEBUG - 2022-10-11 14:21:55 --> Encryption: Auto-configured driver 'openssl'.
DEBUG - 2022-10-11 14:21:55 --> Total execution time: 0.0670
DEBUG - 2022-10-11 14:21:58 --> UTF-8 Support Enabled
DEBUG - 2022-10-11 14:21:58 --> Global POST, GET and COOKIE data sanitized
DEBUG - 2022-10-11 14:21:58 --> Config file loaded: /hwonpark/www/application/config/tree.php
DEBUG - 2022-10-11 14:21:58 --> Encryption: Auto-configured driver 'openssl'.
DEBUG - 2022-10-11 14:21:58 --> Total execution time: 0.0361
DEBUG - 2022-10-11 14:22:01 --> UTF-8 Support Enabled
DEBUG - 2022-10-11 14:22:01 --> Global POST, GET and COOKIE data sanitized
DEBUG - 2022-10-11 14:22:01 --> Config file loaded: /hwonpark/www/application/config/tree.php
DEBUG - 2022-10-11 14:22:01 --> Encryption: Auto-configured driver 'openssl'.
DEBUG - 2022-10-11 14:22:01 --> Total execution time: 0.0501
DEBUG - 2022-10-11 14:22:28 --> UTF-8 Support Enabled
DEBUG - 2022-10-11 14:22:28 --> Global POST, GET and COOKIE data sanitized
DEBUG - 2022-10-11 14:22:28 --> Config file loaded: /hwonpark/www/application/config/tree.php
DEBUG - 2022-10-11 14:22:28 --> Encryption: Auto-configured driver 'openssl'.
DEBUG - 2022-10-11 14:22:28 --> Total execution time: 0.0411
DEBUG - 2022-10-11 14:22:29 --> UTF-8 Support Enabled
DEBUG - 2022-10-11 14:22:29 --> Global POST, GET and COOKIE data sanitized
DEBUG - 2022-10-11 14:22:29 --> Config file loaded: /hwonpark/www/application/config/tree.php
DEBUG - 2022-10-11 14:22:29 --> Encryption: Auto-configured driver 'openssl'.
DEBUG - 2022-10-11 14:22:29 --> Total execution time: 0.0367
DEBUG - 2022-10-11 14:22:31 --> UTF-8 Support Enabled
DEBUG - 2022-10-11 14:22:31 --> Global POST, GET and COOKIE data sanitized
DEBUG - 2022-10-11 14:22:31 --> Config file loaded: /hwonpark/www/application/config/tree.php
DEBUG - 2022-10-11 14:22:31 --> Encryption: Auto-configured driver 'openssl'.
DEBUG - 2022-10-11 14:22:31 --> Total execution time: 0.0576
DEBUG - 2022-10-11 14:22:32 --> UTF-8 Support Enabled
DEBUG - 2022-10-11 14:22:32 --> Global POST, GET and COOKIE data sanitized
DEBUG - 2022-10-11 14:22:32 --> Config file loaded: /hwonpark/www/application/config/tree.php
DEBUG - 2022-10-11 14:22:32 --> Encryption: Auto-configured driver 'openssl'.
DEBUG - 2022-10-11 14:22:32 --> Total execution time: 0.0375
DEBUG - 2022-10-11 14:22:33 --> UTF-8 Support Enabled
DEBUG - 2022-10-11 14:22:33 --> Global POST, GET and COOKIE data sanitized
DEBUG - 2022-10-11 14:22:33 --> Config file loaded: /hwonpark/www/application/config/tree.php
DEBUG - 2022-10-11 14:22:33 --> Encryption: Auto-configured driver 'openssl'.
DEBUG - 2022-10-11 14:22:33 --> Total execution time: 0.0350
DEBUG - 2022-10-11 14:22:34 --> UTF-8 Support Enabled
DEBUG - 2022-10-11 14:22:34 --> Global POST, GET and COOKIE data sanitized
DEBUG - 2022-10-11 14:22:34 --> Config file loaded: /hwonpark/www/application/config/tree.php
DEBUG - 2022-10-11 14:22:34 --> Encryption: Auto-configured driver 'openssl'.
DEBUG - 2022-10-11 14:22:34 --> Total execution time: 0.0353
DEBUG - 2022-10-11 14:22:38 --> UTF-8 Support Enabled
DEBUG - 2022-10-11 14:22:38 --> Global POST, GET and COOKIE data sanitized
DEBUG - 2022-10-11 14:22:38 --> Config file loaded: /hwonpark/www/application/config/tree.php
DEBUG - 2022-10-11 14:22:38 --> Encryption: Auto-configured driver 'openssl'.
DEBUG - 2022-10-11 14:22:38 --> Total execution time: 0.0329
DEBUG - 2022-10-11 14:22:39 --> UTF-8 Support Enabled
DEBUG - 2022-10-11 14:22:39 --> Global POST, GET and COOKIE data sanitized
DEBUG - 2022-10-11 14:22:39 --> Config file loaded: /hwonpark/www/application/config/tree.php
DEBUG - 2022-10-11 14:22:39 --> Encryption: Auto-configured driver 'openssl'.
DEBUG - 2022-10-11 14:22:39 --> Total execution time: 0.0437
DEBUG - 2022-10-11 14:22:41 --> UTF-8 Support Enabled
DEBUG - 2022-10-11 14:22:41 --> Global POST, GET and COOKIE data sanitized
DEBUG - 2022-10-11 14:22:41 --> Config file loaded: /hwonpark/www/application/config/tree.php
DEBUG - 2022-10-11 14:22:41 --> Encryption: Auto-configured driver 'openssl'.
DEBUG - 2022-10-11 14:22:41 --> Total execution time: 0.0514
DEBUG - 2022-10-11 14:22:42 --> UTF-8 Support Enabled
DEBUG - 2022-10-11 14:22:42 --> Global POST, GET and COOKIE data sanitized
DEBUG - 2022-10-11 14:22:42 --> Config file loaded: /hwonpark/www/application/config/tree.php
DEBUG - 2022-10-11 14:22:42 --> Encryption: Auto-configured driver 'openssl'.
DEBUG - 2022-10-11 14:22:42 --> Total execution time: 0.0396
DEBUG - 2022-10-11 14:24:43 --> UTF-8 Support Enabled
DEBUG - 2022-10-11 14:24:43 --> Global POST, GET and COOKIE data sanitized
DEBUG - 2022-10-11 14:24:43 --> Config file loaded: /hwonpark/www/application/config/tree.php
DEBUG - 2022-10-11 14:24:44 --> UTF-8 Support Enabled
DEBUG - 2022-10-11 14:24:44 --> No URI present. Default controller set.
DEBUG - 2022-10-11 14:24:44 --> Global POST, GET and COOKIE data sanitized
DEBUG - 2022-10-11 14:24:44 --> Config file loaded: /hwonpark/www/application/config/tree.php
DEBUG - 2022-10-11 14:24:44 --> Total execution time: 0.0436
DEBUG - 2022-10-11 14:24:47 --> UTF-8 Support Enabled
DEBUG - 2022-10-11 14:24:47 --> Global POST, GET and COOKIE data sanitized
DEBUG - 2022-10-11 14:24:47 --> Config file loaded: /hwonpark/www/application/config/tree.php
DEBUG - 2022-10-11 14:24:47 --> Total execution time: 0.0861
DEBUG - 2022-10-11 14:24:51 --> UTF-8 Support Enabled
DEBUG - 2022-10-11 14:24:51 --> Global POST, GET and COOKIE data sanitized
DEBUG - 2022-10-11 14:24:51 --> Config file loaded: /hwonpark/www/application/config/tree.php
DEBUG - 2022-10-11 14:24:51 --> Total execution time: 0.0517
DEBUG - 2022-10-11 14:24:59 --> UTF-8 Support Enabled
DEBUG - 2022-10-11 14:24:59 --> Global POST, GET and COOKIE data sanitized
DEBUG - 2022-10-11 14:24:59 --> Config file loaded: /hwonpark/www/application/config/tree.php
DEBUG - 2022-10-11 14:24:59 --> Total execution time: 0.0361
DEBUG - 2022-10-11 14:25:00 --> UTF-8 Support Enabled
DEBUG - 2022-10-11 14:25:00 --> Global POST, GET and COOKIE data sanitized
DEBUG - 2022-10-11 14:25:00 --> Config file loaded: /hwonpark/www/application/config/tree.php
DEBUG - 2022-10-11 14:25:00 --> Total execution time: 0.0808
DEBUG - 2022-10-11 14:25:07 --> UTF-8 Support Enabled
DEBUG - 2022-10-11 14:25:07 --> Global POST, GET and COOKIE data sanitized
DEBUG - 2022-10-11 14:25:07 --> Config file loaded: /hwonpark/www/application/config/tree.php
DEBUG - 2022-10-11 14:25:07 --> Total execution time: 0.0347
DEBUG - 2022-10-11 14:34:18 --> UTF-8 Support Enabled
DEBUG - 2022-10-11 14:34:18 --> Global POST, GET and COOKIE data sanitized
DEBUG - 2022-10-11 14:34:18 --> Config file loaded: /hwonpark/www/application/config/tree.php
DEBUG - 2022-10-11 14:34:18 --> Total execution time: 0.0295
DEBUG - 2022-10-11 14:34:23 --> UTF-8 Support Enabled
DEBUG - 2022-10-11 14:34:23 --> Global POST, GET and COOKIE data sanitized
DEBUG - 2022-10-11 14:34:23 --> Config file loaded: /hwonpark/www/application/config/tree.php
DEBUG - 2022-10-11 14:34:23 --> Total execution time: 0.0289
DEBUG - 2022-10-11 14:34:27 --> UTF-8 Support Enabled
DEBUG - 2022-10-11 14:34:27 --> Global POST, GET and COOKIE data sanitized
DEBUG - 2022-10-11 14:34:27 --> Config file loaded: /hwonpark/www/application/config/tree.php
DEBUG - 2022-10-11 14:34:28 --> UTF-8 Support Enabled
DEBUG - 2022-10-11 14:34:28 --> Global POST, GET and COOKIE data sanitized
DEBUG - 2022-10-11 14:34:28 --> Config file loaded: /hwonpark/www/application/config/tree.php
DEBUG - 2022-10-11 14:34:28 --> Encryption: Auto-configured driver 'openssl'.
DEBUG - 2022-10-11 14:34:28 --> UTF-8 Support Enabled
DEBUG - 2022-10-11 14:34:28 --> Global POST, GET and COOKIE data sanitized
DEBUG - 2022-10-11 14:34:28 --> Config file loaded: /hwonpark/www/application/config/tree.php
DEBUG - 2022-10-11 14:34:28 --> Encryption: Auto-configured driver 'openssl'.
DEBUG - 2022-10-11 14:34:28 --> Encryption class already loaded. Second attempt ignored.
DEBUG - 2022-10-11 14:34:28 --> Total execution time: 0.0413
DEBUG - 2022-10-11 14:34:29 --> UTF-8 Support Enabled
DEBUG - 2022-10-11 14:34:29 --> Global POST, GET and COOKIE data sanitized
DEBUG - 2022-10-11 14:34:29 --> Config file loaded: /hwonpark/www/application/config/tree.php
DEBUG - 2022-10-11 14:34:29 --> Encryption: Auto-configured driver 'openssl'.
DEBUG - 2022-10-11 14:34:29 --> Total execution time: 0.0356
DEBUG - 2022-10-11 14:34:32 --> UTF-8 Support Enabled
DEBUG - 2022-10-11 14:34:32 --> Global POST, GET and COOKIE data sanitized
DEBUG - 2022-10-11 14:34:32 --> Config file loaded: /hwonpark/www/application/config/tree.php
DEBUG - 2022-10-11 14:34:32 --> Encryption: Auto-configured driver 'openssl'.
DEBUG - 2022-10-11 14:34:32 --> Total execution time: 0.0767
DEBUG - 2022-10-11 14:34:39 --> UTF-8 Support Enabled
DEBUG - 2022-10-11 14:34:39 --> Global POST, GET and COOKIE data sanitized
DEBUG - 2022-10-11 14:34:39 --> Config file loaded: /hwonpark/www/application/config/tree.php
DEBUG - 2022-10-11 14:34:39 --> Encryption: Auto-configured driver 'openssl'.
DEBUG - 2022-10-11 14:34:39 --> Total execution time: 0.0379
DEBUG - 2022-10-11 14:39:45 --> UTF-8 Support Enabled
DEBUG - 2022-10-11 14:39:45 --> Global POST, GET and COOKIE data sanitized
DEBUG - 2022-10-11 14:39:45 --> Config file loaded: /hwonpark/www/application/config/tree.php
DEBUG - 2022-10-11 14:39:45 --> Encryption: Auto-configured driver 'openssl'.
DEBUG - 2022-10-11 14:39:45 --> Total execution time: 0.0686
DEBUG - 2022-10-11 14:39:47 --> UTF-8 Support Enabled
DEBUG - 2022-10-11 14:39:47 --> Global POST, GET and COOKIE data sanitized
DEBUG - 2022-10-11 14:39:47 --> Config file loaded: /hwonpark/www/application/config/tree.php
DEBUG - 2022-10-11 14:39:47 --> Encryption: Auto-configured driver 'openssl'.
DEBUG - 2022-10-11 14:39:47 --> Total execution time: 0.0758
DEBUG - 2022-10-11 14:39:52 --> UTF-8 Support Enabled
DEBUG - 2022-10-11 14:39:52 --> Global POST, GET and COOKIE data sanitized
DEBUG - 2022-10-11 14:39:52 --> Config file loaded: /hwonpark/www/application/config/tree.php
DEBUG - 2022-10-11 14:39:52 --> Encryption: Auto-configured driver 'openssl'.
DEBUG - 2022-10-11 14:39:52 --> Total execution time: 0.0504
DEBUG - 2022-10-11 14:40:28 --> UTF-8 Support Enabled
DEBUG - 2022-10-11 14:40:28 --> Global POST, GET and COOKIE data sanitized
DEBUG - 2022-10-11 14:40:28 --> Config file loaded: /hwonpark/www/application/config/tree.php
DEBUG - 2022-10-11 14:40:28 --> Encryption: Auto-configured driver 'openssl'.
ERROR - 2022-10-11 14:40:28 --> Could not find the language line "imglib_invalid_image"
ERROR - 2022-10-11 14:40:28 --> imglib_invalid_image
DEBUG - 2022-10-11 14:40:28 --> DL_schema class already loaded. Second attempt ignored.
DEBUG - 2022-10-11 14:40:29 --> UTF-8 Support Enabled
DEBUG - 2022-10-11 14:40:29 --> Global POST, GET and COOKIE data sanitized
DEBUG - 2022-10-11 14:40:29 --> Config file loaded: /hwonpark/www/application/config/tree.php
DEBUG - 2022-10-11 14:40:29 --> Encryption: Auto-configured driver 'openssl'.
DEBUG - 2022-10-11 14:40:29 --> Total execution time: 0.0370
DEBUG - 2022-10-11 14:40:31 --> UTF-8 Support Enabled
DEBUG - 2022-10-11 14:40:31 --> Global POST, GET and COOKIE data sanitized
DEBUG - 2022-10-11 14:40:31 --> Config file loaded: /hwonpark/www/application/config/tree.php
DEBUG - 2022-10-11 14:40:31 --> Encryption: Auto-configured driver 'openssl'.
DEBUG - 2022-10-11 14:40:31 --> Total execution time: 0.0453
DEBUG - 2022-10-11 14:40:34 --> UTF-8 Support Enabled
DEBUG - 2022-10-11 14:40:34 --> Global POST, GET and COOKIE data sanitized
DEBUG - 2022-10-11 14:40:34 --> Config file loaded: /hwonpark/www/application/config/tree.php
DEBUG - 2022-10-11 14:40:34 --> Encryption: Auto-configured driver 'openssl'.
DEBUG - 2022-10-11 14:40:34 --> Total execution time: 0.0433
DEBUG - 2022-10-11 14:41:31 --> UTF-8 Support Enabled
DEBUG - 2022-10-11 14:41:31 --> Global POST, GET and COOKIE data sanitized
DEBUG - 2022-10-11 14:41:31 --> Config file loaded: /hwonpark/www/application/config/tree.php
DEBUG - 2022-10-11 14:41:31 --> Encryption: Auto-configured driver 'openssl'.
DEBUG - 2022-10-11 14:41:31 --> UTF-8 Support Enabled
DEBUG - 2022-10-11 14:41:31 --> Global POST, GET and COOKIE data sanitized
DEBUG - 2022-10-11 14:41:31 --> Config file loaded: /hwonpark/www/application/config/tree.php
DEBUG - 2022-10-11 14:41:31 --> Encryption: Auto-configured driver 'openssl'.
DEBUG - 2022-10-11 14:41:31 --> Total execution time: 0.0350
DEBUG - 2022-10-11 14:41:35 --> UTF-8 Support Enabled
DEBUG - 2022-10-11 14:41:35 --> Global POST, GET and COOKIE data sanitized
DEBUG - 2022-10-11 14:41:35 --> Config file loaded: /hwonpark/www/application/config/tree.php
DEBUG - 2022-10-11 14:41:35 --> Encryption: Auto-configured driver 'openssl'.
DEBUG - 2022-10-11 14:41:35 --> Total execution time: 0.0343
DEBUG - 2022-10-11 14:43:47 --> UTF-8 Support Enabled
DEBUG - 2022-10-11 14:43:47 --> Global POST, GET and COOKIE data sanitized
DEBUG - 2022-10-11 14:43:47 --> Config file loaded: /hwonpark/www/application/config/tree.php
DEBUG - 2022-10-11 14:43:47 --> Encryption: Auto-configured driver 'openssl'.
ERROR - 2022-10-11 14:43:47 --> Could not find the language line "imglib_invalid_image"
ERROR - 2022-10-11 14:43:47 --> imglib_invalid_image
DEBUG - 2022-10-11 14:43:47 --> DL_schema class already loaded. Second attempt ignored.
DEBUG - 2022-10-11 14:43:48 --> UTF-8 Support Enabled
DEBUG - 2022-10-11 14:43:48 --> Global POST, GET and COOKIE data sanitized
DEBUG - 2022-10-11 14:43:48 --> Config file loaded: /hwonpark/www/application/config/tree.php
DEBUG - 2022-10-11 14:43:48 --> Encryption: Auto-configured driver 'openssl'.
DEBUG - 2022-10-11 14:43:48 --> Total execution time: 0.0631
DEBUG - 2022-10-11 14:43:53 --> UTF-8 Support Enabled
DEBUG - 2022-10-11 14:43:53 --> Global POST, GET and COOKIE data sanitized
DEBUG - 2022-10-11 14:43:53 --> Config file loaded: /hwonpark/www/application/config/tree.php
DEBUG - 2022-10-11 14:43:53 --> Encryption: Auto-configured driver 'openssl'.
DEBUG - 2022-10-11 14:43:53 --> Total execution time: 0.0522
DEBUG - 2022-10-11 14:43:57 --> UTF-8 Support Enabled
DEBUG - 2022-10-11 14:43:57 --> Global POST, GET and COOKIE data sanitized
DEBUG - 2022-10-11 14:43:57 --> Config file loaded: /hwonpark/www/application/config/tree.php
DEBUG - 2022-10-11 14:43:57 --> Encryption: Auto-configured driver 'openssl'.
DEBUG - 2022-10-11 14:43:57 --> Total execution time: 0.0358
DEBUG - 2022-10-11 14:45:28 --> UTF-8 Support Enabled
DEBUG - 2022-10-11 14:45:28 --> Global POST, GET and COOKIE data sanitized
DEBUG - 2022-10-11 14:45:28 --> Config file loaded: /hwonpark/www/application/config/tree.php
DEBUG - 2022-10-11 14:45:28 --> Encryption: Auto-configured driver 'openssl'.
DEBUG - 2022-10-11 14:45:28 --> Total execution time: 0.0432
DEBUG - 2022-10-11 14:45:29 --> UTF-8 Support Enabled
DEBUG - 2022-10-11 14:45:29 --> Global POST, GET and COOKIE data sanitized
DEBUG - 2022-10-11 14:45:29 --> Config file loaded: /hwonpark/www/application/config/tree.php
DEBUG - 2022-10-11 14:45:29 --> Encryption: Auto-configured driver 'openssl'.
DEBUG - 2022-10-11 14:45:29 --> Total execution time: 0.0375
DEBUG - 2022-10-11 15:02:27 --> UTF-8 Support Enabled
DEBUG - 2022-10-11 15:02:27 --> No URI present. Default controller set.
DEBUG - 2022-10-11 15:02:27 --> Global POST, GET and COOKIE data sanitized
DEBUG - 2022-10-11 15:02:27 --> Config file loaded: /hwonpark/www/application/config/tree.php
DEBUG - 2022-10-11 15:02:27 --> Total execution time: 0.0612
DEBUG - 2022-10-11 20:28:01 --> UTF-8 Support Enabled
DEBUG - 2022-10-11 20:28:01 --> No URI present. Default controller set.
DEBUG - 2022-10-11 20:28:01 --> Global POST, GET and COOKIE data sanitized
DEBUG - 2022-10-11 20:28:01 --> Config file loaded: /hwonpark/www/application/config/tree.php
DEBUG - 2022-10-11 20:28:02 --> Total execution time: 0.5607
DEBUG - 2022-10-11 20:28:02 --> UTF-8 Support Enabled
DEBUG - 2022-10-11 20:28:02 --> Global POST, GET and COOKIE data sanitized
ERROR - 2022-10-11 20:28:02 --> 404 Page Not Found: Faviconico/index
DEBUG - 2022-10-11 23:06:26 --> UTF-8 Support Enabled
DEBUG - 2022-10-11 23:06:26 --> No URI present. Default controller set.
DEBUG - 2022-10-11 23:06:26 --> Global POST, GET and COOKIE data sanitized
DEBUG - 2022-10-11 23:06:26 --> Config file loaded: /hwonpark/www/application/config/tree.php
DEBUG - 2022-10-11 23:06:26 --> Total execution time: 0.0534
DEBUG - 2022-10-11 23:06:29 --> UTF-8 Support Enabled
DEBUG - 2022-10-11 23:06:29 --> Global POST, GET and COOKIE data sanitized
ERROR - 2022-10-11 23:06:29 --> 404 Page Not Found: Faviconico/index
DEBUG - 2022-10-11 23:06:40 --> UTF-8 Support Enabled
DEBUG - 2022-10-11 23:06:40 --> Global POST, GET and COOKIE data sanitized
DEBUG - 2022-10-11 23:06:40 --> Config file loaded: /hwonpark/www/application/config/tree.php
DEBUG - 2022-10-11 23:06:40 --> Total execution time: 0.0869
DEBUG - 2022-10-11 23:06:46 --> UTF-8 Support Enabled
DEBUG - 2022-10-11 23:06:46 --> Global POST, GET and COOKIE data sanitized
DEBUG - 2022-10-11 23:06:46 --> Config file loaded: /hwonpark/www/application/config/tree.php
DEBUG - 2022-10-11 23:06:46 --> Total execution time: 0.0914
DEBUG - 2022-10-11 23:06:50 --> UTF-8 Support Enabled
DEBUG - 2022-10-11 23:06:50 --> Global POST, GET and COOKIE data sanitized
DEBUG - 2022-10-11 23:06:50 --> Config file loaded: /hwonpark/www/application/config/tree.php
DEBUG - 2022-10-11 23:06:50 --> =================== DL_auth-> oauth::CALLBACK - 시작
DEBUG - 2022-10-11 23:06:50 --> =================== DL_auth-> oauth::CALLBACK - kakao param=:: error=
DEBUG - 2022-10-11 23:06:50 --> =================== DL_auth-> oauth::CALLBACK - kakao param=:: state=
DEBUG - 2022-10-11 23:06:50 --> =================== DL_auth-> oauth::CALLBACK - kakao param=:: code=vR-Sc0k5Pk7iBKluLmKIwmqsdBhpJ-e4PwZPm2M54PXiVvsqR5fAqwPEjcw7QQ7Ug6Ln3wopcFEAAAGDx16eew
DEBUG - 2022-10-11 23:06:50 --> =================== DL_auth -> kakao oauth :2: code=vR-Sc0k5Pk7iBKluLmKIwmqsdBhpJ-e4PwZPm2M54PXiVvsqR5fAqwPEjcw7QQ7Ug6Ln3wopcFEAAAGDx16eew
DEBUG - 2022-10-11 23:06:50 --> ====================Dl_auth -> kakao_login :: 시작
DEBUG - 2022-10-11 23:06:50 --> --------------------Dl_auth::kakao_login - 1.토큰요청 시작
DEBUG - 2022-10-11 23:06:50 --> Dl_auth::kakao_login - get_token 시작 n=2
DEBUG - 2022-10-11 23:06:50 --> --------------------Dl_auth::kakao_login - 1.2.토큰요청 시작 -> 기타브라우저
DEBUG - 2022-10-11 23:06:50 --> --------------------Dl_auth::kakao_login - 1.3.토큰요청
DEBUG - 2022-10-11 23:06:50 --> --------------------Dl_auth::kakao_login - 1.4.토큰요청 -> 성공
DEBUG - 2022-10-11 23:06:50 --> UTF-8 Support Enabled
DEBUG - 2022-10-11 23:06:50 --> Global POST, GET and COOKIE data sanitized
DEBUG - 2022-10-11 23:06:50 --> Config file loaded: /hwonpark/www/application/config/tree.php
DEBUG - 2022-10-11 23:06:50 --> =================== DL_auth-> oauth::CALLBACK - 시작
DEBUG - 2022-10-11 23:06:50 --> =================== DL_auth-> oauth::CALLBACK - kakao param=:: error=
DEBUG - 2022-10-11 23:06:50 --> =================== DL_auth-> oauth::CALLBACK - kakao param=:: state=
DEBUG - 2022-10-11 23:06:50 --> =================== DL_auth-> oauth::CALLBACK - kakao param=:: code=vR-Sc0k5Pk7iBKluLmKIwmqsdBhpJ-e4PwZPm2M54PXiVvsqR5fAqwPEjcw7QQ7Ug6Ln3wopcFEAAAGDx16eew
DEBUG - 2022-10-11 23:06:50 --> =================== DL_auth -> kakao oauth :2: code=vR-Sc0k5Pk7iBKluLmKIwmqsdBhpJ-e4PwZPm2M54PXiVvsqR5fAqwPEjcw7QQ7Ug6Ln3wopcFEAAAGDx16eew
DEBUG - 2022-10-11 23:06:50 --> ====================Dl_auth -> kakao_login :: 시작
DEBUG - 2022-10-11 23:06:51 --> UTF-8 Support Enabled
DEBUG - 2022-10-11 23:06:51 --> Global POST, GET and COOKIE data sanitized
DEBUG - 2022-10-11 23:06:51 --> Config file loaded: /hwonpark/www/application/config/tree.php
DEBUG - 2022-10-11 23:06:51 --> Total execution time: 0.0585
DEBUG - 2022-10-11 23:06:57 --> UTF-8 Support Enabled
DEBUG - 2022-10-11 23:06:57 --> Global POST, GET and COOKIE data sanitized
DEBUG - 2022-10-11 23:06:57 --> Config file loaded: /hwonpark/www/application/config/tree.php
DEBUG - 2022-10-11 23:06:57 --> =================== DL_auth-> oauth::CALLBACK - 시작
DEBUG - 2022-10-11 23:06:57 --> =================== DL_auth-> oauth::CALLBACK - kakao param=:: error=
DEBUG - 2022-10-11 23:06:57 --> =================== DL_auth-> oauth::CALLBACK - kakao param=:: state=
DEBUG - 2022-10-11 23:06:57 --> =================== DL_auth-> oauth::CALLBACK - kakao param=:: code=OBE2uVFTdOCWAJwgugTrWP01hJDC3-0TWwVWwVM-b3biI32v_SCRiCwinOtqC7nLbQRi_QopyNgAAAGDx165Cw
DEBUG - 2022-10-11 23:06:57 --> =================== DL_auth -> kakao oauth :2: code=OBE2uVFTdOCWAJwgugTrWP01hJDC3-0TWwVWwVM-b3biI32v_SCRiCwinOtqC7nLbQRi_QopyNgAAAGDx165Cw
DEBUG - 2022-10-11 23:06:57 --> ====================Dl_auth -> kakao_login :: 시작
DEBUG - 2022-10-11 23:06:58 --> UTF-8 Support Enabled
DEBUG - 2022-10-11 23:06:58 --> Global POST, GET and COOKIE data sanitized
DEBUG - 2022-10-11 23:06:58 --> Config file loaded: /hwonpark/www/application/config/tree.php
DEBUG - 2022-10-11 23:06:58 --> Total execution time: 0.0468
DEBUG - 2022-10-11 23:06:59 --> UTF-8 Support Enabled
DEBUG - 2022-10-11 23:06:59 --> Global POST, GET and COOKIE data sanitized
DEBUG - 2022-10-11 23:06:59 --> Config file loaded: /hwonpark/www/application/config/tree.php
DEBUG - 2022-10-11 23:06:59 --> Total execution time: 0.0275
DEBUG - 2022-10-11 23:07:00 --> UTF-8 Support Enabled
DEBUG - 2022-10-11 23:07:00 --> Global POST, GET and COOKIE data sanitized
DEBUG - 2022-10-11 23:07:00 --> Config file loaded: /hwonpark/www/application/config/tree.php
DEBUG - 2022-10-11 23:07:00 --> Total execution time: 0.0314
DEBUG - 2022-10-11 23:07:10 --> UTF-8 Support Enabled
DEBUG - 2022-10-11 23:07:10 --> Global POST, GET and COOKIE data sanitized
DEBUG - 2022-10-11 23:07:10 --> Config file loaded: /hwonpark/www/application/config/tree.php
DEBUG - 2022-10-11 23:07:10 --> Total execution time: 0.0588
DEBUG - 2022-10-11 23:07:11 --> UTF-8 Support Enabled
DEBUG - 2022-10-11 23:07:11 --> Global POST, GET and COOKIE data sanitized
DEBUG - 2022-10-11 23:07:11 --> Config file loaded: /hwonpark/www/application/config/tree.php
DEBUG - 2022-10-11 23:07:11 --> =================== DL_auth-> oauth::CALLBACK - 시작
DEBUG - 2022-10-11 23:07:11 --> =================== DL_auth-> oauth::CALLBACK - kakao param=:: error=
DEBUG - 2022-10-11 23:07:11 --> =================== DL_auth-> oauth::CALLBACK - kakao param=:: state=
DEBUG - 2022-10-11 23:07:11 --> =================== DL_auth-> oauth::CALLBACK - kakao param=:: code=E3GJKTpmrWeiRUylcBeMbMA9UPdylWj_h9lZ4XkjPzFJ6B8-j1GzuwB86R8TmwkhsylXCAopyNgAAAGDx17vpg
DEBUG - 2022-10-11 23:07:11 --> =================== DL_auth -> kakao oauth :2: code=E3GJKTpmrWeiRUylcBeMbMA9UPdylWj_h9lZ4XkjPzFJ6B8-j1GzuwB86R8TmwkhsylXCAopyNgAAAGDx17vpg
DEBUG - 2022-10-11 23:07:11 --> ====================Dl_auth -> kakao_login :: 시작
DEBUG - 2022-10-11 23:07:12 --> UTF-8 Support Enabled
DEBUG - 2022-10-11 23:07:12 --> Global POST, GET and COOKIE data sanitized
DEBUG - 2022-10-11 23:07:12 --> Config file loaded: /hwonpark/www/application/config/tree.php
DEBUG - 2022-10-11 23:07:12 --> Total execution time: 0.0409
DEBUG - 2022-10-11 23:07:16 --> UTF-8 Support Enabled
DEBUG - 2022-10-11 23:07:16 --> Global POST, GET and COOKIE data sanitized
DEBUG - 2022-10-11 23:07:16 --> Config file loaded: /hwonpark/www/application/config/tree.php
DEBUG - 2022-10-11 23:07:16 --> Total execution time: 0.0448
DEBUG - 2022-10-11 23:07:17 --> UTF-8 Support Enabled
DEBUG - 2022-10-11 23:07:17 --> Global POST, GET and COOKIE data sanitized
DEBUG - 2022-10-11 23:07:17 --> Config file loaded: /hwonpark/www/application/config/tree.php
DEBUG - 2022-10-11 23:07:17 --> Total execution time: 0.0300
DEBUG - 2022-10-11 23:07:21 --> UTF-8 Support Enabled
DEBUG - 2022-10-11 23:07:21 --> No URI present. Default controller set.
DEBUG - 2022-10-11 23:07:21 --> Global POST, GET and COOKIE data sanitized
DEBUG - 2022-10-11 23:07:21 --> Config file loaded: /hwonpark/www/application/config/tree.php
DEBUG - 2022-10-11 23:07:21 --> Total execution time: 0.0540
DEBUG - 2022-10-11 23:07:31 --> UTF-8 Support Enabled
DEBUG - 2022-10-11 23:07:31 --> No URI present. Default controller set.
DEBUG - 2022-10-11 23:07:31 --> Global POST, GET and COOKIE data sanitized
DEBUG - 2022-10-11 23:07:31 --> Config file loaded: /hwonpark/www/application/config/tree.php
DEBUG - 2022-10-11 23:07:31 --> Total execution time: 0.0357
DEBUG - 2022-10-11 23:07:31 --> UTF-8 Support Enabled
DEBUG - 2022-10-11 23:07:31 --> Global POST, GET and COOKIE data sanitized
ERROR - 2022-10-11 23:07:31 --> 404 Page Not Found: Faviconico/index
DEBUG - 2022-10-11 23:07:39 --> UTF-8 Support Enabled
DEBUG - 2022-10-11 23:07:39 --> Global POST, GET and COOKIE data sanitized
DEBUG - 2022-10-11 23:07:39 --> Config file loaded: /hwonpark/www/application/config/tree.php
DEBUG - 2022-10-11 23:07:39 --> --------------------DC_common::chk_perm - 1.인가코드요청 시작 -> if 인앱브라우저
DEBUG - 2022-10-11 23:07:39 --> UTF-8 Support Enabled
DEBUG - 2022-10-11 23:07:39 --> Global POST, GET and COOKIE data sanitized
DEBUG - 2022-10-11 23:07:39 --> Config file loaded: /hwonpark/www/application/config/tree.php
DEBUG - 2022-10-11 23:07:39 --> =================== DL_auth-> oauth::CALLBACK - 시작
DEBUG - 2022-10-11 23:07:39 --> =================== DL_auth-> oauth::CALLBACK - kakao param=:: error=
DEBUG - 2022-10-11 23:07:39 --> =================== DL_auth-> oauth::CALLBACK - kakao param=:: state=/ko/brief/view?idx=34
DEBUG - 2022-10-11 23:07:39 --> =================== DL_auth-> oauth::CALLBACK - kakao param=:: code=WaZ7ce2kffqxYgqKqOGdnhBRCWgiU5OmWNemwOCS8dm9Ee9cFU6WLF-6KQBwBSIXuC8HYgo9dGkAAAGDx19dHg
DEBUG - 2022-10-11 23:07:39 --> =================== DL_auth -> kakao oauth :2: code=WaZ7ce2kffqxYgqKqOGdnhBRCWgiU5OmWNemwOCS8dm9Ee9cFU6WLF-6KQBwBSIXuC8HYgo9dGkAAAGDx19dHg
DEBUG - 2022-10-11 23:07:39 --> ====================Dl_auth -> kakao_login :: 시작
DEBUG - 2022-10-11 23:07:40 --> UTF-8 Support Enabled
DEBUG - 2022-10-11 23:07:40 --> Global POST, GET and COOKIE data sanitized
DEBUG - 2022-10-11 23:07:40 --> Config file loaded: /hwonpark/www/application/config/tree.php
DEBUG - 2022-10-11 23:07:40 --> Total execution time: 0.0624
DEBUG - 2022-10-11 23:07:42 --> UTF-8 Support Enabled
DEBUG - 2022-10-11 23:07:42 --> Global POST, GET and COOKIE data sanitized
DEBUG - 2022-10-11 23:07:42 --> Config file loaded: /hwonpark/www/application/config/tree.php
DEBUG - 2022-10-11 23:07:42 --> --------------------DC_common::chk_perm - 1.인가코드요청 시작 -> if 인앱브라우저
DEBUG - 2022-10-11 23:07:42 --> UTF-8 Support Enabled
DEBUG - 2022-10-11 23:07:42 --> Global POST, GET and COOKIE data sanitized
DEBUG - 2022-10-11 23:07:42 --> Config file loaded: /hwonpark/www/application/config/tree.php
DEBUG - 2022-10-11 23:07:42 --> =================== DL_auth-> oauth::CALLBACK - 시작
DEBUG - 2022-10-11 23:07:42 --> =================== DL_auth-> oauth::CALLBACK - kakao param=:: error=
DEBUG - 2022-10-11 23:07:42 --> =================== DL_auth-> oauth::CALLBACK - kakao param=:: state=/ko/brief/view?idx=34
DEBUG - 2022-10-11 23:07:42 --> =================== DL_auth-> oauth::CALLBACK - kakao param=:: code=1rnxvbufp_tkstiNn-N2L8gUY5xmph1x13zwSU2pbPhF8GOmXeP2_Hwd3HoO6IznRdSr7go9dGkAAAGDx19q7Q
DEBUG - 2022-10-11 23:07:42 --> =================== DL_auth -> kakao oauth :2: code=1rnxvbufp_tkstiNn-N2L8gUY5xmph1x13zwSU2pbPhF8GOmXeP2_Hwd3HoO6IznRdSr7go9dGkAAAGDx19q7Q
DEBUG - 2022-10-11 23:07:42 --> ====================Dl_auth -> kakao_login :: 시작
DEBUG - 2022-10-11 23:07:42 --> UTF-8 Support Enabled
DEBUG - 2022-10-11 23:07:42 --> Global POST, GET and COOKIE data sanitized
DEBUG - 2022-10-11 23:07:43 --> Config file loaded: /hwonpark/www/application/config/tree.php
DEBUG - 2022-10-11 23:07:43 --> --------------------DC_common::chk_perm - 1.인가코드요청 시작 -> if 인앱브라우저
DEBUG - 2022-10-11 23:07:45 --> UTF-8 Support Enabled
DEBUG - 2022-10-11 23:07:45 --> Global POST, GET and COOKIE data sanitized
DEBUG - 2022-10-11 23:07:45 --> Config file loaded: /hwonpark/www/application/config/tree.php
DEBUG - 2022-10-11 23:07:45 --> Total execution time: 0.0510
DEBUG - 2022-10-11 23:07:50 --> UTF-8 Support Enabled
DEBUG - 2022-10-11 23:07:50 --> Global POST, GET and COOKIE data sanitized
DEBUG - 2022-10-11 23:07:50 --> Config file loaded: /hwonpark/www/application/config/tree.php
DEBUG - 2022-10-11 23:07:50 --> --------------------DC_common::chk_perm - 1.인가코드요청 시작 -> if 인앱브라우저
DEBUG - 2022-10-11 23:07:50 --> UTF-8 Support Enabled
DEBUG - 2022-10-11 23:07:50 --> Global POST, GET and COOKIE data sanitized
DEBUG - 2022-10-11 23:07:50 --> Config file loaded: /hwonpark/www/application/config/tree.php
DEBUG - 2022-10-11 23:07:50 --> =================== DL_auth-> oauth::CALLBACK - 시작
DEBUG - 2022-10-11 23:07:50 --> =================== DL_auth-> oauth::CALLBACK - kakao param=:: error=
DEBUG - 2022-10-11 23:07:50 --> =================== DL_auth-> oauth::CALLBACK - kakao param=:: state=/ko/brief/view?idx=34
DEBUG - 2022-10-11 23:07:50 --> =================== DL_auth-> oauth::CALLBACK - kakao param=:: code=b-PLSzKGnaYodzCJ79CbrGsaBmM6ixnYrGTq3ukrSSkgmmg640GhKmrtdnWqrEfNkbRkPAo9dGkAAAGDx1-I3w
DEBUG - 2022-10-11 23:07:50 --> =================== DL_auth -> kakao oauth :2: code=b-PLSzKGnaYodzCJ79CbrGsaBmM6ixnYrGTq3ukrSSkgmmg640GhKmrtdnWqrEfNkbRkPAo9dGkAAAGDx1-I3w
DEBUG - 2022-10-11 23:07:50 --> ====================Dl_auth -> kakao_login :: 시작
DEBUG - 2022-10-11 23:07:50 --> UTF-8 Support Enabled
DEBUG - 2022-10-11 23:07:50 --> Global POST, GET and COOKIE data sanitized
DEBUG - 2022-10-11 23:07:50 --> Config file loaded: /hwonpark/www/application/config/tree.php
DEBUG - 2022-10-11 23:07:50 --> --------------------DC_common::chk_perm - 1.인가코드요청 시작 -> if 인앱브라우저
DEBUG - 2022-10-11 23:07:50 --> UTF-8 Support Enabled
DEBUG - 2022-10-11 23:07:50 --> Global POST, GET and COOKIE data sanitized
DEBUG - 2022-10-11 23:07:50 --> UTF-8 Support Enabled
DEBUG - 2022-10-11 23:07:50 --> Global POST, GET and COOKIE data sanitized
DEBUG - 2022-10-11 23:07:50 --> Config file loaded: /hwonpark/www/application/config/tree.php
DEBUG - 2022-10-11 23:07:50 --> =================== DL_auth-> oauth::CALLBACK - 시작
DEBUG - 2022-10-11 23:07:50 --> =================== DL_auth-> oauth::CALLBACK - kakao param=:: error=
DEBUG - 2022-10-11 23:07:50 --> =================== DL_auth-> oauth::CALLBACK - kakao param=:: state=/ko/brief/view?idx=34
DEBUG - 2022-10-11 23:07:50 --> =================== DL_auth-> oauth::CALLBACK - kakao param=:: code=UGSBdSPzjWSeGyQbJPVLahpcLANSIgZS679y-EADz-GT-yNSiX7NQYhTRJs4Ly9u-vWAdgo9dGkAAAGDx1-Jqw
DEBUG - 2022-10-11 23:07:50 --> =================== DL_auth -> kakao oauth :2: code=UGSBdSPzjWSeGyQbJPVLahpcLANSIgZS679y-EADz-GT-yNSiX7NQYhTRJs4Ly9u-vWAdgo9dGkAAAGDx1-Jqw
DEBUG - 2022-10-11 23:07:50 --> ====================Dl_auth -> kakao_login :: 시작
DEBUG - 2022-10-11 23:07:50 --> Config file loaded: /hwonpark/www/application/config/tree.php
DEBUG - 2022-10-11 23:07:50 --> --------------------DC_common::chk_perm - 1.인가코드요청 시작 -> if 인앱브라우저
DEBUG - 2022-10-11 23:07:50 --> UTF-8 Support Enabled
DEBUG - 2022-10-11 23:07:50 --> No URI present. Default controller set.
DEBUG - 2022-10-11 23:07:50 --> Global POST, GET and COOKIE data sanitized
DEBUG - 2022-10-11 23:07:51 --> Config file loaded: /hwonpark/www/application/config/tree.php
DEBUG - 2022-10-11 23:07:51 --> Total execution time: 0.0609
