DEBUG - 2022-09-26 08:23:49 --> UTF-8 Support Enabled
DEBUG - 2022-09-26 08:23:49 --> No URI present. Default controller set.
DEBUG - 2022-09-26 08:23:49 --> Global POST, GET and COOKIE data sanitized
DEBUG - 2022-09-26 08:23:49 --> Config file loaded: /hwonpark/www/application/config/tree.php
DEBUG - 2022-09-26 08:23:49 --> Total execution time: 0.2299
DEBUG - 2022-09-26 08:23:49 --> UTF-8 Support Enabled
DEBUG - 2022-09-26 08:23:49 --> Global POST, GET and COOKIE data sanitized
ERROR - 2022-09-26 08:23:49 --> 404 Page Not Found: Faviconico/index
DEBUG - 2022-09-26 09:15:51 --> UTF-8 Support Enabled
DEBUG - 2022-09-26 09:15:51 --> Global POST, GET and COOKIE data sanitized
DEBUG - 2022-09-26 09:15:51 --> Config file loaded: /hwonpark/www/application/config/tree.php
DEBUG - 2022-09-26 09:15:51 --> Total execution time: 0.0495
DEBUG - 2022-09-26 09:15:54 --> UTF-8 Support Enabled
DEBUG - 2022-09-26 09:15:54 --> Global POST, GET and COOKIE data sanitized
ERROR - 2022-09-26 09:15:54 --> 404 Page Not Found: Faviconico/index
DEBUG - 2022-09-26 09:16:08 --> UTF-8 Support Enabled
DEBUG - 2022-09-26 09:16:08 --> Global POST, GET and COOKIE data sanitized
DEBUG - 2022-09-26 09:16:08 --> Config file loaded: /hwonpark/www/application/config/tree.php
DEBUG - 2022-09-26 09:16:08 --> Total execution time: 0.0324
DEBUG - 2022-09-26 10:09:01 --> UTF-8 Support Enabled
DEBUG - 2022-09-26 10:09:01 --> Global POST, GET and COOKIE data sanitized
DEBUG - 2022-09-26 10:09:01 --> Config file loaded: /hwonpark/www/application/config/tree.php
DEBUG - 2022-09-26 10:09:01 --> Total execution time: 0.0348
DEBUG - 2022-09-26 10:09:02 --> UTF-8 Support Enabled
DEBUG - 2022-09-26 10:09:02 --> No URI present. Default controller set.
DEBUG - 2022-09-26 10:09:02 --> Global POST, GET and COOKIE data sanitized
DEBUG - 2022-09-26 10:09:02 --> Config file loaded: /hwonpark/www/application/config/tree.php
DEBUG - 2022-09-26 10:09:02 --> Total execution time: 0.0352
DEBUG - 2022-09-26 10:09:07 --> UTF-8 Support Enabled
DEBUG - 2022-09-26 10:09:07 --> No URI present. Default controller set.
DEBUG - 2022-09-26 10:09:07 --> Global POST, GET and COOKIE data sanitized
DEBUG - 2022-09-26 10:09:07 --> Config file loaded: /hwonpark/www/application/config/tree.php
DEBUG - 2022-09-26 10:09:07 --> Total execution time: 0.0278
DEBUG - 2022-09-26 10:12:37 --> UTF-8 Support Enabled
DEBUG - 2022-09-26 10:12:37 --> No URI present. Default controller set.
DEBUG - 2022-09-26 10:12:37 --> Global POST, GET and COOKIE data sanitized
DEBUG - 2022-09-26 10:12:37 --> Config file loaded: /hwonpark/www/application/config/tree.php
DEBUG - 2022-09-26 10:12:38 --> Total execution time: 0.0315
DEBUG - 2022-09-26 10:12:47 --> UTF-8 Support Enabled
DEBUG - 2022-09-26 10:12:47 --> No URI present. Default controller set.
DEBUG - 2022-09-26 10:12:47 --> Global POST, GET and COOKIE data sanitized
DEBUG - 2022-09-26 10:12:47 --> Config file loaded: /hwonpark/www/application/config/tree.php
DEBUG - 2022-09-26 10:12:47 --> Total execution time: 0.0471
DEBUG - 2022-09-26 10:12:47 --> UTF-8 Support Enabled
DEBUG - 2022-09-26 10:12:47 --> No URI present. Default controller set.
DEBUG - 2022-09-26 10:12:47 --> Global POST, GET and COOKIE data sanitized
DEBUG - 2022-09-26 10:12:47 --> Config file loaded: /hwonpark/www/application/config/tree.php
DEBUG - 2022-09-26 10:12:48 --> Total execution time: 0.0370
DEBUG - 2022-09-26 10:12:48 --> UTF-8 Support Enabled
DEBUG - 2022-09-26 10:12:48 --> No URI present. Default controller set.
DEBUG - 2022-09-26 10:12:48 --> Global POST, GET and COOKIE data sanitized
DEBUG - 2022-09-26 10:12:48 --> Config file loaded: /hwonpark/www/application/config/tree.php
DEBUG - 2022-09-26 10:12:48 --> Total execution time: 0.0311
DEBUG - 2022-09-26 10:12:48 --> UTF-8 Support Enabled
DEBUG - 2022-09-26 10:12:48 --> No URI present. Default controller set.
DEBUG - 2022-09-26 10:12:48 --> Global POST, GET and COOKIE data sanitized
DEBUG - 2022-09-26 10:12:48 --> Config file loaded: /hwonpark/www/application/config/tree.php
DEBUG - 2022-09-26 10:12:48 --> Total execution time: 0.0380
DEBUG - 2022-09-26 10:12:48 --> UTF-8 Support Enabled
DEBUG - 2022-09-26 10:12:48 --> No URI present. Default controller set.
DEBUG - 2022-09-26 10:12:48 --> Global POST, GET and COOKIE data sanitized
DEBUG - 2022-09-26 10:12:48 --> Config file loaded: /hwonpark/www/application/config/tree.php
DEBUG - 2022-09-26 10:12:48 --> Total execution time: 0.0294
DEBUG - 2022-09-26 10:12:48 --> UTF-8 Support Enabled
DEBUG - 2022-09-26 10:12:48 --> No URI present. Default controller set.
DEBUG - 2022-09-26 10:12:48 --> Global POST, GET and COOKIE data sanitized
DEBUG - 2022-09-26 10:12:48 --> Config file loaded: /hwonpark/www/application/config/tree.php
DEBUG - 2022-09-26 10:12:48 --> Total execution time: 0.0314
DEBUG - 2022-09-26 10:12:50 --> UTF-8 Support Enabled
DEBUG - 2022-09-26 10:12:50 --> No URI present. Default controller set.
DEBUG - 2022-09-26 10:12:50 --> Global POST, GET and COOKIE data sanitized
DEBUG - 2022-09-26 10:12:50 --> Config file loaded: /hwonpark/www/application/config/tree.php
DEBUG - 2022-09-26 10:12:50 --> Total execution time: 0.0298
DEBUG - 2022-09-26 10:13:00 --> UTF-8 Support Enabled
DEBUG - 2022-09-26 10:13:00 --> No URI present. Default controller set.
DEBUG - 2022-09-26 10:13:00 --> Global POST, GET and COOKIE data sanitized
ERROR - 2022-09-26 10:13:00 --> 404 Page Not Found: ERROR : url is wrong
DEBUG - 2022-09-26 10:13:00 --> UTF-8 Support Enabled
DEBUG - 2022-09-26 10:13:00 --> Global POST, GET and COOKIE data sanitized
ERROR - 2022-09-26 10:13:00 --> 404 Page Not Found: Faviconico/index
DEBUG - 2022-09-26 10:13:01 --> UTF-8 Support Enabled
DEBUG - 2022-09-26 10:13:01 --> No URI present. Default controller set.
DEBUG - 2022-09-26 10:13:01 --> Global POST, GET and COOKIE data sanitized
DEBUG - 2022-09-26 10:13:01 --> Config file loaded: /hwonpark/www/application/config/tree.php
DEBUG - 2022-09-26 10:13:01 --> Total execution time: 0.0305
DEBUG - 2022-09-26 10:13:39 --> UTF-8 Support Enabled
DEBUG - 2022-09-26 10:13:39 --> No URI present. Default controller set.
DEBUG - 2022-09-26 10:13:39 --> Global POST, GET and COOKIE data sanitized
DEBUG - 2022-09-26 10:13:39 --> Config file loaded: /hwonpark/www/application/config/tree.php
DEBUG - 2022-09-26 10:13:39 --> Total execution time: 0.0364
DEBUG - 2022-09-26 10:13:39 --> UTF-8 Support Enabled
DEBUG - 2022-09-26 10:13:39 --> No URI present. Default controller set.
DEBUG - 2022-09-26 10:13:39 --> Global POST, GET and COOKIE data sanitized
DEBUG - 2022-09-26 10:13:39 --> Config file loaded: /hwonpark/www/application/config/tree.php
DEBUG - 2022-09-26 10:13:39 --> Total execution time: 0.0337
DEBUG - 2022-09-26 10:13:40 --> UTF-8 Support Enabled
DEBUG - 2022-09-26 10:13:40 --> Global POST, GET and COOKIE data sanitized
ERROR - 2022-09-26 10:13:40 --> 404 Page Not Found: Faviconico/index
DEBUG - 2022-09-26 10:13:45 --> UTF-8 Support Enabled
DEBUG - 2022-09-26 10:13:45 --> Global POST, GET and COOKIE data sanitized
DEBUG - 2022-09-26 10:13:45 --> Total execution time: 0.0257
DEBUG - 2022-09-26 10:14:06 --> UTF-8 Support Enabled
DEBUG - 2022-09-26 10:14:06 --> Global POST, GET and COOKIE data sanitized
DEBUG - 2022-09-26 10:14:06 --> Config file loaded: /hwonpark/www/application/config/tree.php
DEBUG - 2022-09-26 10:14:06 --> Total execution time: 0.0655
DEBUG - 2022-09-26 10:14:15 --> UTF-8 Support Enabled
DEBUG - 2022-09-26 10:14:15 --> Global POST, GET and COOKIE data sanitized
DEBUG - 2022-09-26 10:14:15 --> Config file loaded: /hwonpark/www/application/config/tree.php
DEBUG - 2022-09-26 10:14:15 --> Total execution time: 0.0329
DEBUG - 2022-09-26 10:14:37 --> UTF-8 Support Enabled
DEBUG - 2022-09-26 10:14:37 --> Global POST, GET and COOKIE data sanitized
DEBUG - 2022-09-26 10:14:37 --> Config file loaded: /hwonpark/www/application/config/tree.php
DEBUG - 2022-09-26 10:14:37 --> =================== DL_auth-> oauth::CALLBACK - 시작
DEBUG - 2022-09-26 10:14:37 --> =================== DL_auth-> oauth::CALLBACK - kakao param=:: error=
DEBUG - 2022-09-26 10:14:37 --> =================== DL_auth-> oauth::CALLBACK - kakao param=:: state=
DEBUG - 2022-09-26 10:14:37 --> =================== DL_auth-> oauth::CALLBACK - kakao param=:: code=j1rs--KZMEWlMZL4_-qtjyKtsS0r0G0uw2iCqWFH1M_K6ZFy4DxjuXsnEEWCtMidyB8VXgo9dNoAAAGDd1w-RA
DEBUG - 2022-09-26 10:14:37 --> =================== DL_auth -> kakao oauth :2: code=j1rs--KZMEWlMZL4_-qtjyKtsS0r0G0uw2iCqWFH1M_K6ZFy4DxjuXsnEEWCtMidyB8VXgo9dNoAAAGDd1w-RA
DEBUG - 2022-09-26 10:14:37 --> ====================Dl_auth -> kakao_login :: 시작
DEBUG - 2022-09-26 10:14:37 --> --------------------Dl_auth::kakao_login - 1.토큰요청 시작
DEBUG - 2022-09-26 10:14:37 --> Dl_auth::kakao_login - get_token 시작 n=2
DEBUG - 2022-09-26 10:14:37 --> --------------------Dl_auth::kakao_login - 1.2.토큰요청 시작 -> 기타브라우저
DEBUG - 2022-09-26 10:14:37 --> --------------------Dl_auth::kakao_login - 1.3.토큰요청
DEBUG - 2022-09-26 10:14:37 --> --------------------Dl_auth::kakao_login - 1.4.토큰요청 -> 성공
DEBUG - 2022-09-26 10:14:37 --> UTF-8 Support Enabled
DEBUG - 2022-09-26 10:14:37 --> Global POST, GET and COOKIE data sanitized
DEBUG - 2022-09-26 10:14:37 --> Config file loaded: /hwonpark/www/application/config/tree.php
DEBUG - 2022-09-26 10:14:37 --> =================== DL_auth-> oauth::CALLBACK - 시작
DEBUG - 2022-09-26 10:14:37 --> =================== DL_auth-> oauth::CALLBACK - kakao param=:: error=
DEBUG - 2022-09-26 10:14:37 --> =================== DL_auth-> oauth::CALLBACK - kakao param=:: state=
DEBUG - 2022-09-26 10:14:37 --> =================== DL_auth-> oauth::CALLBACK - kakao param=:: code=j1rs--KZMEWlMZL4_-qtjyKtsS0r0G0uw2iCqWFH1M_K6ZFy4DxjuXsnEEWCtMidyB8VXgo9dNoAAAGDd1w-RA
DEBUG - 2022-09-26 10:14:37 --> =================== DL_auth -> kakao oauth :2: code=j1rs--KZMEWlMZL4_-qtjyKtsS0r0G0uw2iCqWFH1M_K6ZFy4DxjuXsnEEWCtMidyB8VXgo9dNoAAAGDd1w-RA
DEBUG - 2022-09-26 10:14:37 --> ====================Dl_auth -> kakao_login :: 시작
DEBUG - 2022-09-26 10:14:37 --> ====================Dl_auth::kakao_login - 1.3.5- 사이트 회원정보 업데이트 성공(카카오 인증 완료) state=
DEBUG - 2022-09-26 10:14:39 --> UTF-8 Support Enabled
DEBUG - 2022-09-26 10:14:39 --> Global POST, GET and COOKIE data sanitized
DEBUG - 2022-09-26 10:14:39 --> Config file loaded: /hwonpark/www/application/config/tree.php
DEBUG - 2022-09-26 10:14:39 --> Encryption: Auto-configured driver 'openssl'.
DEBUG - 2022-09-26 10:14:39 --> Total execution time: 0.0528
DEBUG - 2022-09-26 10:14:44 --> UTF-8 Support Enabled
DEBUG - 2022-09-26 10:14:44 --> Global POST, GET and COOKIE data sanitized
DEBUG - 2022-09-26 10:14:44 --> Config file loaded: /hwonpark/www/application/config/tree.php
DEBUG - 2022-09-26 10:14:44 --> Encryption: Auto-configured driver 'openssl'.
DEBUG - 2022-09-26 10:14:44 --> Total execution time: 0.0422
DEBUG - 2022-09-26 10:14:46 --> UTF-8 Support Enabled
DEBUG - 2022-09-26 10:14:46 --> Global POST, GET and COOKIE data sanitized
DEBUG - 2022-09-26 10:14:46 --> Config file loaded: /hwonpark/www/application/config/tree.php
DEBUG - 2022-09-26 10:14:46 --> Encryption: Auto-configured driver 'openssl'.
DEBUG - 2022-09-26 10:14:47 --> --------------------DC_common::chk_perm - 1.인가코드요청 시작 -> if 인앱브라우저
DEBUG - 2022-09-26 10:14:47 --> Total execution time: 0.0847
DEBUG - 2022-09-26 10:15:20 --> UTF-8 Support Enabled
DEBUG - 2022-09-26 10:15:20 --> Global POST, GET and COOKIE data sanitized
DEBUG - 2022-09-26 10:15:20 --> Config file loaded: /hwonpark/www/application/config/tree.php
DEBUG - 2022-09-26 10:15:20 --> Encryption: Auto-configured driver 'openssl'.
DEBUG - 2022-09-26 10:15:20 --> Total execution time: 0.0364
DEBUG - 2022-09-26 10:15:21 --> UTF-8 Support Enabled
DEBUG - 2022-09-26 10:15:21 --> Global POST, GET and COOKIE data sanitized
DEBUG - 2022-09-26 10:15:21 --> Config file loaded: /hwonpark/www/application/config/tree.php
DEBUG - 2022-09-26 10:15:21 --> Encryption: Auto-configured driver 'openssl'.
DEBUG - 2022-09-26 10:15:21 --> Total execution time: 0.0331
DEBUG - 2022-09-26 10:15:22 --> UTF-8 Support Enabled
DEBUG - 2022-09-26 10:15:22 --> Global POST, GET and COOKIE data sanitized
DEBUG - 2022-09-26 10:15:22 --> Config file loaded: /hwonpark/www/application/config/tree.php
DEBUG - 2022-09-26 10:15:22 --> Encryption: Auto-configured driver 'openssl'.
DEBUG - 2022-09-26 10:15:24 --> UTF-8 Support Enabled
DEBUG - 2022-09-26 10:15:24 --> No URI present. Default controller set.
DEBUG - 2022-09-26 10:15:24 --> Global POST, GET and COOKIE data sanitized
DEBUG - 2022-09-26 10:15:24 --> Config file loaded: /hwonpark/www/application/config/tree.php
DEBUG - 2022-09-26 10:15:24 --> Encryption: Auto-configured driver 'openssl'.
DEBUG - 2022-09-26 10:15:24 --> Total execution time: 0.0403
DEBUG - 2022-09-26 10:31:54 --> UTF-8 Support Enabled
DEBUG - 2022-09-26 10:31:54 --> No URI present. Default controller set.
DEBUG - 2022-09-26 10:31:54 --> Global POST, GET and COOKIE data sanitized
DEBUG - 2022-09-26 10:31:54 --> Config file loaded: /hwonpark/www/application/config/tree.php
DEBUG - 2022-09-26 10:31:54 --> Total execution time: 0.0446
DEBUG - 2022-09-26 11:17:29 --> UTF-8 Support Enabled
DEBUG - 2022-09-26 11:17:29 --> Global POST, GET and COOKIE data sanitized
DEBUG - 2022-09-26 11:17:29 --> Config file loaded: /hwonpark/www/application/config/tree.php
DEBUG - 2022-09-26 11:17:29 --> Total execution time: 0.0396
DEBUG - 2022-09-26 11:17:31 --> UTF-8 Support Enabled
DEBUG - 2022-09-26 11:17:31 --> Global POST, GET and COOKIE data sanitized
DEBUG - 2022-09-26 11:17:31 --> Config file loaded: /hwonpark/www/application/config/tree.php
DEBUG - 2022-09-26 11:17:31 --> Total execution time: 0.0584
DEBUG - 2022-09-26 11:17:32 --> UTF-8 Support Enabled
DEBUG - 2022-09-26 11:17:32 --> Global POST, GET and COOKIE data sanitized
DEBUG - 2022-09-26 11:17:32 --> Total execution time: 0.0394
DEBUG - 2022-09-26 11:17:36 --> UTF-8 Support Enabled
DEBUG - 2022-09-26 11:17:36 --> Global POST, GET and COOKIE data sanitized
DEBUG - 2022-09-26 11:17:36 --> Config file loaded: /hwonpark/www/application/config/tree.php
DEBUG - 2022-09-26 11:17:36 --> =================== DL_auth-> oauth::CALLBACK - 시작
DEBUG - 2022-09-26 11:17:36 --> =================== DL_auth-> oauth::CALLBACK - kakao param=:: error=
DEBUG - 2022-09-26 11:17:36 --> =================== DL_auth-> oauth::CALLBACK - kakao param=:: state=
DEBUG - 2022-09-26 11:17:36 --> =================== DL_auth-> oauth::CALLBACK - kakao param=:: code=AFm2iiTejnWZ9c0f9rbdPbFu4n1RC_FtvvmdhiGvy6XN885MkZwwJ3M_eIa5_ZzQWYFWDAorDSAAAAGDd5XnSg
DEBUG - 2022-09-26 11:17:36 --> =================== DL_auth -> kakao oauth :2: code=AFm2iiTejnWZ9c0f9rbdPbFu4n1RC_FtvvmdhiGvy6XN885MkZwwJ3M_eIa5_ZzQWYFWDAorDSAAAAGDd5XnSg
DEBUG - 2022-09-26 11:17:36 --> ====================Dl_auth -> kakao_login :: 시작
DEBUG - 2022-09-26 11:17:36 --> --------------------Dl_auth::kakao_login - 1.토큰요청 시작
DEBUG - 2022-09-26 11:17:36 --> Dl_auth::kakao_login - get_token 시작 n=2
DEBUG - 2022-09-26 11:17:36 --> --------------------Dl_auth::kakao_login - 1.2.토큰요청 시작 -> 기타브라우저
DEBUG - 2022-09-26 11:17:36 --> --------------------Dl_auth::kakao_login - 1.3.토큰요청
DEBUG - 2022-09-26 11:17:36 --> --------------------Dl_auth::kakao_login - 1.4.토큰요청 -> 성공
DEBUG - 2022-09-26 11:17:36 --> UTF-8 Support Enabled
DEBUG - 2022-09-26 11:17:36 --> Global POST, GET and COOKIE data sanitized
DEBUG - 2022-09-26 11:17:36 --> Config file loaded: /hwonpark/www/application/config/tree.php
DEBUG - 2022-09-26 11:17:36 --> =================== DL_auth-> oauth::CALLBACK - 시작
DEBUG - 2022-09-26 11:17:36 --> =================== DL_auth-> oauth::CALLBACK - kakao param=:: error=
DEBUG - 2022-09-26 11:17:36 --> =================== DL_auth-> oauth::CALLBACK - kakao param=:: state=
DEBUG - 2022-09-26 11:17:36 --> =================== DL_auth-> oauth::CALLBACK - kakao param=:: code=AFm2iiTejnWZ9c0f9rbdPbFu4n1RC_FtvvmdhiGvy6XN885MkZwwJ3M_eIa5_ZzQWYFWDAorDSAAAAGDd5XnSg
DEBUG - 2022-09-26 11:17:36 --> =================== DL_auth -> kakao oauth :2: code=AFm2iiTejnWZ9c0f9rbdPbFu4n1RC_FtvvmdhiGvy6XN885MkZwwJ3M_eIa5_ZzQWYFWDAorDSAAAAGDd5XnSg
DEBUG - 2022-09-26 11:17:36 --> ====================Dl_auth -> kakao_login :: 시작
DEBUG - 2022-09-26 11:17:36 --> ====================Dl_auth::kakao_login - 1.3.5- 사이트 회원정보 업데이트 성공(카카오 인증 완료) state=
DEBUG - 2022-09-26 11:17:37 --> UTF-8 Support Enabled
DEBUG - 2022-09-26 11:17:37 --> Global POST, GET and COOKIE data sanitized
DEBUG - 2022-09-26 11:17:37 --> Config file loaded: /hwonpark/www/application/config/tree.php
DEBUG - 2022-09-26 11:17:37 --> Encryption: Auto-configured driver 'openssl'.
DEBUG - 2022-09-26 11:17:37 --> Total execution time: 0.0359
DEBUG - 2022-09-26 11:17:40 --> UTF-8 Support Enabled
DEBUG - 2022-09-26 11:17:40 --> Global POST, GET and COOKIE data sanitized
DEBUG - 2022-09-26 11:17:40 --> Config file loaded: /hwonpark/www/application/config/tree.php
DEBUG - 2022-09-26 11:17:40 --> Encryption: Auto-configured driver 'openssl'.
DEBUG - 2022-09-26 11:17:41 --> UTF-8 Support Enabled
DEBUG - 2022-09-26 11:17:41 --> No URI present. Default controller set.
DEBUG - 2022-09-26 11:17:41 --> Global POST, GET and COOKIE data sanitized
DEBUG - 2022-09-26 11:17:41 --> Config file loaded: /hwonpark/www/application/config/tree.php
DEBUG - 2022-09-26 11:17:41 --> Encryption: Auto-configured driver 'openssl'.
DEBUG - 2022-09-26 11:17:41 --> Total execution time: 0.0342
DEBUG - 2022-09-26 11:17:43 --> UTF-8 Support Enabled
DEBUG - 2022-09-26 11:17:43 --> Global POST, GET and COOKIE data sanitized
DEBUG - 2022-09-26 11:17:43 --> Config file loaded: /hwonpark/www/application/config/tree.php
DEBUG - 2022-09-26 11:17:43 --> Encryption: Auto-configured driver 'openssl'.
DEBUG - 2022-09-26 11:17:44 --> UTF-8 Support Enabled
DEBUG - 2022-09-26 11:17:44 --> No URI present. Default controller set.
DEBUG - 2022-09-26 11:17:44 --> Global POST, GET and COOKIE data sanitized
DEBUG - 2022-09-26 11:17:44 --> Config file loaded: /hwonpark/www/application/config/tree.php
DEBUG - 2022-09-26 11:17:44 --> Total execution time: 0.0481
DEBUG - 2022-09-26 11:17:46 --> UTF-8 Support Enabled
DEBUG - 2022-09-26 11:17:46 --> Global POST, GET and COOKIE data sanitized
DEBUG - 2022-09-26 11:17:46 --> Config file loaded: /hwonpark/www/application/config/tree.php
DEBUG - 2022-09-26 11:17:46 --> Total execution time: 0.0306
DEBUG - 2022-09-26 11:17:50 --> UTF-8 Support Enabled
DEBUG - 2022-09-26 11:17:50 --> Global POST, GET and COOKIE data sanitized
DEBUG - 2022-09-26 11:17:50 --> Config file loaded: /hwonpark/www/application/config/tree.php
DEBUG - 2022-09-26 11:17:51 --> UTF-8 Support Enabled
DEBUG - 2022-09-26 11:17:51 --> Global POST, GET and COOKIE data sanitized
DEBUG - 2022-09-26 11:17:51 --> Config file loaded: /hwonpark/www/application/config/tree.php
DEBUG - 2022-09-26 11:17:51 --> Encryption: Auto-configured driver 'openssl'.
DEBUG - 2022-09-26 11:17:51 --> UTF-8 Support Enabled
DEBUG - 2022-09-26 11:17:51 --> Global POST, GET and COOKIE data sanitized
DEBUG - 2022-09-26 11:17:52 --> Config file loaded: /hwonpark/www/application/config/tree.php
DEBUG - 2022-09-26 11:17:52 --> Encryption: Auto-configured driver 'openssl'.
DEBUG - 2022-09-26 11:17:52 --> Encryption class already loaded. Second attempt ignored.
DEBUG - 2022-09-26 11:17:52 --> Total execution time: 0.0511
DEBUG - 2022-09-26 11:17:55 --> UTF-8 Support Enabled
DEBUG - 2022-09-26 11:17:55 --> Global POST, GET and COOKIE data sanitized
DEBUG - 2022-09-26 11:17:55 --> Config file loaded: /hwonpark/www/application/config/tree.php
DEBUG - 2022-09-26 11:17:55 --> Encryption: Auto-configured driver 'openssl'.
DEBUG - 2022-09-26 11:17:55 --> Total execution time: 0.0534
DEBUG - 2022-09-26 11:17:57 --> UTF-8 Support Enabled
DEBUG - 2022-09-26 11:17:57 --> Global POST, GET and COOKIE data sanitized
DEBUG - 2022-09-26 11:17:57 --> Config file loaded: /hwonpark/www/application/config/tree.php
DEBUG - 2022-09-26 11:17:57 --> Encryption: Auto-configured driver 'openssl'.
DEBUG - 2022-09-26 11:17:57 --> Total execution time: 0.0432
DEBUG - 2022-09-26 11:17:57 --> UTF-8 Support Enabled
DEBUG - 2022-09-26 11:17:57 --> Global POST, GET and COOKIE data sanitized
DEBUG - 2022-09-26 11:17:57 --> Config file loaded: /hwonpark/www/application/config/tree.php
DEBUG - 2022-09-26 11:17:57 --> Encryption: Auto-configured driver 'openssl'.
DEBUG - 2022-09-26 11:17:57 --> Encryption class already loaded. Second attempt ignored.
DEBUG - 2022-09-26 11:17:57 --> Total execution time: 0.0626
DEBUG - 2022-09-26 11:17:59 --> UTF-8 Support Enabled
DEBUG - 2022-09-26 11:17:59 --> Global POST, GET and COOKIE data sanitized
DEBUG - 2022-09-26 11:17:59 --> Config file loaded: /hwonpark/www/application/config/tree.php
DEBUG - 2022-09-26 11:17:59 --> Encryption: Auto-configured driver 'openssl'.
DEBUG - 2022-09-26 11:17:59 --> Total execution time: 0.0690
DEBUG - 2022-09-26 11:18:23 --> UTF-8 Support Enabled
DEBUG - 2022-09-26 11:18:23 --> Global POST, GET and COOKIE data sanitized
DEBUG - 2022-09-26 11:18:23 --> Config file loaded: /hwonpark/www/application/config/tree.php
DEBUG - 2022-09-26 11:18:23 --> Encryption: Auto-configured driver 'openssl'.
DEBUG - 2022-09-26 11:18:23 --> Total execution time: 0.0429
DEBUG - 2022-09-26 11:18:25 --> UTF-8 Support Enabled
DEBUG - 2022-09-26 11:18:25 --> Global POST, GET and COOKIE data sanitized
DEBUG - 2022-09-26 11:18:25 --> Config file loaded: /hwonpark/www/application/config/tree.php
DEBUG - 2022-09-26 11:18:25 --> Encryption: Auto-configured driver 'openssl'.
DEBUG - 2022-09-26 11:18:25 --> Total execution time: 0.0502
DEBUG - 2022-09-26 11:23:22 --> UTF-8 Support Enabled
DEBUG - 2022-09-26 11:23:22 --> No URI present. Default controller set.
DEBUG - 2022-09-26 11:23:22 --> Global POST, GET and COOKIE data sanitized
DEBUG - 2022-09-26 11:23:22 --> Config file loaded: /hwonpark/www/application/config/tree.php
DEBUG - 2022-09-26 11:23:22 --> Total execution time: 0.0649
DEBUG - 2022-09-26 11:23:23 --> UTF-8 Support Enabled
DEBUG - 2022-09-26 11:23:23 --> Global POST, GET and COOKIE data sanitized
ERROR - 2022-09-26 11:23:23 --> 404 Page Not Found: Faviconico/index
DEBUG - 2022-09-26 13:31:59 --> UTF-8 Support Enabled
DEBUG - 2022-09-26 13:31:59 --> Global POST, GET and COOKIE data sanitized
DEBUG - 2022-09-26 13:31:59 --> Config file loaded: /hwonpark/www/application/config/tree.php
DEBUG - 2022-09-26 13:31:59 --> Total execution time: 0.1629
DEBUG - 2022-09-26 13:32:04 --> UTF-8 Support Enabled
DEBUG - 2022-09-26 13:32:04 --> Global POST, GET and COOKIE data sanitized
DEBUG - 2022-09-26 13:32:04 --> Config file loaded: /hwonpark/www/application/config/tree.php
DEBUG - 2022-09-26 13:32:05 --> UTF-8 Support Enabled
DEBUG - 2022-09-26 13:32:05 --> Global POST, GET and COOKIE data sanitized
DEBUG - 2022-09-26 13:32:05 --> Config file loaded: /hwonpark/www/application/config/tree.php
DEBUG - 2022-09-26 13:32:05 --> Encryption: Auto-configured driver 'openssl'.
DEBUG - 2022-09-26 13:32:05 --> UTF-8 Support Enabled
DEBUG - 2022-09-26 13:32:05 --> Global POST, GET and COOKIE data sanitized
DEBUG - 2022-09-26 13:32:05 --> Config file loaded: /hwonpark/www/application/config/tree.php
DEBUG - 2022-09-26 13:32:05 --> Encryption: Auto-configured driver 'openssl'.
DEBUG - 2022-09-26 13:32:05 --> Encryption class already loaded. Second attempt ignored.
DEBUG - 2022-09-26 13:32:05 --> Total execution time: 0.0533
DEBUG - 2022-09-26 13:32:12 --> UTF-8 Support Enabled
DEBUG - 2022-09-26 13:32:12 --> Global POST, GET and COOKIE data sanitized
DEBUG - 2022-09-26 13:32:12 --> Config file loaded: /hwonpark/www/application/config/tree.php
DEBUG - 2022-09-26 13:32:12 --> Encryption: Auto-configured driver 'openssl'.
DEBUG - 2022-09-26 13:32:12 --> Total execution time: 0.0417
DEBUG - 2022-09-26 13:32:17 --> UTF-8 Support Enabled
DEBUG - 2022-09-26 13:32:17 --> Global POST, GET and COOKIE data sanitized
DEBUG - 2022-09-26 13:32:17 --> Config file loaded: /hwonpark/www/application/config/tree.php
DEBUG - 2022-09-26 13:32:17 --> Encryption: Auto-configured driver 'openssl'.
DEBUG - 2022-09-26 13:32:17 --> Total execution time: 0.0401
DEBUG - 2022-09-26 13:32:28 --> UTF-8 Support Enabled
DEBUG - 2022-09-26 13:32:28 --> Global POST, GET and COOKIE data sanitized
DEBUG - 2022-09-26 13:32:28 --> Config file loaded: /hwonpark/www/application/config/tree.php
DEBUG - 2022-09-26 13:32:28 --> Encryption: Auto-configured driver 'openssl'.
DEBUG - 2022-09-26 13:32:28 --> Total execution time: 0.0471
DEBUG - 2022-09-26 13:32:37 --> UTF-8 Support Enabled
DEBUG - 2022-09-26 13:32:37 --> Global POST, GET and COOKIE data sanitized
DEBUG - 2022-09-26 13:32:37 --> Config file loaded: /hwonpark/www/application/config/tree.php
DEBUG - 2022-09-26 13:32:37 --> Encryption: Auto-configured driver 'openssl'.
DEBUG - 2022-09-26 13:32:37 --> Total execution time: 0.0703
DEBUG - 2022-09-26 13:32:37 --> UTF-8 Support Enabled
DEBUG - 2022-09-26 13:32:37 --> Global POST, GET and COOKIE data sanitized
DEBUG - 2022-09-26 13:32:37 --> Config file loaded: /hwonpark/www/application/config/tree.php
DEBUG - 2022-09-26 13:32:37 --> Encryption: Auto-configured driver 'openssl'.
DEBUG - 2022-09-26 13:32:37 --> Total execution time: 0.0336
DEBUG - 2022-09-26 13:32:38 --> UTF-8 Support Enabled
DEBUG - 2022-09-26 13:32:38 --> Global POST, GET and COOKIE data sanitized
DEBUG - 2022-09-26 13:32:38 --> Config file loaded: /hwonpark/www/application/config/tree.php
DEBUG - 2022-09-26 13:32:38 --> Encryption: Auto-configured driver 'openssl'.
DEBUG - 2022-09-26 13:32:38 --> Total execution time: 0.0296
DEBUG - 2022-09-26 13:32:40 --> UTF-8 Support Enabled
DEBUG - 2022-09-26 13:32:40 --> Global POST, GET and COOKIE data sanitized
DEBUG - 2022-09-26 13:32:40 --> Config file loaded: /hwonpark/www/application/config/tree.php
DEBUG - 2022-09-26 13:32:40 --> Encryption: Auto-configured driver 'openssl'.
DEBUG - 2022-09-26 13:32:40 --> Total execution time: 0.0549
DEBUG - 2022-09-26 13:32:41 --> UTF-8 Support Enabled
DEBUG - 2022-09-26 13:32:41 --> Global POST, GET and COOKIE data sanitized
DEBUG - 2022-09-26 13:32:41 --> Config file loaded: /hwonpark/www/application/config/tree.php
DEBUG - 2022-09-26 13:32:41 --> Encryption: Auto-configured driver 'openssl'.
DEBUG - 2022-09-26 13:32:41 --> Total execution time: 0.0493
DEBUG - 2022-09-26 13:32:42 --> UTF-8 Support Enabled
DEBUG - 2022-09-26 13:32:42 --> Global POST, GET and COOKIE data sanitized
DEBUG - 2022-09-26 13:32:42 --> Config file loaded: /hwonpark/www/application/config/tree.php
DEBUG - 2022-09-26 13:32:42 --> Encryption: Auto-configured driver 'openssl'.
DEBUG - 2022-09-26 13:32:42 --> Total execution time: 0.0685
DEBUG - 2022-09-26 13:32:44 --> UTF-8 Support Enabled
DEBUG - 2022-09-26 13:32:44 --> Global POST, GET and COOKIE data sanitized
DEBUG - 2022-09-26 13:32:44 --> Config file loaded: /hwonpark/www/application/config/tree.php
DEBUG - 2022-09-26 13:32:44 --> Encryption: Auto-configured driver 'openssl'.
DEBUG - 2022-09-26 13:32:44 --> Total execution time: 0.0690
DEBUG - 2022-09-26 13:32:46 --> UTF-8 Support Enabled
DEBUG - 2022-09-26 13:32:46 --> Global POST, GET and COOKIE data sanitized
DEBUG - 2022-09-26 13:32:46 --> Config file loaded: /hwonpark/www/application/config/tree.php
DEBUG - 2022-09-26 13:32:46 --> Encryption: Auto-configured driver 'openssl'.
DEBUG - 2022-09-26 13:32:46 --> Total execution time: 0.0396
DEBUG - 2022-09-26 16:00:34 --> UTF-8 Support Enabled
DEBUG - 2022-09-26 16:00:34 --> No URI present. Default controller set.
DEBUG - 2022-09-26 16:00:34 --> Global POST, GET and COOKIE data sanitized
DEBUG - 2022-09-26 16:00:34 --> Config file loaded: /hwonpark/www/application/config/tree.php
DEBUG - 2022-09-26 16:00:34 --> Total execution time: 0.0620
DEBUG - 2022-09-26 16:00:35 --> UTF-8 Support Enabled
DEBUG - 2022-09-26 16:00:35 --> Global POST, GET and COOKIE data sanitized
ERROR - 2022-09-26 16:00:35 --> 404 Page Not Found: Faviconico/index
DEBUG - 2022-09-26 16:00:38 --> UTF-8 Support Enabled
DEBUG - 2022-09-26 16:00:38 --> Global POST, GET and COOKIE data sanitized
DEBUG - 2022-09-26 16:00:38 --> Config file loaded: /hwonpark/www/application/config/tree.php
DEBUG - 2022-09-26 16:00:38 --> Total execution time: 0.0745
DEBUG - 2022-09-26 16:00:41 --> UTF-8 Support Enabled
DEBUG - 2022-09-26 16:00:41 --> Global POST, GET and COOKIE data sanitized
DEBUG - 2022-09-26 16:00:42 --> Config file loaded: /hwonpark/www/application/config/tree.php
DEBUG - 2022-09-26 16:00:42 --> Total execution time: 0.0345
DEBUG - 2022-09-26 16:53:26 --> UTF-8 Support Enabled
DEBUG - 2022-09-26 16:53:26 --> Global POST, GET and COOKIE data sanitized
DEBUG - 2022-09-26 16:53:26 --> Config file loaded: /hwonpark/www/application/config/tree.php
DEBUG - 2022-09-26 16:53:26 --> Total execution time: 0.0363
DEBUG - 2022-09-26 16:53:32 --> UTF-8 Support Enabled
DEBUG - 2022-09-26 16:53:32 --> Global POST, GET and COOKIE data sanitized
DEBUG - 2022-09-26 16:53:32 --> Config file loaded: /hwonpark/www/application/config/tree.php
DEBUG - 2022-09-26 16:53:32 --> Total execution time: 0.0559
DEBUG - 2022-09-26 16:53:36 --> UTF-8 Support Enabled
DEBUG - 2022-09-26 16:53:36 --> Global POST, GET and COOKIE data sanitized
DEBUG - 2022-09-26 16:53:36 --> Config file loaded: /hwonpark/www/application/config/tree.php
DEBUG - 2022-09-26 16:53:36 --> Total execution time: 0.0354
DEBUG - 2022-09-26 17:01:01 --> UTF-8 Support Enabled
DEBUG - 2022-09-26 17:01:01 --> Global POST, GET and COOKIE data sanitized
DEBUG - 2022-09-26 17:01:01 --> Config file loaded: /hwonpark/www/application/config/tree.php
DEBUG - 2022-09-26 17:01:01 --> Total execution time: 0.0569
DEBUG - 2022-09-26 17:01:07 --> UTF-8 Support Enabled
DEBUG - 2022-09-26 17:01:07 --> Global POST, GET and COOKIE data sanitized
DEBUG - 2022-09-26 17:01:07 --> Config file loaded: /hwonpark/www/application/config/tree.php
DEBUG - 2022-09-26 17:01:07 --> Total execution time: 0.0677
DEBUG - 2022-09-26 17:57:07 --> UTF-8 Support Enabled
DEBUG - 2022-09-26 17:57:07 --> No URI present. Default controller set.
DEBUG - 2022-09-26 17:57:07 --> Global POST, GET and COOKIE data sanitized
DEBUG - 2022-09-26 17:57:07 --> Config file loaded: /hwonpark/www/application/config/tree.php
DEBUG - 2022-09-26 17:57:07 --> Total execution time: 0.1288
DEBUG - 2022-09-26 17:57:08 --> UTF-8 Support Enabled
DEBUG - 2022-09-26 17:57:08 --> Global POST, GET and COOKIE data sanitized
ERROR - 2022-09-26 17:57:08 --> 404 Page Not Found: Faviconico/index
DEBUG - 2022-09-26 19:35:58 --> UTF-8 Support Enabled
DEBUG - 2022-09-26 19:35:58 --> No URI present. Default controller set.
DEBUG - 2022-09-26 19:35:58 --> Global POST, GET and COOKIE data sanitized
DEBUG - 2022-09-26 19:35:58 --> Config file loaded: /hwonpark/www/application/config/tree.php
DEBUG - 2022-09-26 19:35:58 --> Total execution time: 0.0623
DEBUG - 2022-09-26 19:35:59 --> UTF-8 Support Enabled
DEBUG - 2022-09-26 19:35:59 --> Global POST, GET and COOKIE data sanitized
ERROR - 2022-09-26 19:35:59 --> 404 Page Not Found: Faviconico/index
DEBUG - 2022-09-26 21:38:25 --> UTF-8 Support Enabled
DEBUG - 2022-09-26 21:38:25 --> No URI present. Default controller set.
DEBUG - 2022-09-26 21:38:25 --> Global POST, GET and COOKIE data sanitized
DEBUG - 2022-09-26 21:38:25 --> Config file loaded: /hwonpark/www/application/config/tree.php
DEBUG - 2022-09-26 21:38:25 --> Total execution time: 0.0492
DEBUG - 2022-09-26 21:38:27 --> UTF-8 Support Enabled
DEBUG - 2022-09-26 21:38:27 --> Global POST, GET and COOKIE data sanitized
ERROR - 2022-09-26 21:38:27 --> 404 Page Not Found: Faviconico/index
DEBUG - 2022-09-26 22:50:55 --> UTF-8 Support Enabled
DEBUG - 2022-09-26 22:50:55 --> No URI present. Default controller set.
DEBUG - 2022-09-26 22:50:55 --> Global POST, GET and COOKIE data sanitized
DEBUG - 2022-09-26 22:50:55 --> Config file loaded: /hwonpark/www/application/config/tree.php
DEBUG - 2022-09-26 22:50:55 --> Total execution time: 0.0323
DEBUG - 2022-09-26 22:50:55 --> UTF-8 Support Enabled
DEBUG - 2022-09-26 22:50:55 --> No URI present. Default controller set.
DEBUG - 2022-09-26 22:50:55 --> Global POST, GET and COOKIE data sanitized
DEBUG - 2022-09-26 22:50:55 --> Config file loaded: /hwonpark/www/application/config/tree.php
DEBUG - 2022-09-26 22:50:55 --> Total execution time: 0.0300
DEBUG - 2022-09-26 22:50:56 --> UTF-8 Support Enabled
DEBUG - 2022-09-26 22:50:56 --> Global POST, GET and COOKIE data sanitized
ERROR - 2022-09-26 22:50:56 --> 404 Page Not Found: Faviconico/index
DEBUG - 2022-09-26 22:50:56 --> UTF-8 Support Enabled
DEBUG - 2022-09-26 22:50:56 --> Global POST, GET and COOKIE data sanitized
ERROR - 2022-09-26 22:50:56 --> 404 Page Not Found: Faviconico/index
