DEBUG - 2022-12-19 09:37:41 --> UTF-8 Support Enabled
DEBUG - 2022-12-19 09:37:41 --> No URI present. Default controller set.
DEBUG - 2022-12-19 09:37:41 --> Global POST, GET and COOKIE data sanitized
DEBUG - 2022-12-19 09:37:41 --> Config file loaded: /hwonpark/www/application/config/tree.php
DEBUG - 2022-12-19 09:37:41 --> Total execution time: 0.2870
DEBUG - 2022-12-19 09:37:42 --> UTF-8 Support Enabled
DEBUG - 2022-12-19 09:37:42 --> Global POST, GET and COOKIE data sanitized
ERROR - 2022-12-19 09:37:42 --> 404 Page Not Found: Faviconico/index
DEBUG - 2022-12-19 09:37:44 --> UTF-8 Support Enabled
DEBUG - 2022-12-19 09:37:44 --> Global POST, GET and COOKIE data sanitized
DEBUG - 2022-12-19 09:37:44 --> Config file loaded: /hwonpark/www/application/config/tree.php
DEBUG - 2022-12-19 09:37:44 --> Total execution time: 0.1325
DEBUG - 2022-12-19 09:37:45 --> UTF-8 Support Enabled
DEBUG - 2022-12-19 09:37:45 --> No URI present. Default controller set.
DEBUG - 2022-12-19 09:37:45 --> Global POST, GET and COOKIE data sanitized
DEBUG - 2022-12-19 09:37:45 --> Config file loaded: /hwonpark/www/application/config/tree.php
DEBUG - 2022-12-19 09:37:45 --> Total execution time: 0.0711
DEBUG - 2022-12-19 09:37:47 --> UTF-8 Support Enabled
DEBUG - 2022-12-19 09:37:47 --> Global POST, GET and COOKIE data sanitized
DEBUG - 2022-12-19 09:37:47 --> Config file loaded: /hwonpark/www/application/config/tree.php
DEBUG - 2022-12-19 09:37:48 --> UTF-8 Support Enabled
DEBUG - 2022-12-19 09:37:48 --> Global POST, GET and COOKIE data sanitized
DEBUG - 2022-12-19 09:37:48 --> Config file loaded: /hwonpark/www/application/config/tree.php
DEBUG - 2022-12-19 09:37:48 --> Total execution time: 0.0329
DEBUG - 2022-12-19 09:37:49 --> UTF-8 Support Enabled
DEBUG - 2022-12-19 09:37:49 --> No URI present. Default controller set.
DEBUG - 2022-12-19 09:37:49 --> Global POST, GET and COOKIE data sanitized
DEBUG - 2022-12-19 09:37:49 --> Config file loaded: /hwonpark/www/application/config/tree.php
DEBUG - 2022-12-19 09:37:49 --> Total execution time: 0.0304
DEBUG - 2022-12-19 09:37:54 --> UTF-8 Support Enabled
DEBUG - 2022-12-19 09:37:54 --> Global POST, GET and COOKIE data sanitized
DEBUG - 2022-12-19 09:37:54 --> Config file loaded: /hwonpark/www/application/config/tree.php
DEBUG - 2022-12-19 09:37:54 --> Total execution time: 0.0545
DEBUG - 2022-12-19 10:21:06 --> UTF-8 Support Enabled
DEBUG - 2022-12-19 10:21:06 --> Global POST, GET and COOKIE data sanitized
DEBUG - 2022-12-19 10:21:06 --> Config file loaded: /hwonpark/www/application/config/tree.php
DEBUG - 2022-12-19 10:21:06 --> UTF-8 Support Enabled
DEBUG - 2022-12-19 10:21:06 --> Global POST, GET and COOKIE data sanitized
DEBUG - 2022-12-19 10:21:06 --> Config file loaded: /hwonpark/www/application/config/tree.php
DEBUG - 2022-12-19 10:21:06 --> UTF-8 Support Enabled
DEBUG - 2022-12-19 10:21:06 --> No URI present. Default controller set.
DEBUG - 2022-12-19 10:21:06 --> Global POST, GET and COOKIE data sanitized
DEBUG - 2022-12-19 10:21:06 --> Config file loaded: /hwonpark/www/application/config/tree.php
DEBUG - 2022-12-19 10:21:06 --> Total execution time: 0.0343
DEBUG - 2022-12-19 10:21:07 --> UTF-8 Support Enabled
DEBUG - 2022-12-19 10:21:07 --> No URI present. Default controller set.
DEBUG - 2022-12-19 10:21:07 --> Global POST, GET and COOKIE data sanitized
DEBUG - 2022-12-19 10:21:07 --> Config file loaded: /hwonpark/www/application/config/tree.php
DEBUG - 2022-12-19 10:21:07 --> Total execution time: 0.0332
DEBUG - 2022-12-19 10:21:08 --> UTF-8 Support Enabled
DEBUG - 2022-12-19 10:21:08 --> Global POST, GET and COOKIE data sanitized
ERROR - 2022-12-19 10:21:08 --> 404 Page Not Found: Faviconico/index
DEBUG - 2022-12-19 10:24:08 --> UTF-8 Support Enabled
DEBUG - 2022-12-19 10:24:08 --> No URI present. Default controller set.
DEBUG - 2022-12-19 10:24:08 --> Global POST, GET and COOKIE data sanitized
DEBUG - 2022-12-19 10:24:08 --> Config file loaded: /hwonpark/www/application/config/tree.php
DEBUG - 2022-12-19 10:24:08 --> Total execution time: 0.0616
DEBUG - 2022-12-19 10:24:09 --> UTF-8 Support Enabled
DEBUG - 2022-12-19 10:24:09 --> No URI present. Default controller set.
DEBUG - 2022-12-19 10:24:09 --> Global POST, GET and COOKIE data sanitized
DEBUG - 2022-12-19 10:24:09 --> Config file loaded: /hwonpark/www/application/config/tree.php
DEBUG - 2022-12-19 10:24:09 --> Total execution time: 0.0344
DEBUG - 2022-12-19 10:24:11 --> UTF-8 Support Enabled
DEBUG - 2022-12-19 10:24:11 --> Global POST, GET and COOKIE data sanitized
ERROR - 2022-12-19 10:24:11 --> 404 Page Not Found: Faviconico/index
DEBUG - 2022-12-19 10:24:14 --> UTF-8 Support Enabled
DEBUG - 2022-12-19 10:24:14 --> No URI present. Default controller set.
DEBUG - 2022-12-19 10:24:14 --> Global POST, GET and COOKIE data sanitized
DEBUG - 2022-12-19 10:24:14 --> Config file loaded: /hwonpark/www/application/config/tree.php
DEBUG - 2022-12-19 10:24:14 --> Total execution time: 0.0595
DEBUG - 2022-12-19 10:25:22 --> UTF-8 Support Enabled
DEBUG - 2022-12-19 10:25:22 --> No URI present. Default controller set.
DEBUG - 2022-12-19 10:25:22 --> Global POST, GET and COOKIE data sanitized
DEBUG - 2022-12-19 10:25:22 --> Config file loaded: /hwonpark/www/application/config/tree.php
DEBUG - 2022-12-19 10:25:22 --> Total execution time: 0.0322
DEBUG - 2022-12-19 10:25:36 --> UTF-8 Support Enabled
DEBUG - 2022-12-19 10:25:36 --> No URI present. Default controller set.
DEBUG - 2022-12-19 10:25:36 --> Global POST, GET and COOKIE data sanitized
DEBUG - 2022-12-19 10:25:36 --> Config file loaded: /hwonpark/www/application/config/tree.php
DEBUG - 2022-12-19 10:25:36 --> Total execution time: 0.0375
DEBUG - 2022-12-19 10:26:56 --> UTF-8 Support Enabled
DEBUG - 2022-12-19 10:26:56 --> No URI present. Default controller set.
DEBUG - 2022-12-19 10:26:56 --> Global POST, GET and COOKIE data sanitized
DEBUG - 2022-12-19 10:26:56 --> Config file loaded: /hwonpark/www/application/config/tree.php
DEBUG - 2022-12-19 10:26:56 --> Total execution time: 0.0373
DEBUG - 2022-12-19 10:31:58 --> UTF-8 Support Enabled
DEBUG - 2022-12-19 10:31:58 --> No URI present. Default controller set.
DEBUG - 2022-12-19 10:31:58 --> Global POST, GET and COOKIE data sanitized
DEBUG - 2022-12-19 10:31:58 --> Config file loaded: /hwonpark/www/application/config/tree.php
DEBUG - 2022-12-19 10:31:58 --> Total execution time: 0.0707
DEBUG - 2022-12-19 10:34:32 --> UTF-8 Support Enabled
DEBUG - 2022-12-19 10:34:32 --> No URI present. Default controller set.
DEBUG - 2022-12-19 10:34:32 --> Global POST, GET and COOKIE data sanitized
DEBUG - 2022-12-19 10:34:32 --> Config file loaded: /hwonpark/www/application/config/tree.php
DEBUG - 2022-12-19 10:34:32 --> Total execution time: 0.0874
DEBUG - 2022-12-19 10:43:40 --> UTF-8 Support Enabled
DEBUG - 2022-12-19 10:43:40 --> Global POST, GET and COOKIE data sanitized
DEBUG - 2022-12-19 10:43:40 --> Config file loaded: /hwonpark/www/application/config/tree.php
DEBUG - 2022-12-19 10:43:40 --> Total execution time: 0.0389
DEBUG - 2022-12-19 10:43:48 --> UTF-8 Support Enabled
DEBUG - 2022-12-19 10:43:48 --> Global POST, GET and COOKIE data sanitized
DEBUG - 2022-12-19 10:43:48 --> Config file loaded: /hwonpark/www/application/config/tree.php
DEBUG - 2022-12-19 10:43:49 --> UTF-8 Support Enabled
DEBUG - 2022-12-19 10:43:49 --> Global POST, GET and COOKIE data sanitized
DEBUG - 2022-12-19 10:43:49 --> Config file loaded: /hwonpark/www/application/config/tree.php
DEBUG - 2022-12-19 10:43:49 --> Encryption: Auto-configured driver 'openssl'.
DEBUG - 2022-12-19 10:43:49 --> UTF-8 Support Enabled
DEBUG - 2022-12-19 10:43:49 --> Global POST, GET and COOKIE data sanitized
DEBUG - 2022-12-19 10:43:49 --> Config file loaded: /hwonpark/www/application/config/tree.php
DEBUG - 2022-12-19 10:43:49 --> Encryption: Auto-configured driver 'openssl'.
DEBUG - 2022-12-19 10:43:49 --> Encryption class already loaded. Second attempt ignored.
DEBUG - 2022-12-19 10:43:49 --> Total execution time: 0.0525
DEBUG - 2022-12-19 10:43:50 --> UTF-8 Support Enabled
DEBUG - 2022-12-19 10:43:50 --> Global POST, GET and COOKIE data sanitized
DEBUG - 2022-12-19 10:43:50 --> Config file loaded: /hwonpark/www/application/config/tree.php
DEBUG - 2022-12-19 10:43:50 --> Encryption: Auto-configured driver 'openssl'.
DEBUG - 2022-12-19 10:43:50 --> Total execution time: 0.0403
DEBUG - 2022-12-19 10:43:52 --> UTF-8 Support Enabled
DEBUG - 2022-12-19 10:43:52 --> Global POST, GET and COOKIE data sanitized
DEBUG - 2022-12-19 10:43:52 --> Config file loaded: /hwonpark/www/application/config/tree.php
DEBUG - 2022-12-19 10:43:52 --> Encryption: Auto-configured driver 'openssl'.
DEBUG - 2022-12-19 10:43:52 --> Total execution time: 0.0430
DEBUG - 2022-12-19 10:43:56 --> UTF-8 Support Enabled
DEBUG - 2022-12-19 10:43:56 --> Global POST, GET and COOKIE data sanitized
DEBUG - 2022-12-19 10:43:56 --> Config file loaded: /hwonpark/www/application/config/tree.php
DEBUG - 2022-12-19 10:43:56 --> Encryption: Auto-configured driver 'openssl'.
DEBUG - 2022-12-19 10:43:56 --> Total execution time: 0.0486
DEBUG - 2022-12-19 10:43:58 --> UTF-8 Support Enabled
DEBUG - 2022-12-19 10:43:58 --> Global POST, GET and COOKIE data sanitized
DEBUG - 2022-12-19 10:43:58 --> Config file loaded: /hwonpark/www/application/config/tree.php
DEBUG - 2022-12-19 10:43:58 --> Encryption: Auto-configured driver 'openssl'.
DEBUG - 2022-12-19 10:43:58 --> Total execution time: 0.0407
DEBUG - 2022-12-19 10:46:00 --> UTF-8 Support Enabled
DEBUG - 2022-12-19 10:46:00 --> Global POST, GET and COOKIE data sanitized
DEBUG - 2022-12-19 10:46:00 --> Config file loaded: /hwonpark/www/application/config/tree.php
DEBUG - 2022-12-19 10:46:00 --> Encryption: Auto-configured driver 'openssl'.
DEBUG - 2022-12-19 10:46:02 --> UTF-8 Support Enabled
DEBUG - 2022-12-19 10:46:02 --> Global POST, GET and COOKIE data sanitized
DEBUG - 2022-12-19 10:46:02 --> Config file loaded: /hwonpark/www/application/config/tree.php
DEBUG - 2022-12-19 10:46:02 --> Encryption: Auto-configured driver 'openssl'.
DEBUG - 2022-12-19 10:46:02 --> Total execution time: 0.0384
DEBUG - 2022-12-19 10:46:10 --> UTF-8 Support Enabled
DEBUG - 2022-12-19 10:46:10 --> Global POST, GET and COOKIE data sanitized
DEBUG - 2022-12-19 10:46:10 --> Config file loaded: /hwonpark/www/application/config/tree.php
DEBUG - 2022-12-19 10:46:10 --> Encryption: Auto-configured driver 'openssl'.
DEBUG - 2022-12-19 10:46:10 --> Total execution time: 0.0362
DEBUG - 2022-12-19 10:47:36 --> UTF-8 Support Enabled
DEBUG - 2022-12-19 10:47:36 --> Global POST, GET and COOKIE data sanitized
DEBUG - 2022-12-19 10:47:36 --> Config file loaded: /hwonpark/www/application/config/tree.php
DEBUG - 2022-12-19 10:47:36 --> Encryption: Auto-configured driver 'openssl'.
DEBUG - 2022-12-19 10:47:37 --> UTF-8 Support Enabled
DEBUG - 2022-12-19 10:47:37 --> Global POST, GET and COOKIE data sanitized
DEBUG - 2022-12-19 10:47:37 --> Config file loaded: /hwonpark/www/application/config/tree.php
DEBUG - 2022-12-19 10:47:37 --> Encryption: Auto-configured driver 'openssl'.
DEBUG - 2022-12-19 10:47:37 --> Total execution time: 0.0355
DEBUG - 2022-12-19 10:56:04 --> UTF-8 Support Enabled
DEBUG - 2022-12-19 10:56:04 --> Global POST, GET and COOKIE data sanitized
DEBUG - 2022-12-19 10:56:04 --> Config file loaded: /hwonpark/www/application/config/tree.php
DEBUG - 2022-12-19 10:56:04 --> Encryption: Auto-configured driver 'openssl'.
DEBUG - 2022-12-19 10:56:04 --> Total execution time: 0.0633
DEBUG - 2022-12-19 11:08:57 --> UTF-8 Support Enabled
DEBUG - 2022-12-19 11:08:57 --> Global POST, GET and COOKIE data sanitized
DEBUG - 2022-12-19 11:08:57 --> Config file loaded: /hwonpark/www/application/config/tree.php
DEBUG - 2022-12-19 11:08:59 --> UTF-8 Support Enabled
DEBUG - 2022-12-19 11:08:59 --> No URI present. Default controller set.
DEBUG - 2022-12-19 11:08:59 --> Global POST, GET and COOKIE data sanitized
DEBUG - 2022-12-19 11:08:59 --> Config file loaded: /hwonpark/www/application/config/tree.php
DEBUG - 2022-12-19 11:08:59 --> Total execution time: 0.0345
DEBUG - 2022-12-19 11:14:07 --> UTF-8 Support Enabled
DEBUG - 2022-12-19 11:14:07 --> Global POST, GET and COOKIE data sanitized
DEBUG - 2022-12-19 11:14:07 --> Config file loaded: /hwonpark/www/application/config/tree.php
DEBUG - 2022-12-19 11:14:07 --> Total execution time: 0.0570
DEBUG - 2022-12-19 11:14:11 --> UTF-8 Support Enabled
DEBUG - 2022-12-19 11:14:11 --> Global POST, GET and COOKIE data sanitized
ERROR - 2022-12-19 11:14:11 --> 404 Page Not Found: Faviconico/index
DEBUG - 2022-12-19 11:14:20 --> UTF-8 Support Enabled
DEBUG - 2022-12-19 11:14:20 --> Global POST, GET and COOKIE data sanitized
DEBUG - 2022-12-19 11:14:20 --> Config file loaded: /hwonpark/www/application/config/tree.php
DEBUG - 2022-12-19 11:14:24 --> UTF-8 Support Enabled
DEBUG - 2022-12-19 11:14:24 --> Global POST, GET and COOKIE data sanitized
DEBUG - 2022-12-19 11:14:24 --> Config file loaded: /hwonpark/www/application/config/tree.php
DEBUG - 2022-12-19 11:14:24 --> Encryption: Auto-configured driver 'openssl'.
DEBUG - 2022-12-19 11:14:24 --> UTF-8 Support Enabled
DEBUG - 2022-12-19 11:14:24 --> Global POST, GET and COOKIE data sanitized
DEBUG - 2022-12-19 11:14:24 --> Config file loaded: /hwonpark/www/application/config/tree.php
DEBUG - 2022-12-19 11:14:24 --> Encryption: Auto-configured driver 'openssl'.
DEBUG - 2022-12-19 11:14:24 --> Encryption class already loaded. Second attempt ignored.
DEBUG - 2022-12-19 11:14:24 --> Total execution time: 0.0500
DEBUG - 2022-12-19 11:14:25 --> UTF-8 Support Enabled
DEBUG - 2022-12-19 11:14:25 --> Global POST, GET and COOKIE data sanitized
ERROR - 2022-12-19 11:14:25 --> 404 Page Not Found: Faviconico/index
DEBUG - 2022-12-19 11:14:38 --> UTF-8 Support Enabled
DEBUG - 2022-12-19 11:14:38 --> No URI present. Default controller set.
DEBUG - 2022-12-19 11:14:38 --> Global POST, GET and COOKIE data sanitized
DEBUG - 2022-12-19 11:14:38 --> Config file loaded: /hwonpark/www/application/config/tree.php
DEBUG - 2022-12-19 11:14:38 --> Encryption: Auto-configured driver 'openssl'.
DEBUG - 2022-12-19 11:14:38 --> Total execution time: 0.0334
DEBUG - 2022-12-19 11:14:47 --> UTF-8 Support Enabled
DEBUG - 2022-12-19 11:14:47 --> Global POST, GET and COOKIE data sanitized
DEBUG - 2022-12-19 11:14:47 --> Config file loaded: /hwonpark/www/application/config/tree.php
DEBUG - 2022-12-19 11:14:47 --> Encryption: Auto-configured driver 'openssl'.
DEBUG - 2022-12-19 11:14:49 --> UTF-8 Support Enabled
DEBUG - 2022-12-19 11:14:49 --> No URI present. Default controller set.
DEBUG - 2022-12-19 11:14:49 --> Global POST, GET and COOKIE data sanitized
DEBUG - 2022-12-19 11:14:49 --> Config file loaded: /hwonpark/www/application/config/tree.php
DEBUG - 2022-12-19 11:14:49 --> Encryption: Auto-configured driver 'openssl'.
DEBUG - 2022-12-19 11:14:49 --> Total execution time: 0.0331
DEBUG - 2022-12-19 11:14:51 --> UTF-8 Support Enabled
DEBUG - 2022-12-19 11:14:51 --> Global POST, GET and COOKIE data sanitized
DEBUG - 2022-12-19 11:14:51 --> Config file loaded: /hwonpark/www/application/config/tree.php
DEBUG - 2022-12-19 11:14:51 --> Encryption: Auto-configured driver 'openssl'.
DEBUG - 2022-12-19 11:14:53 --> UTF-8 Support Enabled
DEBUG - 2022-12-19 11:14:53 --> No URI present. Default controller set.
DEBUG - 2022-12-19 11:14:53 --> Global POST, GET and COOKIE data sanitized
DEBUG - 2022-12-19 11:14:53 --> Config file loaded: /hwonpark/www/application/config/tree.php
DEBUG - 2022-12-19 11:14:53 --> Total execution time: 0.0445
DEBUG - 2022-12-19 11:15:11 --> UTF-8 Support Enabled
DEBUG - 2022-12-19 11:15:11 --> Global POST, GET and COOKIE data sanitized
DEBUG - 2022-12-19 11:15:11 --> Config file loaded: /hwonpark/www/application/config/tree.php
DEBUG - 2022-12-19 11:15:11 --> Total execution time: 0.0469
DEBUG - 2022-12-19 11:15:26 --> UTF-8 Support Enabled
DEBUG - 2022-12-19 11:15:26 --> Global POST, GET and COOKIE data sanitized
DEBUG - 2022-12-19 11:15:26 --> Config file loaded: /hwonpark/www/application/config/tree.php
DEBUG - 2022-12-19 11:15:28 --> UTF-8 Support Enabled
DEBUG - 2022-12-19 11:15:28 --> Global POST, GET and COOKIE data sanitized
DEBUG - 2022-12-19 11:15:28 --> Config file loaded: /hwonpark/www/application/config/tree.php
DEBUG - 2022-12-19 11:15:28 --> Encryption: Auto-configured driver 'openssl'.
DEBUG - 2022-12-19 11:15:28 --> UTF-8 Support Enabled
DEBUG - 2022-12-19 11:15:28 --> Global POST, GET and COOKIE data sanitized
DEBUG - 2022-12-19 11:15:28 --> Config file loaded: /hwonpark/www/application/config/tree.php
DEBUG - 2022-12-19 11:15:28 --> Encryption: Auto-configured driver 'openssl'.
DEBUG - 2022-12-19 11:15:28 --> Encryption class already loaded. Second attempt ignored.
DEBUG - 2022-12-19 11:15:28 --> Total execution time: 0.0436
DEBUG - 2022-12-19 11:15:30 --> UTF-8 Support Enabled
DEBUG - 2022-12-19 11:15:30 --> Global POST, GET and COOKIE data sanitized
DEBUG - 2022-12-19 11:15:30 --> Config file loaded: /hwonpark/www/application/config/tree.php
DEBUG - 2022-12-19 11:15:30 --> Encryption: Auto-configured driver 'openssl'.
DEBUG - 2022-12-19 11:15:30 --> Total execution time: 0.0368
DEBUG - 2022-12-19 11:15:32 --> UTF-8 Support Enabled
DEBUG - 2022-12-19 11:15:32 --> Global POST, GET and COOKIE data sanitized
DEBUG - 2022-12-19 11:15:32 --> Config file loaded: /hwonpark/www/application/config/tree.php
DEBUG - 2022-12-19 11:15:32 --> Encryption: Auto-configured driver 'openssl'.
DEBUG - 2022-12-19 11:15:32 --> Encryption class already loaded. Second attempt ignored.
DEBUG - 2022-12-19 11:15:32 --> Total execution time: 0.0391
DEBUG - 2022-12-19 11:17:53 --> UTF-8 Support Enabled
DEBUG - 2022-12-19 11:17:53 --> Global POST, GET and COOKIE data sanitized
DEBUG - 2022-12-19 11:17:53 --> Config file loaded: /hwonpark/www/application/config/tree.php
DEBUG - 2022-12-19 11:17:53 --> Encryption: Auto-configured driver 'openssl'.
DEBUG - 2022-12-19 11:17:53 --> Encryption class already loaded. Second attempt ignored.
DEBUG - 2022-12-19 11:17:53 --> Total execution time: 0.0468
DEBUG - 2022-12-19 11:17:55 --> UTF-8 Support Enabled
DEBUG - 2022-12-19 11:17:55 --> Global POST, GET and COOKIE data sanitized
DEBUG - 2022-12-19 11:17:55 --> Config file loaded: /hwonpark/www/application/config/tree.php
DEBUG - 2022-12-19 11:17:55 --> Encryption: Auto-configured driver 'openssl'.
DEBUG - 2022-12-19 11:17:55 --> Total execution time: 0.0371
DEBUG - 2022-12-19 11:17:56 --> UTF-8 Support Enabled
DEBUG - 2022-12-19 11:17:56 --> Global POST, GET and COOKIE data sanitized
DEBUG - 2022-12-19 11:17:56 --> Config file loaded: /hwonpark/www/application/config/tree.php
DEBUG - 2022-12-19 11:17:56 --> Encryption: Auto-configured driver 'openssl'.
DEBUG - 2022-12-19 11:17:56 --> Encryption class already loaded. Second attempt ignored.
DEBUG - 2022-12-19 11:17:56 --> Total execution time: 0.0373
DEBUG - 2022-12-19 11:20:24 --> UTF-8 Support Enabled
DEBUG - 2022-12-19 11:20:24 --> No URI present. Default controller set.
DEBUG - 2022-12-19 11:20:24 --> Global POST, GET and COOKIE data sanitized
DEBUG - 2022-12-19 11:20:24 --> Config file loaded: /hwonpark/www/application/config/tree.php
DEBUG - 2022-12-19 11:20:24 --> Total execution time: 0.0308
DEBUG - 2022-12-19 12:31:27 --> UTF-8 Support Enabled
DEBUG - 2022-12-19 12:31:27 --> Global POST, GET and COOKIE data sanitized
DEBUG - 2022-12-19 12:31:27 --> Config file loaded: /hwonpark/www/application/config/tree.php
DEBUG - 2022-12-19 12:31:29 --> UTF-8 Support Enabled
DEBUG - 2022-12-19 12:31:29 --> No URI present. Default controller set.
DEBUG - 2022-12-19 12:31:29 --> Global POST, GET and COOKIE data sanitized
DEBUG - 2022-12-19 12:31:29 --> Config file loaded: /hwonpark/www/application/config/tree.php
DEBUG - 2022-12-19 12:31:29 --> Total execution time: 0.0629
DEBUG - 2022-12-19 12:31:53 --> UTF-8 Support Enabled
DEBUG - 2022-12-19 12:31:53 --> Global POST, GET and COOKIE data sanitized
DEBUG - 2022-12-19 12:31:53 --> Config file loaded: /hwonpark/www/application/config/tree.php
DEBUG - 2022-12-19 12:31:53 --> Total execution time: 0.0278
DEBUG - 2022-12-19 12:31:55 --> UTF-8 Support Enabled
DEBUG - 2022-12-19 12:31:55 --> Global POST, GET and COOKIE data sanitized
DEBUG - 2022-12-19 12:31:55 --> Config file loaded: /hwonpark/www/application/config/tree.php
DEBUG - 2022-12-19 12:31:57 --> UTF-8 Support Enabled
DEBUG - 2022-12-19 12:31:57 --> Global POST, GET and COOKIE data sanitized
DEBUG - 2022-12-19 12:31:57 --> Config file loaded: /hwonpark/www/application/config/tree.php
DEBUG - 2022-12-19 12:31:57 --> Encryption: Auto-configured driver 'openssl'.
DEBUG - 2022-12-19 12:31:57 --> UTF-8 Support Enabled
DEBUG - 2022-12-19 12:31:57 --> Global POST, GET and COOKIE data sanitized
DEBUG - 2022-12-19 12:31:57 --> Config file loaded: /hwonpark/www/application/config/tree.php
DEBUG - 2022-12-19 12:31:57 --> Encryption: Auto-configured driver 'openssl'.
DEBUG - 2022-12-19 12:31:57 --> Encryption class already loaded. Second attempt ignored.
DEBUG - 2022-12-19 12:31:57 --> Total execution time: 0.0543
DEBUG - 2022-12-19 12:32:06 --> UTF-8 Support Enabled
DEBUG - 2022-12-19 12:32:06 --> Global POST, GET and COOKIE data sanitized
DEBUG - 2022-12-19 12:32:06 --> Config file loaded: /hwonpark/www/application/config/tree.php
DEBUG - 2022-12-19 12:32:06 --> Encryption: Auto-configured driver 'openssl'.
DEBUG - 2022-12-19 12:32:06 --> Encryption class already loaded. Second attempt ignored.
DEBUG - 2022-12-19 12:32:06 --> Total execution time: 0.0533
DEBUG - 2022-12-19 12:32:07 --> UTF-8 Support Enabled
DEBUG - 2022-12-19 12:32:07 --> Global POST, GET and COOKIE data sanitized
DEBUG - 2022-12-19 12:32:07 --> Config file loaded: /hwonpark/www/application/config/tree.php
DEBUG - 2022-12-19 12:32:07 --> Encryption: Auto-configured driver 'openssl'.
DEBUG - 2022-12-19 12:32:07 --> Encryption class already loaded. Second attempt ignored.
DEBUG - 2022-12-19 12:32:07 --> Total execution time: 0.0383
DEBUG - 2022-12-19 13:06:22 --> UTF-8 Support Enabled
DEBUG - 2022-12-19 13:06:22 --> Global POST, GET and COOKIE data sanitized
DEBUG - 2022-12-19 13:06:22 --> Config file loaded: /hwonpark/www/application/config/tree.php
DEBUG - 2022-12-19 13:06:24 --> UTF-8 Support Enabled
DEBUG - 2022-12-19 13:06:24 --> No URI present. Default controller set.
DEBUG - 2022-12-19 13:06:24 --> Global POST, GET and COOKIE data sanitized
DEBUG - 2022-12-19 13:06:24 --> Config file loaded: /hwonpark/www/application/config/tree.php
DEBUG - 2022-12-19 13:06:24 --> Total execution time: 0.0339
DEBUG - 2022-12-19 13:06:26 --> UTF-8 Support Enabled
DEBUG - 2022-12-19 13:06:26 --> No URI present. Default controller set.
DEBUG - 2022-12-19 13:06:26 --> Global POST, GET and COOKIE data sanitized
DEBUG - 2022-12-19 13:06:26 --> Config file loaded: /hwonpark/www/application/config/tree.php
DEBUG - 2022-12-19 13:06:26 --> Total execution time: 0.0276
DEBUG - 2022-12-19 13:08:56 --> UTF-8 Support Enabled
DEBUG - 2022-12-19 13:08:56 --> Global POST, GET and COOKIE data sanitized
DEBUG - 2022-12-19 13:08:56 --> Config file loaded: /hwonpark/www/application/config/tree.php
DEBUG - 2022-12-19 13:08:58 --> UTF-8 Support Enabled
DEBUG - 2022-12-19 13:08:58 --> No URI present. Default controller set.
DEBUG - 2022-12-19 13:08:58 --> Global POST, GET and COOKIE data sanitized
DEBUG - 2022-12-19 13:08:58 --> Config file loaded: /hwonpark/www/application/config/tree.php
DEBUG - 2022-12-19 13:08:58 --> Total execution time: 0.0362
DEBUG - 2022-12-19 13:09:03 --> UTF-8 Support Enabled
DEBUG - 2022-12-19 13:09:03 --> Global POST, GET and COOKIE data sanitized
DEBUG - 2022-12-19 13:09:03 --> Config file loaded: /hwonpark/www/application/config/tree.php
DEBUG - 2022-12-19 13:09:03 --> Total execution time: 0.0271
DEBUG - 2022-12-19 13:09:38 --> UTF-8 Support Enabled
DEBUG - 2022-12-19 13:09:38 --> Global POST, GET and COOKIE data sanitized
DEBUG - 2022-12-19 13:09:38 --> Config file loaded: /hwonpark/www/application/config/tree.php
DEBUG - 2022-12-19 13:09:40 --> UTF-8 Support Enabled
DEBUG - 2022-12-19 13:09:40 --> Global POST, GET and COOKIE data sanitized
DEBUG - 2022-12-19 13:09:40 --> Config file loaded: /hwonpark/www/application/config/tree.php
DEBUG - 2022-12-19 13:09:40 --> Encryption: Auto-configured driver 'openssl'.
DEBUG - 2022-12-19 13:09:40 --> UTF-8 Support Enabled
DEBUG - 2022-12-19 13:09:40 --> Global POST, GET and COOKIE data sanitized
DEBUG - 2022-12-19 13:09:40 --> Config file loaded: /hwonpark/www/application/config/tree.php
DEBUG - 2022-12-19 13:09:41 --> Encryption: Auto-configured driver 'openssl'.
DEBUG - 2022-12-19 13:09:41 --> Encryption class already loaded. Second attempt ignored.
DEBUG - 2022-12-19 13:09:41 --> Total execution time: 0.1552
DEBUG - 2022-12-19 13:09:42 --> UTF-8 Support Enabled
DEBUG - 2022-12-19 13:09:42 --> Global POST, GET and COOKIE data sanitized
DEBUG - 2022-12-19 13:09:42 --> Config file loaded: /hwonpark/www/application/config/tree.php
DEBUG - 2022-12-19 13:09:42 --> Encryption: Auto-configured driver 'openssl'.
DEBUG - 2022-12-19 13:09:42 --> Total execution time: 0.0370
DEBUG - 2022-12-19 13:09:44 --> UTF-8 Support Enabled
DEBUG - 2022-12-19 13:09:44 --> Global POST, GET and COOKIE data sanitized
DEBUG - 2022-12-19 13:09:44 --> Config file loaded: /hwonpark/www/application/config/tree.php
DEBUG - 2022-12-19 13:09:44 --> Encryption: Auto-configured driver 'openssl'.
DEBUG - 2022-12-19 13:09:44 --> Total execution time: 0.0413
DEBUG - 2022-12-19 13:09:47 --> UTF-8 Support Enabled
DEBUG - 2022-12-19 13:09:47 --> Global POST, GET and COOKIE data sanitized
DEBUG - 2022-12-19 13:09:47 --> Config file loaded: /hwonpark/www/application/config/tree.php
DEBUG - 2022-12-19 13:09:47 --> Encryption: Auto-configured driver 'openssl'.
DEBUG - 2022-12-19 13:09:47 --> Total execution time: 0.0465
DEBUG - 2022-12-19 13:09:49 --> UTF-8 Support Enabled
DEBUG - 2022-12-19 13:09:49 --> Global POST, GET and COOKIE data sanitized
DEBUG - 2022-12-19 13:09:49 --> Config file loaded: /hwonpark/www/application/config/tree.php
DEBUG - 2022-12-19 13:09:49 --> Encryption: Auto-configured driver 'openssl'.
DEBUG - 2022-12-19 13:09:49 --> Total execution time: 0.0427
DEBUG - 2022-12-19 13:18:13 --> UTF-8 Support Enabled
DEBUG - 2022-12-19 13:18:13 --> Global POST, GET and COOKIE data sanitized
DEBUG - 2022-12-19 13:18:13 --> Config file loaded: /hwonpark/www/application/config/tree.php
DEBUG - 2022-12-19 13:18:13 --> Encryption: Auto-configured driver 'openssl'.
DEBUG - 2022-12-19 13:18:13 --> Total execution time: 0.0793
DEBUG - 2022-12-19 13:18:38 --> UTF-8 Support Enabled
DEBUG - 2022-12-19 13:18:38 --> Global POST, GET and COOKIE data sanitized
DEBUG - 2022-12-19 13:18:38 --> Config file loaded: /hwonpark/www/application/config/tree.php
DEBUG - 2022-12-19 13:18:38 --> Encryption: Auto-configured driver 'openssl'.
DEBUG - 2022-12-19 13:18:38 --> Total execution time: 0.0486
DEBUG - 2022-12-19 13:18:43 --> UTF-8 Support Enabled
DEBUG - 2022-12-19 13:18:43 --> Global POST, GET and COOKIE data sanitized
DEBUG - 2022-12-19 13:18:43 --> Config file loaded: /hwonpark/www/application/config/tree.php
DEBUG - 2022-12-19 13:18:43 --> Encryption: Auto-configured driver 'openssl'.
DEBUG - 2022-12-19 13:18:43 --> UTF-8 Support Enabled
DEBUG - 2022-12-19 13:18:43 --> Global POST, GET and COOKIE data sanitized
DEBUG - 2022-12-19 13:18:43 --> Config file loaded: /hwonpark/www/application/config/tree.php
DEBUG - 2022-12-19 13:18:43 --> Encryption: Auto-configured driver 'openssl'.
DEBUG - 2022-12-19 13:18:43 --> Encryption class already loaded. Second attempt ignored.
DEBUG - 2022-12-19 13:18:43 --> Total execution time: 0.0439
DEBUG - 2022-12-19 13:18:46 --> UTF-8 Support Enabled
DEBUG - 2022-12-19 13:18:46 --> Global POST, GET and COOKIE data sanitized
DEBUG - 2022-12-19 13:18:46 --> Config file loaded: /hwonpark/www/application/config/tree.php
DEBUG - 2022-12-19 13:18:46 --> Encryption: Auto-configured driver 'openssl'.
DEBUG - 2022-12-19 13:18:46 --> Total execution time: 0.0370
DEBUG - 2022-12-19 13:18:48 --> UTF-8 Support Enabled
DEBUG - 2022-12-19 13:18:48 --> Global POST, GET and COOKIE data sanitized
DEBUG - 2022-12-19 13:18:48 --> Config file loaded: /hwonpark/www/application/config/tree.php
DEBUG - 2022-12-19 13:18:48 --> Encryption: Auto-configured driver 'openssl'.
DEBUG - 2022-12-19 13:18:48 --> Total execution time: 0.0352
DEBUG - 2022-12-19 13:18:50 --> UTF-8 Support Enabled
DEBUG - 2022-12-19 13:18:50 --> Global POST, GET and COOKIE data sanitized
DEBUG - 2022-12-19 13:18:50 --> Config file loaded: /hwonpark/www/application/config/tree.php
DEBUG - 2022-12-19 13:18:50 --> Encryption: Auto-configured driver 'openssl'.
DEBUG - 2022-12-19 13:18:50 --> Total execution time: 0.0909
DEBUG - 2022-12-19 13:18:53 --> UTF-8 Support Enabled
DEBUG - 2022-12-19 13:18:53 --> Global POST, GET and COOKIE data sanitized
DEBUG - 2022-12-19 13:18:53 --> Config file loaded: /hwonpark/www/application/config/tree.php
DEBUG - 2022-12-19 13:18:53 --> Encryption: Auto-configured driver 'openssl'.
DEBUG - 2022-12-19 13:18:53 --> Total execution time: 0.0423
DEBUG - 2022-12-19 13:18:55 --> UTF-8 Support Enabled
DEBUG - 2022-12-19 13:18:55 --> Global POST, GET and COOKIE data sanitized
DEBUG - 2022-12-19 13:18:55 --> Config file loaded: /hwonpark/www/application/config/tree.php
DEBUG - 2022-12-19 13:18:55 --> Encryption: Auto-configured driver 'openssl'.
DEBUG - 2022-12-19 13:18:55 --> Total execution time: 0.0351
DEBUG - 2022-12-19 13:21:04 --> UTF-8 Support Enabled
DEBUG - 2022-12-19 13:21:04 --> Global POST, GET and COOKIE data sanitized
DEBUG - 2022-12-19 13:21:04 --> Config file loaded: /hwonpark/www/application/config/tree.php
DEBUG - 2022-12-19 13:21:04 --> Encryption: Auto-configured driver 'openssl'.
DEBUG - 2022-12-19 13:21:04 --> Total execution time: 0.0451
DEBUG - 2022-12-19 13:21:09 --> UTF-8 Support Enabled
DEBUG - 2022-12-19 13:21:09 --> Global POST, GET and COOKIE data sanitized
DEBUG - 2022-12-19 13:21:09 --> Config file loaded: /hwonpark/www/application/config/tree.php
DEBUG - 2022-12-19 13:21:09 --> Encryption: Auto-configured driver 'openssl'.
DEBUG - 2022-12-19 13:21:09 --> Total execution time: 0.0440
DEBUG - 2022-12-19 13:21:13 --> UTF-8 Support Enabled
DEBUG - 2022-12-19 13:21:13 --> Global POST, GET and COOKIE data sanitized
DEBUG - 2022-12-19 13:21:13 --> Config file loaded: /hwonpark/www/application/config/tree.php
DEBUG - 2022-12-19 13:21:13 --> Encryption: Auto-configured driver 'openssl'.
DEBUG - 2022-12-19 13:21:13 --> Total execution time: 0.0379
DEBUG - 2022-12-19 13:21:16 --> UTF-8 Support Enabled
DEBUG - 2022-12-19 13:21:16 --> Global POST, GET and COOKIE data sanitized
DEBUG - 2022-12-19 13:21:16 --> Config file loaded: /hwonpark/www/application/config/tree.php
DEBUG - 2022-12-19 13:21:16 --> Encryption: Auto-configured driver 'openssl'.
DEBUG - 2022-12-19 13:21:16 --> Total execution time: 0.0658
DEBUG - 2022-12-19 13:21:22 --> UTF-8 Support Enabled
DEBUG - 2022-12-19 13:21:22 --> Global POST, GET and COOKIE data sanitized
DEBUG - 2022-12-19 13:21:22 --> Config file loaded: /hwonpark/www/application/config/tree.php
DEBUG - 2022-12-19 13:21:22 --> Encryption: Auto-configured driver 'openssl'.
DEBUG - 2022-12-19 13:21:22 --> Total execution time: 0.0375
DEBUG - 2022-12-19 13:39:58 --> UTF-8 Support Enabled
DEBUG - 2022-12-19 13:39:58 --> No URI present. Default controller set.
DEBUG - 2022-12-19 13:39:58 --> Global POST, GET and COOKIE data sanitized
DEBUG - 2022-12-19 13:39:58 --> Config file loaded: /hwonpark/www/application/config/tree.php
DEBUG - 2022-12-19 13:39:58 --> Total execution time: 0.0431
DEBUG - 2022-12-19 13:47:53 --> UTF-8 Support Enabled
DEBUG - 2022-12-19 13:47:53 --> Global POST, GET and COOKIE data sanitized
DEBUG - 2022-12-19 13:47:53 --> Config file loaded: /hwonpark/www/application/config/tree.php
DEBUG - 2022-12-19 13:47:53 --> Total execution time: 0.0287
DEBUG - 2022-12-19 13:47:56 --> UTF-8 Support Enabled
DEBUG - 2022-12-19 13:47:56 --> Global POST, GET and COOKIE data sanitized
ERROR - 2022-12-19 13:47:56 --> 404 Page Not Found: Faviconico/index
DEBUG - 2022-12-19 13:48:38 --> UTF-8 Support Enabled
DEBUG - 2022-12-19 13:48:38 --> Global POST, GET and COOKIE data sanitized
DEBUG - 2022-12-19 13:48:38 --> Config file loaded: /hwonpark/www/application/config/tree.php
DEBUG - 2022-12-19 13:48:40 --> UTF-8 Support Enabled
DEBUG - 2022-12-19 13:48:40 --> Global POST, GET and COOKIE data sanitized
DEBUG - 2022-12-19 13:48:40 --> Config file loaded: /hwonpark/www/application/config/tree.php
DEBUG - 2022-12-19 13:48:40 --> Encryption: Auto-configured driver 'openssl'.
DEBUG - 2022-12-19 13:48:40 --> UTF-8 Support Enabled
DEBUG - 2022-12-19 13:48:40 --> Global POST, GET and COOKIE data sanitized
DEBUG - 2022-12-19 13:48:40 --> Config file loaded: /hwonpark/www/application/config/tree.php
DEBUG - 2022-12-19 13:48:40 --> Encryption: Auto-configured driver 'openssl'.
DEBUG - 2022-12-19 13:48:40 --> Encryption class already loaded. Second attempt ignored.
DEBUG - 2022-12-19 13:48:40 --> Total execution time: 0.0446
DEBUG - 2022-12-19 13:48:42 --> UTF-8 Support Enabled
DEBUG - 2022-12-19 13:48:42 --> Global POST, GET and COOKIE data sanitized
DEBUG - 2022-12-19 13:48:42 --> Config file loaded: /hwonpark/www/application/config/tree.php
DEBUG - 2022-12-19 13:48:42 --> Encryption: Auto-configured driver 'openssl'.
DEBUG - 2022-12-19 13:48:42 --> Total execution time: 0.0412
DEBUG - 2022-12-19 13:48:46 --> UTF-8 Support Enabled
DEBUG - 2022-12-19 13:48:46 --> Global POST, GET and COOKIE data sanitized
DEBUG - 2022-12-19 13:48:46 --> Config file loaded: /hwonpark/www/application/config/tree.php
DEBUG - 2022-12-19 13:48:46 --> Encryption: Auto-configured driver 'openssl'.
DEBUG - 2022-12-19 13:48:46 --> Total execution time: 0.0438
DEBUG - 2022-12-19 13:48:47 --> UTF-8 Support Enabled
DEBUG - 2022-12-19 13:48:47 --> Global POST, GET and COOKIE data sanitized
DEBUG - 2022-12-19 13:48:47 --> Config file loaded: /hwonpark/www/application/config/tree.php
DEBUG - 2022-12-19 13:48:47 --> Encryption: Auto-configured driver 'openssl'.
DEBUG - 2022-12-19 13:48:47 --> Total execution time: 0.0393
DEBUG - 2022-12-19 13:48:48 --> UTF-8 Support Enabled
DEBUG - 2022-12-19 13:48:48 --> Global POST, GET and COOKIE data sanitized
DEBUG - 2022-12-19 13:48:48 --> Config file loaded: /hwonpark/www/application/config/tree.php
DEBUG - 2022-12-19 13:48:48 --> Encryption: Auto-configured driver 'openssl'.
DEBUG - 2022-12-19 13:48:48 --> Total execution time: 0.0540
DEBUG - 2022-12-19 13:48:50 --> UTF-8 Support Enabled
DEBUG - 2022-12-19 13:48:50 --> Global POST, GET and COOKIE data sanitized
DEBUG - 2022-12-19 13:48:50 --> Config file loaded: /hwonpark/www/application/config/tree.php
DEBUG - 2022-12-19 13:48:50 --> Encryption: Auto-configured driver 'openssl'.
DEBUG - 2022-12-19 13:48:50 --> Total execution time: 0.0461
DEBUG - 2022-12-19 13:48:53 --> UTF-8 Support Enabled
DEBUG - 2022-12-19 13:48:53 --> Global POST, GET and COOKIE data sanitized
DEBUG - 2022-12-19 13:48:53 --> Config file loaded: /hwonpark/www/application/config/tree.php
DEBUG - 2022-12-19 13:48:53 --> Encryption: Auto-configured driver 'openssl'.
DEBUG - 2022-12-19 13:48:53 --> Total execution time: 0.0351
DEBUG - 2022-12-19 13:48:54 --> UTF-8 Support Enabled
DEBUG - 2022-12-19 13:48:54 --> Global POST, GET and COOKIE data sanitized
DEBUG - 2022-12-19 13:48:54 --> Config file loaded: /hwonpark/www/application/config/tree.php
DEBUG - 2022-12-19 13:48:54 --> Encryption: Auto-configured driver 'openssl'.
DEBUG - 2022-12-19 13:48:54 --> Total execution time: 0.0386
DEBUG - 2022-12-19 13:49:24 --> UTF-8 Support Enabled
DEBUG - 2022-12-19 13:49:24 --> Global POST, GET and COOKIE data sanitized
DEBUG - 2022-12-19 13:49:24 --> Config file loaded: /hwonpark/www/application/config/tree.php
DEBUG - 2022-12-19 13:49:24 --> Encryption: Auto-configured driver 'openssl'.
DEBUG - 2022-12-19 13:49:24 --> Encryption class already loaded. Second attempt ignored.
DEBUG - 2022-12-19 13:49:24 --> Total execution time: 0.0387
DEBUG - 2022-12-19 13:49:26 --> UTF-8 Support Enabled
DEBUG - 2022-12-19 13:49:26 --> Global POST, GET and COOKIE data sanitized
DEBUG - 2022-12-19 13:49:26 --> Config file loaded: /hwonpark/www/application/config/tree.php
DEBUG - 2022-12-19 13:49:26 --> Encryption: Auto-configured driver 'openssl'.
DEBUG - 2022-12-19 13:49:26 --> Encryption class already loaded. Second attempt ignored.
DEBUG - 2022-12-19 13:49:26 --> Total execution time: 0.0411
DEBUG - 2022-12-19 13:49:28 --> UTF-8 Support Enabled
DEBUG - 2022-12-19 13:49:28 --> Global POST, GET and COOKIE data sanitized
DEBUG - 2022-12-19 13:49:28 --> Config file loaded: /hwonpark/www/application/config/tree.php
DEBUG - 2022-12-19 13:49:28 --> Encryption: Auto-configured driver 'openssl'.
DEBUG - 2022-12-19 13:49:28 --> Encryption class already loaded. Second attempt ignored.
DEBUG - 2022-12-19 13:49:28 --> Total execution time: 0.0366
DEBUG - 2022-12-19 13:49:28 --> UTF-8 Support Enabled
DEBUG - 2022-12-19 13:49:28 --> Global POST, GET and COOKIE data sanitized
DEBUG - 2022-12-19 13:49:28 --> Config file loaded: /hwonpark/www/application/config/tree.php
DEBUG - 2022-12-19 13:49:28 --> Encryption: Auto-configured driver 'openssl'.
DEBUG - 2022-12-19 13:49:28 --> Encryption class already loaded. Second attempt ignored.
DEBUG - 2022-12-19 13:49:28 --> Total execution time: 0.0329
DEBUG - 2022-12-19 13:49:30 --> UTF-8 Support Enabled
DEBUG - 2022-12-19 13:49:30 --> Global POST, GET and COOKIE data sanitized
DEBUG - 2022-12-19 13:49:30 --> Config file loaded: /hwonpark/www/application/config/tree.php
DEBUG - 2022-12-19 13:49:30 --> Encryption: Auto-configured driver 'openssl'.
DEBUG - 2022-12-19 13:49:30 --> Encryption class already loaded. Second attempt ignored.
DEBUG - 2022-12-19 13:49:30 --> Total execution time: 0.0344
DEBUG - 2022-12-19 13:49:30 --> UTF-8 Support Enabled
DEBUG - 2022-12-19 13:49:30 --> Global POST, GET and COOKIE data sanitized
DEBUG - 2022-12-19 13:49:30 --> Config file loaded: /hwonpark/www/application/config/tree.php
DEBUG - 2022-12-19 13:49:30 --> Encryption: Auto-configured driver 'openssl'.
DEBUG - 2022-12-19 13:49:30 --> Encryption class already loaded. Second attempt ignored.
DEBUG - 2022-12-19 13:49:30 --> Total execution time: 0.0520
DEBUG - 2022-12-19 13:49:33 --> UTF-8 Support Enabled
DEBUG - 2022-12-19 13:49:33 --> Global POST, GET and COOKIE data sanitized
DEBUG - 2022-12-19 13:49:33 --> Total execution time: 0.0181
DEBUG - 2022-12-19 13:49:34 --> UTF-8 Support Enabled
DEBUG - 2022-12-19 13:49:34 --> Global POST, GET and COOKIE data sanitized
DEBUG - 2022-12-19 13:49:34 --> Config file loaded: /hwonpark/www/application/config/tree.php
DEBUG - 2022-12-19 13:49:34 --> Encryption: Auto-configured driver 'openssl'.
DEBUG - 2022-12-19 13:49:34 --> Encryption class already loaded. Second attempt ignored.
DEBUG - 2022-12-19 13:49:34 --> Total execution time: 0.0335
DEBUG - 2022-12-19 13:49:36 --> UTF-8 Support Enabled
DEBUG - 2022-12-19 13:49:36 --> Global POST, GET and COOKIE data sanitized
DEBUG - 2022-12-19 13:49:36 --> Total execution time: 0.0359
DEBUG - 2022-12-19 13:49:38 --> UTF-8 Support Enabled
DEBUG - 2022-12-19 13:49:38 --> Global POST, GET and COOKIE data sanitized
DEBUG - 2022-12-19 13:49:38 --> Config file loaded: /hwonpark/www/application/config/tree.php
DEBUG - 2022-12-19 13:49:38 --> Encryption: Auto-configured driver 'openssl'.
DEBUG - 2022-12-19 13:49:38 --> Encryption class already loaded. Second attempt ignored.
DEBUG - 2022-12-19 13:49:38 --> Total execution time: 0.0348
DEBUG - 2022-12-19 13:50:54 --> UTF-8 Support Enabled
DEBUG - 2022-12-19 13:50:54 --> Global POST, GET and COOKIE data sanitized
DEBUG - 2022-12-19 13:50:54 --> Config file loaded: /hwonpark/www/application/config/tree.php
DEBUG - 2022-12-19 13:50:54 --> Encryption: Auto-configured driver 'openssl'.
DEBUG - 2022-12-19 13:50:54 --> Encryption class already loaded. Second attempt ignored.
DEBUG - 2022-12-19 13:50:54 --> Total execution time: 0.0434
DEBUG - 2022-12-19 13:51:38 --> UTF-8 Support Enabled
DEBUG - 2022-12-19 13:51:38 --> Global POST, GET and COOKIE data sanitized
DEBUG - 2022-12-19 13:51:38 --> Config file loaded: /hwonpark/www/application/config/tree.php
DEBUG - 2022-12-19 13:51:38 --> Encryption: Auto-configured driver 'openssl'.
DEBUG - 2022-12-19 13:51:38 --> Encryption class already loaded. Second attempt ignored.
DEBUG - 2022-12-19 13:51:38 --> Total execution time: 0.0502
DEBUG - 2022-12-19 13:53:52 --> UTF-8 Support Enabled
DEBUG - 2022-12-19 13:53:52 --> Global POST, GET and COOKIE data sanitized
DEBUG - 2022-12-19 13:53:52 --> Config file loaded: /hwonpark/www/application/config/tree.php
DEBUG - 2022-12-19 13:53:52 --> Encryption: Auto-configured driver 'openssl'.
DEBUG - 2022-12-19 13:53:52 --> Encryption class already loaded. Second attempt ignored.
DEBUG - 2022-12-19 13:53:52 --> Total execution time: 0.0503
DEBUG - 2022-12-19 13:53:52 --> UTF-8 Support Enabled
DEBUG - 2022-12-19 13:53:52 --> Global POST, GET and COOKIE data sanitized
DEBUG - 2022-12-19 13:53:52 --> Config file loaded: /hwonpark/www/application/config/tree.php
DEBUG - 2022-12-19 13:53:53 --> UTF-8 Support Enabled
DEBUG - 2022-12-19 13:53:53 --> No URI present. Default controller set.
DEBUG - 2022-12-19 13:53:53 --> Global POST, GET and COOKIE data sanitized
DEBUG - 2022-12-19 13:53:53 --> Config file loaded: /hwonpark/www/application/config/tree.php
DEBUG - 2022-12-19 13:53:53 --> Total execution time: 0.0388
DEBUG - 2022-12-19 13:54:03 --> UTF-8 Support Enabled
DEBUG - 2022-12-19 13:54:03 --> Global POST, GET and COOKIE data sanitized
DEBUG - 2022-12-19 13:54:03 --> Config file loaded: /hwonpark/www/application/config/tree.php
DEBUG - 2022-12-19 13:54:03 --> Total execution time: 0.0375
DEBUG - 2022-12-19 13:54:11 --> UTF-8 Support Enabled
DEBUG - 2022-12-19 13:54:11 --> Global POST, GET and COOKIE data sanitized
DEBUG - 2022-12-19 13:54:11 --> Config file loaded: /hwonpark/www/application/config/tree.php
DEBUG - 2022-12-19 13:54:13 --> UTF-8 Support Enabled
DEBUG - 2022-12-19 13:54:13 --> Global POST, GET and COOKIE data sanitized
DEBUG - 2022-12-19 13:54:13 --> Config file loaded: /hwonpark/www/application/config/tree.php
DEBUG - 2022-12-19 13:54:13 --> Encryption: Auto-configured driver 'openssl'.
DEBUG - 2022-12-19 13:54:13 --> UTF-8 Support Enabled
DEBUG - 2022-12-19 13:54:13 --> Global POST, GET and COOKIE data sanitized
DEBUG - 2022-12-19 13:54:13 --> Config file loaded: /hwonpark/www/application/config/tree.php
DEBUG - 2022-12-19 13:54:13 --> Encryption: Auto-configured driver 'openssl'.
DEBUG - 2022-12-19 13:54:13 --> Encryption class already loaded. Second attempt ignored.
DEBUG - 2022-12-19 13:54:13 --> Total execution time: 0.0399
DEBUG - 2022-12-19 13:54:15 --> UTF-8 Support Enabled
DEBUG - 2022-12-19 13:54:15 --> Global POST, GET and COOKIE data sanitized
DEBUG - 2022-12-19 13:54:15 --> Config file loaded: /hwonpark/www/application/config/tree.php
DEBUG - 2022-12-19 13:54:15 --> Encryption: Auto-configured driver 'openssl'.
DEBUG - 2022-12-19 13:54:15 --> Total execution time: 0.0396
DEBUG - 2022-12-19 13:54:18 --> UTF-8 Support Enabled
DEBUG - 2022-12-19 13:54:18 --> Global POST, GET and COOKIE data sanitized
DEBUG - 2022-12-19 13:54:18 --> Config file loaded: /hwonpark/www/application/config/tree.php
DEBUG - 2022-12-19 13:54:18 --> Encryption: Auto-configured driver 'openssl'.
DEBUG - 2022-12-19 13:54:18 --> Encryption class already loaded. Second attempt ignored.
DEBUG - 2022-12-19 13:54:18 --> Total execution time: 0.0431
DEBUG - 2022-12-19 13:54:21 --> UTF-8 Support Enabled
DEBUG - 2022-12-19 13:54:21 --> Global POST, GET and COOKIE data sanitized
DEBUG - 2022-12-19 13:54:21 --> Config file loaded: /hwonpark/www/application/config/tree.php
DEBUG - 2022-12-19 13:54:21 --> Encryption: Auto-configured driver 'openssl'.
DEBUG - 2022-12-19 13:54:21 --> Encryption class already loaded. Second attempt ignored.
DEBUG - 2022-12-19 13:54:21 --> Total execution time: 0.0692
DEBUG - 2022-12-19 13:54:22 --> UTF-8 Support Enabled
DEBUG - 2022-12-19 13:54:22 --> Global POST, GET and COOKIE data sanitized
DEBUG - 2022-12-19 13:54:22 --> Config file loaded: /hwonpark/www/application/config/tree.php
DEBUG - 2022-12-19 13:54:22 --> Encryption: Auto-configured driver 'openssl'.
DEBUG - 2022-12-19 13:54:22 --> Encryption class already loaded. Second attempt ignored.
DEBUG - 2022-12-19 13:54:22 --> Total execution time: 0.0835
DEBUG - 2022-12-19 13:54:23 --> UTF-8 Support Enabled
DEBUG - 2022-12-19 13:54:23 --> Global POST, GET and COOKIE data sanitized
DEBUG - 2022-12-19 13:54:24 --> Config file loaded: /hwonpark/www/application/config/tree.php
DEBUG - 2022-12-19 13:54:24 --> Encryption: Auto-configured driver 'openssl'.
DEBUG - 2022-12-19 13:54:24 --> Encryption class already loaded. Second attempt ignored.
DEBUG - 2022-12-19 13:54:24 --> Total execution time: 0.0496
DEBUG - 2022-12-19 13:54:26 --> UTF-8 Support Enabled
DEBUG - 2022-12-19 13:54:26 --> Global POST, GET and COOKIE data sanitized
DEBUG - 2022-12-19 13:54:26 --> Config file loaded: /hwonpark/www/application/config/tree.php
DEBUG - 2022-12-19 13:54:26 --> Encryption: Auto-configured driver 'openssl'.
DEBUG - 2022-12-19 13:54:26 --> Encryption class already loaded. Second attempt ignored.
DEBUG - 2022-12-19 13:54:26 --> Total execution time: 0.0417
DEBUG - 2022-12-19 13:54:32 --> UTF-8 Support Enabled
DEBUG - 2022-12-19 13:54:32 --> Global POST, GET and COOKIE data sanitized
DEBUG - 2022-12-19 13:54:32 --> Config file loaded: /hwonpark/www/application/config/tree.php
DEBUG - 2022-12-19 13:54:32 --> Encryption: Auto-configured driver 'openssl'.
DEBUG - 2022-12-19 13:54:32 --> Encryption class already loaded. Second attempt ignored.
DEBUG - 2022-12-19 13:54:32 --> Total execution time: 0.0396
DEBUG - 2022-12-19 13:58:14 --> UTF-8 Support Enabled
DEBUG - 2022-12-19 13:58:14 --> Global POST, GET and COOKIE data sanitized
DEBUG - 2022-12-19 13:58:14 --> Config file loaded: /hwonpark/www/application/config/tree.php
DEBUG - 2022-12-19 13:58:14 --> Encryption: Auto-configured driver 'openssl'.
DEBUG - 2022-12-19 13:58:14 --> Encryption class already loaded. Second attempt ignored.
DEBUG - 2022-12-19 13:58:14 --> Total execution time: 0.0666
DEBUG - 2022-12-19 14:19:18 --> UTF-8 Support Enabled
DEBUG - 2022-12-19 14:19:18 --> Global POST, GET and COOKIE data sanitized
DEBUG - 2022-12-19 14:19:18 --> Config file loaded: /hwonpark/www/application/config/tree.php
DEBUG - 2022-12-19 14:19:18 --> Total execution time: 0.0525
DEBUG - 2022-12-19 14:19:22 --> UTF-8 Support Enabled
DEBUG - 2022-12-19 14:19:22 --> Global POST, GET and COOKIE data sanitized
DEBUG - 2022-12-19 14:19:22 --> Config file loaded: /hwonpark/www/application/config/tree.php
DEBUG - 2022-12-19 14:19:22 --> Total execution time: 0.0349
DEBUG - 2022-12-19 14:19:25 --> UTF-8 Support Enabled
DEBUG - 2022-12-19 14:19:25 --> Global POST, GET and COOKIE data sanitized
DEBUG - 2022-12-19 14:19:25 --> Config file loaded: /hwonpark/www/application/config/tree.php
DEBUG - 2022-12-19 14:19:25 --> Total execution time: 0.0282
DEBUG - 2022-12-19 14:19:58 --> UTF-8 Support Enabled
DEBUG - 2022-12-19 14:19:58 --> Global POST, GET and COOKIE data sanitized
DEBUG - 2022-12-19 14:19:58 --> Config file loaded: /hwonpark/www/application/config/tree.php
DEBUG - 2022-12-19 14:19:59 --> UTF-8 Support Enabled
DEBUG - 2022-12-19 14:19:59 --> Global POST, GET and COOKIE data sanitized
DEBUG - 2022-12-19 14:19:59 --> Config file loaded: /hwonpark/www/application/config/tree.php
DEBUG - 2022-12-19 14:19:59 --> Encryption: Auto-configured driver 'openssl'.
DEBUG - 2022-12-19 14:19:59 --> UTF-8 Support Enabled
DEBUG - 2022-12-19 14:19:59 --> Global POST, GET and COOKIE data sanitized
DEBUG - 2022-12-19 14:19:59 --> Config file loaded: /hwonpark/www/application/config/tree.php
DEBUG - 2022-12-19 14:19:59 --> Encryption: Auto-configured driver 'openssl'.
DEBUG - 2022-12-19 14:19:59 --> Encryption class already loaded. Second attempt ignored.
DEBUG - 2022-12-19 14:19:59 --> Total execution time: 0.1425
DEBUG - 2022-12-19 14:21:04 --> UTF-8 Support Enabled
DEBUG - 2022-12-19 14:21:04 --> Global POST, GET and COOKIE data sanitized
DEBUG - 2022-12-19 14:21:04 --> Config file loaded: /hwonpark/www/application/config/tree.php
DEBUG - 2022-12-19 14:21:04 --> Encryption: Auto-configured driver 'openssl'.
DEBUG - 2022-12-19 14:21:04 --> Total execution time: 0.0448
DEBUG - 2022-12-19 14:21:05 --> UTF-8 Support Enabled
DEBUG - 2022-12-19 14:21:06 --> Global POST, GET and COOKIE data sanitized
DEBUG - 2022-12-19 14:21:06 --> Config file loaded: /hwonpark/www/application/config/tree.php
DEBUG - 2022-12-19 14:21:06 --> Encryption: Auto-configured driver 'openssl'.
DEBUG - 2022-12-19 14:21:06 --> Total execution time: 0.0766
DEBUG - 2022-12-19 14:21:12 --> UTF-8 Support Enabled
DEBUG - 2022-12-19 14:21:12 --> Global POST, GET and COOKIE data sanitized
DEBUG - 2022-12-19 14:21:12 --> Config file loaded: /hwonpark/www/application/config/tree.php
DEBUG - 2022-12-19 14:21:12 --> Encryption: Auto-configured driver 'openssl'.
DEBUG - 2022-12-19 14:21:12 --> Total execution time: 0.0443
DEBUG - 2022-12-19 14:22:16 --> UTF-8 Support Enabled
DEBUG - 2022-12-19 14:22:16 --> Global POST, GET and COOKIE data sanitized
DEBUG - 2022-12-19 14:22:16 --> Config file loaded: /hwonpark/www/application/config/tree.php
DEBUG - 2022-12-19 14:22:16 --> Encryption: Auto-configured driver 'openssl'.
DEBUG - 2022-12-19 14:22:17 --> UTF-8 Support Enabled
DEBUG - 2022-12-19 14:22:17 --> Global POST, GET and COOKIE data sanitized
DEBUG - 2022-12-19 14:22:17 --> Config file loaded: /hwonpark/www/application/config/tree.php
DEBUG - 2022-12-19 14:22:17 --> Encryption: Auto-configured driver 'openssl'.
DEBUG - 2022-12-19 14:22:17 --> Total execution time: 0.0443
DEBUG - 2022-12-19 14:22:21 --> UTF-8 Support Enabled
DEBUG - 2022-12-19 14:22:21 --> Global POST, GET and COOKIE data sanitized
DEBUG - 2022-12-19 14:22:21 --> Config file loaded: /hwonpark/www/application/config/tree.php
DEBUG - 2022-12-19 14:22:21 --> Encryption: Auto-configured driver 'openssl'.
DEBUG - 2022-12-19 14:22:21 --> Total execution time: 0.0488
DEBUG - 2022-12-19 14:22:24 --> UTF-8 Support Enabled
DEBUG - 2022-12-19 14:22:24 --> Global POST, GET and COOKIE data sanitized
DEBUG - 2022-12-19 14:22:24 --> Config file loaded: /hwonpark/www/application/config/tree.php
DEBUG - 2022-12-19 14:22:24 --> Encryption: Auto-configured driver 'openssl'.
DEBUG - 2022-12-19 14:22:24 --> Total execution time: 0.0400
DEBUG - 2022-12-19 14:22:26 --> UTF-8 Support Enabled
DEBUG - 2022-12-19 14:22:26 --> Global POST, GET and COOKIE data sanitized
DEBUG - 2022-12-19 14:22:26 --> Config file loaded: /hwonpark/www/application/config/tree.php
DEBUG - 2022-12-19 14:22:26 --> Encryption: Auto-configured driver 'openssl'.
DEBUG - 2022-12-19 14:22:26 --> Total execution time: 0.0511
DEBUG - 2022-12-19 14:22:27 --> UTF-8 Support Enabled
DEBUG - 2022-12-19 14:22:27 --> Global POST, GET and COOKIE data sanitized
DEBUG - 2022-12-19 14:22:27 --> Config file loaded: /hwonpark/www/application/config/tree.php
DEBUG - 2022-12-19 14:22:27 --> Encryption: Auto-configured driver 'openssl'.
DEBUG - 2022-12-19 14:22:27 --> Total execution time: 0.0494
DEBUG - 2022-12-19 14:24:39 --> UTF-8 Support Enabled
DEBUG - 2022-12-19 14:24:39 --> Global POST, GET and COOKIE data sanitized
DEBUG - 2022-12-19 14:24:39 --> Config file loaded: /hwonpark/www/application/config/tree.php
DEBUG - 2022-12-19 14:24:39 --> Encryption: Auto-configured driver 'openssl'.
DEBUG - 2022-12-19 14:24:39 --> UTF-8 Support Enabled
DEBUG - 2022-12-19 14:24:39 --> Global POST, GET and COOKIE data sanitized
DEBUG - 2022-12-19 14:24:39 --> Config file loaded: /hwonpark/www/application/config/tree.php
DEBUG - 2022-12-19 14:24:39 --> Encryption: Auto-configured driver 'openssl'.
DEBUG - 2022-12-19 14:24:39 --> Total execution time: 0.0356
DEBUG - 2022-12-19 14:24:44 --> UTF-8 Support Enabled
DEBUG - 2022-12-19 14:24:44 --> Global POST, GET and COOKIE data sanitized
DEBUG - 2022-12-19 14:24:44 --> Config file loaded: /hwonpark/www/application/config/tree.php
DEBUG - 2022-12-19 14:24:44 --> Encryption: Auto-configured driver 'openssl'.
DEBUG - 2022-12-19 14:24:44 --> Total execution time: 0.0331
DEBUG - 2022-12-19 14:24:52 --> UTF-8 Support Enabled
DEBUG - 2022-12-19 14:24:52 --> Global POST, GET and COOKIE data sanitized
DEBUG - 2022-12-19 14:24:52 --> Config file loaded: /hwonpark/www/application/config/tree.php
DEBUG - 2022-12-19 14:24:52 --> Encryption: Auto-configured driver 'openssl'.
DEBUG - 2022-12-19 14:24:53 --> UTF-8 Support Enabled
DEBUG - 2022-12-19 14:24:53 --> Global POST, GET and COOKIE data sanitized
DEBUG - 2022-12-19 14:24:53 --> Config file loaded: /hwonpark/www/application/config/tree.php
DEBUG - 2022-12-19 14:24:53 --> Encryption: Auto-configured driver 'openssl'.
DEBUG - 2022-12-19 14:24:53 --> Encryption class already loaded. Second attempt ignored.
DEBUG - 2022-12-19 14:24:53 --> Total execution time: 0.0427
DEBUG - 2022-12-19 14:24:58 --> UTF-8 Support Enabled
DEBUG - 2022-12-19 14:24:58 --> Global POST, GET and COOKIE data sanitized
DEBUG - 2022-12-19 14:24:58 --> Config file loaded: /hwonpark/www/application/config/tree.php
DEBUG - 2022-12-19 14:24:58 --> Encryption: Auto-configured driver 'openssl'.
DEBUG - 2022-12-19 14:24:58 --> Total execution time: 0.0355
DEBUG - 2022-12-19 14:25:01 --> UTF-8 Support Enabled
DEBUG - 2022-12-19 14:25:01 --> Global POST, GET and COOKIE data sanitized
DEBUG - 2022-12-19 14:25:01 --> Config file loaded: /hwonpark/www/application/config/tree.php
DEBUG - 2022-12-19 14:25:01 --> Encryption: Auto-configured driver 'openssl'.
DEBUG - 2022-12-19 14:25:01 --> Total execution time: 0.0482
DEBUG - 2022-12-19 14:25:05 --> UTF-8 Support Enabled
DEBUG - 2022-12-19 14:25:05 --> Global POST, GET and COOKIE data sanitized
DEBUG - 2022-12-19 14:25:05 --> Config file loaded: /hwonpark/www/application/config/tree.php
DEBUG - 2022-12-19 14:25:05 --> Encryption: Auto-configured driver 'openssl'.
DEBUG - 2022-12-19 14:25:05 --> Total execution time: 0.0382
DEBUG - 2022-12-19 14:25:59 --> UTF-8 Support Enabled
DEBUG - 2022-12-19 14:25:59 --> Global POST, GET and COOKIE data sanitized
DEBUG - 2022-12-19 14:25:59 --> Config file loaded: /hwonpark/www/application/config/tree.php
DEBUG - 2022-12-19 14:25:59 --> Encryption: Auto-configured driver 'openssl'.
DEBUG - 2022-12-19 14:26:01 --> UTF-8 Support Enabled
DEBUG - 2022-12-19 14:26:01 --> Global POST, GET and COOKIE data sanitized
DEBUG - 2022-12-19 14:26:01 --> Config file loaded: /hwonpark/www/application/config/tree.php
DEBUG - 2022-12-19 14:26:01 --> Encryption: Auto-configured driver 'openssl'.
DEBUG - 2022-12-19 14:26:01 --> Total execution time: 0.1452
DEBUG - 2022-12-19 14:42:17 --> UTF-8 Support Enabled
DEBUG - 2022-12-19 14:42:17 --> Global POST, GET and COOKIE data sanitized
DEBUG - 2022-12-19 14:42:17 --> Config file loaded: /hwonpark/www/application/config/tree.php
DEBUG - 2022-12-19 14:42:19 --> UTF-8 Support Enabled
DEBUG - 2022-12-19 14:42:19 --> No URI present. Default controller set.
DEBUG - 2022-12-19 14:42:19 --> Global POST, GET and COOKIE data sanitized
DEBUG - 2022-12-19 14:42:19 --> Config file loaded: /hwonpark/www/application/config/tree.php
DEBUG - 2022-12-19 14:42:19 --> Total execution time: 0.0349
DEBUG - 2022-12-19 14:42:23 --> UTF-8 Support Enabled
DEBUG - 2022-12-19 14:42:23 --> Global POST, GET and COOKIE data sanitized
DEBUG - 2022-12-19 14:42:23 --> Config file loaded: /hwonpark/www/application/config/tree.php
DEBUG - 2022-12-19 14:42:23 --> Total execution time: 0.0280
DEBUG - 2022-12-19 14:42:33 --> UTF-8 Support Enabled
DEBUG - 2022-12-19 14:42:33 --> Global POST, GET and COOKIE data sanitized
DEBUG - 2022-12-19 14:42:33 --> Config file loaded: /hwonpark/www/application/config/tree.php
DEBUG - 2022-12-19 14:42:36 --> UTF-8 Support Enabled
DEBUG - 2022-12-19 14:42:36 --> Global POST, GET and COOKIE data sanitized
DEBUG - 2022-12-19 14:42:36 --> Config file loaded: /hwonpark/www/application/config/tree.php
DEBUG - 2022-12-19 14:42:36 --> Encryption: Auto-configured driver 'openssl'.
DEBUG - 2022-12-19 14:42:36 --> UTF-8 Support Enabled
DEBUG - 2022-12-19 14:42:36 --> Global POST, GET and COOKIE data sanitized
DEBUG - 2022-12-19 14:42:36 --> Config file loaded: /hwonpark/www/application/config/tree.php
DEBUG - 2022-12-19 14:42:36 --> Encryption: Auto-configured driver 'openssl'.
DEBUG - 2022-12-19 14:42:36 --> Encryption class already loaded. Second attempt ignored.
DEBUG - 2022-12-19 14:42:36 --> Total execution time: 0.0400
DEBUG - 2022-12-19 15:20:54 --> UTF-8 Support Enabled
DEBUG - 2022-12-19 15:20:54 --> No URI present. Default controller set.
DEBUG - 2022-12-19 15:20:54 --> Global POST, GET and COOKIE data sanitized
DEBUG - 2022-12-19 15:20:54 --> Config file loaded: /hwonpark/www/application/config/tree.php
DEBUG - 2022-12-19 15:20:54 --> Total execution time: 0.0472
DEBUG - 2022-12-19 15:33:02 --> UTF-8 Support Enabled
DEBUG - 2022-12-19 15:33:02 --> Global POST, GET and COOKIE data sanitized
DEBUG - 2022-12-19 15:33:02 --> Config file loaded: /hwonpark/www/application/config/tree.php
DEBUG - 2022-12-19 15:33:02 --> Total execution time: 0.0302
DEBUG - 2022-12-19 15:33:05 --> UTF-8 Support Enabled
DEBUG - 2022-12-19 15:33:05 --> Global POST, GET and COOKIE data sanitized
DEBUG - 2022-12-19 15:33:05 --> Config file loaded: /hwonpark/www/application/config/tree.php
DEBUG - 2022-12-19 15:33:05 --> Total execution time: 0.0473
DEBUG - 2022-12-19 15:33:28 --> UTF-8 Support Enabled
DEBUG - 2022-12-19 15:33:28 --> Global POST, GET and COOKIE data sanitized
DEBUG - 2022-12-19 15:33:28 --> Config file loaded: /hwonpark/www/application/config/tree.php
DEBUG - 2022-12-19 15:33:28 --> Total execution time: 0.0360
DEBUG - 2022-12-19 15:34:13 --> UTF-8 Support Enabled
DEBUG - 2022-12-19 15:34:14 --> Global POST, GET and COOKIE data sanitized
DEBUG - 2022-12-19 15:34:14 --> Config file loaded: /hwonpark/www/application/config/tree.php
DEBUG - 2022-12-19 15:34:14 --> Total execution time: 0.0547
DEBUG - 2022-12-19 15:39:12 --> UTF-8 Support Enabled
DEBUG - 2022-12-19 15:39:12 --> No URI present. Default controller set.
DEBUG - 2022-12-19 15:39:12 --> Global POST, GET and COOKIE data sanitized
DEBUG - 2022-12-19 15:39:12 --> Config file loaded: /hwonpark/www/application/config/tree.php
DEBUG - 2022-12-19 15:39:12 --> Total execution time: 0.0414
DEBUG - 2022-12-19 15:39:14 --> UTF-8 Support Enabled
DEBUG - 2022-12-19 15:39:14 --> Global POST, GET and COOKIE data sanitized
ERROR - 2022-12-19 15:39:14 --> 404 Page Not Found: Faviconico/index
DEBUG - 2022-12-19 15:42:50 --> UTF-8 Support Enabled
DEBUG - 2022-12-19 15:42:50 --> Global POST, GET and COOKIE data sanitized
DEBUG - 2022-12-19 15:42:50 --> Config file loaded: /hwonpark/www/application/config/tree.php
DEBUG - 2022-12-19 15:42:50 --> Total execution time: 0.0663
DEBUG - 2022-12-19 15:42:52 --> UTF-8 Support Enabled
DEBUG - 2022-12-19 15:42:52 --> Global POST, GET and COOKIE data sanitized
DEBUG - 2022-12-19 15:42:52 --> Config file loaded: /hwonpark/www/application/config/tree.php
DEBUG - 2022-12-19 15:42:54 --> UTF-8 Support Enabled
DEBUG - 2022-12-19 15:42:54 --> Global POST, GET and COOKIE data sanitized
DEBUG - 2022-12-19 15:42:54 --> Config file loaded: /hwonpark/www/application/config/tree.php
DEBUG - 2022-12-19 15:42:54 --> Total execution time: 0.0324
DEBUG - 2022-12-19 15:47:42 --> UTF-8 Support Enabled
DEBUG - 2022-12-19 15:47:42 --> Global POST, GET and COOKIE data sanitized
DEBUG - 2022-12-19 15:47:42 --> Config file loaded: /hwonpark/www/application/config/tree.php
DEBUG - 2022-12-19 15:47:42 --> Total execution time: 0.0567
DEBUG - 2022-12-19 15:48:54 --> UTF-8 Support Enabled
DEBUG - 2022-12-19 15:48:54 --> Global POST, GET and COOKIE data sanitized
DEBUG - 2022-12-19 15:48:54 --> Config file loaded: /hwonpark/www/application/config/tree.php
DEBUG - 2022-12-19 15:48:54 --> Total execution time: 0.0484
DEBUG - 2022-12-19 15:49:22 --> UTF-8 Support Enabled
DEBUG - 2022-12-19 15:49:22 --> Global POST, GET and COOKIE data sanitized
DEBUG - 2022-12-19 15:49:22 --> Config file loaded: /hwonpark/www/application/config/tree.php
DEBUG - 2022-12-19 15:49:22 --> Total execution time: 0.0434
DEBUG - 2022-12-19 15:49:24 --> UTF-8 Support Enabled
DEBUG - 2022-12-19 15:49:24 --> Global POST, GET and COOKIE data sanitized
DEBUG - 2022-12-19 15:49:24 --> Config file loaded: /hwonpark/www/application/config/tree.php
DEBUG - 2022-12-19 15:49:24 --> Total execution time: 0.0344
DEBUG - 2022-12-19 16:31:51 --> UTF-8 Support Enabled
DEBUG - 2022-12-19 16:31:51 --> No URI present. Default controller set.
DEBUG - 2022-12-19 16:31:51 --> Global POST, GET and COOKIE data sanitized
DEBUG - 2022-12-19 16:31:51 --> Config file loaded: /hwonpark/www/application/config/tree.php
DEBUG - 2022-12-19 16:31:51 --> Total execution time: 0.0327
DEBUG - 2022-12-19 16:31:51 --> UTF-8 Support Enabled
DEBUG - 2022-12-19 16:31:51 --> Global POST, GET and COOKIE data sanitized
ERROR - 2022-12-19 16:31:51 --> 404 Page Not Found: Faviconico/index
DEBUG - 2022-12-19 16:46:57 --> UTF-8 Support Enabled
DEBUG - 2022-12-19 16:46:57 --> Global POST, GET and COOKIE data sanitized
DEBUG - 2022-12-19 16:46:57 --> Config file loaded: /hwonpark/www/application/config/tree.php
DEBUG - 2022-12-19 16:46:57 --> Total execution time: 0.0469
DEBUG - 2022-12-19 16:47:02 --> UTF-8 Support Enabled
DEBUG - 2022-12-19 16:47:02 --> Global POST, GET and COOKIE data sanitized
DEBUG - 2022-12-19 16:47:02 --> Config file loaded: /hwonpark/www/application/config/tree.php
DEBUG - 2022-12-19 16:47:03 --> UTF-8 Support Enabled
DEBUG - 2022-12-19 16:47:03 --> Global POST, GET and COOKIE data sanitized
DEBUG - 2022-12-19 16:47:03 --> Config file loaded: /hwonpark/www/application/config/tree.php
DEBUG - 2022-12-19 16:47:03 --> Encryption: Auto-configured driver 'openssl'.
DEBUG - 2022-12-19 16:47:04 --> UTF-8 Support Enabled
DEBUG - 2022-12-19 16:47:04 --> Global POST, GET and COOKIE data sanitized
DEBUG - 2022-12-19 16:47:04 --> Config file loaded: /hwonpark/www/application/config/tree.php
DEBUG - 2022-12-19 16:47:04 --> Encryption: Auto-configured driver 'openssl'.
DEBUG - 2022-12-19 16:47:04 --> Encryption class already loaded. Second attempt ignored.
DEBUG - 2022-12-19 16:47:04 --> Total execution time: 0.0479
DEBUG - 2022-12-19 16:47:05 --> UTF-8 Support Enabled
DEBUG - 2022-12-19 16:47:05 --> Global POST, GET and COOKIE data sanitized
DEBUG - 2022-12-19 16:47:05 --> Config file loaded: /hwonpark/www/application/config/tree.php
DEBUG - 2022-12-19 16:47:05 --> Encryption: Auto-configured driver 'openssl'.
DEBUG - 2022-12-19 16:47:05 --> Total execution time: 0.0786
DEBUG - 2022-12-19 16:47:08 --> UTF-8 Support Enabled
DEBUG - 2022-12-19 16:47:08 --> Global POST, GET and COOKIE data sanitized
DEBUG - 2022-12-19 16:47:08 --> Config file loaded: /hwonpark/www/application/config/tree.php
DEBUG - 2022-12-19 16:47:08 --> Encryption: Auto-configured driver 'openssl'.
DEBUG - 2022-12-19 16:47:08 --> Total execution time: 0.0371
DEBUG - 2022-12-19 16:47:09 --> UTF-8 Support Enabled
DEBUG - 2022-12-19 16:47:09 --> Global POST, GET and COOKIE data sanitized
DEBUG - 2022-12-19 16:47:09 --> Config file loaded: /hwonpark/www/application/config/tree.php
DEBUG - 2022-12-19 16:47:09 --> Encryption: Auto-configured driver 'openssl'.
DEBUG - 2022-12-19 16:47:09 --> Total execution time: 0.0373
DEBUG - 2022-12-19 16:47:35 --> UTF-8 Support Enabled
DEBUG - 2022-12-19 16:47:35 --> Global POST, GET and COOKIE data sanitized
DEBUG - 2022-12-19 16:47:35 --> Config file loaded: /hwonpark/www/application/config/tree.php
DEBUG - 2022-12-19 16:47:35 --> Encryption: Auto-configured driver 'openssl'.
DEBUG - 2022-12-19 16:47:35 --> Total execution time: 0.0746
DEBUG - 2022-12-19 16:51:04 --> UTF-8 Support Enabled
DEBUG - 2022-12-19 16:51:04 --> Global POST, GET and COOKIE data sanitized
DEBUG - 2022-12-19 16:51:04 --> Config file loaded: /hwonpark/www/application/config/tree.php
DEBUG - 2022-12-19 16:51:04 --> Encryption: Auto-configured driver 'openssl'.
DEBUG - 2022-12-19 16:51:04 --> Total execution time: 0.0489
DEBUG - 2022-12-19 16:51:07 --> UTF-8 Support Enabled
DEBUG - 2022-12-19 16:51:07 --> Global POST, GET and COOKIE data sanitized
DEBUG - 2022-12-19 16:51:07 --> Config file loaded: /hwonpark/www/application/config/tree.php
DEBUG - 2022-12-19 16:51:07 --> Encryption: Auto-configured driver 'openssl'.
DEBUG - 2022-12-19 16:51:07 --> Total execution time: 0.1024
DEBUG - 2022-12-19 16:52:24 --> UTF-8 Support Enabled
DEBUG - 2022-12-19 16:52:24 --> Global POST, GET and COOKIE data sanitized
DEBUG - 2022-12-19 16:52:24 --> Config file loaded: /hwonpark/www/application/config/tree.php
DEBUG - 2022-12-19 16:52:24 --> Encryption: Auto-configured driver 'openssl'.
DEBUG - 2022-12-19 16:52:24 --> Total execution time: 0.0471
DEBUG - 2022-12-19 16:52:37 --> UTF-8 Support Enabled
DEBUG - 2022-12-19 16:52:37 --> Global POST, GET and COOKIE data sanitized
DEBUG - 2022-12-19 16:52:37 --> Config file loaded: /hwonpark/www/application/config/tree.php
DEBUG - 2022-12-19 16:52:37 --> Encryption: Auto-configured driver 'openssl'.
DEBUG - 2022-12-19 16:52:37 --> Total execution time: 0.0543
DEBUG - 2022-12-19 16:52:47 --> UTF-8 Support Enabled
DEBUG - 2022-12-19 16:52:47 --> Global POST, GET and COOKIE data sanitized
DEBUG - 2022-12-19 16:52:47 --> Config file loaded: /hwonpark/www/application/config/tree.php
DEBUG - 2022-12-19 16:52:47 --> Encryption: Auto-configured driver 'openssl'.
DEBUG - 2022-12-19 16:52:47 --> Total execution time: 0.0366
DEBUG - 2022-12-19 16:52:49 --> UTF-8 Support Enabled
DEBUG - 2022-12-19 16:52:49 --> Global POST, GET and COOKIE data sanitized
DEBUG - 2022-12-19 16:52:49 --> Config file loaded: /hwonpark/www/application/config/tree.php
DEBUG - 2022-12-19 16:52:49 --> Encryption: Auto-configured driver 'openssl'.
DEBUG - 2022-12-19 16:52:49 --> Total execution time: 0.0575
DEBUG - 2022-12-19 16:52:52 --> UTF-8 Support Enabled
DEBUG - 2022-12-19 16:52:52 --> Global POST, GET and COOKIE data sanitized
DEBUG - 2022-12-19 16:52:52 --> Config file loaded: /hwonpark/www/application/config/tree.php
DEBUG - 2022-12-19 16:52:52 --> Encryption: Auto-configured driver 'openssl'.
DEBUG - 2022-12-19 16:52:52 --> Total execution time: 0.0359
DEBUG - 2022-12-19 16:53:00 --> UTF-8 Support Enabled
DEBUG - 2022-12-19 16:53:00 --> Global POST, GET and COOKIE data sanitized
DEBUG - 2022-12-19 16:53:00 --> Config file loaded: /hwonpark/www/application/config/tree.php
DEBUG - 2022-12-19 16:53:00 --> Encryption: Auto-configured driver 'openssl'.
DEBUG - 2022-12-19 16:53:00 --> Total execution time: 0.0522
DEBUG - 2022-12-19 16:53:09 --> UTF-8 Support Enabled
DEBUG - 2022-12-19 16:53:09 --> Global POST, GET and COOKIE data sanitized
DEBUG - 2022-12-19 16:53:09 --> Config file loaded: /hwonpark/www/application/config/tree.php
DEBUG - 2022-12-19 16:53:09 --> Encryption: Auto-configured driver 'openssl'.
DEBUG - 2022-12-19 16:53:09 --> Total execution time: 0.0349
DEBUG - 2022-12-19 16:53:10 --> UTF-8 Support Enabled
DEBUG - 2022-12-19 16:53:10 --> Global POST, GET and COOKIE data sanitized
DEBUG - 2022-12-19 16:53:10 --> Config file loaded: /hwonpark/www/application/config/tree.php
DEBUG - 2022-12-19 16:53:10 --> Encryption: Auto-configured driver 'openssl'.
DEBUG - 2022-12-19 16:53:10 --> Total execution time: 0.0531
DEBUG - 2022-12-19 16:53:25 --> UTF-8 Support Enabled
DEBUG - 2022-12-19 16:53:25 --> Global POST, GET and COOKIE data sanitized
DEBUG - 2022-12-19 16:53:25 --> Config file loaded: /hwonpark/www/application/config/tree.php
DEBUG - 2022-12-19 16:53:25 --> Encryption: Auto-configured driver 'openssl'.
DEBUG - 2022-12-19 16:53:25 --> Total execution time: 0.0796
DEBUG - 2022-12-19 16:55:19 --> UTF-8 Support Enabled
DEBUG - 2022-12-19 16:55:19 --> Global POST, GET and COOKIE data sanitized
DEBUG - 2022-12-19 16:55:19 --> Config file loaded: /hwonpark/www/application/config/tree.php
DEBUG - 2022-12-19 16:55:19 --> Encryption: Auto-configured driver 'openssl'.
DEBUG - 2022-12-19 16:55:19 --> UTF-8 Support Enabled
DEBUG - 2022-12-19 16:55:19 --> Global POST, GET and COOKIE data sanitized
DEBUG - 2022-12-19 16:55:20 --> Config file loaded: /hwonpark/www/application/config/tree.php
DEBUG - 2022-12-19 16:55:20 --> Encryption: Auto-configured driver 'openssl'.
DEBUG - 2022-12-19 16:55:20 --> Total execution time: 0.0381
DEBUG - 2022-12-19 17:05:50 --> UTF-8 Support Enabled
DEBUG - 2022-12-19 17:05:50 --> Global POST, GET and COOKIE data sanitized
DEBUG - 2022-12-19 17:05:50 --> Config file loaded: /hwonpark/www/application/config/tree.php
DEBUG - 2022-12-19 17:05:50 --> Total execution time: 0.0235
DEBUG - 2022-12-19 17:05:50 --> UTF-8 Support Enabled
DEBUG - 2022-12-19 17:05:50 --> Global POST, GET and COOKIE data sanitized
ERROR - 2022-12-19 17:05:50 --> 404 Page Not Found: Faviconico/index
DEBUG - 2022-12-19 17:05:54 --> UTF-8 Support Enabled
DEBUG - 2022-12-19 17:05:54 --> Global POST, GET and COOKIE data sanitized
DEBUG - 2022-12-19 17:05:54 --> Config file loaded: /hwonpark/www/application/config/tree.php
DEBUG - 2022-12-19 17:05:54 --> Total execution time: 0.0366
DEBUG - 2022-12-19 17:05:55 --> UTF-8 Support Enabled
DEBUG - 2022-12-19 17:05:55 --> Global POST, GET and COOKIE data sanitized
ERROR - 2022-12-19 17:05:55 --> 404 Page Not Found: Faviconico/index
DEBUG - 2022-12-19 17:05:55 --> UTF-8 Support Enabled
DEBUG - 2022-12-19 17:05:55 --> Global POST, GET and COOKIE data sanitized
DEBUG - 2022-12-19 17:05:55 --> Config file loaded: /hwonpark/www/application/config/tree.php
DEBUG - 2022-12-19 17:05:58 --> UTF-8 Support Enabled
DEBUG - 2022-12-19 17:05:58 --> No URI present. Default controller set.
DEBUG - 2022-12-19 17:05:58 --> Global POST, GET and COOKIE data sanitized
DEBUG - 2022-12-19 17:05:58 --> Config file loaded: /hwonpark/www/application/config/tree.php
DEBUG - 2022-12-19 17:05:58 --> Total execution time: 0.0292
DEBUG - 2022-12-19 17:05:58 --> UTF-8 Support Enabled
DEBUG - 2022-12-19 17:05:58 --> Global POST, GET and COOKIE data sanitized
ERROR - 2022-12-19 17:05:58 --> 404 Page Not Found: Faviconico/index
DEBUG - 2022-12-19 17:05:59 --> UTF-8 Support Enabled
DEBUG - 2022-12-19 17:05:59 --> Global POST, GET and COOKIE data sanitized
DEBUG - 2022-12-19 17:05:59 --> Config file loaded: /hwonpark/www/application/config/tree.php
DEBUG - 2022-12-19 17:05:59 --> Total execution time: 0.0362
DEBUG - 2022-12-19 17:05:59 --> UTF-8 Support Enabled
DEBUG - 2022-12-19 17:05:59 --> Global POST, GET and COOKIE data sanitized
ERROR - 2022-12-19 17:05:59 --> 404 Page Not Found: Faviconico/index
DEBUG - 2022-12-19 17:06:01 --> UTF-8 Support Enabled
DEBUG - 2022-12-19 17:06:01 --> Global POST, GET and COOKIE data sanitized
DEBUG - 2022-12-19 17:06:01 --> Config file loaded: /hwonpark/www/application/config/tree.php
DEBUG - 2022-12-19 17:06:01 --> Total execution time: 0.0381
DEBUG - 2022-12-19 17:06:01 --> UTF-8 Support Enabled
DEBUG - 2022-12-19 17:06:01 --> Global POST, GET and COOKIE data sanitized
ERROR - 2022-12-19 17:06:01 --> 404 Page Not Found: Faviconico/index
DEBUG - 2022-12-19 17:13:29 --> UTF-8 Support Enabled
DEBUG - 2022-12-19 17:13:29 --> No URI present. Default controller set.
DEBUG - 2022-12-19 17:13:29 --> Global POST, GET and COOKIE data sanitized
DEBUG - 2022-12-19 17:13:29 --> Config file loaded: /hwonpark/www/application/config/tree.php
DEBUG - 2022-12-19 17:13:29 --> Total execution time: 0.0724
DEBUG - 2022-12-19 17:14:35 --> UTF-8 Support Enabled
DEBUG - 2022-12-19 17:14:35 --> No URI present. Default controller set.
DEBUG - 2022-12-19 17:14:35 --> Global POST, GET and COOKIE data sanitized
DEBUG - 2022-12-19 17:14:35 --> Config file loaded: /hwonpark/www/application/config/tree.php
DEBUG - 2022-12-19 17:14:35 --> Total execution time: 0.0459
DEBUG - 2022-12-19 17:14:38 --> UTF-8 Support Enabled
DEBUG - 2022-12-19 17:14:38 --> Global POST, GET and COOKIE data sanitized
DEBUG - 2022-12-19 17:14:38 --> Config file loaded: /hwonpark/www/application/config/tree.php
DEBUG - 2022-12-19 17:14:38 --> Total execution time: 0.0580
DEBUG - 2022-12-19 17:14:38 --> UTF-8 Support Enabled
DEBUG - 2022-12-19 17:14:38 --> Global POST, GET and COOKIE data sanitized
ERROR - 2022-12-19 17:14:38 --> 404 Page Not Found: Faviconico/index
DEBUG - 2022-12-19 17:14:43 --> UTF-8 Support Enabled
DEBUG - 2022-12-19 17:14:43 --> Global POST, GET and COOKIE data sanitized
DEBUG - 2022-12-19 17:14:43 --> Config file loaded: /hwonpark/www/application/config/tree.php
DEBUG - 2022-12-19 17:14:45 --> UTF-8 Support Enabled
DEBUG - 2022-12-19 17:14:45 --> Global POST, GET and COOKIE data sanitized
DEBUG - 2022-12-19 17:14:45 --> Config file loaded: /hwonpark/www/application/config/tree.php
DEBUG - 2022-12-19 17:14:45 --> Total execution time: 0.0264
DEBUG - 2022-12-19 17:14:46 --> UTF-8 Support Enabled
DEBUG - 2022-12-19 17:14:46 --> Global POST, GET and COOKIE data sanitized
ERROR - 2022-12-19 17:14:46 --> 404 Page Not Found: Faviconico/index
DEBUG - 2022-12-19 17:14:48 --> UTF-8 Support Enabled
DEBUG - 2022-12-19 17:14:48 --> Global POST, GET and COOKIE data sanitized
DEBUG - 2022-12-19 17:14:48 --> Config file loaded: /hwonpark/www/application/config/tree.php
DEBUG - 2022-12-19 17:14:48 --> Total execution time: 0.0679
DEBUG - 2022-12-19 17:14:49 --> UTF-8 Support Enabled
DEBUG - 2022-12-19 17:14:49 --> Global POST, GET and COOKIE data sanitized
ERROR - 2022-12-19 17:14:49 --> 404 Page Not Found: Faviconico/index
DEBUG - 2022-12-19 17:14:55 --> UTF-8 Support Enabled
DEBUG - 2022-12-19 17:14:55 --> Global POST, GET and COOKIE data sanitized
DEBUG - 2022-12-19 17:14:55 --> Config file loaded: /hwonpark/www/application/config/tree.php
DEBUG - 2022-12-19 17:14:55 --> Total execution time: 0.0391
DEBUG - 2022-12-19 17:14:57 --> UTF-8 Support Enabled
DEBUG - 2022-12-19 17:14:57 --> Global POST, GET and COOKIE data sanitized
DEBUG - 2022-12-19 17:14:57 --> Config file loaded: /hwonpark/www/application/config/tree.php
DEBUG - 2022-12-19 17:14:57 --> Total execution time: 0.0342
DEBUG - 2022-12-19 17:15:00 --> UTF-8 Support Enabled
DEBUG - 2022-12-19 17:15:00 --> Global POST, GET and COOKIE data sanitized
DEBUG - 2022-12-19 17:15:00 --> Config file loaded: /hwonpark/www/application/config/tree.php
DEBUG - 2022-12-19 17:15:00 --> Total execution time: 0.0320
DEBUG - 2022-12-19 17:15:01 --> UTF-8 Support Enabled
DEBUG - 2022-12-19 17:15:01 --> Global POST, GET and COOKIE data sanitized
ERROR - 2022-12-19 17:15:01 --> 404 Page Not Found: Faviconico/index
DEBUG - 2022-12-19 17:15:07 --> UTF-8 Support Enabled
DEBUG - 2022-12-19 17:15:07 --> Global POST, GET and COOKIE data sanitized
DEBUG - 2022-12-19 17:15:07 --> Config file loaded: /hwonpark/www/application/config/tree.php
DEBUG - 2022-12-19 17:15:07 --> Total execution time: 0.0485
DEBUG - 2022-12-19 17:15:07 --> UTF-8 Support Enabled
DEBUG - 2022-12-19 17:15:07 --> Global POST, GET and COOKIE data sanitized
ERROR - 2022-12-19 17:15:07 --> 404 Page Not Found: Faviconico/index
DEBUG - 2022-12-19 17:15:10 --> UTF-8 Support Enabled
DEBUG - 2022-12-19 17:15:10 --> Global POST, GET and COOKIE data sanitized
DEBUG - 2022-12-19 17:15:10 --> Config file loaded: /hwonpark/www/application/config/tree.php
DEBUG - 2022-12-19 17:15:10 --> Total execution time: 0.0369
DEBUG - 2022-12-19 17:15:35 --> UTF-8 Support Enabled
DEBUG - 2022-12-19 17:15:35 --> Global POST, GET and COOKIE data sanitized
DEBUG - 2022-12-19 17:15:35 --> Config file loaded: /hwonpark/www/application/config/tree.php
DEBUG - 2022-12-19 17:15:35 --> Total execution time: 0.0750
DEBUG - 2022-12-19 17:15:36 --> UTF-8 Support Enabled
DEBUG - 2022-12-19 17:15:36 --> Global POST, GET and COOKIE data sanitized
ERROR - 2022-12-19 17:15:36 --> 404 Page Not Found: Faviconico/index
DEBUG - 2022-12-19 17:15:41 --> UTF-8 Support Enabled
DEBUG - 2022-12-19 17:15:41 --> Global POST, GET and COOKIE data sanitized
DEBUG - 2022-12-19 17:15:41 --> Config file loaded: /hwonpark/www/application/config/tree.php
DEBUG - 2022-12-19 17:15:41 --> Total execution time: 0.0447
DEBUG - 2022-12-19 17:15:42 --> UTF-8 Support Enabled
DEBUG - 2022-12-19 17:15:42 --> Global POST, GET and COOKIE data sanitized
ERROR - 2022-12-19 17:15:42 --> 404 Page Not Found: Faviconico/index
DEBUG - 2022-12-19 17:15:46 --> UTF-8 Support Enabled
DEBUG - 2022-12-19 17:15:46 --> Global POST, GET and COOKIE data sanitized
DEBUG - 2022-12-19 17:15:46 --> Config file loaded: /hwonpark/www/application/config/tree.php
DEBUG - 2022-12-19 17:15:46 --> Total execution time: 0.0538
DEBUG - 2022-12-19 17:15:46 --> UTF-8 Support Enabled
DEBUG - 2022-12-19 17:15:46 --> Global POST, GET and COOKIE data sanitized
ERROR - 2022-12-19 17:15:46 --> 404 Page Not Found: Faviconico/index
DEBUG - 2022-12-19 17:15:52 --> UTF-8 Support Enabled
DEBUG - 2022-12-19 17:15:52 --> Global POST, GET and COOKIE data sanitized
DEBUG - 2022-12-19 17:15:52 --> Config file loaded: /hwonpark/www/application/config/tree.php
DEBUG - 2022-12-19 17:15:52 --> Total execution time: 0.0528
DEBUG - 2022-12-19 17:15:55 --> UTF-8 Support Enabled
DEBUG - 2022-12-19 17:15:55 --> Global POST, GET and COOKIE data sanitized
DEBUG - 2022-12-19 17:15:55 --> Config file loaded: /hwonpark/www/application/config/tree.php
DEBUG - 2022-12-19 17:15:55 --> Total execution time: 0.0356
DEBUG - 2022-12-19 17:16:03 --> UTF-8 Support Enabled
DEBUG - 2022-12-19 17:16:03 --> Global POST, GET and COOKIE data sanitized
DEBUG - 2022-12-19 17:16:03 --> Config file loaded: /hwonpark/www/application/config/tree.php
DEBUG - 2022-12-19 17:16:03 --> Total execution time: 0.0295
DEBUG - 2022-12-19 17:18:02 --> UTF-8 Support Enabled
DEBUG - 2022-12-19 17:18:02 --> Global POST, GET and COOKIE data sanitized
DEBUG - 2022-12-19 17:18:02 --> Config file loaded: /hwonpark/www/application/config/tree.php
DEBUG - 2022-12-19 17:18:02 --> Total execution time: 0.0718
DEBUG - 2022-12-19 17:18:02 --> UTF-8 Support Enabled
DEBUG - 2022-12-19 17:18:02 --> Global POST, GET and COOKIE data sanitized
ERROR - 2022-12-19 17:18:02 --> 404 Page Not Found: Faviconico/index
DEBUG - 2022-12-19 17:18:03 --> UTF-8 Support Enabled
DEBUG - 2022-12-19 17:18:03 --> Global POST, GET and COOKIE data sanitized
DEBUG - 2022-12-19 17:18:03 --> Config file loaded: /hwonpark/www/application/config/tree.php
DEBUG - 2022-12-19 17:18:03 --> Total execution time: 0.0617
DEBUG - 2022-12-19 17:18:03 --> UTF-8 Support Enabled
DEBUG - 2022-12-19 17:18:03 --> Global POST, GET and COOKIE data sanitized
ERROR - 2022-12-19 17:18:03 --> 404 Page Not Found: Faviconico/index
DEBUG - 2022-12-19 17:18:05 --> UTF-8 Support Enabled
DEBUG - 2022-12-19 17:18:05 --> Global POST, GET and COOKIE data sanitized
DEBUG - 2022-12-19 17:18:05 --> Config file loaded: /hwonpark/www/application/config/tree.php
DEBUG - 2022-12-19 17:18:05 --> Total execution time: 0.0519
DEBUG - 2022-12-19 17:18:05 --> UTF-8 Support Enabled
DEBUG - 2022-12-19 17:18:05 --> Global POST, GET and COOKIE data sanitized
ERROR - 2022-12-19 17:18:05 --> 404 Page Not Found: Faviconico/index
DEBUG - 2022-12-19 17:18:07 --> UTF-8 Support Enabled
DEBUG - 2022-12-19 17:18:07 --> Global POST, GET and COOKIE data sanitized
DEBUG - 2022-12-19 17:18:07 --> Config file loaded: /hwonpark/www/application/config/tree.php
DEBUG - 2022-12-19 17:18:07 --> Total execution time: 0.0466
DEBUG - 2022-12-19 17:18:08 --> UTF-8 Support Enabled
DEBUG - 2022-12-19 17:18:08 --> Global POST, GET and COOKIE data sanitized
ERROR - 2022-12-19 17:18:08 --> 404 Page Not Found: Faviconico/index
DEBUG - 2022-12-19 17:18:09 --> UTF-8 Support Enabled
DEBUG - 2022-12-19 17:18:09 --> Global POST, GET and COOKIE data sanitized
DEBUG - 2022-12-19 17:18:09 --> Config file loaded: /hwonpark/www/application/config/tree.php
DEBUG - 2022-12-19 17:18:09 --> Total execution time: 0.0320
DEBUG - 2022-12-19 17:18:09 --> UTF-8 Support Enabled
DEBUG - 2022-12-19 17:18:09 --> Global POST, GET and COOKIE data sanitized
ERROR - 2022-12-19 17:18:09 --> 404 Page Not Found: Faviconico/index
DEBUG - 2022-12-19 17:18:10 --> UTF-8 Support Enabled
DEBUG - 2022-12-19 17:18:10 --> Global POST, GET and COOKIE data sanitized
DEBUG - 2022-12-19 17:18:10 --> Config file loaded: /hwonpark/www/application/config/tree.php
DEBUG - 2022-12-19 17:18:10 --> Total execution time: 0.0466
DEBUG - 2022-12-19 17:18:10 --> UTF-8 Support Enabled
DEBUG - 2022-12-19 17:18:10 --> Global POST, GET and COOKIE data sanitized
ERROR - 2022-12-19 17:18:10 --> 404 Page Not Found: Faviconico/index
DEBUG - 2022-12-19 17:18:10 --> UTF-8 Support Enabled
DEBUG - 2022-12-19 17:18:10 --> Global POST, GET and COOKIE data sanitized
DEBUG - 2022-12-19 17:18:10 --> Config file loaded: /hwonpark/www/application/config/tree.php
DEBUG - 2022-12-19 17:18:10 --> Total execution time: 0.0376
DEBUG - 2022-12-19 17:18:10 --> UTF-8 Support Enabled
DEBUG - 2022-12-19 17:18:10 --> Global POST, GET and COOKIE data sanitized
ERROR - 2022-12-19 17:18:10 --> 404 Page Not Found: Faviconico/index
DEBUG - 2022-12-19 20:06:42 --> UTF-8 Support Enabled
DEBUG - 2022-12-19 20:06:42 --> No URI present. Default controller set.
DEBUG - 2022-12-19 20:06:42 --> Global POST, GET and COOKIE data sanitized
DEBUG - 2022-12-19 20:06:42 --> Config file loaded: /hwonpark/www/application/config/tree.php
DEBUG - 2022-12-19 20:06:42 --> Total execution time: 0.0822
DEBUG - 2022-12-19 21:21:40 --> UTF-8 Support Enabled
DEBUG - 2022-12-19 21:21:40 --> No URI present. Default controller set.
DEBUG - 2022-12-19 21:21:40 --> Global POST, GET and COOKIE data sanitized
DEBUG - 2022-12-19 21:21:40 --> Config file loaded: /hwonpark/www/application/config/tree.php
DEBUG - 2022-12-19 21:21:40 --> Total execution time: 0.0606
