DEBUG - 2022-10-05 02:04:54 --> UTF-8 Support Enabled
DEBUG - 2022-10-05 02:04:54 --> No URI present. Default controller set.
DEBUG - 2022-10-05 02:04:54 --> Global POST, GET and COOKIE data sanitized
DEBUG - 2022-10-05 02:04:54 --> Config file loaded: /hwonpark/www/application/config/tree.php
DEBUG - 2022-10-05 02:04:54 --> Total execution time: 0.1957
DEBUG - 2022-10-05 02:05:52 --> UTF-8 Support Enabled
DEBUG - 2022-10-05 02:05:52 --> Global POST, GET and COOKIE data sanitized
DEBUG - 2022-10-05 02:05:52 --> Config file loaded: /hwonpark/www/application/config/tree.php
DEBUG - 2022-10-05 02:05:52 --> Total execution time: 0.0957
DEBUG - 2022-10-05 02:05:59 --> UTF-8 Support Enabled
DEBUG - 2022-10-05 02:05:59 --> Global POST, GET and COOKIE data sanitized
DEBUG - 2022-10-05 02:05:59 --> Config file loaded: /hwonpark/www/application/config/tree.php
DEBUG - 2022-10-05 02:05:59 --> Total execution time: 0.0423
DEBUG - 2022-10-05 02:06:05 --> UTF-8 Support Enabled
DEBUG - 2022-10-05 02:06:05 --> Global POST, GET and COOKIE data sanitized
DEBUG - 2022-10-05 02:06:05 --> Config file loaded: /hwonpark/www/application/config/tree.php
DEBUG - 2022-10-05 02:06:05 --> Total execution time: 0.0427
DEBUG - 2022-10-05 02:06:14 --> UTF-8 Support Enabled
DEBUG - 2022-10-05 02:06:14 --> Global POST, GET and COOKIE data sanitized
DEBUG - 2022-10-05 02:06:14 --> Config file loaded: /hwonpark/www/application/config/tree.php
DEBUG - 2022-10-05 02:06:14 --> Total execution time: 0.0543
DEBUG - 2022-10-05 02:06:43 --> UTF-8 Support Enabled
DEBUG - 2022-10-05 02:06:43 --> Global POST, GET and COOKIE data sanitized
DEBUG - 2022-10-05 02:06:43 --> Config file loaded: /hwonpark/www/application/config/tree.php
DEBUG - 2022-10-05 02:06:43 --> Total execution time: 0.0203
DEBUG - 2022-10-05 02:07:02 --> UTF-8 Support Enabled
DEBUG - 2022-10-05 02:07:02 --> Global POST, GET and COOKIE data sanitized
DEBUG - 2022-10-05 02:07:02 --> Config file loaded: /hwonpark/www/application/config/tree.php
DEBUG - 2022-10-05 02:07:02 --> Total execution time: 0.0197
DEBUG - 2022-10-05 09:05:40 --> UTF-8 Support Enabled
DEBUG - 2022-10-05 09:05:40 --> No URI present. Default controller set.
DEBUG - 2022-10-05 09:05:40 --> Global POST, GET and COOKIE data sanitized
DEBUG - 2022-10-05 09:05:41 --> Config file loaded: /hwonpark/www/application/config/tree.php
DEBUG - 2022-10-05 09:05:41 --> Total execution time: 0.2757
DEBUG - 2022-10-05 09:05:42 --> UTF-8 Support Enabled
DEBUG - 2022-10-05 09:05:42 --> Global POST, GET and COOKIE data sanitized
ERROR - 2022-10-05 09:05:42 --> 404 Page Not Found: Faviconico/index
DEBUG - 2022-10-05 09:22:35 --> UTF-8 Support Enabled
DEBUG - 2022-10-05 09:22:35 --> No URI present. Default controller set.
DEBUG - 2022-10-05 09:22:35 --> Global POST, GET and COOKIE data sanitized
DEBUG - 2022-10-05 09:22:35 --> Config file loaded: /hwonpark/www/application/config/tree.php
DEBUG - 2022-10-05 09:22:35 --> Total execution time: 0.0566
DEBUG - 2022-10-05 09:22:38 --> UTF-8 Support Enabled
DEBUG - 2022-10-05 09:22:38 --> Global POST, GET and COOKIE data sanitized
ERROR - 2022-10-05 09:22:38 --> 404 Page Not Found: Faviconico/index
DEBUG - 2022-10-05 09:22:43 --> UTF-8 Support Enabled
DEBUG - 2022-10-05 09:22:43 --> Global POST, GET and COOKIE data sanitized
DEBUG - 2022-10-05 09:22:43 --> Config file loaded: /hwonpark/www/application/config/tree.php
DEBUG - 2022-10-05 09:22:45 --> UTF-8 Support Enabled
DEBUG - 2022-10-05 09:22:45 --> Global POST, GET and COOKIE data sanitized
DEBUG - 2022-10-05 09:22:45 --> Config file loaded: /hwonpark/www/application/config/tree.php
DEBUG - 2022-10-05 09:22:45 --> Total execution time: 0.0317
DEBUG - 2022-10-05 09:22:45 --> UTF-8 Support Enabled
DEBUG - 2022-10-05 09:22:45 --> Global POST, GET and COOKIE data sanitized
ERROR - 2022-10-05 09:22:45 --> 404 Page Not Found: Faviconico/index
DEBUG - 2022-10-05 09:22:53 --> UTF-8 Support Enabled
DEBUG - 2022-10-05 09:22:53 --> Global POST, GET and COOKIE data sanitized
DEBUG - 2022-10-05 09:22:53 --> Config file loaded: /hwonpark/www/application/config/tree.php
DEBUG - 2022-10-05 09:22:53 --> Total execution time: 0.0274
DEBUG - 2022-10-05 09:23:09 --> UTF-8 Support Enabled
DEBUG - 2022-10-05 09:23:09 --> No URI present. Default controller set.
DEBUG - 2022-10-05 09:23:09 --> Global POST, GET and COOKIE data sanitized
DEBUG - 2022-10-05 09:23:09 --> Config file loaded: /hwonpark/www/application/config/tree.php
DEBUG - 2022-10-05 09:23:09 --> Total execution time: 0.0298
DEBUG - 2022-10-05 09:23:13 --> UTF-8 Support Enabled
DEBUG - 2022-10-05 09:23:13 --> Global POST, GET and COOKIE data sanitized
ERROR - 2022-10-05 09:23:13 --> 404 Page Not Found: Faviconico/index
DEBUG - 2022-10-05 09:23:40 --> UTF-8 Support Enabled
DEBUG - 2022-10-05 09:23:40 --> Global POST, GET and COOKIE data sanitized
DEBUG - 2022-10-05 09:23:40 --> Config file loaded: /hwonpark/www/application/config/tree.php
DEBUG - 2022-10-05 09:23:40 --> =================== DL_auth-> oauth::CALLBACK - 시작
DEBUG - 2022-10-05 09:23:40 --> =================== DL_auth-> oauth::CALLBACK - kakao param=:: error=
DEBUG - 2022-10-05 09:23:40 --> =================== DL_auth-> oauth::CALLBACK - kakao param=:: state=
DEBUG - 2022-10-05 09:23:40 --> =================== DL_auth-> oauth::CALLBACK - kakao param=:: code=deI_IhMKvr5jq_KP3WXzu-AK3MdlnqbKoy4hNbXN7EbFabZz_vtfUkBl4RKeuv2OFIFC9Ao9dNkAAAGDpYbVsA
DEBUG - 2022-10-05 09:23:40 --> =================== DL_auth -> kakao oauth :2: code=deI_IhMKvr5jq_KP3WXzu-AK3MdlnqbKoy4hNbXN7EbFabZz_vtfUkBl4RKeuv2OFIFC9Ao9dNkAAAGDpYbVsA
DEBUG - 2022-10-05 09:23:40 --> ====================Dl_auth -> kakao_login :: 시작
DEBUG - 2022-10-05 09:23:40 --> --------------------Dl_auth::kakao_login - 1.토큰요청 시작
DEBUG - 2022-10-05 09:23:40 --> Dl_auth::kakao_login - get_token 시작 n=2
DEBUG - 2022-10-05 09:23:40 --> --------------------Dl_auth::kakao_login - 1.2.토큰요청 시작 -> 기타브라우저
DEBUG - 2022-10-05 09:23:40 --> --------------------Dl_auth::kakao_login - 1.3.토큰요청
DEBUG - 2022-10-05 09:23:40 --> --------------------Dl_auth::kakao_login - 1.4.토큰요청 -> 성공
DEBUG - 2022-10-05 09:23:40 --> UTF-8 Support Enabled
DEBUG - 2022-10-05 09:23:40 --> Global POST, GET and COOKIE data sanitized
DEBUG - 2022-10-05 09:23:40 --> Config file loaded: /hwonpark/www/application/config/tree.php
DEBUG - 2022-10-05 09:23:40 --> =================== DL_auth-> oauth::CALLBACK - 시작
DEBUG - 2022-10-05 09:23:40 --> =================== DL_auth-> oauth::CALLBACK - kakao param=:: error=
DEBUG - 2022-10-05 09:23:40 --> =================== DL_auth-> oauth::CALLBACK - kakao param=:: state=
DEBUG - 2022-10-05 09:23:40 --> =================== DL_auth-> oauth::CALLBACK - kakao param=:: code=deI_IhMKvr5jq_KP3WXzu-AK3MdlnqbKoy4hNbXN7EbFabZz_vtfUkBl4RKeuv2OFIFC9Ao9dNkAAAGDpYbVsA
DEBUG - 2022-10-05 09:23:40 --> =================== DL_auth -> kakao oauth :2: code=deI_IhMKvr5jq_KP3WXzu-AK3MdlnqbKoy4hNbXN7EbFabZz_vtfUkBl4RKeuv2OFIFC9Ao9dNkAAAGDpYbVsA
DEBUG - 2022-10-05 09:23:40 --> ====================Dl_auth -> kakao_login :: 시작
DEBUG - 2022-10-05 09:23:40 --> ====================Dl_auth::kakao_login - 1.3.5- 사이트 회원정보 업데이트 성공(카카오 인증 완료) state=
DEBUG - 2022-10-05 09:23:43 --> UTF-8 Support Enabled
DEBUG - 2022-10-05 09:23:43 --> Global POST, GET and COOKIE data sanitized
DEBUG - 2022-10-05 09:23:43 --> Config file loaded: /hwonpark/www/application/config/tree.php
DEBUG - 2022-10-05 09:23:43 --> Encryption: Auto-configured driver 'openssl'.
DEBUG - 2022-10-05 09:23:43 --> Total execution time: 0.0474
DEBUG - 2022-10-05 09:23:47 --> UTF-8 Support Enabled
DEBUG - 2022-10-05 09:23:47 --> Global POST, GET and COOKIE data sanitized
DEBUG - 2022-10-05 09:23:47 --> Config file loaded: /hwonpark/www/application/config/tree.php
DEBUG - 2022-10-05 09:23:47 --> Encryption: Auto-configured driver 'openssl'.
DEBUG - 2022-10-05 09:23:47 --> Total execution time: 0.0727
DEBUG - 2022-10-05 09:24:05 --> UTF-8 Support Enabled
DEBUG - 2022-10-05 09:24:05 --> Global POST, GET and COOKIE data sanitized
DEBUG - 2022-10-05 09:24:05 --> Config file loaded: /hwonpark/www/application/config/tree.php
DEBUG - 2022-10-05 09:24:05 --> Encryption: Auto-configured driver 'openssl'.
DEBUG - 2022-10-05 09:24:05 --> Total execution time: 0.0579
DEBUG - 2022-10-05 09:24:08 --> UTF-8 Support Enabled
DEBUG - 2022-10-05 09:24:08 --> Global POST, GET and COOKIE data sanitized
DEBUG - 2022-10-05 09:24:08 --> Config file loaded: /hwonpark/www/application/config/tree.php
DEBUG - 2022-10-05 09:24:08 --> Encryption: Auto-configured driver 'openssl'.
DEBUG - 2022-10-05 09:24:08 --> Total execution time: 0.0378
DEBUG - 2022-10-05 09:24:13 --> UTF-8 Support Enabled
DEBUG - 2022-10-05 09:24:13 --> Global POST, GET and COOKIE data sanitized
DEBUG - 2022-10-05 09:24:13 --> Config file loaded: /hwonpark/www/application/config/tree.php
DEBUG - 2022-10-05 09:24:13 --> Encryption: Auto-configured driver 'openssl'.
DEBUG - 2022-10-05 09:24:13 --> Total execution time: 0.0498
DEBUG - 2022-10-05 09:24:23 --> UTF-8 Support Enabled
DEBUG - 2022-10-05 09:24:23 --> Global POST, GET and COOKIE data sanitized
DEBUG - 2022-10-05 09:24:23 --> Config file loaded: /hwonpark/www/application/config/tree.php
DEBUG - 2022-10-05 09:24:23 --> Encryption: Auto-configured driver 'openssl'.
DEBUG - 2022-10-05 09:24:23 --> Total execution time: 0.0529
DEBUG - 2022-10-05 09:24:32 --> UTF-8 Support Enabled
DEBUG - 2022-10-05 09:24:32 --> Global POST, GET and COOKIE data sanitized
DEBUG - 2022-10-05 09:24:32 --> Config file loaded: /hwonpark/www/application/config/tree.php
DEBUG - 2022-10-05 09:24:32 --> Encryption: Auto-configured driver 'openssl'.
DEBUG - 2022-10-05 09:24:32 --> Total execution time: 0.0968
DEBUG - 2022-10-05 09:25:39 --> UTF-8 Support Enabled
DEBUG - 2022-10-05 09:25:39 --> Global POST, GET and COOKIE data sanitized
DEBUG - 2022-10-05 09:25:39 --> Config file loaded: /hwonpark/www/application/config/tree.php
DEBUG - 2022-10-05 09:25:39 --> Encryption: Auto-configured driver 'openssl'.
DEBUG - 2022-10-05 09:25:39 --> Total execution time: 0.0648
DEBUG - 2022-10-05 09:25:48 --> UTF-8 Support Enabled
DEBUG - 2022-10-05 09:25:48 --> Global POST, GET and COOKIE data sanitized
DEBUG - 2022-10-05 09:25:48 --> Config file loaded: /hwonpark/www/application/config/tree.php
DEBUG - 2022-10-05 09:25:48 --> Encryption: Auto-configured driver 'openssl'.
DEBUG - 2022-10-05 09:25:48 --> Total execution time: 0.0650
DEBUG - 2022-10-05 09:25:54 --> UTF-8 Support Enabled
DEBUG - 2022-10-05 09:25:54 --> Global POST, GET and COOKIE data sanitized
DEBUG - 2022-10-05 09:25:54 --> Config file loaded: /hwonpark/www/application/config/tree.php
DEBUG - 2022-10-05 09:25:54 --> Encryption: Auto-configured driver 'openssl'.
DEBUG - 2022-10-05 09:25:54 --> Total execution time: 0.0401
DEBUG - 2022-10-05 09:26:02 --> UTF-8 Support Enabled
DEBUG - 2022-10-05 09:26:02 --> Global POST, GET and COOKIE data sanitized
DEBUG - 2022-10-05 09:26:02 --> Config file loaded: /hwonpark/www/application/config/tree.php
DEBUG - 2022-10-05 09:26:02 --> Encryption: Auto-configured driver 'openssl'.
DEBUG - 2022-10-05 09:26:02 --> Total execution time: 0.0734
DEBUG - 2022-10-05 09:28:54 --> UTF-8 Support Enabled
DEBUG - 2022-10-05 09:28:54 --> Global POST, GET and COOKIE data sanitized
DEBUG - 2022-10-05 09:28:54 --> Config file loaded: /hwonpark/www/application/config/tree.php
DEBUG - 2022-10-05 09:28:54 --> Encryption: Auto-configured driver 'openssl'.
DEBUG - 2022-10-05 09:28:54 --> Total execution time: 0.0421
DEBUG - 2022-10-05 09:28:56 --> UTF-8 Support Enabled
DEBUG - 2022-10-05 09:28:56 --> Global POST, GET and COOKIE data sanitized
DEBUG - 2022-10-05 09:28:56 --> Config file loaded: /hwonpark/www/application/config/tree.php
DEBUG - 2022-10-05 09:28:56 --> Encryption: Auto-configured driver 'openssl'.
DEBUG - 2022-10-05 09:28:56 --> Total execution time: 0.0826
DEBUG - 2022-10-05 09:29:15 --> UTF-8 Support Enabled
DEBUG - 2022-10-05 09:29:15 --> Global POST, GET and COOKIE data sanitized
DEBUG - 2022-10-05 09:29:15 --> Config file loaded: /hwonpark/www/application/config/tree.php
DEBUG - 2022-10-05 09:29:15 --> Encryption: Auto-configured driver 'openssl'.
DEBUG - 2022-10-05 09:29:15 --> Total execution time: 0.0544
DEBUG - 2022-10-05 09:29:20 --> UTF-8 Support Enabled
DEBUG - 2022-10-05 09:29:20 --> Global POST, GET and COOKIE data sanitized
DEBUG - 2022-10-05 09:29:20 --> Config file loaded: /hwonpark/www/application/config/tree.php
DEBUG - 2022-10-05 09:29:20 --> Encryption: Auto-configured driver 'openssl'.
DEBUG - 2022-10-05 09:29:20 --> Total execution time: 0.0320
DEBUG - 2022-10-05 09:29:23 --> UTF-8 Support Enabled
DEBUG - 2022-10-05 09:29:23 --> Global POST, GET and COOKIE data sanitized
DEBUG - 2022-10-05 09:29:23 --> Config file loaded: /hwonpark/www/application/config/tree.php
DEBUG - 2022-10-05 09:29:23 --> Encryption: Auto-configured driver 'openssl'.
DEBUG - 2022-10-05 09:29:23 --> Total execution time: 0.0468
DEBUG - 2022-10-05 09:29:28 --> UTF-8 Support Enabled
DEBUG - 2022-10-05 09:29:28 --> Global POST, GET and COOKIE data sanitized
DEBUG - 2022-10-05 09:29:29 --> Config file loaded: /hwonpark/www/application/config/tree.php
DEBUG - 2022-10-05 09:29:29 --> Encryption: Auto-configured driver 'openssl'.
DEBUG - 2022-10-05 09:29:29 --> Total execution time: 0.0437
DEBUG - 2022-10-05 09:29:41 --> UTF-8 Support Enabled
DEBUG - 2022-10-05 09:29:41 --> Global POST, GET and COOKIE data sanitized
DEBUG - 2022-10-05 09:29:41 --> Config file loaded: /hwonpark/www/application/config/tree.php
DEBUG - 2022-10-05 09:29:41 --> Encryption: Auto-configured driver 'openssl'.
DEBUG - 2022-10-05 09:29:41 --> Total execution time: 0.0492
DEBUG - 2022-10-05 09:29:52 --> UTF-8 Support Enabled
DEBUG - 2022-10-05 09:29:52 --> Global POST, GET and COOKIE data sanitized
DEBUG - 2022-10-05 09:29:52 --> Config file loaded: /hwonpark/www/application/config/tree.php
DEBUG - 2022-10-05 09:29:52 --> Encryption: Auto-configured driver 'openssl'.
DEBUG - 2022-10-05 09:29:52 --> Total execution time: 0.0348
DEBUG - 2022-10-05 09:30:05 --> UTF-8 Support Enabled
DEBUG - 2022-10-05 09:30:05 --> Global POST, GET and COOKIE data sanitized
DEBUG - 2022-10-05 09:30:05 --> Config file loaded: /hwonpark/www/application/config/tree.php
DEBUG - 2022-10-05 09:30:06 --> Encryption: Auto-configured driver 'openssl'.
DEBUG - 2022-10-05 09:30:06 --> Total execution time: 0.0458
DEBUG - 2022-10-05 09:30:14 --> UTF-8 Support Enabled
DEBUG - 2022-10-05 09:30:14 --> Global POST, GET and COOKIE data sanitized
DEBUG - 2022-10-05 09:30:14 --> Config file loaded: /hwonpark/www/application/config/tree.php
DEBUG - 2022-10-05 09:30:14 --> Encryption: Auto-configured driver 'openssl'.
DEBUG - 2022-10-05 09:30:14 --> Total execution time: 0.0367
DEBUG - 2022-10-05 09:33:13 --> UTF-8 Support Enabled
DEBUG - 2022-10-05 09:33:13 --> No URI present. Default controller set.
DEBUG - 2022-10-05 09:33:13 --> Global POST, GET and COOKIE data sanitized
DEBUG - 2022-10-05 09:33:13 --> Config file loaded: /hwonpark/www/application/config/tree.php
DEBUG - 2022-10-05 09:33:13 --> Total execution time: 0.0310
DEBUG - 2022-10-05 10:02:20 --> UTF-8 Support Enabled
DEBUG - 2022-10-05 10:02:20 --> Global POST, GET and COOKIE data sanitized
DEBUG - 2022-10-05 10:02:20 --> Config file loaded: /hwonpark/www/application/config/tree.php
DEBUG - 2022-10-05 10:02:20 --> Total execution time: 0.0324
DEBUG - 2022-10-05 10:02:21 --> UTF-8 Support Enabled
DEBUG - 2022-10-05 10:02:21 --> Global POST, GET and COOKIE data sanitized
ERROR - 2022-10-05 10:02:21 --> 404 Page Not Found: Faviconico/index
DEBUG - 2022-10-05 10:02:27 --> UTF-8 Support Enabled
DEBUG - 2022-10-05 10:02:27 --> Global POST, GET and COOKIE data sanitized
DEBUG - 2022-10-05 10:02:27 --> Config file loaded: /hwonpark/www/application/config/tree.php
DEBUG - 2022-10-05 10:02:28 --> UTF-8 Support Enabled
DEBUG - 2022-10-05 10:02:28 --> Global POST, GET and COOKIE data sanitized
DEBUG - 2022-10-05 10:02:28 --> Config file loaded: /hwonpark/www/application/config/tree.php
DEBUG - 2022-10-05 10:02:28 --> Encryption: Auto-configured driver 'openssl'.
DEBUG - 2022-10-05 10:02:28 --> UTF-8 Support Enabled
DEBUG - 2022-10-05 10:02:28 --> Global POST, GET and COOKIE data sanitized
DEBUG - 2022-10-05 10:02:28 --> Config file loaded: /hwonpark/www/application/config/tree.php
DEBUG - 2022-10-05 10:02:28 --> Encryption: Auto-configured driver 'openssl'.
DEBUG - 2022-10-05 10:02:28 --> Encryption class already loaded. Second attempt ignored.
DEBUG - 2022-10-05 10:02:28 --> Total execution time: 0.0568
DEBUG - 2022-10-05 10:02:30 --> UTF-8 Support Enabled
DEBUG - 2022-10-05 10:02:30 --> Global POST, GET and COOKIE data sanitized
DEBUG - 2022-10-05 10:02:30 --> Config file loaded: /hwonpark/www/application/config/tree.php
DEBUG - 2022-10-05 10:02:30 --> Encryption: Auto-configured driver 'openssl'.
DEBUG - 2022-10-05 10:02:30 --> Encryption class already loaded. Second attempt ignored.
DEBUG - 2022-10-05 10:02:30 --> Total execution time: 0.0374
DEBUG - 2022-10-05 10:02:45 --> UTF-8 Support Enabled
DEBUG - 2022-10-05 10:02:45 --> Global POST, GET and COOKIE data sanitized
DEBUG - 2022-10-05 10:02:45 --> Config file loaded: /hwonpark/www/application/config/tree.php
DEBUG - 2022-10-05 10:02:46 --> Encryption: Auto-configured driver 'openssl'.
DEBUG - 2022-10-05 10:02:46 --> Total execution time: 0.0711
DEBUG - 2022-10-05 10:02:48 --> UTF-8 Support Enabled
DEBUG - 2022-10-05 10:02:48 --> Global POST, GET and COOKIE data sanitized
DEBUG - 2022-10-05 10:02:48 --> Config file loaded: /hwonpark/www/application/config/tree.php
DEBUG - 2022-10-05 10:02:48 --> Encryption: Auto-configured driver 'openssl'.
DEBUG - 2022-10-05 10:02:48 --> Total execution time: 0.0599
DEBUG - 2022-10-05 10:20:29 --> UTF-8 Support Enabled
DEBUG - 2022-10-05 10:20:29 --> Global POST, GET and COOKIE data sanitized
DEBUG - 2022-10-05 10:20:29 --> Config file loaded: /hwonpark/www/application/config/tree.php
DEBUG - 2022-10-05 10:20:29 --> Total execution time: 0.0348
DEBUG - 2022-10-05 10:20:31 --> UTF-8 Support Enabled
DEBUG - 2022-10-05 10:20:31 --> Global POST, GET and COOKIE data sanitized
ERROR - 2022-10-05 10:20:31 --> 404 Page Not Found: Faviconico/index
DEBUG - 2022-10-05 10:20:31 --> UTF-8 Support Enabled
DEBUG - 2022-10-05 10:20:31 --> No URI present. Default controller set.
DEBUG - 2022-10-05 10:20:31 --> Global POST, GET and COOKIE data sanitized
DEBUG - 2022-10-05 10:20:31 --> Config file loaded: /hwonpark/www/application/config/tree.php
DEBUG - 2022-10-05 10:20:31 --> Total execution time: 0.0326
DEBUG - 2022-10-05 10:20:35 --> UTF-8 Support Enabled
DEBUG - 2022-10-05 10:20:35 --> No URI present. Default controller set.
DEBUG - 2022-10-05 10:20:35 --> Global POST, GET and COOKIE data sanitized
DEBUG - 2022-10-05 10:20:35 --> Config file loaded: /hwonpark/www/application/config/tree.php
DEBUG - 2022-10-05 10:20:35 --> Total execution time: 0.0275
DEBUG - 2022-10-05 10:22:02 --> UTF-8 Support Enabled
DEBUG - 2022-10-05 10:22:02 --> No URI present. Default controller set.
DEBUG - 2022-10-05 10:22:02 --> Global POST, GET and COOKIE data sanitized
DEBUG - 2022-10-05 10:22:02 --> Config file loaded: /hwonpark/www/application/config/tree.php
DEBUG - 2022-10-05 10:22:02 --> Total execution time: 0.0340
DEBUG - 2022-10-05 12:39:28 --> UTF-8 Support Enabled
DEBUG - 2022-10-05 12:39:28 --> No URI present. Default controller set.
DEBUG - 2022-10-05 12:39:28 --> Global POST, GET and COOKIE data sanitized
DEBUG - 2022-10-05 12:39:28 --> Config file loaded: /hwonpark/www/application/config/tree.php
DEBUG - 2022-10-05 12:39:28 --> Total execution time: 0.1324
DEBUG - 2022-10-05 13:31:18 --> UTF-8 Support Enabled
DEBUG - 2022-10-05 13:31:18 --> No URI present. Default controller set.
DEBUG - 2022-10-05 13:31:18 --> Global POST, GET and COOKIE data sanitized
DEBUG - 2022-10-05 13:31:18 --> Config file loaded: /hwonpark/www/application/config/tree.php
DEBUG - 2022-10-05 13:31:18 --> Total execution time: 0.0590
DEBUG - 2022-10-05 13:47:30 --> UTF-8 Support Enabled
DEBUG - 2022-10-05 13:47:30 --> No URI present. Default controller set.
DEBUG - 2022-10-05 13:47:30 --> Global POST, GET and COOKIE data sanitized
DEBUG - 2022-10-05 13:47:30 --> Config file loaded: /hwonpark/www/application/config/tree.php
DEBUG - 2022-10-05 13:47:30 --> Total execution time: 0.0306
DEBUG - 2022-10-05 13:47:31 --> UTF-8 Support Enabled
DEBUG - 2022-10-05 13:47:31 --> Global POST, GET and COOKIE data sanitized
ERROR - 2022-10-05 13:47:31 --> 404 Page Not Found: Faviconico/index
DEBUG - 2022-10-05 13:47:40 --> UTF-8 Support Enabled
DEBUG - 2022-10-05 13:47:40 --> Global POST, GET and COOKIE data sanitized
DEBUG - 2022-10-05 13:47:40 --> Config file loaded: /hwonpark/www/application/config/tree.php
DEBUG - 2022-10-05 13:47:40 --> Total execution time: 0.0332
DEBUG - 2022-10-05 13:47:54 --> UTF-8 Support Enabled
DEBUG - 2022-10-05 13:47:54 --> Global POST, GET and COOKIE data sanitized
DEBUG - 2022-10-05 13:47:54 --> Config file loaded: /hwonpark/www/application/config/tree.php
DEBUG - 2022-10-05 13:47:54 --> Total execution time: 0.0279
DEBUG - 2022-10-05 13:51:07 --> UTF-8 Support Enabled
DEBUG - 2022-10-05 13:51:07 --> Global POST, GET and COOKIE data sanitized
DEBUG - 2022-10-05 13:51:07 --> Config file loaded: /hwonpark/www/application/config/tree.php
DEBUG - 2022-10-05 13:51:07 --> Total execution time: 0.0361
DEBUG - 2022-10-05 13:51:15 --> UTF-8 Support Enabled
DEBUG - 2022-10-05 13:51:15 --> Global POST, GET and COOKIE data sanitized
DEBUG - 2022-10-05 13:51:15 --> Config file loaded: /hwonpark/www/application/config/tree.php
DEBUG - 2022-10-05 13:51:15 --> Total execution time: 0.0620
DEBUG - 2022-10-05 13:51:18 --> UTF-8 Support Enabled
DEBUG - 2022-10-05 13:51:18 --> Global POST, GET and COOKIE data sanitized
DEBUG - 2022-10-05 13:51:18 --> Config file loaded: /hwonpark/www/application/config/tree.php
DEBUG - 2022-10-05 13:51:18 --> Total execution time: 0.0444
DEBUG - 2022-10-05 13:51:22 --> UTF-8 Support Enabled
DEBUG - 2022-10-05 13:51:22 --> Global POST, GET and COOKIE data sanitized
DEBUG - 2022-10-05 13:51:22 --> Config file loaded: /hwonpark/www/application/config/tree.php
DEBUG - 2022-10-05 13:51:22 --> Total execution time: 0.0386
DEBUG - 2022-10-05 13:51:27 --> UTF-8 Support Enabled
DEBUG - 2022-10-05 13:51:27 --> Global POST, GET and COOKIE data sanitized
DEBUG - 2022-10-05 13:51:27 --> Config file loaded: /hwonpark/www/application/config/tree.php
DEBUG - 2022-10-05 13:51:27 --> Total execution time: 0.0632
DEBUG - 2022-10-05 14:12:25 --> UTF-8 Support Enabled
DEBUG - 2022-10-05 14:12:25 --> No URI present. Default controller set.
DEBUG - 2022-10-05 14:12:25 --> Global POST, GET and COOKIE data sanitized
ERROR - 2022-10-05 14:12:25 --> 404 Page Not Found: ERROR : url is wrong
DEBUG - 2022-10-05 14:12:25 --> UTF-8 Support Enabled
DEBUG - 2022-10-05 14:12:25 --> No URI present. Default controller set.
DEBUG - 2022-10-05 14:12:26 --> Global POST, GET and COOKIE data sanitized
ERROR - 2022-10-05 14:12:26 --> 404 Page Not Found: ERROR : url is wrong
DEBUG - 2022-10-05 14:12:32 --> UTF-8 Support Enabled
DEBUG - 2022-10-05 14:12:32 --> No URI present. Default controller set.
DEBUG - 2022-10-05 14:12:32 --> Global POST, GET and COOKIE data sanitized
DEBUG - 2022-10-05 14:12:32 --> Config file loaded: /hwonpark/www/application/config/tree.php
DEBUG - 2022-10-05 14:12:32 --> Total execution time: 0.0313
DEBUG - 2022-10-05 14:12:33 --> UTF-8 Support Enabled
DEBUG - 2022-10-05 14:12:33 --> Global POST, GET and COOKIE data sanitized
ERROR - 2022-10-05 14:12:33 --> 404 Page Not Found: Faviconico/index
DEBUG - 2022-10-05 14:12:35 --> UTF-8 Support Enabled
DEBUG - 2022-10-05 14:12:35 --> Global POST, GET and COOKIE data sanitized
DEBUG - 2022-10-05 14:12:35 --> Config file loaded: /hwonpark/www/application/config/tree.php
DEBUG - 2022-10-05 14:12:35 --> --------------------DC_common::chk_perm - 1.인가코드요청 시작 -> if 인앱브라우저
DEBUG - 2022-10-05 14:12:36 --> UTF-8 Support Enabled
DEBUG - 2022-10-05 14:12:36 --> Global POST, GET and COOKIE data sanitized
DEBUG - 2022-10-05 14:12:36 --> Config file loaded: /hwonpark/www/application/config/tree.php
DEBUG - 2022-10-05 14:12:36 --> =================== DL_auth-> oauth::CALLBACK - 시작
DEBUG - 2022-10-05 14:12:36 --> =================== DL_auth-> oauth::CALLBACK - kakao param=:: error=
DEBUG - 2022-10-05 14:12:36 --> =================== DL_auth-> oauth::CALLBACK - kakao param=:: state=/ko/brief/view?idx=31
DEBUG - 2022-10-05 14:12:36 --> =================== DL_auth-> oauth::CALLBACK - kakao param=:: code=k_Yqdsv3BVgjZ52rTvaQyo-yW3RVLIRb8jO_h5t0sFs78p4e-ArFf9u14zw8PIZRNxXPvAorDKYAAAGDpo9cLg
DEBUG - 2022-10-05 14:12:36 --> =================== DL_auth -> kakao oauth :2: code=k_Yqdsv3BVgjZ52rTvaQyo-yW3RVLIRb8jO_h5t0sFs78p4e-ArFf9u14zw8PIZRNxXPvAorDKYAAAGDpo9cLg
DEBUG - 2022-10-05 14:12:36 --> ====================Dl_auth -> kakao_login :: 시작
DEBUG - 2022-10-05 14:12:36 --> --------------------Dl_auth::kakao_login - 1.토큰요청 시작
DEBUG - 2022-10-05 14:12:36 --> Dl_auth::kakao_login - get_token 시작 n=2
DEBUG - 2022-10-05 14:12:36 --> --------------------Dl_auth::kakao_login - 1.2.토큰요청 시작 -> 기타브라우저
DEBUG - 2022-10-05 14:12:36 --> --------------------Dl_auth::kakao_login - 1.3.토큰요청
DEBUG - 2022-10-05 14:12:36 --> --------------------Dl_auth::kakao_login - 1.4.토큰요청 -> 성공
DEBUG - 2022-10-05 14:12:36 --> UTF-8 Support Enabled
DEBUG - 2022-10-05 14:12:36 --> Global POST, GET and COOKIE data sanitized
DEBUG - 2022-10-05 14:12:37 --> Config file loaded: /hwonpark/www/application/config/tree.php
DEBUG - 2022-10-05 14:12:37 --> =================== DL_auth-> oauth::CALLBACK - 시작
DEBUG - 2022-10-05 14:12:37 --> =================== DL_auth-> oauth::CALLBACK - kakao param=:: error=
DEBUG - 2022-10-05 14:12:37 --> =================== DL_auth-> oauth::CALLBACK - kakao param=:: state=/ko/brief/view?idx=31
DEBUG - 2022-10-05 14:12:37 --> =================== DL_auth-> oauth::CALLBACK - kakao param=:: code=k_Yqdsv3BVgjZ52rTvaQyo-yW3RVLIRb8jO_h5t0sFs78p4e-ArFf9u14zw8PIZRNxXPvAorDKYAAAGDpo9cLg
DEBUG - 2022-10-05 14:12:37 --> =================== DL_auth -> kakao oauth :2: code=k_Yqdsv3BVgjZ52rTvaQyo-yW3RVLIRb8jO_h5t0sFs78p4e-ArFf9u14zw8PIZRNxXPvAorDKYAAAGDpo9cLg
DEBUG - 2022-10-05 14:12:37 --> ====================Dl_auth -> kakao_login :: 시작
DEBUG - 2022-10-05 14:12:37 --> ====================Dl_auth::kakao_login - 1.3.5- 사이트 회원정보 업데이트 성공(카카오 인증 완료) state=/ko/brief/view?idx=31
DEBUG - 2022-10-05 14:12:37 --> UTF-8 Support Enabled
DEBUG - 2022-10-05 14:12:37 --> Global POST, GET and COOKIE data sanitized
DEBUG - 2022-10-05 14:12:37 --> Config file loaded: /hwonpark/www/application/config/tree.php
DEBUG - 2022-10-05 14:12:37 --> Encryption: Auto-configured driver 'openssl'.
DEBUG - 2022-10-05 14:12:37 --> --------------------DC_common::chk_perm - 1.인가코드요청 시작 -> if 인앱브라우저
DEBUG - 2022-10-05 14:12:37 --> Total execution time: 0.0838
DEBUG - 2022-10-05 14:16:11 --> UTF-8 Support Enabled
DEBUG - 2022-10-05 14:16:11 --> Global POST, GET and COOKIE data sanitized
DEBUG - 2022-10-05 14:16:12 --> Config file loaded: /hwonpark/www/application/config/tree.php
DEBUG - 2022-10-05 14:16:12 --> Encryption: Auto-configured driver 'openssl'.
DEBUG - 2022-10-05 14:16:12 --> --------------------DC_common::chk_perm - 1.인가코드요청 시작 -> if 인앱브라우저
DEBUG - 2022-10-05 14:16:12 --> Total execution time: 0.0559
DEBUG - 2022-10-05 14:16:25 --> UTF-8 Support Enabled
DEBUG - 2022-10-05 14:16:25 --> No URI present. Default controller set.
DEBUG - 2022-10-05 14:16:25 --> Global POST, GET and COOKIE data sanitized
DEBUG - 2022-10-05 14:16:25 --> Config file loaded: /hwonpark/www/application/config/tree.php
DEBUG - 2022-10-05 14:16:25 --> Encryption: Auto-configured driver 'openssl'.
DEBUG - 2022-10-05 14:16:25 --> Total execution time: 0.0640
DEBUG - 2022-10-05 14:22:08 --> UTF-8 Support Enabled
DEBUG - 2022-10-05 14:22:08 --> Global POST, GET and COOKIE data sanitized
DEBUG - 2022-10-05 14:22:08 --> Config file loaded: /hwonpark/www/application/config/tree.php
DEBUG - 2022-10-05 14:22:08 --> Total execution time: 0.0328
DEBUG - 2022-10-05 14:22:13 --> UTF-8 Support Enabled
DEBUG - 2022-10-05 14:22:13 --> Global POST, GET and COOKIE data sanitized
DEBUG - 2022-10-05 14:22:13 --> Config file loaded: /hwonpark/www/application/config/tree.php
DEBUG - 2022-10-05 14:22:14 --> UTF-8 Support Enabled
DEBUG - 2022-10-05 14:22:14 --> Global POST, GET and COOKIE data sanitized
DEBUG - 2022-10-05 14:22:14 --> Config file loaded: /hwonpark/www/application/config/tree.php
DEBUG - 2022-10-05 14:22:14 --> Total execution time: 0.0583
DEBUG - 2022-10-05 14:22:21 --> UTF-8 Support Enabled
DEBUG - 2022-10-05 14:22:21 --> Global POST, GET and COOKIE data sanitized
DEBUG - 2022-10-05 14:22:21 --> Config file loaded: /hwonpark/www/application/config/tree.php
DEBUG - 2022-10-05 14:22:22 --> UTF-8 Support Enabled
DEBUG - 2022-10-05 14:22:22 --> Global POST, GET and COOKIE data sanitized
DEBUG - 2022-10-05 14:22:22 --> Config file loaded: /hwonpark/www/application/config/tree.php
DEBUG - 2022-10-05 14:22:22 --> Encryption: Auto-configured driver 'openssl'.
DEBUG - 2022-10-05 14:22:22 --> UTF-8 Support Enabled
DEBUG - 2022-10-05 14:22:22 --> Global POST, GET and COOKIE data sanitized
DEBUG - 2022-10-05 14:22:22 --> Config file loaded: /hwonpark/www/application/config/tree.php
DEBUG - 2022-10-05 14:22:22 --> Encryption: Auto-configured driver 'openssl'.
DEBUG - 2022-10-05 14:22:22 --> Encryption class already loaded. Second attempt ignored.
DEBUG - 2022-10-05 14:22:22 --> Total execution time: 0.0479
DEBUG - 2022-10-05 14:22:23 --> UTF-8 Support Enabled
DEBUG - 2022-10-05 14:22:23 --> Global POST, GET and COOKIE data sanitized
DEBUG - 2022-10-05 14:22:23 --> Config file loaded: /hwonpark/www/application/config/tree.php
DEBUG - 2022-10-05 14:22:23 --> Encryption: Auto-configured driver 'openssl'.
DEBUG - 2022-10-05 14:22:23 --> Total execution time: 0.0361
DEBUG - 2022-10-05 14:22:25 --> UTF-8 Support Enabled
DEBUG - 2022-10-05 14:22:25 --> Global POST, GET and COOKIE data sanitized
DEBUG - 2022-10-05 14:22:25 --> Config file loaded: /hwonpark/www/application/config/tree.php
DEBUG - 2022-10-05 14:22:25 --> Encryption: Auto-configured driver 'openssl'.
DEBUG - 2022-10-05 14:22:25 --> Encryption class already loaded. Second attempt ignored.
DEBUG - 2022-10-05 14:22:25 --> Total execution time: 0.0468
DEBUG - 2022-10-05 14:22:26 --> UTF-8 Support Enabled
DEBUG - 2022-10-05 14:22:26 --> Global POST, GET and COOKIE data sanitized
DEBUG - 2022-10-05 14:22:26 --> Config file loaded: /hwonpark/www/application/config/tree.php
DEBUG - 2022-10-05 14:22:26 --> Encryption: Auto-configured driver 'openssl'.
DEBUG - 2022-10-05 14:22:26 --> Encryption class already loaded. Second attempt ignored.
DEBUG - 2022-10-05 14:22:26 --> Total execution time: 0.0568
DEBUG - 2022-10-05 14:22:29 --> UTF-8 Support Enabled
DEBUG - 2022-10-05 14:22:29 --> Global POST, GET and COOKIE data sanitized
DEBUG - 2022-10-05 14:22:29 --> Total execution time: 0.0307
DEBUG - 2022-10-05 14:22:30 --> UTF-8 Support Enabled
DEBUG - 2022-10-05 14:22:30 --> Global POST, GET and COOKIE data sanitized
DEBUG - 2022-10-05 14:22:30 --> Config file loaded: /hwonpark/www/application/config/tree.php
DEBUG - 2022-10-05 14:22:30 --> Encryption: Auto-configured driver 'openssl'.
DEBUG - 2022-10-05 14:22:30 --> Encryption class already loaded. Second attempt ignored.
DEBUG - 2022-10-05 14:22:30 --> Total execution time: 0.0362
DEBUG - 2022-10-05 14:22:31 --> UTF-8 Support Enabled
DEBUG - 2022-10-05 14:22:31 --> Global POST, GET and COOKIE data sanitized
DEBUG - 2022-10-05 14:22:31 --> Config file loaded: /hwonpark/www/application/config/tree.php
DEBUG - 2022-10-05 14:22:31 --> Encryption: Auto-configured driver 'openssl'.
DEBUG - 2022-10-05 14:22:31 --> Total execution time: 0.0320
DEBUG - 2022-10-05 14:22:33 --> UTF-8 Support Enabled
DEBUG - 2022-10-05 14:22:33 --> Global POST, GET and COOKIE data sanitized
DEBUG - 2022-10-05 14:22:33 --> Config file loaded: /hwonpark/www/application/config/tree.php
DEBUG - 2022-10-05 14:22:33 --> Encryption: Auto-configured driver 'openssl'.
DEBUG - 2022-10-05 14:22:33 --> Total execution time: 0.0733
DEBUG - 2022-10-05 14:22:37 --> UTF-8 Support Enabled
DEBUG - 2022-10-05 14:22:37 --> Global POST, GET and COOKIE data sanitized
DEBUG - 2022-10-05 14:22:37 --> Config file loaded: /hwonpark/www/application/config/tree.php
DEBUG - 2022-10-05 14:22:37 --> Encryption: Auto-configured driver 'openssl'.
DEBUG - 2022-10-05 14:22:37 --> Encryption class already loaded. Second attempt ignored.
DEBUG - 2022-10-05 14:22:37 --> Total execution time: 0.0429
DEBUG - 2022-10-05 14:22:37 --> UTF-8 Support Enabled
DEBUG - 2022-10-05 14:22:37 --> Global POST, GET and COOKIE data sanitized
DEBUG - 2022-10-05 14:22:37 --> Config file loaded: /hwonpark/www/application/config/tree.php
DEBUG - 2022-10-05 14:22:37 --> Encryption: Auto-configured driver 'openssl'.
DEBUG - 2022-10-05 14:22:37 --> Total execution time: 0.0350
DEBUG - 2022-10-05 14:22:39 --> UTF-8 Support Enabled
DEBUG - 2022-10-05 14:22:39 --> Global POST, GET and COOKIE data sanitized
DEBUG - 2022-10-05 14:22:39 --> Config file loaded: /hwonpark/www/application/config/tree.php
DEBUG - 2022-10-05 14:22:39 --> Encryption: Auto-configured driver 'openssl'.
DEBUG - 2022-10-05 14:22:39 --> Encryption class already loaded. Second attempt ignored.
DEBUG - 2022-10-05 14:22:39 --> Total execution time: 0.0373
DEBUG - 2022-10-05 14:22:40 --> UTF-8 Support Enabled
DEBUG - 2022-10-05 14:22:40 --> Global POST, GET and COOKIE data sanitized
DEBUG - 2022-10-05 14:22:40 --> Config file loaded: /hwonpark/www/application/config/tree.php
DEBUG - 2022-10-05 14:22:40 --> Encryption: Auto-configured driver 'openssl'.
DEBUG - 2022-10-05 14:22:40 --> Encryption class already loaded. Second attempt ignored.
DEBUG - 2022-10-05 14:22:40 --> Total execution time: 0.0352
DEBUG - 2022-10-05 14:22:46 --> UTF-8 Support Enabled
DEBUG - 2022-10-05 14:22:46 --> Global POST, GET and COOKIE data sanitized
DEBUG - 2022-10-05 14:22:46 --> Config file loaded: /hwonpark/www/application/config/tree.php
DEBUG - 2022-10-05 14:22:46 --> Encryption: Auto-configured driver 'openssl'.
DEBUG - 2022-10-05 14:22:46 --> Total execution time: 0.0501
DEBUG - 2022-10-05 14:22:49 --> UTF-8 Support Enabled
DEBUG - 2022-10-05 14:22:49 --> Global POST, GET and COOKIE data sanitized
DEBUG - 2022-10-05 14:22:49 --> Config file loaded: /hwonpark/www/application/config/tree.php
DEBUG - 2022-10-05 14:22:49 --> Encryption: Auto-configured driver 'openssl'.
DEBUG - 2022-10-05 14:22:49 --> Total execution time: 0.0545
DEBUG - 2022-10-05 14:22:51 --> UTF-8 Support Enabled
DEBUG - 2022-10-05 14:22:51 --> Global POST, GET and COOKIE data sanitized
DEBUG - 2022-10-05 14:22:51 --> Config file loaded: /hwonpark/www/application/config/tree.php
DEBUG - 2022-10-05 14:22:51 --> Encryption: Auto-configured driver 'openssl'.
DEBUG - 2022-10-05 14:22:51 --> Total execution time: 0.0488
DEBUG - 2022-10-05 14:23:02 --> UTF-8 Support Enabled
DEBUG - 2022-10-05 14:23:02 --> Global POST, GET and COOKIE data sanitized
DEBUG - 2022-10-05 14:23:02 --> Config file loaded: /hwonpark/www/application/config/tree.php
DEBUG - 2022-10-05 14:23:02 --> Encryption: Auto-configured driver 'openssl'.
DEBUG - 2022-10-05 14:23:02 --> Total execution time: 0.0392
DEBUG - 2022-10-05 14:23:04 --> UTF-8 Support Enabled
DEBUG - 2022-10-05 14:23:04 --> Global POST, GET and COOKIE data sanitized
DEBUG - 2022-10-05 14:23:04 --> Config file loaded: /hwonpark/www/application/config/tree.php
DEBUG - 2022-10-05 14:23:04 --> Encryption: Auto-configured driver 'openssl'.
DEBUG - 2022-10-05 14:23:04 --> Total execution time: 0.0389
DEBUG - 2022-10-05 14:23:44 --> UTF-8 Support Enabled
DEBUG - 2022-10-05 14:23:44 --> Global POST, GET and COOKIE data sanitized
DEBUG - 2022-10-05 14:23:44 --> Config file loaded: /hwonpark/www/application/config/tree.php
DEBUG - 2022-10-05 14:23:44 --> Encryption: Auto-configured driver 'openssl'.
DEBUG - 2022-10-05 14:23:47 --> UTF-8 Support Enabled
DEBUG - 2022-10-05 14:23:47 --> Global POST, GET and COOKIE data sanitized
DEBUG - 2022-10-05 14:23:47 --> Config file loaded: /hwonpark/www/application/config/tree.php
DEBUG - 2022-10-05 14:23:47 --> Encryption: Auto-configured driver 'openssl'.
DEBUG - 2022-10-05 14:23:47 --> Total execution time: 0.0599
DEBUG - 2022-10-05 14:24:46 --> UTF-8 Support Enabled
DEBUG - 2022-10-05 14:24:46 --> Global POST, GET and COOKIE data sanitized
DEBUG - 2022-10-05 14:24:46 --> Config file loaded: /hwonpark/www/application/config/tree.php
DEBUG - 2022-10-05 14:24:46 --> Encryption: Auto-configured driver 'openssl'.
DEBUG - 2022-10-05 14:24:46 --> Total execution time: 0.0496
DEBUG - 2022-10-05 14:24:48 --> UTF-8 Support Enabled
DEBUG - 2022-10-05 14:24:48 --> Global POST, GET and COOKIE data sanitized
DEBUG - 2022-10-05 14:24:48 --> Config file loaded: /hwonpark/www/application/config/tree.php
DEBUG - 2022-10-05 14:24:48 --> Encryption: Auto-configured driver 'openssl'.
DEBUG - 2022-10-05 14:24:48 --> Total execution time: 0.0331
DEBUG - 2022-10-05 14:25:13 --> UTF-8 Support Enabled
DEBUG - 2022-10-05 14:25:13 --> Global POST, GET and COOKIE data sanitized
DEBUG - 2022-10-05 14:25:13 --> Config file loaded: /hwonpark/www/application/config/tree.php
DEBUG - 2022-10-05 14:25:13 --> Encryption: Auto-configured driver 'openssl'.
DEBUG - 2022-10-05 14:25:14 --> UTF-8 Support Enabled
DEBUG - 2022-10-05 14:25:14 --> Global POST, GET and COOKIE data sanitized
DEBUG - 2022-10-05 14:25:14 --> Config file loaded: /hwonpark/www/application/config/tree.php
DEBUG - 2022-10-05 14:25:14 --> Encryption: Auto-configured driver 'openssl'.
DEBUG - 2022-10-05 14:25:14 --> Total execution time: 0.0349
DEBUG - 2022-10-05 14:25:18 --> UTF-8 Support Enabled
DEBUG - 2022-10-05 14:25:18 --> Global POST, GET and COOKIE data sanitized
DEBUG - 2022-10-05 14:25:18 --> Config file loaded: /hwonpark/www/application/config/tree.php
DEBUG - 2022-10-05 14:25:18 --> Encryption: Auto-configured driver 'openssl'.
DEBUG - 2022-10-05 14:25:18 --> Total execution time: 0.0445
DEBUG - 2022-10-05 14:25:21 --> UTF-8 Support Enabled
DEBUG - 2022-10-05 14:25:21 --> Global POST, GET and COOKIE data sanitized
DEBUG - 2022-10-05 14:25:21 --> Config file loaded: /hwonpark/www/application/config/tree.php
DEBUG - 2022-10-05 14:25:21 --> Encryption: Auto-configured driver 'openssl'.
DEBUG - 2022-10-05 14:25:21 --> Total execution time: 0.0335
DEBUG - 2022-10-05 14:25:26 --> UTF-8 Support Enabled
DEBUG - 2022-10-05 14:25:26 --> Global POST, GET and COOKIE data sanitized
DEBUG - 2022-10-05 14:25:26 --> Config file loaded: /hwonpark/www/application/config/tree.php
DEBUG - 2022-10-05 14:25:26 --> Encryption: Auto-configured driver 'openssl'.
DEBUG - 2022-10-05 14:25:26 --> Total execution time: 0.0721
DEBUG - 2022-10-05 14:25:29 --> UTF-8 Support Enabled
DEBUG - 2022-10-05 14:25:29 --> Global POST, GET and COOKIE data sanitized
DEBUG - 2022-10-05 14:25:29 --> Config file loaded: /hwonpark/www/application/config/tree.php
DEBUG - 2022-10-05 14:25:29 --> Encryption: Auto-configured driver 'openssl'.
DEBUG - 2022-10-05 14:25:29 --> Total execution time: 0.0372
DEBUG - 2022-10-05 14:28:01 --> UTF-8 Support Enabled
DEBUG - 2022-10-05 14:28:01 --> Global POST, GET and COOKIE data sanitized
DEBUG - 2022-10-05 14:28:01 --> Config file loaded: /hwonpark/www/application/config/tree.php
DEBUG - 2022-10-05 14:28:01 --> Encryption: Auto-configured driver 'openssl'.
DEBUG - 2022-10-05 14:28:01 --> Total execution time: 0.0609
DEBUG - 2022-10-05 14:28:03 --> UTF-8 Support Enabled
DEBUG - 2022-10-05 14:28:03 --> Global POST, GET and COOKIE data sanitized
DEBUG - 2022-10-05 14:28:03 --> Config file loaded: /hwonpark/www/application/config/tree.php
DEBUG - 2022-10-05 14:28:03 --> Encryption: Auto-configured driver 'openssl'.
DEBUG - 2022-10-05 14:28:03 --> UTF-8 Support Enabled
DEBUG - 2022-10-05 14:28:03 --> Global POST, GET and COOKIE data sanitized
DEBUG - 2022-10-05 14:28:03 --> Config file loaded: /hwonpark/www/application/config/tree.php
DEBUG - 2022-10-05 14:28:03 --> Encryption: Auto-configured driver 'openssl'.
DEBUG - 2022-10-05 14:28:03 --> Encryption class already loaded. Second attempt ignored.
DEBUG - 2022-10-05 14:28:03 --> Total execution time: 0.0389
DEBUG - 2022-10-05 14:28:05 --> UTF-8 Support Enabled
DEBUG - 2022-10-05 14:28:05 --> Global POST, GET and COOKIE data sanitized
DEBUG - 2022-10-05 14:28:05 --> Config file loaded: /hwonpark/www/application/config/tree.php
DEBUG - 2022-10-05 14:28:05 --> Encryption: Auto-configured driver 'openssl'.
DEBUG - 2022-10-05 14:28:05 --> Total execution time: 0.0349
DEBUG - 2022-10-05 14:28:07 --> UTF-8 Support Enabled
DEBUG - 2022-10-05 14:28:07 --> Global POST, GET and COOKIE data sanitized
DEBUG - 2022-10-05 14:28:07 --> Config file loaded: /hwonpark/www/application/config/tree.php
DEBUG - 2022-10-05 14:28:07 --> Encryption: Auto-configured driver 'openssl'.
DEBUG - 2022-10-05 14:28:07 --> Total execution time: 0.0342
DEBUG - 2022-10-05 14:28:09 --> UTF-8 Support Enabled
DEBUG - 2022-10-05 14:28:09 --> Global POST, GET and COOKIE data sanitized
DEBUG - 2022-10-05 14:28:09 --> Config file loaded: /hwonpark/www/application/config/tree.php
DEBUG - 2022-10-05 14:28:09 --> Encryption: Auto-configured driver 'openssl'.
DEBUG - 2022-10-05 14:28:09 --> Total execution time: 0.0344
DEBUG - 2022-10-05 14:28:31 --> UTF-8 Support Enabled
DEBUG - 2022-10-05 14:28:31 --> Global POST, GET and COOKIE data sanitized
DEBUG - 2022-10-05 14:28:31 --> Config file loaded: /hwonpark/www/application/config/tree.php
DEBUG - 2022-10-05 14:28:31 --> Encryption: Auto-configured driver 'openssl'.
DEBUG - 2022-10-05 14:28:32 --> UTF-8 Support Enabled
DEBUG - 2022-10-05 14:28:32 --> Global POST, GET and COOKIE data sanitized
DEBUG - 2022-10-05 14:28:32 --> Config file loaded: /hwonpark/www/application/config/tree.php
DEBUG - 2022-10-05 14:28:32 --> Encryption: Auto-configured driver 'openssl'.
DEBUG - 2022-10-05 14:28:32 --> Total execution time: 0.0452
DEBUG - 2022-10-05 14:30:11 --> UTF-8 Support Enabled
DEBUG - 2022-10-05 14:30:11 --> Global POST, GET and COOKIE data sanitized
DEBUG - 2022-10-05 14:30:11 --> Config file loaded: /hwonpark/www/application/config/tree.php
DEBUG - 2022-10-05 14:30:11 --> Encryption: Auto-configured driver 'openssl'.
DEBUG - 2022-10-05 14:30:11 --> Total execution time: 0.0434
DEBUG - 2022-10-05 14:30:13 --> UTF-8 Support Enabled
DEBUG - 2022-10-05 14:30:13 --> Global POST, GET and COOKIE data sanitized
DEBUG - 2022-10-05 14:30:13 --> Config file loaded: /hwonpark/www/application/config/tree.php
DEBUG - 2022-10-05 14:30:13 --> Encryption: Auto-configured driver 'openssl'.
DEBUG - 2022-10-05 14:30:13 --> Total execution time: 0.0366
DEBUG - 2022-10-05 14:31:00 --> UTF-8 Support Enabled
DEBUG - 2022-10-05 14:31:00 --> Global POST, GET and COOKIE data sanitized
DEBUG - 2022-10-05 14:31:00 --> Config file loaded: /hwonpark/www/application/config/tree.php
DEBUG - 2022-10-05 14:31:00 --> Encryption: Auto-configured driver 'openssl'.
DEBUG - 2022-10-05 14:31:00 --> Total execution time: 0.0488
DEBUG - 2022-10-05 14:31:08 --> UTF-8 Support Enabled
DEBUG - 2022-10-05 14:31:08 --> Global POST, GET and COOKIE data sanitized
DEBUG - 2022-10-05 14:31:08 --> Config file loaded: /hwonpark/www/application/config/tree.php
DEBUG - 2022-10-05 14:31:08 --> Encryption: Auto-configured driver 'openssl'.
DEBUG - 2022-10-05 14:31:08 --> UTF-8 Support Enabled
DEBUG - 2022-10-05 14:31:08 --> Global POST, GET and COOKIE data sanitized
DEBUG - 2022-10-05 14:31:08 --> Config file loaded: /hwonpark/www/application/config/tree.php
DEBUG - 2022-10-05 14:31:08 --> Encryption: Auto-configured driver 'openssl'.
DEBUG - 2022-10-05 14:31:08 --> Encryption class already loaded. Second attempt ignored.
DEBUG - 2022-10-05 14:31:08 --> Total execution time: 0.0363
DEBUG - 2022-10-05 14:31:10 --> UTF-8 Support Enabled
DEBUG - 2022-10-05 14:31:10 --> Global POST, GET and COOKIE data sanitized
DEBUG - 2022-10-05 14:31:10 --> Config file loaded: /hwonpark/www/application/config/tree.php
DEBUG - 2022-10-05 14:31:10 --> Encryption: Auto-configured driver 'openssl'.
DEBUG - 2022-10-05 14:31:10 --> Total execution time: 0.0625
DEBUG - 2022-10-05 14:31:12 --> UTF-8 Support Enabled
DEBUG - 2022-10-05 14:31:12 --> Global POST, GET and COOKIE data sanitized
DEBUG - 2022-10-05 14:31:12 --> Config file loaded: /hwonpark/www/application/config/tree.php
DEBUG - 2022-10-05 14:31:12 --> Encryption: Auto-configured driver 'openssl'.
DEBUG - 2022-10-05 14:31:12 --> Total execution time: 0.0609
DEBUG - 2022-10-05 14:31:13 --> UTF-8 Support Enabled
DEBUG - 2022-10-05 14:31:13 --> Global POST, GET and COOKIE data sanitized
DEBUG - 2022-10-05 14:31:13 --> Config file loaded: /hwonpark/www/application/config/tree.php
DEBUG - 2022-10-05 14:31:13 --> Encryption: Auto-configured driver 'openssl'.
DEBUG - 2022-10-05 14:31:13 --> Total execution time: 0.0347
DEBUG - 2022-10-05 14:31:54 --> UTF-8 Support Enabled
DEBUG - 2022-10-05 14:31:54 --> Global POST, GET and COOKIE data sanitized
DEBUG - 2022-10-05 14:31:54 --> Config file loaded: /hwonpark/www/application/config/tree.php
DEBUG - 2022-10-05 14:31:54 --> Encryption: Auto-configured driver 'openssl'.
DEBUG - 2022-10-05 14:31:55 --> UTF-8 Support Enabled
DEBUG - 2022-10-05 14:31:55 --> Global POST, GET and COOKIE data sanitized
DEBUG - 2022-10-05 14:31:55 --> Config file loaded: /hwonpark/www/application/config/tree.php
DEBUG - 2022-10-05 14:31:55 --> Encryption: Auto-configured driver 'openssl'.
DEBUG - 2022-10-05 14:31:55 --> Total execution time: 0.0355
DEBUG - 2022-10-05 14:32:32 --> UTF-8 Support Enabled
DEBUG - 2022-10-05 14:32:32 --> Global POST, GET and COOKIE data sanitized
DEBUG - 2022-10-05 14:32:32 --> Config file loaded: /hwonpark/www/application/config/tree.php
DEBUG - 2022-10-05 14:32:32 --> Encryption: Auto-configured driver 'openssl'.
DEBUG - 2022-10-05 14:32:32 --> Total execution time: 0.0429
DEBUG - 2022-10-05 14:32:36 --> UTF-8 Support Enabled
DEBUG - 2022-10-05 14:32:36 --> Global POST, GET and COOKIE data sanitized
DEBUG - 2022-10-05 14:32:36 --> Config file loaded: /hwonpark/www/application/config/tree.php
DEBUG - 2022-10-05 14:32:36 --> Encryption: Auto-configured driver 'openssl'.
DEBUG - 2022-10-05 14:32:36 --> Total execution time: 0.0770
DEBUG - 2022-10-05 14:32:39 --> UTF-8 Support Enabled
DEBUG - 2022-10-05 14:32:39 --> Global POST, GET and COOKIE data sanitized
DEBUG - 2022-10-05 14:32:39 --> Config file loaded: /hwonpark/www/application/config/tree.php
DEBUG - 2022-10-05 14:32:39 --> Encryption: Auto-configured driver 'openssl'.
DEBUG - 2022-10-05 14:32:39 --> Total execution time: 0.0318
DEBUG - 2022-10-05 14:33:28 --> UTF-8 Support Enabled
DEBUG - 2022-10-05 14:33:28 --> Global POST, GET and COOKIE data sanitized
DEBUG - 2022-10-05 14:33:28 --> Config file loaded: /hwonpark/www/application/config/tree.php
DEBUG - 2022-10-05 14:33:28 --> Encryption: Auto-configured driver 'openssl'.
DEBUG - 2022-10-05 14:33:29 --> UTF-8 Support Enabled
DEBUG - 2022-10-05 14:33:29 --> Global POST, GET and COOKIE data sanitized
DEBUG - 2022-10-05 14:33:29 --> Config file loaded: /hwonpark/www/application/config/tree.php
DEBUG - 2022-10-05 14:33:29 --> Encryption: Auto-configured driver 'openssl'.
DEBUG - 2022-10-05 14:33:29 --> Total execution time: 0.0368
DEBUG - 2022-10-05 14:34:32 --> UTF-8 Support Enabled
DEBUG - 2022-10-05 14:34:32 --> Global POST, GET and COOKIE data sanitized
DEBUG - 2022-10-05 14:34:32 --> Config file loaded: /hwonpark/www/application/config/tree.php
DEBUG - 2022-10-05 14:34:32 --> Encryption: Auto-configured driver 'openssl'.
DEBUG - 2022-10-05 14:34:32 --> Total execution time: 0.0457
DEBUG - 2022-10-05 14:35:44 --> UTF-8 Support Enabled
DEBUG - 2022-10-05 14:35:44 --> Global POST, GET and COOKIE data sanitized
DEBUG - 2022-10-05 14:35:44 --> Config file loaded: /hwonpark/www/application/config/tree.php
DEBUG - 2022-10-05 14:35:44 --> Encryption: Auto-configured driver 'openssl'.
DEBUG - 2022-10-05 14:35:44 --> Total execution time: 0.0435
DEBUG - 2022-10-05 14:35:56 --> UTF-8 Support Enabled
DEBUG - 2022-10-05 14:35:56 --> Global POST, GET and COOKIE data sanitized
DEBUG - 2022-10-05 14:35:56 --> Config file loaded: /hwonpark/www/application/config/tree.php
DEBUG - 2022-10-05 14:35:56 --> Encryption: Auto-configured driver 'openssl'.
DEBUG - 2022-10-05 14:35:56 --> Total execution time: 0.0350
DEBUG - 2022-10-05 14:37:29 --> UTF-8 Support Enabled
DEBUG - 2022-10-05 14:37:29 --> Global POST, GET and COOKIE data sanitized
DEBUG - 2022-10-05 14:37:29 --> Config file loaded: /hwonpark/www/application/config/tree.php
DEBUG - 2022-10-05 14:37:29 --> Encryption: Auto-configured driver 'openssl'.
DEBUG - 2022-10-05 14:37:29 --> Total execution time: 0.0487
DEBUG - 2022-10-05 14:41:48 --> UTF-8 Support Enabled
DEBUG - 2022-10-05 14:41:48 --> No URI present. Default controller set.
DEBUG - 2022-10-05 14:41:48 --> Global POST, GET and COOKIE data sanitized
DEBUG - 2022-10-05 14:41:48 --> Config file loaded: /hwonpark/www/application/config/tree.php
DEBUG - 2022-10-05 14:41:48 --> Encryption: Auto-configured driver 'openssl'.
DEBUG - 2022-10-05 14:41:48 --> Total execution time: 0.0828
DEBUG - 2022-10-05 14:41:56 --> UTF-8 Support Enabled
DEBUG - 2022-10-05 14:41:56 --> No URI present. Default controller set.
DEBUG - 2022-10-05 14:41:56 --> Global POST, GET and COOKIE data sanitized
DEBUG - 2022-10-05 14:41:56 --> Config file loaded: /hwonpark/www/application/config/tree.php
DEBUG - 2022-10-05 14:41:56 --> Encryption: Auto-configured driver 'openssl'.
DEBUG - 2022-10-05 14:41:56 --> Total execution time: 0.0439
DEBUG - 2022-10-05 14:46:55 --> UTF-8 Support Enabled
DEBUG - 2022-10-05 14:46:55 --> No URI present. Default controller set.
DEBUG - 2022-10-05 14:46:55 --> Global POST, GET and COOKIE data sanitized
DEBUG - 2022-10-05 14:46:55 --> Config file loaded: /hwonpark/www/application/config/tree.php
DEBUG - 2022-10-05 14:46:55 --> Total execution time: 0.0356
DEBUG - 2022-10-05 14:46:59 --> UTF-8 Support Enabled
DEBUG - 2022-10-05 14:46:59 --> Global POST, GET and COOKIE data sanitized
ERROR - 2022-10-05 14:46:59 --> 404 Page Not Found: Faviconico/index
DEBUG - 2022-10-05 14:57:32 --> UTF-8 Support Enabled
DEBUG - 2022-10-05 14:57:32 --> No URI present. Default controller set.
DEBUG - 2022-10-05 14:57:32 --> Global POST, GET and COOKIE data sanitized
DEBUG - 2022-10-05 14:57:32 --> Config file loaded: /hwonpark/www/application/config/tree.php
DEBUG - 2022-10-05 14:57:32 --> Total execution time: 0.0313
DEBUG - 2022-10-05 14:57:33 --> UTF-8 Support Enabled
DEBUG - 2022-10-05 14:57:33 --> Global POST, GET and COOKIE data sanitized
ERROR - 2022-10-05 14:57:33 --> 404 Page Not Found: Faviconico/index
DEBUG - 2022-10-05 14:57:35 --> UTF-8 Support Enabled
DEBUG - 2022-10-05 14:57:35 --> Global POST, GET and COOKIE data sanitized
DEBUG - 2022-10-05 14:57:35 --> Config file loaded: /hwonpark/www/application/config/tree.php
DEBUG - 2022-10-05 14:57:35 --> --------------------DC_common::chk_perm - 1.인가코드요청 시작 -> if 인앱브라우저
DEBUG - 2022-10-05 14:57:35 --> UTF-8 Support Enabled
DEBUG - 2022-10-05 14:57:35 --> Global POST, GET and COOKIE data sanitized
DEBUG - 2022-10-05 14:57:35 --> Config file loaded: /hwonpark/www/application/config/tree.php
DEBUG - 2022-10-05 14:57:35 --> =================== DL_auth-> oauth::CALLBACK - 시작
DEBUG - 2022-10-05 14:57:35 --> =================== DL_auth-> oauth::CALLBACK - kakao param=:: error=
DEBUG - 2022-10-05 14:57:35 --> =================== DL_auth-> oauth::CALLBACK - kakao param=:: state=/ko/brief/view?idx=31
DEBUG - 2022-10-05 14:57:35 --> =================== DL_auth-> oauth::CALLBACK - kakao param=:: code=sbC9oGAcbPaGddIjDVVxfX0k8e9YDrAjOp0hEhYHWjICByKDxoCA8ET44r3ozWoITybP7Ao9c-sAAAGDpriLtw
DEBUG - 2022-10-05 14:57:35 --> =================== DL_auth -> kakao oauth :2: code=sbC9oGAcbPaGddIjDVVxfX0k8e9YDrAjOp0hEhYHWjICByKDxoCA8ET44r3ozWoITybP7Ao9c-sAAAGDpriLtw
DEBUG - 2022-10-05 14:57:35 --> ====================Dl_auth -> kakao_login :: 시작
DEBUG - 2022-10-05 14:57:35 --> --------------------Dl_auth::kakao_login - 1.토큰요청 시작
DEBUG - 2022-10-05 14:57:35 --> Dl_auth::kakao_login - get_token 시작 n=2
DEBUG - 2022-10-05 14:57:35 --> --------------------Dl_auth::kakao_login - 1.2.토큰요청 시작 -> 기타브라우저
DEBUG - 2022-10-05 14:57:35 --> --------------------Dl_auth::kakao_login - 1.3.토큰요청
DEBUG - 2022-10-05 14:57:35 --> --------------------Dl_auth::kakao_login - 1.4.토큰요청 -> 성공
DEBUG - 2022-10-05 14:57:36 --> UTF-8 Support Enabled
DEBUG - 2022-10-05 14:57:36 --> Global POST, GET and COOKIE data sanitized
DEBUG - 2022-10-05 14:57:36 --> Config file loaded: /hwonpark/www/application/config/tree.php
DEBUG - 2022-10-05 14:57:36 --> =================== DL_auth-> oauth::CALLBACK - 시작
DEBUG - 2022-10-05 14:57:36 --> =================== DL_auth-> oauth::CALLBACK - kakao param=:: error=
DEBUG - 2022-10-05 14:57:36 --> =================== DL_auth-> oauth::CALLBACK - kakao param=:: state=/ko/brief/view?idx=31
DEBUG - 2022-10-05 14:57:36 --> =================== DL_auth-> oauth::CALLBACK - kakao param=:: code=sbC9oGAcbPaGddIjDVVxfX0k8e9YDrAjOp0hEhYHWjICByKDxoCA8ET44r3ozWoITybP7Ao9c-sAAAGDpriLtw
DEBUG - 2022-10-05 14:57:36 --> =================== DL_auth -> kakao oauth :2: code=sbC9oGAcbPaGddIjDVVxfX0k8e9YDrAjOp0hEhYHWjICByKDxoCA8ET44r3ozWoITybP7Ao9c-sAAAGDpriLtw
DEBUG - 2022-10-05 14:57:36 --> ====================Dl_auth -> kakao_login :: 시작
DEBUG - 2022-10-05 14:57:36 --> ====================Dl_auth::kakao_login - 1.3.5- 사이트 회원정보 업데이트 성공(카카오 인증 완료) state=/ko/brief/view?idx=31
DEBUG - 2022-10-05 14:57:36 --> UTF-8 Support Enabled
DEBUG - 2022-10-05 14:57:36 --> Global POST, GET and COOKIE data sanitized
DEBUG - 2022-10-05 14:57:36 --> Config file loaded: /hwonpark/www/application/config/tree.php
DEBUG - 2022-10-05 14:57:36 --> Encryption: Auto-configured driver 'openssl'.
DEBUG - 2022-10-05 14:57:36 --> --------------------DC_common::chk_perm - 1.인가코드요청 시작 -> if 인앱브라우저
DEBUG - 2022-10-05 14:57:36 --> Total execution time: 0.0536
DEBUG - 2022-10-05 15:14:36 --> UTF-8 Support Enabled
DEBUG - 2022-10-05 15:14:36 --> Global POST, GET and COOKIE data sanitized
DEBUG - 2022-10-05 15:14:36 --> Config file loaded: /hwonpark/www/application/config/tree.php
DEBUG - 2022-10-05 15:14:36 --> Total execution time: 0.0329
DEBUG - 2022-10-05 15:14:41 --> UTF-8 Support Enabled
DEBUG - 2022-10-05 15:14:41 --> Global POST, GET and COOKIE data sanitized
DEBUG - 2022-10-05 15:14:41 --> Config file loaded: /hwonpark/www/application/config/tree.php
DEBUG - 2022-10-05 15:14:42 --> UTF-8 Support Enabled
DEBUG - 2022-10-05 15:14:42 --> Global POST, GET and COOKIE data sanitized
DEBUG - 2022-10-05 15:14:42 --> Config file loaded: /hwonpark/www/application/config/tree.php
DEBUG - 2022-10-05 15:14:42 --> Total execution time: 0.0263
DEBUG - 2022-10-05 15:14:49 --> UTF-8 Support Enabled
DEBUG - 2022-10-05 15:14:49 --> Global POST, GET and COOKIE data sanitized
DEBUG - 2022-10-05 15:14:49 --> Config file loaded: /hwonpark/www/application/config/tree.php
DEBUG - 2022-10-05 15:14:50 --> UTF-8 Support Enabled
DEBUG - 2022-10-05 15:14:50 --> Global POST, GET and COOKIE data sanitized
DEBUG - 2022-10-05 15:14:50 --> Config file loaded: /hwonpark/www/application/config/tree.php
DEBUG - 2022-10-05 15:14:50 --> Encryption: Auto-configured driver 'openssl'.
DEBUG - 2022-10-05 15:14:50 --> UTF-8 Support Enabled
DEBUG - 2022-10-05 15:14:50 --> Global POST, GET and COOKIE data sanitized
DEBUG - 2022-10-05 15:14:50 --> Config file loaded: /hwonpark/www/application/config/tree.php
DEBUG - 2022-10-05 15:14:50 --> Encryption: Auto-configured driver 'openssl'.
DEBUG - 2022-10-05 15:14:50 --> Encryption class already loaded. Second attempt ignored.
DEBUG - 2022-10-05 15:14:50 --> Total execution time: 0.0420
DEBUG - 2022-10-05 15:14:51 --> UTF-8 Support Enabled
DEBUG - 2022-10-05 15:14:51 --> Global POST, GET and COOKIE data sanitized
DEBUG - 2022-10-05 15:14:52 --> Config file loaded: /hwonpark/www/application/config/tree.php
DEBUG - 2022-10-05 15:14:52 --> Encryption: Auto-configured driver 'openssl'.
DEBUG - 2022-10-05 15:14:52 --> Total execution time: 0.0495
DEBUG - 2022-10-05 15:14:55 --> UTF-8 Support Enabled
DEBUG - 2022-10-05 15:14:55 --> Global POST, GET and COOKIE data sanitized
DEBUG - 2022-10-05 15:14:55 --> Config file loaded: /hwonpark/www/application/config/tree.php
DEBUG - 2022-10-05 15:14:55 --> Encryption: Auto-configured driver 'openssl'.
DEBUG - 2022-10-05 15:14:55 --> UTF-8 Support Enabled
DEBUG - 2022-10-05 15:14:55 --> Global POST, GET and COOKIE data sanitized
DEBUG - 2022-10-05 15:14:55 --> Config file loaded: /hwonpark/www/application/config/tree.php
DEBUG - 2022-10-05 15:14:55 --> Encryption: Auto-configured driver 'openssl'.
DEBUG - 2022-10-05 15:14:55 --> Encryption class already loaded. Second attempt ignored.
DEBUG - 2022-10-05 15:14:55 --> Total execution time: 0.0384
DEBUG - 2022-10-05 15:14:56 --> UTF-8 Support Enabled
DEBUG - 2022-10-05 15:14:56 --> Global POST, GET and COOKIE data sanitized
DEBUG - 2022-10-05 15:14:56 --> Config file loaded: /hwonpark/www/application/config/tree.php
DEBUG - 2022-10-05 15:14:56 --> Encryption: Auto-configured driver 'openssl'.
DEBUG - 2022-10-05 15:14:56 --> Total execution time: 0.0477
DEBUG - 2022-10-05 15:14:57 --> UTF-8 Support Enabled
DEBUG - 2022-10-05 15:14:57 --> Global POST, GET and COOKIE data sanitized
DEBUG - 2022-10-05 15:14:57 --> Config file loaded: /hwonpark/www/application/config/tree.php
DEBUG - 2022-10-05 15:14:57 --> Encryption: Auto-configured driver 'openssl'.
DEBUG - 2022-10-05 15:14:57 --> Total execution time: 0.0697
DEBUG - 2022-10-05 15:14:59 --> UTF-8 Support Enabled
DEBUG - 2022-10-05 15:14:59 --> Global POST, GET and COOKIE data sanitized
DEBUG - 2022-10-05 15:14:59 --> Config file loaded: /hwonpark/www/application/config/tree.php
DEBUG - 2022-10-05 15:14:59 --> Encryption: Auto-configured driver 'openssl'.
DEBUG - 2022-10-05 15:14:59 --> Total execution time: 0.0355
DEBUG - 2022-10-05 15:15:55 --> UTF-8 Support Enabled
DEBUG - 2022-10-05 15:15:55 --> Global POST, GET and COOKIE data sanitized
DEBUG - 2022-10-05 15:15:55 --> Config file loaded: /hwonpark/www/application/config/tree.php
DEBUG - 2022-10-05 15:15:55 --> Encryption: Auto-configured driver 'openssl'.
DEBUG - 2022-10-05 15:15:57 --> UTF-8 Support Enabled
DEBUG - 2022-10-05 15:15:57 --> Global POST, GET and COOKIE data sanitized
DEBUG - 2022-10-05 15:15:57 --> Config file loaded: /hwonpark/www/application/config/tree.php
DEBUG - 2022-10-05 15:15:57 --> Encryption: Auto-configured driver 'openssl'.
DEBUG - 2022-10-05 15:15:57 --> Total execution time: 0.0401
DEBUG - 2022-10-05 15:17:11 --> UTF-8 Support Enabled
DEBUG - 2022-10-05 15:17:11 --> Global POST, GET and COOKIE data sanitized
DEBUG - 2022-10-05 15:17:11 --> Config file loaded: /hwonpark/www/application/config/tree.php
DEBUG - 2022-10-05 15:17:11 --> Encryption: Auto-configured driver 'openssl'.
DEBUG - 2022-10-05 15:17:11 --> Total execution time: 0.0728
DEBUG - 2022-10-05 15:17:15 --> UTF-8 Support Enabled
DEBUG - 2022-10-05 15:17:15 --> Global POST, GET and COOKIE data sanitized
DEBUG - 2022-10-05 15:17:15 --> Config file loaded: /hwonpark/www/application/config/tree.php
DEBUG - 2022-10-05 15:17:15 --> Encryption: Auto-configured driver 'openssl'.
DEBUG - 2022-10-05 15:17:15 --> Total execution time: 0.0860
DEBUG - 2022-10-05 15:55:07 --> UTF-8 Support Enabled
DEBUG - 2022-10-05 15:55:07 --> No URI present. Default controller set.
DEBUG - 2022-10-05 15:55:07 --> Global POST, GET and COOKIE data sanitized
DEBUG - 2022-10-05 15:55:07 --> Config file loaded: /hwonpark/www/application/config/tree.php
DEBUG - 2022-10-05 15:55:07 --> Total execution time: 0.0332
DEBUG - 2022-10-05 15:55:08 --> UTF-8 Support Enabled
DEBUG - 2022-10-05 15:55:08 --> Global POST, GET and COOKIE data sanitized
ERROR - 2022-10-05 15:55:08 --> 404 Page Not Found: Faviconico/index
DEBUG - 2022-10-05 15:55:10 --> UTF-8 Support Enabled
DEBUG - 2022-10-05 15:55:10 --> Global POST, GET and COOKIE data sanitized
DEBUG - 2022-10-05 15:55:10 --> Config file loaded: /hwonpark/www/application/config/tree.php
DEBUG - 2022-10-05 15:55:10 --> --------------------DC_common::chk_perm - 1.인가코드요청 시작 -> if 인앱브라우저
DEBUG - 2022-10-05 15:55:11 --> UTF-8 Support Enabled
DEBUG - 2022-10-05 15:55:11 --> Global POST, GET and COOKIE data sanitized
DEBUG - 2022-10-05 15:55:11 --> Config file loaded: /hwonpark/www/application/config/tree.php
DEBUG - 2022-10-05 15:55:11 --> =================== DL_auth-> oauth::CALLBACK - 시작
DEBUG - 2022-10-05 15:55:11 --> =================== DL_auth-> oauth::CALLBACK - kakao param=:: error=
DEBUG - 2022-10-05 15:55:11 --> =================== DL_auth-> oauth::CALLBACK - kakao param=:: state=/ko/brief/view?idx=31
DEBUG - 2022-10-05 15:55:11 --> =================== DL_auth-> oauth::CALLBACK - kakao param=:: code=Du60EQfKHLnWO6IendKj6x_eAn5ywGKg77nTSkbcuFWwpTpBBZgwujhIkktktXN_7wg2zwopcNEAAAGDpu1FMA
DEBUG - 2022-10-05 15:55:11 --> =================== DL_auth -> kakao oauth :2: code=Du60EQfKHLnWO6IendKj6x_eAn5ywGKg77nTSkbcuFWwpTpBBZgwujhIkktktXN_7wg2zwopcNEAAAGDpu1FMA
DEBUG - 2022-10-05 15:55:11 --> ====================Dl_auth -> kakao_login :: 시작
DEBUG - 2022-10-05 15:55:11 --> --------------------Dl_auth::kakao_login - 1.토큰요청 시작
DEBUG - 2022-10-05 15:55:11 --> Dl_auth::kakao_login - get_token 시작 n=2
DEBUG - 2022-10-05 15:55:11 --> --------------------Dl_auth::kakao_login - 1.2.토큰요청 시작 -> 기타브라우저
DEBUG - 2022-10-05 15:55:11 --> --------------------Dl_auth::kakao_login - 1.3.토큰요청
DEBUG - 2022-10-05 15:55:11 --> --------------------Dl_auth::kakao_login - 1.4.토큰요청 -> 성공
DEBUG - 2022-10-05 15:55:11 --> UTF-8 Support Enabled
DEBUG - 2022-10-05 15:55:11 --> Global POST, GET and COOKIE data sanitized
DEBUG - 2022-10-05 15:55:11 --> Config file loaded: /hwonpark/www/application/config/tree.php
DEBUG - 2022-10-05 15:55:11 --> =================== DL_auth-> oauth::CALLBACK - 시작
DEBUG - 2022-10-05 15:55:11 --> =================== DL_auth-> oauth::CALLBACK - kakao param=:: error=
DEBUG - 2022-10-05 15:55:11 --> =================== DL_auth-> oauth::CALLBACK - kakao param=:: state=/ko/brief/view?idx=31
DEBUG - 2022-10-05 15:55:11 --> =================== DL_auth-> oauth::CALLBACK - kakao param=:: code=Du60EQfKHLnWO6IendKj6x_eAn5ywGKg77nTSkbcuFWwpTpBBZgwujhIkktktXN_7wg2zwopcNEAAAGDpu1FMA
DEBUG - 2022-10-05 15:55:11 --> =================== DL_auth -> kakao oauth :2: code=Du60EQfKHLnWO6IendKj6x_eAn5ywGKg77nTSkbcuFWwpTpBBZgwujhIkktktXN_7wg2zwopcNEAAAGDpu1FMA
DEBUG - 2022-10-05 15:55:11 --> ====================Dl_auth -> kakao_login :: 시작
DEBUG - 2022-10-05 15:55:11 --> ====================Dl_auth::kakao_login - 1.3.5- 사이트 회원정보 업데이트 성공(카카오 인증 완료) state=/ko/brief/view?idx=31
DEBUG - 2022-10-05 15:55:11 --> UTF-8 Support Enabled
DEBUG - 2022-10-05 15:55:11 --> Global POST, GET and COOKIE data sanitized
DEBUG - 2022-10-05 15:55:11 --> Config file loaded: /hwonpark/www/application/config/tree.php
DEBUG - 2022-10-05 15:55:11 --> Encryption: Auto-configured driver 'openssl'.
DEBUG - 2022-10-05 15:55:11 --> --------------------DC_common::chk_perm - 1.인가코드요청 시작 -> if 인앱브라우저
DEBUG - 2022-10-05 15:55:11 --> Total execution time: 0.0544
DEBUG - 2022-10-05 15:55:49 --> UTF-8 Support Enabled
DEBUG - 2022-10-05 15:55:49 --> Global POST, GET and COOKIE data sanitized
DEBUG - 2022-10-05 15:55:49 --> Config file loaded: /hwonpark/www/application/config/tree.php
DEBUG - 2022-10-05 15:55:49 --> Total execution time: 0.0419
DEBUG - 2022-10-05 16:14:05 --> UTF-8 Support Enabled
DEBUG - 2022-10-05 16:14:05 --> No URI present. Default controller set.
DEBUG - 2022-10-05 16:14:05 --> Global POST, GET and COOKIE data sanitized
DEBUG - 2022-10-05 16:14:05 --> Config file loaded: /hwonpark/www/application/config/tree.php
DEBUG - 2022-10-05 16:14:05 --> Total execution time: 0.0303
DEBUG - 2022-10-05 16:14:10 --> UTF-8 Support Enabled
DEBUG - 2022-10-05 16:14:10 --> Global POST, GET and COOKIE data sanitized
ERROR - 2022-10-05 16:14:10 --> 404 Page Not Found: Faviconico/index
DEBUG - 2022-10-05 16:14:11 --> UTF-8 Support Enabled
DEBUG - 2022-10-05 16:14:11 --> Global POST, GET and COOKIE data sanitized
DEBUG - 2022-10-05 16:14:11 --> Config file loaded: /hwonpark/www/application/config/tree.php
DEBUG - 2022-10-05 16:14:11 --> Total execution time: 0.0399
DEBUG - 2022-10-05 16:14:15 --> UTF-8 Support Enabled
DEBUG - 2022-10-05 16:14:15 --> Global POST, GET and COOKIE data sanitized
DEBUG - 2022-10-05 16:14:15 --> Config file loaded: /hwonpark/www/application/config/tree.php
DEBUG - 2022-10-05 16:14:15 --> Total execution time: 0.0447
DEBUG - 2022-10-05 16:14:30 --> UTF-8 Support Enabled
DEBUG - 2022-10-05 16:14:30 --> Global POST, GET and COOKIE data sanitized
DEBUG - 2022-10-05 16:14:30 --> Config file loaded: /hwonpark/www/application/config/tree.php
DEBUG - 2022-10-05 16:14:30 --> =================== DL_auth-> oauth::CALLBACK - 시작
DEBUG - 2022-10-05 16:14:30 --> =================== DL_auth-> oauth::CALLBACK - kakao param=:: error=
DEBUG - 2022-10-05 16:14:30 --> =================== DL_auth-> oauth::CALLBACK - kakao param=:: state=
DEBUG - 2022-10-05 16:14:30 --> =================== DL_auth-> oauth::CALLBACK - kakao param=:: code=qVuxRI9uPhODwwrdvUvTvA7VstPsInB16wZLfll7rpSr-UlKD9pDsg9wVnd4DQ61xeIPVQo9c5sAAAGDpv73eg
DEBUG - 2022-10-05 16:14:30 --> =================== DL_auth -> kakao oauth :2: code=qVuxRI9uPhODwwrdvUvTvA7VstPsInB16wZLfll7rpSr-UlKD9pDsg9wVnd4DQ61xeIPVQo9c5sAAAGDpv73eg
DEBUG - 2022-10-05 16:14:30 --> ====================Dl_auth -> kakao_login :: 시작
DEBUG - 2022-10-05 16:14:30 --> --------------------Dl_auth::kakao_login - 1.토큰요청 시작
DEBUG - 2022-10-05 16:14:30 --> Dl_auth::kakao_login - get_token 시작 n=2
DEBUG - 2022-10-05 16:14:30 --> --------------------Dl_auth::kakao_login - 1.2.토큰요청 시작 -> 기타브라우저
DEBUG - 2022-10-05 16:14:30 --> --------------------Dl_auth::kakao_login - 1.3.토큰요청
DEBUG - 2022-10-05 16:14:31 --> --------------------Dl_auth::kakao_login - 1.4.토큰요청 -> 성공
DEBUG - 2022-10-05 16:14:31 --> UTF-8 Support Enabled
DEBUG - 2022-10-05 16:14:31 --> Global POST, GET and COOKIE data sanitized
DEBUG - 2022-10-05 16:14:31 --> Config file loaded: /hwonpark/www/application/config/tree.php
DEBUG - 2022-10-05 16:14:31 --> =================== DL_auth-> oauth::CALLBACK - 시작
DEBUG - 2022-10-05 16:14:31 --> =================== DL_auth-> oauth::CALLBACK - kakao param=:: error=
DEBUG - 2022-10-05 16:14:31 --> =================== DL_auth-> oauth::CALLBACK - kakao param=:: state=
DEBUG - 2022-10-05 16:14:31 --> =================== DL_auth-> oauth::CALLBACK - kakao param=:: code=qVuxRI9uPhODwwrdvUvTvA7VstPsInB16wZLfll7rpSr-UlKD9pDsg9wVnd4DQ61xeIPVQo9c5sAAAGDpv73eg
DEBUG - 2022-10-05 16:14:31 --> =================== DL_auth -> kakao oauth :2: code=qVuxRI9uPhODwwrdvUvTvA7VstPsInB16wZLfll7rpSr-UlKD9pDsg9wVnd4DQ61xeIPVQo9c5sAAAGDpv73eg
DEBUG - 2022-10-05 16:14:31 --> ====================Dl_auth -> kakao_login :: 시작
DEBUG - 2022-10-05 16:14:31 --> ====================Dl_auth::kakao_login - 1.3.5- 사이트 회원정보 업데이트 성공(카카오 인증 완료) state=
DEBUG - 2022-10-05 16:14:34 --> UTF-8 Support Enabled
DEBUG - 2022-10-05 16:14:34 --> Global POST, GET and COOKIE data sanitized
DEBUG - 2022-10-05 16:14:34 --> Config file loaded: /hwonpark/www/application/config/tree.php
DEBUG - 2022-10-05 16:14:34 --> Encryption: Auto-configured driver 'openssl'.
DEBUG - 2022-10-05 16:14:34 --> Total execution time: 0.0361
DEBUG - 2022-10-05 16:18:38 --> UTF-8 Support Enabled
DEBUG - 2022-10-05 16:18:38 --> Global POST, GET and COOKIE data sanitized
DEBUG - 2022-10-05 16:18:38 --> Config file loaded: /hwonpark/www/application/config/tree.php
DEBUG - 2022-10-05 16:18:38 --> Encryption: Auto-configured driver 'openssl'.
DEBUG - 2022-10-05 16:18:38 --> Total execution time: 0.0406
DEBUG - 2022-10-05 16:18:40 --> UTF-8 Support Enabled
DEBUG - 2022-10-05 16:18:40 --> No URI present. Default controller set.
DEBUG - 2022-10-05 16:18:40 --> Global POST, GET and COOKIE data sanitized
DEBUG - 2022-10-05 16:18:40 --> Config file loaded: /hwonpark/www/application/config/tree.php
DEBUG - 2022-10-05 16:18:40 --> Encryption: Auto-configured driver 'openssl'.
DEBUG - 2022-10-05 16:18:40 --> Total execution time: 0.0326
DEBUG - 2022-10-05 16:18:44 --> UTF-8 Support Enabled
DEBUG - 2022-10-05 16:18:44 --> Global POST, GET and COOKIE data sanitized
DEBUG - 2022-10-05 16:18:44 --> Config file loaded: /hwonpark/www/application/config/tree.php
DEBUG - 2022-10-05 16:18:44 --> Encryption: Auto-configured driver 'openssl'.
DEBUG - 2022-10-05 16:18:44 --> Total execution time: 0.0441
DEBUG - 2022-10-05 16:20:30 --> UTF-8 Support Enabled
DEBUG - 2022-10-05 16:20:30 --> No URI present. Default controller set.
DEBUG - 2022-10-05 16:20:30 --> Global POST, GET and COOKIE data sanitized
DEBUG - 2022-10-05 16:20:30 --> Config file loaded: /hwonpark/www/application/config/tree.php
DEBUG - 2022-10-05 16:20:30 --> Total execution time: 0.0300
DEBUG - 2022-10-05 17:38:43 --> UTF-8 Support Enabled
DEBUG - 2022-10-05 17:38:43 --> Global POST, GET and COOKIE data sanitized
DEBUG - 2022-10-05 17:38:43 --> Config file loaded: /hwonpark/www/application/config/tree.php
DEBUG - 2022-10-05 17:38:43 --> Total execution time: 0.0569
DEBUG - 2022-10-05 17:38:47 --> UTF-8 Support Enabled
DEBUG - 2022-10-05 17:38:47 --> Global POST, GET and COOKIE data sanitized
DEBUG - 2022-10-05 17:38:47 --> Config file loaded: /hwonpark/www/application/config/tree.php
DEBUG - 2022-10-05 17:38:47 --> Total execution time: 0.0398
DEBUG - 2022-10-05 17:38:50 --> UTF-8 Support Enabled
DEBUG - 2022-10-05 17:38:50 --> Global POST, GET and COOKIE data sanitized
DEBUG - 2022-10-05 17:38:50 --> Config file loaded: /hwonpark/www/application/config/tree.php
DEBUG - 2022-10-05 17:38:50 --> Total execution time: 0.0675
DEBUG - 2022-10-05 17:38:56 --> UTF-8 Support Enabled
DEBUG - 2022-10-05 17:38:56 --> Global POST, GET and COOKIE data sanitized
DEBUG - 2022-10-05 17:38:56 --> Config file loaded: /hwonpark/www/application/config/tree.php
DEBUG - 2022-10-05 17:38:56 --> Total execution time: 0.0643
DEBUG - 2022-10-05 17:39:13 --> UTF-8 Support Enabled
DEBUG - 2022-10-05 17:39:13 --> Global POST, GET and COOKIE data sanitized
DEBUG - 2022-10-05 17:39:13 --> Config file loaded: /hwonpark/www/application/config/tree.php
DEBUG - 2022-10-05 17:39:13 --> Total execution time: 0.0561
DEBUG - 2022-10-05 17:39:16 --> UTF-8 Support Enabled
DEBUG - 2022-10-05 17:39:16 --> Global POST, GET and COOKIE data sanitized
DEBUG - 2022-10-05 17:39:16 --> Config file loaded: /hwonpark/www/application/config/tree.php
DEBUG - 2022-10-05 17:39:16 --> =================== DL_auth-> oauth::CALLBACK - 시작
DEBUG - 2022-10-05 17:39:16 --> =================== DL_auth-> oauth::CALLBACK - kakao param=:: error=
DEBUG - 2022-10-05 17:39:16 --> =================== DL_auth-> oauth::CALLBACK - kakao param=:: state=
DEBUG - 2022-10-05 17:39:16 --> =================== DL_auth-> oauth::CALLBACK - kakao param=:: code=r2XFc-HEEL-OIEI9o4JD_udygR4xd6FeBqMKrxuIW84vhwxSaCoEFscMqc2i8K0aIfiNxQorDR8AAAGDp0yOeQ
DEBUG - 2022-10-05 17:39:16 --> =================== DL_auth -> kakao oauth :2: code=r2XFc-HEEL-OIEI9o4JD_udygR4xd6FeBqMKrxuIW84vhwxSaCoEFscMqc2i8K0aIfiNxQorDR8AAAGDp0yOeQ
DEBUG - 2022-10-05 17:39:16 --> ====================Dl_auth -> kakao_login :: 시작
DEBUG - 2022-10-05 17:39:16 --> --------------------Dl_auth::kakao_login - 1.토큰요청 시작
DEBUG - 2022-10-05 17:39:16 --> Dl_auth::kakao_login - get_token 시작 n=2
DEBUG - 2022-10-05 17:39:16 --> --------------------Dl_auth::kakao_login - 1.2.토큰요청 시작 -> 기타브라우저
DEBUG - 2022-10-05 17:39:16 --> --------------------Dl_auth::kakao_login - 1.3.토큰요청
DEBUG - 2022-10-05 17:39:16 --> --------------------Dl_auth::kakao_login - 1.4.토큰요청 -> 성공
DEBUG - 2022-10-05 17:39:16 --> UTF-8 Support Enabled
DEBUG - 2022-10-05 17:39:16 --> Global POST, GET and COOKIE data sanitized
DEBUG - 2022-10-05 17:39:16 --> Config file loaded: /hwonpark/www/application/config/tree.php
DEBUG - 2022-10-05 17:39:16 --> =================== DL_auth-> oauth::CALLBACK - 시작
DEBUG - 2022-10-05 17:39:16 --> =================== DL_auth-> oauth::CALLBACK - kakao param=:: error=
DEBUG - 2022-10-05 17:39:16 --> =================== DL_auth-> oauth::CALLBACK - kakao param=:: state=
DEBUG - 2022-10-05 17:39:16 --> =================== DL_auth-> oauth::CALLBACK - kakao param=:: code=r2XFc-HEEL-OIEI9o4JD_udygR4xd6FeBqMKrxuIW84vhwxSaCoEFscMqc2i8K0aIfiNxQorDR8AAAGDp0yOeQ
DEBUG - 2022-10-05 17:39:16 --> =================== DL_auth -> kakao oauth :2: code=r2XFc-HEEL-OIEI9o4JD_udygR4xd6FeBqMKrxuIW84vhwxSaCoEFscMqc2i8K0aIfiNxQorDR8AAAGDp0yOeQ
DEBUG - 2022-10-05 17:39:16 --> ====================Dl_auth -> kakao_login :: 시작
DEBUG - 2022-10-05 17:39:16 --> ====================Dl_auth::kakao_login - 1.3.5- 사이트 회원정보 업데이트 성공(카카오 인증 완료) state=
DEBUG - 2022-10-05 17:39:17 --> UTF-8 Support Enabled
DEBUG - 2022-10-05 17:39:17 --> Global POST, GET and COOKIE data sanitized
DEBUG - 2022-10-05 17:39:17 --> Config file loaded: /hwonpark/www/application/config/tree.php
DEBUG - 2022-10-05 17:39:17 --> Encryption: Auto-configured driver 'openssl'.
DEBUG - 2022-10-05 17:39:17 --> Total execution time: 0.0707
DEBUG - 2022-10-05 17:39:21 --> UTF-8 Support Enabled
DEBUG - 2022-10-05 17:39:21 --> Global POST, GET and COOKIE data sanitized
DEBUG - 2022-10-05 17:39:21 --> Config file loaded: /hwonpark/www/application/config/tree.php
DEBUG - 2022-10-05 17:39:21 --> Encryption: Auto-configured driver 'openssl'.
DEBUG - 2022-10-05 17:39:21 --> Total execution time: 0.0367
DEBUG - 2022-10-05 17:39:33 --> UTF-8 Support Enabled
DEBUG - 2022-10-05 17:39:33 --> Global POST, GET and COOKIE data sanitized
DEBUG - 2022-10-05 17:39:33 --> Config file loaded: /hwonpark/www/application/config/tree.php
DEBUG - 2022-10-05 17:39:33 --> Encryption: Auto-configured driver 'openssl'.
DEBUG - 2022-10-05 17:39:33 --> Total execution time: 0.0592
DEBUG - 2022-10-05 17:39:35 --> UTF-8 Support Enabled
DEBUG - 2022-10-05 17:39:35 --> Global POST, GET and COOKIE data sanitized
DEBUG - 2022-10-05 17:39:35 --> Config file loaded: /hwonpark/www/application/config/tree.php
DEBUG - 2022-10-05 17:39:35 --> Encryption: Auto-configured driver 'openssl'.
DEBUG - 2022-10-05 17:39:35 --> Total execution time: 0.1032
DEBUG - 2022-10-05 17:39:48 --> UTF-8 Support Enabled
DEBUG - 2022-10-05 17:39:48 --> Global POST, GET and COOKIE data sanitized
DEBUG - 2022-10-05 17:39:48 --> Config file loaded: /hwonpark/www/application/config/tree.php
DEBUG - 2022-10-05 17:39:48 --> Encryption: Auto-configured driver 'openssl'.
DEBUG - 2022-10-05 17:39:48 --> Total execution time: 0.0386
DEBUG - 2022-10-05 17:39:50 --> UTF-8 Support Enabled
DEBUG - 2022-10-05 17:39:50 --> Global POST, GET and COOKIE data sanitized
DEBUG - 2022-10-05 17:39:50 --> Config file loaded: /hwonpark/www/application/config/tree.php
DEBUG - 2022-10-05 17:39:50 --> Encryption: Auto-configured driver 'openssl'.
DEBUG - 2022-10-05 17:39:50 --> Total execution time: 0.0728
DEBUG - 2022-10-05 17:39:54 --> UTF-8 Support Enabled
DEBUG - 2022-10-05 17:39:54 --> Global POST, GET and COOKIE data sanitized
DEBUG - 2022-10-05 17:39:54 --> Config file loaded: /hwonpark/www/application/config/tree.php
DEBUG - 2022-10-05 17:39:54 --> Encryption: Auto-configured driver 'openssl'.
DEBUG - 2022-10-05 17:39:59 --> UTF-8 Support Enabled
DEBUG - 2022-10-05 17:39:59 --> Global POST, GET and COOKIE data sanitized
DEBUG - 2022-10-05 17:39:59 --> Config file loaded: /hwonpark/www/application/config/tree.php
DEBUG - 2022-10-05 17:39:59 --> Encryption: Auto-configured driver 'openssl'.
DEBUG - 2022-10-05 18:28:26 --> UTF-8 Support Enabled
DEBUG - 2022-10-05 18:28:26 --> No URI present. Default controller set.
DEBUG - 2022-10-05 18:28:26 --> Global POST, GET and COOKIE data sanitized
DEBUG - 2022-10-05 18:28:26 --> Config file loaded: /hwonpark/www/application/config/tree.php
DEBUG - 2022-10-05 18:28:26 --> Total execution time: 0.0359
DEBUG - 2022-10-05 18:29:09 --> UTF-8 Support Enabled
DEBUG - 2022-10-05 18:29:09 --> No URI present. Default controller set.
DEBUG - 2022-10-05 18:29:09 --> Global POST, GET and COOKIE data sanitized
DEBUG - 2022-10-05 18:29:09 --> Config file loaded: /hwonpark/www/application/config/tree.php
DEBUG - 2022-10-05 18:29:09 --> Total execution time: 0.0311
