DEBUG - 2022-10-16 05:32:30 --> UTF-8 Support Enabled
DEBUG - 2022-10-16 05:32:30 --> Global POST, GET and COOKIE data sanitized
DEBUG - 2022-10-16 05:32:30 --> Config file loaded: /hwonpark/www/application/config/tree.php
DEBUG - 2022-10-16 05:32:30 --> Total execution time: 0.3072
DEBUG - 2022-10-16 18:21:38 --> UTF-8 Support Enabled
DEBUG - 2022-10-16 18:21:38 --> No URI present. Default controller set.
DEBUG - 2022-10-16 18:21:39 --> Global POST, GET and COOKIE data sanitized
DEBUG - 2022-10-16 18:21:39 --> Config file loaded: /hwonpark/www/application/config/tree.php
DEBUG - 2022-10-16 18:21:39 --> Total execution time: 0.2478
DEBUG - 2022-10-16 18:21:39 --> UTF-8 Support Enabled
DEBUG - 2022-10-16 18:21:39 --> Global POST, GET and COOKIE data sanitized
ERROR - 2022-10-16 18:21:39 --> 404 Page Not Found: Faviconico/index
DEBUG - 2022-10-16 18:21:55 --> UTF-8 Support Enabled
DEBUG - 2022-10-16 18:21:55 --> Global POST, GET and COOKIE data sanitized
DEBUG - 2022-10-16 18:21:55 --> Config file loaded: /hwonpark/www/application/config/tree.php
DEBUG - 2022-10-16 18:21:55 --> Total execution time: 0.0961
DEBUG - 2022-10-16 18:22:20 --> UTF-8 Support Enabled
DEBUG - 2022-10-16 18:22:20 --> Global POST, GET and COOKIE data sanitized
DEBUG - 2022-10-16 18:22:20 --> Config file loaded: /hwonpark/www/application/config/tree.php
DEBUG - 2022-10-16 18:22:20 --> Total execution time: 0.0727
DEBUG - 2022-10-16 18:22:25 --> UTF-8 Support Enabled
DEBUG - 2022-10-16 18:22:25 --> Global POST, GET and COOKIE data sanitized
DEBUG - 2022-10-16 18:22:25 --> Config file loaded: /hwonpark/www/application/config/tree.php
DEBUG - 2022-10-16 18:22:25 --> Total execution time: 0.0525
DEBUG - 2022-10-16 18:22:32 --> UTF-8 Support Enabled
DEBUG - 2022-10-16 18:22:32 --> Global POST, GET and COOKIE data sanitized
DEBUG - 2022-10-16 18:22:32 --> Config file loaded: /hwonpark/www/application/config/tree.php
DEBUG - 2022-10-16 18:22:32 --> Total execution time: 0.0337
