DEBUG - 2022-12-13 08:57:43 --> UTF-8 Support Enabled
DEBUG - 2022-12-13 08:57:43 --> Global POST, GET and COOKIE data sanitized
DEBUG - 2022-12-13 08:57:43 --> Config file loaded: /hwonpark/www/application/config/tree.php
DEBUG - 2022-12-13 08:57:43 --> Total execution time: 0.2700
DEBUG - 2022-12-13 08:57:45 --> UTF-8 Support Enabled
DEBUG - 2022-12-13 08:57:45 --> Global POST, GET and COOKIE data sanitized
ERROR - 2022-12-13 08:57:45 --> 404 Page Not Found: Faviconico/index
DEBUG - 2022-12-13 08:57:50 --> UTF-8 Support Enabled
DEBUG - 2022-12-13 08:57:50 --> Global POST, GET and COOKIE data sanitized
DEBUG - 2022-12-13 08:57:50 --> Config file loaded: /hwonpark/www/application/config/tree.php
DEBUG - 2022-12-13 08:57:51 --> UTF-8 Support Enabled
DEBUG - 2022-12-13 08:57:51 --> Global POST, GET and COOKIE data sanitized
DEBUG - 2022-12-13 08:57:51 --> Config file loaded: /hwonpark/www/application/config/tree.php
DEBUG - 2022-12-13 08:57:51 --> Encryption: Auto-configured driver 'openssl'.
DEBUG - 2022-12-13 08:57:51 --> UTF-8 Support Enabled
DEBUG - 2022-12-13 08:57:51 --> Global POST, GET and COOKIE data sanitized
DEBUG - 2022-12-13 08:57:51 --> Config file loaded: /hwonpark/www/application/config/tree.php
DEBUG - 2022-12-13 08:57:51 --> Encryption: Auto-configured driver 'openssl'.
DEBUG - 2022-12-13 08:57:51 --> Encryption class already loaded. Second attempt ignored.
DEBUG - 2022-12-13 08:57:51 --> Total execution time: 0.0627
DEBUG - 2022-12-13 09:51:09 --> UTF-8 Support Enabled
DEBUG - 2022-12-13 09:51:09 --> No URI present. Default controller set.
DEBUG - 2022-12-13 09:51:09 --> Global POST, GET and COOKIE data sanitized
DEBUG - 2022-12-13 09:51:09 --> Config file loaded: /hwonpark/www/application/config/tree.php
DEBUG - 2022-12-13 09:51:09 --> Total execution time: 0.0609
DEBUG - 2022-12-13 09:51:12 --> UTF-8 Support Enabled
DEBUG - 2022-12-13 09:51:12 --> No URI present. Default controller set.
DEBUG - 2022-12-13 09:51:12 --> Global POST, GET and COOKIE data sanitized
DEBUG - 2022-12-13 09:51:12 --> Config file loaded: /hwonpark/www/application/config/tree.php
DEBUG - 2022-12-13 09:51:12 --> Total execution time: 0.0458
DEBUG - 2022-12-13 09:51:14 --> UTF-8 Support Enabled
DEBUG - 2022-12-13 09:51:14 --> Global POST, GET and COOKIE data sanitized
ERROR - 2022-12-13 09:51:14 --> 404 Page Not Found: Faviconico/index
DEBUG - 2022-12-13 09:51:14 --> UTF-8 Support Enabled
DEBUG - 2022-12-13 09:51:14 --> No URI present. Default controller set.
DEBUG - 2022-12-13 09:51:14 --> Global POST, GET and COOKIE data sanitized
DEBUG - 2022-12-13 09:51:14 --> Config file loaded: /hwonpark/www/application/config/tree.php
DEBUG - 2022-12-13 09:51:14 --> Total execution time: 0.0469
DEBUG - 2022-12-13 09:51:21 --> UTF-8 Support Enabled
DEBUG - 2022-12-13 09:51:21 --> No URI present. Default controller set.
DEBUG - 2022-12-13 09:51:21 --> Global POST, GET and COOKIE data sanitized
DEBUG - 2022-12-13 09:51:21 --> Config file loaded: /hwonpark/www/application/config/tree.php
DEBUG - 2022-12-13 09:51:21 --> Total execution time: 0.0278
DEBUG - 2022-12-13 09:53:29 --> UTF-8 Support Enabled
DEBUG - 2022-12-13 09:53:29 --> No URI present. Default controller set.
DEBUG - 2022-12-13 09:53:29 --> Global POST, GET and COOKIE data sanitized
DEBUG - 2022-12-13 09:53:29 --> Config file loaded: /hwonpark/www/application/config/tree.php
DEBUG - 2022-12-13 09:53:29 --> Total execution time: 0.0554
DEBUG - 2022-12-13 09:54:03 --> UTF-8 Support Enabled
DEBUG - 2022-12-13 09:54:03 --> No URI present. Default controller set.
DEBUG - 2022-12-13 09:54:03 --> Global POST, GET and COOKIE data sanitized
DEBUG - 2022-12-13 09:54:03 --> Config file loaded: /hwonpark/www/application/config/tree.php
DEBUG - 2022-12-13 09:54:03 --> Total execution time: 0.0350
DEBUG - 2022-12-13 09:57:28 --> UTF-8 Support Enabled
DEBUG - 2022-12-13 09:57:28 --> Global POST, GET and COOKIE data sanitized
DEBUG - 2022-12-13 09:57:28 --> Config file loaded: /hwonpark/www/application/config/tree.php
DEBUG - 2022-12-13 09:57:28 --> Total execution time: 0.0648
DEBUG - 2022-12-13 09:57:32 --> UTF-8 Support Enabled
DEBUG - 2022-12-13 09:57:32 --> Global POST, GET and COOKIE data sanitized
DEBUG - 2022-12-13 09:57:32 --> Config file loaded: /hwonpark/www/application/config/tree.php
DEBUG - 2022-12-13 09:57:32 --> Total execution time: 0.0692
DEBUG - 2022-12-13 09:59:12 --> UTF-8 Support Enabled
DEBUG - 2022-12-13 09:59:12 --> Global POST, GET and COOKIE data sanitized
DEBUG - 2022-12-13 09:59:12 --> Config file loaded: /hwonpark/www/application/config/tree.php
DEBUG - 2022-12-13 09:59:12 --> Total execution time: 0.0513
DEBUG - 2022-12-13 09:59:14 --> UTF-8 Support Enabled
DEBUG - 2022-12-13 09:59:14 --> Global POST, GET and COOKIE data sanitized
DEBUG - 2022-12-13 09:59:14 --> Config file loaded: /hwonpark/www/application/config/tree.php
DEBUG - 2022-12-13 09:59:14 --> Total execution time: 0.0379
DEBUG - 2022-12-13 09:59:17 --> UTF-8 Support Enabled
DEBUG - 2022-12-13 09:59:17 --> Global POST, GET and COOKIE data sanitized
DEBUG - 2022-12-13 09:59:17 --> Config file loaded: /hwonpark/www/application/config/tree.php
DEBUG - 2022-12-13 09:59:17 --> Total execution time: 0.0658
DEBUG - 2022-12-13 09:59:31 --> UTF-8 Support Enabled
DEBUG - 2022-12-13 09:59:31 --> Global POST, GET and COOKIE data sanitized
DEBUG - 2022-12-13 09:59:31 --> Config file loaded: /hwonpark/www/application/config/tree.php
DEBUG - 2022-12-13 09:59:31 --> Total execution time: 0.0627
DEBUG - 2022-12-13 09:59:37 --> UTF-8 Support Enabled
DEBUG - 2022-12-13 09:59:37 --> Global POST, GET and COOKIE data sanitized
DEBUG - 2022-12-13 09:59:37 --> Config file loaded: /hwonpark/www/application/config/tree.php
DEBUG - 2022-12-13 09:59:38 --> UTF-8 Support Enabled
DEBUG - 2022-12-13 09:59:38 --> Global POST, GET and COOKIE data sanitized
DEBUG - 2022-12-13 09:59:38 --> Config file loaded: /hwonpark/www/application/config/tree.php
DEBUG - 2022-12-13 09:59:38 --> Encryption: Auto-configured driver 'openssl'.
DEBUG - 2022-12-13 09:59:38 --> UTF-8 Support Enabled
DEBUG - 2022-12-13 09:59:38 --> Global POST, GET and COOKIE data sanitized
DEBUG - 2022-12-13 09:59:38 --> Config file loaded: /hwonpark/www/application/config/tree.php
DEBUG - 2022-12-13 09:59:38 --> Encryption: Auto-configured driver 'openssl'.
DEBUG - 2022-12-13 09:59:38 --> Encryption class already loaded. Second attempt ignored.
DEBUG - 2022-12-13 09:59:38 --> Total execution time: 0.0415
DEBUG - 2022-12-13 09:59:40 --> UTF-8 Support Enabled
DEBUG - 2022-12-13 09:59:40 --> Global POST, GET and COOKIE data sanitized
DEBUG - 2022-12-13 09:59:40 --> Config file loaded: /hwonpark/www/application/config/tree.php
DEBUG - 2022-12-13 09:59:40 --> Encryption: Auto-configured driver 'openssl'.
DEBUG - 2022-12-13 09:59:40 --> Total execution time: 0.0604
DEBUG - 2022-12-13 09:59:41 --> UTF-8 Support Enabled
DEBUG - 2022-12-13 09:59:41 --> Global POST, GET and COOKIE data sanitized
DEBUG - 2022-12-13 09:59:41 --> Config file loaded: /hwonpark/www/application/config/tree.php
DEBUG - 2022-12-13 09:59:41 --> Encryption: Auto-configured driver 'openssl'.
DEBUG - 2022-12-13 09:59:41 --> Total execution time: 0.0898
DEBUG - 2022-12-13 09:59:42 --> UTF-8 Support Enabled
DEBUG - 2022-12-13 09:59:42 --> Global POST, GET and COOKIE data sanitized
DEBUG - 2022-12-13 09:59:42 --> Config file loaded: /hwonpark/www/application/config/tree.php
DEBUG - 2022-12-13 09:59:42 --> Encryption: Auto-configured driver 'openssl'.
DEBUG - 2022-12-13 09:59:42 --> Total execution time: 0.0432
DEBUG - 2022-12-13 09:59:44 --> UTF-8 Support Enabled
DEBUG - 2022-12-13 09:59:44 --> Global POST, GET and COOKIE data sanitized
DEBUG - 2022-12-13 09:59:44 --> Config file loaded: /hwonpark/www/application/config/tree.php
DEBUG - 2022-12-13 09:59:44 --> Encryption: Auto-configured driver 'openssl'.
DEBUG - 2022-12-13 09:59:44 --> Total execution time: 0.0813
DEBUG - 2022-12-13 10:01:26 --> UTF-8 Support Enabled
DEBUG - 2022-12-13 10:01:26 --> Global POST, GET and COOKIE data sanitized
DEBUG - 2022-12-13 10:01:26 --> Config file loaded: /hwonpark/www/application/config/tree.php
DEBUG - 2022-12-13 10:01:26 --> Encryption: Auto-configured driver 'openssl'.
ERROR - 2022-12-13 10:01:26 --> Could not find the language line "imglib_invalid_image"
ERROR - 2022-12-13 10:01:26 --> imglib_invalid_image
DEBUG - 2022-12-13 10:01:26 --> DL_schema class already loaded. Second attempt ignored.
ERROR - 2022-12-13 10:01:26 --> Could not find the language line "imglib_invalid_image"
ERROR - 2022-12-13 10:01:26 --> imglib_invalid_image
DEBUG - 2022-12-13 10:01:26 --> DL_schema class already loaded. Second attempt ignored.
ERROR - 2022-12-13 10:01:26 --> Could not find the language line "imglib_invalid_image"
ERROR - 2022-12-13 10:01:26 --> imglib_invalid_image
DEBUG - 2022-12-13 10:01:26 --> DL_schema class already loaded. Second attempt ignored.
DEBUG - 2022-12-13 10:01:28 --> UTF-8 Support Enabled
DEBUG - 2022-12-13 10:01:28 --> Global POST, GET and COOKIE data sanitized
DEBUG - 2022-12-13 10:01:28 --> Config file loaded: /hwonpark/www/application/config/tree.php
DEBUG - 2022-12-13 10:01:28 --> Encryption: Auto-configured driver 'openssl'.
DEBUG - 2022-12-13 10:01:28 --> Total execution time: 0.0408
DEBUG - 2022-12-13 10:01:35 --> UTF-8 Support Enabled
DEBUG - 2022-12-13 10:01:35 --> No URI present. Default controller set.
DEBUG - 2022-12-13 10:01:35 --> Global POST, GET and COOKIE data sanitized
DEBUG - 2022-12-13 10:01:35 --> Config file loaded: /hwonpark/www/application/config/tree.php
DEBUG - 2022-12-13 10:01:35 --> Total execution time: 0.0310
DEBUG - 2022-12-13 10:01:36 --> UTF-8 Support Enabled
DEBUG - 2022-12-13 10:01:36 --> Global POST, GET and COOKIE data sanitized
ERROR - 2022-12-13 10:01:36 --> 404 Page Not Found: Faviconico/index
DEBUG - 2022-12-13 10:03:45 --> UTF-8 Support Enabled
DEBUG - 2022-12-13 10:03:45 --> Global POST, GET and COOKIE data sanitized
DEBUG - 2022-12-13 10:03:45 --> Config file loaded: /hwonpark/www/application/config/tree.php
DEBUG - 2022-12-13 10:03:45 --> Total execution time: 0.0572
DEBUG - 2022-12-13 10:03:49 --> UTF-8 Support Enabled
DEBUG - 2022-12-13 10:03:49 --> Global POST, GET and COOKIE data sanitized
DEBUG - 2022-12-13 10:03:49 --> Config file loaded: /hwonpark/www/application/config/tree.php
DEBUG - 2022-12-13 10:03:51 --> UTF-8 Support Enabled
DEBUG - 2022-12-13 10:03:51 --> Global POST, GET and COOKIE data sanitized
DEBUG - 2022-12-13 10:03:51 --> Config file loaded: /hwonpark/www/application/config/tree.php
DEBUG - 2022-12-13 10:03:51 --> Total execution time: 0.0284
DEBUG - 2022-12-13 10:03:57 --> UTF-8 Support Enabled
DEBUG - 2022-12-13 10:03:57 --> Global POST, GET and COOKIE data sanitized
DEBUG - 2022-12-13 10:03:57 --> Config file loaded: /hwonpark/www/application/config/tree.php
DEBUG - 2022-12-13 10:03:59 --> UTF-8 Support Enabled
DEBUG - 2022-12-13 10:03:59 --> Global POST, GET and COOKIE data sanitized
DEBUG - 2022-12-13 10:03:59 --> Config file loaded: /hwonpark/www/application/config/tree.php
DEBUG - 2022-12-13 10:03:59 --> Encryption: Auto-configured driver 'openssl'.
DEBUG - 2022-12-13 10:03:59 --> UTF-8 Support Enabled
DEBUG - 2022-12-13 10:03:59 --> Global POST, GET and COOKIE data sanitized
DEBUG - 2022-12-13 10:03:59 --> Config file loaded: /hwonpark/www/application/config/tree.php
DEBUG - 2022-12-13 10:03:59 --> Encryption: Auto-configured driver 'openssl'.
DEBUG - 2022-12-13 10:03:59 --> Encryption class already loaded. Second attempt ignored.
DEBUG - 2022-12-13 10:03:59 --> Total execution time: 0.0448
DEBUG - 2022-12-13 10:04:00 --> UTF-8 Support Enabled
DEBUG - 2022-12-13 10:04:00 --> Global POST, GET and COOKIE data sanitized
DEBUG - 2022-12-13 10:04:00 --> Config file loaded: /hwonpark/www/application/config/tree.php
DEBUG - 2022-12-13 10:04:00 --> Encryption: Auto-configured driver 'openssl'.
DEBUG - 2022-12-13 10:04:00 --> Total execution time: 0.0505
DEBUG - 2022-12-13 10:04:04 --> UTF-8 Support Enabled
DEBUG - 2022-12-13 10:04:04 --> Global POST, GET and COOKIE data sanitized
DEBUG - 2022-12-13 10:04:04 --> Config file loaded: /hwonpark/www/application/config/tree.php
DEBUG - 2022-12-13 10:04:04 --> Encryption: Auto-configured driver 'openssl'.
DEBUG - 2022-12-13 10:04:04 --> Total execution time: 0.0727
DEBUG - 2022-12-13 10:04:09 --> UTF-8 Support Enabled
DEBUG - 2022-12-13 10:04:09 --> Global POST, GET and COOKIE data sanitized
DEBUG - 2022-12-13 10:04:09 --> Config file loaded: /hwonpark/www/application/config/tree.php
DEBUG - 2022-12-13 10:04:09 --> Encryption: Auto-configured driver 'openssl'.
DEBUG - 2022-12-13 10:04:09 --> Total execution time: 0.0621
DEBUG - 2022-12-13 10:04:12 --> UTF-8 Support Enabled
DEBUG - 2022-12-13 10:04:12 --> Global POST, GET and COOKIE data sanitized
DEBUG - 2022-12-13 10:04:12 --> Config file loaded: /hwonpark/www/application/config/tree.php
DEBUG - 2022-12-13 10:04:12 --> Encryption: Auto-configured driver 'openssl'.
DEBUG - 2022-12-13 10:04:12 --> Total execution time: 0.0503
DEBUG - 2022-12-13 10:04:12 --> UTF-8 Support Enabled
DEBUG - 2022-12-13 10:04:12 --> Global POST, GET and COOKIE data sanitized
DEBUG - 2022-12-13 10:04:12 --> Config file loaded: /hwonpark/www/application/config/tree.php
DEBUG - 2022-12-13 10:04:13 --> Encryption: Auto-configured driver 'openssl'.
DEBUG - 2022-12-13 10:04:13 --> Total execution time: 0.0384
DEBUG - 2022-12-13 10:04:33 --> UTF-8 Support Enabled
DEBUG - 2022-12-13 10:04:33 --> Global POST, GET and COOKIE data sanitized
DEBUG - 2022-12-13 10:04:33 --> Config file loaded: /hwonpark/www/application/config/tree.php
DEBUG - 2022-12-13 10:04:33 --> Encryption: Auto-configured driver 'openssl'.
DEBUG - 2022-12-13 10:04:34 --> UTF-8 Support Enabled
DEBUG - 2022-12-13 10:04:34 --> Global POST, GET and COOKIE data sanitized
DEBUG - 2022-12-13 10:04:34 --> Config file loaded: /hwonpark/www/application/config/tree.php
DEBUG - 2022-12-13 10:04:34 --> Encryption: Auto-configured driver 'openssl'.
DEBUG - 2022-12-13 10:04:34 --> Total execution time: 0.0354
DEBUG - 2022-12-13 10:04:39 --> UTF-8 Support Enabled
DEBUG - 2022-12-13 10:04:39 --> Global POST, GET and COOKIE data sanitized
DEBUG - 2022-12-13 10:04:39 --> Config file loaded: /hwonpark/www/application/config/tree.php
DEBUG - 2022-12-13 10:04:39 --> Encryption: Auto-configured driver 'openssl'.
DEBUG - 2022-12-13 10:04:39 --> Total execution time: 0.0378
DEBUG - 2022-12-13 10:14:53 --> UTF-8 Support Enabled
DEBUG - 2022-12-13 10:14:53 --> Global POST, GET and COOKIE data sanitized
DEBUG - 2022-12-13 10:14:54 --> Config file loaded: /hwonpark/www/application/config/tree.php
DEBUG - 2022-12-13 10:14:55 --> UTF-8 Support Enabled
DEBUG - 2022-12-13 10:14:55 --> Global POST, GET and COOKIE data sanitized
DEBUG - 2022-12-13 10:14:55 --> Config file loaded: /hwonpark/www/application/config/tree.php
DEBUG - 2022-12-13 10:14:55 --> Total execution time: 0.0357
DEBUG - 2022-12-13 10:14:58 --> UTF-8 Support Enabled
DEBUG - 2022-12-13 10:14:58 --> Global POST, GET and COOKIE data sanitized
DEBUG - 2022-12-13 10:14:58 --> Config file loaded: /hwonpark/www/application/config/tree.php
DEBUG - 2022-12-13 10:14:58 --> Total execution time: 0.0544
DEBUG - 2022-12-13 10:15:03 --> UTF-8 Support Enabled
DEBUG - 2022-12-13 10:15:03 --> Global POST, GET and COOKIE data sanitized
DEBUG - 2022-12-13 10:15:03 --> Config file loaded: /hwonpark/www/application/config/tree.php
DEBUG - 2022-12-13 10:15:04 --> UTF-8 Support Enabled
DEBUG - 2022-12-13 10:15:04 --> Global POST, GET and COOKIE data sanitized
DEBUG - 2022-12-13 10:15:04 --> Config file loaded: /hwonpark/www/application/config/tree.php
DEBUG - 2022-12-13 10:15:04 --> Encryption: Auto-configured driver 'openssl'.
DEBUG - 2022-12-13 10:15:04 --> UTF-8 Support Enabled
DEBUG - 2022-12-13 10:15:04 --> Global POST, GET and COOKIE data sanitized
DEBUG - 2022-12-13 10:15:04 --> Config file loaded: /hwonpark/www/application/config/tree.php
DEBUG - 2022-12-13 10:15:04 --> Encryption: Auto-configured driver 'openssl'.
DEBUG - 2022-12-13 10:15:04 --> Encryption class already loaded. Second attempt ignored.
DEBUG - 2022-12-13 10:15:04 --> Total execution time: 0.0393
DEBUG - 2022-12-13 10:15:07 --> UTF-8 Support Enabled
DEBUG - 2022-12-13 10:15:07 --> Global POST, GET and COOKIE data sanitized
DEBUG - 2022-12-13 10:15:07 --> Config file loaded: /hwonpark/www/application/config/tree.php
DEBUG - 2022-12-13 10:15:07 --> Encryption: Auto-configured driver 'openssl'.
DEBUG - 2022-12-13 10:15:07 --> Total execution time: 0.0331
DEBUG - 2022-12-13 10:15:11 --> UTF-8 Support Enabled
DEBUG - 2022-12-13 10:15:11 --> Global POST, GET and COOKIE data sanitized
DEBUG - 2022-12-13 10:15:11 --> Config file loaded: /hwonpark/www/application/config/tree.php
DEBUG - 2022-12-13 10:15:11 --> Encryption: Auto-configured driver 'openssl'.
DEBUG - 2022-12-13 10:15:11 --> Total execution time: 0.0614
DEBUG - 2022-12-13 10:17:06 --> UTF-8 Support Enabled
DEBUG - 2022-12-13 10:17:06 --> Global POST, GET and COOKIE data sanitized
DEBUG - 2022-12-13 10:17:06 --> Config file loaded: /hwonpark/www/application/config/tree.php
DEBUG - 2022-12-13 10:17:06 --> Encryption: Auto-configured driver 'openssl'.
DEBUG - 2022-12-13 10:17:06 --> Total execution time: 0.0422
DEBUG - 2022-12-13 10:17:15 --> UTF-8 Support Enabled
DEBUG - 2022-12-13 10:17:15 --> Global POST, GET and COOKIE data sanitized
DEBUG - 2022-12-13 10:17:15 --> Config file loaded: /hwonpark/www/application/config/tree.php
DEBUG - 2022-12-13 10:17:15 --> Encryption: Auto-configured driver 'openssl'.
DEBUG - 2022-12-13 10:17:15 --> Total execution time: 0.0857
DEBUG - 2022-12-13 10:19:20 --> UTF-8 Support Enabled
DEBUG - 2022-12-13 10:19:20 --> Global POST, GET and COOKIE data sanitized
DEBUG - 2022-12-13 10:19:20 --> Config file loaded: /hwonpark/www/application/config/tree.php
DEBUG - 2022-12-13 10:19:20 --> Encryption: Auto-configured driver 'openssl'.
DEBUG - 2022-12-13 10:19:20 --> Total execution time: 0.0430
DEBUG - 2022-12-13 10:19:46 --> UTF-8 Support Enabled
DEBUG - 2022-12-13 10:19:46 --> Global POST, GET and COOKIE data sanitized
DEBUG - 2022-12-13 10:19:46 --> Config file loaded: /hwonpark/www/application/config/tree.php
DEBUG - 2022-12-13 10:19:46 --> Encryption: Auto-configured driver 'openssl'.
DEBUG - 2022-12-13 10:19:46 --> Total execution time: 0.0567
DEBUG - 2022-12-13 10:26:49 --> UTF-8 Support Enabled
DEBUG - 2022-12-13 10:26:49 --> Global POST, GET and COOKIE data sanitized
DEBUG - 2022-12-13 10:26:49 --> Config file loaded: /hwonpark/www/application/config/tree.php
DEBUG - 2022-12-13 10:26:49 --> Encryption: Auto-configured driver 'openssl'.
DEBUG - 2022-12-13 10:26:49 --> Total execution time: 0.0540
DEBUG - 2022-12-13 10:26:58 --> UTF-8 Support Enabled
DEBUG - 2022-12-13 10:26:58 --> Global POST, GET and COOKIE data sanitized
DEBUG - 2022-12-13 10:26:58 --> Config file loaded: /hwonpark/www/application/config/tree.php
DEBUG - 2022-12-13 10:26:58 --> Encryption: Auto-configured driver 'openssl'.
DEBUG - 2022-12-13 10:26:58 --> Total execution time: 0.0382
DEBUG - 2022-12-13 10:28:24 --> UTF-8 Support Enabled
DEBUG - 2022-12-13 10:28:24 --> Global POST, GET and COOKIE data sanitized
DEBUG - 2022-12-13 10:28:24 --> Config file loaded: /hwonpark/www/application/config/tree.php
DEBUG - 2022-12-13 10:28:24 --> Encryption: Auto-configured driver 'openssl'.
DEBUG - 2022-12-13 10:28:24 --> Total execution time: 0.0774
DEBUG - 2022-12-13 10:31:58 --> UTF-8 Support Enabled
DEBUG - 2022-12-13 10:31:58 --> Global POST, GET and COOKIE data sanitized
DEBUG - 2022-12-13 10:31:58 --> Config file loaded: /hwonpark/www/application/config/tree.php
DEBUG - 2022-12-13 10:31:58 --> Encryption: Auto-configured driver 'openssl'.
DEBUG - 2022-12-13 10:31:58 --> UTF-8 Support Enabled
DEBUG - 2022-12-13 10:31:58 --> Global POST, GET and COOKIE data sanitized
DEBUG - 2022-12-13 10:31:58 --> Config file loaded: /hwonpark/www/application/config/tree.php
DEBUG - 2022-12-13 10:31:58 --> Encryption: Auto-configured driver 'openssl'.
DEBUG - 2022-12-13 10:31:58 --> Encryption class already loaded. Second attempt ignored.
DEBUG - 2022-12-13 10:31:58 --> Total execution time: 0.0374
DEBUG - 2022-12-13 10:32:00 --> UTF-8 Support Enabled
DEBUG - 2022-12-13 10:32:00 --> Global POST, GET and COOKIE data sanitized
DEBUG - 2022-12-13 10:32:00 --> Config file loaded: /hwonpark/www/application/config/tree.php
DEBUG - 2022-12-13 10:32:00 --> Encryption: Auto-configured driver 'openssl'.
DEBUG - 2022-12-13 10:32:00 --> Total execution time: 0.0496
DEBUG - 2022-12-13 10:32:01 --> UTF-8 Support Enabled
DEBUG - 2022-12-13 10:32:01 --> Global POST, GET and COOKIE data sanitized
DEBUG - 2022-12-13 10:32:02 --> Config file loaded: /hwonpark/www/application/config/tree.php
DEBUG - 2022-12-13 10:32:02 --> Encryption: Auto-configured driver 'openssl'.
DEBUG - 2022-12-13 10:32:02 --> Total execution time: 0.1988
DEBUG - 2022-12-13 10:32:04 --> UTF-8 Support Enabled
DEBUG - 2022-12-13 10:32:04 --> Global POST, GET and COOKIE data sanitized
DEBUG - 2022-12-13 10:32:04 --> Config file loaded: /hwonpark/www/application/config/tree.php
DEBUG - 2022-12-13 10:32:04 --> Encryption: Auto-configured driver 'openssl'.
DEBUG - 2022-12-13 10:32:04 --> Total execution time: 0.0348
DEBUG - 2022-12-13 10:32:09 --> UTF-8 Support Enabled
DEBUG - 2022-12-13 10:32:09 --> Global POST, GET and COOKIE data sanitized
DEBUG - 2022-12-13 10:32:09 --> Config file loaded: /hwonpark/www/application/config/tree.php
DEBUG - 2022-12-13 10:32:09 --> Encryption: Auto-configured driver 'openssl'.
DEBUG - 2022-12-13 10:32:09 --> Total execution time: 0.0401
DEBUG - 2022-12-13 10:32:16 --> UTF-8 Support Enabled
DEBUG - 2022-12-13 10:32:16 --> Global POST, GET and COOKIE data sanitized
DEBUG - 2022-12-13 10:32:16 --> Config file loaded: /hwonpark/www/application/config/tree.php
DEBUG - 2022-12-13 10:32:16 --> Encryption: Auto-configured driver 'openssl'.
DEBUG - 2022-12-13 10:32:16 --> Total execution time: 0.0422
DEBUG - 2022-12-13 10:32:30 --> UTF-8 Support Enabled
DEBUG - 2022-12-13 10:32:30 --> Global POST, GET and COOKIE data sanitized
DEBUG - 2022-12-13 10:32:30 --> Config file loaded: /hwonpark/www/application/config/tree.php
DEBUG - 2022-12-13 10:32:30 --> Encryption: Auto-configured driver 'openssl'.
DEBUG - 2022-12-13 10:32:30 --> Total execution time: 0.0935
DEBUG - 2022-12-13 10:32:35 --> UTF-8 Support Enabled
DEBUG - 2022-12-13 10:32:35 --> Global POST, GET and COOKIE data sanitized
DEBUG - 2022-12-13 10:32:35 --> Config file loaded: /hwonpark/www/application/config/tree.php
DEBUG - 2022-12-13 10:32:35 --> Encryption: Auto-configured driver 'openssl'.
DEBUG - 2022-12-13 10:32:35 --> Total execution time: 0.0452
DEBUG - 2022-12-13 10:32:40 --> UTF-8 Support Enabled
DEBUG - 2022-12-13 10:32:40 --> Global POST, GET and COOKIE data sanitized
DEBUG - 2022-12-13 10:32:40 --> Config file loaded: /hwonpark/www/application/config/tree.php
DEBUG - 2022-12-13 10:32:40 --> Encryption: Auto-configured driver 'openssl'.
DEBUG - 2022-12-13 10:32:40 --> Total execution time: 0.0612
DEBUG - 2022-12-13 10:34:16 --> UTF-8 Support Enabled
DEBUG - 2022-12-13 10:34:16 --> Global POST, GET and COOKIE data sanitized
DEBUG - 2022-12-13 10:34:16 --> Config file loaded: /hwonpark/www/application/config/tree.php
DEBUG - 2022-12-13 10:34:17 --> UTF-8 Support Enabled
DEBUG - 2022-12-13 10:34:17 --> No URI present. Default controller set.
DEBUG - 2022-12-13 10:34:17 --> Global POST, GET and COOKIE data sanitized
DEBUG - 2022-12-13 10:34:17 --> Config file loaded: /hwonpark/www/application/config/tree.php
DEBUG - 2022-12-13 10:34:17 --> Total execution time: 0.0623
DEBUG - 2022-12-13 10:34:26 --> UTF-8 Support Enabled
DEBUG - 2022-12-13 10:34:26 --> Global POST, GET and COOKIE data sanitized
DEBUG - 2022-12-13 10:34:26 --> Config file loaded: /hwonpark/www/application/config/tree.php
DEBUG - 2022-12-13 10:34:26 --> Total execution time: 0.0273
DEBUG - 2022-12-13 10:34:28 --> UTF-8 Support Enabled
DEBUG - 2022-12-13 10:34:28 --> Global POST, GET and COOKIE data sanitized
DEBUG - 2022-12-13 10:34:28 --> Config file loaded: /hwonpark/www/application/config/tree.php
DEBUG - 2022-12-13 10:34:28 --> =================== DL_auth-> oauth::CALLBACK - 시작
DEBUG - 2022-12-13 10:34:28 --> =================== DL_auth-> oauth::CALLBACK - kakao param=:: error=
DEBUG - 2022-12-13 10:34:28 --> =================== DL_auth-> oauth::CALLBACK - kakao param=:: state=
DEBUG - 2022-12-13 10:34:28 --> =================== DL_auth-> oauth::CALLBACK - kakao param=:: code=jNB7RuX27XqUsE7xy9HM_nUcWJSNsP0KmeVNKwyxHK45uoto0ao6AdN6YyFYlzjjVppvmwo9cusAAAGFCR5x4A
DEBUG - 2022-12-13 10:34:28 --> =================== DL_auth -> kakao oauth :2: code=jNB7RuX27XqUsE7xy9HM_nUcWJSNsP0KmeVNKwyxHK45uoto0ao6AdN6YyFYlzjjVppvmwo9cusAAAGFCR5x4A
DEBUG - 2022-12-13 10:34:28 --> ====================Dl_auth -> kakao_login :: 시작
DEBUG - 2022-12-13 10:34:28 --> --------------------Dl_auth::kakao_login - 1.토큰요청 시작
DEBUG - 2022-12-13 10:34:28 --> Dl_auth::kakao_login - get_token 시작 n=2
DEBUG - 2022-12-13 10:34:28 --> --------------------Dl_auth::kakao_login - 1.2.토큰요청 시작 -> 기타브라우저
DEBUG - 2022-12-13 10:34:28 --> --------------------Dl_auth::kakao_login - 1.3.토큰요청
DEBUG - 2022-12-13 10:34:28 --> --------------------Dl_auth::kakao_login - 1.4.토큰요청 -> 성공
DEBUG - 2022-12-13 10:34:28 --> UTF-8 Support Enabled
DEBUG - 2022-12-13 10:34:28 --> Global POST, GET and COOKIE data sanitized
DEBUG - 2022-12-13 10:34:28 --> Config file loaded: /hwonpark/www/application/config/tree.php
DEBUG - 2022-12-13 10:34:28 --> =================== DL_auth-> oauth::CALLBACK - 시작
DEBUG - 2022-12-13 10:34:28 --> =================== DL_auth-> oauth::CALLBACK - kakao param=:: error=
DEBUG - 2022-12-13 10:34:28 --> =================== DL_auth-> oauth::CALLBACK - kakao param=:: state=
DEBUG - 2022-12-13 10:34:28 --> =================== DL_auth-> oauth::CALLBACK - kakao param=:: code=jNB7RuX27XqUsE7xy9HM_nUcWJSNsP0KmeVNKwyxHK45uoto0ao6AdN6YyFYlzjjVppvmwo9cusAAAGFCR5x4A
DEBUG - 2022-12-13 10:34:28 --> =================== DL_auth -> kakao oauth :2: code=jNB7RuX27XqUsE7xy9HM_nUcWJSNsP0KmeVNKwyxHK45uoto0ao6AdN6YyFYlzjjVppvmwo9cusAAAGFCR5x4A
DEBUG - 2022-12-13 10:34:28 --> ====================Dl_auth -> kakao_login :: 시작
DEBUG - 2022-12-13 10:34:28 --> ====================Dl_auth::kakao_login - 1.3.5- 사이트 회원정보 업데이트 성공(카카오 인증 완료) state=
DEBUG - 2022-12-13 10:34:29 --> UTF-8 Support Enabled
DEBUG - 2022-12-13 10:34:29 --> Global POST, GET and COOKIE data sanitized
DEBUG - 2022-12-13 10:34:29 --> Config file loaded: /hwonpark/www/application/config/tree.php
DEBUG - 2022-12-13 10:34:29 --> Encryption: Auto-configured driver 'openssl'.
DEBUG - 2022-12-13 10:34:29 --> Total execution time: 0.0514
DEBUG - 2022-12-13 10:34:31 --> UTF-8 Support Enabled
DEBUG - 2022-12-13 10:34:31 --> Global POST, GET and COOKIE data sanitized
DEBUG - 2022-12-13 10:34:31 --> Config file loaded: /hwonpark/www/application/config/tree.php
DEBUG - 2022-12-13 10:34:31 --> Encryption: Auto-configured driver 'openssl'.
DEBUG - 2022-12-13 10:34:31 --> Total execution time: 0.0448
DEBUG - 2022-12-13 10:35:07 --> UTF-8 Support Enabled
DEBUG - 2022-12-13 10:35:07 --> Global POST, GET and COOKIE data sanitized
DEBUG - 2022-12-13 10:35:07 --> Config file loaded: /hwonpark/www/application/config/tree.php
DEBUG - 2022-12-13 10:35:07 --> Encryption: Auto-configured driver 'openssl'.
DEBUG - 2022-12-13 10:35:07 --> Total execution time: 0.0496
DEBUG - 2022-12-13 10:35:10 --> UTF-8 Support Enabled
DEBUG - 2022-12-13 10:35:10 --> Global POST, GET and COOKIE data sanitized
DEBUG - 2022-12-13 10:35:10 --> Config file loaded: /hwonpark/www/application/config/tree.php
DEBUG - 2022-12-13 10:35:10 --> Encryption: Auto-configured driver 'openssl'.
DEBUG - 2022-12-13 10:35:10 --> Total execution time: 0.0620
DEBUG - 2022-12-13 10:35:14 --> UTF-8 Support Enabled
DEBUG - 2022-12-13 10:35:14 --> Global POST, GET and COOKIE data sanitized
DEBUG - 2022-12-13 10:35:14 --> Config file loaded: /hwonpark/www/application/config/tree.php
DEBUG - 2022-12-13 10:35:14 --> Encryption: Auto-configured driver 'openssl'.
DEBUG - 2022-12-13 10:35:14 --> Total execution time: 0.0390
DEBUG - 2022-12-13 10:35:16 --> UTF-8 Support Enabled
DEBUG - 2022-12-13 10:35:16 --> Global POST, GET and COOKIE data sanitized
DEBUG - 2022-12-13 10:35:16 --> Config file loaded: /hwonpark/www/application/config/tree.php
DEBUG - 2022-12-13 10:35:16 --> Encryption: Auto-configured driver 'openssl'.
DEBUG - 2022-12-13 10:35:16 --> Total execution time: 0.1283
DEBUG - 2022-12-13 10:35:19 --> UTF-8 Support Enabled
DEBUG - 2022-12-13 10:35:19 --> Global POST, GET and COOKIE data sanitized
DEBUG - 2022-12-13 10:35:19 --> Config file loaded: /hwonpark/www/application/config/tree.php
DEBUG - 2022-12-13 10:35:19 --> Encryption: Auto-configured driver 'openssl'.
DEBUG - 2022-12-13 10:35:19 --> Total execution time: 0.0616
DEBUG - 2022-12-13 10:35:27 --> UTF-8 Support Enabled
DEBUG - 2022-12-13 10:35:27 --> Global POST, GET and COOKIE data sanitized
DEBUG - 2022-12-13 10:35:27 --> Config file loaded: /hwonpark/www/application/config/tree.php
DEBUG - 2022-12-13 10:35:27 --> Encryption: Auto-configured driver 'openssl'.
DEBUG - 2022-12-13 10:35:29 --> UTF-8 Support Enabled
DEBUG - 2022-12-13 10:35:29 --> No URI present. Default controller set.
DEBUG - 2022-12-13 10:35:29 --> Global POST, GET and COOKIE data sanitized
DEBUG - 2022-12-13 10:35:29 --> Config file loaded: /hwonpark/www/application/config/tree.php
DEBUG - 2022-12-13 10:35:29 --> Total execution time: 0.0416
DEBUG - 2022-12-13 10:35:37 --> UTF-8 Support Enabled
DEBUG - 2022-12-13 10:35:37 --> Global POST, GET and COOKIE data sanitized
DEBUG - 2022-12-13 10:35:37 --> Config file loaded: /hwonpark/www/application/config/tree.php
DEBUG - 2022-12-13 10:35:37 --> Total execution time: 0.0316
DEBUG - 2022-12-13 10:35:42 --> UTF-8 Support Enabled
DEBUG - 2022-12-13 10:35:42 --> Global POST, GET and COOKIE data sanitized
DEBUG - 2022-12-13 10:35:42 --> Config file loaded: /hwonpark/www/application/config/tree.php
DEBUG - 2022-12-13 10:35:43 --> UTF-8 Support Enabled
DEBUG - 2022-12-13 10:35:43 --> Global POST, GET and COOKIE data sanitized
DEBUG - 2022-12-13 10:35:43 --> Config file loaded: /hwonpark/www/application/config/tree.php
DEBUG - 2022-12-13 10:35:43 --> Encryption: Auto-configured driver 'openssl'.
DEBUG - 2022-12-13 10:35:43 --> UTF-8 Support Enabled
DEBUG - 2022-12-13 10:35:43 --> Global POST, GET and COOKIE data sanitized
DEBUG - 2022-12-13 10:35:43 --> Config file loaded: /hwonpark/www/application/config/tree.php
DEBUG - 2022-12-13 10:35:43 --> Encryption: Auto-configured driver 'openssl'.
DEBUG - 2022-12-13 10:35:43 --> Encryption class already loaded. Second attempt ignored.
DEBUG - 2022-12-13 10:35:43 --> Total execution time: 0.0390
DEBUG - 2022-12-13 10:35:45 --> UTF-8 Support Enabled
DEBUG - 2022-12-13 10:35:45 --> Global POST, GET and COOKIE data sanitized
DEBUG - 2022-12-13 10:35:45 --> Config file loaded: /hwonpark/www/application/config/tree.php
DEBUG - 2022-12-13 10:35:45 --> Encryption: Auto-configured driver 'openssl'.
DEBUG - 2022-12-13 10:35:45 --> Total execution time: 0.0411
DEBUG - 2022-12-13 10:35:46 --> UTF-8 Support Enabled
DEBUG - 2022-12-13 10:35:46 --> Global POST, GET and COOKIE data sanitized
DEBUG - 2022-12-13 10:35:46 --> Config file loaded: /hwonpark/www/application/config/tree.php
DEBUG - 2022-12-13 10:35:46 --> Encryption: Auto-configured driver 'openssl'.
DEBUG - 2022-12-13 10:35:46 --> Total execution time: 0.1659
DEBUG - 2022-12-13 10:35:48 --> UTF-8 Support Enabled
DEBUG - 2022-12-13 10:35:48 --> Global POST, GET and COOKIE data sanitized
DEBUG - 2022-12-13 10:35:48 --> Config file loaded: /hwonpark/www/application/config/tree.php
DEBUG - 2022-12-13 10:35:48 --> Encryption: Auto-configured driver 'openssl'.
DEBUG - 2022-12-13 10:35:48 --> Total execution time: 0.0413
DEBUG - 2022-12-13 10:36:09 --> UTF-8 Support Enabled
DEBUG - 2022-12-13 10:36:09 --> Global POST, GET and COOKIE data sanitized
DEBUG - 2022-12-13 10:36:09 --> Config file loaded: /hwonpark/www/application/config/tree.php
DEBUG - 2022-12-13 10:36:09 --> Encryption: Auto-configured driver 'openssl'.
DEBUG - 2022-12-13 10:36:09 --> Total execution time: 0.0399
DEBUG - 2022-12-13 10:36:33 --> UTF-8 Support Enabled
DEBUG - 2022-12-13 10:36:33 --> Global POST, GET and COOKIE data sanitized
DEBUG - 2022-12-13 10:36:33 --> Config file loaded: /hwonpark/www/application/config/tree.php
DEBUG - 2022-12-13 10:36:33 --> Encryption: Auto-configured driver 'openssl'.
DEBUG - 2022-12-13 10:36:33 --> Total execution time: 0.0656
DEBUG - 2022-12-13 10:43:42 --> UTF-8 Support Enabled
DEBUG - 2022-12-13 10:43:42 --> Global POST, GET and COOKIE data sanitized
DEBUG - 2022-12-13 10:43:42 --> Config file loaded: /hwonpark/www/application/config/tree.php
DEBUG - 2022-12-13 10:43:42 --> Encryption: Auto-configured driver 'openssl'.
ERROR - 2022-12-13 10:43:42 --> Could not find the language line "imglib_invalid_image"
ERROR - 2022-12-13 10:43:42 --> imglib_invalid_image
DEBUG - 2022-12-13 10:43:42 --> DL_schema class already loaded. Second attempt ignored.
DEBUG - 2022-12-13 10:43:44 --> UTF-8 Support Enabled
DEBUG - 2022-12-13 10:43:44 --> Global POST, GET and COOKIE data sanitized
DEBUG - 2022-12-13 10:43:44 --> Config file loaded: /hwonpark/www/application/config/tree.php
DEBUG - 2022-12-13 10:43:44 --> Encryption: Auto-configured driver 'openssl'.
DEBUG - 2022-12-13 10:43:44 --> Total execution time: 0.0390
DEBUG - 2022-12-13 10:55:37 --> UTF-8 Support Enabled
DEBUG - 2022-12-13 10:55:37 --> Global POST, GET and COOKIE data sanitized
DEBUG - 2022-12-13 10:55:37 --> Config file loaded: /hwonpark/www/application/config/tree.php
DEBUG - 2022-12-13 10:55:38 --> UTF-8 Support Enabled
DEBUG - 2022-12-13 10:55:38 --> No URI present. Default controller set.
DEBUG - 2022-12-13 10:55:38 --> Global POST, GET and COOKIE data sanitized
DEBUG - 2022-12-13 10:55:38 --> Config file loaded: /hwonpark/www/application/config/tree.php
DEBUG - 2022-12-13 10:55:38 --> Total execution time: 0.0325
DEBUG - 2022-12-13 11:05:48 --> UTF-8 Support Enabled
DEBUG - 2022-12-13 11:05:48 --> Global POST, GET and COOKIE data sanitized
DEBUG - 2022-12-13 11:05:48 --> Config file loaded: /hwonpark/www/application/config/tree.php
DEBUG - 2022-12-13 11:05:48 --> Total execution time: 0.0631
DEBUG - 2022-12-13 11:05:56 --> UTF-8 Support Enabled
DEBUG - 2022-12-13 11:05:56 --> Global POST, GET and COOKIE data sanitized
DEBUG - 2022-12-13 11:05:56 --> Config file loaded: /hwonpark/www/application/config/tree.php
DEBUG - 2022-12-13 11:05:56 --> UTF-8 Support Enabled
DEBUG - 2022-12-13 11:05:56 --> Global POST, GET and COOKIE data sanitized
DEBUG - 2022-12-13 11:05:56 --> Config file loaded: /hwonpark/www/application/config/tree.php
DEBUG - 2022-12-13 11:05:56 --> Encryption: Auto-configured driver 'openssl'.
DEBUG - 2022-12-13 11:05:56 --> UTF-8 Support Enabled
DEBUG - 2022-12-13 11:05:56 --> Global POST, GET and COOKIE data sanitized
DEBUG - 2022-12-13 11:05:56 --> Config file loaded: /hwonpark/www/application/config/tree.php
DEBUG - 2022-12-13 11:05:56 --> Encryption: Auto-configured driver 'openssl'.
DEBUG - 2022-12-13 11:05:56 --> Encryption class already loaded. Second attempt ignored.
DEBUG - 2022-12-13 11:05:56 --> Total execution time: 0.0401
DEBUG - 2022-12-13 11:05:58 --> UTF-8 Support Enabled
DEBUG - 2022-12-13 11:05:58 --> Global POST, GET and COOKIE data sanitized
DEBUG - 2022-12-13 11:05:58 --> Config file loaded: /hwonpark/www/application/config/tree.php
DEBUG - 2022-12-13 11:05:58 --> Encryption: Auto-configured driver 'openssl'.
DEBUG - 2022-12-13 11:05:58 --> Total execution time: 0.0406
DEBUG - 2022-12-13 11:05:59 --> UTF-8 Support Enabled
DEBUG - 2022-12-13 11:05:59 --> Global POST, GET and COOKIE data sanitized
DEBUG - 2022-12-13 11:05:59 --> Config file loaded: /hwonpark/www/application/config/tree.php
DEBUG - 2022-12-13 11:05:59 --> Encryption: Auto-configured driver 'openssl'.
DEBUG - 2022-12-13 11:05:59 --> Total execution time: 0.0667
DEBUG - 2022-12-13 11:06:07 --> UTF-8 Support Enabled
DEBUG - 2022-12-13 11:06:07 --> Global POST, GET and COOKIE data sanitized
DEBUG - 2022-12-13 11:06:07 --> Config file loaded: /hwonpark/www/application/config/tree.php
DEBUG - 2022-12-13 11:06:07 --> Encryption: Auto-configured driver 'openssl'.
DEBUG - 2022-12-13 11:06:07 --> Total execution time: 0.0374
DEBUG - 2022-12-13 11:07:01 --> UTF-8 Support Enabled
DEBUG - 2022-12-13 11:07:01 --> Global POST, GET and COOKIE data sanitized
DEBUG - 2022-12-13 11:07:01 --> Config file loaded: /hwonpark/www/application/config/tree.php
DEBUG - 2022-12-13 11:07:01 --> Encryption: Auto-configured driver 'openssl'.
DEBUG - 2022-12-13 11:07:01 --> Total execution time: 0.0744
DEBUG - 2022-12-13 11:07:03 --> UTF-8 Support Enabled
DEBUG - 2022-12-13 11:07:03 --> Global POST, GET and COOKIE data sanitized
DEBUG - 2022-12-13 11:07:03 --> Config file loaded: /hwonpark/www/application/config/tree.php
DEBUG - 2022-12-13 11:07:03 --> Encryption: Auto-configured driver 'openssl'.
DEBUG - 2022-12-13 11:07:03 --> Total execution time: 0.0417
DEBUG - 2022-12-13 11:07:57 --> UTF-8 Support Enabled
DEBUG - 2022-12-13 11:07:57 --> Global POST, GET and COOKIE data sanitized
DEBUG - 2022-12-13 11:07:57 --> Config file loaded: /hwonpark/www/application/config/tree.php
DEBUG - 2022-12-13 11:07:57 --> Encryption: Auto-configured driver 'openssl'.
DEBUG - 2022-12-13 11:07:57 --> Total execution time: 0.0455
DEBUG - 2022-12-13 11:07:59 --> UTF-8 Support Enabled
DEBUG - 2022-12-13 11:07:59 --> Global POST, GET and COOKIE data sanitized
DEBUG - 2022-12-13 11:07:59 --> Config file loaded: /hwonpark/www/application/config/tree.php
DEBUG - 2022-12-13 11:07:59 --> Encryption: Auto-configured driver 'openssl'.
DEBUG - 2022-12-13 11:07:59 --> Total execution time: 0.0350
DEBUG - 2022-12-13 11:09:47 --> UTF-8 Support Enabled
DEBUG - 2022-12-13 11:09:47 --> Global POST, GET and COOKIE data sanitized
DEBUG - 2022-12-13 11:09:47 --> Config file loaded: /hwonpark/www/application/config/tree.php
DEBUG - 2022-12-13 11:09:47 --> Encryption: Auto-configured driver 'openssl'.
DEBUG - 2022-12-13 11:09:48 --> UTF-8 Support Enabled
DEBUG - 2022-12-13 11:09:48 --> Global POST, GET and COOKIE data sanitized
DEBUG - 2022-12-13 11:09:48 --> Config file loaded: /hwonpark/www/application/config/tree.php
DEBUG - 2022-12-13 11:09:48 --> Encryption: Auto-configured driver 'openssl'.
DEBUG - 2022-12-13 11:09:48 --> Total execution time: 0.0381
DEBUG - 2022-12-13 11:09:52 --> UTF-8 Support Enabled
DEBUG - 2022-12-13 11:09:52 --> Global POST, GET and COOKIE data sanitized
DEBUG - 2022-12-13 11:09:52 --> Config file loaded: /hwonpark/www/application/config/tree.php
DEBUG - 2022-12-13 11:09:52 --> Encryption: Auto-configured driver 'openssl'.
DEBUG - 2022-12-13 11:09:52 --> Total execution time: 0.0346
DEBUG - 2022-12-13 11:11:48 --> UTF-8 Support Enabled
DEBUG - 2022-12-13 11:11:48 --> Global POST, GET and COOKIE data sanitized
DEBUG - 2022-12-13 11:11:48 --> Config file loaded: /hwonpark/www/application/config/tree.php
DEBUG - 2022-12-13 11:11:48 --> Encryption: Auto-configured driver 'openssl'.
DEBUG - 2022-12-13 11:11:49 --> UTF-8 Support Enabled
DEBUG - 2022-12-13 11:11:49 --> Global POST, GET and COOKIE data sanitized
DEBUG - 2022-12-13 11:11:49 --> Config file loaded: /hwonpark/www/application/config/tree.php
DEBUG - 2022-12-13 11:11:49 --> Encryption: Auto-configured driver 'openssl'.
DEBUG - 2022-12-13 11:11:49 --> Total execution time: 0.0787
DEBUG - 2022-12-13 11:11:52 --> UTF-8 Support Enabled
DEBUG - 2022-12-13 11:11:52 --> Global POST, GET and COOKIE data sanitized
DEBUG - 2022-12-13 11:11:52 --> Config file loaded: /hwonpark/www/application/config/tree.php
DEBUG - 2022-12-13 11:11:52 --> Encryption: Auto-configured driver 'openssl'.
DEBUG - 2022-12-13 11:11:52 --> Total execution time: 0.0650
DEBUG - 2022-12-13 11:13:35 --> UTF-8 Support Enabled
DEBUG - 2022-12-13 11:13:35 --> Global POST, GET and COOKIE data sanitized
DEBUG - 2022-12-13 11:13:35 --> Config file loaded: /hwonpark/www/application/config/tree.php
DEBUG - 2022-12-13 11:13:35 --> Encryption: Auto-configured driver 'openssl'.
DEBUG - 2022-12-13 11:13:36 --> UTF-8 Support Enabled
DEBUG - 2022-12-13 11:13:36 --> Global POST, GET and COOKIE data sanitized
DEBUG - 2022-12-13 11:13:36 --> Config file loaded: /hwonpark/www/application/config/tree.php
DEBUG - 2022-12-13 11:13:36 --> Encryption: Auto-configured driver 'openssl'.
DEBUG - 2022-12-13 11:13:36 --> Total execution time: 0.0494
DEBUG - 2022-12-13 11:14:58 --> UTF-8 Support Enabled
DEBUG - 2022-12-13 11:14:58 --> Global POST, GET and COOKIE data sanitized
DEBUG - 2022-12-13 11:14:58 --> Config file loaded: /hwonpark/www/application/config/tree.php
DEBUG - 2022-12-13 11:14:58 --> Encryption: Auto-configured driver 'openssl'.
DEBUG - 2022-12-13 11:14:58 --> Total execution time: 0.0466
DEBUG - 2022-12-13 11:16:16 --> UTF-8 Support Enabled
DEBUG - 2022-12-13 11:16:16 --> Global POST, GET and COOKIE data sanitized
DEBUG - 2022-12-13 11:16:16 --> Config file loaded: /hwonpark/www/application/config/tree.php
DEBUG - 2022-12-13 11:16:16 --> Encryption: Auto-configured driver 'openssl'.
DEBUG - 2022-12-13 11:16:17 --> UTF-8 Support Enabled
DEBUG - 2022-12-13 11:16:17 --> Global POST, GET and COOKIE data sanitized
DEBUG - 2022-12-13 11:16:17 --> Config file loaded: /hwonpark/www/application/config/tree.php
DEBUG - 2022-12-13 11:16:17 --> Encryption: Auto-configured driver 'openssl'.
DEBUG - 2022-12-13 11:16:17 --> Total execution time: 0.0501
DEBUG - 2022-12-13 11:16:21 --> UTF-8 Support Enabled
DEBUG - 2022-12-13 11:16:21 --> Global POST, GET and COOKIE data sanitized
DEBUG - 2022-12-13 11:16:21 --> Config file loaded: /hwonpark/www/application/config/tree.php
DEBUG - 2022-12-13 11:16:21 --> Encryption: Auto-configured driver 'openssl'.
DEBUG - 2022-12-13 11:16:21 --> Total execution time: 0.0356
DEBUG - 2022-12-13 11:17:54 --> UTF-8 Support Enabled
DEBUG - 2022-12-13 11:17:54 --> Global POST, GET and COOKIE data sanitized
DEBUG - 2022-12-13 11:17:54 --> Config file loaded: /hwonpark/www/application/config/tree.php
DEBUG - 2022-12-13 11:17:54 --> Encryption: Auto-configured driver 'openssl'.
DEBUG - 2022-12-13 11:17:55 --> UTF-8 Support Enabled
DEBUG - 2022-12-13 11:17:55 --> Global POST, GET and COOKIE data sanitized
DEBUG - 2022-12-13 11:17:55 --> Config file loaded: /hwonpark/www/application/config/tree.php
DEBUG - 2022-12-13 11:17:55 --> Encryption: Auto-configured driver 'openssl'.
DEBUG - 2022-12-13 11:17:55 --> Total execution time: 0.0550
DEBUG - 2022-12-13 13:11:03 --> UTF-8 Support Enabled
DEBUG - 2022-12-13 13:11:03 --> Global POST, GET and COOKIE data sanitized
DEBUG - 2022-12-13 13:11:03 --> Config file loaded: /hwonpark/www/application/config/tree.php
DEBUG - 2022-12-13 13:11:04 --> UTF-8 Support Enabled
DEBUG - 2022-12-13 13:11:04 --> No URI present. Default controller set.
DEBUG - 2022-12-13 13:11:04 --> Global POST, GET and COOKIE data sanitized
DEBUG - 2022-12-13 13:11:04 --> Config file loaded: /hwonpark/www/application/config/tree.php
DEBUG - 2022-12-13 13:11:04 --> Total execution time: 0.0377
DEBUG - 2022-12-13 13:11:09 --> UTF-8 Support Enabled
DEBUG - 2022-12-13 13:11:09 --> Global POST, GET and COOKIE data sanitized
DEBUG - 2022-12-13 13:11:09 --> Config file loaded: /hwonpark/www/application/config/tree.php
DEBUG - 2022-12-13 13:11:09 --> Total execution time: 0.0587
DEBUG - 2022-12-13 13:11:15 --> UTF-8 Support Enabled
DEBUG - 2022-12-13 13:11:15 --> Global POST, GET and COOKIE data sanitized
DEBUG - 2022-12-13 13:11:15 --> Config file loaded: /hwonpark/www/application/config/tree.php
DEBUG - 2022-12-13 13:11:16 --> UTF-8 Support Enabled
DEBUG - 2022-12-13 13:11:16 --> Global POST, GET and COOKIE data sanitized
DEBUG - 2022-12-13 13:11:16 --> Config file loaded: /hwonpark/www/application/config/tree.php
DEBUG - 2022-12-13 13:11:16 --> Encryption: Auto-configured driver 'openssl'.
DEBUG - 2022-12-13 13:11:16 --> UTF-8 Support Enabled
DEBUG - 2022-12-13 13:11:16 --> Global POST, GET and COOKIE data sanitized
DEBUG - 2022-12-13 13:11:16 --> Config file loaded: /hwonpark/www/application/config/tree.php
DEBUG - 2022-12-13 13:11:16 --> Encryption: Auto-configured driver 'openssl'.
DEBUG - 2022-12-13 13:11:16 --> Encryption class already loaded. Second attempt ignored.
DEBUG - 2022-12-13 13:11:16 --> Total execution time: 0.0654
DEBUG - 2022-12-13 13:11:17 --> UTF-8 Support Enabled
DEBUG - 2022-12-13 13:11:17 --> Global POST, GET and COOKIE data sanitized
DEBUG - 2022-12-13 13:11:17 --> Config file loaded: /hwonpark/www/application/config/tree.php
DEBUG - 2022-12-13 13:11:17 --> Encryption: Auto-configured driver 'openssl'.
DEBUG - 2022-12-13 13:11:17 --> Total execution time: 0.0486
DEBUG - 2022-12-13 13:11:19 --> UTF-8 Support Enabled
DEBUG - 2022-12-13 13:11:19 --> Global POST, GET and COOKIE data sanitized
DEBUG - 2022-12-13 13:11:19 --> Config file loaded: /hwonpark/www/application/config/tree.php
DEBUG - 2022-12-13 13:11:19 --> Encryption: Auto-configured driver 'openssl'.
DEBUG - 2022-12-13 13:11:19 --> Total execution time: 0.0638
DEBUG - 2022-12-13 13:12:09 --> UTF-8 Support Enabled
DEBUG - 2022-12-13 13:12:09 --> Global POST, GET and COOKIE data sanitized
DEBUG - 2022-12-13 13:12:09 --> Config file loaded: /hwonpark/www/application/config/tree.php
DEBUG - 2022-12-13 13:12:09 --> Encryption: Auto-configured driver 'openssl'.
DEBUG - 2022-12-13 13:12:09 --> Total execution time: 0.0449
DEBUG - 2022-12-13 13:12:10 --> UTF-8 Support Enabled
DEBUG - 2022-12-13 13:12:10 --> Global POST, GET and COOKIE data sanitized
DEBUG - 2022-12-13 13:12:10 --> Config file loaded: /hwonpark/www/application/config/tree.php
DEBUG - 2022-12-13 13:12:10 --> Encryption: Auto-configured driver 'openssl'.
DEBUG - 2022-12-13 13:12:10 --> Total execution time: 0.0370
DEBUG - 2022-12-13 13:13:31 --> UTF-8 Support Enabled
DEBUG - 2022-12-13 13:13:31 --> No URI present. Default controller set.
DEBUG - 2022-12-13 13:13:31 --> Global POST, GET and COOKIE data sanitized
DEBUG - 2022-12-13 13:13:31 --> Config file loaded: /hwonpark/www/application/config/tree.php
DEBUG - 2022-12-13 13:13:31 --> Total execution time: 0.0362
DEBUG - 2022-12-13 13:13:32 --> UTF-8 Support Enabled
DEBUG - 2022-12-13 13:13:32 --> Global POST, GET and COOKIE data sanitized
ERROR - 2022-12-13 13:13:32 --> 404 Page Not Found: Faviconico/index
DEBUG - 2022-12-13 13:13:38 --> UTF-8 Support Enabled
DEBUG - 2022-12-13 13:13:38 --> Global POST, GET and COOKIE data sanitized
DEBUG - 2022-12-13 13:13:38 --> Config file loaded: /hwonpark/www/application/config/tree.php
DEBUG - 2022-12-13 13:13:38 --> Encryption: Auto-configured driver 'openssl'.
DEBUG - 2022-12-13 13:13:40 --> UTF-8 Support Enabled
DEBUG - 2022-12-13 13:13:40 --> Global POST, GET and COOKIE data sanitized
DEBUG - 2022-12-13 13:13:40 --> Config file loaded: /hwonpark/www/application/config/tree.php
DEBUG - 2022-12-13 13:13:40 --> Encryption: Auto-configured driver 'openssl'.
DEBUG - 2022-12-13 13:13:40 --> Total execution time: 0.0527
DEBUG - 2022-12-13 13:13:45 --> UTF-8 Support Enabled
DEBUG - 2022-12-13 13:13:45 --> Global POST, GET and COOKIE data sanitized
DEBUG - 2022-12-13 13:13:45 --> Config file loaded: /hwonpark/www/application/config/tree.php
DEBUG - 2022-12-13 13:13:45 --> Encryption: Auto-configured driver 'openssl'.
DEBUG - 2022-12-13 13:13:45 --> Total execution time: 0.0343
DEBUG - 2022-12-13 13:14:12 --> UTF-8 Support Enabled
DEBUG - 2022-12-13 13:14:12 --> No URI present. Default controller set.
DEBUG - 2022-12-13 13:14:12 --> Global POST, GET and COOKIE data sanitized
DEBUG - 2022-12-13 13:14:12 --> Config file loaded: /hwonpark/www/application/config/tree.php
DEBUG - 2022-12-13 13:14:12 --> Encryption: Auto-configured driver 'openssl'.
DEBUG - 2022-12-13 13:14:12 --> Total execution time: 0.0409
DEBUG - 2022-12-13 13:14:20 --> UTF-8 Support Enabled
DEBUG - 2022-12-13 13:14:20 --> Global POST, GET and COOKIE data sanitized
DEBUG - 2022-12-13 13:14:20 --> Config file loaded: /hwonpark/www/application/config/tree.php
DEBUG - 2022-12-13 13:14:20 --> Total execution time: 0.0456
DEBUG - 2022-12-13 13:15:01 --> UTF-8 Support Enabled
DEBUG - 2022-12-13 13:15:01 --> Global POST, GET and COOKIE data sanitized
DEBUG - 2022-12-13 13:15:01 --> Config file loaded: /hwonpark/www/application/config/tree.php
DEBUG - 2022-12-13 13:15:01 --> Total execution time: 0.0351
DEBUG - 2022-12-13 13:15:21 --> UTF-8 Support Enabled
DEBUG - 2022-12-13 13:15:21 --> Global POST, GET and COOKIE data sanitized
DEBUG - 2022-12-13 13:15:21 --> Config file loaded: /hwonpark/www/application/config/tree.php
DEBUG - 2022-12-13 13:15:21 --> Encryption: Auto-configured driver 'openssl'.
DEBUG - 2022-12-13 13:15:22 --> UTF-8 Support Enabled
DEBUG - 2022-12-13 13:15:22 --> Global POST, GET and COOKIE data sanitized
DEBUG - 2022-12-13 13:15:22 --> Config file loaded: /hwonpark/www/application/config/tree.php
DEBUG - 2022-12-13 13:15:22 --> Encryption: Auto-configured driver 'openssl'.
DEBUG - 2022-12-13 13:15:22 --> Total execution time: 0.0386
DEBUG - 2022-12-13 13:15:24 --> UTF-8 Support Enabled
DEBUG - 2022-12-13 13:15:24 --> Global POST, GET and COOKIE data sanitized
DEBUG - 2022-12-13 13:15:24 --> Config file loaded: /hwonpark/www/application/config/tree.php
DEBUG - 2022-12-13 13:15:24 --> Encryption: Auto-configured driver 'openssl'.
DEBUG - 2022-12-13 13:15:24 --> Total execution time: 0.0570
DEBUG - 2022-12-13 13:15:27 --> UTF-8 Support Enabled
DEBUG - 2022-12-13 13:15:27 --> No URI present. Default controller set.
DEBUG - 2022-12-13 13:15:27 --> Global POST, GET and COOKIE data sanitized
DEBUG - 2022-12-13 13:15:28 --> Config file loaded: /hwonpark/www/application/config/tree.php
DEBUG - 2022-12-13 13:15:28 --> Total execution time: 0.0356
DEBUG - 2022-12-13 13:15:57 --> UTF-8 Support Enabled
DEBUG - 2022-12-13 13:15:57 --> Global POST, GET and COOKIE data sanitized
DEBUG - 2022-12-13 13:15:57 --> Config file loaded: /hwonpark/www/application/config/tree.php
DEBUG - 2022-12-13 13:15:57 --> Total execution time: 0.0641
DEBUG - 2022-12-13 13:16:02 --> UTF-8 Support Enabled
DEBUG - 2022-12-13 13:16:02 --> Global POST, GET and COOKIE data sanitized
DEBUG - 2022-12-13 13:16:02 --> Config file loaded: /hwonpark/www/application/config/tree.php
DEBUG - 2022-12-13 13:16:02 --> Total execution time: 0.0518
DEBUG - 2022-12-13 13:16:12 --> UTF-8 Support Enabled
DEBUG - 2022-12-13 13:16:12 --> No URI present. Default controller set.
DEBUG - 2022-12-13 13:16:12 --> Global POST, GET and COOKIE data sanitized
DEBUG - 2022-12-13 13:16:12 --> Config file loaded: /hwonpark/www/application/config/tree.php
DEBUG - 2022-12-13 13:16:12 --> Total execution time: 0.0336
DEBUG - 2022-12-13 13:17:28 --> UTF-8 Support Enabled
DEBUG - 2022-12-13 13:17:28 --> Global POST, GET and COOKIE data sanitized
DEBUG - 2022-12-13 13:17:28 --> Config file loaded: /hwonpark/www/application/config/tree.php
DEBUG - 2022-12-13 13:17:28 --> Encryption: Auto-configured driver 'openssl'.
DEBUG - 2022-12-13 13:17:29 --> UTF-8 Support Enabled
DEBUG - 2022-12-13 13:17:29 --> Global POST, GET and COOKIE data sanitized
DEBUG - 2022-12-13 13:17:29 --> Config file loaded: /hwonpark/www/application/config/tree.php
DEBUG - 2022-12-13 13:17:29 --> Encryption: Auto-configured driver 'openssl'.
DEBUG - 2022-12-13 13:17:29 --> Total execution time: 0.0721
DEBUG - 2022-12-13 13:17:32 --> UTF-8 Support Enabled
DEBUG - 2022-12-13 13:17:32 --> Global POST, GET and COOKIE data sanitized
DEBUG - 2022-12-13 13:17:32 --> Config file loaded: /hwonpark/www/application/config/tree.php
DEBUG - 2022-12-13 13:17:32 --> Encryption: Auto-configured driver 'openssl'.
DEBUG - 2022-12-13 13:17:32 --> Total execution time: 0.0710
DEBUG - 2022-12-13 13:19:07 --> UTF-8 Support Enabled
DEBUG - 2022-12-13 13:19:07 --> Global POST, GET and COOKIE data sanitized
DEBUG - 2022-12-13 13:19:07 --> Config file loaded: /hwonpark/www/application/config/tree.php
DEBUG - 2022-12-13 13:19:07 --> Encryption: Auto-configured driver 'openssl'.
DEBUG - 2022-12-13 13:19:08 --> UTF-8 Support Enabled
DEBUG - 2022-12-13 13:19:08 --> Global POST, GET and COOKIE data sanitized
DEBUG - 2022-12-13 13:19:08 --> Config file loaded: /hwonpark/www/application/config/tree.php
DEBUG - 2022-12-13 13:19:08 --> Encryption: Auto-configured driver 'openssl'.
DEBUG - 2022-12-13 13:19:08 --> Total execution time: 0.0637
DEBUG - 2022-12-13 13:19:12 --> UTF-8 Support Enabled
DEBUG - 2022-12-13 13:19:12 --> Global POST, GET and COOKIE data sanitized
DEBUG - 2022-12-13 13:19:12 --> Config file loaded: /hwonpark/www/application/config/tree.php
DEBUG - 2022-12-13 13:19:12 --> Encryption: Auto-configured driver 'openssl'.
DEBUG - 2022-12-13 13:19:12 --> Total execution time: 0.0545
DEBUG - 2022-12-13 13:20:53 --> UTF-8 Support Enabled
DEBUG - 2022-12-13 13:20:53 --> Global POST, GET and COOKIE data sanitized
DEBUG - 2022-12-13 13:20:53 --> Config file loaded: /hwonpark/www/application/config/tree.php
DEBUG - 2022-12-13 13:20:53 --> Encryption: Auto-configured driver 'openssl'.
DEBUG - 2022-12-13 13:20:55 --> UTF-8 Support Enabled
DEBUG - 2022-12-13 13:20:55 --> Global POST, GET and COOKIE data sanitized
DEBUG - 2022-12-13 13:20:55 --> Config file loaded: /hwonpark/www/application/config/tree.php
DEBUG - 2022-12-13 13:20:55 --> Encryption: Auto-configured driver 'openssl'.
DEBUG - 2022-12-13 13:20:55 --> Total execution time: 0.0734
DEBUG - 2022-12-13 13:20:57 --> UTF-8 Support Enabled
DEBUG - 2022-12-13 13:20:57 --> Global POST, GET and COOKIE data sanitized
DEBUG - 2022-12-13 13:20:57 --> Config file loaded: /hwonpark/www/application/config/tree.php
DEBUG - 2022-12-13 13:20:57 --> Encryption: Auto-configured driver 'openssl'.
DEBUG - 2022-12-13 13:20:57 --> Total execution time: 0.0995
DEBUG - 2022-12-13 13:21:00 --> UTF-8 Support Enabled
DEBUG - 2022-12-13 13:21:00 --> Global POST, GET and COOKIE data sanitized
DEBUG - 2022-12-13 13:21:00 --> Config file loaded: /hwonpark/www/application/config/tree.php
DEBUG - 2022-12-13 13:21:00 --> Encryption: Auto-configured driver 'openssl'.
DEBUG - 2022-12-13 13:21:01 --> Total execution time: 0.0860
DEBUG - 2022-12-13 13:21:07 --> UTF-8 Support Enabled
DEBUG - 2022-12-13 13:21:07 --> Global POST, GET and COOKIE data sanitized
DEBUG - 2022-12-13 13:21:07 --> Config file loaded: /hwonpark/www/application/config/tree.php
DEBUG - 2022-12-13 13:21:07 --> Encryption: Auto-configured driver 'openssl'.
DEBUG - 2022-12-13 13:21:07 --> UTF-8 Support Enabled
DEBUG - 2022-12-13 13:21:07 --> Global POST, GET and COOKIE data sanitized
DEBUG - 2022-12-13 13:21:07 --> Config file loaded: /hwonpark/www/application/config/tree.php
DEBUG - 2022-12-13 13:21:07 --> Encryption: Auto-configured driver 'openssl'.
DEBUG - 2022-12-13 13:21:07 --> Total execution time: 0.0387
DEBUG - 2022-12-13 13:21:16 --> UTF-8 Support Enabled
DEBUG - 2022-12-13 13:21:16 --> Global POST, GET and COOKIE data sanitized
DEBUG - 2022-12-13 13:21:16 --> Config file loaded: /hwonpark/www/application/config/tree.php
DEBUG - 2022-12-13 13:21:16 --> Encryption: Auto-configured driver 'openssl'.
DEBUG - 2022-12-13 13:21:16 --> Total execution time: 0.0348
DEBUG - 2022-12-13 13:21:25 --> UTF-8 Support Enabled
DEBUG - 2022-12-13 13:21:25 --> Global POST, GET and COOKIE data sanitized
DEBUG - 2022-12-13 13:21:25 --> Config file loaded: /hwonpark/www/application/config/tree.php
DEBUG - 2022-12-13 13:21:25 --> Total execution time: 0.0385
DEBUG - 2022-12-13 13:22:49 --> UTF-8 Support Enabled
DEBUG - 2022-12-13 13:22:49 --> Global POST, GET and COOKIE data sanitized
DEBUG - 2022-12-13 13:22:49 --> Config file loaded: /hwonpark/www/application/config/tree.php
DEBUG - 2022-12-13 13:22:49 --> Encryption: Auto-configured driver 'openssl'.
DEBUG - 2022-12-13 13:22:50 --> UTF-8 Support Enabled
DEBUG - 2022-12-13 13:22:50 --> Global POST, GET and COOKIE data sanitized
DEBUG - 2022-12-13 13:22:50 --> Config file loaded: /hwonpark/www/application/config/tree.php
DEBUG - 2022-12-13 13:22:50 --> Encryption: Auto-configured driver 'openssl'.
DEBUG - 2022-12-13 13:22:50 --> Total execution time: 0.0369
DEBUG - 2022-12-13 13:24:07 --> UTF-8 Support Enabled
DEBUG - 2022-12-13 13:24:07 --> Global POST, GET and COOKIE data sanitized
DEBUG - 2022-12-13 13:24:07 --> Config file loaded: /hwonpark/www/application/config/tree.php
DEBUG - 2022-12-13 13:24:07 --> Total execution time: 0.0655
DEBUG - 2022-12-13 13:24:12 --> UTF-8 Support Enabled
DEBUG - 2022-12-13 13:24:12 --> Global POST, GET and COOKIE data sanitized
DEBUG - 2022-12-13 13:24:12 --> Config file loaded: /hwonpark/www/application/config/tree.php
DEBUG - 2022-12-13 13:24:12 --> Total execution time: 0.0434
DEBUG - 2022-12-13 13:24:18 --> UTF-8 Support Enabled
DEBUG - 2022-12-13 13:24:18 --> Global POST, GET and COOKIE data sanitized
DEBUG - 2022-12-13 13:24:18 --> Config file loaded: /hwonpark/www/application/config/tree.php
DEBUG - 2022-12-13 13:24:19 --> UTF-8 Support Enabled
DEBUG - 2022-12-13 13:24:19 --> Global POST, GET and COOKIE data sanitized
DEBUG - 2022-12-13 13:24:19 --> Config file loaded: /hwonpark/www/application/config/tree.php
DEBUG - 2022-12-13 13:24:19 --> Encryption: Auto-configured driver 'openssl'.
DEBUG - 2022-12-13 13:24:19 --> UTF-8 Support Enabled
DEBUG - 2022-12-13 13:24:19 --> Global POST, GET and COOKIE data sanitized
DEBUG - 2022-12-13 13:24:19 --> Config file loaded: /hwonpark/www/application/config/tree.php
DEBUG - 2022-12-13 13:24:19 --> Encryption: Auto-configured driver 'openssl'.
DEBUG - 2022-12-13 13:24:19 --> Encryption class already loaded. Second attempt ignored.
DEBUG - 2022-12-13 13:24:19 --> Total execution time: 0.0395
DEBUG - 2022-12-13 13:24:55 --> UTF-8 Support Enabled
DEBUG - 2022-12-13 13:24:55 --> Global POST, GET and COOKIE data sanitized
DEBUG - 2022-12-13 13:24:55 --> Config file loaded: /hwonpark/www/application/config/tree.php
DEBUG - 2022-12-13 13:24:56 --> Encryption: Auto-configured driver 'openssl'.
DEBUG - 2022-12-13 13:24:56 --> Total execution time: 0.0730
DEBUG - 2022-12-13 13:26:04 --> UTF-8 Support Enabled
DEBUG - 2022-12-13 13:26:04 --> Global POST, GET and COOKIE data sanitized
DEBUG - 2022-12-13 13:26:04 --> Config file loaded: /hwonpark/www/application/config/tree.php
DEBUG - 2022-12-13 13:26:04 --> Encryption: Auto-configured driver 'openssl'.
DEBUG - 2022-12-13 13:26:04 --> Total execution time: 0.0468
DEBUG - 2022-12-13 13:26:07 --> UTF-8 Support Enabled
DEBUG - 2022-12-13 13:26:07 --> Global POST, GET and COOKIE data sanitized
DEBUG - 2022-12-13 13:26:07 --> Config file loaded: /hwonpark/www/application/config/tree.php
DEBUG - 2022-12-13 13:26:07 --> Encryption: Auto-configured driver 'openssl'.
DEBUG - 2022-12-13 13:26:07 --> Total execution time: 0.0403
DEBUG - 2022-12-13 13:26:09 --> UTF-8 Support Enabled
DEBUG - 2022-12-13 13:26:09 --> Global POST, GET and COOKIE data sanitized
DEBUG - 2022-12-13 13:26:09 --> Config file loaded: /hwonpark/www/application/config/tree.php
DEBUG - 2022-12-13 13:26:09 --> Encryption: Auto-configured driver 'openssl'.
DEBUG - 2022-12-13 13:26:09 --> Total execution time: 0.0392
DEBUG - 2022-12-13 13:26:58 --> UTF-8 Support Enabled
DEBUG - 2022-12-13 13:26:58 --> Global POST, GET and COOKIE data sanitized
DEBUG - 2022-12-13 13:26:58 --> Config file loaded: /hwonpark/www/application/config/tree.php
DEBUG - 2022-12-13 13:26:58 --> Encryption: Auto-configured driver 'openssl'.
DEBUG - 2022-12-13 13:26:59 --> UTF-8 Support Enabled
DEBUG - 2022-12-13 13:26:59 --> Global POST, GET and COOKIE data sanitized
DEBUG - 2022-12-13 13:26:59 --> Config file loaded: /hwonpark/www/application/config/tree.php
DEBUG - 2022-12-13 13:26:59 --> Encryption: Auto-configured driver 'openssl'.
DEBUG - 2022-12-13 13:26:59 --> Total execution time: 0.0416
DEBUG - 2022-12-13 13:27:01 --> UTF-8 Support Enabled
DEBUG - 2022-12-13 13:27:01 --> Global POST, GET and COOKIE data sanitized
DEBUG - 2022-12-13 13:27:01 --> Config file loaded: /hwonpark/www/application/config/tree.php
DEBUG - 2022-12-13 13:27:01 --> Encryption: Auto-configured driver 'openssl'.
DEBUG - 2022-12-13 13:27:01 --> Total execution time: 0.0534
DEBUG - 2022-12-13 13:27:03 --> UTF-8 Support Enabled
DEBUG - 2022-12-13 13:27:03 --> Global POST, GET and COOKIE data sanitized
DEBUG - 2022-12-13 13:27:03 --> Config file loaded: /hwonpark/www/application/config/tree.php
DEBUG - 2022-12-13 13:27:03 --> Encryption: Auto-configured driver 'openssl'.
DEBUG - 2022-12-13 13:27:03 --> Total execution time: 0.0557
DEBUG - 2022-12-13 13:27:13 --> UTF-8 Support Enabled
DEBUG - 2022-12-13 13:27:13 --> Global POST, GET and COOKIE data sanitized
DEBUG - 2022-12-13 13:27:14 --> Config file loaded: /hwonpark/www/application/config/tree.php
DEBUG - 2022-12-13 13:27:14 --> Encryption: Auto-configured driver 'openssl'.
DEBUG - 2022-12-13 13:27:14 --> UTF-8 Support Enabled
DEBUG - 2022-12-13 13:27:14 --> Global POST, GET and COOKIE data sanitized
DEBUG - 2022-12-13 13:27:14 --> Config file loaded: /hwonpark/www/application/config/tree.php
DEBUG - 2022-12-13 13:27:14 --> Encryption: Auto-configured driver 'openssl'.
DEBUG - 2022-12-13 13:27:14 --> Total execution time: 0.0358
DEBUG - 2022-12-13 13:27:17 --> UTF-8 Support Enabled
DEBUG - 2022-12-13 13:27:17 --> Global POST, GET and COOKIE data sanitized
DEBUG - 2022-12-13 13:27:17 --> Config file loaded: /hwonpark/www/application/config/tree.php
DEBUG - 2022-12-13 13:27:17 --> Encryption: Auto-configured driver 'openssl'.
DEBUG - 2022-12-13 13:27:17 --> Total execution time: 0.0460
DEBUG - 2022-12-13 13:28:27 --> UTF-8 Support Enabled
DEBUG - 2022-12-13 13:28:27 --> Global POST, GET and COOKIE data sanitized
DEBUG - 2022-12-13 13:28:27 --> Config file loaded: /hwonpark/www/application/config/tree.php
DEBUG - 2022-12-13 13:28:27 --> Encryption: Auto-configured driver 'openssl'.
DEBUG - 2022-12-13 13:28:27 --> Total execution time: 0.0462
DEBUG - 2022-12-13 13:28:30 --> UTF-8 Support Enabled
DEBUG - 2022-12-13 13:28:30 --> Global POST, GET and COOKIE data sanitized
DEBUG - 2022-12-13 13:28:30 --> Config file loaded: /hwonpark/www/application/config/tree.php
DEBUG - 2022-12-13 13:28:30 --> Encryption: Auto-configured driver 'openssl'.
DEBUG - 2022-12-13 13:28:30 --> Total execution time: 0.0437
DEBUG - 2022-12-13 13:28:34 --> UTF-8 Support Enabled
DEBUG - 2022-12-13 13:28:34 --> Global POST, GET and COOKIE data sanitized
DEBUG - 2022-12-13 13:28:34 --> Config file loaded: /hwonpark/www/application/config/tree.php
DEBUG - 2022-12-13 13:28:34 --> Encryption: Auto-configured driver 'openssl'.
DEBUG - 2022-12-13 13:28:34 --> Total execution time: 0.0344
DEBUG - 2022-12-13 13:28:38 --> UTF-8 Support Enabled
DEBUG - 2022-12-13 13:28:38 --> Global POST, GET and COOKIE data sanitized
DEBUG - 2022-12-13 13:28:38 --> Config file loaded: /hwonpark/www/application/config/tree.php
DEBUG - 2022-12-13 13:28:38 --> Encryption: Auto-configured driver 'openssl'.
DEBUG - 2022-12-13 13:28:38 --> Total execution time: 0.0437
DEBUG - 2022-12-13 13:28:40 --> UTF-8 Support Enabled
DEBUG - 2022-12-13 13:28:40 --> Global POST, GET and COOKIE data sanitized
DEBUG - 2022-12-13 13:28:40 --> Config file loaded: /hwonpark/www/application/config/tree.php
DEBUG - 2022-12-13 13:28:40 --> Encryption: Auto-configured driver 'openssl'.
DEBUG - 2022-12-13 13:28:40 --> Total execution time: 0.0359
DEBUG - 2022-12-13 13:29:22 --> UTF-8 Support Enabled
DEBUG - 2022-12-13 13:29:22 --> Global POST, GET and COOKIE data sanitized
DEBUG - 2022-12-13 13:29:22 --> Config file loaded: /hwonpark/www/application/config/tree.php
DEBUG - 2022-12-13 13:29:22 --> Encryption: Auto-configured driver 'openssl'.
DEBUG - 2022-12-13 13:29:22 --> UTF-8 Support Enabled
DEBUG - 2022-12-13 13:29:22 --> Global POST, GET and COOKIE data sanitized
DEBUG - 2022-12-13 13:29:22 --> Config file loaded: /hwonpark/www/application/config/tree.php
DEBUG - 2022-12-13 13:29:22 --> Encryption: Auto-configured driver 'openssl'.
DEBUG - 2022-12-13 13:29:22 --> Encryption class already loaded. Second attempt ignored.
DEBUG - 2022-12-13 13:29:22 --> Total execution time: 0.0374
DEBUG - 2022-12-13 13:29:24 --> UTF-8 Support Enabled
DEBUG - 2022-12-13 13:29:24 --> Global POST, GET and COOKIE data sanitized
DEBUG - 2022-12-13 13:29:24 --> Config file loaded: /hwonpark/www/application/config/tree.php
DEBUG - 2022-12-13 13:29:24 --> Encryption: Auto-configured driver 'openssl'.
DEBUG - 2022-12-13 13:29:24 --> Total execution time: 0.0816
DEBUG - 2022-12-13 13:29:28 --> UTF-8 Support Enabled
DEBUG - 2022-12-13 13:29:28 --> Global POST, GET and COOKIE data sanitized
DEBUG - 2022-12-13 13:29:28 --> Config file loaded: /hwonpark/www/application/config/tree.php
DEBUG - 2022-12-13 13:29:28 --> Encryption: Auto-configured driver 'openssl'.
DEBUG - 2022-12-13 13:29:28 --> Total execution time: 0.0673
DEBUG - 2022-12-13 13:29:30 --> UTF-8 Support Enabled
DEBUG - 2022-12-13 13:29:30 --> Global POST, GET and COOKIE data sanitized
DEBUG - 2022-12-13 13:29:30 --> Config file loaded: /hwonpark/www/application/config/tree.php
DEBUG - 2022-12-13 13:29:30 --> Encryption: Auto-configured driver 'openssl'.
DEBUG - 2022-12-13 13:29:30 --> Total execution time: 0.0358
DEBUG - 2022-12-13 13:29:59 --> UTF-8 Support Enabled
DEBUG - 2022-12-13 13:29:59 --> Global POST, GET and COOKIE data sanitized
DEBUG - 2022-12-13 13:29:59 --> Config file loaded: /hwonpark/www/application/config/tree.php
DEBUG - 2022-12-13 13:29:59 --> Encryption: Auto-configured driver 'openssl'.
DEBUG - 2022-12-13 13:30:00 --> UTF-8 Support Enabled
DEBUG - 2022-12-13 13:30:00 --> Global POST, GET and COOKIE data sanitized
DEBUG - 2022-12-13 13:30:00 --> Config file loaded: /hwonpark/www/application/config/tree.php
DEBUG - 2022-12-13 13:30:00 --> Encryption: Auto-configured driver 'openssl'.
DEBUG - 2022-12-13 13:30:00 --> Total execution time: 0.0345
DEBUG - 2022-12-13 13:30:08 --> UTF-8 Support Enabled
DEBUG - 2022-12-13 13:30:08 --> Global POST, GET and COOKIE data sanitized
DEBUG - 2022-12-13 13:30:08 --> Config file loaded: /hwonpark/www/application/config/tree.php
DEBUG - 2022-12-13 13:30:08 --> Encryption: Auto-configured driver 'openssl'.
DEBUG - 2022-12-13 13:30:08 --> Total execution time: 0.0758
DEBUG - 2022-12-13 13:30:09 --> UTF-8 Support Enabled
DEBUG - 2022-12-13 13:30:09 --> Global POST, GET and COOKIE data sanitized
DEBUG - 2022-12-13 13:30:09 --> Config file loaded: /hwonpark/www/application/config/tree.php
DEBUG - 2022-12-13 13:30:09 --> Encryption: Auto-configured driver 'openssl'.
DEBUG - 2022-12-13 13:30:09 --> Total execution time: 0.0462
DEBUG - 2022-12-13 13:30:13 --> UTF-8 Support Enabled
DEBUG - 2022-12-13 13:30:13 --> Global POST, GET and COOKIE data sanitized
DEBUG - 2022-12-13 13:30:13 --> Config file loaded: /hwonpark/www/application/config/tree.php
DEBUG - 2022-12-13 13:30:13 --> Encryption: Auto-configured driver 'openssl'.
DEBUG - 2022-12-13 13:30:13 --> UTF-8 Support Enabled
DEBUG - 2022-12-13 13:30:13 --> Global POST, GET and COOKIE data sanitized
DEBUG - 2022-12-13 13:30:13 --> Config file loaded: /hwonpark/www/application/config/tree.php
DEBUG - 2022-12-13 13:30:13 --> Encryption: Auto-configured driver 'openssl'.
DEBUG - 2022-12-13 13:30:13 --> Total execution time: 0.0465
DEBUG - 2022-12-13 13:31:23 --> UTF-8 Support Enabled
DEBUG - 2022-12-13 13:31:23 --> Global POST, GET and COOKIE data sanitized
DEBUG - 2022-12-13 13:31:23 --> Config file loaded: /hwonpark/www/application/config/tree.php
DEBUG - 2022-12-13 13:31:23 --> Encryption: Auto-configured driver 'openssl'.
DEBUG - 2022-12-13 13:31:23 --> Total execution time: 0.0916
DEBUG - 2022-12-13 13:31:49 --> UTF-8 Support Enabled
DEBUG - 2022-12-13 13:31:49 --> Global POST, GET and COOKIE data sanitized
DEBUG - 2022-12-13 13:31:49 --> Config file loaded: /hwonpark/www/application/config/tree.php
DEBUG - 2022-12-13 13:31:49 --> Encryption: Auto-configured driver 'openssl'.
DEBUG - 2022-12-13 13:31:50 --> UTF-8 Support Enabled
DEBUG - 2022-12-13 13:31:50 --> Global POST, GET and COOKIE data sanitized
DEBUG - 2022-12-13 13:31:50 --> Config file loaded: /hwonpark/www/application/config/tree.php
DEBUG - 2022-12-13 13:31:50 --> Encryption: Auto-configured driver 'openssl'.
DEBUG - 2022-12-13 13:31:50 --> Total execution time: 0.0396
DEBUG - 2022-12-13 13:37:14 --> UTF-8 Support Enabled
DEBUG - 2022-12-13 13:37:14 --> Global POST, GET and COOKIE data sanitized
DEBUG - 2022-12-13 13:37:14 --> Config file loaded: /hwonpark/www/application/config/tree.php
DEBUG - 2022-12-13 13:37:14 --> Encryption: Auto-configured driver 'openssl'.
DEBUG - 2022-12-13 13:37:14 --> Total execution time: 0.0442
DEBUG - 2022-12-13 13:37:16 --> UTF-8 Support Enabled
DEBUG - 2022-12-13 13:37:16 --> Global POST, GET and COOKIE data sanitized
DEBUG - 2022-12-13 13:37:16 --> Config file loaded: /hwonpark/www/application/config/tree.php
DEBUG - 2022-12-13 13:37:16 --> Encryption: Auto-configured driver 'openssl'.
DEBUG - 2022-12-13 13:37:16 --> Total execution time: 0.0354
DEBUG - 2022-12-13 13:37:58 --> UTF-8 Support Enabled
DEBUG - 2022-12-13 13:37:58 --> Global POST, GET and COOKIE data sanitized
DEBUG - 2022-12-13 13:37:58 --> Config file loaded: /hwonpark/www/application/config/tree.php
DEBUG - 2022-12-13 13:37:58 --> Encryption: Auto-configured driver 'openssl'.
DEBUG - 2022-12-13 13:37:59 --> UTF-8 Support Enabled
DEBUG - 2022-12-13 13:37:59 --> Global POST, GET and COOKIE data sanitized
DEBUG - 2022-12-13 13:37:59 --> Config file loaded: /hwonpark/www/application/config/tree.php
DEBUG - 2022-12-13 13:37:59 --> Encryption: Auto-configured driver 'openssl'.
DEBUG - 2022-12-13 13:37:59 --> Total execution time: 0.0380
DEBUG - 2022-12-13 13:38:06 --> UTF-8 Support Enabled
DEBUG - 2022-12-13 13:38:06 --> No URI present. Default controller set.
DEBUG - 2022-12-13 13:38:06 --> Global POST, GET and COOKIE data sanitized
DEBUG - 2022-12-13 13:38:06 --> Config file loaded: /hwonpark/www/application/config/tree.php
DEBUG - 2022-12-13 13:38:06 --> Total execution time: 0.0301
DEBUG - 2022-12-13 13:42:14 --> UTF-8 Support Enabled
DEBUG - 2022-12-13 13:42:14 --> Global POST, GET and COOKIE data sanitized
DEBUG - 2022-12-13 13:42:14 --> Config file loaded: /hwonpark/www/application/config/tree.php
DEBUG - 2022-12-13 13:42:14 --> Encryption: Auto-configured driver 'openssl'.
DEBUG - 2022-12-13 13:42:14 --> Total execution time: 0.0494
DEBUG - 2022-12-13 13:42:45 --> UTF-8 Support Enabled
DEBUG - 2022-12-13 13:42:45 --> Global POST, GET and COOKIE data sanitized
DEBUG - 2022-12-13 13:42:45 --> Config file loaded: /hwonpark/www/application/config/tree.php
DEBUG - 2022-12-13 13:42:45 --> Encryption: Auto-configured driver 'openssl'.
DEBUG - 2022-12-13 13:42:46 --> UTF-8 Support Enabled
DEBUG - 2022-12-13 13:42:46 --> Global POST, GET and COOKIE data sanitized
DEBUG - 2022-12-13 13:42:46 --> Config file loaded: /hwonpark/www/application/config/tree.php
DEBUG - 2022-12-13 13:42:46 --> Encryption: Auto-configured driver 'openssl'.
DEBUG - 2022-12-13 13:42:46 --> Total execution time: 0.0525
DEBUG - 2022-12-13 13:45:04 --> UTF-8 Support Enabled
DEBUG - 2022-12-13 13:45:04 --> Global POST, GET and COOKIE data sanitized
DEBUG - 2022-12-13 13:45:04 --> Config file loaded: /hwonpark/www/application/config/tree.php
DEBUG - 2022-12-13 13:45:04 --> Total execution time: 0.0454
DEBUG - 2022-12-13 13:45:18 --> UTF-8 Support Enabled
DEBUG - 2022-12-13 13:45:18 --> Global POST, GET and COOKIE data sanitized
DEBUG - 2022-12-13 13:45:18 --> Config file loaded: /hwonpark/www/application/config/tree.php
DEBUG - 2022-12-13 13:45:18 --> Total execution time: 0.0349
DEBUG - 2022-12-13 13:56:58 --> UTF-8 Support Enabled
DEBUG - 2022-12-13 13:56:58 --> Global POST, GET and COOKIE data sanitized
DEBUG - 2022-12-13 13:56:58 --> Config file loaded: /hwonpark/www/application/config/tree.php
DEBUG - 2022-12-13 13:56:58 --> Total execution time: 0.0309
DEBUG - 2022-12-13 13:57:33 --> UTF-8 Support Enabled
DEBUG - 2022-12-13 13:57:33 --> Global POST, GET and COOKIE data sanitized
DEBUG - 2022-12-13 13:57:33 --> Config file loaded: /hwonpark/www/application/config/tree.php
DEBUG - 2022-12-13 14:04:43 --> UTF-8 Support Enabled
DEBUG - 2022-12-13 14:04:43 --> Global POST, GET and COOKIE data sanitized
DEBUG - 2022-12-13 14:04:43 --> Config file loaded: /hwonpark/www/application/config/tree.php
DEBUG - 2022-12-13 14:04:43 --> Total execution time: 0.0559
DEBUG - 2022-12-13 14:04:59 --> UTF-8 Support Enabled
DEBUG - 2022-12-13 14:04:59 --> Global POST, GET and COOKIE data sanitized
DEBUG - 2022-12-13 14:04:59 --> Config file loaded: /hwonpark/www/application/config/tree.php
DEBUG - 2022-12-13 14:05:00 --> Total execution time: 0.0369
DEBUG - 2022-12-13 14:05:01 --> UTF-8 Support Enabled
DEBUG - 2022-12-13 14:05:01 --> Global POST, GET and COOKIE data sanitized
DEBUG - 2022-12-13 14:05:01 --> Config file loaded: /hwonpark/www/application/config/tree.php
DEBUG - 2022-12-13 14:05:01 --> =================== DL_auth-> oauth::CALLBACK - 시작
DEBUG - 2022-12-13 14:05:01 --> =================== DL_auth-> oauth::CALLBACK - kakao param=:: error=
DEBUG - 2022-12-13 14:05:01 --> =================== DL_auth-> oauth::CALLBACK - kakao param=:: state=
DEBUG - 2022-12-13 14:05:01 --> =================== DL_auth-> oauth::CALLBACK - kakao param=:: code=2YKBEKE1quvvPAIYoQiE5hMLcc2IrdpaFC9i0cpqi8r26btyWEDmXdaLMDB_q7M6Ts4eMgopcBQAAAGFCd82Pg
DEBUG - 2022-12-13 14:05:01 --> =================== DL_auth -> kakao oauth :2: code=2YKBEKE1quvvPAIYoQiE5hMLcc2IrdpaFC9i0cpqi8r26btyWEDmXdaLMDB_q7M6Ts4eMgopcBQAAAGFCd82Pg
DEBUG - 2022-12-13 14:05:01 --> ====================Dl_auth -> kakao_login :: 시작
DEBUG - 2022-12-13 14:05:01 --> --------------------Dl_auth::kakao_login - 1.토큰요청 시작
DEBUG - 2022-12-13 14:05:01 --> Dl_auth::kakao_login - get_token 시작 n=2
DEBUG - 2022-12-13 14:05:01 --> --------------------Dl_auth::kakao_login - 1.2.토큰요청 시작 -> 기타브라우저
DEBUG - 2022-12-13 14:05:01 --> --------------------Dl_auth::kakao_login - 1.3.토큰요청
DEBUG - 2022-12-13 14:05:01 --> --------------------Dl_auth::kakao_login - 1.4.토큰요청 -> 성공
DEBUG - 2022-12-13 14:05:01 --> UTF-8 Support Enabled
DEBUG - 2022-12-13 14:05:01 --> Global POST, GET and COOKIE data sanitized
DEBUG - 2022-12-13 14:05:01 --> Config file loaded: /hwonpark/www/application/config/tree.php
DEBUG - 2022-12-13 14:05:01 --> =================== DL_auth-> oauth::CALLBACK - 시작
DEBUG - 2022-12-13 14:05:01 --> =================== DL_auth-> oauth::CALLBACK - kakao param=:: error=
DEBUG - 2022-12-13 14:05:01 --> =================== DL_auth-> oauth::CALLBACK - kakao param=:: state=
DEBUG - 2022-12-13 14:05:01 --> =================== DL_auth-> oauth::CALLBACK - kakao param=:: code=2YKBEKE1quvvPAIYoQiE5hMLcc2IrdpaFC9i0cpqi8r26btyWEDmXdaLMDB_q7M6Ts4eMgopcBQAAAGFCd82Pg
DEBUG - 2022-12-13 14:05:01 --> =================== DL_auth -> kakao oauth :2: code=2YKBEKE1quvvPAIYoQiE5hMLcc2IrdpaFC9i0cpqi8r26btyWEDmXdaLMDB_q7M6Ts4eMgopcBQAAAGFCd82Pg
DEBUG - 2022-12-13 14:05:01 --> ====================Dl_auth -> kakao_login :: 시작
DEBUG - 2022-12-13 14:05:01 --> ====================Dl_auth::kakao_login - 1.3.5- 사이트 회원정보 업데이트 성공(카카오 인증 완료) state=
DEBUG - 2022-12-13 14:05:03 --> UTF-8 Support Enabled
DEBUG - 2022-12-13 14:05:03 --> Global POST, GET and COOKIE data sanitized
DEBUG - 2022-12-13 14:05:03 --> Config file loaded: /hwonpark/www/application/config/tree.php
DEBUG - 2022-12-13 14:05:03 --> Encryption: Auto-configured driver 'openssl'.
DEBUG - 2022-12-13 14:05:03 --> Total execution time: 0.0482
DEBUG - 2022-12-13 14:05:13 --> UTF-8 Support Enabled
DEBUG - 2022-12-13 14:05:13 --> Global POST, GET and COOKIE data sanitized
DEBUG - 2022-12-13 14:05:13 --> Config file loaded: /hwonpark/www/application/config/tree.php
DEBUG - 2022-12-13 14:05:13 --> Encryption: Auto-configured driver 'openssl'.
DEBUG - 2022-12-13 14:05:13 --> Total execution time: 0.0333
DEBUG - 2022-12-13 14:05:24 --> UTF-8 Support Enabled
DEBUG - 2022-12-13 14:05:24 --> Global POST, GET and COOKIE data sanitized
DEBUG - 2022-12-13 14:05:24 --> Config file loaded: /hwonpark/www/application/config/tree.php
DEBUG - 2022-12-13 14:05:24 --> Encryption: Auto-configured driver 'openssl'.
DEBUG - 2022-12-13 14:05:24 --> Total execution time: 0.0381
DEBUG - 2022-12-13 14:06:01 --> UTF-8 Support Enabled
DEBUG - 2022-12-13 14:06:01 --> Global POST, GET and COOKIE data sanitized
DEBUG - 2022-12-13 14:06:01 --> Config file loaded: /hwonpark/www/application/config/tree.php
DEBUG - 2022-12-13 14:06:01 --> Encryption: Auto-configured driver 'openssl'.
DEBUG - 2022-12-13 14:06:01 --> Total execution time: 0.0641
DEBUG - 2022-12-13 14:23:42 --> UTF-8 Support Enabled
DEBUG - 2022-12-13 14:23:42 --> Global POST, GET and COOKIE data sanitized
DEBUG - 2022-12-13 14:23:42 --> Config file loaded: /hwonpark/www/application/config/tree.php
DEBUG - 2022-12-13 14:23:42 --> Total execution time: 0.0353
DEBUG - 2022-12-13 14:23:43 --> UTF-8 Support Enabled
DEBUG - 2022-12-13 14:23:43 --> Global POST, GET and COOKIE data sanitized
DEBUG - 2022-12-13 14:23:43 --> Config file loaded: /hwonpark/www/application/config/tree.php
DEBUG - 2022-12-13 14:23:43 --> Total execution time: 0.0464
DEBUG - 2022-12-13 14:23:50 --> UTF-8 Support Enabled
DEBUG - 2022-12-13 14:23:50 --> Global POST, GET and COOKIE data sanitized
DEBUG - 2022-12-13 14:23:50 --> Config file loaded: /hwonpark/www/application/config/tree.php
DEBUG - 2022-12-13 14:23:51 --> UTF-8 Support Enabled
DEBUG - 2022-12-13 14:23:51 --> Global POST, GET and COOKIE data sanitized
DEBUG - 2022-12-13 14:23:51 --> Config file loaded: /hwonpark/www/application/config/tree.php
DEBUG - 2022-12-13 14:23:51 --> Total execution time: 0.0272
DEBUG - 2022-12-13 14:23:54 --> UTF-8 Support Enabled
DEBUG - 2022-12-13 14:23:54 --> Global POST, GET and COOKIE data sanitized
DEBUG - 2022-12-13 14:23:54 --> Config file loaded: /hwonpark/www/application/config/tree.php
DEBUG - 2022-12-13 14:23:54 --> =================== DL_auth-> oauth::CALLBACK - 시작
DEBUG - 2022-12-13 14:23:54 --> =================== DL_auth-> oauth::CALLBACK - kakao param=:: error=
DEBUG - 2022-12-13 14:23:54 --> =================== DL_auth-> oauth::CALLBACK - kakao param=:: state=
DEBUG - 2022-12-13 14:23:54 --> =================== DL_auth-> oauth::CALLBACK - kakao param=:: code=oEz6rYiuI9B2bZE1g7SZ6fUjFdDXPLIK70kIbVRyHJ3XXj04Tuml6yihBsdBU5aszTRKggopb1QAAAGFCfB_Dg
DEBUG - 2022-12-13 14:23:54 --> =================== DL_auth -> kakao oauth :2: code=oEz6rYiuI9B2bZE1g7SZ6fUjFdDXPLIK70kIbVRyHJ3XXj04Tuml6yihBsdBU5aszTRKggopb1QAAAGFCfB_Dg
DEBUG - 2022-12-13 14:23:54 --> ====================Dl_auth -> kakao_login :: 시작
DEBUG - 2022-12-13 14:23:54 --> --------------------Dl_auth::kakao_login - 1.토큰요청 시작
DEBUG - 2022-12-13 14:23:54 --> Dl_auth::kakao_login - get_token 시작 n=2
DEBUG - 2022-12-13 14:23:54 --> --------------------Dl_auth::kakao_login - 1.2.토큰요청 시작 -> 기타브라우저
DEBUG - 2022-12-13 14:23:54 --> --------------------Dl_auth::kakao_login - 1.3.토큰요청
DEBUG - 2022-12-13 14:23:54 --> --------------------Dl_auth::kakao_login - 1.4.토큰요청 -> 성공
DEBUG - 2022-12-13 14:23:54 --> UTF-8 Support Enabled
DEBUG - 2022-12-13 14:23:54 --> Global POST, GET and COOKIE data sanitized
DEBUG - 2022-12-13 14:23:54 --> Config file loaded: /hwonpark/www/application/config/tree.php
DEBUG - 2022-12-13 14:23:54 --> =================== DL_auth-> oauth::CALLBACK - 시작
DEBUG - 2022-12-13 14:23:54 --> =================== DL_auth-> oauth::CALLBACK - kakao param=:: error=
DEBUG - 2022-12-13 14:23:54 --> =================== DL_auth-> oauth::CALLBACK - kakao param=:: state=
DEBUG - 2022-12-13 14:23:54 --> =================== DL_auth-> oauth::CALLBACK - kakao param=:: code=oEz6rYiuI9B2bZE1g7SZ6fUjFdDXPLIK70kIbVRyHJ3XXj04Tuml6yihBsdBU5aszTRKggopb1QAAAGFCfB_Dg
DEBUG - 2022-12-13 14:23:54 --> =================== DL_auth -> kakao oauth :2: code=oEz6rYiuI9B2bZE1g7SZ6fUjFdDXPLIK70kIbVRyHJ3XXj04Tuml6yihBsdBU5aszTRKggopb1QAAAGFCfB_Dg
DEBUG - 2022-12-13 14:23:54 --> ====================Dl_auth -> kakao_login :: 시작
DEBUG - 2022-12-13 14:23:54 --> ====================Dl_auth::kakao_login - 1.3.5- 사이트 회원정보 업데이트 성공(카카오 인증 완료) state=
DEBUG - 2022-12-13 14:23:55 --> UTF-8 Support Enabled
DEBUG - 2022-12-13 14:23:55 --> Global POST, GET and COOKIE data sanitized
DEBUG - 2022-12-13 14:23:55 --> Config file loaded: /hwonpark/www/application/config/tree.php
DEBUG - 2022-12-13 14:23:55 --> Encryption: Auto-configured driver 'openssl'.
DEBUG - 2022-12-13 14:23:55 --> Total execution time: 0.0609
DEBUG - 2022-12-13 14:23:56 --> UTF-8 Support Enabled
DEBUG - 2022-12-13 14:23:56 --> Global POST, GET and COOKIE data sanitized
DEBUG - 2022-12-13 14:23:56 --> Config file loaded: /hwonpark/www/application/config/tree.php
DEBUG - 2022-12-13 14:23:56 --> Encryption: Auto-configured driver 'openssl'.
DEBUG - 2022-12-13 14:23:56 --> Total execution time: 0.0330
DEBUG - 2022-12-13 14:23:57 --> UTF-8 Support Enabled
DEBUG - 2022-12-13 14:23:57 --> Global POST, GET and COOKIE data sanitized
DEBUG - 2022-12-13 14:23:57 --> Config file loaded: /hwonpark/www/application/config/tree.php
DEBUG - 2022-12-13 14:23:57 --> Encryption: Auto-configured driver 'openssl'.
DEBUG - 2022-12-13 14:23:57 --> Total execution time: 0.0950
DEBUG - 2022-12-13 14:41:50 --> UTF-8 Support Enabled
DEBUG - 2022-12-13 14:41:50 --> No URI present. Default controller set.
DEBUG - 2022-12-13 14:41:50 --> Global POST, GET and COOKIE data sanitized
DEBUG - 2022-12-13 14:41:50 --> Config file loaded: /hwonpark/www/application/config/tree.php
DEBUG - 2022-12-13 14:41:50 --> Total execution time: 0.0310
DEBUG - 2022-12-13 15:06:53 --> UTF-8 Support Enabled
DEBUG - 2022-12-13 15:06:53 --> No URI present. Default controller set.
DEBUG - 2022-12-13 15:06:53 --> Global POST, GET and COOKIE data sanitized
DEBUG - 2022-12-13 15:06:53 --> Config file loaded: /hwonpark/www/application/config/tree.php
DEBUG - 2022-12-13 15:06:53 --> Total execution time: 0.0342
DEBUG - 2022-12-13 15:06:53 --> UTF-8 Support Enabled
DEBUG - 2022-12-13 15:06:53 --> No URI present. Default controller set.
DEBUG - 2022-12-13 15:06:53 --> Global POST, GET and COOKIE data sanitized
DEBUG - 2022-12-13 15:06:53 --> Config file loaded: /hwonpark/www/application/config/tree.php
DEBUG - 2022-12-13 15:06:53 --> Total execution time: 0.0518
DEBUG - 2022-12-13 15:06:56 --> UTF-8 Support Enabled
DEBUG - 2022-12-13 15:06:56 --> Global POST, GET and COOKIE data sanitized
DEBUG - 2022-12-13 15:06:56 --> Config file loaded: /hwonpark/www/application/config/tree.php
DEBUG - 2022-12-13 15:06:56 --> Total execution time: 0.0317
DEBUG - 2022-12-13 15:07:00 --> UTF-8 Support Enabled
DEBUG - 2022-12-13 15:07:00 --> Global POST, GET and COOKIE data sanitized
DEBUG - 2022-12-13 15:07:00 --> Config file loaded: /hwonpark/www/application/config/tree.php
DEBUG - 2022-12-13 15:07:00 --> Total execution time: 0.0354
DEBUG - 2022-12-13 15:07:02 --> UTF-8 Support Enabled
DEBUG - 2022-12-13 15:07:02 --> Global POST, GET and COOKIE data sanitized
DEBUG - 2022-12-13 15:07:02 --> Config file loaded: /hwonpark/www/application/config/tree.php
DEBUG - 2022-12-13 15:07:02 --> =================== DL_auth-> oauth::CALLBACK - 시작
DEBUG - 2022-12-13 15:07:02 --> =================== DL_auth-> oauth::CALLBACK - kakao param=:: error=
DEBUG - 2022-12-13 15:07:02 --> =================== DL_auth-> oauth::CALLBACK - kakao param=:: state=
DEBUG - 2022-12-13 15:07:02 --> =================== DL_auth-> oauth::CALLBACK - kakao param=:: code=F-sOSoknHcMCl1lNqNgcsO9zcE3dqCuxFyie8MLGDzKwHkzx7gS1UB5Cdem6_fD4KtfVhworDNIAAAGFChf8tA
DEBUG - 2022-12-13 15:07:02 --> =================== DL_auth -> kakao oauth :2: code=F-sOSoknHcMCl1lNqNgcsO9zcE3dqCuxFyie8MLGDzKwHkzx7gS1UB5Cdem6_fD4KtfVhworDNIAAAGFChf8tA
DEBUG - 2022-12-13 15:07:02 --> ====================Dl_auth -> kakao_login :: 시작
DEBUG - 2022-12-13 15:07:02 --> --------------------Dl_auth::kakao_login - 1.토큰요청 시작
DEBUG - 2022-12-13 15:07:02 --> Dl_auth::kakao_login - get_token 시작 n=2
DEBUG - 2022-12-13 15:07:02 --> --------------------Dl_auth::kakao_login - 1.2.토큰요청 시작 -> 기타브라우저
DEBUG - 2022-12-13 15:07:02 --> --------------------Dl_auth::kakao_login - 1.3.토큰요청
DEBUG - 2022-12-13 15:07:02 --> --------------------Dl_auth::kakao_login - 1.4.토큰요청 -> 성공
DEBUG - 2022-12-13 15:07:02 --> UTF-8 Support Enabled
DEBUG - 2022-12-13 15:07:02 --> Global POST, GET and COOKIE data sanitized
DEBUG - 2022-12-13 15:07:02 --> Config file loaded: /hwonpark/www/application/config/tree.php
DEBUG - 2022-12-13 15:07:02 --> =================== DL_auth-> oauth::CALLBACK - 시작
DEBUG - 2022-12-13 15:07:02 --> =================== DL_auth-> oauth::CALLBACK - kakao param=:: error=
DEBUG - 2022-12-13 15:07:02 --> =================== DL_auth-> oauth::CALLBACK - kakao param=:: state=
DEBUG - 2022-12-13 15:07:02 --> =================== DL_auth-> oauth::CALLBACK - kakao param=:: code=F-sOSoknHcMCl1lNqNgcsO9zcE3dqCuxFyie8MLGDzKwHkzx7gS1UB5Cdem6_fD4KtfVhworDNIAAAGFChf8tA
DEBUG - 2022-12-13 15:07:02 --> =================== DL_auth -> kakao oauth :2: code=F-sOSoknHcMCl1lNqNgcsO9zcE3dqCuxFyie8MLGDzKwHkzx7gS1UB5Cdem6_fD4KtfVhworDNIAAAGFChf8tA
DEBUG - 2022-12-13 15:07:02 --> ====================Dl_auth -> kakao_login :: 시작
DEBUG - 2022-12-13 15:07:02 --> ====================Dl_auth::kakao_login - 1.3.5- 사이트 회원정보 업데이트 성공(카카오 인증 완료) state=
DEBUG - 2022-12-13 15:07:03 --> UTF-8 Support Enabled
DEBUG - 2022-12-13 15:07:03 --> Global POST, GET and COOKIE data sanitized
DEBUG - 2022-12-13 15:07:03 --> Config file loaded: /hwonpark/www/application/config/tree.php
DEBUG - 2022-12-13 15:07:03 --> Encryption: Auto-configured driver 'openssl'.
DEBUG - 2022-12-13 15:07:03 --> Total execution time: 0.0420
DEBUG - 2022-12-13 15:07:05 --> UTF-8 Support Enabled
DEBUG - 2022-12-13 15:07:05 --> Global POST, GET and COOKIE data sanitized
DEBUG - 2022-12-13 15:07:05 --> Config file loaded: /hwonpark/www/application/config/tree.php
DEBUG - 2022-12-13 15:07:05 --> Encryption: Auto-configured driver 'openssl'.
DEBUG - 2022-12-13 15:07:05 --> Total execution time: 0.0339
DEBUG - 2022-12-13 15:07:15 --> UTF-8 Support Enabled
DEBUG - 2022-12-13 15:07:15 --> Global POST, GET and COOKIE data sanitized
DEBUG - 2022-12-13 15:07:15 --> Config file loaded: /hwonpark/www/application/config/tree.php
DEBUG - 2022-12-13 15:07:15 --> Encryption: Auto-configured driver 'openssl'.
DEBUG - 2022-12-13 15:07:15 --> Total execution time: 0.0375
DEBUG - 2022-12-13 15:07:24 --> UTF-8 Support Enabled
DEBUG - 2022-12-13 15:07:24 --> Global POST, GET and COOKIE data sanitized
DEBUG - 2022-12-13 15:07:24 --> Config file loaded: /hwonpark/www/application/config/tree.php
DEBUG - 2022-12-13 15:07:24 --> Encryption: Auto-configured driver 'openssl'.
DEBUG - 2022-12-13 15:07:24 --> Total execution time: 0.0367
DEBUG - 2022-12-13 15:07:33 --> UTF-8 Support Enabled
DEBUG - 2022-12-13 15:07:33 --> Global POST, GET and COOKIE data sanitized
DEBUG - 2022-12-13 15:07:33 --> Config file loaded: /hwonpark/www/application/config/tree.php
DEBUG - 2022-12-13 15:07:33 --> Encryption: Auto-configured driver 'openssl'.
DEBUG - 2022-12-13 15:07:33 --> Total execution time: 0.0625
DEBUG - 2022-12-13 15:33:37 --> UTF-8 Support Enabled
DEBUG - 2022-12-13 15:33:37 --> Global POST, GET and COOKIE data sanitized
DEBUG - 2022-12-13 15:33:37 --> Config file loaded: /hwonpark/www/application/config/tree.php
DEBUG - 2022-12-13 15:33:39 --> UTF-8 Support Enabled
DEBUG - 2022-12-13 15:33:39 --> Global POST, GET and COOKIE data sanitized
DEBUG - 2022-12-13 15:33:39 --> Config file loaded: /hwonpark/www/application/config/tree.php
DEBUG - 2022-12-13 15:33:39 --> Total execution time: 0.0395
DEBUG - 2022-12-13 15:33:40 --> UTF-8 Support Enabled
DEBUG - 2022-12-13 15:33:40 --> Global POST, GET and COOKIE data sanitized
ERROR - 2022-12-13 15:33:40 --> 404 Page Not Found: Faviconico/index
DEBUG - 2022-12-13 15:34:15 --> UTF-8 Support Enabled
DEBUG - 2022-12-13 15:34:15 --> Global POST, GET and COOKIE data sanitized
DEBUG - 2022-12-13 15:34:15 --> Config file loaded: /hwonpark/www/application/config/tree.php
DEBUG - 2022-12-13 15:34:23 --> UTF-8 Support Enabled
DEBUG - 2022-12-13 15:34:23 --> Global POST, GET and COOKIE data sanitized
DEBUG - 2022-12-13 15:34:23 --> Config file loaded: /hwonpark/www/application/config/tree.php
DEBUG - 2022-12-13 15:34:23 --> Total execution time: 0.0299
DEBUG - 2022-12-13 15:34:29 --> UTF-8 Support Enabled
DEBUG - 2022-12-13 15:34:29 --> Global POST, GET and COOKIE data sanitized
DEBUG - 2022-12-13 15:34:29 --> Config file loaded: /hwonpark/www/application/config/tree.php
DEBUG - 2022-12-13 15:34:30 --> UTF-8 Support Enabled
DEBUG - 2022-12-13 15:34:30 --> No URI present. Default controller set.
DEBUG - 2022-12-13 15:34:30 --> Global POST, GET and COOKIE data sanitized
DEBUG - 2022-12-13 15:34:30 --> Config file loaded: /hwonpark/www/application/config/tree.php
DEBUG - 2022-12-13 15:34:30 --> Total execution time: 0.0735
DEBUG - 2022-12-13 15:34:33 --> UTF-8 Support Enabled
DEBUG - 2022-12-13 15:34:33 --> Global POST, GET and COOKIE data sanitized
DEBUG - 2022-12-13 15:34:33 --> Config file loaded: /hwonpark/www/application/config/tree.php
DEBUG - 2022-12-13 15:34:35 --> UTF-8 Support Enabled
DEBUG - 2022-12-13 15:34:35 --> No URI present. Default controller set.
DEBUG - 2022-12-13 15:34:35 --> Global POST, GET and COOKIE data sanitized
DEBUG - 2022-12-13 15:34:35 --> Config file loaded: /hwonpark/www/application/config/tree.php
DEBUG - 2022-12-13 15:34:35 --> Total execution time: 0.0461
DEBUG - 2022-12-13 15:34:41 --> UTF-8 Support Enabled
DEBUG - 2022-12-13 15:34:41 --> Global POST, GET and COOKIE data sanitized
DEBUG - 2022-12-13 15:34:41 --> Config file loaded: /hwonpark/www/application/config/tree.php
DEBUG - 2022-12-13 15:34:43 --> UTF-8 Support Enabled
DEBUG - 2022-12-13 15:34:43 --> No URI present. Default controller set.
DEBUG - 2022-12-13 15:34:43 --> Global POST, GET and COOKIE data sanitized
DEBUG - 2022-12-13 15:34:43 --> Config file loaded: /hwonpark/www/application/config/tree.php
DEBUG - 2022-12-13 15:34:43 --> Total execution time: 0.0304
DEBUG - 2022-12-13 15:34:50 --> UTF-8 Support Enabled
DEBUG - 2022-12-13 15:34:50 --> Global POST, GET and COOKIE data sanitized
DEBUG - 2022-12-13 15:34:50 --> Config file loaded: /hwonpark/www/application/config/tree.php
DEBUG - 2022-12-13 15:34:52 --> UTF-8 Support Enabled
DEBUG - 2022-12-13 15:34:52 --> No URI present. Default controller set.
DEBUG - 2022-12-13 15:34:52 --> Global POST, GET and COOKIE data sanitized
DEBUG - 2022-12-13 15:34:52 --> Config file loaded: /hwonpark/www/application/config/tree.php
DEBUG - 2022-12-13 15:34:52 --> Total execution time: 0.0271
DEBUG - 2022-12-13 15:34:58 --> UTF-8 Support Enabled
DEBUG - 2022-12-13 15:34:58 --> Global POST, GET and COOKIE data sanitized
DEBUG - 2022-12-13 15:34:58 --> Config file loaded: /hwonpark/www/application/config/tree.php
DEBUG - 2022-12-13 15:34:59 --> UTF-8 Support Enabled
DEBUG - 2022-12-13 15:34:59 --> No URI present. Default controller set.
DEBUG - 2022-12-13 15:34:59 --> Global POST, GET and COOKIE data sanitized
DEBUG - 2022-12-13 15:34:59 --> Config file loaded: /hwonpark/www/application/config/tree.php
DEBUG - 2022-12-13 15:34:59 --> Total execution time: 0.0260
DEBUG - 2022-12-13 15:35:04 --> UTF-8 Support Enabled
DEBUG - 2022-12-13 15:35:04 --> Global POST, GET and COOKIE data sanitized
DEBUG - 2022-12-13 15:35:04 --> Config file loaded: /hwonpark/www/application/config/tree.php
DEBUG - 2022-12-13 15:35:09 --> UTF-8 Support Enabled
DEBUG - 2022-12-13 15:35:09 --> No URI present. Default controller set.
DEBUG - 2022-12-13 15:35:09 --> Global POST, GET and COOKIE data sanitized
DEBUG - 2022-12-13 15:35:09 --> Config file loaded: /hwonpark/www/application/config/tree.php
DEBUG - 2022-12-13 15:35:09 --> Total execution time: 0.0326
DEBUG - 2022-12-13 15:38:25 --> UTF-8 Support Enabled
DEBUG - 2022-12-13 15:38:25 --> Global POST, GET and COOKIE data sanitized
DEBUG - 2022-12-13 15:38:25 --> Config file loaded: /hwonpark/www/application/config/tree.php
DEBUG - 2022-12-13 15:38:25 --> Total execution time: 0.0783
DEBUG - 2022-12-13 15:38:32 --> UTF-8 Support Enabled
DEBUG - 2022-12-13 15:38:32 --> Global POST, GET and COOKIE data sanitized
DEBUG - 2022-12-13 15:38:32 --> Config file loaded: /hwonpark/www/application/config/tree.php
DEBUG - 2022-12-13 15:38:34 --> UTF-8 Support Enabled
DEBUG - 2022-12-13 15:38:34 --> Global POST, GET and COOKIE data sanitized
DEBUG - 2022-12-13 15:38:34 --> Config file loaded: /hwonpark/www/application/config/tree.php
DEBUG - 2022-12-13 15:38:34 --> Encryption: Auto-configured driver 'openssl'.
DEBUG - 2022-12-13 15:38:34 --> UTF-8 Support Enabled
DEBUG - 2022-12-13 15:38:34 --> Global POST, GET and COOKIE data sanitized
DEBUG - 2022-12-13 15:38:34 --> Config file loaded: /hwonpark/www/application/config/tree.php
DEBUG - 2022-12-13 15:38:34 --> Encryption: Auto-configured driver 'openssl'.
DEBUG - 2022-12-13 15:38:34 --> Encryption class already loaded. Second attempt ignored.
DEBUG - 2022-12-13 15:38:34 --> Total execution time: 0.0599
DEBUG - 2022-12-13 15:38:35 --> UTF-8 Support Enabled
DEBUG - 2022-12-13 15:38:35 --> Global POST, GET and COOKIE data sanitized
DEBUG - 2022-12-13 15:38:35 --> Config file loaded: /hwonpark/www/application/config/tree.php
DEBUG - 2022-12-13 15:38:35 --> Encryption: Auto-configured driver 'openssl'.
DEBUG - 2022-12-13 15:38:35 --> Total execution time: 0.0426
DEBUG - 2022-12-13 15:38:41 --> UTF-8 Support Enabled
DEBUG - 2022-12-13 15:38:41 --> Global POST, GET and COOKIE data sanitized
DEBUG - 2022-12-13 15:38:41 --> Config file loaded: /hwonpark/www/application/config/tree.php
DEBUG - 2022-12-13 15:38:41 --> Encryption: Auto-configured driver 'openssl'.
DEBUG - 2022-12-13 15:38:41 --> Total execution time: 0.0477
DEBUG - 2022-12-13 15:38:43 --> UTF-8 Support Enabled
DEBUG - 2022-12-13 15:38:43 --> Global POST, GET and COOKIE data sanitized
DEBUG - 2022-12-13 15:38:43 --> Config file loaded: /hwonpark/www/application/config/tree.php
DEBUG - 2022-12-13 15:38:43 --> Encryption: Auto-configured driver 'openssl'.
DEBUG - 2022-12-13 15:38:43 --> UTF-8 Support Enabled
DEBUG - 2022-12-13 15:38:43 --> Global POST, GET and COOKIE data sanitized
DEBUG - 2022-12-13 15:38:43 --> Config file loaded: /hwonpark/www/application/config/tree.php
DEBUG - 2022-12-13 15:38:43 --> Encryption: Auto-configured driver 'openssl'.
DEBUG - 2022-12-13 15:38:43 --> Encryption class already loaded. Second attempt ignored.
DEBUG - 2022-12-13 15:38:43 --> Total execution time: 0.0386
DEBUG - 2022-12-13 15:38:45 --> UTF-8 Support Enabled
DEBUG - 2022-12-13 15:38:45 --> Global POST, GET and COOKIE data sanitized
DEBUG - 2022-12-13 15:38:45 --> Config file loaded: /hwonpark/www/application/config/tree.php
DEBUG - 2022-12-13 15:38:45 --> Encryption: Auto-configured driver 'openssl'.
DEBUG - 2022-12-13 15:38:45 --> Total execution time: 0.0380
DEBUG - 2022-12-13 16:51:07 --> UTF-8 Support Enabled
DEBUG - 2022-12-13 16:51:07 --> No URI present. Default controller set.
DEBUG - 2022-12-13 16:51:07 --> Global POST, GET and COOKIE data sanitized
ERROR - 2022-12-13 16:51:07 --> 404 Page Not Found: ERROR : url is wrong
DEBUG - 2022-12-13 16:52:13 --> UTF-8 Support Enabled
DEBUG - 2022-12-13 16:52:13 --> No URI present. Default controller set.
DEBUG - 2022-12-13 16:52:13 --> Global POST, GET and COOKIE data sanitized
ERROR - 2022-12-13 16:52:13 --> 404 Page Not Found: ERROR : url is wrong
DEBUG - 2022-12-13 16:54:28 --> UTF-8 Support Enabled
DEBUG - 2022-12-13 16:54:28 --> No URI present. Default controller set.
DEBUG - 2022-12-13 16:54:28 --> Global POST, GET and COOKIE data sanitized
ERROR - 2022-12-13 16:54:28 --> 404 Page Not Found: ERROR : url is wrong
DEBUG - 2022-12-13 16:57:41 --> UTF-8 Support Enabled
DEBUG - 2022-12-13 16:57:41 --> No URI present. Default controller set.
DEBUG - 2022-12-13 16:57:41 --> Global POST, GET and COOKIE data sanitized
ERROR - 2022-12-13 16:57:41 --> 404 Page Not Found: ERROR : url is wrong
DEBUG - 2022-12-13 17:01:15 --> UTF-8 Support Enabled
DEBUG - 2022-12-13 17:01:15 --> No URI present. Default controller set.
DEBUG - 2022-12-13 17:01:15 --> Global POST, GET and COOKIE data sanitized
ERROR - 2022-12-13 17:01:15 --> 404 Page Not Found: ERROR : url is wrong
DEBUG - 2022-12-13 17:05:57 --> UTF-8 Support Enabled
DEBUG - 2022-12-13 17:05:57 --> No URI present. Default controller set.
DEBUG - 2022-12-13 17:05:57 --> Global POST, GET and COOKIE data sanitized
ERROR - 2022-12-13 17:05:57 --> 404 Page Not Found: ERROR : url is wrong
DEBUG - 2022-12-13 17:33:25 --> UTF-8 Support Enabled
DEBUG - 2022-12-13 17:33:25 --> No URI present. Default controller set.
DEBUG - 2022-12-13 17:33:25 --> Global POST, GET and COOKIE data sanitized
DEBUG - 2022-12-13 17:33:25 --> Config file loaded: /hwonpark/www/application/config/tree.php
DEBUG - 2022-12-13 17:33:25 --> Total execution time: 0.0637
DEBUG - 2022-12-13 17:56:16 --> UTF-8 Support Enabled
DEBUG - 2022-12-13 17:56:16 --> Global POST, GET and COOKIE data sanitized
DEBUG - 2022-12-13 17:56:16 --> Config file loaded: /hwonpark/www/application/config/tree.php
DEBUG - 2022-12-13 17:56:19 --> UTF-8 Support Enabled
DEBUG - 2022-12-13 17:56:19 --> No URI present. Default controller set.
DEBUG - 2022-12-13 17:56:19 --> Global POST, GET and COOKIE data sanitized
DEBUG - 2022-12-13 17:56:19 --> Config file loaded: /hwonpark/www/application/config/tree.php
DEBUG - 2022-12-13 17:56:19 --> Total execution time: 0.0338
DEBUG - 2022-12-13 17:56:20 --> UTF-8 Support Enabled
DEBUG - 2022-12-13 17:56:20 --> Global POST, GET and COOKIE data sanitized
ERROR - 2022-12-13 17:56:20 --> 404 Page Not Found: Faviconico/index
DEBUG - 2022-12-13 17:56:20 --> UTF-8 Support Enabled
DEBUG - 2022-12-13 17:56:20 --> Global POST, GET and COOKIE data sanitized
DEBUG - 2022-12-13 17:56:20 --> Config file loaded: /hwonpark/www/application/config/tree.php
DEBUG - 2022-12-13 17:56:22 --> UTF-8 Support Enabled
DEBUG - 2022-12-13 17:56:22 --> Global POST, GET and COOKIE data sanitized
DEBUG - 2022-12-13 17:56:22 --> Config file loaded: /hwonpark/www/application/config/tree.php
DEBUG - 2022-12-13 17:56:22 --> Total execution time: 0.0323
