DEBUG - 2022-07-14 08:18:10 --> UTF-8 Support Enabled
DEBUG - 2022-07-14 08:18:10 --> No URI present. Default controller set.
DEBUG - 2022-07-14 08:18:10 --> Global POST, GET and COOKIE data sanitized
DEBUG - 2022-07-14 08:18:10 --> Config file loaded: /hwonpark/www/application/config/tree.php
DEBUG - 2022-07-14 08:18:10 --> Total execution time: 0.2332
DEBUG - 2022-07-14 08:18:11 --> UTF-8 Support Enabled
DEBUG - 2022-07-14 08:18:11 --> Global POST, GET and COOKIE data sanitized
ERROR - 2022-07-14 08:18:11 --> 404 Page Not Found: Faviconico/index
DEBUG - 2022-07-14 08:28:59 --> UTF-8 Support Enabled
DEBUG - 2022-07-14 08:28:59 --> No URI present. Default controller set.
DEBUG - 2022-07-14 08:28:59 --> Global POST, GET and COOKIE data sanitized
DEBUG - 2022-07-14 08:28:59 --> Config file loaded: /hwonpark/www/application/config/tree.php
DEBUG - 2022-07-14 08:28:59 --> Total execution time: 0.0307
DEBUG - 2022-07-14 08:29:00 --> UTF-8 Support Enabled
DEBUG - 2022-07-14 08:29:00 --> Global POST, GET and COOKIE data sanitized
ERROR - 2022-07-14 08:29:00 --> 404 Page Not Found: Faviconico/index
DEBUG - 2022-07-14 08:40:09 --> UTF-8 Support Enabled
DEBUG - 2022-07-14 08:40:09 --> No URI present. Default controller set.
DEBUG - 2022-07-14 08:40:09 --> Global POST, GET and COOKIE data sanitized
DEBUG - 2022-07-14 08:40:09 --> Config file loaded: /hwonpark/www/application/config/tree.php
DEBUG - 2022-07-14 08:40:09 --> Total execution time: 0.0306
DEBUG - 2022-07-14 09:48:34 --> UTF-8 Support Enabled
DEBUG - 2022-07-14 09:48:34 --> Global POST, GET and COOKIE data sanitized
DEBUG - 2022-07-14 09:48:34 --> Config file loaded: /hwonpark/www/application/config/tree.php
DEBUG - 2022-07-14 09:48:34 --> Total execution time: 0.0333
DEBUG - 2022-07-14 09:48:35 --> UTF-8 Support Enabled
DEBUG - 2022-07-14 09:48:35 --> Global POST, GET and COOKIE data sanitized
ERROR - 2022-07-14 09:48:35 --> 404 Page Not Found: Faviconico/index
DEBUG - 2022-07-14 09:48:44 --> UTF-8 Support Enabled
DEBUG - 2022-07-14 09:48:44 --> Global POST, GET and COOKIE data sanitized
DEBUG - 2022-07-14 09:48:44 --> Config file loaded: /hwonpark/www/application/config/tree.php
DEBUG - 2022-07-14 09:48:45 --> UTF-8 Support Enabled
DEBUG - 2022-07-14 09:48:45 --> Global POST, GET and COOKIE data sanitized
DEBUG - 2022-07-14 09:48:45 --> Config file loaded: /hwonpark/www/application/config/tree.php
DEBUG - 2022-07-14 09:48:45 --> Encryption: Auto-configured driver 'openssl'.
DEBUG - 2022-07-14 09:48:45 --> UTF-8 Support Enabled
DEBUG - 2022-07-14 09:48:45 --> Global POST, GET and COOKIE data sanitized
DEBUG - 2022-07-14 09:48:45 --> Config file loaded: /hwonpark/www/application/config/tree.php
DEBUG - 2022-07-14 09:48:45 --> Encryption: Auto-configured driver 'openssl'.
DEBUG - 2022-07-14 09:48:45 --> Encryption class already loaded. Second attempt ignored.
DEBUG - 2022-07-14 09:48:45 --> Total execution time: 0.0714
DEBUG - 2022-07-14 09:48:47 --> UTF-8 Support Enabled
DEBUG - 2022-07-14 09:48:47 --> Global POST, GET and COOKIE data sanitized
DEBUG - 2022-07-14 09:48:47 --> Config file loaded: /hwonpark/www/application/config/tree.php
DEBUG - 2022-07-14 09:48:48 --> Encryption: Auto-configured driver 'openssl'.
DEBUG - 2022-07-14 09:48:48 --> Total execution time: 0.1890
DEBUG - 2022-07-14 09:52:56 --> UTF-8 Support Enabled
DEBUG - 2022-07-14 09:52:56 --> Global POST, GET and COOKIE data sanitized
DEBUG - 2022-07-14 09:52:56 --> Config file loaded: /hwonpark/www/application/config/tree.php
DEBUG - 2022-07-14 09:52:56 --> Encryption: Auto-configured driver 'openssl'.
DEBUG - 2022-07-14 09:52:56 --> Total execution time: 0.0471
DEBUG - 2022-07-14 09:53:02 --> UTF-8 Support Enabled
DEBUG - 2022-07-14 09:53:02 --> Global POST, GET and COOKIE data sanitized
DEBUG - 2022-07-14 09:53:02 --> Config file loaded: /hwonpark/www/application/config/tree.php
DEBUG - 2022-07-14 09:53:02 --> Encryption: Auto-configured driver 'openssl'.
DEBUG - 2022-07-14 09:53:02 --> Total execution time: 0.0756
DEBUG - 2022-07-14 09:53:08 --> UTF-8 Support Enabled
DEBUG - 2022-07-14 09:53:08 --> Global POST, GET and COOKIE data sanitized
DEBUG - 2022-07-14 09:53:08 --> Config file loaded: /hwonpark/www/application/config/tree.php
DEBUG - 2022-07-14 09:53:08 --> Encryption: Auto-configured driver 'openssl'.
DEBUG - 2022-07-14 09:53:08 --> Total execution time: 0.0508
DEBUG - 2022-07-14 09:55:31 --> UTF-8 Support Enabled
DEBUG - 2022-07-14 09:55:31 --> Global POST, GET and COOKIE data sanitized
DEBUG - 2022-07-14 09:55:31 --> Config file loaded: /hwonpark/www/application/config/tree.php
DEBUG - 2022-07-14 09:55:31 --> Encryption: Auto-configured driver 'openssl'.
DEBUG - 2022-07-14 09:55:31 --> Total execution time: 0.0736
DEBUG - 2022-07-14 09:55:36 --> UTF-8 Support Enabled
DEBUG - 2022-07-14 09:55:36 --> Global POST, GET and COOKIE data sanitized
DEBUG - 2022-07-14 09:55:36 --> Config file loaded: /hwonpark/www/application/config/tree.php
DEBUG - 2022-07-14 09:55:36 --> Encryption: Auto-configured driver 'openssl'.
DEBUG - 2022-07-14 09:55:36 --> Total execution time: 0.0628
DEBUG - 2022-07-14 09:55:38 --> UTF-8 Support Enabled
DEBUG - 2022-07-14 09:55:38 --> Global POST, GET and COOKIE data sanitized
DEBUG - 2022-07-14 09:55:38 --> Config file loaded: /hwonpark/www/application/config/tree.php
DEBUG - 2022-07-14 09:55:38 --> Encryption: Auto-configured driver 'openssl'.
DEBUG - 2022-07-14 09:55:38 --> Total execution time: 0.0613
DEBUG - 2022-07-14 09:58:48 --> UTF-8 Support Enabled
DEBUG - 2022-07-14 09:58:48 --> Global POST, GET and COOKIE data sanitized
DEBUG - 2022-07-14 09:58:48 --> Config file loaded: /hwonpark/www/application/config/tree.php
DEBUG - 2022-07-14 09:58:48 --> Encryption: Auto-configured driver 'openssl'.
ERROR - 2022-07-14 09:58:48 --> Could not find the language line "imglib_invalid_image"
ERROR - 2022-07-14 09:58:48 --> imglib_invalid_image
DEBUG - 2022-07-14 09:58:48 --> DL_schema class already loaded. Second attempt ignored.
ERROR - 2022-07-14 09:58:48 --> Could not find the language line "imglib_invalid_image"
ERROR - 2022-07-14 09:58:48 --> imglib_invalid_image
DEBUG - 2022-07-14 09:58:48 --> DL_schema class already loaded. Second attempt ignored.
DEBUG - 2022-07-14 09:58:49 --> UTF-8 Support Enabled
DEBUG - 2022-07-14 09:58:49 --> Global POST, GET and COOKIE data sanitized
DEBUG - 2022-07-14 09:58:49 --> Config file loaded: /hwonpark/www/application/config/tree.php
DEBUG - 2022-07-14 09:58:49 --> Encryption: Auto-configured driver 'openssl'.
DEBUG - 2022-07-14 09:58:49 --> Total execution time: 0.0349
DEBUG - 2022-07-14 10:00:00 --> UTF-8 Support Enabled
DEBUG - 2022-07-14 10:00:00 --> Global POST, GET and COOKIE data sanitized
DEBUG - 2022-07-14 10:00:00 --> Config file loaded: /hwonpark/www/application/config/tree.php
DEBUG - 2022-07-14 10:00:00 --> Encryption: Auto-configured driver 'openssl'.
DEBUG - 2022-07-14 10:00:00 --> Total execution time: 0.0385
DEBUG - 2022-07-14 10:00:06 --> UTF-8 Support Enabled
DEBUG - 2022-07-14 10:00:06 --> Global POST, GET and COOKIE data sanitized
DEBUG - 2022-07-14 10:00:06 --> Config file loaded: /hwonpark/www/application/config/tree.php
DEBUG - 2022-07-14 10:00:06 --> Encryption: Auto-configured driver 'openssl'.
DEBUG - 2022-07-14 10:00:06 --> Total execution time: 0.0473
DEBUG - 2022-07-14 10:01:22 --> UTF-8 Support Enabled
DEBUG - 2022-07-14 10:01:22 --> Global POST, GET and COOKIE data sanitized
DEBUG - 2022-07-14 10:01:22 --> Config file loaded: /hwonpark/www/application/config/tree.php
DEBUG - 2022-07-14 10:01:22 --> Encryption: Auto-configured driver 'openssl'.
DEBUG - 2022-07-14 10:01:22 --> Total execution time: 0.0568
DEBUG - 2022-07-14 10:01:25 --> UTF-8 Support Enabled
DEBUG - 2022-07-14 10:01:25 --> Global POST, GET and COOKIE data sanitized
DEBUG - 2022-07-14 10:01:25 --> Config file loaded: /hwonpark/www/application/config/tree.php
DEBUG - 2022-07-14 10:01:25 --> Encryption: Auto-configured driver 'openssl'.
DEBUG - 2022-07-14 10:01:25 --> Total execution time: 0.0544
DEBUG - 2022-07-14 10:01:27 --> UTF-8 Support Enabled
DEBUG - 2022-07-14 10:01:27 --> Global POST, GET and COOKIE data sanitized
DEBUG - 2022-07-14 10:01:27 --> Config file loaded: /hwonpark/www/application/config/tree.php
DEBUG - 2022-07-14 10:01:27 --> Encryption: Auto-configured driver 'openssl'.
DEBUG - 2022-07-14 10:01:27 --> Total execution time: 0.0549
DEBUG - 2022-07-14 10:01:28 --> UTF-8 Support Enabled
DEBUG - 2022-07-14 10:01:28 --> Global POST, GET and COOKIE data sanitized
DEBUG - 2022-07-14 10:01:28 --> Config file loaded: /hwonpark/www/application/config/tree.php
DEBUG - 2022-07-14 10:01:28 --> Encryption: Auto-configured driver 'openssl'.
DEBUG - 2022-07-14 10:01:28 --> Total execution time: 0.0737
DEBUG - 2022-07-14 10:01:44 --> UTF-8 Support Enabled
DEBUG - 2022-07-14 10:01:44 --> Global POST, GET and COOKIE data sanitized
DEBUG - 2022-07-14 10:01:44 --> Config file loaded: /hwonpark/www/application/config/tree.php
DEBUG - 2022-07-14 10:01:44 --> Encryption: Auto-configured driver 'openssl'.
DEBUG - 2022-07-14 10:01:44 --> Total execution time: 0.0837
DEBUG - 2022-07-14 10:01:47 --> UTF-8 Support Enabled
DEBUG - 2022-07-14 10:01:47 --> Global POST, GET and COOKIE data sanitized
DEBUG - 2022-07-14 10:01:47 --> Config file loaded: /hwonpark/www/application/config/tree.php
DEBUG - 2022-07-14 10:01:47 --> Encryption: Auto-configured driver 'openssl'.
DEBUG - 2022-07-14 10:01:47 --> Total execution time: 0.0636
DEBUG - 2022-07-14 10:01:49 --> UTF-8 Support Enabled
DEBUG - 2022-07-14 10:01:49 --> Global POST, GET and COOKIE data sanitized
DEBUG - 2022-07-14 10:01:49 --> Config file loaded: /hwonpark/www/application/config/tree.php
DEBUG - 2022-07-14 10:01:49 --> Encryption: Auto-configured driver 'openssl'.
DEBUG - 2022-07-14 10:01:49 --> Total execution time: 0.0598
DEBUG - 2022-07-14 10:03:25 --> UTF-8 Support Enabled
DEBUG - 2022-07-14 10:03:25 --> Global POST, GET and COOKIE data sanitized
DEBUG - 2022-07-14 10:03:25 --> Config file loaded: /hwonpark/www/application/config/tree.php
DEBUG - 2022-07-14 10:03:25 --> Total execution time: 0.0423
DEBUG - 2022-07-14 10:03:26 --> UTF-8 Support Enabled
DEBUG - 2022-07-14 10:03:26 --> Global POST, GET and COOKIE data sanitized
ERROR - 2022-07-14 10:03:26 --> 404 Page Not Found: Faviconico/index
DEBUG - 2022-07-14 10:03:27 --> UTF-8 Support Enabled
DEBUG - 2022-07-14 10:03:27 --> No URI present. Default controller set.
DEBUG - 2022-07-14 10:03:27 --> Global POST, GET and COOKIE data sanitized
DEBUG - 2022-07-14 10:03:27 --> Config file loaded: /hwonpark/www/application/config/tree.php
DEBUG - 2022-07-14 10:03:27 --> Total execution time: 0.0322
DEBUG - 2022-07-14 10:03:32 --> UTF-8 Support Enabled
DEBUG - 2022-07-14 10:03:32 --> No URI present. Default controller set.
DEBUG - 2022-07-14 10:03:32 --> Global POST, GET and COOKIE data sanitized
DEBUG - 2022-07-14 10:03:32 --> Config file loaded: /hwonpark/www/application/config/tree.php
DEBUG - 2022-07-14 10:03:32 --> Total execution time: 0.0288
DEBUG - 2022-07-14 10:04:31 --> UTF-8 Support Enabled
DEBUG - 2022-07-14 10:04:31 --> Global POST, GET and COOKIE data sanitized
DEBUG - 2022-07-14 10:04:31 --> Config file loaded: /hwonpark/www/application/config/tree.php
DEBUG - 2022-07-14 10:04:31 --> Encryption: Auto-configured driver 'openssl'.
DEBUG - 2022-07-14 10:04:31 --> Total execution time: 0.0673
DEBUG - 2022-07-14 10:04:39 --> UTF-8 Support Enabled
DEBUG - 2022-07-14 10:04:39 --> Global POST, GET and COOKIE data sanitized
DEBUG - 2022-07-14 10:04:39 --> Config file loaded: /hwonpark/www/application/config/tree.php
DEBUG - 2022-07-14 10:04:39 --> Encryption: Auto-configured driver 'openssl'.
DEBUG - 2022-07-14 10:04:39 --> UTF-8 Support Enabled
DEBUG - 2022-07-14 10:04:39 --> Global POST, GET and COOKIE data sanitized
DEBUG - 2022-07-14 10:04:39 --> Config file loaded: /hwonpark/www/application/config/tree.php
DEBUG - 2022-07-14 10:04:39 --> Encryption: Auto-configured driver 'openssl'.
DEBUG - 2022-07-14 10:04:39 --> Total execution time: 0.0356
DEBUG - 2022-07-14 10:04:42 --> UTF-8 Support Enabled
DEBUG - 2022-07-14 10:04:42 --> Global POST, GET and COOKIE data sanitized
DEBUG - 2022-07-14 10:04:42 --> Config file loaded: /hwonpark/www/application/config/tree.php
DEBUG - 2022-07-14 10:04:42 --> Encryption: Auto-configured driver 'openssl'.
DEBUG - 2022-07-14 10:04:42 --> Total execution time: 0.1097
DEBUG - 2022-07-14 10:05:56 --> UTF-8 Support Enabled
DEBUG - 2022-07-14 10:05:56 --> Global POST, GET and COOKIE data sanitized
DEBUG - 2022-07-14 10:05:56 --> Config file loaded: /hwonpark/www/application/config/tree.php
DEBUG - 2022-07-14 10:05:56 --> Encryption: Auto-configured driver 'openssl'.
DEBUG - 2022-07-14 10:05:56 --> Total execution time: 0.0567
DEBUG - 2022-07-14 10:06:04 --> UTF-8 Support Enabled
DEBUG - 2022-07-14 10:06:04 --> Global POST, GET and COOKIE data sanitized
DEBUG - 2022-07-14 10:06:04 --> Config file loaded: /hwonpark/www/application/config/tree.php
DEBUG - 2022-07-14 10:06:04 --> Encryption: Auto-configured driver 'openssl'.
DEBUG - 2022-07-14 10:06:04 --> Total execution time: 0.1069
DEBUG - 2022-07-14 10:06:18 --> UTF-8 Support Enabled
DEBUG - 2022-07-14 10:06:18 --> Global POST, GET and COOKIE data sanitized
DEBUG - 2022-07-14 10:06:18 --> Config file loaded: /hwonpark/www/application/config/tree.php
DEBUG - 2022-07-14 10:06:18 --> Encryption: Auto-configured driver 'openssl'.
DEBUG - 2022-07-14 10:06:19 --> UTF-8 Support Enabled
DEBUG - 2022-07-14 10:06:19 --> Global POST, GET and COOKIE data sanitized
DEBUG - 2022-07-14 10:06:19 --> Config file loaded: /hwonpark/www/application/config/tree.php
DEBUG - 2022-07-14 10:06:19 --> Encryption: Auto-configured driver 'openssl'.
DEBUG - 2022-07-14 10:06:19 --> Total execution time: 0.1160
DEBUG - 2022-07-14 10:06:22 --> UTF-8 Support Enabled
DEBUG - 2022-07-14 10:06:22 --> Global POST, GET and COOKIE data sanitized
DEBUG - 2022-07-14 10:06:22 --> Config file loaded: /hwonpark/www/application/config/tree.php
DEBUG - 2022-07-14 10:06:22 --> Encryption: Auto-configured driver 'openssl'.
DEBUG - 2022-07-14 10:06:22 --> Total execution time: 0.0960
DEBUG - 2022-07-14 10:06:24 --> UTF-8 Support Enabled
DEBUG - 2022-07-14 10:06:24 --> Global POST, GET and COOKIE data sanitized
DEBUG - 2022-07-14 10:06:24 --> Config file loaded: /hwonpark/www/application/config/tree.php
DEBUG - 2022-07-14 10:06:24 --> Encryption: Auto-configured driver 'openssl'.
DEBUG - 2022-07-14 10:06:24 --> Total execution time: 0.1053
DEBUG - 2022-07-14 10:06:25 --> UTF-8 Support Enabled
DEBUG - 2022-07-14 10:06:25 --> Global POST, GET and COOKIE data sanitized
DEBUG - 2022-07-14 10:06:25 --> Config file loaded: /hwonpark/www/application/config/tree.php
DEBUG - 2022-07-14 10:06:25 --> Encryption: Auto-configured driver 'openssl'.
DEBUG - 2022-07-14 10:06:26 --> Total execution time: 0.1172
DEBUG - 2022-07-14 10:07:15 --> UTF-8 Support Enabled
DEBUG - 2022-07-14 10:07:15 --> No URI present. Default controller set.
DEBUG - 2022-07-14 10:07:15 --> Global POST, GET and COOKIE data sanitized
DEBUG - 2022-07-14 10:07:15 --> Config file loaded: /hwonpark/www/application/config/tree.php
DEBUG - 2022-07-14 10:07:15 --> Total execution time: 0.0404
DEBUG - 2022-07-14 10:07:22 --> UTF-8 Support Enabled
DEBUG - 2022-07-14 10:07:22 --> Global POST, GET and COOKIE data sanitized
DEBUG - 2022-07-14 10:07:22 --> Config file loaded: /hwonpark/www/application/config/tree.php
DEBUG - 2022-07-14 10:07:22 --> --------------------DC_common::chk_perm - 1.인가코드요청 시작 -> if 인앱브라우저
DEBUG - 2022-07-14 10:07:23 --> UTF-8 Support Enabled
DEBUG - 2022-07-14 10:07:23 --> Global POST, GET and COOKIE data sanitized
DEBUG - 2022-07-14 10:07:23 --> Config file loaded: /hwonpark/www/application/config/tree.php
DEBUG - 2022-07-14 10:07:23 --> =================== DL_auth-> oauth::CALLBACK - 시작
DEBUG - 2022-07-14 10:07:23 --> =================== DL_auth-> oauth::CALLBACK - kakao param=:: error=
DEBUG - 2022-07-14 10:07:23 --> =================== DL_auth-> oauth::CALLBACK - kakao param=:: state=/ko/brief/view?idx=26
DEBUG - 2022-07-14 10:07:23 --> =================== DL_auth-> oauth::CALLBACK - kakao param=:: code=r4oikADCJJb68qaWEQVpywJp-x029PzjFRQw2cobJqfoIG1pvSIu2Lyi6NYTQ-xqJkGK5Ao9dBEAAAGB-j8F_w
DEBUG - 2022-07-14 10:07:23 --> =================== DL_auth -> kakao oauth :2: code=r4oikADCJJb68qaWEQVpywJp-x029PzjFRQw2cobJqfoIG1pvSIu2Lyi6NYTQ-xqJkGK5Ao9dBEAAAGB-j8F_w
DEBUG - 2022-07-14 10:07:23 --> ====================Dl_auth -> kakao_login :: 시작
DEBUG - 2022-07-14 10:07:23 --> --------------------Dl_auth::kakao_login - 1.토큰요청 시작
DEBUG - 2022-07-14 10:07:23 --> Dl_auth::kakao_login - get_token 시작 n=2
DEBUG - 2022-07-14 10:07:23 --> --------------------Dl_auth::kakao_login - 1.2.토큰요청 시작 -> 기타브라우저
DEBUG - 2022-07-14 10:07:23 --> --------------------Dl_auth::kakao_login - 1.3.토큰요청
DEBUG - 2022-07-14 10:07:23 --> --------------------Dl_auth::kakao_login - 1.4.토큰요청 -> 성공
DEBUG - 2022-07-14 10:07:23 --> UTF-8 Support Enabled
DEBUG - 2022-07-14 10:07:23 --> Global POST, GET and COOKIE data sanitized
DEBUG - 2022-07-14 10:07:23 --> Config file loaded: /hwonpark/www/application/config/tree.php
DEBUG - 2022-07-14 10:07:23 --> =================== DL_auth-> oauth::CALLBACK - 시작
DEBUG - 2022-07-14 10:07:23 --> =================== DL_auth-> oauth::CALLBACK - kakao param=:: error=
DEBUG - 2022-07-14 10:07:23 --> =================== DL_auth-> oauth::CALLBACK - kakao param=:: state=/ko/brief/view?idx=26
DEBUG - 2022-07-14 10:07:23 --> =================== DL_auth-> oauth::CALLBACK - kakao param=:: code=r4oikADCJJb68qaWEQVpywJp-x029PzjFRQw2cobJqfoIG1pvSIu2Lyi6NYTQ-xqJkGK5Ao9dBEAAAGB-j8F_w
DEBUG - 2022-07-14 10:07:23 --> =================== DL_auth -> kakao oauth :2: code=r4oikADCJJb68qaWEQVpywJp-x029PzjFRQw2cobJqfoIG1pvSIu2Lyi6NYTQ-xqJkGK5Ao9dBEAAAGB-j8F_w
DEBUG - 2022-07-14 10:07:23 --> ====================Dl_auth -> kakao_login :: 시작
DEBUG - 2022-07-14 10:07:23 --> ====================Dl_auth::kakao_login - 1.3.5- 사이트 회원정보 업데이트 성공(카카오 인증 완료) state=/ko/brief/view?idx=26
DEBUG - 2022-07-14 10:07:23 --> UTF-8 Support Enabled
DEBUG - 2022-07-14 10:07:23 --> Global POST, GET and COOKIE data sanitized
DEBUG - 2022-07-14 10:07:23 --> Config file loaded: /hwonpark/www/application/config/tree.php
DEBUG - 2022-07-14 10:07:23 --> Encryption: Auto-configured driver 'openssl'.
DEBUG - 2022-07-14 10:07:23 --> --------------------DC_common::chk_perm - 1.인가코드요청 시작 -> if 인앱브라우저
DEBUG - 2022-07-14 10:07:24 --> Total execution time: 0.1892
DEBUG - 2022-07-14 10:07:29 --> UTF-8 Support Enabled
DEBUG - 2022-07-14 10:07:29 --> No URI present. Default controller set.
DEBUG - 2022-07-14 10:07:29 --> Global POST, GET and COOKIE data sanitized
DEBUG - 2022-07-14 10:07:29 --> Config file loaded: /hwonpark/www/application/config/tree.php
DEBUG - 2022-07-14 10:07:29 --> Encryption: Auto-configured driver 'openssl'.
DEBUG - 2022-07-14 10:07:29 --> Total execution time: 0.0450
DEBUG - 2022-07-14 10:07:30 --> UTF-8 Support Enabled
DEBUG - 2022-07-14 10:07:30 --> Global POST, GET and COOKIE data sanitized
DEBUG - 2022-07-14 10:07:30 --> Config file loaded: /hwonpark/www/application/config/tree.php
DEBUG - 2022-07-14 10:07:30 --> Encryption: Auto-configured driver 'openssl'.
DEBUG - 2022-07-14 10:07:30 --> --------------------DC_common::chk_perm - 1.인가코드요청 시작 -> if 인앱브라우저
DEBUG - 2022-07-14 10:07:30 --> Total execution time: 0.1545
DEBUG - 2022-07-14 10:08:57 --> UTF-8 Support Enabled
DEBUG - 2022-07-14 10:08:57 --> No URI present. Default controller set.
DEBUG - 2022-07-14 10:08:57 --> Global POST, GET and COOKIE data sanitized
DEBUG - 2022-07-14 10:08:57 --> Config file loaded: /hwonpark/www/application/config/tree.php
DEBUG - 2022-07-14 10:08:57 --> Total execution time: 0.0391
DEBUG - 2022-07-14 10:08:59 --> UTF-8 Support Enabled
DEBUG - 2022-07-14 10:08:59 --> Global POST, GET and COOKIE data sanitized
ERROR - 2022-07-14 10:08:59 --> 404 Page Not Found: Faviconico/index
DEBUG - 2022-07-14 10:09:03 --> UTF-8 Support Enabled
DEBUG - 2022-07-14 10:09:03 --> Global POST, GET and COOKIE data sanitized
DEBUG - 2022-07-14 10:09:03 --> Config file loaded: /hwonpark/www/application/config/tree.php
DEBUG - 2022-07-14 10:09:03 --> --------------------DC_common::chk_perm - 1.인가코드요청 시작 -> if 인앱브라우저
DEBUG - 2022-07-14 10:09:04 --> UTF-8 Support Enabled
DEBUG - 2022-07-14 10:09:04 --> Global POST, GET and COOKIE data sanitized
DEBUG - 2022-07-14 10:09:04 --> Config file loaded: /hwonpark/www/application/config/tree.php
DEBUG - 2022-07-14 10:09:04 --> =================== DL_auth-> oauth::CALLBACK - 시작
DEBUG - 2022-07-14 10:09:04 --> =================== DL_auth-> oauth::CALLBACK - kakao param=:: error=
DEBUG - 2022-07-14 10:09:04 --> =================== DL_auth-> oauth::CALLBACK - kakao param=:: state=/ko/brief/view?idx=26
DEBUG - 2022-07-14 10:09:04 --> =================== DL_auth-> oauth::CALLBACK - kakao param=:: code=7kd4fj1LTo8Yzex5mJuEB6ad2Z1x7aHgDIc-WJLIN7_cb9-VkKZsgs8WXl3NSPREwvxrWgorDR4AAAGB-kCRGw
DEBUG - 2022-07-14 10:09:04 --> =================== DL_auth -> kakao oauth :2: code=7kd4fj1LTo8Yzex5mJuEB6ad2Z1x7aHgDIc-WJLIN7_cb9-VkKZsgs8WXl3NSPREwvxrWgorDR4AAAGB-kCRGw
DEBUG - 2022-07-14 10:09:04 --> ====================Dl_auth -> kakao_login :: 시작
DEBUG - 2022-07-14 10:09:04 --> --------------------Dl_auth::kakao_login - 1.토큰요청 시작
DEBUG - 2022-07-14 10:09:04 --> Dl_auth::kakao_login - get_token 시작 n=2
DEBUG - 2022-07-14 10:09:04 --> --------------------Dl_auth::kakao_login - 1.2.토큰요청 시작 -> 기타브라우저
DEBUG - 2022-07-14 10:09:04 --> --------------------Dl_auth::kakao_login - 1.3.토큰요청
DEBUG - 2022-07-14 10:09:04 --> --------------------Dl_auth::kakao_login - 1.4.토큰요청 -> 성공
DEBUG - 2022-07-14 10:09:04 --> UTF-8 Support Enabled
DEBUG - 2022-07-14 10:09:04 --> Global POST, GET and COOKIE data sanitized
DEBUG - 2022-07-14 10:09:04 --> Config file loaded: /hwonpark/www/application/config/tree.php
DEBUG - 2022-07-14 10:09:04 --> =================== DL_auth-> oauth::CALLBACK - 시작
DEBUG - 2022-07-14 10:09:04 --> =================== DL_auth-> oauth::CALLBACK - kakao param=:: error=
DEBUG - 2022-07-14 10:09:04 --> =================== DL_auth-> oauth::CALLBACK - kakao param=:: state=/ko/brief/view?idx=26
DEBUG - 2022-07-14 10:09:04 --> =================== DL_auth-> oauth::CALLBACK - kakao param=:: code=7kd4fj1LTo8Yzex5mJuEB6ad2Z1x7aHgDIc-WJLIN7_cb9-VkKZsgs8WXl3NSPREwvxrWgorDR4AAAGB-kCRGw
DEBUG - 2022-07-14 10:09:04 --> =================== DL_auth -> kakao oauth :2: code=7kd4fj1LTo8Yzex5mJuEB6ad2Z1x7aHgDIc-WJLIN7_cb9-VkKZsgs8WXl3NSPREwvxrWgorDR4AAAGB-kCRGw
DEBUG - 2022-07-14 10:09:04 --> ====================Dl_auth -> kakao_login :: 시작
DEBUG - 2022-07-14 10:09:04 --> ====================Dl_auth::kakao_login - 1.3.5- 사이트 회원정보 업데이트 성공(카카오 인증 완료) state=/ko/brief/view?idx=26
DEBUG - 2022-07-14 10:09:04 --> UTF-8 Support Enabled
DEBUG - 2022-07-14 10:09:04 --> Global POST, GET and COOKIE data sanitized
DEBUG - 2022-07-14 10:09:04 --> Config file loaded: /hwonpark/www/application/config/tree.php
DEBUG - 2022-07-14 10:09:04 --> Encryption: Auto-configured driver 'openssl'.
DEBUG - 2022-07-14 10:09:04 --> --------------------DC_common::chk_perm - 1.인가코드요청 시작 -> if 인앱브라우저
DEBUG - 2022-07-14 10:09:04 --> Total execution time: 0.0851
DEBUG - 2022-07-14 10:12:55 --> UTF-8 Support Enabled
DEBUG - 2022-07-14 10:12:55 --> Global POST, GET and COOKIE data sanitized
DEBUG - 2022-07-14 10:12:55 --> Config file loaded: /hwonpark/www/application/config/tree.php
DEBUG - 2022-07-14 10:12:55 --> Encryption: Auto-configured driver 'openssl'.
DEBUG - 2022-07-14 10:12:55 --> Total execution time: 0.0410
DEBUG - 2022-07-14 10:12:58 --> UTF-8 Support Enabled
DEBUG - 2022-07-14 10:12:58 --> Global POST, GET and COOKIE data sanitized
DEBUG - 2022-07-14 10:12:59 --> Config file loaded: /hwonpark/www/application/config/tree.php
DEBUG - 2022-07-14 10:12:59 --> Encryption: Auto-configured driver 'openssl'.
DEBUG - 2022-07-14 10:12:59 --> Total execution time: 0.0338
DEBUG - 2022-07-14 10:13:01 --> UTF-8 Support Enabled
DEBUG - 2022-07-14 10:13:01 --> Global POST, GET and COOKIE data sanitized
DEBUG - 2022-07-14 10:13:01 --> Config file loaded: /hwonpark/www/application/config/tree.php
DEBUG - 2022-07-14 10:13:01 --> Encryption: Auto-configured driver 'openssl'.
DEBUG - 2022-07-14 10:13:01 --> Total execution time: 0.0474
DEBUG - 2022-07-14 10:13:17 --> UTF-8 Support Enabled
DEBUG - 2022-07-14 10:13:17 --> Global POST, GET and COOKIE data sanitized
DEBUG - 2022-07-14 10:13:17 --> Config file loaded: /hwonpark/www/application/config/tree.php
DEBUG - 2022-07-14 10:13:17 --> Encryption: Auto-configured driver 'openssl'.
DEBUG - 2022-07-14 10:13:17 --> Total execution time: 0.0727
DEBUG - 2022-07-14 10:13:21 --> UTF-8 Support Enabled
DEBUG - 2022-07-14 10:13:21 --> Global POST, GET and COOKIE data sanitized
DEBUG - 2022-07-14 10:13:21 --> Config file loaded: /hwonpark/www/application/config/tree.php
DEBUG - 2022-07-14 10:13:21 --> Encryption: Auto-configured driver 'openssl'.
DEBUG - 2022-07-14 10:13:21 --> Total execution time: 0.0345
DEBUG - 2022-07-14 10:13:24 --> UTF-8 Support Enabled
DEBUG - 2022-07-14 10:13:24 --> Global POST, GET and COOKIE data sanitized
DEBUG - 2022-07-14 10:13:24 --> Config file loaded: /hwonpark/www/application/config/tree.php
DEBUG - 2022-07-14 10:13:24 --> Encryption: Auto-configured driver 'openssl'.
DEBUG - 2022-07-14 10:13:24 --> Total execution time: 0.0383
DEBUG - 2022-07-14 10:13:27 --> UTF-8 Support Enabled
DEBUG - 2022-07-14 10:13:27 --> Global POST, GET and COOKIE data sanitized
DEBUG - 2022-07-14 10:13:27 --> Config file loaded: /hwonpark/www/application/config/tree.php
DEBUG - 2022-07-14 10:13:27 --> Encryption: Auto-configured driver 'openssl'.
DEBUG - 2022-07-14 10:13:27 --> Total execution time: 0.0372
DEBUG - 2022-07-14 10:13:28 --> UTF-8 Support Enabled
DEBUG - 2022-07-14 10:13:28 --> Global POST, GET and COOKIE data sanitized
DEBUG - 2022-07-14 10:13:28 --> Config file loaded: /hwonpark/www/application/config/tree.php
DEBUG - 2022-07-14 10:13:29 --> Encryption: Auto-configured driver 'openssl'.
DEBUG - 2022-07-14 10:13:29 --> Total execution time: 0.0464
DEBUG - 2022-07-14 10:16:18 --> UTF-8 Support Enabled
DEBUG - 2022-07-14 10:16:18 --> Global POST, GET and COOKIE data sanitized
DEBUG - 2022-07-14 10:16:18 --> Config file loaded: /hwonpark/www/application/config/tree.php
DEBUG - 2022-07-14 10:16:18 --> Encryption: Auto-configured driver 'openssl'.
DEBUG - 2022-07-14 10:16:18 --> Total execution time: 0.0389
DEBUG - 2022-07-14 10:16:22 --> UTF-8 Support Enabled
DEBUG - 2022-07-14 10:16:22 --> Global POST, GET and COOKIE data sanitized
DEBUG - 2022-07-14 10:16:22 --> Config file loaded: /hwonpark/www/application/config/tree.php
DEBUG - 2022-07-14 10:16:22 --> Encryption: Auto-configured driver 'openssl'.
DEBUG - 2022-07-14 10:16:22 --> Total execution time: 0.0340
DEBUG - 2022-07-14 10:16:23 --> UTF-8 Support Enabled
DEBUG - 2022-07-14 10:16:23 --> Global POST, GET and COOKIE data sanitized
DEBUG - 2022-07-14 10:16:23 --> Config file loaded: /hwonpark/www/application/config/tree.php
DEBUG - 2022-07-14 10:16:23 --> Encryption: Auto-configured driver 'openssl'.
DEBUG - 2022-07-14 10:16:23 --> Total execution time: 0.0444
DEBUG - 2022-07-14 10:17:01 --> UTF-8 Support Enabled
DEBUG - 2022-07-14 10:17:01 --> Global POST, GET and COOKIE data sanitized
DEBUG - 2022-07-14 10:17:01 --> Config file loaded: /hwonpark/www/application/config/tree.php
DEBUG - 2022-07-14 10:17:01 --> Encryption: Auto-configured driver 'openssl'.
DEBUG - 2022-07-14 10:17:01 --> Total execution time: 0.0349
DEBUG - 2022-07-14 10:17:02 --> UTF-8 Support Enabled
DEBUG - 2022-07-14 10:17:02 --> Global POST, GET and COOKIE data sanitized
DEBUG - 2022-07-14 10:17:02 --> Config file loaded: /hwonpark/www/application/config/tree.php
DEBUG - 2022-07-14 10:17:02 --> Encryption: Auto-configured driver 'openssl'.
DEBUG - 2022-07-14 10:17:02 --> Total execution time: 0.0432
DEBUG - 2022-07-14 10:22:58 --> UTF-8 Support Enabled
DEBUG - 2022-07-14 10:22:58 --> Global POST, GET and COOKIE data sanitized
DEBUG - 2022-07-14 10:22:58 --> Config file loaded: /hwonpark/www/application/config/tree.php
DEBUG - 2022-07-14 10:22:58 --> Encryption: Auto-configured driver 'openssl'.
DEBUG - 2022-07-14 10:22:58 --> Total execution time: 0.0380
DEBUG - 2022-07-14 10:23:19 --> UTF-8 Support Enabled
DEBUG - 2022-07-14 10:23:19 --> Global POST, GET and COOKIE data sanitized
DEBUG - 2022-07-14 10:23:19 --> Config file loaded: /hwonpark/www/application/config/tree.php
DEBUG - 2022-07-14 10:23:19 --> Encryption: Auto-configured driver 'openssl'.
DEBUG - 2022-07-14 10:23:19 --> Total execution time: 0.0378
DEBUG - 2022-07-14 10:23:36 --> UTF-8 Support Enabled
DEBUG - 2022-07-14 10:23:36 --> Global POST, GET and COOKIE data sanitized
DEBUG - 2022-07-14 10:23:36 --> Config file loaded: /hwonpark/www/application/config/tree.php
DEBUG - 2022-07-14 10:23:36 --> Encryption: Auto-configured driver 'openssl'.
DEBUG - 2022-07-14 10:23:36 --> Total execution time: 0.0728
DEBUG - 2022-07-14 10:50:29 --> UTF-8 Support Enabled
DEBUG - 2022-07-14 10:50:29 --> No URI present. Default controller set.
DEBUG - 2022-07-14 10:50:29 --> Global POST, GET and COOKIE data sanitized
DEBUG - 2022-07-14 10:50:29 --> Config file loaded: /hwonpark/www/application/config/tree.php
DEBUG - 2022-07-14 10:50:29 --> Total execution time: 0.0309
DEBUG - 2022-07-14 10:50:30 --> UTF-8 Support Enabled
DEBUG - 2022-07-14 10:50:30 --> Global POST, GET and COOKIE data sanitized
ERROR - 2022-07-14 10:50:30 --> 404 Page Not Found: Faviconico/index
DEBUG - 2022-07-14 10:50:47 --> UTF-8 Support Enabled
DEBUG - 2022-07-14 10:50:47 --> Global POST, GET and COOKIE data sanitized
DEBUG - 2022-07-14 10:50:47 --> Config file loaded: /hwonpark/www/application/config/tree.php
DEBUG - 2022-07-14 10:50:47 --> Total execution time: 0.0348
DEBUG - 2022-07-14 10:52:05 --> UTF-8 Support Enabled
DEBUG - 2022-07-14 10:52:05 --> No URI present. Default controller set.
DEBUG - 2022-07-14 10:52:05 --> Global POST, GET and COOKIE data sanitized
DEBUG - 2022-07-14 10:52:05 --> Config file loaded: /hwonpark/www/application/config/tree.php
DEBUG - 2022-07-14 10:52:05 --> Total execution time: 0.0380
DEBUG - 2022-07-14 11:03:19 --> UTF-8 Support Enabled
DEBUG - 2022-07-14 11:03:19 --> No URI present. Default controller set.
DEBUG - 2022-07-14 11:03:19 --> Global POST, GET and COOKIE data sanitized
DEBUG - 2022-07-14 11:03:19 --> Config file loaded: /hwonpark/www/application/config/tree.php
DEBUG - 2022-07-14 11:03:19 --> Total execution time: 0.0287
DEBUG - 2022-07-14 11:03:22 --> UTF-8 Support Enabled
DEBUG - 2022-07-14 11:03:22 --> Global POST, GET and COOKIE data sanitized
ERROR - 2022-07-14 11:03:22 --> 404 Page Not Found: Faviconico/index
DEBUG - 2022-07-14 11:03:26 --> UTF-8 Support Enabled
DEBUG - 2022-07-14 11:03:26 --> Global POST, GET and COOKIE data sanitized
DEBUG - 2022-07-14 11:03:26 --> Config file loaded: /hwonpark/www/application/config/tree.php
DEBUG - 2022-07-14 11:03:26 --> Total execution time: 0.0358
DEBUG - 2022-07-14 11:06:32 --> UTF-8 Support Enabled
DEBUG - 2022-07-14 11:06:32 --> Global POST, GET and COOKIE data sanitized
DEBUG - 2022-07-14 11:06:32 --> Config file loaded: /hwonpark/www/application/config/tree.php
DEBUG - 2022-07-14 11:06:32 --> =================== DL_auth-> oauth::CALLBACK - 시작
DEBUG - 2022-07-14 11:06:32 --> =================== DL_auth-> oauth::CALLBACK - kakao param=:: error=
DEBUG - 2022-07-14 11:06:32 --> =================== DL_auth-> oauth::CALLBACK - kakao param=:: state=
DEBUG - 2022-07-14 11:06:32 --> =================== DL_auth-> oauth::CALLBACK - kakao param=:: code=kjfKTH8QDXVEJRE7LItVHqhUhCKH7OGNyahJJuECqU43H7m3hO3rAZ1u76UE3oupbD2bGAo9cusAAAGB-nUvrA
DEBUG - 2022-07-14 11:06:32 --> =================== DL_auth -> kakao oauth :2: code=kjfKTH8QDXVEJRE7LItVHqhUhCKH7OGNyahJJuECqU43H7m3hO3rAZ1u76UE3oupbD2bGAo9cusAAAGB-nUvrA
DEBUG - 2022-07-14 11:06:32 --> ====================Dl_auth -> kakao_login :: 시작
DEBUG - 2022-07-14 11:06:32 --> --------------------Dl_auth::kakao_login - 1.토큰요청 시작
DEBUG - 2022-07-14 11:06:32 --> Dl_auth::kakao_login - get_token 시작 n=2
DEBUG - 2022-07-14 11:06:32 --> --------------------Dl_auth::kakao_login - 1.2.토큰요청 시작 -> 기타브라우저
DEBUG - 2022-07-14 11:06:32 --> --------------------Dl_auth::kakao_login - 1.3.토큰요청
DEBUG - 2022-07-14 11:06:32 --> --------------------Dl_auth::kakao_login - 1.4.토큰요청 -> 성공
DEBUG - 2022-07-14 11:06:33 --> UTF-8 Support Enabled
DEBUG - 2022-07-14 11:06:33 --> Global POST, GET and COOKIE data sanitized
DEBUG - 2022-07-14 11:06:33 --> Config file loaded: /hwonpark/www/application/config/tree.php
DEBUG - 2022-07-14 11:06:33 --> =================== DL_auth-> oauth::CALLBACK - 시작
DEBUG - 2022-07-14 11:06:33 --> =================== DL_auth-> oauth::CALLBACK - kakao param=:: error=
DEBUG - 2022-07-14 11:06:33 --> =================== DL_auth-> oauth::CALLBACK - kakao param=:: state=
DEBUG - 2022-07-14 11:06:33 --> =================== DL_auth-> oauth::CALLBACK - kakao param=:: code=kjfKTH8QDXVEJRE7LItVHqhUhCKH7OGNyahJJuECqU43H7m3hO3rAZ1u76UE3oupbD2bGAo9cusAAAGB-nUvrA
DEBUG - 2022-07-14 11:06:33 --> =================== DL_auth -> kakao oauth :2: code=kjfKTH8QDXVEJRE7LItVHqhUhCKH7OGNyahJJuECqU43H7m3hO3rAZ1u76UE3oupbD2bGAo9cusAAAGB-nUvrA
DEBUG - 2022-07-14 11:06:33 --> ====================Dl_auth -> kakao_login :: 시작
DEBUG - 2022-07-14 11:06:33 --> ====================Dl_auth::kakao_login - 1.3.5- 사이트 회원정보 업데이트 성공(카카오 인증 완료) state=
DEBUG - 2022-07-14 11:06:34 --> UTF-8 Support Enabled
DEBUG - 2022-07-14 11:06:34 --> Global POST, GET and COOKIE data sanitized
DEBUG - 2022-07-14 11:06:34 --> Config file loaded: /hwonpark/www/application/config/tree.php
DEBUG - 2022-07-14 11:06:34 --> Encryption: Auto-configured driver 'openssl'.
DEBUG - 2022-07-14 11:06:34 --> Total execution time: 0.0686
DEBUG - 2022-07-14 11:06:41 --> UTF-8 Support Enabled
DEBUG - 2022-07-14 11:06:41 --> Global POST, GET and COOKIE data sanitized
DEBUG - 2022-07-14 11:06:41 --> Config file loaded: /hwonpark/www/application/config/tree.php
DEBUG - 2022-07-14 11:06:41 --> Encryption: Auto-configured driver 'openssl'.
DEBUG - 2022-07-14 11:06:41 --> Total execution time: 0.0798
DEBUG - 2022-07-14 11:06:56 --> UTF-8 Support Enabled
DEBUG - 2022-07-14 11:06:56 --> Global POST, GET and COOKIE data sanitized
DEBUG - 2022-07-14 11:06:56 --> Config file loaded: /hwonpark/www/application/config/tree.php
DEBUG - 2022-07-14 11:06:56 --> Encryption: Auto-configured driver 'openssl'.
DEBUG - 2022-07-14 11:06:56 --> Total execution time: 0.0346
DEBUG - 2022-07-14 11:07:00 --> UTF-8 Support Enabled
DEBUG - 2022-07-14 11:07:00 --> No URI present. Default controller set.
DEBUG - 2022-07-14 11:07:00 --> Global POST, GET and COOKIE data sanitized
DEBUG - 2022-07-14 11:07:00 --> Config file loaded: /hwonpark/www/application/config/tree.php
DEBUG - 2022-07-14 11:07:00 --> Encryption: Auto-configured driver 'openssl'.
DEBUG - 2022-07-14 11:07:00 --> Total execution time: 0.0317
DEBUG - 2022-07-14 11:07:04 --> UTF-8 Support Enabled
DEBUG - 2022-07-14 11:07:04 --> Global POST, GET and COOKIE data sanitized
DEBUG - 2022-07-14 11:07:04 --> Config file loaded: /hwonpark/www/application/config/tree.php
DEBUG - 2022-07-14 11:07:04 --> Encryption: Auto-configured driver 'openssl'.
DEBUG - 2022-07-14 11:07:04 --> Total execution time: 0.0465
DEBUG - 2022-07-14 11:07:07 --> UTF-8 Support Enabled
DEBUG - 2022-07-14 11:07:07 --> Global POST, GET and COOKIE data sanitized
DEBUG - 2022-07-14 11:07:07 --> Config file loaded: /hwonpark/www/application/config/tree.php
DEBUG - 2022-07-14 11:07:08 --> Encryption: Auto-configured driver 'openssl'.
DEBUG - 2022-07-14 12:04:03 --> UTF-8 Support Enabled
DEBUG - 2022-07-14 12:04:03 --> No URI present. Default controller set.
DEBUG - 2022-07-14 12:04:03 --> Global POST, GET and COOKIE data sanitized
DEBUG - 2022-07-14 12:04:03 --> Config file loaded: /hwonpark/www/application/config/tree.php
DEBUG - 2022-07-14 12:04:03 --> Total execution time: 0.1982
DEBUG - 2022-07-14 12:04:08 --> UTF-8 Support Enabled
DEBUG - 2022-07-14 12:04:08 --> Global POST, GET and COOKIE data sanitized
DEBUG - 2022-07-14 12:04:08 --> Config file loaded: /hwonpark/www/application/config/tree.php
DEBUG - 2022-07-14 12:04:08 --> --------------------DC_common::chk_perm - 1.인가코드요청 시작 -> if 인앱브라우저
DEBUG - 2022-07-14 12:04:10 --> UTF-8 Support Enabled
DEBUG - 2022-07-14 12:04:10 --> Global POST, GET and COOKIE data sanitized
DEBUG - 2022-07-14 12:04:10 --> Config file loaded: /hwonpark/www/application/config/tree.php
DEBUG - 2022-07-14 12:04:10 --> =================== DL_auth-> oauth::CALLBACK - 시작
DEBUG - 2022-07-14 12:04:10 --> =================== DL_auth-> oauth::CALLBACK - kakao param=:: error=
DEBUG - 2022-07-14 12:04:10 --> =================== DL_auth-> oauth::CALLBACK - kakao param=:: state=/ko/brief/view?idx=26
DEBUG - 2022-07-14 12:04:10 --> =================== DL_auth-> oauth::CALLBACK - kakao param=:: code=zOTByekwHK3klcW2kGQUIImBD9H8E4fZdcf9DT_fjjWoyh2mrYT40mgansCsmaannbecIAo9dZsAAAGB-qnv1w
DEBUG - 2022-07-14 12:04:10 --> =================== DL_auth -> kakao oauth :2: code=zOTByekwHK3klcW2kGQUIImBD9H8E4fZdcf9DT_fjjWoyh2mrYT40mgansCsmaannbecIAo9dZsAAAGB-qnv1w
DEBUG - 2022-07-14 12:04:10 --> ====================Dl_auth -> kakao_login :: 시작
DEBUG - 2022-07-14 12:04:10 --> --------------------Dl_auth::kakao_login - 1.토큰요청 시작
DEBUG - 2022-07-14 12:04:10 --> Dl_auth::kakao_login - get_token 시작 n=2
DEBUG - 2022-07-14 12:04:10 --> --------------------Dl_auth::kakao_login - 1.2.토큰요청 시작 -> 기타브라우저
DEBUG - 2022-07-14 12:04:10 --> --------------------Dl_auth::kakao_login - 1.3.토큰요청
DEBUG - 2022-07-14 12:04:10 --> --------------------Dl_auth::kakao_login - 1.4.토큰요청 -> 성공
DEBUG - 2022-07-14 12:04:10 --> UTF-8 Support Enabled
DEBUG - 2022-07-14 12:04:10 --> Global POST, GET and COOKIE data sanitized
DEBUG - 2022-07-14 12:04:10 --> Config file loaded: /hwonpark/www/application/config/tree.php
DEBUG - 2022-07-14 12:04:10 --> =================== DL_auth-> oauth::CALLBACK - 시작
DEBUG - 2022-07-14 12:04:10 --> =================== DL_auth-> oauth::CALLBACK - kakao param=:: error=
DEBUG - 2022-07-14 12:04:10 --> =================== DL_auth-> oauth::CALLBACK - kakao param=:: state=/ko/brief/view?idx=26
DEBUG - 2022-07-14 12:04:10 --> =================== DL_auth-> oauth::CALLBACK - kakao param=:: code=zOTByekwHK3klcW2kGQUIImBD9H8E4fZdcf9DT_fjjWoyh2mrYT40mgansCsmaannbecIAo9dZsAAAGB-qnv1w
DEBUG - 2022-07-14 12:04:10 --> =================== DL_auth -> kakao oauth :2: code=zOTByekwHK3klcW2kGQUIImBD9H8E4fZdcf9DT_fjjWoyh2mrYT40mgansCsmaannbecIAo9dZsAAAGB-qnv1w
DEBUG - 2022-07-14 12:04:10 --> ====================Dl_auth -> kakao_login :: 시작
DEBUG - 2022-07-14 12:04:10 --> ====================Dl_auth::kakao_login - 1.3.5- 사이트 회원정보 업데이트 성공(카카오 인증 완료) state=/ko/brief/view?idx=26
DEBUG - 2022-07-14 12:04:10 --> UTF-8 Support Enabled
DEBUG - 2022-07-14 12:04:10 --> Global POST, GET and COOKIE data sanitized
DEBUG - 2022-07-14 12:04:10 --> Config file loaded: /hwonpark/www/application/config/tree.php
DEBUG - 2022-07-14 12:04:10 --> Encryption: Auto-configured driver 'openssl'.
DEBUG - 2022-07-14 12:04:10 --> --------------------DC_common::chk_perm - 1.인가코드요청 시작 -> if 인앱브라우저
DEBUG - 2022-07-14 12:04:10 --> Total execution time: 0.0952
DEBUG - 2022-07-14 13:23:30 --> UTF-8 Support Enabled
DEBUG - 2022-07-14 13:23:30 --> No URI present. Default controller set.
DEBUG - 2022-07-14 13:23:30 --> Global POST, GET and COOKIE data sanitized
DEBUG - 2022-07-14 13:23:30 --> Config file loaded: /hwonpark/www/application/config/tree.php
DEBUG - 2022-07-14 13:23:30 --> Total execution time: 0.0308
DEBUG - 2022-07-14 14:08:11 --> UTF-8 Support Enabled
DEBUG - 2022-07-14 14:08:11 --> No URI present. Default controller set.
DEBUG - 2022-07-14 14:08:11 --> Global POST, GET and COOKIE data sanitized
DEBUG - 2022-07-14 14:08:11 --> Config file loaded: /hwonpark/www/application/config/tree.php
DEBUG - 2022-07-14 14:08:11 --> Total execution time: 0.0298
DEBUG - 2022-07-14 14:08:12 --> UTF-8 Support Enabled
DEBUG - 2022-07-14 14:08:12 --> Global POST, GET and COOKIE data sanitized
ERROR - 2022-07-14 14:08:12 --> 404 Page Not Found: Faviconico/index
DEBUG - 2022-07-14 14:08:18 --> UTF-8 Support Enabled
DEBUG - 2022-07-14 14:08:18 --> Global POST, GET and COOKIE data sanitized
DEBUG - 2022-07-14 14:08:18 --> Config file loaded: /hwonpark/www/application/config/tree.php
DEBUG - 2022-07-14 14:08:18 --> Total execution time: 0.0580
DEBUG - 2022-07-14 14:08:37 --> UTF-8 Support Enabled
DEBUG - 2022-07-14 14:08:37 --> Global POST, GET and COOKIE data sanitized
DEBUG - 2022-07-14 14:08:37 --> Config file loaded: /hwonpark/www/application/config/tree.php
DEBUG - 2022-07-14 14:08:37 --> =================== DL_auth-> oauth::CALLBACK - 시작
DEBUG - 2022-07-14 14:08:37 --> =================== DL_auth-> oauth::CALLBACK - kakao param=:: error=
DEBUG - 2022-07-14 14:08:37 --> =================== DL_auth-> oauth::CALLBACK - kakao param=:: state=
DEBUG - 2022-07-14 14:08:37 --> =================== DL_auth-> oauth::CALLBACK - kakao param=:: code=OeLmw46w50DVKtDNM5KbsKxAvnzmKR4q5U0LrspfLrmF8mCy_u9GqMi_Xy3yAmDWB7QTNwo9dRoAAAGB-xvjWA
DEBUG - 2022-07-14 14:08:37 --> =================== DL_auth -> kakao oauth :2: code=OeLmw46w50DVKtDNM5KbsKxAvnzmKR4q5U0LrspfLrmF8mCy_u9GqMi_Xy3yAmDWB7QTNwo9dRoAAAGB-xvjWA
DEBUG - 2022-07-14 14:08:37 --> ====================Dl_auth -> kakao_login :: 시작
DEBUG - 2022-07-14 14:08:37 --> --------------------Dl_auth::kakao_login - 1.토큰요청 시작
DEBUG - 2022-07-14 14:08:37 --> Dl_auth::kakao_login - get_token 시작 n=2
DEBUG - 2022-07-14 14:08:37 --> --------------------Dl_auth::kakao_login - 1.2.토큰요청 시작 -> 기타브라우저
DEBUG - 2022-07-14 14:08:37 --> --------------------Dl_auth::kakao_login - 1.3.토큰요청
DEBUG - 2022-07-14 14:08:37 --> --------------------Dl_auth::kakao_login - 1.4.토큰요청 -> 성공
DEBUG - 2022-07-14 14:08:38 --> UTF-8 Support Enabled
DEBUG - 2022-07-14 14:08:38 --> Global POST, GET and COOKIE data sanitized
DEBUG - 2022-07-14 14:08:38 --> Config file loaded: /hwonpark/www/application/config/tree.php
DEBUG - 2022-07-14 14:08:38 --> =================== DL_auth-> oauth::CALLBACK - 시작
DEBUG - 2022-07-14 14:08:38 --> =================== DL_auth-> oauth::CALLBACK - kakao param=:: error=
DEBUG - 2022-07-14 14:08:38 --> =================== DL_auth-> oauth::CALLBACK - kakao param=:: state=
DEBUG - 2022-07-14 14:08:38 --> =================== DL_auth-> oauth::CALLBACK - kakao param=:: code=OeLmw46w50DVKtDNM5KbsKxAvnzmKR4q5U0LrspfLrmF8mCy_u9GqMi_Xy3yAmDWB7QTNwo9dRoAAAGB-xvjWA
DEBUG - 2022-07-14 14:08:38 --> =================== DL_auth -> kakao oauth :2: code=OeLmw46w50DVKtDNM5KbsKxAvnzmKR4q5U0LrspfLrmF8mCy_u9GqMi_Xy3yAmDWB7QTNwo9dRoAAAGB-xvjWA
DEBUG - 2022-07-14 14:08:38 --> ====================Dl_auth -> kakao_login :: 시작
DEBUG - 2022-07-14 14:08:38 --> ====================Dl_auth::kakao_login - 1.3.5- 사이트 회원정보 업데이트 성공(카카오 인증 완료) state=
DEBUG - 2022-07-14 14:08:39 --> UTF-8 Support Enabled
DEBUG - 2022-07-14 14:08:39 --> Global POST, GET and COOKIE data sanitized
DEBUG - 2022-07-14 14:08:39 --> Config file loaded: /hwonpark/www/application/config/tree.php
DEBUG - 2022-07-14 14:08:39 --> Encryption: Auto-configured driver 'openssl'.
DEBUG - 2022-07-14 14:08:39 --> Total execution time: 0.0335
DEBUG - 2022-07-14 15:11:34 --> UTF-8 Support Enabled
DEBUG - 2022-07-14 15:11:34 --> No URI present. Default controller set.
DEBUG - 2022-07-14 15:11:34 --> Global POST, GET and COOKIE data sanitized
DEBUG - 2022-07-14 15:11:34 --> Config file loaded: /hwonpark/www/application/config/tree.php
DEBUG - 2022-07-14 15:11:34 --> Total execution time: 0.2061
DEBUG - 2022-07-14 15:11:34 --> UTF-8 Support Enabled
DEBUG - 2022-07-14 15:11:34 --> Global POST, GET and COOKIE data sanitized
ERROR - 2022-07-14 15:11:34 --> 404 Page Not Found: Faviconico/index
DEBUG - 2022-07-14 15:43:23 --> UTF-8 Support Enabled
DEBUG - 2022-07-14 15:43:23 --> Global POST, GET and COOKIE data sanitized
DEBUG - 2022-07-14 15:43:23 --> Config file loaded: /hwonpark/www/application/config/tree.php
DEBUG - 2022-07-14 15:43:24 --> UTF-8 Support Enabled
DEBUG - 2022-07-14 15:43:24 --> Global POST, GET and COOKIE data sanitized
DEBUG - 2022-07-14 15:43:24 --> Config file loaded: /hwonpark/www/application/config/tree.php
DEBUG - 2022-07-14 15:43:24 --> Total execution time: 0.0716
DEBUG - 2022-07-14 15:43:26 --> UTF-8 Support Enabled
DEBUG - 2022-07-14 15:43:26 --> Global POST, GET and COOKIE data sanitized
DEBUG - 2022-07-14 15:43:26 --> Config file loaded: /hwonpark/www/application/config/tree.php
DEBUG - 2022-07-14 15:43:26 --> =================== DL_auth-> oauth::CALLBACK - 시작
DEBUG - 2022-07-14 15:43:26 --> =================== DL_auth-> oauth::CALLBACK - kakao param=:: error=
DEBUG - 2022-07-14 15:43:26 --> =================== DL_auth-> oauth::CALLBACK - kakao param=:: state=
DEBUG - 2022-07-14 15:43:26 --> =================== DL_auth-> oauth::CALLBACK - kakao param=:: code=9ThNQUjz-XZeJY99fZwjadMbo6QzZ66b7Ix1YaJv5aJjnkWn968X5FAOg7sOUmK02BOpvwo9dZwAAAGB-3KvUg
DEBUG - 2022-07-14 15:43:26 --> =================== DL_auth -> kakao oauth :2: code=9ThNQUjz-XZeJY99fZwjadMbo6QzZ66b7Ix1YaJv5aJjnkWn968X5FAOg7sOUmK02BOpvwo9dZwAAAGB-3KvUg
DEBUG - 2022-07-14 15:43:26 --> ====================Dl_auth -> kakao_login :: 시작
DEBUG - 2022-07-14 15:43:26 --> --------------------Dl_auth::kakao_login - 1.토큰요청 시작
DEBUG - 2022-07-14 15:43:26 --> Dl_auth::kakao_login - get_token 시작 n=2
DEBUG - 2022-07-14 15:43:26 --> --------------------Dl_auth::kakao_login - 1.2.토큰요청 시작 -> 기타브라우저
DEBUG - 2022-07-14 15:43:26 --> --------------------Dl_auth::kakao_login - 1.3.토큰요청
DEBUG - 2022-07-14 15:43:26 --> --------------------Dl_auth::kakao_login - 1.4.토큰요청 -> 성공
DEBUG - 2022-07-14 15:43:26 --> UTF-8 Support Enabled
DEBUG - 2022-07-14 15:43:26 --> Global POST, GET and COOKIE data sanitized
DEBUG - 2022-07-14 15:43:26 --> Config file loaded: /hwonpark/www/application/config/tree.php
DEBUG - 2022-07-14 15:43:26 --> =================== DL_auth-> oauth::CALLBACK - 시작
DEBUG - 2022-07-14 15:43:26 --> =================== DL_auth-> oauth::CALLBACK - kakao param=:: error=
DEBUG - 2022-07-14 15:43:26 --> =================== DL_auth-> oauth::CALLBACK - kakao param=:: state=
DEBUG - 2022-07-14 15:43:26 --> =================== DL_auth-> oauth::CALLBACK - kakao param=:: code=9ThNQUjz-XZeJY99fZwjadMbo6QzZ66b7Ix1YaJv5aJjnkWn968X5FAOg7sOUmK02BOpvwo9dZwAAAGB-3KvUg
DEBUG - 2022-07-14 15:43:26 --> =================== DL_auth -> kakao oauth :2: code=9ThNQUjz-XZeJY99fZwjadMbo6QzZ66b7Ix1YaJv5aJjnkWn968X5FAOg7sOUmK02BOpvwo9dZwAAAGB-3KvUg
DEBUG - 2022-07-14 15:43:26 --> ====================Dl_auth -> kakao_login :: 시작
DEBUG - 2022-07-14 15:43:26 --> ====================Dl_auth::kakao_login - 1.3.5- 사이트 회원정보 업데이트 성공(카카오 인증 완료) state=
DEBUG - 2022-07-14 15:43:27 --> UTF-8 Support Enabled
DEBUG - 2022-07-14 15:43:27 --> Global POST, GET and COOKIE data sanitized
DEBUG - 2022-07-14 15:43:27 --> Config file loaded: /hwonpark/www/application/config/tree.php
DEBUG - 2022-07-14 15:43:27 --> Encryption: Auto-configured driver 'openssl'.
DEBUG - 2022-07-14 15:43:27 --> Total execution time: 0.0361
DEBUG - 2022-07-14 15:43:30 --> UTF-8 Support Enabled
DEBUG - 2022-07-14 15:43:30 --> Global POST, GET and COOKIE data sanitized
DEBUG - 2022-07-14 15:43:30 --> Config file loaded: /hwonpark/www/application/config/tree.php
DEBUG - 2022-07-14 15:43:30 --> Encryption: Auto-configured driver 'openssl'.
DEBUG - 2022-07-14 15:43:30 --> Total execution time: 0.0929
DEBUG - 2022-07-14 15:43:38 --> UTF-8 Support Enabled
DEBUG - 2022-07-14 15:43:38 --> Global POST, GET and COOKIE data sanitized
DEBUG - 2022-07-14 15:43:38 --> Config file loaded: /hwonpark/www/application/config/tree.php
DEBUG - 2022-07-14 15:43:38 --> Encryption: Auto-configured driver 'openssl'.
DEBUG - 2022-07-14 15:43:38 --> Total execution time: 0.0480
DEBUG - 2022-07-14 15:46:49 --> UTF-8 Support Enabled
DEBUG - 2022-07-14 15:46:49 --> Global POST, GET and COOKIE data sanitized
DEBUG - 2022-07-14 15:46:49 --> Config file loaded: /hwonpark/www/application/config/tree.php
DEBUG - 2022-07-14 15:46:49 --> Encryption: Auto-configured driver 'openssl'.
DEBUG - 2022-07-14 15:46:49 --> Total execution time: 0.1272
DEBUG - 2022-07-14 17:06:54 --> UTF-8 Support Enabled
DEBUG - 2022-07-14 17:06:54 --> Global POST, GET and COOKIE data sanitized
DEBUG - 2022-07-14 17:06:54 --> Config file loaded: /hwonpark/www/application/config/tree.php
DEBUG - 2022-07-14 17:06:55 --> UTF-8 Support Enabled
DEBUG - 2022-07-14 17:06:55 --> No URI present. Default controller set.
DEBUG - 2022-07-14 17:06:55 --> Global POST, GET and COOKIE data sanitized
DEBUG - 2022-07-14 17:06:55 --> Config file loaded: /hwonpark/www/application/config/tree.php
DEBUG - 2022-07-14 17:06:55 --> Total execution time: 0.0310
DEBUG - 2022-07-14 17:06:57 --> UTF-8 Support Enabled
DEBUG - 2022-07-14 17:06:57 --> No URI present. Default controller set.
DEBUG - 2022-07-14 17:06:57 --> Global POST, GET and COOKIE data sanitized
DEBUG - 2022-07-14 17:06:57 --> Config file loaded: /hwonpark/www/application/config/tree.php
DEBUG - 2022-07-14 17:06:57 --> Total execution time: 0.0552
DEBUG - 2022-07-14 17:14:26 --> UTF-8 Support Enabled
DEBUG - 2022-07-14 17:14:26 --> No URI present. Default controller set.
DEBUG - 2022-07-14 17:14:26 --> Global POST, GET and COOKIE data sanitized
DEBUG - 2022-07-14 17:14:26 --> Config file loaded: /hwonpark/www/application/config/tree.php
DEBUG - 2022-07-14 17:14:26 --> Total execution time: 0.0303
DEBUG - 2022-07-14 17:14:51 --> UTF-8 Support Enabled
DEBUG - 2022-07-14 17:14:51 --> Global POST, GET and COOKIE data sanitized
ERROR - 2022-07-14 17:14:51 --> 404 Page Not Found: Faviconico/index
DEBUG - 2022-07-14 17:53:18 --> UTF-8 Support Enabled
DEBUG - 2022-07-14 17:53:18 --> Global POST, GET and COOKIE data sanitized
DEBUG - 2022-07-14 17:53:18 --> Config file loaded: /hwonpark/www/application/config/tree.php
DEBUG - 2022-07-14 17:53:18 --> Total execution time: 0.0565
DEBUG - 2022-07-14 17:58:10 --> UTF-8 Support Enabled
DEBUG - 2022-07-14 17:58:10 --> Global POST, GET and COOKIE data sanitized
DEBUG - 2022-07-14 17:58:10 --> Config file loaded: /hwonpark/www/application/config/tree.php
DEBUG - 2022-07-14 17:58:10 --> Total execution time: 0.0724
DEBUG - 2022-07-14 17:58:14 --> UTF-8 Support Enabled
DEBUG - 2022-07-14 17:58:14 --> Global POST, GET and COOKIE data sanitized
DEBUG - 2022-07-14 17:58:14 --> Config file loaded: /hwonpark/www/application/config/tree.php
DEBUG - 2022-07-14 17:58:14 --> Total execution time: 0.0311
DEBUG - 2022-07-14 17:58:19 --> UTF-8 Support Enabled
DEBUG - 2022-07-14 17:58:19 --> Global POST, GET and COOKIE data sanitized
DEBUG - 2022-07-14 17:58:19 --> Config file loaded: /hwonpark/www/application/config/tree.php
DEBUG - 2022-07-14 17:58:21 --> UTF-8 Support Enabled
DEBUG - 2022-07-14 17:58:21 --> Global POST, GET and COOKIE data sanitized
DEBUG - 2022-07-14 17:58:21 --> Config file loaded: /hwonpark/www/application/config/tree.php
DEBUG - 2022-07-14 17:58:21 --> Encryption: Auto-configured driver 'openssl'.
DEBUG - 2022-07-14 17:58:21 --> UTF-8 Support Enabled
DEBUG - 2022-07-14 17:58:21 --> Global POST, GET and COOKIE data sanitized
DEBUG - 2022-07-14 17:58:21 --> Config file loaded: /hwonpark/www/application/config/tree.php
DEBUG - 2022-07-14 17:58:21 --> Encryption: Auto-configured driver 'openssl'.
DEBUG - 2022-07-14 17:58:21 --> Encryption class already loaded. Second attempt ignored.
DEBUG - 2022-07-14 17:58:21 --> Total execution time: 0.0559
DEBUG - 2022-07-14 17:58:22 --> UTF-8 Support Enabled
DEBUG - 2022-07-14 17:58:22 --> Global POST, GET and COOKIE data sanitized
DEBUG - 2022-07-14 17:58:22 --> Config file loaded: /hwonpark/www/application/config/tree.php
DEBUG - 2022-07-14 17:58:22 --> Encryption: Auto-configured driver 'openssl'.
DEBUG - 2022-07-14 17:58:22 --> Total execution time: 0.0534
DEBUG - 2022-07-14 17:58:26 --> UTF-8 Support Enabled
DEBUG - 2022-07-14 17:58:26 --> Global POST, GET and COOKIE data sanitized
DEBUG - 2022-07-14 17:58:26 --> Config file loaded: /hwonpark/www/application/config/tree.php
DEBUG - 2022-07-14 17:58:26 --> Encryption: Auto-configured driver 'openssl'.
DEBUG - 2022-07-14 17:58:26 --> Total execution time: 0.0609
DEBUG - 2022-07-14 17:58:59 --> UTF-8 Support Enabled
DEBUG - 2022-07-14 17:58:59 --> Global POST, GET and COOKIE data sanitized
DEBUG - 2022-07-14 17:58:59 --> Config file loaded: /hwonpark/www/application/config/tree.php
DEBUG - 2022-07-14 17:58:59 --> Encryption: Auto-configured driver 'openssl'.
DEBUG - 2022-07-14 17:58:59 --> Total execution time: 0.0390
DEBUG - 2022-07-14 17:59:44 --> UTF-8 Support Enabled
DEBUG - 2022-07-14 17:59:44 --> Global POST, GET and COOKIE data sanitized
DEBUG - 2022-07-14 17:59:44 --> Config file loaded: /hwonpark/www/application/config/tree.php
DEBUG - 2022-07-14 17:59:44 --> Encryption: Auto-configured driver 'openssl'.
DEBUG - 2022-07-14 17:59:45 --> UTF-8 Support Enabled
DEBUG - 2022-07-14 17:59:45 --> Global POST, GET and COOKIE data sanitized
DEBUG - 2022-07-14 17:59:45 --> Config file loaded: /hwonpark/www/application/config/tree.php
DEBUG - 2022-07-14 17:59:45 --> Encryption: Auto-configured driver 'openssl'.
DEBUG - 2022-07-14 17:59:45 --> Total execution time: 0.0363
DEBUG - 2022-07-14 17:59:50 --> UTF-8 Support Enabled
DEBUG - 2022-07-14 17:59:50 --> Global POST, GET and COOKIE data sanitized
DEBUG - 2022-07-14 17:59:50 --> Config file loaded: /hwonpark/www/application/config/tree.php
DEBUG - 2022-07-14 17:59:50 --> Encryption: Auto-configured driver 'openssl'.
DEBUG - 2022-07-14 17:59:50 --> Total execution time: 0.0339
DEBUG - 2022-07-14 17:59:51 --> UTF-8 Support Enabled
DEBUG - 2022-07-14 17:59:51 --> Global POST, GET and COOKIE data sanitized
DEBUG - 2022-07-14 17:59:51 --> Config file loaded: /hwonpark/www/application/config/tree.php
DEBUG - 2022-07-14 17:59:51 --> Encryption: Auto-configured driver 'openssl'.
DEBUG - 2022-07-14 17:59:51 --> Total execution time: 0.0776
DEBUG - 2022-07-14 17:59:53 --> UTF-8 Support Enabled
DEBUG - 2022-07-14 17:59:53 --> Global POST, GET and COOKIE data sanitized
DEBUG - 2022-07-14 17:59:53 --> Config file loaded: /hwonpark/www/application/config/tree.php
DEBUG - 2022-07-14 17:59:54 --> Encryption: Auto-configured driver 'openssl'.
DEBUG - 2022-07-14 17:59:54 --> Total execution time: 0.0808
DEBUG - 2022-07-14 17:59:57 --> UTF-8 Support Enabled
DEBUG - 2022-07-14 17:59:57 --> Global POST, GET and COOKIE data sanitized
DEBUG - 2022-07-14 17:59:57 --> Config file loaded: /hwonpark/www/application/config/tree.php
DEBUG - 2022-07-14 17:59:57 --> Encryption: Auto-configured driver 'openssl'.
DEBUG - 2022-07-14 17:59:57 --> Total execution time: 0.0339
DEBUG - 2022-07-14 18:00:02 --> UTF-8 Support Enabled
DEBUG - 2022-07-14 18:00:02 --> Global POST, GET and COOKIE data sanitized
DEBUG - 2022-07-14 18:00:02 --> Config file loaded: /hwonpark/www/application/config/tree.php
DEBUG - 2022-07-14 18:00:03 --> Encryption: Auto-configured driver 'openssl'.
DEBUG - 2022-07-14 18:00:03 --> UTF-8 Support Enabled
DEBUG - 2022-07-14 18:00:03 --> Global POST, GET and COOKIE data sanitized
DEBUG - 2022-07-14 18:00:03 --> Config file loaded: /hwonpark/www/application/config/tree.php
DEBUG - 2022-07-14 18:00:03 --> Encryption: Auto-configured driver 'openssl'.
DEBUG - 2022-07-14 18:00:03 --> Encryption class already loaded. Second attempt ignored.
DEBUG - 2022-07-14 18:00:03 --> Total execution time: 0.6500
DEBUG - 2022-07-14 18:00:06 --> UTF-8 Support Enabled
DEBUG - 2022-07-14 18:00:06 --> Global POST, GET and COOKIE data sanitized
DEBUG - 2022-07-14 18:00:06 --> Config file loaded: /hwonpark/www/application/config/tree.php
DEBUG - 2022-07-14 18:00:06 --> Encryption: Auto-configured driver 'openssl'.
DEBUG - 2022-07-14 18:00:06 --> Total execution time: 0.0342
DEBUG - 2022-07-14 18:00:08 --> UTF-8 Support Enabled
DEBUG - 2022-07-14 18:00:08 --> Global POST, GET and COOKIE data sanitized
DEBUG - 2022-07-14 18:00:08 --> Config file loaded: /hwonpark/www/application/config/tree.php
DEBUG - 2022-07-14 18:00:08 --> Encryption: Auto-configured driver 'openssl'.
DEBUG - 2022-07-14 18:00:08 --> Total execution time: 0.0499
DEBUG - 2022-07-14 18:00:31 --> UTF-8 Support Enabled
DEBUG - 2022-07-14 18:00:31 --> Global POST, GET and COOKIE data sanitized
DEBUG - 2022-07-14 18:00:31 --> Config file loaded: /hwonpark/www/application/config/tree.php
DEBUG - 2022-07-14 18:00:31 --> Encryption: Auto-configured driver 'openssl'.
DEBUG - 2022-07-14 18:00:31 --> Total execution time: 0.0342
DEBUG - 2022-07-14 18:00:33 --> UTF-8 Support Enabled
DEBUG - 2022-07-14 18:00:33 --> Global POST, GET and COOKIE data sanitized
DEBUG - 2022-07-14 18:00:33 --> Config file loaded: /hwonpark/www/application/config/tree.php
DEBUG - 2022-07-14 18:00:33 --> Encryption: Auto-configured driver 'openssl'.
DEBUG - 2022-07-14 18:00:33 --> Total execution time: 0.0390
DEBUG - 2022-07-14 18:00:34 --> UTF-8 Support Enabled
DEBUG - 2022-07-14 18:00:34 --> Global POST, GET and COOKIE data sanitized
DEBUG - 2022-07-14 18:00:35 --> Config file loaded: /hwonpark/www/application/config/tree.php
DEBUG - 2022-07-14 18:00:35 --> Encryption: Auto-configured driver 'openssl'.
DEBUG - 2022-07-14 18:00:35 --> Total execution time: 0.0421
DEBUG - 2022-07-14 18:00:57 --> UTF-8 Support Enabled
DEBUG - 2022-07-14 18:00:57 --> Global POST, GET and COOKIE data sanitized
DEBUG - 2022-07-14 18:00:57 --> Config file loaded: /hwonpark/www/application/config/tree.php
DEBUG - 2022-07-14 18:00:57 --> Encryption: Auto-configured driver 'openssl'.
DEBUG - 2022-07-14 18:00:57 --> UTF-8 Support Enabled
DEBUG - 2022-07-14 18:00:57 --> Global POST, GET and COOKIE data sanitized
DEBUG - 2022-07-14 18:00:57 --> Config file loaded: /hwonpark/www/application/config/tree.php
DEBUG - 2022-07-14 18:00:58 --> Encryption: Auto-configured driver 'openssl'.
DEBUG - 2022-07-14 18:00:58 --> Total execution time: 0.0360
