DEBUG - 2022-11-04 07:28:02 --> UTF-8 Support Enabled
DEBUG - 2022-11-04 07:28:02 --> No URI present. Default controller set.
DEBUG - 2022-11-04 07:28:02 --> Global POST, GET and COOKIE data sanitized
DEBUG - 2022-11-04 07:28:03 --> Config file loaded: /hwonpark/www/application/config/tree.php
DEBUG - 2022-11-04 07:28:03 --> Total execution time: 0.3082
DEBUG - 2022-11-04 08:22:44 --> UTF-8 Support Enabled
DEBUG - 2022-11-04 08:22:44 --> No URI present. Default controller set.
DEBUG - 2022-11-04 08:22:44 --> Global POST, GET and COOKIE data sanitized
DEBUG - 2022-11-04 08:22:44 --> Config file loaded: /hwonpark/www/application/config/tree.php
DEBUG - 2022-11-04 08:22:44 --> Total execution time: 0.0418
DEBUG - 2022-11-04 08:22:44 --> UTF-8 Support Enabled
DEBUG - 2022-11-04 08:22:45 --> Global POST, GET and COOKIE data sanitized
ERROR - 2022-11-04 08:22:45 --> 404 Page Not Found: Faviconico/index
DEBUG - 2022-11-04 08:25:09 --> UTF-8 Support Enabled
DEBUG - 2022-11-04 08:25:09 --> Global POST, GET and COOKIE data sanitized
DEBUG - 2022-11-04 08:25:09 --> Config file loaded: /hwonpark/www/application/config/tree.php
DEBUG - 2022-11-04 08:25:09 --> --------------------DC_common::chk_perm - 1.인가코드요청 시작 -> if 인앱브라우저
DEBUG - 2022-11-04 08:25:11 --> UTF-8 Support Enabled
DEBUG - 2022-11-04 08:25:11 --> Global POST, GET and COOKIE data sanitized
ERROR - 2022-11-04 08:25:11 --> 404 Page Not Found: Faviconico/index
DEBUG - 2022-11-04 08:25:12 --> UTF-8 Support Enabled
DEBUG - 2022-11-04 08:25:12 --> Global POST, GET and COOKIE data sanitized
DEBUG - 2022-11-04 08:25:12 --> Config file loaded: /hwonpark/www/application/config/tree.php
DEBUG - 2022-11-04 08:25:12 --> =================== DL_auth-> oauth::CALLBACK - 시작
DEBUG - 2022-11-04 08:25:12 --> =================== DL_auth-> oauth::CALLBACK - kakao param=:: error=
DEBUG - 2022-11-04 08:25:12 --> =================== DL_auth-> oauth::CALLBACK - kakao param=:: state=/ko/pr/view?idx=96
DEBUG - 2022-11-04 08:25:12 --> =================== DL_auth-> oauth::CALLBACK - kakao param=:: code=1ORj4OvVGfnqNhinw4_cKU_4zSB33kaF8ZVTD7WlFIsjNus9YNda5b8f5ug1l3IP6Xn8Ugopb7gAAAGEP9ATbg
DEBUG - 2022-11-04 08:25:12 --> =================== DL_auth -> kakao oauth :2: code=1ORj4OvVGfnqNhinw4_cKU_4zSB33kaF8ZVTD7WlFIsjNus9YNda5b8f5ug1l3IP6Xn8Ugopb7gAAAGEP9ATbg
DEBUG - 2022-11-04 08:25:12 --> ====================Dl_auth -> kakao_login :: 시작
DEBUG - 2022-11-04 08:25:12 --> --------------------Dl_auth::kakao_login - 1.토큰요청 시작
DEBUG - 2022-11-04 08:25:12 --> Dl_auth::kakao_login - get_token 시작 n=2
DEBUG - 2022-11-04 08:25:12 --> --------------------Dl_auth::kakao_login - 1.2.토큰요청 시작 -> 기타브라우저
DEBUG - 2022-11-04 08:25:12 --> --------------------Dl_auth::kakao_login - 1.3.토큰요청
DEBUG - 2022-11-04 08:25:12 --> --------------------Dl_auth::kakao_login - 1.4.토큰요청 -> 성공
DEBUG - 2022-11-04 08:25:12 --> UTF-8 Support Enabled
DEBUG - 2022-11-04 08:25:12 --> Global POST, GET and COOKIE data sanitized
DEBUG - 2022-11-04 08:25:12 --> Config file loaded: /hwonpark/www/application/config/tree.php
DEBUG - 2022-11-04 08:25:12 --> =================== DL_auth-> oauth::CALLBACK - 시작
DEBUG - 2022-11-04 08:25:12 --> =================== DL_auth-> oauth::CALLBACK - kakao param=:: error=
DEBUG - 2022-11-04 08:25:12 --> =================== DL_auth-> oauth::CALLBACK - kakao param=:: state=/ko/pr/view?idx=96
DEBUG - 2022-11-04 08:25:12 --> =================== DL_auth-> oauth::CALLBACK - kakao param=:: code=1ORj4OvVGfnqNhinw4_cKU_4zSB33kaF8ZVTD7WlFIsjNus9YNda5b8f5ug1l3IP6Xn8Ugopb7gAAAGEP9ATbg
DEBUG - 2022-11-04 08:25:12 --> =================== DL_auth -> kakao oauth :2: code=1ORj4OvVGfnqNhinw4_cKU_4zSB33kaF8ZVTD7WlFIsjNus9YNda5b8f5ug1l3IP6Xn8Ugopb7gAAAGEP9ATbg
DEBUG - 2022-11-04 08:25:12 --> ====================Dl_auth -> kakao_login :: 시작
DEBUG - 2022-11-04 08:25:12 --> ====================Dl_auth::kakao_login - 1.3.5- 사이트 회원정보 업데이트 성공(카카오 인증 완료) state=/ko/pr/view?idx=96
DEBUG - 2022-11-04 08:25:12 --> UTF-8 Support Enabled
DEBUG - 2022-11-04 08:25:12 --> Global POST, GET and COOKIE data sanitized
DEBUG - 2022-11-04 08:25:12 --> Config file loaded: /hwonpark/www/application/config/tree.php
DEBUG - 2022-11-04 08:25:12 --> Encryption: Auto-configured driver 'openssl'.
DEBUG - 2022-11-04 08:25:12 --> --------------------DC_common::chk_perm - 1.인가코드요청 시작 -> if 인앱브라우저
DEBUG - 2022-11-04 08:25:12 --> Total execution time: 0.0741
DEBUG - 2022-11-04 08:37:16 --> UTF-8 Support Enabled
DEBUG - 2022-11-04 08:37:16 --> Global POST, GET and COOKIE data sanitized
DEBUG - 2022-11-04 08:37:16 --> Config file loaded: /hwonpark/www/application/config/tree.php
DEBUG - 2022-11-04 08:37:17 --> --------------------DC_common::chk_perm - 1.인가코드요청 시작 -> if 인앱브라우저
DEBUG - 2022-11-04 08:37:17 --> UTF-8 Support Enabled
DEBUG - 2022-11-04 08:37:17 --> Global POST, GET and COOKIE data sanitized
ERROR - 2022-11-04 08:37:17 --> 404 Page Not Found: Faviconico/index
DEBUG - 2022-11-04 08:37:17 --> UTF-8 Support Enabled
DEBUG - 2022-11-04 08:37:17 --> Global POST, GET and COOKIE data sanitized
DEBUG - 2022-11-04 08:37:17 --> Config file loaded: /hwonpark/www/application/config/tree.php
DEBUG - 2022-11-04 08:37:17 --> =================== DL_auth-> oauth::CALLBACK - 시작
DEBUG - 2022-11-04 08:37:17 --> =================== DL_auth-> oauth::CALLBACK - kakao param=:: error=
DEBUG - 2022-11-04 08:37:17 --> =================== DL_auth-> oauth::CALLBACK - kakao param=:: state=/ko/pr/view?idx=96
DEBUG - 2022-11-04 08:37:17 --> =================== DL_auth-> oauth::CALLBACK - kakao param=:: code=A7dp3BoS-kQHs8OxwtqQnY6XQ_WQZFBs-ynHfw_V2_wpTgyfLJ7YySYZTXDk7qSqS9FfqAopb7gAAAGEP9sl4A
DEBUG - 2022-11-04 08:37:17 --> =================== DL_auth -> kakao oauth :2: code=A7dp3BoS-kQHs8OxwtqQnY6XQ_WQZFBs-ynHfw_V2_wpTgyfLJ7YySYZTXDk7qSqS9FfqAopb7gAAAGEP9sl4A
DEBUG - 2022-11-04 08:37:17 --> ====================Dl_auth -> kakao_login :: 시작
DEBUG - 2022-11-04 08:37:17 --> --------------------Dl_auth::kakao_login - 1.토큰요청 시작
DEBUG - 2022-11-04 08:37:17 --> Dl_auth::kakao_login - get_token 시작 n=2
DEBUG - 2022-11-04 08:37:17 --> --------------------Dl_auth::kakao_login - 1.2.토큰요청 시작 -> 기타브라우저
DEBUG - 2022-11-04 08:37:17 --> --------------------Dl_auth::kakao_login - 1.3.토큰요청
DEBUG - 2022-11-04 08:37:17 --> --------------------Dl_auth::kakao_login - 1.4.토큰요청 -> 성공
DEBUG - 2022-11-04 08:37:17 --> UTF-8 Support Enabled
DEBUG - 2022-11-04 08:37:17 --> Global POST, GET and COOKIE data sanitized
DEBUG - 2022-11-04 08:37:17 --> Config file loaded: /hwonpark/www/application/config/tree.php
DEBUG - 2022-11-04 08:37:17 --> =================== DL_auth-> oauth::CALLBACK - 시작
DEBUG - 2022-11-04 08:37:17 --> =================== DL_auth-> oauth::CALLBACK - kakao param=:: error=
DEBUG - 2022-11-04 08:37:17 --> =================== DL_auth-> oauth::CALLBACK - kakao param=:: state=/ko/pr/view?idx=96
DEBUG - 2022-11-04 08:37:17 --> =================== DL_auth-> oauth::CALLBACK - kakao param=:: code=A7dp3BoS-kQHs8OxwtqQnY6XQ_WQZFBs-ynHfw_V2_wpTgyfLJ7YySYZTXDk7qSqS9FfqAopb7gAAAGEP9sl4A
DEBUG - 2022-11-04 08:37:17 --> =================== DL_auth -> kakao oauth :2: code=A7dp3BoS-kQHs8OxwtqQnY6XQ_WQZFBs-ynHfw_V2_wpTgyfLJ7YySYZTXDk7qSqS9FfqAopb7gAAAGEP9sl4A
DEBUG - 2022-11-04 08:37:17 --> ====================Dl_auth -> kakao_login :: 시작
DEBUG - 2022-11-04 08:37:17 --> ====================Dl_auth::kakao_login - 1.3.5- 사이트 회원정보 업데이트 성공(카카오 인증 완료) state=/ko/pr/view?idx=96
DEBUG - 2022-11-04 08:37:18 --> UTF-8 Support Enabled
DEBUG - 2022-11-04 08:37:18 --> Global POST, GET and COOKIE data sanitized
DEBUG - 2022-11-04 08:37:18 --> Config file loaded: /hwonpark/www/application/config/tree.php
DEBUG - 2022-11-04 08:37:18 --> Encryption: Auto-configured driver 'openssl'.
DEBUG - 2022-11-04 08:37:18 --> --------------------DC_common::chk_perm - 1.인가코드요청 시작 -> if 인앱브라우저
DEBUG - 2022-11-04 08:37:18 --> Total execution time: 0.0806
DEBUG - 2022-11-04 09:13:17 --> UTF-8 Support Enabled
DEBUG - 2022-11-04 09:13:17 --> No URI present. Default controller set.
DEBUG - 2022-11-04 09:13:17 --> Global POST, GET and COOKIE data sanitized
DEBUG - 2022-11-04 09:13:17 --> Config file loaded: /hwonpark/www/application/config/tree.php
DEBUG - 2022-11-04 09:13:17 --> Total execution time: 0.0322
DEBUG - 2022-11-04 09:24:49 --> UTF-8 Support Enabled
DEBUG - 2022-11-04 09:24:49 --> No URI present. Default controller set.
DEBUG - 2022-11-04 09:24:49 --> Global POST, GET and COOKIE data sanitized
DEBUG - 2022-11-04 09:24:49 --> Config file loaded: /hwonpark/www/application/config/tree.php
DEBUG - 2022-11-04 09:24:49 --> Total execution time: 0.0377
DEBUG - 2022-11-04 09:25:00 --> UTF-8 Support Enabled
DEBUG - 2022-11-04 09:25:00 --> No URI present. Default controller set.
DEBUG - 2022-11-04 09:25:00 --> Global POST, GET and COOKIE data sanitized
DEBUG - 2022-11-04 09:25:00 --> Config file loaded: /hwonpark/www/application/config/tree.php
DEBUG - 2022-11-04 09:25:00 --> Total execution time: 0.0654
DEBUG - 2022-11-04 09:25:01 --> UTF-8 Support Enabled
DEBUG - 2022-11-04 09:25:01 --> Global POST, GET and COOKIE data sanitized
ERROR - 2022-11-04 09:25:01 --> 404 Page Not Found: Faviconico/index
DEBUG - 2022-11-04 09:25:04 --> UTF-8 Support Enabled
DEBUG - 2022-11-04 09:25:04 --> Global POST, GET and COOKIE data sanitized
DEBUG - 2022-11-04 09:25:04 --> Config file loaded: /hwonpark/www/application/config/tree.php
DEBUG - 2022-11-04 09:25:04 --> Total execution time: 0.0373
DEBUG - 2022-11-04 09:25:28 --> UTF-8 Support Enabled
DEBUG - 2022-11-04 09:25:28 --> Global POST, GET and COOKIE data sanitized
DEBUG - 2022-11-04 09:25:28 --> Config file loaded: /hwonpark/www/application/config/tree.php
DEBUG - 2022-11-04 09:25:28 --> =================== DL_auth-> oauth::CALLBACK - 시작
DEBUG - 2022-11-04 09:25:28 --> =================== DL_auth-> oauth::CALLBACK - kakao param=:: error=
DEBUG - 2022-11-04 09:25:28 --> =================== DL_auth-> oauth::CALLBACK - kakao param=:: state=
DEBUG - 2022-11-04 09:25:28 --> =================== DL_auth-> oauth::CALLBACK - kakao param=:: code=VDV7PKl_43yAyb9SyVqSteAfx5Uc8K9PlllhrAmfXCb78pXI3yjRvBzEx7ZbveLdtQgu3go9dGgAAAGEQAdEfQ
DEBUG - 2022-11-04 09:25:28 --> =================== DL_auth -> kakao oauth :2: code=VDV7PKl_43yAyb9SyVqSteAfx5Uc8K9PlllhrAmfXCb78pXI3yjRvBzEx7ZbveLdtQgu3go9dGgAAAGEQAdEfQ
DEBUG - 2022-11-04 09:25:28 --> ====================Dl_auth -> kakao_login :: 시작
DEBUG - 2022-11-04 09:25:28 --> --------------------Dl_auth::kakao_login - 1.토큰요청 시작
DEBUG - 2022-11-04 09:25:28 --> Dl_auth::kakao_login - get_token 시작 n=2
DEBUG - 2022-11-04 09:25:28 --> --------------------Dl_auth::kakao_login - 1.2.토큰요청 시작 -> 기타브라우저
DEBUG - 2022-11-04 09:25:28 --> --------------------Dl_auth::kakao_login - 1.3.토큰요청
DEBUG - 2022-11-04 09:25:29 --> --------------------Dl_auth::kakao_login - 1.4.토큰요청 -> 성공
DEBUG - 2022-11-04 09:25:29 --> UTF-8 Support Enabled
DEBUG - 2022-11-04 09:25:29 --> Global POST, GET and COOKIE data sanitized
DEBUG - 2022-11-04 09:25:29 --> Config file loaded: /hwonpark/www/application/config/tree.php
DEBUG - 2022-11-04 09:25:29 --> =================== DL_auth-> oauth::CALLBACK - 시작
DEBUG - 2022-11-04 09:25:29 --> =================== DL_auth-> oauth::CALLBACK - kakao param=:: error=
DEBUG - 2022-11-04 09:25:29 --> =================== DL_auth-> oauth::CALLBACK - kakao param=:: state=
DEBUG - 2022-11-04 09:25:29 --> =================== DL_auth-> oauth::CALLBACK - kakao param=:: code=VDV7PKl_43yAyb9SyVqSteAfx5Uc8K9PlllhrAmfXCb78pXI3yjRvBzEx7ZbveLdtQgu3go9dGgAAAGEQAdEfQ
DEBUG - 2022-11-04 09:25:29 --> =================== DL_auth -> kakao oauth :2: code=VDV7PKl_43yAyb9SyVqSteAfx5Uc8K9PlllhrAmfXCb78pXI3yjRvBzEx7ZbveLdtQgu3go9dGgAAAGEQAdEfQ
DEBUG - 2022-11-04 09:25:29 --> ====================Dl_auth -> kakao_login :: 시작
DEBUG - 2022-11-04 09:25:29 --> ====================Dl_auth::kakao_login - 1.3.5- 사이트 회원정보 업데이트 성공(카카오 인증 완료) state=
DEBUG - 2022-11-04 09:25:31 --> UTF-8 Support Enabled
DEBUG - 2022-11-04 09:25:31 --> Global POST, GET and COOKIE data sanitized
DEBUG - 2022-11-04 09:25:32 --> Config file loaded: /hwonpark/www/application/config/tree.php
DEBUG - 2022-11-04 09:25:32 --> Encryption: Auto-configured driver 'openssl'.
DEBUG - 2022-11-04 09:25:32 --> Total execution time: 0.0324
DEBUG - 2022-11-04 09:25:45 --> UTF-8 Support Enabled
DEBUG - 2022-11-04 09:25:45 --> Global POST, GET and COOKIE data sanitized
DEBUG - 2022-11-04 09:25:45 --> Config file loaded: /hwonpark/www/application/config/tree.php
DEBUG - 2022-11-04 09:25:45 --> Encryption: Auto-configured driver 'openssl'.
DEBUG - 2022-11-04 09:25:45 --> Total execution time: 0.0756
DEBUG - 2022-11-04 09:26:18 --> UTF-8 Support Enabled
DEBUG - 2022-11-04 09:26:18 --> Global POST, GET and COOKIE data sanitized
DEBUG - 2022-11-04 09:26:18 --> Config file loaded: /hwonpark/www/application/config/tree.php
DEBUG - 2022-11-04 09:26:18 --> Encryption: Auto-configured driver 'openssl'.
DEBUG - 2022-11-04 09:26:18 --> Total execution time: 0.0453
DEBUG - 2022-11-04 09:26:21 --> UTF-8 Support Enabled
DEBUG - 2022-11-04 09:26:21 --> Global POST, GET and COOKIE data sanitized
DEBUG - 2022-11-04 09:26:21 --> Config file loaded: /hwonpark/www/application/config/tree.php
DEBUG - 2022-11-04 09:26:21 --> Encryption: Auto-configured driver 'openssl'.
DEBUG - 2022-11-04 09:26:21 --> Total execution time: 0.0747
DEBUG - 2022-11-04 09:26:26 --> UTF-8 Support Enabled
DEBUG - 2022-11-04 09:26:26 --> Global POST, GET and COOKIE data sanitized
DEBUG - 2022-11-04 09:26:26 --> Config file loaded: /hwonpark/www/application/config/tree.php
DEBUG - 2022-11-04 09:26:26 --> Encryption: Auto-configured driver 'openssl'.
DEBUG - 2022-11-04 09:26:26 --> Total execution time: 0.0363
DEBUG - 2022-11-04 09:26:29 --> UTF-8 Support Enabled
DEBUG - 2022-11-04 09:26:29 --> Global POST, GET and COOKIE data sanitized
DEBUG - 2022-11-04 09:26:29 --> Config file loaded: /hwonpark/www/application/config/tree.php
DEBUG - 2022-11-04 09:26:29 --> Encryption: Auto-configured driver 'openssl'.
DEBUG - 2022-11-04 09:26:29 --> Total execution time: 0.0666
DEBUG - 2022-11-04 09:26:32 --> UTF-8 Support Enabled
DEBUG - 2022-11-04 09:26:32 --> Global POST, GET and COOKIE data sanitized
DEBUG - 2022-11-04 09:26:32 --> Config file loaded: /hwonpark/www/application/config/tree.php
DEBUG - 2022-11-04 09:26:32 --> Encryption: Auto-configured driver 'openssl'.
DEBUG - 2022-11-04 09:26:32 --> Total execution time: 0.0470
DEBUG - 2022-11-04 09:26:36 --> UTF-8 Support Enabled
DEBUG - 2022-11-04 09:26:36 --> Global POST, GET and COOKIE data sanitized
DEBUG - 2022-11-04 09:26:36 --> Config file loaded: /hwonpark/www/application/config/tree.php
DEBUG - 2022-11-04 09:26:36 --> Encryption: Auto-configured driver 'openssl'.
DEBUG - 2022-11-04 09:26:36 --> Total execution time: 0.0579
DEBUG - 2022-11-04 09:26:40 --> UTF-8 Support Enabled
DEBUG - 2022-11-04 09:26:40 --> Global POST, GET and COOKIE data sanitized
DEBUG - 2022-11-04 09:26:40 --> Config file loaded: /hwonpark/www/application/config/tree.php
DEBUG - 2022-11-04 09:26:40 --> Encryption: Auto-configured driver 'openssl'.
DEBUG - 2022-11-04 09:26:40 --> Total execution time: 0.0674
DEBUG - 2022-11-04 09:26:44 --> UTF-8 Support Enabled
DEBUG - 2022-11-04 09:26:44 --> Global POST, GET and COOKIE data sanitized
DEBUG - 2022-11-04 09:26:44 --> Config file loaded: /hwonpark/www/application/config/tree.php
DEBUG - 2022-11-04 09:26:44 --> Encryption: Auto-configured driver 'openssl'.
DEBUG - 2022-11-04 09:26:44 --> Total execution time: 0.0471
DEBUG - 2022-11-04 09:26:59 --> UTF-8 Support Enabled
DEBUG - 2022-11-04 09:26:59 --> Global POST, GET and COOKIE data sanitized
DEBUG - 2022-11-04 09:26:59 --> Config file loaded: /hwonpark/www/application/config/tree.php
DEBUG - 2022-11-04 09:26:59 --> Encryption: Auto-configured driver 'openssl'.
DEBUG - 2022-11-04 09:26:59 --> Total execution time: 0.0846
DEBUG - 2022-11-04 09:58:09 --> UTF-8 Support Enabled
DEBUG - 2022-11-04 09:58:09 --> Global POST, GET and COOKIE data sanitized
DEBUG - 2022-11-04 09:58:09 --> Config file loaded: /hwonpark/www/application/config/tree.php
DEBUG - 2022-11-04 09:58:09 --> Total execution time: 0.0623
DEBUG - 2022-11-04 09:58:10 --> UTF-8 Support Enabled
DEBUG - 2022-11-04 09:58:10 --> Global POST, GET and COOKIE data sanitized
ERROR - 2022-11-04 09:58:10 --> 404 Page Not Found: Faviconico/index
DEBUG - 2022-11-04 09:58:11 --> UTF-8 Support Enabled
DEBUG - 2022-11-04 09:58:11 --> No URI present. Default controller set.
DEBUG - 2022-11-04 09:58:11 --> Global POST, GET and COOKIE data sanitized
DEBUG - 2022-11-04 09:58:11 --> Config file loaded: /hwonpark/www/application/config/tree.php
DEBUG - 2022-11-04 09:58:11 --> Total execution time: 0.0339
DEBUG - 2022-11-04 09:58:15 --> UTF-8 Support Enabled
DEBUG - 2022-11-04 09:58:15 --> No URI present. Default controller set.
DEBUG - 2022-11-04 09:58:15 --> Global POST, GET and COOKIE data sanitized
DEBUG - 2022-11-04 09:58:15 --> Config file loaded: /hwonpark/www/application/config/tree.php
DEBUG - 2022-11-04 09:58:15 --> Total execution time: 0.0281
DEBUG - 2022-11-04 10:06:29 --> UTF-8 Support Enabled
DEBUG - 2022-11-04 10:06:29 --> No URI present. Default controller set.
DEBUG - 2022-11-04 10:06:29 --> Global POST, GET and COOKIE data sanitized
DEBUG - 2022-11-04 10:06:29 --> Config file loaded: /hwonpark/www/application/config/tree.php
DEBUG - 2022-11-04 10:06:29 --> Total execution time: 0.0539
DEBUG - 2022-11-04 10:06:31 --> UTF-8 Support Enabled
DEBUG - 2022-11-04 10:06:31 --> Global POST, GET and COOKIE data sanitized
ERROR - 2022-11-04 10:06:31 --> 404 Page Not Found: Faviconico/index
DEBUG - 2022-11-04 10:07:59 --> UTF-8 Support Enabled
DEBUG - 2022-11-04 10:07:59 --> No URI present. Default controller set.
DEBUG - 2022-11-04 10:07:59 --> Global POST, GET and COOKIE data sanitized
DEBUG - 2022-11-04 10:07:59 --> Config file loaded: /hwonpark/www/application/config/tree.php
DEBUG - 2022-11-04 10:07:59 --> Total execution time: 0.0485
DEBUG - 2022-11-04 10:08:00 --> UTF-8 Support Enabled
DEBUG - 2022-11-04 10:08:00 --> Global POST, GET and COOKIE data sanitized
ERROR - 2022-11-04 10:08:00 --> 404 Page Not Found: Faviconico/index
DEBUG - 2022-11-04 10:08:20 --> UTF-8 Support Enabled
DEBUG - 2022-11-04 10:08:20 --> Global POST, GET and COOKIE data sanitized
DEBUG - 2022-11-04 10:08:20 --> Config file loaded: /hwonpark/www/application/config/tree.php
DEBUG - 2022-11-04 10:08:20 --> --------------------DC_common::chk_perm - 1.인가코드요청 시작 -> if 인앱브라우저
DEBUG - 2022-11-04 10:08:21 --> UTF-8 Support Enabled
DEBUG - 2022-11-04 10:08:21 --> Global POST, GET and COOKIE data sanitized
DEBUG - 2022-11-04 10:08:21 --> Config file loaded: /hwonpark/www/application/config/tree.php
DEBUG - 2022-11-04 10:08:21 --> =================== DL_auth-> oauth::CALLBACK - 시작
DEBUG - 2022-11-04 10:08:21 --> =================== DL_auth-> oauth::CALLBACK - kakao param=:: error=
DEBUG - 2022-11-04 10:08:21 --> =================== DL_auth-> oauth::CALLBACK - kakao param=:: state=/ko/pr/view?idx=96
DEBUG - 2022-11-04 10:08:21 --> =================== DL_auth-> oauth::CALLBACK - kakao param=:: code=sRf98fCU8V0A2FhrtjBKKGU8RMizVEH9lqTCykm5CkrPxT9vWZS19d2H3p1hRKD0YheNlAopyWAAAAGEQC6D5Q
DEBUG - 2022-11-04 10:08:21 --> =================== DL_auth -> kakao oauth :2: code=sRf98fCU8V0A2FhrtjBKKGU8RMizVEH9lqTCykm5CkrPxT9vWZS19d2H3p1hRKD0YheNlAopyWAAAAGEQC6D5Q
DEBUG - 2022-11-04 10:08:21 --> ====================Dl_auth -> kakao_login :: 시작
DEBUG - 2022-11-04 10:08:21 --> --------------------Dl_auth::kakao_login - 1.토큰요청 시작
DEBUG - 2022-11-04 10:08:21 --> Dl_auth::kakao_login - get_token 시작 n=2
DEBUG - 2022-11-04 10:08:21 --> --------------------Dl_auth::kakao_login - 1.2.토큰요청 시작 -> 기타브라우저
DEBUG - 2022-11-04 10:08:21 --> --------------------Dl_auth::kakao_login - 1.3.토큰요청
DEBUG - 2022-11-04 10:08:21 --> --------------------Dl_auth::kakao_login - 1.4.토큰요청 -> 성공
DEBUG - 2022-11-04 10:08:21 --> UTF-8 Support Enabled
DEBUG - 2022-11-04 10:08:21 --> Global POST, GET and COOKIE data sanitized
DEBUG - 2022-11-04 10:08:21 --> Config file loaded: /hwonpark/www/application/config/tree.php
DEBUG - 2022-11-04 10:08:21 --> =================== DL_auth-> oauth::CALLBACK - 시작
DEBUG - 2022-11-04 10:08:21 --> =================== DL_auth-> oauth::CALLBACK - kakao param=:: error=
DEBUG - 2022-11-04 10:08:21 --> =================== DL_auth-> oauth::CALLBACK - kakao param=:: state=/ko/pr/view?idx=96
DEBUG - 2022-11-04 10:08:21 --> =================== DL_auth-> oauth::CALLBACK - kakao param=:: code=sRf98fCU8V0A2FhrtjBKKGU8RMizVEH9lqTCykm5CkrPxT9vWZS19d2H3p1hRKD0YheNlAopyWAAAAGEQC6D5Q
DEBUG - 2022-11-04 10:08:21 --> =================== DL_auth -> kakao oauth :2: code=sRf98fCU8V0A2FhrtjBKKGU8RMizVEH9lqTCykm5CkrPxT9vWZS19d2H3p1hRKD0YheNlAopyWAAAAGEQC6D5Q
DEBUG - 2022-11-04 10:08:21 --> ====================Dl_auth -> kakao_login :: 시작
DEBUG - 2022-11-04 10:08:21 --> ====================Dl_auth::kakao_login - 1.3.5- 사이트 회원정보 업데이트 성공(카카오 인증 완료) state=/ko/pr/view?idx=96
DEBUG - 2022-11-04 10:08:21 --> UTF-8 Support Enabled
DEBUG - 2022-11-04 10:08:21 --> Global POST, GET and COOKIE data sanitized
DEBUG - 2022-11-04 10:08:21 --> Config file loaded: /hwonpark/www/application/config/tree.php
DEBUG - 2022-11-04 10:08:21 --> Encryption: Auto-configured driver 'openssl'.
DEBUG - 2022-11-04 10:08:21 --> --------------------DC_common::chk_perm - 1.인가코드요청 시작 -> if 인앱브라우저
DEBUG - 2022-11-04 10:08:21 --> Total execution time: 0.0898
DEBUG - 2022-11-04 10:26:03 --> UTF-8 Support Enabled
DEBUG - 2022-11-04 10:26:03 --> Global POST, GET and COOKIE data sanitized
DEBUG - 2022-11-04 10:26:03 --> Config file loaded: /hwonpark/www/application/config/tree.php
DEBUG - 2022-11-04 10:26:03 --> Total execution time: 0.0671
DEBUG - 2022-11-04 10:26:09 --> UTF-8 Support Enabled
DEBUG - 2022-11-04 10:26:09 --> Global POST, GET and COOKIE data sanitized
ERROR - 2022-11-04 10:26:09 --> 404 Page Not Found: Faviconico/index
DEBUG - 2022-11-04 10:26:11 --> UTF-8 Support Enabled
DEBUG - 2022-11-04 10:26:11 --> Global POST, GET and COOKIE data sanitized
DEBUG - 2022-11-04 10:26:11 --> Config file loaded: /hwonpark/www/application/config/tree.php
DEBUG - 2022-11-04 10:26:12 --> UTF-8 Support Enabled
DEBUG - 2022-11-04 10:26:12 --> Global POST, GET and COOKIE data sanitized
DEBUG - 2022-11-04 10:26:12 --> Config file loaded: /hwonpark/www/application/config/tree.php
DEBUG - 2022-11-04 10:26:12 --> Encryption: Auto-configured driver 'openssl'.
DEBUG - 2022-11-04 10:26:12 --> UTF-8 Support Enabled
DEBUG - 2022-11-04 10:26:12 --> Global POST, GET and COOKIE data sanitized
DEBUG - 2022-11-04 10:26:12 --> Config file loaded: /hwonpark/www/application/config/tree.php
DEBUG - 2022-11-04 10:26:12 --> Encryption: Auto-configured driver 'openssl'.
DEBUG - 2022-11-04 10:26:12 --> Encryption class already loaded. Second attempt ignored.
DEBUG - 2022-11-04 10:26:12 --> Total execution time: 0.0547
DEBUG - 2022-11-04 10:26:19 --> UTF-8 Support Enabled
DEBUG - 2022-11-04 10:26:19 --> Global POST, GET and COOKIE data sanitized
DEBUG - 2022-11-04 10:26:19 --> Config file loaded: /hwonpark/www/application/config/tree.php
DEBUG - 2022-11-04 10:26:19 --> Encryption: Auto-configured driver 'openssl'.
DEBUG - 2022-11-04 10:26:19 --> Total execution time: 0.0730
DEBUG - 2022-11-04 10:26:21 --> UTF-8 Support Enabled
DEBUG - 2022-11-04 10:26:21 --> Global POST, GET and COOKIE data sanitized
DEBUG - 2022-11-04 10:26:21 --> Config file loaded: /hwonpark/www/application/config/tree.php
DEBUG - 2022-11-04 10:26:21 --> Encryption: Auto-configured driver 'openssl'.
DEBUG - 2022-11-04 10:26:21 --> Total execution time: 0.0374
DEBUG - 2022-11-04 10:26:23 --> UTF-8 Support Enabled
DEBUG - 2022-11-04 10:26:23 --> Global POST, GET and COOKIE data sanitized
DEBUG - 2022-11-04 10:26:23 --> Config file loaded: /hwonpark/www/application/config/tree.php
DEBUG - 2022-11-04 10:26:23 --> Encryption: Auto-configured driver 'openssl'.
DEBUG - 2022-11-04 10:26:23 --> Total execution time: 0.0396
DEBUG - 2022-11-04 10:26:25 --> UTF-8 Support Enabled
DEBUG - 2022-11-04 10:26:26 --> Global POST, GET and COOKIE data sanitized
DEBUG - 2022-11-04 10:26:26 --> Config file loaded: /hwonpark/www/application/config/tree.php
DEBUG - 2022-11-04 10:26:26 --> Encryption: Auto-configured driver 'openssl'.
DEBUG - 2022-11-04 10:26:26 --> Total execution time: 0.0673
DEBUG - 2022-11-04 10:26:27 --> UTF-8 Support Enabled
DEBUG - 2022-11-04 10:26:27 --> Global POST, GET and COOKIE data sanitized
DEBUG - 2022-11-04 10:26:27 --> Config file loaded: /hwonpark/www/application/config/tree.php
DEBUG - 2022-11-04 10:26:27 --> Encryption: Auto-configured driver 'openssl'.
DEBUG - 2022-11-04 10:26:27 --> Total execution time: 0.0402
DEBUG - 2022-11-04 10:26:28 --> UTF-8 Support Enabled
DEBUG - 2022-11-04 10:26:28 --> Global POST, GET and COOKIE data sanitized
DEBUG - 2022-11-04 10:26:28 --> Config file loaded: /hwonpark/www/application/config/tree.php
DEBUG - 2022-11-04 10:26:28 --> Encryption: Auto-configured driver 'openssl'.
DEBUG - 2022-11-04 10:26:28 --> Total execution time: 0.0846
DEBUG - 2022-11-04 10:26:30 --> UTF-8 Support Enabled
DEBUG - 2022-11-04 10:26:30 --> Global POST, GET and COOKIE data sanitized
DEBUG - 2022-11-04 10:26:30 --> Config file loaded: /hwonpark/www/application/config/tree.php
DEBUG - 2022-11-04 10:26:30 --> Encryption: Auto-configured driver 'openssl'.
DEBUG - 2022-11-04 10:26:30 --> Total execution time: 0.0729
DEBUG - 2022-11-04 10:26:31 --> UTF-8 Support Enabled
DEBUG - 2022-11-04 10:26:31 --> Global POST, GET and COOKIE data sanitized
DEBUG - 2022-11-04 10:26:31 --> Config file loaded: /hwonpark/www/application/config/tree.php
DEBUG - 2022-11-04 10:26:31 --> Encryption: Auto-configured driver 'openssl'.
DEBUG - 2022-11-04 10:26:31 --> Total execution time: 0.0388
DEBUG - 2022-11-04 10:26:32 --> UTF-8 Support Enabled
DEBUG - 2022-11-04 10:26:32 --> Global POST, GET and COOKIE data sanitized
DEBUG - 2022-11-04 10:26:32 --> Config file loaded: /hwonpark/www/application/config/tree.php
DEBUG - 2022-11-04 10:26:32 --> Encryption: Auto-configured driver 'openssl'.
DEBUG - 2022-11-04 10:26:32 --> Total execution time: 0.0507
DEBUG - 2022-11-04 10:27:33 --> UTF-8 Support Enabled
DEBUG - 2022-11-04 10:27:33 --> Global POST, GET and COOKIE data sanitized
DEBUG - 2022-11-04 10:27:33 --> Config file loaded: /hwonpark/www/application/config/tree.php
DEBUG - 2022-11-04 10:27:33 --> Encryption: Auto-configured driver 'openssl'.
DEBUG - 2022-11-04 10:27:33 --> Total execution time: 0.0518
DEBUG - 2022-11-04 10:27:50 --> UTF-8 Support Enabled
DEBUG - 2022-11-04 10:27:50 --> Global POST, GET and COOKIE data sanitized
DEBUG - 2022-11-04 10:27:50 --> Config file loaded: /hwonpark/www/application/config/tree.php
DEBUG - 2022-11-04 10:27:50 --> Encryption: Auto-configured driver 'openssl'.
DEBUG - 2022-11-04 10:27:50 --> Total execution time: 0.0530
DEBUG - 2022-11-04 10:27:53 --> UTF-8 Support Enabled
DEBUG - 2022-11-04 10:27:53 --> Global POST, GET and COOKIE data sanitized
DEBUG - 2022-11-04 10:27:53 --> Config file loaded: /hwonpark/www/application/config/tree.php
DEBUG - 2022-11-04 10:27:53 --> Encryption: Auto-configured driver 'openssl'.
DEBUG - 2022-11-04 10:27:53 --> Total execution time: 0.0474
DEBUG - 2022-11-04 10:28:45 --> UTF-8 Support Enabled
DEBUG - 2022-11-04 10:28:46 --> Global POST, GET and COOKIE data sanitized
DEBUG - 2022-11-04 10:28:46 --> Config file loaded: /hwonpark/www/application/config/tree.php
DEBUG - 2022-11-04 10:28:46 --> Encryption: Auto-configured driver 'openssl'.
DEBUG - 2022-11-04 10:28:47 --> UTF-8 Support Enabled
DEBUG - 2022-11-04 10:28:47 --> Global POST, GET and COOKIE data sanitized
DEBUG - 2022-11-04 10:28:47 --> Config file loaded: /hwonpark/www/application/config/tree.php
DEBUG - 2022-11-04 10:28:47 --> Encryption: Auto-configured driver 'openssl'.
DEBUG - 2022-11-04 10:28:47 --> Total execution time: 0.0399
DEBUG - 2022-11-04 10:29:27 --> UTF-8 Support Enabled
DEBUG - 2022-11-04 10:29:27 --> Global POST, GET and COOKIE data sanitized
DEBUG - 2022-11-04 10:29:27 --> Config file loaded: /hwonpark/www/application/config/tree.php
DEBUG - 2022-11-04 10:29:27 --> Encryption: Auto-configured driver 'openssl'.
DEBUG - 2022-11-04 10:29:27 --> Total execution time: 0.0554
DEBUG - 2022-11-04 10:30:03 --> UTF-8 Support Enabled
DEBUG - 2022-11-04 10:30:03 --> Global POST, GET and COOKIE data sanitized
DEBUG - 2022-11-04 10:30:03 --> Config file loaded: /hwonpark/www/application/config/tree.php
DEBUG - 2022-11-04 10:30:03 --> Encryption: Auto-configured driver 'openssl'.
DEBUG - 2022-11-04 10:30:05 --> UTF-8 Support Enabled
DEBUG - 2022-11-04 10:30:05 --> Global POST, GET and COOKIE data sanitized
DEBUG - 2022-11-04 10:30:05 --> Config file loaded: /hwonpark/www/application/config/tree.php
DEBUG - 2022-11-04 10:30:05 --> Encryption: Auto-configured driver 'openssl'.
DEBUG - 2022-11-04 10:30:05 --> Total execution time: 0.0384
DEBUG - 2022-11-04 10:30:47 --> UTF-8 Support Enabled
DEBUG - 2022-11-04 10:30:47 --> Global POST, GET and COOKIE data sanitized
DEBUG - 2022-11-04 10:30:47 --> Config file loaded: /hwonpark/www/application/config/tree.php
DEBUG - 2022-11-04 10:30:48 --> Encryption: Auto-configured driver 'openssl'.
DEBUG - 2022-11-04 10:30:48 --> Total execution time: 0.0354
DEBUG - 2022-11-04 10:31:23 --> UTF-8 Support Enabled
DEBUG - 2022-11-04 10:31:23 --> Global POST, GET and COOKIE data sanitized
DEBUG - 2022-11-04 10:31:23 --> Config file loaded: /hwonpark/www/application/config/tree.php
DEBUG - 2022-11-04 10:31:23 --> Encryption: Auto-configured driver 'openssl'.
DEBUG - 2022-11-04 10:31:24 --> UTF-8 Support Enabled
DEBUG - 2022-11-04 10:31:24 --> Global POST, GET and COOKIE data sanitized
DEBUG - 2022-11-04 10:31:24 --> Config file loaded: /hwonpark/www/application/config/tree.php
DEBUG - 2022-11-04 10:31:24 --> Encryption: Auto-configured driver 'openssl'.
DEBUG - 2022-11-04 10:31:24 --> Total execution time: 0.0352
DEBUG - 2022-11-04 10:31:33 --> UTF-8 Support Enabled
DEBUG - 2022-11-04 10:31:33 --> Global POST, GET and COOKIE data sanitized
DEBUG - 2022-11-04 10:31:33 --> Config file loaded: /hwonpark/www/application/config/tree.php
DEBUG - 2022-11-04 10:31:34 --> Encryption: Auto-configured driver 'openssl'.
DEBUG - 2022-11-04 10:31:34 --> Total execution time: 0.0644
DEBUG - 2022-11-04 10:31:35 --> UTF-8 Support Enabled
DEBUG - 2022-11-04 10:31:35 --> Global POST, GET and COOKIE data sanitized
DEBUG - 2022-11-04 10:31:35 --> Config file loaded: /hwonpark/www/application/config/tree.php
DEBUG - 2022-11-04 10:31:35 --> Encryption: Auto-configured driver 'openssl'.
DEBUG - 2022-11-04 10:31:35 --> Total execution time: 0.0474
DEBUG - 2022-11-04 10:31:37 --> UTF-8 Support Enabled
DEBUG - 2022-11-04 10:31:37 --> Global POST, GET and COOKIE data sanitized
DEBUG - 2022-11-04 10:31:37 --> Config file loaded: /hwonpark/www/application/config/tree.php
DEBUG - 2022-11-04 10:31:37 --> Encryption: Auto-configured driver 'openssl'.
DEBUG - 2022-11-04 10:31:37 --> Total execution time: 0.0360
DEBUG - 2022-11-04 10:31:41 --> UTF-8 Support Enabled
DEBUG - 2022-11-04 10:31:41 --> Global POST, GET and COOKIE data sanitized
DEBUG - 2022-11-04 10:31:41 --> Config file loaded: /hwonpark/www/application/config/tree.php
DEBUG - 2022-11-04 10:31:41 --> Encryption: Auto-configured driver 'openssl'.
DEBUG - 2022-11-04 10:31:41 --> Total execution time: 0.0756
DEBUG - 2022-11-04 10:31:51 --> UTF-8 Support Enabled
DEBUG - 2022-11-04 10:31:51 --> Global POST, GET and COOKIE data sanitized
DEBUG - 2022-11-04 10:31:51 --> Config file loaded: /hwonpark/www/application/config/tree.php
DEBUG - 2022-11-04 10:31:51 --> Encryption: Auto-configured driver 'openssl'.
DEBUG - 2022-11-04 10:31:51 --> UTF-8 Support Enabled
DEBUG - 2022-11-04 10:31:51 --> Global POST, GET and COOKIE data sanitized
DEBUG - 2022-11-04 10:31:51 --> Config file loaded: /hwonpark/www/application/config/tree.php
DEBUG - 2022-11-04 10:31:51 --> Encryption: Auto-configured driver 'openssl'.
DEBUG - 2022-11-04 10:31:51 --> Encryption class already loaded. Second attempt ignored.
DEBUG - 2022-11-04 10:31:51 --> Total execution time: 0.0414
DEBUG - 2022-11-04 10:31:53 --> UTF-8 Support Enabled
DEBUG - 2022-11-04 10:31:53 --> Global POST, GET and COOKIE data sanitized
DEBUG - 2022-11-04 10:31:53 --> Config file loaded: /hwonpark/www/application/config/tree.php
DEBUG - 2022-11-04 10:31:53 --> Encryption: Auto-configured driver 'openssl'.
DEBUG - 2022-11-04 10:31:53 --> Total execution time: 0.0496
DEBUG - 2022-11-04 10:31:55 --> UTF-8 Support Enabled
DEBUG - 2022-11-04 10:31:55 --> Global POST, GET and COOKIE data sanitized
DEBUG - 2022-11-04 10:31:55 --> Config file loaded: /hwonpark/www/application/config/tree.php
DEBUG - 2022-11-04 10:31:55 --> Encryption: Auto-configured driver 'openssl'.
DEBUG - 2022-11-04 10:31:55 --> Total execution time: 0.0515
DEBUG - 2022-11-04 10:33:19 --> UTF-8 Support Enabled
DEBUG - 2022-11-04 10:33:19 --> Global POST, GET and COOKIE data sanitized
DEBUG - 2022-11-04 10:33:19 --> Config file loaded: /hwonpark/www/application/config/tree.php
DEBUG - 2022-11-04 10:33:19 --> Encryption: Auto-configured driver 'openssl'.
DEBUG - 2022-11-04 10:33:19 --> Total execution time: 0.0449
DEBUG - 2022-11-04 10:33:48 --> UTF-8 Support Enabled
DEBUG - 2022-11-04 10:33:48 --> Global POST, GET and COOKIE data sanitized
DEBUG - 2022-11-04 10:33:48 --> Config file loaded: /hwonpark/www/application/config/tree.php
DEBUG - 2022-11-04 10:33:48 --> Encryption: Auto-configured driver 'openssl'.
DEBUG - 2022-11-04 10:33:50 --> UTF-8 Support Enabled
DEBUG - 2022-11-04 10:33:50 --> Global POST, GET and COOKIE data sanitized
DEBUG - 2022-11-04 10:33:50 --> Config file loaded: /hwonpark/www/application/config/tree.php
DEBUG - 2022-11-04 10:33:50 --> Encryption: Auto-configured driver 'openssl'.
DEBUG - 2022-11-04 10:33:50 --> Total execution time: 0.0693
DEBUG - 2022-11-04 10:37:36 --> UTF-8 Support Enabled
DEBUG - 2022-11-04 10:37:36 --> Global POST, GET and COOKIE data sanitized
DEBUG - 2022-11-04 10:37:36 --> Config file loaded: /hwonpark/www/application/config/tree.php
DEBUG - 2022-11-04 10:37:36 --> Encryption: Auto-configured driver 'openssl'.
DEBUG - 2022-11-04 10:37:36 --> Total execution time: 0.0447
DEBUG - 2022-11-04 10:38:05 --> UTF-8 Support Enabled
DEBUG - 2022-11-04 10:38:05 --> Global POST, GET and COOKIE data sanitized
DEBUG - 2022-11-04 10:38:05 --> Config file loaded: /hwonpark/www/application/config/tree.php
DEBUG - 2022-11-04 10:38:05 --> Encryption: Auto-configured driver 'openssl'.
DEBUG - 2022-11-04 10:38:06 --> UTF-8 Support Enabled
DEBUG - 2022-11-04 10:38:06 --> Global POST, GET and COOKIE data sanitized
DEBUG - 2022-11-04 10:38:06 --> Config file loaded: /hwonpark/www/application/config/tree.php
DEBUG - 2022-11-04 10:38:06 --> Encryption: Auto-configured driver 'openssl'.
DEBUG - 2022-11-04 10:38:06 --> Total execution time: 0.0509
DEBUG - 2022-11-04 10:39:43 --> UTF-8 Support Enabled
DEBUG - 2022-11-04 10:39:43 --> Global POST, GET and COOKIE data sanitized
DEBUG - 2022-11-04 10:39:43 --> Config file loaded: /hwonpark/www/application/config/tree.php
DEBUG - 2022-11-04 10:39:43 --> Encryption: Auto-configured driver 'openssl'.
DEBUG - 2022-11-04 10:39:43 --> Total execution time: 0.0430
DEBUG - 2022-11-04 10:40:13 --> UTF-8 Support Enabled
DEBUG - 2022-11-04 10:40:13 --> Global POST, GET and COOKIE data sanitized
DEBUG - 2022-11-04 10:40:13 --> Config file loaded: /hwonpark/www/application/config/tree.php
DEBUG - 2022-11-04 10:40:13 --> Encryption: Auto-configured driver 'openssl'.
DEBUG - 2022-11-04 10:40:14 --> UTF-8 Support Enabled
DEBUG - 2022-11-04 10:40:14 --> Global POST, GET and COOKIE data sanitized
DEBUG - 2022-11-04 10:40:14 --> Config file loaded: /hwonpark/www/application/config/tree.php
DEBUG - 2022-11-04 10:40:14 --> Encryption: Auto-configured driver 'openssl'.
DEBUG - 2022-11-04 10:40:14 --> Total execution time: 0.0610
DEBUG - 2022-11-04 10:40:45 --> UTF-8 Support Enabled
DEBUG - 2022-11-04 10:40:45 --> Global POST, GET and COOKIE data sanitized
DEBUG - 2022-11-04 10:40:45 --> Config file loaded: /hwonpark/www/application/config/tree.php
DEBUG - 2022-11-04 10:40:45 --> Encryption: Auto-configured driver 'openssl'.
DEBUG - 2022-11-04 10:40:45 --> Total execution time: 0.0629
DEBUG - 2022-11-04 10:41:33 --> UTF-8 Support Enabled
DEBUG - 2022-11-04 10:41:33 --> Global POST, GET and COOKIE data sanitized
DEBUG - 2022-11-04 10:41:33 --> Config file loaded: /hwonpark/www/application/config/tree.php
DEBUG - 2022-11-04 10:41:33 --> Encryption: Auto-configured driver 'openssl'.
DEBUG - 2022-11-04 10:41:35 --> UTF-8 Support Enabled
DEBUG - 2022-11-04 10:41:35 --> Global POST, GET and COOKIE data sanitized
DEBUG - 2022-11-04 10:41:35 --> Config file loaded: /hwonpark/www/application/config/tree.php
DEBUG - 2022-11-04 10:41:35 --> Encryption: Auto-configured driver 'openssl'.
DEBUG - 2022-11-04 10:41:35 --> Total execution time: 0.0412
DEBUG - 2022-11-04 10:42:20 --> UTF-8 Support Enabled
DEBUG - 2022-11-04 10:42:20 --> Global POST, GET and COOKIE data sanitized
DEBUG - 2022-11-04 10:42:20 --> Config file loaded: /hwonpark/www/application/config/tree.php
DEBUG - 2022-11-04 10:42:20 --> Encryption: Auto-configured driver 'openssl'.
DEBUG - 2022-11-04 10:42:20 --> Total execution time: 0.0484
DEBUG - 2022-11-04 10:42:52 --> UTF-8 Support Enabled
DEBUG - 2022-11-04 10:42:52 --> Global POST, GET and COOKIE data sanitized
DEBUG - 2022-11-04 10:42:53 --> Config file loaded: /hwonpark/www/application/config/tree.php
DEBUG - 2022-11-04 10:42:53 --> Encryption: Auto-configured driver 'openssl'.
DEBUG - 2022-11-04 10:42:54 --> UTF-8 Support Enabled
DEBUG - 2022-11-04 10:42:54 --> Global POST, GET and COOKIE data sanitized
DEBUG - 2022-11-04 10:42:54 --> Config file loaded: /hwonpark/www/application/config/tree.php
DEBUG - 2022-11-04 10:42:54 --> Encryption: Auto-configured driver 'openssl'.
DEBUG - 2022-11-04 10:42:54 --> Total execution time: 0.0356
DEBUG - 2022-11-04 10:43:30 --> UTF-8 Support Enabled
DEBUG - 2022-11-04 10:43:30 --> Global POST, GET and COOKIE data sanitized
DEBUG - 2022-11-04 10:43:30 --> Config file loaded: /hwonpark/www/application/config/tree.php
DEBUG - 2022-11-04 10:43:30 --> Encryption: Auto-configured driver 'openssl'.
DEBUG - 2022-11-04 10:43:30 --> Total execution time: 0.1024
DEBUG - 2022-11-04 10:43:40 --> UTF-8 Support Enabled
DEBUG - 2022-11-04 10:43:40 --> Global POST, GET and COOKIE data sanitized
DEBUG - 2022-11-04 10:43:40 --> Config file loaded: /hwonpark/www/application/config/tree.php
DEBUG - 2022-11-04 10:43:40 --> Encryption: Auto-configured driver 'openssl'.
DEBUG - 2022-11-04 10:43:40 --> Total execution time: 0.0572
DEBUG - 2022-11-04 10:47:30 --> UTF-8 Support Enabled
DEBUG - 2022-11-04 10:47:30 --> No URI present. Default controller set.
DEBUG - 2022-11-04 10:47:30 --> Global POST, GET and COOKIE data sanitized
DEBUG - 2022-11-04 10:47:30 --> Config file loaded: /hwonpark/www/application/config/tree.php
DEBUG - 2022-11-04 10:47:30 --> Total execution time: 0.0357
DEBUG - 2022-11-04 10:48:13 --> UTF-8 Support Enabled
DEBUG - 2022-11-04 10:48:13 --> Global POST, GET and COOKIE data sanitized
ERROR - 2022-11-04 10:48:13 --> 404 Page Not Found: Faviconico/index
DEBUG - 2022-11-04 11:25:52 --> UTF-8 Support Enabled
DEBUG - 2022-11-04 11:25:52 --> Global POST, GET and COOKIE data sanitized
DEBUG - 2022-11-04 11:25:52 --> Config file loaded: /hwonpark/www/application/config/tree.php
DEBUG - 2022-11-04 11:25:52 --> Total execution time: 0.0400
DEBUG - 2022-11-04 11:26:00 --> UTF-8 Support Enabled
DEBUG - 2022-11-04 11:26:00 --> Global POST, GET and COOKIE data sanitized
DEBUG - 2022-11-04 11:26:00 --> Config file loaded: /hwonpark/www/application/config/tree.php
DEBUG - 2022-11-04 11:26:03 --> UTF-8 Support Enabled
DEBUG - 2022-11-04 11:26:03 --> Global POST, GET and COOKIE data sanitized
DEBUG - 2022-11-04 11:26:03 --> Config file loaded: /hwonpark/www/application/config/tree.php
DEBUG - 2022-11-04 11:26:03 --> Encryption: Auto-configured driver 'openssl'.
DEBUG - 2022-11-04 11:26:03 --> UTF-8 Support Enabled
DEBUG - 2022-11-04 11:26:03 --> Global POST, GET and COOKIE data sanitized
DEBUG - 2022-11-04 11:26:03 --> Config file loaded: /hwonpark/www/application/config/tree.php
DEBUG - 2022-11-04 11:26:03 --> Encryption: Auto-configured driver 'openssl'.
DEBUG - 2022-11-04 11:26:03 --> Encryption class already loaded. Second attempt ignored.
DEBUG - 2022-11-04 11:26:03 --> Total execution time: 0.0392
DEBUG - 2022-11-04 12:43:47 --> UTF-8 Support Enabled
DEBUG - 2022-11-04 12:43:47 --> Global POST, GET and COOKIE data sanitized
DEBUG - 2022-11-04 12:43:47 --> Config file loaded: /hwonpark/www/application/config/tree.php
DEBUG - 2022-11-04 12:43:47 --> --------------------DC_common::chk_perm - 1.인가코드요청 시작 -> if 인앱브라우저
DEBUG - 2022-11-04 12:43:48 --> UTF-8 Support Enabled
DEBUG - 2022-11-04 12:43:48 --> Global POST, GET and COOKIE data sanitized
ERROR - 2022-11-04 12:43:48 --> 404 Page Not Found: Faviconico/index
DEBUG - 2022-11-04 12:43:48 --> UTF-8 Support Enabled
DEBUG - 2022-11-04 12:43:48 --> Global POST, GET and COOKIE data sanitized
DEBUG - 2022-11-04 12:43:48 --> Config file loaded: /hwonpark/www/application/config/tree.php
DEBUG - 2022-11-04 12:43:48 --> =================== DL_auth-> oauth::CALLBACK - 시작
DEBUG - 2022-11-04 12:43:48 --> =================== DL_auth-> oauth::CALLBACK - kakao param=:: error=
DEBUG - 2022-11-04 12:43:48 --> =================== DL_auth-> oauth::CALLBACK - kakao param=:: state=/ko/pr/view?idx=96
DEBUG - 2022-11-04 12:43:48 --> =================== DL_auth-> oauth::CALLBACK - kakao param=:: code=yJSm6YBASrI2HM-mdVVc70MNozLThibTKk4fgxv8LbtOsTcs18CsS4TEZlGiDt99egza-wo9cpcAAAGEQLzWsQ
DEBUG - 2022-11-04 12:43:48 --> =================== DL_auth -> kakao oauth :2: code=yJSm6YBASrI2HM-mdVVc70MNozLThibTKk4fgxv8LbtOsTcs18CsS4TEZlGiDt99egza-wo9cpcAAAGEQLzWsQ
DEBUG - 2022-11-04 12:43:48 --> ====================Dl_auth -> kakao_login :: 시작
DEBUG - 2022-11-04 12:43:48 --> --------------------Dl_auth::kakao_login - 1.토큰요청 시작
DEBUG - 2022-11-04 12:43:48 --> Dl_auth::kakao_login - get_token 시작 n=2
DEBUG - 2022-11-04 12:43:48 --> --------------------Dl_auth::kakao_login - 1.2.토큰요청 시작 -> 기타브라우저
DEBUG - 2022-11-04 12:43:48 --> --------------------Dl_auth::kakao_login - 1.3.토큰요청
DEBUG - 2022-11-04 12:43:48 --> --------------------Dl_auth::kakao_login - 1.4.토큰요청 -> 성공
DEBUG - 2022-11-04 12:43:48 --> UTF-8 Support Enabled
DEBUG - 2022-11-04 12:43:48 --> Global POST, GET and COOKIE data sanitized
DEBUG - 2022-11-04 12:43:48 --> Config file loaded: /hwonpark/www/application/config/tree.php
DEBUG - 2022-11-04 12:43:48 --> =================== DL_auth-> oauth::CALLBACK - 시작
DEBUG - 2022-11-04 12:43:48 --> =================== DL_auth-> oauth::CALLBACK - kakao param=:: error=
DEBUG - 2022-11-04 12:43:48 --> =================== DL_auth-> oauth::CALLBACK - kakao param=:: state=/ko/pr/view?idx=96
DEBUG - 2022-11-04 12:43:48 --> =================== DL_auth-> oauth::CALLBACK - kakao param=:: code=yJSm6YBASrI2HM-mdVVc70MNozLThibTKk4fgxv8LbtOsTcs18CsS4TEZlGiDt99egza-wo9cpcAAAGEQLzWsQ
DEBUG - 2022-11-04 12:43:48 --> =================== DL_auth -> kakao oauth :2: code=yJSm6YBASrI2HM-mdVVc70MNozLThibTKk4fgxv8LbtOsTcs18CsS4TEZlGiDt99egza-wo9cpcAAAGEQLzWsQ
DEBUG - 2022-11-04 12:43:48 --> ====================Dl_auth -> kakao_login :: 시작
DEBUG - 2022-11-04 12:43:50 --> UTF-8 Support Enabled
DEBUG - 2022-11-04 12:43:50 --> Global POST, GET and COOKIE data sanitized
DEBUG - 2022-11-04 12:43:50 --> Config file loaded: /hwonpark/www/application/config/tree.php
DEBUG - 2022-11-04 12:43:50 --> Total execution time: 0.0344
DEBUG - 2022-11-04 12:43:58 --> UTF-8 Support Enabled
DEBUG - 2022-11-04 12:43:58 --> Global POST, GET and COOKIE data sanitized
DEBUG - 2022-11-04 12:43:58 --> Config file loaded: /hwonpark/www/application/config/tree.php
DEBUG - 2022-11-04 12:43:58 --> --------------------DC_common::chk_perm - 1.인가코드요청 시작 -> if 인앱브라우저
DEBUG - 2022-11-04 12:43:59 --> UTF-8 Support Enabled
DEBUG - 2022-11-04 12:43:59 --> Global POST, GET and COOKIE data sanitized
ERROR - 2022-11-04 12:43:59 --> 404 Page Not Found: Faviconico/index
DEBUG - 2022-11-04 12:43:59 --> UTF-8 Support Enabled
DEBUG - 2022-11-04 12:43:59 --> Global POST, GET and COOKIE data sanitized
DEBUG - 2022-11-04 12:43:59 --> Config file loaded: /hwonpark/www/application/config/tree.php
DEBUG - 2022-11-04 12:43:59 --> =================== DL_auth-> oauth::CALLBACK - 시작
DEBUG - 2022-11-04 12:43:59 --> =================== DL_auth-> oauth::CALLBACK - kakao param=:: error=
DEBUG - 2022-11-04 12:43:59 --> =================== DL_auth-> oauth::CALLBACK - kakao param=:: state=/ko/pr/view?idx=96
DEBUG - 2022-11-04 12:43:59 --> =================== DL_auth-> oauth::CALLBACK - kakao param=:: code=JJEouQUAI1hW6pk1sjaOK6ZnhXrp_cSIcfI93c_zJR3H8R9VbIICQ8pqzY0fPRmZZPb2Rwo9dGgAAAGEQL0A5A
DEBUG - 2022-11-04 12:43:59 --> =================== DL_auth -> kakao oauth :2: code=JJEouQUAI1hW6pk1sjaOK6ZnhXrp_cSIcfI93c_zJR3H8R9VbIICQ8pqzY0fPRmZZPb2Rwo9dGgAAAGEQL0A5A
DEBUG - 2022-11-04 12:43:59 --> ====================Dl_auth -> kakao_login :: 시작
DEBUG - 2022-11-04 12:44:00 --> UTF-8 Support Enabled
DEBUG - 2022-11-04 12:44:00 --> Global POST, GET and COOKIE data sanitized
DEBUG - 2022-11-04 12:44:00 --> Config file loaded: /hwonpark/www/application/config/tree.php
DEBUG - 2022-11-04 12:44:00 --> Total execution time: 0.0365
DEBUG - 2022-11-04 12:44:04 --> UTF-8 Support Enabled
DEBUG - 2022-11-04 12:44:04 --> Global POST, GET and COOKIE data sanitized
DEBUG - 2022-11-04 12:44:04 --> Config file loaded: /hwonpark/www/application/config/tree.php
DEBUG - 2022-11-04 12:44:04 --> --------------------DC_common::chk_perm - 1.인가코드요청 시작 -> if 인앱브라우저
DEBUG - 2022-11-04 12:44:04 --> UTF-8 Support Enabled
DEBUG - 2022-11-04 12:44:04 --> Global POST, GET and COOKIE data sanitized
ERROR - 2022-11-04 12:44:04 --> 404 Page Not Found: Faviconico/index
DEBUG - 2022-11-04 12:44:06 --> UTF-8 Support Enabled
DEBUG - 2022-11-04 12:44:06 --> Global POST, GET and COOKIE data sanitized
DEBUG - 2022-11-04 12:44:06 --> Session class already loaded. Second attempt ignored.
DEBUG - 2022-11-04 12:44:06 --> Total execution time: 0.0461
DEBUG - 2022-11-04 12:44:06 --> UTF-8 Support Enabled
DEBUG - 2022-11-04 12:44:07 --> Global POST, GET and COOKIE data sanitized
DEBUG - 2022-11-04 12:44:07 --> Config file loaded: /hwonpark/www/application/config/tree.php
DEBUG - 2022-11-04 12:44:07 --> =================== DL_auth-> oauth::CALLBACK - 시작
DEBUG - 2022-11-04 12:44:07 --> =================== DL_auth-> oauth::CALLBACK - kakao param=:: error=
DEBUG - 2022-11-04 12:44:07 --> =================== DL_auth-> oauth::CALLBACK - kakao param=:: state=
DEBUG - 2022-11-04 12:44:07 --> =================== DL_auth-> oauth::CALLBACK - kakao param=:: code=J8eoCPcyeD1o4SQPa0s9k_uRkyuZHt0KncU2q1nrqg5-jec4Eb-93RNDpRsm6vlFHnbGXAo9dGgAAAGEQL0e_w
DEBUG - 2022-11-04 12:44:07 --> =================== DL_auth -> kakao oauth :2: code=J8eoCPcyeD1o4SQPa0s9k_uRkyuZHt0KncU2q1nrqg5-jec4Eb-93RNDpRsm6vlFHnbGXAo9dGgAAAGEQL0e_w
DEBUG - 2022-11-04 12:44:07 --> ====================Dl_auth -> kakao_login :: 시작
DEBUG - 2022-11-04 12:44:07 --> UTF-8 Support Enabled
DEBUG - 2022-11-04 12:44:07 --> Global POST, GET and COOKIE data sanitized
DEBUG - 2022-11-04 12:44:07 --> Config file loaded: /hwonpark/www/application/config/tree.php
DEBUG - 2022-11-04 12:44:07 --> =================== DL_auth -> joinForm :: 시작
DEBUG - 2022-11-04 12:44:07 --> =================== DL_auth -> joinForm :: 끝
DEBUG - 2022-11-04 12:44:07 --> Total execution time: 0.0692
DEBUG - 2022-11-04 12:44:08 --> UTF-8 Support Enabled
DEBUG - 2022-11-04 12:44:08 --> Global POST, GET and COOKIE data sanitized
DEBUG - 2022-11-04 12:44:08 --> Config file loaded: /hwonpark/www/application/config/tree.php
DEBUG - 2022-11-04 12:44:08 --> =================== DL_auth-> oauth::CALLBACK - 시작
DEBUG - 2022-11-04 12:44:08 --> =================== DL_auth-> oauth::CALLBACK - kakao param=:: error=
DEBUG - 2022-11-04 12:44:08 --> =================== DL_auth-> oauth::CALLBACK - kakao param=:: state=/ko/pr/view?idx=96
DEBUG - 2022-11-04 12:44:08 --> =================== DL_auth-> oauth::CALLBACK - kakao param=:: code=dRfgCvgFe5EOkLPY1DzMVXZz9HcoYlpiYWthAQaRng8hw6bOsDcq07tqOwUz4vmWyGiBUgo9dJcAAAGEQL0lmg
DEBUG - 2022-11-04 12:44:08 --> =================== DL_auth -> kakao oauth :2: code=dRfgCvgFe5EOkLPY1DzMVXZz9HcoYlpiYWthAQaRng8hw6bOsDcq07tqOwUz4vmWyGiBUgo9dJcAAAGEQL0lmg
DEBUG - 2022-11-04 12:44:08 --> ====================Dl_auth -> kakao_login :: 시작
DEBUG - 2022-11-04 12:44:08 --> --------------------Dl_auth::kakao_login - 1.토큰요청 시작
DEBUG - 2022-11-04 12:44:08 --> Dl_auth::kakao_login - get_token 시작 n=2
DEBUG - 2022-11-04 12:44:08 --> --------------------Dl_auth::kakao_login - 1.2.토큰요청 시작 -> 기타브라우저
DEBUG - 2022-11-04 12:44:08 --> --------------------Dl_auth::kakao_login - 1.3.토큰요청
DEBUG - 2022-11-04 12:44:08 --> --------------------Dl_auth::kakao_login - 1.4.토큰요청 -> 성공
DEBUG - 2022-11-04 12:44:08 --> UTF-8 Support Enabled
DEBUG - 2022-11-04 12:44:08 --> Global POST, GET and COOKIE data sanitized
DEBUG - 2022-11-04 12:44:08 --> Config file loaded: /hwonpark/www/application/config/tree.php
DEBUG - 2022-11-04 12:44:08 --> =================== DL_auth-> oauth::CALLBACK - 시작
DEBUG - 2022-11-04 12:44:08 --> =================== DL_auth-> oauth::CALLBACK - kakao param=:: error=
DEBUG - 2022-11-04 12:44:08 --> =================== DL_auth-> oauth::CALLBACK - kakao param=:: state=/ko/pr/view?idx=96
DEBUG - 2022-11-04 12:44:08 --> =================== DL_auth-> oauth::CALLBACK - kakao param=:: code=dRfgCvgFe5EOkLPY1DzMVXZz9HcoYlpiYWthAQaRng8hw6bOsDcq07tqOwUz4vmWyGiBUgo9dJcAAAGEQL0lmg
DEBUG - 2022-11-04 12:44:08 --> =================== DL_auth -> kakao oauth :2: code=dRfgCvgFe5EOkLPY1DzMVXZz9HcoYlpiYWthAQaRng8hw6bOsDcq07tqOwUz4vmWyGiBUgo9dJcAAAGEQL0lmg
DEBUG - 2022-11-04 12:44:08 --> ====================Dl_auth -> kakao_login :: 시작
DEBUG - 2022-11-04 12:44:10 --> UTF-8 Support Enabled
DEBUG - 2022-11-04 12:44:10 --> Global POST, GET and COOKIE data sanitized
DEBUG - 2022-11-04 12:44:10 --> Config file loaded: /hwonpark/www/application/config/tree.php
DEBUG - 2022-11-04 12:44:10 --> Total execution time: 0.0304
DEBUG - 2022-11-04 12:44:12 --> UTF-8 Support Enabled
DEBUG - 2022-11-04 12:44:12 --> Global POST, GET and COOKIE data sanitized
DEBUG - 2022-11-04 12:44:12 --> Config file loaded: /hwonpark/www/application/config/tree.php
DEBUG - 2022-11-04 12:44:12 --> ====================Dl_auth -> signup :: 시작
DEBUG - 2022-11-04 12:44:12 --> Encryption: Auto-configured driver 'openssl'.
DEBUG - 2022-11-04 12:44:13 --> UTF-8 Support Enabled
DEBUG - 2022-11-04 12:44:13 --> No URI present. Default controller set.
DEBUG - 2022-11-04 12:44:13 --> Global POST, GET and COOKIE data sanitized
DEBUG - 2022-11-04 12:44:13 --> Config file loaded: /hwonpark/www/application/config/tree.php
DEBUG - 2022-11-04 12:44:13 --> Encryption: Auto-configured driver 'openssl'.
DEBUG - 2022-11-04 12:44:13 --> Total execution time: 0.0368
DEBUG - 2022-11-04 12:44:16 --> UTF-8 Support Enabled
DEBUG - 2022-11-04 12:44:16 --> Global POST, GET and COOKIE data sanitized
DEBUG - 2022-11-04 12:44:16 --> Config file loaded: /hwonpark/www/application/config/tree.php
DEBUG - 2022-11-04 12:44:16 --> Encryption: Auto-configured driver 'openssl'.
DEBUG - 2022-11-04 12:44:16 --> --------------------DC_common::chk_perm - 1.인가코드요청 시작 -> if 인앱브라우저
DEBUG - 2022-11-04 12:44:16 --> Total execution time: 0.0844
DEBUG - 2022-11-04 12:44:43 --> UTF-8 Support Enabled
DEBUG - 2022-11-04 12:44:43 --> Global POST, GET and COOKIE data sanitized
DEBUG - 2022-11-04 12:44:43 --> Session class already loaded. Second attempt ignored.
DEBUG - 2022-11-04 12:44:43 --> Total execution time: 0.0182
DEBUG - 2022-11-04 12:44:44 --> UTF-8 Support Enabled
DEBUG - 2022-11-04 12:44:44 --> Global POST, GET and COOKIE data sanitized
DEBUG - 2022-11-04 12:44:44 --> Config file loaded: /hwonpark/www/application/config/tree.php
DEBUG - 2022-11-04 12:44:44 --> =================== DL_auth-> oauth::CALLBACK - 시작
DEBUG - 2022-11-04 12:44:44 --> =================== DL_auth-> oauth::CALLBACK - kakao param=:: error=
DEBUG - 2022-11-04 12:44:44 --> =================== DL_auth-> oauth::CALLBACK - kakao param=:: state=
DEBUG - 2022-11-04 12:44:44 --> =================== DL_auth-> oauth::CALLBACK - kakao param=:: code=PIohs1zSEcC4H6VLG8OTxus25lfL31Sn3c5Nys_WhB6uhIC6LTnxttWJcJj3HBpDUYCNzAo9c5sAAAGEQL2u_g
DEBUG - 2022-11-04 12:44:44 --> =================== DL_auth -> kakao oauth :2: code=PIohs1zSEcC4H6VLG8OTxus25lfL31Sn3c5Nys_WhB6uhIC6LTnxttWJcJj3HBpDUYCNzAo9c5sAAAGEQL2u_g
DEBUG - 2022-11-04 12:44:44 --> ====================Dl_auth -> kakao_login :: 시작
DEBUG - 2022-11-04 12:44:44 --> UTF-8 Support Enabled
DEBUG - 2022-11-04 12:44:44 --> Global POST, GET and COOKIE data sanitized
DEBUG - 2022-11-04 12:44:44 --> Config file loaded: /hwonpark/www/application/config/tree.php
DEBUG - 2022-11-04 12:44:44 --> =================== DL_auth -> joinForm :: 시작
DEBUG - 2022-11-04 12:44:44 --> =================== DL_auth -> joinForm :: 끝
DEBUG - 2022-11-04 12:44:44 --> Total execution time: 0.0322
DEBUG - 2022-11-04 12:45:14 --> UTF-8 Support Enabled
DEBUG - 2022-11-04 12:45:14 --> Global POST, GET and COOKIE data sanitized
DEBUG - 2022-11-04 12:45:14 --> Config file loaded: /hwonpark/www/application/config/tree.php
DEBUG - 2022-11-04 12:45:14 --> ====================Dl_auth -> signup :: 시작
DEBUG - 2022-11-04 12:45:14 --> Encryption: Auto-configured driver 'openssl'.
DEBUG - 2022-11-04 12:45:16 --> UTF-8 Support Enabled
DEBUG - 2022-11-04 12:45:16 --> No URI present. Default controller set.
DEBUG - 2022-11-04 12:45:16 --> Global POST, GET and COOKIE data sanitized
DEBUG - 2022-11-04 12:45:16 --> Config file loaded: /hwonpark/www/application/config/tree.php
DEBUG - 2022-11-04 12:45:16 --> Encryption: Auto-configured driver 'openssl'.
DEBUG - 2022-11-04 12:45:16 --> Total execution time: 0.0733
DEBUG - 2022-11-04 12:45:21 --> UTF-8 Support Enabled
DEBUG - 2022-11-04 12:45:21 --> Global POST, GET and COOKIE data sanitized
DEBUG - 2022-11-04 12:45:21 --> UTF-8 Support Enabled
DEBUG - 2022-11-04 12:45:21 --> Config file loaded: /hwonpark/www/application/config/tree.php
DEBUG - 2022-11-04 12:45:21 --> Global POST, GET and COOKIE data sanitized
DEBUG - 2022-11-04 12:45:21 --> Encryption: Auto-configured driver 'openssl'.
DEBUG - 2022-11-04 12:45:21 --> Config file loaded: /hwonpark/www/application/config/tree.php
DEBUG - 2022-11-04 12:45:21 --> UTF-8 Support Enabled
DEBUG - 2022-11-04 12:45:21 --> Global POST, GET and COOKIE data sanitized
DEBUG - 2022-11-04 12:45:21 --> Config file loaded: /hwonpark/www/application/config/tree.php
DEBUG - 2022-11-04 12:45:21 --> Encryption: Auto-configured driver 'openssl'.
DEBUG - 2022-11-04 12:45:21 --> --------------------DC_common::chk_perm - 1.인가코드요청 시작 -> if 인앱브라우저
DEBUG - 2022-11-04 12:45:21 --> Total execution time: 0.0540
DEBUG - 2022-11-04 12:45:22 --> UTF-8 Support Enabled
DEBUG - 2022-11-04 12:45:22 --> Global POST, GET and COOKIE data sanitized
DEBUG - 2022-11-04 12:45:22 --> Config file loaded: /hwonpark/www/application/config/tree.php
DEBUG - 2022-11-04 13:32:11 --> UTF-8 Support Enabled
DEBUG - 2022-11-04 13:32:11 --> Global POST, GET and COOKIE data sanitized
DEBUG - 2022-11-04 13:32:11 --> Config file loaded: /hwonpark/www/application/config/tree.php
DEBUG - 2022-11-04 14:53:08 --> UTF-8 Support Enabled
DEBUG - 2022-11-04 14:53:08 --> No URI present. Default controller set.
DEBUG - 2022-11-04 14:53:08 --> Global POST, GET and COOKIE data sanitized
DEBUG - 2022-11-04 14:53:08 --> Config file loaded: /hwonpark/www/application/config/tree.php
DEBUG - 2022-11-04 14:53:08 --> Total execution time: 0.0958
DEBUG - 2022-11-04 14:53:08 --> UTF-8 Support Enabled
DEBUG - 2022-11-04 14:53:08 --> Global POST, GET and COOKIE data sanitized
ERROR - 2022-11-04 14:53:08 --> 404 Page Not Found: Faviconico/index
DEBUG - 2022-11-04 15:31:20 --> UTF-8 Support Enabled
DEBUG - 2022-11-04 15:31:20 --> No URI present. Default controller set.
DEBUG - 2022-11-04 15:31:20 --> Global POST, GET and COOKIE data sanitized
DEBUG - 2022-11-04 15:31:20 --> Config file loaded: /hwonpark/www/application/config/tree.php
DEBUG - 2022-11-04 15:31:20 --> Total execution time: 0.1922
DEBUG - 2022-11-04 15:31:25 --> UTF-8 Support Enabled
DEBUG - 2022-11-04 15:31:25 --> Global POST, GET and COOKIE data sanitized
ERROR - 2022-11-04 15:31:25 --> 404 Page Not Found: Faviconico/index
DEBUG - 2022-11-04 16:24:01 --> UTF-8 Support Enabled
DEBUG - 2022-11-04 16:24:01 --> No URI present. Default controller set.
DEBUG - 2022-11-04 16:24:01 --> Global POST, GET and COOKIE data sanitized
DEBUG - 2022-11-04 16:24:01 --> Config file loaded: /hwonpark/www/application/config/tree.php
DEBUG - 2022-11-04 16:24:01 --> Total execution time: 0.0677
DEBUG - 2022-11-04 16:24:04 --> UTF-8 Support Enabled
DEBUG - 2022-11-04 16:24:04 --> Global POST, GET and COOKIE data sanitized
ERROR - 2022-11-04 16:24:04 --> 404 Page Not Found: Faviconico/index
DEBUG - 2022-11-04 17:26:12 --> UTF-8 Support Enabled
DEBUG - 2022-11-04 17:26:12 --> No URI present. Default controller set.
DEBUG - 2022-11-04 17:26:12 --> Global POST, GET and COOKIE data sanitized
DEBUG - 2022-11-04 17:26:12 --> Config file loaded: /hwonpark/www/application/config/tree.php
DEBUG - 2022-11-04 17:26:12 --> Total execution time: 0.0597
DEBUG - 2022-11-04 17:42:36 --> UTF-8 Support Enabled
DEBUG - 2022-11-04 17:42:36 --> No URI present. Default controller set.
DEBUG - 2022-11-04 17:42:36 --> Global POST, GET and COOKIE data sanitized
DEBUG - 2022-11-04 17:42:36 --> Config file loaded: /hwonpark/www/application/config/tree.php
DEBUG - 2022-11-04 17:42:36 --> Total execution time: 0.0304
DEBUG - 2022-11-04 17:42:54 --> UTF-8 Support Enabled
DEBUG - 2022-11-04 17:42:54 --> Global POST, GET and COOKIE data sanitized
DEBUG - 2022-11-04 17:42:54 --> Config file loaded: /hwonpark/www/application/config/tree.php
DEBUG - 2022-11-04 17:42:54 --> --------------------DC_common::chk_perm - 1.인가코드요청 시작 -> if 인앱브라우저
DEBUG - 2022-11-04 17:42:55 --> UTF-8 Support Enabled
DEBUG - 2022-11-04 17:42:55 --> Global POST, GET and COOKIE data sanitized
DEBUG - 2022-11-04 17:42:55 --> Config file loaded: /hwonpark/www/application/config/tree.php
DEBUG - 2022-11-04 17:42:55 --> =================== DL_auth-> oauth::CALLBACK - 시작
DEBUG - 2022-11-04 17:42:55 --> =================== DL_auth-> oauth::CALLBACK - kakao param=:: error=
DEBUG - 2022-11-04 17:42:55 --> =================== DL_auth-> oauth::CALLBACK - kakao param=:: state=/ko/pr/view?idx=96
DEBUG - 2022-11-04 17:42:55 --> =================== DL_auth-> oauth::CALLBACK - kakao param=:: code=MNo7rKOT8AllSZhJtZxBbne-CRTLj6Ad-OVDDVPF8Tk1tWy4PhnvV-w9OxhU1On3CsyxHgo9cpcAAAGEQc6wdA
DEBUG - 2022-11-04 17:42:55 --> =================== DL_auth -> kakao oauth :2: code=MNo7rKOT8AllSZhJtZxBbne-CRTLj6Ad-OVDDVPF8Tk1tWy4PhnvV-w9OxhU1On3CsyxHgo9cpcAAAGEQc6wdA
DEBUG - 2022-11-04 17:42:55 --> ====================Dl_auth -> kakao_login :: 시작
DEBUG - 2022-11-04 17:42:55 --> --------------------Dl_auth::kakao_login - 1.토큰요청 시작
DEBUG - 2022-11-04 17:42:55 --> Dl_auth::kakao_login - get_token 시작 n=2
DEBUG - 2022-11-04 17:42:55 --> --------------------Dl_auth::kakao_login - 1.2.토큰요청 시작 -> 기타브라우저
DEBUG - 2022-11-04 17:42:55 --> --------------------Dl_auth::kakao_login - 1.3.토큰요청
DEBUG - 2022-11-04 17:42:55 --> --------------------Dl_auth::kakao_login - 1.4.토큰요청 -> 성공
DEBUG - 2022-11-04 17:42:55 --> UTF-8 Support Enabled
DEBUG - 2022-11-04 17:42:55 --> Global POST, GET and COOKIE data sanitized
DEBUG - 2022-11-04 17:42:55 --> Config file loaded: /hwonpark/www/application/config/tree.php
DEBUG - 2022-11-04 17:42:55 --> =================== DL_auth-> oauth::CALLBACK - 시작
DEBUG - 2022-11-04 17:42:55 --> =================== DL_auth-> oauth::CALLBACK - kakao param=:: error=
DEBUG - 2022-11-04 17:42:55 --> =================== DL_auth-> oauth::CALLBACK - kakao param=:: state=/ko/pr/view?idx=96
DEBUG - 2022-11-04 17:42:55 --> =================== DL_auth-> oauth::CALLBACK - kakao param=:: code=MNo7rKOT8AllSZhJtZxBbne-CRTLj6Ad-OVDDVPF8Tk1tWy4PhnvV-w9OxhU1On3CsyxHgo9cpcAAAGEQc6wdA
DEBUG - 2022-11-04 17:42:55 --> =================== DL_auth -> kakao oauth :2: code=MNo7rKOT8AllSZhJtZxBbne-CRTLj6Ad-OVDDVPF8Tk1tWy4PhnvV-w9OxhU1On3CsyxHgo9cpcAAAGEQc6wdA
DEBUG - 2022-11-04 17:42:55 --> ====================Dl_auth -> kakao_login :: 시작
DEBUG - 2022-11-04 17:42:55 --> ====================Dl_auth::kakao_login - 1.3.5- 사이트 회원정보 업데이트 성공(카카오 인증 완료) state=/ko/pr/view?idx=96
DEBUG - 2022-11-04 17:42:55 --> UTF-8 Support Enabled
DEBUG - 2022-11-04 17:42:55 --> Global POST, GET and COOKIE data sanitized
DEBUG - 2022-11-04 17:42:56 --> Config file loaded: /hwonpark/www/application/config/tree.php
DEBUG - 2022-11-04 17:42:56 --> Encryption: Auto-configured driver 'openssl'.
DEBUG - 2022-11-04 17:42:56 --> --------------------DC_common::chk_perm - 1.인가코드요청 시작 -> if 인앱브라우저
DEBUG - 2022-11-04 17:42:56 --> Total execution time: 0.0700
DEBUG - 2022-11-04 17:43:00 --> UTF-8 Support Enabled
DEBUG - 2022-11-04 17:43:00 --> Global POST, GET and COOKIE data sanitized
DEBUG - 2022-11-04 17:43:00 --> Config file loaded: /hwonpark/www/application/config/tree.php
DEBUG - 2022-11-04 17:43:00 --> Encryption: Auto-configured driver 'openssl'.
DEBUG - 2022-11-04 17:43:00 --> --------------------DC_common::chk_perm - 1.인가코드요청 시작 -> if 인앱브라우저
DEBUG - 2022-11-04 17:43:00 --> Total execution time: 0.0657
DEBUG - 2022-11-04 17:43:02 --> UTF-8 Support Enabled
DEBUG - 2022-11-04 17:43:02 --> No URI present. Default controller set.
DEBUG - 2022-11-04 17:43:02 --> Global POST, GET and COOKIE data sanitized
DEBUG - 2022-11-04 17:43:02 --> Config file loaded: /hwonpark/www/application/config/tree.php
DEBUG - 2022-11-04 17:43:02 --> Encryption: Auto-configured driver 'openssl'.
DEBUG - 2022-11-04 17:43:02 --> Total execution time: 0.0306
DEBUG - 2022-11-04 17:43:17 --> UTF-8 Support Enabled
DEBUG - 2022-11-04 17:43:17 --> No URI present. Default controller set.
DEBUG - 2022-11-04 17:43:17 --> Global POST, GET and COOKIE data sanitized
DEBUG - 2022-11-04 17:43:17 --> Config file loaded: /hwonpark/www/application/config/tree.php
DEBUG - 2022-11-04 17:43:17 --> Encryption: Auto-configured driver 'openssl'.
DEBUG - 2022-11-04 17:43:17 --> Total execution time: 0.0398
DEBUG - 2022-11-04 17:43:26 --> UTF-8 Support Enabled
DEBUG - 2022-11-04 17:43:26 --> Global POST, GET and COOKIE data sanitized
DEBUG - 2022-11-04 17:43:26 --> Config file loaded: /hwonpark/www/application/config/tree.php
DEBUG - 2022-11-04 17:43:26 --> Encryption: Auto-configured driver 'openssl'.
DEBUG - 2022-11-04 17:43:26 --> Total execution time: 0.0724
DEBUG - 2022-11-04 17:43:31 --> UTF-8 Support Enabled
DEBUG - 2022-11-04 17:43:31 --> Global POST, GET and COOKIE data sanitized
DEBUG - 2022-11-04 17:43:31 --> Config file loaded: /hwonpark/www/application/config/tree.php
DEBUG - 2022-11-04 17:43:31 --> Encryption: Auto-configured driver 'openssl'.
DEBUG - 2022-11-04 17:43:31 --> --------------------DC_common::chk_perm - 1.인가코드요청 시작 -> if 인앱브라우저
DEBUG - 2022-11-04 17:43:31 --> Total execution time: 0.0512
DEBUG - 2022-11-04 17:43:49 --> UTF-8 Support Enabled
DEBUG - 2022-11-04 17:43:49 --> Global POST, GET and COOKIE data sanitized
DEBUG - 2022-11-04 17:43:49 --> Config file loaded: /hwonpark/www/application/config/tree.php
DEBUG - 2022-11-04 17:43:49 --> Encryption: Auto-configured driver 'openssl'.
DEBUG - 2022-11-04 17:43:49 --> Total execution time: 0.0753
DEBUG - 2022-11-04 17:44:00 --> UTF-8 Support Enabled
DEBUG - 2022-11-04 17:44:00 --> No URI present. Default controller set.
DEBUG - 2022-11-04 17:44:00 --> Global POST, GET and COOKIE data sanitized
DEBUG - 2022-11-04 17:44:00 --> Config file loaded: /hwonpark/www/application/config/tree.php
DEBUG - 2022-11-04 17:44:00 --> Encryption: Auto-configured driver 'openssl'.
DEBUG - 2022-11-04 17:44:00 --> Total execution time: 0.0471
DEBUG - 2022-11-04 17:44:05 --> UTF-8 Support Enabled
DEBUG - 2022-11-04 17:44:05 --> Global POST, GET and COOKIE data sanitized
DEBUG - 2022-11-04 17:44:05 --> Config file loaded: /hwonpark/www/application/config/tree.php
DEBUG - 2022-11-04 17:44:05 --> Encryption: Auto-configured driver 'openssl'.
DEBUG - 2022-11-04 17:44:05 --> --------------------DC_common::chk_perm - 1.인가코드요청 시작 -> if 인앱브라우저
DEBUG - 2022-11-04 17:44:05 --> Total execution time: 0.0736
DEBUG - 2022-11-04 17:44:11 --> UTF-8 Support Enabled
DEBUG - 2022-11-04 17:44:11 --> No URI present. Default controller set.
DEBUG - 2022-11-04 17:44:11 --> Global POST, GET and COOKIE data sanitized
DEBUG - 2022-11-04 17:44:11 --> Config file loaded: /hwonpark/www/application/config/tree.php
DEBUG - 2022-11-04 17:44:11 --> Encryption: Auto-configured driver 'openssl'.
DEBUG - 2022-11-04 17:44:11 --> Total execution time: 0.0339
DEBUG - 2022-11-04 20:32:47 --> UTF-8 Support Enabled
DEBUG - 2022-11-04 20:32:47 --> Global POST, GET and COOKIE data sanitized
DEBUG - 2022-11-04 20:32:47 --> Config file loaded: /hwonpark/www/application/config/tree.php
DEBUG - 2022-11-04 20:32:47 --> --------------------DC_common::chk_perm - 1.인가코드요청 시작 -> if 인앱브라우저
DEBUG - 2022-11-04 20:32:47 --> UTF-8 Support Enabled
DEBUG - 2022-11-04 20:32:47 --> Global POST, GET and COOKIE data sanitized
DEBUG - 2022-11-04 20:32:47 --> Config file loaded: /hwonpark/www/application/config/tree.php
DEBUG - 2022-11-04 20:32:47 --> =================== DL_auth-> oauth::CALLBACK - 시작
DEBUG - 2022-11-04 20:32:47 --> =================== DL_auth-> oauth::CALLBACK - kakao param=:: error=
DEBUG - 2022-11-04 20:32:47 --> =================== DL_auth-> oauth::CALLBACK - kakao param=:: state=/ko/pr/view?idx=96
DEBUG - 2022-11-04 20:32:47 --> =================== DL_auth-> oauth::CALLBACK - kakao param=:: code=ZLM71a3WOUCqbHdouILQnhyG6EfSjFnoVO2QbWreekyW3wX_HO-ts84Ra7h9GS3luv_cdgopcFAAAAGEQmo1RQ
DEBUG - 2022-11-04 20:32:47 --> =================== DL_auth -> kakao oauth :2: code=ZLM71a3WOUCqbHdouILQnhyG6EfSjFnoVO2QbWreekyW3wX_HO-ts84Ra7h9GS3luv_cdgopcFAAAAGEQmo1RQ
DEBUG - 2022-11-04 20:32:47 --> ====================Dl_auth -> kakao_login :: 시작
DEBUG - 2022-11-04 20:32:47 --> --------------------Dl_auth::kakao_login - 1.토큰요청 시작
DEBUG - 2022-11-04 20:32:47 --> Dl_auth::kakao_login - get_token 시작 n=2
DEBUG - 2022-11-04 20:32:47 --> --------------------Dl_auth::kakao_login - 1.2.토큰요청 시작 -> 기타브라우저
DEBUG - 2022-11-04 20:32:47 --> --------------------Dl_auth::kakao_login - 1.3.토큰요청
DEBUG - 2022-11-04 20:32:47 --> --------------------Dl_auth::kakao_login - 1.4.토큰요청 -> 성공
DEBUG - 2022-11-04 20:32:47 --> UTF-8 Support Enabled
DEBUG - 2022-11-04 20:32:47 --> Global POST, GET and COOKIE data sanitized
DEBUG - 2022-11-04 20:32:47 --> Config file loaded: /hwonpark/www/application/config/tree.php
DEBUG - 2022-11-04 20:32:47 --> =================== DL_auth-> oauth::CALLBACK - 시작
DEBUG - 2022-11-04 20:32:47 --> =================== DL_auth-> oauth::CALLBACK - kakao param=:: error=
DEBUG - 2022-11-04 20:32:47 --> =================== DL_auth-> oauth::CALLBACK - kakao param=:: state=/ko/pr/view?idx=96
DEBUG - 2022-11-04 20:32:47 --> =================== DL_auth-> oauth::CALLBACK - kakao param=:: code=ZLM71a3WOUCqbHdouILQnhyG6EfSjFnoVO2QbWreekyW3wX_HO-ts84Ra7h9GS3luv_cdgopcFAAAAGEQmo1RQ
DEBUG - 2022-11-04 20:32:47 --> =================== DL_auth -> kakao oauth :2: code=ZLM71a3WOUCqbHdouILQnhyG6EfSjFnoVO2QbWreekyW3wX_HO-ts84Ra7h9GS3luv_cdgopcFAAAAGEQmo1RQ
DEBUG - 2022-11-04 20:32:47 --> ====================Dl_auth -> kakao_login :: 시작
DEBUG - 2022-11-04 20:32:47 --> ====================Dl_auth::kakao_login - 1.3.5- 사이트 회원정보 업데이트 성공(카카오 인증 완료) state=/ko/pr/view?idx=96
DEBUG - 2022-11-04 20:32:47 --> UTF-8 Support Enabled
DEBUG - 2022-11-04 20:32:47 --> Global POST, GET and COOKIE data sanitized
DEBUG - 2022-11-04 20:32:47 --> UTF-8 Support Enabled
DEBUG - 2022-11-04 20:32:47 --> Global POST, GET and COOKIE data sanitized
DEBUG - 2022-11-04 20:32:48 --> Config file loaded: /hwonpark/www/application/config/tree.php
DEBUG - 2022-11-04 20:32:48 --> Encryption: Auto-configured driver 'openssl'.
DEBUG - 2022-11-04 20:32:48 --> --------------------DC_common::chk_perm - 1.인가코드요청 시작 -> if 인앱브라우저
DEBUG - 2022-11-04 20:32:48 --> Total execution time: 0.0875
DEBUG - 2022-11-04 20:32:48 --> Config file loaded: /hwonpark/www/application/config/tree.php
DEBUG - 2022-11-04 20:32:48 --> Encryption: Auto-configured driver 'openssl'.
DEBUG - 2022-11-04 20:32:48 --> --------------------DC_common::chk_perm - 1.인가코드요청 시작 -> if 인앱브라우저
DEBUG - 2022-11-04 20:32:48 --> Total execution time: 0.0961
DEBUG - 2022-11-04 22:37:44 --> UTF-8 Support Enabled
DEBUG - 2022-11-04 22:37:44 --> Global POST, GET and COOKIE data sanitized
ERROR - 2022-11-04 22:37:44 --> 404 Page Not Found: Public/_ignition
DEBUG - 2022-11-04 22:37:47 --> UTF-8 Support Enabled
DEBUG - 2022-11-04 22:37:47 --> Global POST, GET and COOKIE data sanitized
ERROR - 2022-11-04 22:37:47 --> 404 Page Not Found: _ignition/health-check
DEBUG - 2022-11-04 22:37:51 --> UTF-8 Support Enabled
DEBUG - 2022-11-04 22:37:51 --> Global POST, GET and COOKIE data sanitized
ERROR - 2022-11-04 22:37:51 --> 404 Page Not Found: Wp-includes/wlwmanifest.xml
