DEBUG - 2022-10-20 06:12:26 --> UTF-8 Support Enabled
DEBUG - 2022-10-20 06:12:26 --> Global POST, GET and COOKIE data sanitized
DEBUG - 2022-10-20 06:12:26 --> Config file loaded: /hwonpark/www/application/config/tree.php
DEBUG - 2022-10-20 06:12:27 --> --------------------DC_common::chk_perm - 1.인가코드요청 시작 -> if 인앱브라우저
DEBUG - 2022-10-20 06:12:27 --> UTF-8 Support Enabled
DEBUG - 2022-10-20 06:12:27 --> Global POST, GET and COOKIE data sanitized
ERROR - 2022-10-20 06:12:27 --> 404 Page Not Found: Faviconico/index
DEBUG - 2022-10-20 06:12:27 --> UTF-8 Support Enabled
DEBUG - 2022-10-20 06:12:27 --> Global POST, GET and COOKIE data sanitized
DEBUG - 2022-10-20 06:12:27 --> Config file loaded: /hwonpark/www/application/config/tree.php
DEBUG - 2022-10-20 06:12:27 --> =================== DL_auth-> oauth::CALLBACK - 시작
DEBUG - 2022-10-20 06:12:27 --> =================== DL_auth-> oauth::CALLBACK - kakao param=:: error=
DEBUG - 2022-10-20 06:12:27 --> =================== DL_auth-> oauth::CALLBACK - kakao param=:: state=/ko/brief/view?idx=35
DEBUG - 2022-10-20 06:12:27 --> =================== DL_auth-> oauth::CALLBACK - kakao param=:: code=v93DFa0PWwnKg3IMUl3mWTVY9FstfF06kInQIOr5XZpI4UHcFsO2kL0N1fzNNx57-1srbAopcJ8AAAGD8hcofw
DEBUG - 2022-10-20 06:12:27 --> =================== DL_auth -> kakao oauth :2: code=v93DFa0PWwnKg3IMUl3mWTVY9FstfF06kInQIOr5XZpI4UHcFsO2kL0N1fzNNx57-1srbAopcJ8AAAGD8hcofw
DEBUG - 2022-10-20 06:12:27 --> ====================Dl_auth -> kakao_login :: 시작
DEBUG - 2022-10-20 06:12:27 --> --------------------Dl_auth::kakao_login - 1.토큰요청 시작
DEBUG - 2022-10-20 06:12:27 --> Dl_auth::kakao_login - get_token 시작 n=2
DEBUG - 2022-10-20 06:12:27 --> --------------------Dl_auth::kakao_login - 1.2.토큰요청 시작 -> 기타브라우저
DEBUG - 2022-10-20 06:12:27 --> --------------------Dl_auth::kakao_login - 1.3.토큰요청
DEBUG - 2022-10-20 06:12:27 --> --------------------Dl_auth::kakao_login - 1.4.토큰요청 -> 성공
DEBUG - 2022-10-20 06:12:27 --> UTF-8 Support Enabled
DEBUG - 2022-10-20 06:12:27 --> Global POST, GET and COOKIE data sanitized
DEBUG - 2022-10-20 06:12:27 --> Config file loaded: /hwonpark/www/application/config/tree.php
DEBUG - 2022-10-20 06:12:27 --> =================== DL_auth-> oauth::CALLBACK - 시작
DEBUG - 2022-10-20 06:12:27 --> =================== DL_auth-> oauth::CALLBACK - kakao param=:: error=
DEBUG - 2022-10-20 06:12:27 --> =================== DL_auth-> oauth::CALLBACK - kakao param=:: state=/ko/brief/view?idx=35
DEBUG - 2022-10-20 06:12:27 --> =================== DL_auth-> oauth::CALLBACK - kakao param=:: code=v93DFa0PWwnKg3IMUl3mWTVY9FstfF06kInQIOr5XZpI4UHcFsO2kL0N1fzNNx57-1srbAopcJ8AAAGD8hcofw
DEBUG - 2022-10-20 06:12:27 --> =================== DL_auth -> kakao oauth :2: code=v93DFa0PWwnKg3IMUl3mWTVY9FstfF06kInQIOr5XZpI4UHcFsO2kL0N1fzNNx57-1srbAopcJ8AAAGD8hcofw
DEBUG - 2022-10-20 06:12:27 --> ====================Dl_auth -> kakao_login :: 시작
DEBUG - 2022-10-20 06:12:31 --> UTF-8 Support Enabled
DEBUG - 2022-10-20 06:12:31 --> Global POST, GET and COOKIE data sanitized
DEBUG - 2022-10-20 06:12:31 --> Config file loaded: /hwonpark/www/application/config/tree.php
DEBUG - 2022-10-20 06:12:31 --> Total execution time: 0.0490
DEBUG - 2022-10-20 06:12:33 --> UTF-8 Support Enabled
DEBUG - 2022-10-20 06:12:33 --> Global POST, GET and COOKIE data sanitized
DEBUG - 2022-10-20 06:12:33 --> Config file loaded: /hwonpark/www/application/config/tree.php
DEBUG - 2022-10-20 06:12:33 --> --------------------DC_common::chk_perm - 1.인가코드요청 시작 -> if 인앱브라우저
DEBUG - 2022-10-20 06:12:33 --> UTF-8 Support Enabled
DEBUG - 2022-10-20 06:12:33 --> Global POST, GET and COOKIE data sanitized
DEBUG - 2022-10-20 06:12:34 --> Config file loaded: /hwonpark/www/application/config/tree.php
DEBUG - 2022-10-20 06:12:34 --> =================== DL_auth-> oauth::CALLBACK - 시작
DEBUG - 2022-10-20 06:12:34 --> =================== DL_auth-> oauth::CALLBACK - kakao param=:: error=
DEBUG - 2022-10-20 06:12:34 --> =================== DL_auth-> oauth::CALLBACK - kakao param=:: state=/ko/brief/view?idx=35
DEBUG - 2022-10-20 06:12:34 --> =================== DL_auth-> oauth::CALLBACK - kakao param=:: code=Ys__nQKxyGbNZKTlDk8Q-TcQVyiWV8Wg94Lr2lqq2B-4Z-k_2laLGQNoEz9Uhev2g37mdAopcJ8AAAGD8hdBhw
DEBUG - 2022-10-20 06:12:34 --> =================== DL_auth -> kakao oauth :2: code=Ys__nQKxyGbNZKTlDk8Q-TcQVyiWV8Wg94Lr2lqq2B-4Z-k_2laLGQNoEz9Uhev2g37mdAopcJ8AAAGD8hdBhw
DEBUG - 2022-10-20 06:12:34 --> ====================Dl_auth -> kakao_login :: 시작
DEBUG - 2022-10-20 06:12:35 --> UTF-8 Support Enabled
DEBUG - 2022-10-20 06:12:35 --> Global POST, GET and COOKIE data sanitized
DEBUG - 2022-10-20 06:12:35 --> Config file loaded: /hwonpark/www/application/config/tree.php
DEBUG - 2022-10-20 06:12:35 --> Total execution time: 0.0523
DEBUG - 2022-10-20 06:12:37 --> UTF-8 Support Enabled
DEBUG - 2022-10-20 06:12:37 --> Global POST, GET and COOKIE data sanitized
DEBUG - 2022-10-20 06:12:37 --> Config file loaded: /hwonpark/www/application/config/tree.php
DEBUG - 2022-10-20 06:12:37 --> --------------------DC_common::chk_perm - 1.인가코드요청 시작 -> if 인앱브라우저
DEBUG - 2022-10-20 06:12:37 --> UTF-8 Support Enabled
DEBUG - 2022-10-20 06:12:37 --> Global POST, GET and COOKIE data sanitized
DEBUG - 2022-10-20 06:12:37 --> Config file loaded: /hwonpark/www/application/config/tree.php
DEBUG - 2022-10-20 06:12:37 --> =================== DL_auth-> oauth::CALLBACK - 시작
DEBUG - 2022-10-20 06:12:37 --> =================== DL_auth-> oauth::CALLBACK - kakao param=:: error=
DEBUG - 2022-10-20 06:12:37 --> =================== DL_auth-> oauth::CALLBACK - kakao param=:: state=/ko/brief/view?idx=35
DEBUG - 2022-10-20 06:12:37 --> =================== DL_auth-> oauth::CALLBACK - kakao param=:: code=VqjKuoRvxphLaZmTIzbeU4JQ3E0uNV80N18FaINLLYrk5KotowgX9-voLDqLxHh32W4WNAopcJ8AAAGD8hdOZA
DEBUG - 2022-10-20 06:12:37 --> =================== DL_auth -> kakao oauth :2: code=VqjKuoRvxphLaZmTIzbeU4JQ3E0uNV80N18FaINLLYrk5KotowgX9-voLDqLxHh32W4WNAopcJ8AAAGD8hdOZA
DEBUG - 2022-10-20 06:12:37 --> ====================Dl_auth -> kakao_login :: 시작
DEBUG - 2022-10-20 06:12:39 --> UTF-8 Support Enabled
DEBUG - 2022-10-20 06:12:39 --> Global POST, GET and COOKIE data sanitized
DEBUG - 2022-10-20 06:12:39 --> Config file loaded: /hwonpark/www/application/config/tree.php
DEBUG - 2022-10-20 06:12:39 --> Total execution time: 0.0567
DEBUG - 2022-10-20 07:40:57 --> UTF-8 Support Enabled
DEBUG - 2022-10-20 07:40:57 --> Global POST, GET and COOKIE data sanitized
DEBUG - 2022-10-20 07:40:58 --> Config file loaded: /hwonpark/www/application/config/tree.php
DEBUG - 2022-10-20 07:40:58 --> --------------------DC_common::chk_perm - 1.인가코드요청 시작 -> if 인앱브라우저
DEBUG - 2022-10-20 07:40:58 --> UTF-8 Support Enabled
DEBUG - 2022-10-20 07:40:58 --> Global POST, GET and COOKIE data sanitized
ERROR - 2022-10-20 07:40:58 --> 404 Page Not Found: Faviconico/index
DEBUG - 2022-10-20 07:40:58 --> UTF-8 Support Enabled
DEBUG - 2022-10-20 07:40:58 --> Global POST, GET and COOKIE data sanitized
DEBUG - 2022-10-20 07:40:58 --> Config file loaded: /hwonpark/www/application/config/tree.php
DEBUG - 2022-10-20 07:40:58 --> =================== DL_auth-> oauth::CALLBACK - 시작
DEBUG - 2022-10-20 07:40:58 --> =================== DL_auth-> oauth::CALLBACK - kakao param=:: error=
DEBUG - 2022-10-20 07:40:58 --> =================== DL_auth-> oauth::CALLBACK - kakao param=:: state=/ko/brief/view?idx=35
DEBUG - 2022-10-20 07:40:58 --> =================== DL_auth-> oauth::CALLBACK - kakao param=:: code=xz8E1CYoIBKC9cQDyho7tXRBR3v0xmAsa4rgL0xg5Zc2F4FgiEsYYDhNzSxUOTgqdIK3zwopcSEAAAGD8mgydQ
DEBUG - 2022-10-20 07:40:58 --> =================== DL_auth -> kakao oauth :2: code=xz8E1CYoIBKC9cQDyho7tXRBR3v0xmAsa4rgL0xg5Zc2F4FgiEsYYDhNzSxUOTgqdIK3zwopcSEAAAGD8mgydQ
DEBUG - 2022-10-20 07:40:58 --> ====================Dl_auth -> kakao_login :: 시작
DEBUG - 2022-10-20 07:40:58 --> --------------------Dl_auth::kakao_login - 1.토큰요청 시작
DEBUG - 2022-10-20 07:40:58 --> Dl_auth::kakao_login - get_token 시작 n=2
DEBUG - 2022-10-20 07:40:58 --> --------------------Dl_auth::kakao_login - 1.2.토큰요청 시작 -> 기타브라우저
DEBUG - 2022-10-20 07:40:58 --> --------------------Dl_auth::kakao_login - 1.3.토큰요청
DEBUG - 2022-10-20 07:40:58 --> --------------------Dl_auth::kakao_login - 1.4.토큰요청 -> 성공
DEBUG - 2022-10-20 07:40:58 --> UTF-8 Support Enabled
DEBUG - 2022-10-20 07:40:58 --> Global POST, GET and COOKIE data sanitized
DEBUG - 2022-10-20 07:40:58 --> Config file loaded: /hwonpark/www/application/config/tree.php
DEBUG - 2022-10-20 07:40:58 --> =================== DL_auth-> oauth::CALLBACK - 시작
DEBUG - 2022-10-20 07:40:58 --> =================== DL_auth-> oauth::CALLBACK - kakao param=:: error=
DEBUG - 2022-10-20 07:40:58 --> =================== DL_auth-> oauth::CALLBACK - kakao param=:: state=/ko/brief/view?idx=35
DEBUG - 2022-10-20 07:40:58 --> =================== DL_auth-> oauth::CALLBACK - kakao param=:: code=xz8E1CYoIBKC9cQDyho7tXRBR3v0xmAsa4rgL0xg5Zc2F4FgiEsYYDhNzSxUOTgqdIK3zwopcSEAAAGD8mgydQ
DEBUG - 2022-10-20 07:40:58 --> =================== DL_auth -> kakao oauth :2: code=xz8E1CYoIBKC9cQDyho7tXRBR3v0xmAsa4rgL0xg5Zc2F4FgiEsYYDhNzSxUOTgqdIK3zwopcSEAAAGD8mgydQ
DEBUG - 2022-10-20 07:40:58 --> ====================Dl_auth -> kakao_login :: 시작
DEBUG - 2022-10-20 07:40:58 --> ====================Dl_auth::kakao_login - 1.3.5- 사이트 회원정보 업데이트 성공(카카오 인증 완료) state=/ko/brief/view?idx=35
DEBUG - 2022-10-20 07:40:58 --> UTF-8 Support Enabled
DEBUG - 2022-10-20 07:40:58 --> Global POST, GET and COOKIE data sanitized
DEBUG - 2022-10-20 07:40:58 --> Config file loaded: /hwonpark/www/application/config/tree.php
DEBUG - 2022-10-20 07:40:58 --> Encryption: Auto-configured driver 'openssl'.
DEBUG - 2022-10-20 07:40:58 --> --------------------DC_common::chk_perm - 1.인가코드요청 시작 -> if 인앱브라우저
DEBUG - 2022-10-20 07:40:58 --> Total execution time: 0.1262
DEBUG - 2022-10-20 07:41:09 --> UTF-8 Support Enabled
DEBUG - 2022-10-20 07:41:09 --> Global POST, GET and COOKIE data sanitized
DEBUG - 2022-10-20 07:41:09 --> Config file loaded: /hwonpark/www/application/config/tree.php
DEBUG - 2022-10-20 07:41:09 --> Encryption: Auto-configured driver 'openssl'.
DEBUG - 2022-10-20 07:41:09 --> Total execution time: 0.0460
DEBUG - 2022-10-20 07:41:17 --> UTF-8 Support Enabled
DEBUG - 2022-10-20 07:41:17 --> Global POST, GET and COOKIE data sanitized
DEBUG - 2022-10-20 07:41:17 --> Config file loaded: /hwonpark/www/application/config/tree.php
DEBUG - 2022-10-20 07:41:17 --> Encryption: Auto-configured driver 'openssl'.
DEBUG - 2022-10-20 07:41:17 --> --------------------DC_common::chk_perm - 1.인가코드요청 시작 -> if 인앱브라우저
DEBUG - 2022-10-20 07:41:17 --> Total execution time: 0.0436
DEBUG - 2022-10-20 07:43:08 --> UTF-8 Support Enabled
DEBUG - 2022-10-20 07:43:08 --> Global POST, GET and COOKIE data sanitized
DEBUG - 2022-10-20 07:43:08 --> Config file loaded: /hwonpark/www/application/config/tree.php
DEBUG - 2022-10-20 07:43:08 --> Encryption: Auto-configured driver 'openssl'.
DEBUG - 2022-10-20 07:43:08 --> Total execution time: 0.0442
DEBUG - 2022-10-20 07:43:09 --> UTF-8 Support Enabled
DEBUG - 2022-10-20 07:43:09 --> Global POST, GET and COOKIE data sanitized
DEBUG - 2022-10-20 07:43:09 --> Config file loaded: /hwonpark/www/application/config/tree.php
DEBUG - 2022-10-20 07:43:09 --> Encryption: Auto-configured driver 'openssl'.
DEBUG - 2022-10-20 07:43:09 --> --------------------DC_common::chk_perm - 1.인가코드요청 시작 -> if 인앱브라우저
DEBUG - 2022-10-20 07:43:09 --> Total execution time: 0.0473
DEBUG - 2022-10-20 07:43:10 --> UTF-8 Support Enabled
DEBUG - 2022-10-20 07:43:10 --> Global POST, GET and COOKIE data sanitized
DEBUG - 2022-10-20 07:43:10 --> Config file loaded: /hwonpark/www/application/config/tree.php
DEBUG - 2022-10-20 07:43:10 --> Encryption: Auto-configured driver 'openssl'.
DEBUG - 2022-10-20 07:43:10 --> --------------------DC_common::chk_perm - 1.인가코드요청 시작 -> if 인앱브라우저
DEBUG - 2022-10-20 07:43:10 --> Total execution time: 0.0595
DEBUG - 2022-10-20 07:45:23 --> UTF-8 Support Enabled
DEBUG - 2022-10-20 07:45:23 --> No URI present. Default controller set.
DEBUG - 2022-10-20 07:45:23 --> Global POST, GET and COOKIE data sanitized
DEBUG - 2022-10-20 07:45:23 --> Config file loaded: /hwonpark/www/application/config/tree.php
DEBUG - 2022-10-20 07:45:23 --> Total execution time: 0.0442
DEBUG - 2022-10-20 08:20:16 --> UTF-8 Support Enabled
DEBUG - 2022-10-20 08:20:16 --> Global POST, GET and COOKIE data sanitized
DEBUG - 2022-10-20 08:20:16 --> Config file loaded: /hwonpark/www/application/config/tree.php
DEBUG - 2022-10-20 08:20:16 --> --------------------DC_common::chk_perm - 1.인가코드요청 시작 -> if 인앱브라우저
DEBUG - 2022-10-20 08:20:17 --> UTF-8 Support Enabled
DEBUG - 2022-10-20 08:20:17 --> Global POST, GET and COOKIE data sanitized
ERROR - 2022-10-20 08:20:17 --> 404 Page Not Found: Faviconico/index
DEBUG - 2022-10-20 08:20:17 --> UTF-8 Support Enabled
DEBUG - 2022-10-20 08:20:17 --> Global POST, GET and COOKIE data sanitized
DEBUG - 2022-10-20 08:20:17 --> Config file loaded: /hwonpark/www/application/config/tree.php
DEBUG - 2022-10-20 08:20:17 --> =================== DL_auth-> oauth::CALLBACK - 시작
DEBUG - 2022-10-20 08:20:17 --> =================== DL_auth-> oauth::CALLBACK - kakao param=:: error=
DEBUG - 2022-10-20 08:20:17 --> =================== DL_auth-> oauth::CALLBACK - kakao param=:: state=/ko/brief/view?idx=35
DEBUG - 2022-10-20 08:20:17 --> =================== DL_auth-> oauth::CALLBACK - kakao param=:: code=nDXGNptHi3eLQp8KHRwZKEsI1zk39YDpvNe0_oR7hi8z6b6PzyxzbtK_NdyN0PsOw6fuowo9cpcAAAGD8owwzQ
DEBUG - 2022-10-20 08:20:17 --> =================== DL_auth -> kakao oauth :2: code=nDXGNptHi3eLQp8KHRwZKEsI1zk39YDpvNe0_oR7hi8z6b6PzyxzbtK_NdyN0PsOw6fuowo9cpcAAAGD8owwzQ
DEBUG - 2022-10-20 08:20:17 --> ====================Dl_auth -> kakao_login :: 시작
DEBUG - 2022-10-20 08:20:17 --> --------------------Dl_auth::kakao_login - 1.토큰요청 시작
DEBUG - 2022-10-20 08:20:17 --> Dl_auth::kakao_login - get_token 시작 n=2
DEBUG - 2022-10-20 08:20:17 --> --------------------Dl_auth::kakao_login - 1.2.토큰요청 시작 -> 기타브라우저
DEBUG - 2022-10-20 08:20:17 --> --------------------Dl_auth::kakao_login - 1.3.토큰요청
DEBUG - 2022-10-20 08:20:17 --> --------------------Dl_auth::kakao_login - 1.4.토큰요청 -> 성공
DEBUG - 2022-10-20 08:20:17 --> UTF-8 Support Enabled
DEBUG - 2022-10-20 08:20:17 --> Global POST, GET and COOKIE data sanitized
DEBUG - 2022-10-20 08:20:17 --> Config file loaded: /hwonpark/www/application/config/tree.php
DEBUG - 2022-10-20 08:20:17 --> =================== DL_auth-> oauth::CALLBACK - 시작
DEBUG - 2022-10-20 08:20:17 --> =================== DL_auth-> oauth::CALLBACK - kakao param=:: error=
DEBUG - 2022-10-20 08:20:17 --> =================== DL_auth-> oauth::CALLBACK - kakao param=:: state=/ko/brief/view?idx=35
DEBUG - 2022-10-20 08:20:17 --> =================== DL_auth-> oauth::CALLBACK - kakao param=:: code=nDXGNptHi3eLQp8KHRwZKEsI1zk39YDpvNe0_oR7hi8z6b6PzyxzbtK_NdyN0PsOw6fuowo9cpcAAAGD8owwzQ
DEBUG - 2022-10-20 08:20:17 --> =================== DL_auth -> kakao oauth :2: code=nDXGNptHi3eLQp8KHRwZKEsI1zk39YDpvNe0_oR7hi8z6b6PzyxzbtK_NdyN0PsOw6fuowo9cpcAAAGD8owwzQ
DEBUG - 2022-10-20 08:20:17 --> ====================Dl_auth -> kakao_login :: 시작
DEBUG - 2022-10-20 08:20:17 --> ====================Dl_auth::kakao_login - 1.3.5- 사이트 회원정보 업데이트 성공(카카오 인증 완료) state=/ko/brief/view?idx=35
DEBUG - 2022-10-20 08:20:17 --> UTF-8 Support Enabled
DEBUG - 2022-10-20 08:20:17 --> Global POST, GET and COOKIE data sanitized
DEBUG - 2022-10-20 08:20:17 --> Config file loaded: /hwonpark/www/application/config/tree.php
DEBUG - 2022-10-20 08:20:17 --> Encryption: Auto-configured driver 'openssl'.
DEBUG - 2022-10-20 08:20:17 --> --------------------DC_common::chk_perm - 1.인가코드요청 시작 -> if 인앱브라우저
DEBUG - 2022-10-20 08:20:17 --> Total execution time: 0.0667
DEBUG - 2022-10-20 08:20:27 --> UTF-8 Support Enabled
DEBUG - 2022-10-20 08:20:27 --> Global POST, GET and COOKIE data sanitized
DEBUG - 2022-10-20 08:20:28 --> Config file loaded: /hwonpark/www/application/config/tree.php
DEBUG - 2022-10-20 08:20:28 --> Encryption: Auto-configured driver 'openssl'.
DEBUG - 2022-10-20 08:20:28 --> UTF-8 Support Enabled
DEBUG - 2022-10-20 08:20:28 --> Global POST, GET and COOKIE data sanitized
DEBUG - 2022-10-20 08:20:28 --> Config file loaded: /hwonpark/www/application/config/tree.php
DEBUG - 2022-10-20 08:20:28 --> Encryption: Auto-configured driver 'openssl'.
DEBUG - 2022-10-20 09:26:25 --> UTF-8 Support Enabled
DEBUG - 2022-10-20 09:26:25 --> Global POST, GET and COOKIE data sanitized
DEBUG - 2022-10-20 09:26:25 --> Config file loaded: /hwonpark/www/application/config/tree.php
DEBUG - 2022-10-20 09:26:25 --> Total execution time: 0.0593
DEBUG - 2022-10-20 09:26:26 --> UTF-8 Support Enabled
DEBUG - 2022-10-20 09:26:26 --> Global POST, GET and COOKIE data sanitized
ERROR - 2022-10-20 09:26:26 --> 404 Page Not Found: Faviconico/index
DEBUG - 2022-10-20 09:26:30 --> UTF-8 Support Enabled
DEBUG - 2022-10-20 09:26:30 --> Global POST, GET and COOKIE data sanitized
DEBUG - 2022-10-20 09:26:30 --> Config file loaded: /hwonpark/www/application/config/tree.php
DEBUG - 2022-10-20 09:26:32 --> UTF-8 Support Enabled
DEBUG - 2022-10-20 09:26:32 --> Global POST, GET and COOKIE data sanitized
DEBUG - 2022-10-20 09:26:32 --> Config file loaded: /hwonpark/www/application/config/tree.php
DEBUG - 2022-10-20 09:26:32 --> Encryption: Auto-configured driver 'openssl'.
DEBUG - 2022-10-20 09:26:32 --> UTF-8 Support Enabled
DEBUG - 2022-10-20 09:26:32 --> Global POST, GET and COOKIE data sanitized
DEBUG - 2022-10-20 09:26:32 --> Config file loaded: /hwonpark/www/application/config/tree.php
DEBUG - 2022-10-20 09:26:32 --> Encryption: Auto-configured driver 'openssl'.
DEBUG - 2022-10-20 09:26:32 --> Encryption class already loaded. Second attempt ignored.
DEBUG - 2022-10-20 09:26:32 --> Total execution time: 0.0520
DEBUG - 2022-10-20 09:27:00 --> UTF-8 Support Enabled
DEBUG - 2022-10-20 09:27:00 --> Global POST, GET and COOKIE data sanitized
DEBUG - 2022-10-20 09:27:00 --> Config file loaded: /hwonpark/www/application/config/tree.php
DEBUG - 2022-10-20 09:27:00 --> Encryption: Auto-configured driver 'openssl'.
DEBUG - 2022-10-20 09:27:00 --> Total execution time: 0.0636
DEBUG - 2022-10-20 09:27:03 --> UTF-8 Support Enabled
DEBUG - 2022-10-20 09:27:03 --> Global POST, GET and COOKIE data sanitized
DEBUG - 2022-10-20 09:27:03 --> Config file loaded: /hwonpark/www/application/config/tree.php
DEBUG - 2022-10-20 09:27:03 --> Encryption: Auto-configured driver 'openssl'.
DEBUG - 2022-10-20 09:27:03 --> Total execution time: 0.0364
DEBUG - 2022-10-20 10:00:01 --> UTF-8 Support Enabled
DEBUG - 2022-10-20 10:00:01 --> Global POST, GET and COOKIE data sanitized
DEBUG - 2022-10-20 10:00:01 --> Config file loaded: /hwonpark/www/application/config/tree.php
DEBUG - 2022-10-20 10:00:01 --> --------------------DC_common::chk_perm - 1.인가코드요청 시작 -> if 인앱브라우저
DEBUG - 2022-10-20 10:00:01 --> UTF-8 Support Enabled
DEBUG - 2022-10-20 10:00:01 --> Global POST, GET and COOKIE data sanitized
ERROR - 2022-10-20 10:00:01 --> 404 Page Not Found: Faviconico/index
DEBUG - 2022-10-20 10:00:02 --> UTF-8 Support Enabled
DEBUG - 2022-10-20 10:00:02 --> Global POST, GET and COOKIE data sanitized
DEBUG - 2022-10-20 10:00:02 --> Config file loaded: /hwonpark/www/application/config/tree.php
DEBUG - 2022-10-20 10:00:02 --> =================== DL_auth-> oauth::CALLBACK - 시작
DEBUG - 2022-10-20 10:00:02 --> =================== DL_auth-> oauth::CALLBACK - kakao param=:: error=
DEBUG - 2022-10-20 10:00:02 --> =================== DL_auth-> oauth::CALLBACK - kakao param=:: state=/ko/brief/view?idx=35
DEBUG - 2022-10-20 10:00:02 --> =================== DL_auth-> oauth::CALLBACK - kakao param=:: code=jgK2BC8rfSMfAXTIVfhviP3hSu59XJLv3QNkAEK99jsr-6SWACjXePhvFzRvKnc88-HyvgopcNEAAAGD8ueCmQ
DEBUG - 2022-10-20 10:00:02 --> =================== DL_auth -> kakao oauth :2: code=jgK2BC8rfSMfAXTIVfhviP3hSu59XJLv3QNkAEK99jsr-6SWACjXePhvFzRvKnc88-HyvgopcNEAAAGD8ueCmQ
DEBUG - 2022-10-20 10:00:02 --> ====================Dl_auth -> kakao_login :: 시작
DEBUG - 2022-10-20 10:00:02 --> --------------------Dl_auth::kakao_login - 1.토큰요청 시작
DEBUG - 2022-10-20 10:00:02 --> Dl_auth::kakao_login - get_token 시작 n=2
DEBUG - 2022-10-20 10:00:02 --> --------------------Dl_auth::kakao_login - 1.2.토큰요청 시작 -> 기타브라우저
DEBUG - 2022-10-20 10:00:02 --> --------------------Dl_auth::kakao_login - 1.3.토큰요청
DEBUG - 2022-10-20 10:00:02 --> --------------------Dl_auth::kakao_login - 1.4.토큰요청 -> 성공
DEBUG - 2022-10-20 10:00:02 --> UTF-8 Support Enabled
DEBUG - 2022-10-20 10:00:02 --> Global POST, GET and COOKIE data sanitized
DEBUG - 2022-10-20 10:00:02 --> Config file loaded: /hwonpark/www/application/config/tree.php
DEBUG - 2022-10-20 10:00:02 --> =================== DL_auth-> oauth::CALLBACK - 시작
DEBUG - 2022-10-20 10:00:02 --> =================== DL_auth-> oauth::CALLBACK - kakao param=:: error=
DEBUG - 2022-10-20 10:00:02 --> =================== DL_auth-> oauth::CALLBACK - kakao param=:: state=/ko/brief/view?idx=35
DEBUG - 2022-10-20 10:00:02 --> =================== DL_auth-> oauth::CALLBACK - kakao param=:: code=jgK2BC8rfSMfAXTIVfhviP3hSu59XJLv3QNkAEK99jsr-6SWACjXePhvFzRvKnc88-HyvgopcNEAAAGD8ueCmQ
DEBUG - 2022-10-20 10:00:02 --> =================== DL_auth -> kakao oauth :2: code=jgK2BC8rfSMfAXTIVfhviP3hSu59XJLv3QNkAEK99jsr-6SWACjXePhvFzRvKnc88-HyvgopcNEAAAGD8ueCmQ
DEBUG - 2022-10-20 10:00:02 --> ====================Dl_auth -> kakao_login :: 시작
DEBUG - 2022-10-20 10:00:02 --> ====================Dl_auth::kakao_login - 1.3.5- 사이트 회원정보 업데이트 성공(카카오 인증 완료) state=/ko/brief/view?idx=35
DEBUG - 2022-10-20 10:00:02 --> UTF-8 Support Enabled
DEBUG - 2022-10-20 10:00:02 --> Global POST, GET and COOKIE data sanitized
DEBUG - 2022-10-20 10:00:02 --> Config file loaded: /hwonpark/www/application/config/tree.php
DEBUG - 2022-10-20 10:00:03 --> Encryption: Auto-configured driver 'openssl'.
DEBUG - 2022-10-20 10:00:03 --> --------------------DC_common::chk_perm - 1.인가코드요청 시작 -> if 인앱브라우저
DEBUG - 2022-10-20 10:00:03 --> Total execution time: 0.6371
DEBUG - 2022-10-20 10:00:40 --> UTF-8 Support Enabled
DEBUG - 2022-10-20 10:00:40 --> Global POST, GET and COOKIE data sanitized
DEBUG - 2022-10-20 10:00:40 --> Config file loaded: /hwonpark/www/application/config/tree.php
DEBUG - 2022-10-20 10:00:40 --> Encryption: Auto-configured driver 'openssl'.
DEBUG - 2022-10-20 10:00:40 --> --------------------DC_common::chk_perm - 1.인가코드요청 시작 -> if 인앱브라우저
DEBUG - 2022-10-20 10:00:40 --> Total execution time: 0.0487
DEBUG - 2022-10-20 10:10:31 --> UTF-8 Support Enabled
DEBUG - 2022-10-20 10:10:31 --> Global POST, GET and COOKIE data sanitized
DEBUG - 2022-10-20 10:10:31 --> Config file loaded: /hwonpark/www/application/config/tree.php
DEBUG - 2022-10-20 10:10:31 --> Total execution time: 0.0368
DEBUG - 2022-10-20 10:10:33 --> UTF-8 Support Enabled
DEBUG - 2022-10-20 10:10:33 --> No URI present. Default controller set.
DEBUG - 2022-10-20 10:10:33 --> Global POST, GET and COOKIE data sanitized
DEBUG - 2022-10-20 10:10:33 --> Config file loaded: /hwonpark/www/application/config/tree.php
DEBUG - 2022-10-20 10:10:33 --> Total execution time: 0.0647
DEBUG - 2022-10-20 10:10:34 --> UTF-8 Support Enabled
DEBUG - 2022-10-20 10:10:34 --> Global POST, GET and COOKIE data sanitized
ERROR - 2022-10-20 10:10:34 --> 404 Page Not Found: Faviconico/index
DEBUG - 2022-10-20 10:10:41 --> UTF-8 Support Enabled
DEBUG - 2022-10-20 10:10:41 --> No URI present. Default controller set.
DEBUG - 2022-10-20 10:10:41 --> Global POST, GET and COOKIE data sanitized
DEBUG - 2022-10-20 10:10:41 --> Config file loaded: /hwonpark/www/application/config/tree.php
DEBUG - 2022-10-20 10:10:41 --> Total execution time: 0.0438
DEBUG - 2022-10-20 10:12:58 --> UTF-8 Support Enabled
DEBUG - 2022-10-20 10:12:58 --> No URI present. Default controller set.
DEBUG - 2022-10-20 10:12:58 --> Global POST, GET and COOKIE data sanitized
DEBUG - 2022-10-20 10:12:58 --> Config file loaded: /hwonpark/www/application/config/tree.php
DEBUG - 2022-10-20 10:12:58 --> Total execution time: 0.0336
DEBUG - 2022-10-20 10:13:07 --> UTF-8 Support Enabled
DEBUG - 2022-10-20 10:13:07 --> No URI present. Default controller set.
DEBUG - 2022-10-20 10:13:07 --> Global POST, GET and COOKIE data sanitized
DEBUG - 2022-10-20 10:13:07 --> Config file loaded: /hwonpark/www/application/config/tree.php
DEBUG - 2022-10-20 10:13:07 --> Total execution time: 0.0304
DEBUG - 2022-10-20 10:20:05 --> UTF-8 Support Enabled
DEBUG - 2022-10-20 10:20:05 --> Global POST, GET and COOKIE data sanitized
DEBUG - 2022-10-20 10:20:05 --> Config file loaded: /hwonpark/www/application/config/tree.php
DEBUG - 2022-10-20 10:20:05 --> --------------------DC_common::chk_perm - 1.인가코드요청 시작 -> if 인앱브라우저
DEBUG - 2022-10-20 10:20:10 --> UTF-8 Support Enabled
DEBUG - 2022-10-20 10:20:10 --> Global POST, GET and COOKIE data sanitized
DEBUG - 2022-10-20 10:20:10 --> Config file loaded: /hwonpark/www/application/config/tree.php
DEBUG - 2022-10-20 10:20:10 --> =================== DL_auth-> oauth::CALLBACK - 시작
DEBUG - 2022-10-20 10:20:10 --> =================== DL_auth-> oauth::CALLBACK - kakao param=:: error=
DEBUG - 2022-10-20 10:20:10 --> =================== DL_auth-> oauth::CALLBACK - kakao param=:: state=/ko/brief/view?idx=35
DEBUG - 2022-10-20 10:20:10 --> =================== DL_auth-> oauth::CALLBACK - kakao param=:: code=oJhPEztqoqEZ3BOb55Jo91Z1f5tzVQZPmayoIvVESKUzLJwZ8mYmccaL4tV1ck79Y_CZHgo9c-wAAAGD8vnx9A
DEBUG - 2022-10-20 10:20:10 --> =================== DL_auth -> kakao oauth :2: code=oJhPEztqoqEZ3BOb55Jo91Z1f5tzVQZPmayoIvVESKUzLJwZ8mYmccaL4tV1ck79Y_CZHgo9c-wAAAGD8vnx9A
DEBUG - 2022-10-20 10:20:10 --> ====================Dl_auth -> kakao_login :: 시작
DEBUG - 2022-10-20 10:20:10 --> --------------------Dl_auth::kakao_login - 1.토큰요청 시작
DEBUG - 2022-10-20 10:20:10 --> Dl_auth::kakao_login - get_token 시작 n=2
DEBUG - 2022-10-20 10:20:10 --> --------------------Dl_auth::kakao_login - 1.2.토큰요청 시작 -> 기타브라우저
DEBUG - 2022-10-20 10:20:10 --> --------------------Dl_auth::kakao_login - 1.3.토큰요청
DEBUG - 2022-10-20 10:20:10 --> --------------------Dl_auth::kakao_login - 1.4.토큰요청 -> 성공
DEBUG - 2022-10-20 10:20:10 --> UTF-8 Support Enabled
DEBUG - 2022-10-20 10:20:10 --> Global POST, GET and COOKIE data sanitized
DEBUG - 2022-10-20 10:20:10 --> Config file loaded: /hwonpark/www/application/config/tree.php
DEBUG - 2022-10-20 10:20:10 --> =================== DL_auth-> oauth::CALLBACK - 시작
DEBUG - 2022-10-20 10:20:10 --> =================== DL_auth-> oauth::CALLBACK - kakao param=:: error=
DEBUG - 2022-10-20 10:20:10 --> =================== DL_auth-> oauth::CALLBACK - kakao param=:: state=/ko/brief/view?idx=35
DEBUG - 2022-10-20 10:20:10 --> =================== DL_auth-> oauth::CALLBACK - kakao param=:: code=oJhPEztqoqEZ3BOb55Jo91Z1f5tzVQZPmayoIvVESKUzLJwZ8mYmccaL4tV1ck79Y_CZHgo9c-wAAAGD8vnx9A
DEBUG - 2022-10-20 10:20:10 --> =================== DL_auth -> kakao oauth :2: code=oJhPEztqoqEZ3BOb55Jo91Z1f5tzVQZPmayoIvVESKUzLJwZ8mYmccaL4tV1ck79Y_CZHgo9c-wAAAGD8vnx9A
DEBUG - 2022-10-20 10:20:10 --> ====================Dl_auth -> kakao_login :: 시작
DEBUG - 2022-10-20 10:20:12 --> UTF-8 Support Enabled
DEBUG - 2022-10-20 10:20:12 --> Global POST, GET and COOKIE data sanitized
DEBUG - 2022-10-20 10:20:12 --> Config file loaded: /hwonpark/www/application/config/tree.php
DEBUG - 2022-10-20 10:20:12 --> Total execution time: 0.0327
DEBUG - 2022-10-20 10:20:19 --> UTF-8 Support Enabled
DEBUG - 2022-10-20 10:20:19 --> Global POST, GET and COOKIE data sanitized
DEBUG - 2022-10-20 10:20:19 --> Session class already loaded. Second attempt ignored.
DEBUG - 2022-10-20 10:20:19 --> Total execution time: 0.0342
DEBUG - 2022-10-20 10:20:19 --> UTF-8 Support Enabled
DEBUG - 2022-10-20 10:20:19 --> Global POST, GET and COOKIE data sanitized
DEBUG - 2022-10-20 10:20:20 --> Config file loaded: /hwonpark/www/application/config/tree.php
DEBUG - 2022-10-20 10:20:20 --> =================== DL_auth-> oauth::CALLBACK - 시작
DEBUG - 2022-10-20 10:20:20 --> =================== DL_auth-> oauth::CALLBACK - kakao param=:: error=
DEBUG - 2022-10-20 10:20:20 --> =================== DL_auth-> oauth::CALLBACK - kakao param=:: state=
DEBUG - 2022-10-20 10:20:20 --> =================== DL_auth-> oauth::CALLBACK - kakao param=:: code=5mHWHlqkrqF4RBC7tenMj4ifzI9F0u5h0zsuTBYa50yJBmUlXF2lxIEAV-nbJj8HxZ57VAo9dVwAAAGD8voXrA
DEBUG - 2022-10-20 10:20:20 --> =================== DL_auth -> kakao oauth :2: code=5mHWHlqkrqF4RBC7tenMj4ifzI9F0u5h0zsuTBYa50yJBmUlXF2lxIEAV-nbJj8HxZ57VAo9dVwAAAGD8voXrA
DEBUG - 2022-10-20 10:20:20 --> ====================Dl_auth -> kakao_login :: 시작
DEBUG - 2022-10-20 10:20:20 --> UTF-8 Support Enabled
DEBUG - 2022-10-20 10:20:20 --> Global POST, GET and COOKIE data sanitized
DEBUG - 2022-10-20 10:20:20 --> Config file loaded: /hwonpark/www/application/config/tree.php
DEBUG - 2022-10-20 10:20:20 --> =================== DL_auth -> joinForm :: 시작
DEBUG - 2022-10-20 10:20:20 --> =================== DL_auth -> joinForm :: 끝
DEBUG - 2022-10-20 10:20:20 --> Total execution time: 0.0556
DEBUG - 2022-10-20 10:20:25 --> UTF-8 Support Enabled
DEBUG - 2022-10-20 10:20:25 --> Global POST, GET and COOKIE data sanitized
DEBUG - 2022-10-20 10:20:25 --> Config file loaded: /hwonpark/www/application/config/tree.php
DEBUG - 2022-10-20 10:20:25 --> ====================Dl_auth -> signup :: 시작
DEBUG - 2022-10-20 10:20:25 --> Encryption: Auto-configured driver 'openssl'.
DEBUG - 2022-10-20 10:20:26 --> UTF-8 Support Enabled
DEBUG - 2022-10-20 10:20:26 --> No URI present. Default controller set.
DEBUG - 2022-10-20 10:20:26 --> Global POST, GET and COOKIE data sanitized
DEBUG - 2022-10-20 10:20:26 --> Config file loaded: /hwonpark/www/application/config/tree.php
DEBUG - 2022-10-20 10:20:26 --> Encryption: Auto-configured driver 'openssl'.
DEBUG - 2022-10-20 10:20:26 --> Total execution time: 0.0350
DEBUG - 2022-10-20 10:20:28 --> UTF-8 Support Enabled
DEBUG - 2022-10-20 10:20:28 --> Global POST, GET and COOKIE data sanitized
DEBUG - 2022-10-20 10:20:28 --> Config file loaded: /hwonpark/www/application/config/tree.php
DEBUG - 2022-10-20 10:20:28 --> Encryption: Auto-configured driver 'openssl'.
DEBUG - 2022-10-20 10:20:28 --> --------------------DC_common::chk_perm - 1.인가코드요청 시작 -> if 인앱브라우저
DEBUG - 2022-10-20 10:20:28 --> Total execution time: 0.0523
DEBUG - 2022-10-20 10:45:18 --> UTF-8 Support Enabled
DEBUG - 2022-10-20 10:45:18 --> No URI present. Default controller set.
DEBUG - 2022-10-20 10:45:18 --> Global POST, GET and COOKIE data sanitized
DEBUG - 2022-10-20 10:45:18 --> Config file loaded: /hwonpark/www/application/config/tree.php
DEBUG - 2022-10-20 10:45:18 --> Total execution time: 0.0301
DEBUG - 2022-10-20 10:45:18 --> UTF-8 Support Enabled
DEBUG - 2022-10-20 10:45:18 --> Global POST, GET and COOKIE data sanitized
ERROR - 2022-10-20 10:45:18 --> 404 Page Not Found: Faviconico/index
DEBUG - 2022-10-20 11:34:50 --> UTF-8 Support Enabled
DEBUG - 2022-10-20 11:34:50 --> No URI present. Default controller set.
DEBUG - 2022-10-20 11:34:50 --> Global POST, GET and COOKIE data sanitized
DEBUG - 2022-10-20 11:34:50 --> Config file loaded: /hwonpark/www/application/config/tree.php
DEBUG - 2022-10-20 11:34:50 --> Total execution time: 0.0452
DEBUG - 2022-10-20 11:34:51 --> UTF-8 Support Enabled
DEBUG - 2022-10-20 11:34:51 --> Global POST, GET and COOKIE data sanitized
ERROR - 2022-10-20 11:34:51 --> 404 Page Not Found: Faviconico/index
DEBUG - 2022-10-20 12:47:32 --> UTF-8 Support Enabled
DEBUG - 2022-10-20 12:47:32 --> No URI present. Default controller set.
DEBUG - 2022-10-20 12:47:32 --> Global POST, GET and COOKIE data sanitized
DEBUG - 2022-10-20 12:47:32 --> Config file loaded: /hwonpark/www/application/config/tree.php
DEBUG - 2022-10-20 12:47:32 --> Total execution time: 0.0329
DEBUG - 2022-10-20 13:07:34 --> UTF-8 Support Enabled
DEBUG - 2022-10-20 13:07:34 --> Global POST, GET and COOKIE data sanitized
DEBUG - 2022-10-20 13:07:34 --> Config file loaded: /hwonpark/www/application/config/tree.php
DEBUG - 2022-10-20 13:07:34 --> Total execution time: 0.0340
DEBUG - 2022-10-20 13:11:35 --> UTF-8 Support Enabled
DEBUG - 2022-10-20 13:11:35 --> Global POST, GET and COOKIE data sanitized
DEBUG - 2022-10-20 13:11:35 --> Config file loaded: /hwonpark/www/application/config/tree.php
DEBUG - 2022-10-20 13:11:35 --> Total execution time: 0.0389
DEBUG - 2022-10-20 14:05:47 --> UTF-8 Support Enabled
DEBUG - 2022-10-20 14:05:47 --> Global POST, GET and COOKIE data sanitized
DEBUG - 2022-10-20 14:05:47 --> Config file loaded: /hwonpark/www/application/config/tree.php
DEBUG - 2022-10-20 14:05:47 --> Total execution time: 0.0772
DEBUG - 2022-10-20 14:45:30 --> UTF-8 Support Enabled
DEBUG - 2022-10-20 14:45:30 --> No URI present. Default controller set.
DEBUG - 2022-10-20 14:45:30 --> Global POST, GET and COOKIE data sanitized
DEBUG - 2022-10-20 14:45:31 --> Config file loaded: /hwonpark/www/application/config/tree.php
DEBUG - 2022-10-20 14:45:31 --> Total execution time: 0.0342
DEBUG - 2022-10-20 14:45:31 --> UTF-8 Support Enabled
DEBUG - 2022-10-20 14:45:31 --> Global POST, GET and COOKIE data sanitized
ERROR - 2022-10-20 14:45:31 --> 404 Page Not Found: Faviconico/index
DEBUG - 2022-10-20 14:45:32 --> UTF-8 Support Enabled
DEBUG - 2022-10-20 14:45:32 --> Global POST, GET and COOKIE data sanitized
DEBUG - 2022-10-20 14:45:33 --> Config file loaded: /hwonpark/www/application/config/tree.php
DEBUG - 2022-10-20 14:45:33 --> Total execution time: 0.0702
DEBUG - 2022-10-20 14:45:47 --> UTF-8 Support Enabled
DEBUG - 2022-10-20 14:45:47 --> No URI present. Default controller set.
DEBUG - 2022-10-20 14:45:47 --> Global POST, GET and COOKIE data sanitized
DEBUG - 2022-10-20 14:45:47 --> Config file loaded: /hwonpark/www/application/config/tree.php
DEBUG - 2022-10-20 14:45:47 --> Total execution time: 0.0304
DEBUG - 2022-10-20 14:46:02 --> UTF-8 Support Enabled
DEBUG - 2022-10-20 14:46:02 --> No URI present. Default controller set.
DEBUG - 2022-10-20 14:46:02 --> Global POST, GET and COOKIE data sanitized
DEBUG - 2022-10-20 14:46:02 --> Config file loaded: /hwonpark/www/application/config/tree.php
DEBUG - 2022-10-20 14:46:02 --> Total execution time: 0.0504
DEBUG - 2022-10-20 14:46:04 --> UTF-8 Support Enabled
DEBUG - 2022-10-20 14:46:04 --> Global POST, GET and COOKIE data sanitized
DEBUG - 2022-10-20 14:46:04 --> Config file loaded: /hwonpark/www/application/config/tree.php
DEBUG - 2022-10-20 14:46:04 --> Total execution time: 0.0555
DEBUG - 2022-10-20 14:46:12 --> UTF-8 Support Enabled
DEBUG - 2022-10-20 14:46:12 --> Global POST, GET and COOKIE data sanitized
DEBUG - 2022-10-20 14:46:12 --> Config file loaded: /hwonpark/www/application/config/tree.php
DEBUG - 2022-10-20 14:46:12 --> =================== DL_auth-> oauth::CALLBACK - 시작
DEBUG - 2022-10-20 14:46:12 --> =================== DL_auth-> oauth::CALLBACK - kakao param=:: error=
DEBUG - 2022-10-20 14:46:12 --> =================== DL_auth-> oauth::CALLBACK - kakao param=:: state=
DEBUG - 2022-10-20 14:46:12 --> =================== DL_auth-> oauth::CALLBACK - kakao param=:: code=7uKIcBM123LrDMmQyBUoLS4HMJNpHX902gjWLGrw0ghr4bN4Igc_cJwN2RsNU6flwIZaFwo9dNkAAAGD8-2EGg
DEBUG - 2022-10-20 14:46:12 --> =================== DL_auth -> kakao oauth :2: code=7uKIcBM123LrDMmQyBUoLS4HMJNpHX902gjWLGrw0ghr4bN4Igc_cJwN2RsNU6flwIZaFwo9dNkAAAGD8-2EGg
DEBUG - 2022-10-20 14:46:12 --> ====================Dl_auth -> kakao_login :: 시작
DEBUG - 2022-10-20 14:46:12 --> --------------------Dl_auth::kakao_login - 1.토큰요청 시작
DEBUG - 2022-10-20 14:46:12 --> Dl_auth::kakao_login - get_token 시작 n=2
DEBUG - 2022-10-20 14:46:12 --> --------------------Dl_auth::kakao_login - 1.2.토큰요청 시작 -> 기타브라우저
DEBUG - 2022-10-20 14:46:12 --> --------------------Dl_auth::kakao_login - 1.3.토큰요청
DEBUG - 2022-10-20 14:46:12 --> --------------------Dl_auth::kakao_login - 1.4.토큰요청 -> 성공
DEBUG - 2022-10-20 14:46:13 --> UTF-8 Support Enabled
DEBUG - 2022-10-20 14:46:13 --> Global POST, GET and COOKIE data sanitized
DEBUG - 2022-10-20 14:46:13 --> Config file loaded: /hwonpark/www/application/config/tree.php
DEBUG - 2022-10-20 14:46:13 --> =================== DL_auth-> oauth::CALLBACK - 시작
DEBUG - 2022-10-20 14:46:13 --> =================== DL_auth-> oauth::CALLBACK - kakao param=:: error=
DEBUG - 2022-10-20 14:46:13 --> =================== DL_auth-> oauth::CALLBACK - kakao param=:: state=
DEBUG - 2022-10-20 14:46:13 --> =================== DL_auth-> oauth::CALLBACK - kakao param=:: code=7uKIcBM123LrDMmQyBUoLS4HMJNpHX902gjWLGrw0ghr4bN4Igc_cJwN2RsNU6flwIZaFwo9dNkAAAGD8-2EGg
DEBUG - 2022-10-20 14:46:13 --> =================== DL_auth -> kakao oauth :2: code=7uKIcBM123LrDMmQyBUoLS4HMJNpHX902gjWLGrw0ghr4bN4Igc_cJwN2RsNU6flwIZaFwo9dNkAAAGD8-2EGg
DEBUG - 2022-10-20 14:46:13 --> ====================Dl_auth -> kakao_login :: 시작
DEBUG - 2022-10-20 14:46:13 --> ====================Dl_auth::kakao_login - 1.3.5- 사이트 회원정보 업데이트 성공(카카오 인증 완료) state=
DEBUG - 2022-10-20 14:46:14 --> UTF-8 Support Enabled
DEBUG - 2022-10-20 14:46:14 --> Global POST, GET and COOKIE data sanitized
DEBUG - 2022-10-20 14:46:14 --> Config file loaded: /hwonpark/www/application/config/tree.php
DEBUG - 2022-10-20 14:46:14 --> Encryption: Auto-configured driver 'openssl'.
DEBUG - 2022-10-20 14:46:14 --> Total execution time: 0.0378
DEBUG - 2022-10-20 14:46:16 --> UTF-8 Support Enabled
DEBUG - 2022-10-20 14:46:16 --> Global POST, GET and COOKIE data sanitized
DEBUG - 2022-10-20 14:46:16 --> Config file loaded: /hwonpark/www/application/config/tree.php
DEBUG - 2022-10-20 14:46:16 --> Encryption: Auto-configured driver 'openssl'.
DEBUG - 2022-10-20 14:46:16 --> Total execution time: 0.0529
DEBUG - 2022-10-20 14:46:22 --> UTF-8 Support Enabled
DEBUG - 2022-10-20 14:46:22 --> Global POST, GET and COOKIE data sanitized
DEBUG - 2022-10-20 14:46:22 --> Config file loaded: /hwonpark/www/application/config/tree.php
DEBUG - 2022-10-20 14:46:22 --> Encryption: Auto-configured driver 'openssl'.
DEBUG - 2022-10-20 14:55:59 --> UTF-8 Support Enabled
DEBUG - 2022-10-20 14:55:59 --> Global POST, GET and COOKIE data sanitized
DEBUG - 2022-10-20 14:55:59 --> Config file loaded: /hwonpark/www/application/config/tree.php
DEBUG - 2022-10-20 14:55:59 --> Total execution time: 0.0372
DEBUG - 2022-10-20 14:56:04 --> UTF-8 Support Enabled
DEBUG - 2022-10-20 14:56:04 --> Global POST, GET and COOKIE data sanitized
ERROR - 2022-10-20 14:56:04 --> 404 Page Not Found: Faviconico/index
DEBUG - 2022-10-20 14:56:06 --> UTF-8 Support Enabled
DEBUG - 2022-10-20 14:56:06 --> Global POST, GET and COOKIE data sanitized
DEBUG - 2022-10-20 14:56:06 --> Config file loaded: /hwonpark/www/application/config/tree.php
DEBUG - 2022-10-20 14:56:07 --> UTF-8 Support Enabled
DEBUG - 2022-10-20 14:56:07 --> Global POST, GET and COOKIE data sanitized
DEBUG - 2022-10-20 14:56:07 --> Config file loaded: /hwonpark/www/application/config/tree.php
DEBUG - 2022-10-20 14:56:07 --> Encryption: Auto-configured driver 'openssl'.
DEBUG - 2022-10-20 14:56:07 --> UTF-8 Support Enabled
DEBUG - 2022-10-20 14:56:07 --> Global POST, GET and COOKIE data sanitized
DEBUG - 2022-10-20 14:56:07 --> Config file loaded: /hwonpark/www/application/config/tree.php
DEBUG - 2022-10-20 14:56:07 --> Encryption: Auto-configured driver 'openssl'.
DEBUG - 2022-10-20 14:56:07 --> Encryption class already loaded. Second attempt ignored.
DEBUG - 2022-10-20 14:56:07 --> Total execution time: 0.0516
DEBUG - 2022-10-20 15:00:15 --> UTF-8 Support Enabled
DEBUG - 2022-10-20 15:00:15 --> Global POST, GET and COOKIE data sanitized
DEBUG - 2022-10-20 15:00:16 --> Config file loaded: /hwonpark/www/application/config/tree.php
DEBUG - 2022-10-20 15:00:16 --> Encryption: Auto-configured driver 'openssl'.
DEBUG - 2022-10-20 15:00:16 --> Total execution time: 0.0487
DEBUG - 2022-10-20 15:00:22 --> UTF-8 Support Enabled
DEBUG - 2022-10-20 15:00:22 --> Global POST, GET and COOKIE data sanitized
DEBUG - 2022-10-20 15:00:22 --> Config file loaded: /hwonpark/www/application/config/tree.php
DEBUG - 2022-10-20 15:00:22 --> Encryption: Auto-configured driver 'openssl'.
DEBUG - 2022-10-20 15:00:22 --> Total execution time: 0.0532
DEBUG - 2022-10-20 15:00:47 --> UTF-8 Support Enabled
DEBUG - 2022-10-20 15:00:47 --> Global POST, GET and COOKIE data sanitized
DEBUG - 2022-10-20 15:00:47 --> Config file loaded: /hwonpark/www/application/config/tree.php
DEBUG - 2022-10-20 15:00:47 --> Encryption: Auto-configured driver 'openssl'.
DEBUG - 2022-10-20 15:00:47 --> Total execution time: 0.0756
DEBUG - 2022-10-20 15:00:51 --> UTF-8 Support Enabled
DEBUG - 2022-10-20 15:00:51 --> Global POST, GET and COOKIE data sanitized
DEBUG - 2022-10-20 15:00:51 --> Config file loaded: /hwonpark/www/application/config/tree.php
DEBUG - 2022-10-20 15:00:51 --> Encryption: Auto-configured driver 'openssl'.
DEBUG - 2022-10-20 15:00:51 --> Total execution time: 0.0499
DEBUG - 2022-10-20 15:00:54 --> UTF-8 Support Enabled
DEBUG - 2022-10-20 15:00:54 --> Global POST, GET and COOKIE data sanitized
DEBUG - 2022-10-20 15:00:54 --> Config file loaded: /hwonpark/www/application/config/tree.php
DEBUG - 2022-10-20 15:00:54 --> Encryption: Auto-configured driver 'openssl'.
DEBUG - 2022-10-20 15:00:54 --> Total execution time: 0.0514
DEBUG - 2022-10-20 15:00:57 --> UTF-8 Support Enabled
DEBUG - 2022-10-20 15:00:57 --> Global POST, GET and COOKIE data sanitized
DEBUG - 2022-10-20 15:00:57 --> Config file loaded: /hwonpark/www/application/config/tree.php
DEBUG - 2022-10-20 15:00:57 --> Encryption: Auto-configured driver 'openssl'.
DEBUG - 2022-10-20 15:00:57 --> Total execution time: 0.0488
DEBUG - 2022-10-20 15:01:00 --> UTF-8 Support Enabled
DEBUG - 2022-10-20 15:01:00 --> Global POST, GET and COOKIE data sanitized
DEBUG - 2022-10-20 15:01:00 --> Config file loaded: /hwonpark/www/application/config/tree.php
DEBUG - 2022-10-20 15:01:00 --> Encryption: Auto-configured driver 'openssl'.
DEBUG - 2022-10-20 15:01:00 --> Total execution time: 0.0374
DEBUG - 2022-10-20 15:02:59 --> UTF-8 Support Enabled
DEBUG - 2022-10-20 15:02:59 --> Global POST, GET and COOKIE data sanitized
DEBUG - 2022-10-20 15:02:59 --> Config file loaded: /hwonpark/www/application/config/tree.php
DEBUG - 2022-10-20 15:02:59 --> Encryption: Auto-configured driver 'openssl'.
DEBUG - 2022-10-20 15:02:59 --> Total execution time: 0.0420
DEBUG - 2022-10-20 15:03:02 --> UTF-8 Support Enabled
DEBUG - 2022-10-20 15:03:02 --> Global POST, GET and COOKIE data sanitized
DEBUG - 2022-10-20 15:03:02 --> Config file loaded: /hwonpark/www/application/config/tree.php
DEBUG - 2022-10-20 15:03:02 --> Encryption: Auto-configured driver 'openssl'.
DEBUG - 2022-10-20 15:03:02 --> Total execution time: 0.0521
DEBUG - 2022-10-20 15:03:09 --> UTF-8 Support Enabled
DEBUG - 2022-10-20 15:03:09 --> Global POST, GET and COOKIE data sanitized
DEBUG - 2022-10-20 15:03:09 --> Config file loaded: /hwonpark/www/application/config/tree.php
DEBUG - 2022-10-20 15:03:09 --> Encryption: Auto-configured driver 'openssl'.
DEBUG - 2022-10-20 15:03:09 --> Total execution time: 0.0367
DEBUG - 2022-10-20 15:03:14 --> UTF-8 Support Enabled
DEBUG - 2022-10-20 15:03:14 --> Global POST, GET and COOKIE data sanitized
DEBUG - 2022-10-20 15:03:14 --> Config file loaded: /hwonpark/www/application/config/tree.php
DEBUG - 2022-10-20 15:03:14 --> Encryption: Auto-configured driver 'openssl'.
DEBUG - 2022-10-20 15:03:14 --> Total execution time: 0.0485
DEBUG - 2022-10-20 15:03:23 --> UTF-8 Support Enabled
DEBUG - 2022-10-20 15:03:23 --> Global POST, GET and COOKIE data sanitized
DEBUG - 2022-10-20 15:03:23 --> Config file loaded: /hwonpark/www/application/config/tree.php
DEBUG - 2022-10-20 15:03:23 --> Encryption: Auto-configured driver 'openssl'.
DEBUG - 2022-10-20 15:03:23 --> Total execution time: 0.0355
DEBUG - 2022-10-20 15:03:25 --> UTF-8 Support Enabled
DEBUG - 2022-10-20 15:03:25 --> Global POST, GET and COOKIE data sanitized
DEBUG - 2022-10-20 15:03:25 --> Config file loaded: /hwonpark/www/application/config/tree.php
DEBUG - 2022-10-20 15:03:25 --> Encryption: Auto-configured driver 'openssl'.
DEBUG - 2022-10-20 15:03:25 --> Total execution time: 0.0420
DEBUG - 2022-10-20 15:16:28 --> UTF-8 Support Enabled
DEBUG - 2022-10-20 15:16:28 --> Global POST, GET and COOKIE data sanitized
DEBUG - 2022-10-20 15:16:28 --> Config file loaded: /hwonpark/www/application/config/tree.php
DEBUG - 2022-10-20 15:16:28 --> UTF-8 Support Enabled
DEBUG - 2022-10-20 15:16:28 --> No URI present. Default controller set.
DEBUG - 2022-10-20 15:16:28 --> Global POST, GET and COOKIE data sanitized
DEBUG - 2022-10-20 15:16:28 --> Config file loaded: /hwonpark/www/application/config/tree.php
DEBUG - 2022-10-20 15:16:28 --> Total execution time: 0.0420
DEBUG - 2022-10-20 15:16:36 --> UTF-8 Support Enabled
DEBUG - 2022-10-20 15:16:36 --> Global POST, GET and COOKIE data sanitized
DEBUG - 2022-10-20 15:16:36 --> Config file loaded: /hwonpark/www/application/config/tree.php
DEBUG - 2022-10-20 15:16:36 --> Total execution time: 0.0313
DEBUG - 2022-10-20 15:16:43 --> UTF-8 Support Enabled
DEBUG - 2022-10-20 15:16:43 --> Global POST, GET and COOKIE data sanitized
DEBUG - 2022-10-20 15:16:43 --> Config file loaded: /hwonpark/www/application/config/tree.php
DEBUG - 2022-10-20 15:16:44 --> UTF-8 Support Enabled
DEBUG - 2022-10-20 15:16:44 --> Global POST, GET and COOKIE data sanitized
DEBUG - 2022-10-20 15:16:44 --> Config file loaded: /hwonpark/www/application/config/tree.php
DEBUG - 2022-10-20 15:16:44 --> Encryption: Auto-configured driver 'openssl'.
DEBUG - 2022-10-20 15:16:44 --> UTF-8 Support Enabled
DEBUG - 2022-10-20 15:16:44 --> Global POST, GET and COOKIE data sanitized
DEBUG - 2022-10-20 15:16:44 --> Config file loaded: /hwonpark/www/application/config/tree.php
DEBUG - 2022-10-20 15:16:44 --> Encryption: Auto-configured driver 'openssl'.
DEBUG - 2022-10-20 15:16:44 --> Encryption class already loaded. Second attempt ignored.
DEBUG - 2022-10-20 15:16:44 --> Total execution time: 0.0468
DEBUG - 2022-10-20 15:16:45 --> UTF-8 Support Enabled
DEBUG - 2022-10-20 15:16:45 --> Global POST, GET and COOKIE data sanitized
DEBUG - 2022-10-20 15:16:45 --> Config file loaded: /hwonpark/www/application/config/tree.php
DEBUG - 2022-10-20 15:16:45 --> Encryption: Auto-configured driver 'openssl'.
DEBUG - 2022-10-20 15:16:45 --> Total execution time: 0.0357
DEBUG - 2022-10-20 15:16:46 --> UTF-8 Support Enabled
DEBUG - 2022-10-20 15:16:46 --> Global POST, GET and COOKIE data sanitized
DEBUG - 2022-10-20 15:16:46 --> Config file loaded: /hwonpark/www/application/config/tree.php
DEBUG - 2022-10-20 15:16:46 --> Encryption: Auto-configured driver 'openssl'.
DEBUG - 2022-10-20 15:16:46 --> Total execution time: 0.0347
DEBUG - 2022-10-20 15:16:50 --> UTF-8 Support Enabled
DEBUG - 2022-10-20 15:16:50 --> Global POST, GET and COOKIE data sanitized
DEBUG - 2022-10-20 15:16:50 --> Config file loaded: /hwonpark/www/application/config/tree.php
DEBUG - 2022-10-20 15:16:50 --> Encryption: Auto-configured driver 'openssl'.
DEBUG - 2022-10-20 15:16:50 --> Total execution time: 0.0708
DEBUG - 2022-10-20 15:16:58 --> UTF-8 Support Enabled
DEBUG - 2022-10-20 15:16:58 --> Global POST, GET and COOKIE data sanitized
DEBUG - 2022-10-20 15:16:58 --> Config file loaded: /hwonpark/www/application/config/tree.php
DEBUG - 2022-10-20 15:16:58 --> Encryption: Auto-configured driver 'openssl'.
DEBUG - 2022-10-20 15:16:58 --> Total execution time: 0.0382
DEBUG - 2022-10-20 15:17:00 --> UTF-8 Support Enabled
DEBUG - 2022-10-20 15:17:00 --> Global POST, GET and COOKIE data sanitized
DEBUG - 2022-10-20 15:17:00 --> Config file loaded: /hwonpark/www/application/config/tree.php
DEBUG - 2022-10-20 15:17:00 --> Encryption: Auto-configured driver 'openssl'.
DEBUG - 2022-10-20 15:17:00 --> Total execution time: 0.0343
DEBUG - 2022-10-20 15:17:02 --> UTF-8 Support Enabled
DEBUG - 2022-10-20 15:17:02 --> Global POST, GET and COOKIE data sanitized
DEBUG - 2022-10-20 15:17:02 --> Config file loaded: /hwonpark/www/application/config/tree.php
DEBUG - 2022-10-20 15:17:02 --> Encryption: Auto-configured driver 'openssl'.
DEBUG - 2022-10-20 15:17:02 --> Total execution time: 0.0485
DEBUG - 2022-10-20 15:17:06 --> UTF-8 Support Enabled
DEBUG - 2022-10-20 15:17:06 --> Global POST, GET and COOKIE data sanitized
DEBUG - 2022-10-20 15:17:06 --> Config file loaded: /hwonpark/www/application/config/tree.php
DEBUG - 2022-10-20 15:17:06 --> Encryption: Auto-configured driver 'openssl'.
DEBUG - 2022-10-20 15:17:06 --> Total execution time: 0.0354
DEBUG - 2022-10-20 15:17:08 --> UTF-8 Support Enabled
DEBUG - 2022-10-20 15:17:08 --> Global POST, GET and COOKIE data sanitized
DEBUG - 2022-10-20 15:17:08 --> Config file loaded: /hwonpark/www/application/config/tree.php
DEBUG - 2022-10-20 15:17:08 --> Encryption: Auto-configured driver 'openssl'.
DEBUG - 2022-10-20 15:17:08 --> Total execution time: 0.0332
DEBUG - 2022-10-20 15:22:48 --> UTF-8 Support Enabled
DEBUG - 2022-10-20 15:22:48 --> Global POST, GET and COOKIE data sanitized
DEBUG - 2022-10-20 15:22:48 --> Config file loaded: /hwonpark/www/application/config/tree.php
DEBUG - 2022-10-20 15:22:48 --> Encryption: Auto-configured driver 'openssl'.
DEBUG - 2022-10-20 15:22:49 --> UTF-8 Support Enabled
DEBUG - 2022-10-20 15:22:49 --> Global POST, GET and COOKIE data sanitized
DEBUG - 2022-10-20 15:22:49 --> Config file loaded: /hwonpark/www/application/config/tree.php
DEBUG - 2022-10-20 15:22:49 --> Encryption: Auto-configured driver 'openssl'.
DEBUG - 2022-10-20 15:22:49 --> Total execution time: 0.0619
DEBUG - 2022-10-20 15:22:52 --> UTF-8 Support Enabled
DEBUG - 2022-10-20 15:22:52 --> Global POST, GET and COOKIE data sanitized
DEBUG - 2022-10-20 15:22:52 --> Config file loaded: /hwonpark/www/application/config/tree.php
DEBUG - 2022-10-20 15:22:52 --> Encryption: Auto-configured driver 'openssl'.
DEBUG - 2022-10-20 15:22:52 --> Total execution time: 0.0685
DEBUG - 2022-10-20 15:53:30 --> UTF-8 Support Enabled
DEBUG - 2022-10-20 15:53:30 --> No URI present. Default controller set.
DEBUG - 2022-10-20 15:53:30 --> Global POST, GET and COOKIE data sanitized
DEBUG - 2022-10-20 15:53:30 --> Config file loaded: /hwonpark/www/application/config/tree.php
DEBUG - 2022-10-20 15:53:31 --> Total execution time: 0.0593
DEBUG - 2022-10-20 15:53:31 --> UTF-8 Support Enabled
DEBUG - 2022-10-20 15:53:31 --> Global POST, GET and COOKIE data sanitized
ERROR - 2022-10-20 15:53:31 --> 404 Page Not Found: Faviconico/index
DEBUG - 2022-10-20 15:53:45 --> UTF-8 Support Enabled
DEBUG - 2022-10-20 15:53:45 --> Global POST, GET and COOKIE data sanitized
DEBUG - 2022-10-20 15:53:45 --> Config file loaded: /hwonpark/www/application/config/tree.php
DEBUG - 2022-10-20 15:53:47 --> UTF-8 Support Enabled
DEBUG - 2022-10-20 15:53:47 --> No URI present. Default controller set.
DEBUG - 2022-10-20 15:53:47 --> Global POST, GET and COOKIE data sanitized
DEBUG - 2022-10-20 15:53:47 --> Config file loaded: /hwonpark/www/application/config/tree.php
DEBUG - 2022-10-20 15:53:47 --> Total execution time: 0.0278
DEBUG - 2022-10-20 15:53:50 --> UTF-8 Support Enabled
DEBUG - 2022-10-20 15:53:50 --> Global POST, GET and COOKIE data sanitized
DEBUG - 2022-10-20 15:53:50 --> Config file loaded: /hwonpark/www/application/config/tree.php
DEBUG - 2022-10-20 15:53:52 --> UTF-8 Support Enabled
DEBUG - 2022-10-20 15:53:52 --> Global POST, GET and COOKIE data sanitized
DEBUG - 2022-10-20 15:53:52 --> Config file loaded: /hwonpark/www/application/config/tree.php
DEBUG - 2022-10-20 15:53:52 --> Total execution time: 0.0280
DEBUG - 2022-10-20 15:53:56 --> UTF-8 Support Enabled
DEBUG - 2022-10-20 15:53:56 --> No URI present. Default controller set.
DEBUG - 2022-10-20 15:53:56 --> Global POST, GET and COOKIE data sanitized
DEBUG - 2022-10-20 15:53:56 --> Config file loaded: /hwonpark/www/application/config/tree.php
DEBUG - 2022-10-20 15:53:56 --> Total execution time: 0.0263
DEBUG - 2022-10-20 15:53:58 --> UTF-8 Support Enabled
DEBUG - 2022-10-20 15:53:58 --> Global POST, GET and COOKIE data sanitized
DEBUG - 2022-10-20 15:53:58 --> Config file loaded: /hwonpark/www/application/config/tree.php
DEBUG - 2022-10-20 15:53:58 --> Total execution time: 0.0347
DEBUG - 2022-10-20 15:54:04 --> UTF-8 Support Enabled
DEBUG - 2022-10-20 15:54:04 --> Global POST, GET and COOKIE data sanitized
DEBUG - 2022-10-20 15:54:04 --> Config file loaded: /hwonpark/www/application/config/tree.php
DEBUG - 2022-10-20 15:54:04 --> Total execution time: 0.0411
DEBUG - 2022-10-20 15:54:16 --> UTF-8 Support Enabled
DEBUG - 2022-10-20 15:54:16 --> Global POST, GET and COOKIE data sanitized
DEBUG - 2022-10-20 15:54:16 --> Config file loaded: /hwonpark/www/application/config/tree.php
DEBUG - 2022-10-20 15:54:16 --> Total execution time: 0.0320
DEBUG - 2022-10-20 15:54:20 --> UTF-8 Support Enabled
DEBUG - 2022-10-20 15:54:20 --> Global POST, GET and COOKIE data sanitized
DEBUG - 2022-10-20 15:54:20 --> Config file loaded: /hwonpark/www/application/config/tree.php
DEBUG - 2022-10-20 15:54:20 --> Total execution time: 0.0709
DEBUG - 2022-10-20 15:54:32 --> UTF-8 Support Enabled
DEBUG - 2022-10-20 15:54:32 --> Global POST, GET and COOKIE data sanitized
DEBUG - 2022-10-20 15:54:32 --> Config file loaded: /hwonpark/www/application/config/tree.php
DEBUG - 2022-10-20 15:54:32 --> Total execution time: 0.0786
DEBUG - 2022-10-20 15:54:33 --> UTF-8 Support Enabled
DEBUG - 2022-10-20 15:54:33 --> Global POST, GET and COOKIE data sanitized
DEBUG - 2022-10-20 15:54:33 --> Config file loaded: /hwonpark/www/application/config/tree.php
DEBUG - 2022-10-20 15:54:33 --> Total execution time: 0.0715
DEBUG - 2022-10-20 15:54:35 --> UTF-8 Support Enabled
DEBUG - 2022-10-20 15:54:35 --> Global POST, GET and COOKIE data sanitized
DEBUG - 2022-10-20 15:54:35 --> Config file loaded: /hwonpark/www/application/config/tree.php
DEBUG - 2022-10-20 15:54:35 --> Total execution time: 0.0309
DEBUG - 2022-10-20 15:54:35 --> UTF-8 Support Enabled
DEBUG - 2022-10-20 15:54:35 --> Global POST, GET and COOKIE data sanitized
DEBUG - 2022-10-20 15:54:35 --> Config file loaded: /hwonpark/www/application/config/tree.php
DEBUG - 2022-10-20 15:54:35 --> Total execution time: 0.0344
DEBUG - 2022-10-20 15:54:35 --> UTF-8 Support Enabled
DEBUG - 2022-10-20 15:54:35 --> No URI present. Default controller set.
DEBUG - 2022-10-20 15:54:35 --> Global POST, GET and COOKIE data sanitized
DEBUG - 2022-10-20 15:54:35 --> Config file loaded: /hwonpark/www/application/config/tree.php
DEBUG - 2022-10-20 15:54:35 --> Total execution time: 0.0282
DEBUG - 2022-10-20 15:54:36 --> UTF-8 Support Enabled
DEBUG - 2022-10-20 15:54:36 --> No URI present. Default controller set.
DEBUG - 2022-10-20 15:54:36 --> Global POST, GET and COOKIE data sanitized
DEBUG - 2022-10-20 15:54:36 --> Config file loaded: /hwonpark/www/application/config/tree.php
DEBUG - 2022-10-20 15:54:36 --> Total execution time: 0.0286
DEBUG - 2022-10-20 16:26:07 --> UTF-8 Support Enabled
DEBUG - 2022-10-20 16:26:07 --> Global POST, GET and COOKIE data sanitized
DEBUG - 2022-10-20 16:26:07 --> Config file loaded: /hwonpark/www/application/config/tree.php
DEBUG - 2022-10-20 16:26:07 --> Total execution time: 0.0610
DEBUG - 2022-10-20 16:26:13 --> UTF-8 Support Enabled
DEBUG - 2022-10-20 16:26:13 --> Global POST, GET and COOKIE data sanitized
DEBUG - 2022-10-20 16:26:13 --> Config file loaded: /hwonpark/www/application/config/tree.php
DEBUG - 2022-10-20 16:26:13 --> Total execution time: 0.0491
DEBUG - 2022-10-20 16:28:25 --> UTF-8 Support Enabled
DEBUG - 2022-10-20 16:28:25 --> No URI present. Default controller set.
DEBUG - 2022-10-20 16:28:25 --> Global POST, GET and COOKIE data sanitized
DEBUG - 2022-10-20 16:28:25 --> Config file loaded: /hwonpark/www/application/config/tree.php
DEBUG - 2022-10-20 16:28:25 --> Total execution time: 0.0739
DEBUG - 2022-10-20 16:43:07 --> UTF-8 Support Enabled
DEBUG - 2022-10-20 16:43:07 --> Global POST, GET and COOKIE data sanitized
DEBUG - 2022-10-20 16:43:07 --> Config file loaded: /hwonpark/www/application/config/tree.php
DEBUG - 2022-10-20 16:43:07 --> Total execution time: 0.0296
DEBUG - 2022-10-20 16:43:13 --> UTF-8 Support Enabled
DEBUG - 2022-10-20 16:43:13 --> Global POST, GET and COOKIE data sanitized
DEBUG - 2022-10-20 16:43:13 --> Config file loaded: /hwonpark/www/application/config/tree.php
DEBUG - 2022-10-20 16:43:15 --> UTF-8 Support Enabled
DEBUG - 2022-10-20 16:43:15 --> Global POST, GET and COOKIE data sanitized
DEBUG - 2022-10-20 16:43:15 --> Config file loaded: /hwonpark/www/application/config/tree.php
DEBUG - 2022-10-20 16:43:15 --> Encryption: Auto-configured driver 'openssl'.
DEBUG - 2022-10-20 16:43:15 --> UTF-8 Support Enabled
DEBUG - 2022-10-20 16:43:15 --> Global POST, GET and COOKIE data sanitized
DEBUG - 2022-10-20 16:43:15 --> Config file loaded: /hwonpark/www/application/config/tree.php
DEBUG - 2022-10-20 16:43:15 --> Encryption: Auto-configured driver 'openssl'.
DEBUG - 2022-10-20 16:43:15 --> Encryption class already loaded. Second attempt ignored.
DEBUG - 2022-10-20 16:43:15 --> Total execution time: 0.0389
DEBUG - 2022-10-20 16:43:17 --> UTF-8 Support Enabled
DEBUG - 2022-10-20 16:43:17 --> Global POST, GET and COOKIE data sanitized
DEBUG - 2022-10-20 16:43:17 --> Config file loaded: /hwonpark/www/application/config/tree.php
DEBUG - 2022-10-20 16:43:17 --> Encryption: Auto-configured driver 'openssl'.
DEBUG - 2022-10-20 16:43:17 --> Total execution time: 0.0355
DEBUG - 2022-10-20 16:43:19 --> UTF-8 Support Enabled
DEBUG - 2022-10-20 16:43:19 --> Global POST, GET and COOKIE data sanitized
DEBUG - 2022-10-20 16:43:19 --> Config file loaded: /hwonpark/www/application/config/tree.php
DEBUG - 2022-10-20 16:43:19 --> Encryption: Auto-configured driver 'openssl'.
DEBUG - 2022-10-20 16:43:19 --> Total execution time: 0.0422
DEBUG - 2022-10-20 16:43:21 --> UTF-8 Support Enabled
DEBUG - 2022-10-20 16:43:21 --> Global POST, GET and COOKIE data sanitized
DEBUG - 2022-10-20 16:43:21 --> Config file loaded: /hwonpark/www/application/config/tree.php
DEBUG - 2022-10-20 16:43:21 --> Encryption: Auto-configured driver 'openssl'.
DEBUG - 2022-10-20 16:43:21 --> Total execution time: 0.0866
DEBUG - 2022-10-20 16:43:26 --> UTF-8 Support Enabled
DEBUG - 2022-10-20 16:43:26 --> Global POST, GET and COOKIE data sanitized
DEBUG - 2022-10-20 16:43:26 --> Config file loaded: /hwonpark/www/application/config/tree.php
DEBUG - 2022-10-20 16:43:26 --> Encryption: Auto-configured driver 'openssl'.
DEBUG - 2022-10-20 16:43:26 --> Total execution time: 0.0451
DEBUG - 2022-10-20 16:43:28 --> UTF-8 Support Enabled
DEBUG - 2022-10-20 16:43:28 --> Global POST, GET and COOKIE data sanitized
DEBUG - 2022-10-20 16:43:28 --> Config file loaded: /hwonpark/www/application/config/tree.php
DEBUG - 2022-10-20 16:43:28 --> Encryption: Auto-configured driver 'openssl'.
DEBUG - 2022-10-20 16:43:28 --> Total execution time: 0.0716
DEBUG - 2022-10-20 16:48:35 --> UTF-8 Support Enabled
DEBUG - 2022-10-20 16:48:36 --> Global POST, GET and COOKIE data sanitized
DEBUG - 2022-10-20 16:48:36 --> Config file loaded: /hwonpark/www/application/config/tree.php
DEBUG - 2022-10-20 16:48:36 --> Total execution time: 0.0566
DEBUG - 2022-10-20 16:50:50 --> UTF-8 Support Enabled
DEBUG - 2022-10-20 16:50:50 --> Global POST, GET and COOKIE data sanitized
DEBUG - 2022-10-20 16:50:50 --> Config file loaded: /hwonpark/www/application/config/tree.php
DEBUG - 2022-10-20 16:50:50 --> Encryption: Auto-configured driver 'openssl'.
DEBUG - 2022-10-20 16:50:51 --> UTF-8 Support Enabled
DEBUG - 2022-10-20 16:50:51 --> Global POST, GET and COOKIE data sanitized
DEBUG - 2022-10-20 16:50:51 --> Config file loaded: /hwonpark/www/application/config/tree.php
DEBUG - 2022-10-20 16:50:51 --> Encryption: Auto-configured driver 'openssl'.
DEBUG - 2022-10-20 16:50:51 --> Total execution time: 0.0367
DEBUG - 2022-10-20 16:51:27 --> UTF-8 Support Enabled
DEBUG - 2022-10-20 16:51:27 --> Global POST, GET and COOKIE data sanitized
DEBUG - 2022-10-20 16:51:27 --> Config file loaded: /hwonpark/www/application/config/tree.php
DEBUG - 2022-10-20 16:51:27 --> Encryption: Auto-configured driver 'openssl'.
DEBUG - 2022-10-20 16:51:27 --> Total execution time: 0.0481
DEBUG - 2022-10-20 16:51:29 --> UTF-8 Support Enabled
DEBUG - 2022-10-20 16:51:29 --> Global POST, GET and COOKIE data sanitized
DEBUG - 2022-10-20 16:51:29 --> Config file loaded: /hwonpark/www/application/config/tree.php
DEBUG - 2022-10-20 16:51:29 --> Encryption: Auto-configured driver 'openssl'.
DEBUG - 2022-10-20 16:51:29 --> Total execution time: 0.0679
DEBUG - 2022-10-20 16:51:43 --> UTF-8 Support Enabled
DEBUG - 2022-10-20 16:51:43 --> Global POST, GET and COOKIE data sanitized
DEBUG - 2022-10-20 16:51:43 --> Config file loaded: /hwonpark/www/application/config/tree.php
DEBUG - 2022-10-20 16:51:43 --> Encryption: Auto-configured driver 'openssl'.
DEBUG - 2022-10-20 16:51:43 --> UTF-8 Support Enabled
DEBUG - 2022-10-20 16:51:43 --> Global POST, GET and COOKIE data sanitized
DEBUG - 2022-10-20 16:51:43 --> Config file loaded: /hwonpark/www/application/config/tree.php
DEBUG - 2022-10-20 16:51:43 --> Encryption: Auto-configured driver 'openssl'.
DEBUG - 2022-10-20 16:51:43 --> Total execution time: 0.0681
DEBUG - 2022-10-20 16:52:00 --> UTF-8 Support Enabled
DEBUG - 2022-10-20 16:52:00 --> Global POST, GET and COOKIE data sanitized
DEBUG - 2022-10-20 16:52:00 --> Config file loaded: /hwonpark/www/application/config/tree.php
DEBUG - 2022-10-20 16:52:00 --> Encryption: Auto-configured driver 'openssl'.
DEBUG - 2022-10-20 16:52:00 --> Total execution time: 0.0544
DEBUG - 2022-10-20 16:52:23 --> UTF-8 Support Enabled
DEBUG - 2022-10-20 16:52:23 --> Global POST, GET and COOKIE data sanitized
DEBUG - 2022-10-20 16:52:23 --> Config file loaded: /hwonpark/www/application/config/tree.php
DEBUG - 2022-10-20 16:52:23 --> Encryption: Auto-configured driver 'openssl'.
DEBUG - 2022-10-20 16:52:23 --> Total execution time: 0.0382
DEBUG - 2022-10-20 16:53:52 --> UTF-8 Support Enabled
DEBUG - 2022-10-20 16:53:52 --> No URI present. Default controller set.
DEBUG - 2022-10-20 16:53:52 --> Global POST, GET and COOKIE data sanitized
DEBUG - 2022-10-20 16:53:52 --> Config file loaded: /hwonpark/www/application/config/tree.php
DEBUG - 2022-10-20 16:53:52 --> Total execution time: 0.0372
DEBUG - 2022-10-20 16:53:53 --> UTF-8 Support Enabled
DEBUG - 2022-10-20 16:53:53 --> Global POST, GET and COOKIE data sanitized
ERROR - 2022-10-20 16:53:53 --> 404 Page Not Found: Faviconico/index
DEBUG - 2022-10-20 16:53:55 --> UTF-8 Support Enabled
DEBUG - 2022-10-20 16:53:55 --> Global POST, GET and COOKIE data sanitized
DEBUG - 2022-10-20 16:53:55 --> Config file loaded: /hwonpark/www/application/config/tree.php
DEBUG - 2022-10-20 16:53:55 --> --------------------DC_common::chk_perm - 1.인가코드요청 시작 -> if 인앱브라우저
DEBUG - 2022-10-20 16:53:56 --> UTF-8 Support Enabled
DEBUG - 2022-10-20 16:53:56 --> Global POST, GET and COOKIE data sanitized
DEBUG - 2022-10-20 16:53:56 --> Config file loaded: /hwonpark/www/application/config/tree.php
DEBUG - 2022-10-20 16:53:56 --> =================== DL_auth-> oauth::CALLBACK - 시작
DEBUG - 2022-10-20 16:53:56 --> =================== DL_auth-> oauth::CALLBACK - kakao param=:: error=
DEBUG - 2022-10-20 16:53:56 --> =================== DL_auth-> oauth::CALLBACK - kakao param=:: state=/ko/brief/view?idx=35
DEBUG - 2022-10-20 16:53:56 --> =================== DL_auth-> oauth::CALLBACK - kakao param=:: code=-PCDrel9Dfoms2tTboU_yOecjK2iLzbLu8w38UDVeQJM8Q4wkXYnkqce5V7vX00-shccXgopcJ4AAAGD9GJ0_A
DEBUG - 2022-10-20 16:53:56 --> =================== DL_auth -> kakao oauth :2: code=-PCDrel9Dfoms2tTboU_yOecjK2iLzbLu8w38UDVeQJM8Q4wkXYnkqce5V7vX00-shccXgopcJ4AAAGD9GJ0_A
DEBUG - 2022-10-20 16:53:56 --> ====================Dl_auth -> kakao_login :: 시작
DEBUG - 2022-10-20 16:53:56 --> --------------------Dl_auth::kakao_login - 1.토큰요청 시작
DEBUG - 2022-10-20 16:53:56 --> Dl_auth::kakao_login - get_token 시작 n=2
DEBUG - 2022-10-20 16:53:56 --> --------------------Dl_auth::kakao_login - 1.2.토큰요청 시작 -> 기타브라우저
DEBUG - 2022-10-20 16:53:56 --> --------------------Dl_auth::kakao_login - 1.3.토큰요청
DEBUG - 2022-10-20 16:53:57 --> --------------------Dl_auth::kakao_login - 1.4.토큰요청 -> 성공
DEBUG - 2022-10-20 16:53:57 --> UTF-8 Support Enabled
DEBUG - 2022-10-20 16:53:57 --> Global POST, GET and COOKIE data sanitized
DEBUG - 2022-10-20 16:53:57 --> Config file loaded: /hwonpark/www/application/config/tree.php
DEBUG - 2022-10-20 16:53:57 --> =================== DL_auth-> oauth::CALLBACK - 시작
DEBUG - 2022-10-20 16:53:57 --> =================== DL_auth-> oauth::CALLBACK - kakao param=:: error=
DEBUG - 2022-10-20 16:53:57 --> =================== DL_auth-> oauth::CALLBACK - kakao param=:: state=/ko/brief/view?idx=35
DEBUG - 2022-10-20 16:53:57 --> =================== DL_auth-> oauth::CALLBACK - kakao param=:: code=-PCDrel9Dfoms2tTboU_yOecjK2iLzbLu8w38UDVeQJM8Q4wkXYnkqce5V7vX00-shccXgopcJ4AAAGD9GJ0_A
DEBUG - 2022-10-20 16:53:57 --> =================== DL_auth -> kakao oauth :2: code=-PCDrel9Dfoms2tTboU_yOecjK2iLzbLu8w38UDVeQJM8Q4wkXYnkqce5V7vX00-shccXgopcJ4AAAGD9GJ0_A
DEBUG - 2022-10-20 16:53:57 --> ====================Dl_auth -> kakao_login :: 시작
DEBUG - 2022-10-20 16:53:57 --> ====================Dl_auth::kakao_login - 1.3.5- 사이트 회원정보 업데이트 성공(카카오 인증 완료) state=/ko/brief/view?idx=35
DEBUG - 2022-10-20 16:53:57 --> UTF-8 Support Enabled
DEBUG - 2022-10-20 16:53:57 --> Global POST, GET and COOKIE data sanitized
DEBUG - 2022-10-20 16:53:57 --> Config file loaded: /hwonpark/www/application/config/tree.php
DEBUG - 2022-10-20 16:53:57 --> Encryption: Auto-configured driver 'openssl'.
DEBUG - 2022-10-20 16:53:57 --> --------------------DC_common::chk_perm - 1.인가코드요청 시작 -> if 인앱브라우저
DEBUG - 2022-10-20 16:53:57 --> Total execution time: 0.0444
DEBUG - 2022-10-20 16:54:40 --> UTF-8 Support Enabled
DEBUG - 2022-10-20 16:54:40 --> Global POST, GET and COOKIE data sanitized
DEBUG - 2022-10-20 16:54:40 --> Config file loaded: /hwonpark/www/application/config/tree.php
DEBUG - 2022-10-20 16:54:40 --> Encryption: Auto-configured driver 'openssl'.
DEBUG - 2022-10-20 16:54:40 --> --------------------DC_common::chk_perm - 1.인가코드요청 시작 -> if 인앱브라우저
DEBUG - 2022-10-20 16:54:40 --> Total execution time: 0.1124
DEBUG - 2022-10-20 16:54:53 --> UTF-8 Support Enabled
DEBUG - 2022-10-20 16:54:53 --> Global POST, GET and COOKIE data sanitized
DEBUG - 2022-10-20 16:54:53 --> Config file loaded: /hwonpark/www/application/config/tree.php
DEBUG - 2022-10-20 16:54:53 --> Encryption: Auto-configured driver 'openssl'.
DEBUG - 2022-10-20 16:54:53 --> Total execution time: 0.0315
DEBUG - 2022-10-20 16:55:04 --> UTF-8 Support Enabled
DEBUG - 2022-10-20 16:55:04 --> Global POST, GET and COOKIE data sanitized
DEBUG - 2022-10-20 16:55:04 --> Config file loaded: /hwonpark/www/application/config/tree.php
DEBUG - 2022-10-20 16:55:04 --> Encryption: Auto-configured driver 'openssl'.
DEBUG - 2022-10-20 16:55:04 --> --------------------DC_common::chk_perm - 1.인가코드요청 시작 -> if 인앱브라우저
DEBUG - 2022-10-20 16:55:04 --> Total execution time: 0.0552
