DEBUG - 2022-10-06 08:27:03 --> UTF-8 Support Enabled
DEBUG - 2022-10-06 08:27:03 --> No URI present. Default controller set.
DEBUG - 2022-10-06 08:27:03 --> Global POST, GET and COOKIE data sanitized
DEBUG - 2022-10-06 08:27:04 --> Config file loaded: /hwonpark/www/application/config/tree.php
DEBUG - 2022-10-06 08:27:04 --> Total execution time: 0.4199
DEBUG - 2022-10-06 08:27:04 --> UTF-8 Support Enabled
DEBUG - 2022-10-06 08:27:04 --> Global POST, GET and COOKIE data sanitized
ERROR - 2022-10-06 08:27:04 --> 404 Page Not Found: Faviconico/index
DEBUG - 2022-10-06 08:27:11 --> UTF-8 Support Enabled
DEBUG - 2022-10-06 08:27:11 --> Global POST, GET and COOKIE data sanitized
DEBUG - 2022-10-06 08:27:11 --> Config file loaded: /hwonpark/www/application/config/tree.php
DEBUG - 2022-10-06 08:27:12 --> UTF-8 Support Enabled
DEBUG - 2022-10-06 08:27:12 --> Global POST, GET and COOKIE data sanitized
DEBUG - 2022-10-06 08:27:12 --> Config file loaded: /hwonpark/www/application/config/tree.php
DEBUG - 2022-10-06 08:27:12 --> Total execution time: 0.0288
DEBUG - 2022-10-06 08:27:13 --> UTF-8 Support Enabled
DEBUG - 2022-10-06 08:27:13 --> Global POST, GET and COOKIE data sanitized
DEBUG - 2022-10-06 08:27:13 --> Config file loaded: /hwonpark/www/application/config/tree.php
DEBUG - 2022-10-06 08:27:13 --> =================== DL_auth-> oauth::CALLBACK - 시작
DEBUG - 2022-10-06 08:27:13 --> =================== DL_auth-> oauth::CALLBACK - kakao param=:: error=
DEBUG - 2022-10-06 08:27:13 --> =================== DL_auth-> oauth::CALLBACK - kakao param=:: state=
DEBUG - 2022-10-06 08:27:13 --> =================== DL_auth-> oauth::CALLBACK - kakao param=:: code=7lCAJTabbxjjT1q0UdbXOtzZg6ebObZnm9d0N5OSnF2i_Yt9_kFkCdrfy6RQGB_SvPd-Igo9dZwAAAGDqnmCKg
DEBUG - 2022-10-06 08:27:13 --> =================== DL_auth -> kakao oauth :2: code=7lCAJTabbxjjT1q0UdbXOtzZg6ebObZnm9d0N5OSnF2i_Yt9_kFkCdrfy6RQGB_SvPd-Igo9dZwAAAGDqnmCKg
DEBUG - 2022-10-06 08:27:13 --> ====================Dl_auth -> kakao_login :: 시작
DEBUG - 2022-10-06 08:27:13 --> --------------------Dl_auth::kakao_login - 1.토큰요청 시작
DEBUG - 2022-10-06 08:27:13 --> Dl_auth::kakao_login - get_token 시작 n=2
DEBUG - 2022-10-06 08:27:13 --> --------------------Dl_auth::kakao_login - 1.2.토큰요청 시작 -> 기타브라우저
DEBUG - 2022-10-06 08:27:13 --> --------------------Dl_auth::kakao_login - 1.3.토큰요청
DEBUG - 2022-10-06 08:27:13 --> --------------------Dl_auth::kakao_login - 1.4.토큰요청 -> 성공
DEBUG - 2022-10-06 08:27:13 --> UTF-8 Support Enabled
DEBUG - 2022-10-06 08:27:13 --> Global POST, GET and COOKIE data sanitized
DEBUG - 2022-10-06 08:27:13 --> Config file loaded: /hwonpark/www/application/config/tree.php
DEBUG - 2022-10-06 08:27:13 --> =================== DL_auth-> oauth::CALLBACK - 시작
DEBUG - 2022-10-06 08:27:13 --> =================== DL_auth-> oauth::CALLBACK - kakao param=:: error=
DEBUG - 2022-10-06 08:27:13 --> =================== DL_auth-> oauth::CALLBACK - kakao param=:: state=
DEBUG - 2022-10-06 08:27:13 --> =================== DL_auth-> oauth::CALLBACK - kakao param=:: code=7lCAJTabbxjjT1q0UdbXOtzZg6ebObZnm9d0N5OSnF2i_Yt9_kFkCdrfy6RQGB_SvPd-Igo9dZwAAAGDqnmCKg
DEBUG - 2022-10-06 08:27:13 --> =================== DL_auth -> kakao oauth :2: code=7lCAJTabbxjjT1q0UdbXOtzZg6ebObZnm9d0N5OSnF2i_Yt9_kFkCdrfy6RQGB_SvPd-Igo9dZwAAAGDqnmCKg
DEBUG - 2022-10-06 08:27:13 --> ====================Dl_auth -> kakao_login :: 시작
DEBUG - 2022-10-06 08:27:13 --> ====================Dl_auth::kakao_login - 1.3.5- 사이트 회원정보 업데이트 성공(카카오 인증 완료) state=
DEBUG - 2022-10-06 08:27:15 --> UTF-8 Support Enabled
DEBUG - 2022-10-06 08:27:15 --> Global POST, GET and COOKIE data sanitized
DEBUG - 2022-10-06 08:27:15 --> Config file loaded: /hwonpark/www/application/config/tree.php
DEBUG - 2022-10-06 08:27:15 --> Encryption: Auto-configured driver 'openssl'.
DEBUG - 2022-10-06 08:27:15 --> Total execution time: 0.0490
DEBUG - 2022-10-06 08:27:16 --> UTF-8 Support Enabled
DEBUG - 2022-10-06 08:27:16 --> Global POST, GET and COOKIE data sanitized
DEBUG - 2022-10-06 08:27:16 --> Config file loaded: /hwonpark/www/application/config/tree.php
DEBUG - 2022-10-06 08:27:16 --> Encryption: Auto-configured driver 'openssl'.
DEBUG - 2022-10-06 08:27:16 --> Total execution time: 0.0820
DEBUG - 2022-10-06 08:56:05 --> UTF-8 Support Enabled
DEBUG - 2022-10-06 08:56:05 --> Global POST, GET and COOKIE data sanitized
DEBUG - 2022-10-06 08:56:05 --> Config file loaded: /hwonpark/www/application/config/tree.php
DEBUG - 2022-10-06 08:56:05 --> Total execution time: 0.0521
DEBUG - 2022-10-06 08:56:10 --> UTF-8 Support Enabled
DEBUG - 2022-10-06 08:56:10 --> Global POST, GET and COOKIE data sanitized
DEBUG - 2022-10-06 08:56:10 --> Config file loaded: /hwonpark/www/application/config/tree.php
DEBUG - 2022-10-06 08:56:10 --> Total execution time: 0.0301
DEBUG - 2022-10-06 08:56:14 --> UTF-8 Support Enabled
DEBUG - 2022-10-06 08:56:14 --> Global POST, GET and COOKIE data sanitized
DEBUG - 2022-10-06 08:56:14 --> Config file loaded: /hwonpark/www/application/config/tree.php
DEBUG - 2022-10-06 08:56:14 --> =================== DL_auth-> oauth::CALLBACK - 시작
DEBUG - 2022-10-06 08:56:14 --> =================== DL_auth-> oauth::CALLBACK - kakao param=:: error=
DEBUG - 2022-10-06 08:56:14 --> =================== DL_auth-> oauth::CALLBACK - kakao param=:: state=
DEBUG - 2022-10-06 08:56:14 --> =================== DL_auth-> oauth::CALLBACK - kakao param=:: code=Fib2VHb5kjMm0GKJV0mBaoWcC2aknugI7NZzJcpJhm0pE4elOFxvtoWZKURLgKCQDEyXcAopcFAAAAGDqpQRQg
DEBUG - 2022-10-06 08:56:14 --> =================== DL_auth -> kakao oauth :2: code=Fib2VHb5kjMm0GKJV0mBaoWcC2aknugI7NZzJcpJhm0pE4elOFxvtoWZKURLgKCQDEyXcAopcFAAAAGDqpQRQg
DEBUG - 2022-10-06 08:56:14 --> ====================Dl_auth -> kakao_login :: 시작
DEBUG - 2022-10-06 08:56:14 --> --------------------Dl_auth::kakao_login - 1.토큰요청 시작
DEBUG - 2022-10-06 08:56:14 --> Dl_auth::kakao_login - get_token 시작 n=2
DEBUG - 2022-10-06 08:56:14 --> --------------------Dl_auth::kakao_login - 1.2.토큰요청 시작 -> 기타브라우저
DEBUG - 2022-10-06 08:56:14 --> --------------------Dl_auth::kakao_login - 1.3.토큰요청
DEBUG - 2022-10-06 08:56:14 --> --------------------Dl_auth::kakao_login - 1.4.토큰요청 -> 성공
DEBUG - 2022-10-06 08:56:14 --> UTF-8 Support Enabled
DEBUG - 2022-10-06 08:56:14 --> Global POST, GET and COOKIE data sanitized
DEBUG - 2022-10-06 08:56:14 --> Config file loaded: /hwonpark/www/application/config/tree.php
DEBUG - 2022-10-06 08:56:14 --> =================== DL_auth-> oauth::CALLBACK - 시작
DEBUG - 2022-10-06 08:56:14 --> =================== DL_auth-> oauth::CALLBACK - kakao param=:: error=
DEBUG - 2022-10-06 08:56:14 --> =================== DL_auth-> oauth::CALLBACK - kakao param=:: state=
DEBUG - 2022-10-06 08:56:14 --> =================== DL_auth-> oauth::CALLBACK - kakao param=:: code=Fib2VHb5kjMm0GKJV0mBaoWcC2aknugI7NZzJcpJhm0pE4elOFxvtoWZKURLgKCQDEyXcAopcFAAAAGDqpQRQg
DEBUG - 2022-10-06 08:56:14 --> =================== DL_auth -> kakao oauth :2: code=Fib2VHb5kjMm0GKJV0mBaoWcC2aknugI7NZzJcpJhm0pE4elOFxvtoWZKURLgKCQDEyXcAopcFAAAAGDqpQRQg
DEBUG - 2022-10-06 08:56:14 --> ====================Dl_auth -> kakao_login :: 시작
DEBUG - 2022-10-06 08:56:14 --> ====================Dl_auth::kakao_login - 1.3.5- 사이트 회원정보 업데이트 성공(카카오 인증 완료) state=
DEBUG - 2022-10-06 08:56:15 --> UTF-8 Support Enabled
DEBUG - 2022-10-06 08:56:15 --> Global POST, GET and COOKIE data sanitized
DEBUG - 2022-10-06 08:56:15 --> Config file loaded: /hwonpark/www/application/config/tree.php
DEBUG - 2022-10-06 08:56:15 --> Encryption: Auto-configured driver 'openssl'.
DEBUG - 2022-10-06 08:56:15 --> Total execution time: 0.0323
DEBUG - 2022-10-06 09:27:01 --> UTF-8 Support Enabled
DEBUG - 2022-10-06 09:27:01 --> Global POST, GET and COOKIE data sanitized
DEBUG - 2022-10-06 09:27:01 --> Config file loaded: /hwonpark/www/application/config/tree.php
DEBUG - 2022-10-06 09:27:01 --> Total execution time: 0.0613
DEBUG - 2022-10-06 09:27:17 --> UTF-8 Support Enabled
DEBUG - 2022-10-06 09:27:17 --> Global POST, GET and COOKIE data sanitized
DEBUG - 2022-10-06 09:27:17 --> Config file loaded: /hwonpark/www/application/config/tree.php
DEBUG - 2022-10-06 09:27:17 --> Total execution time: 0.0716
DEBUG - 2022-10-06 09:27:22 --> UTF-8 Support Enabled
DEBUG - 2022-10-06 09:27:22 --> Global POST, GET and COOKIE data sanitized
DEBUG - 2022-10-06 09:27:22 --> Config file loaded: /hwonpark/www/application/config/tree.php
DEBUG - 2022-10-06 09:27:22 --> Total execution time: 0.0592
DEBUG - 2022-10-06 09:27:27 --> UTF-8 Support Enabled
DEBUG - 2022-10-06 09:27:27 --> Global POST, GET and COOKIE data sanitized
DEBUG - 2022-10-06 09:27:27 --> Config file loaded: /hwonpark/www/application/config/tree.php
DEBUG - 2022-10-06 09:27:27 --> Total execution time: 0.0305
DEBUG - 2022-10-06 09:27:30 --> UTF-8 Support Enabled
DEBUG - 2022-10-06 09:27:30 --> Global POST, GET and COOKIE data sanitized
DEBUG - 2022-10-06 09:27:30 --> Config file loaded: /hwonpark/www/application/config/tree.php
DEBUG - 2022-10-06 09:27:31 --> UTF-8 Support Enabled
DEBUG - 2022-10-06 09:27:31 --> Global POST, GET and COOKIE data sanitized
DEBUG - 2022-10-06 09:27:31 --> Config file loaded: /hwonpark/www/application/config/tree.php
DEBUG - 2022-10-06 09:27:31 --> Total execution time: 0.0278
DEBUG - 2022-10-06 09:27:32 --> UTF-8 Support Enabled
DEBUG - 2022-10-06 09:27:32 --> Global POST, GET and COOKIE data sanitized
DEBUG - 2022-10-06 09:27:32 --> Config file loaded: /hwonpark/www/application/config/tree.php
DEBUG - 2022-10-06 09:27:32 --> =================== DL_auth-> oauth::CALLBACK - 시작
DEBUG - 2022-10-06 09:27:32 --> =================== DL_auth-> oauth::CALLBACK - kakao param=:: error=
DEBUG - 2022-10-06 09:27:32 --> =================== DL_auth-> oauth::CALLBACK - kakao param=:: state=
DEBUG - 2022-10-06 09:27:32 --> =================== DL_auth-> oauth::CALLBACK - kakao param=:: code=6QvX45iDGkNZEDPjWVYwt2uk0EkJmO4TyTRU0ITOsqXXyVw5L2saxrIJP9ZHlfVVnTIxrAo9dGgAAAGDqrC8zQ
DEBUG - 2022-10-06 09:27:32 --> =================== DL_auth -> kakao oauth :2: code=6QvX45iDGkNZEDPjWVYwt2uk0EkJmO4TyTRU0ITOsqXXyVw5L2saxrIJP9ZHlfVVnTIxrAo9dGgAAAGDqrC8zQ
DEBUG - 2022-10-06 09:27:33 --> ====================Dl_auth -> kakao_login :: 시작
DEBUG - 2022-10-06 09:27:33 --> --------------------Dl_auth::kakao_login - 1.토큰요청 시작
DEBUG - 2022-10-06 09:27:33 --> Dl_auth::kakao_login - get_token 시작 n=2
DEBUG - 2022-10-06 09:27:33 --> --------------------Dl_auth::kakao_login - 1.2.토큰요청 시작 -> 기타브라우저
DEBUG - 2022-10-06 09:27:33 --> --------------------Dl_auth::kakao_login - 1.3.토큰요청
DEBUG - 2022-10-06 09:27:33 --> --------------------Dl_auth::kakao_login - 1.4.토큰요청 -> 성공
DEBUG - 2022-10-06 09:27:33 --> UTF-8 Support Enabled
DEBUG - 2022-10-06 09:27:33 --> Global POST, GET and COOKIE data sanitized
DEBUG - 2022-10-06 09:27:33 --> Config file loaded: /hwonpark/www/application/config/tree.php
DEBUG - 2022-10-06 09:27:33 --> =================== DL_auth-> oauth::CALLBACK - 시작
DEBUG - 2022-10-06 09:27:33 --> =================== DL_auth-> oauth::CALLBACK - kakao param=:: error=
DEBUG - 2022-10-06 09:27:33 --> =================== DL_auth-> oauth::CALLBACK - kakao param=:: state=
DEBUG - 2022-10-06 09:27:33 --> =================== DL_auth-> oauth::CALLBACK - kakao param=:: code=6QvX45iDGkNZEDPjWVYwt2uk0EkJmO4TyTRU0ITOsqXXyVw5L2saxrIJP9ZHlfVVnTIxrAo9dGgAAAGDqrC8zQ
DEBUG - 2022-10-06 09:27:33 --> =================== DL_auth -> kakao oauth :2: code=6QvX45iDGkNZEDPjWVYwt2uk0EkJmO4TyTRU0ITOsqXXyVw5L2saxrIJP9ZHlfVVnTIxrAo9dGgAAAGDqrC8zQ
DEBUG - 2022-10-06 09:27:33 --> ====================Dl_auth -> kakao_login :: 시작
DEBUG - 2022-10-06 09:27:33 --> ====================Dl_auth::kakao_login - 1.3.5- 사이트 회원정보 업데이트 성공(카카오 인증 완료) state=
DEBUG - 2022-10-06 09:27:34 --> UTF-8 Support Enabled
DEBUG - 2022-10-06 09:27:34 --> Global POST, GET and COOKIE data sanitized
DEBUG - 2022-10-06 09:27:34 --> Config file loaded: /hwonpark/www/application/config/tree.php
DEBUG - 2022-10-06 09:27:34 --> Encryption: Auto-configured driver 'openssl'.
DEBUG - 2022-10-06 09:27:34 --> Total execution time: 0.0668
DEBUG - 2022-10-06 09:27:39 --> UTF-8 Support Enabled
DEBUG - 2022-10-06 09:27:39 --> Global POST, GET and COOKIE data sanitized
DEBUG - 2022-10-06 09:27:39 --> Config file loaded: /hwonpark/www/application/config/tree.php
DEBUG - 2022-10-06 09:27:39 --> Encryption: Auto-configured driver 'openssl'.
DEBUG - 2022-10-06 09:27:39 --> Total execution time: 0.0307
DEBUG - 2022-10-06 09:27:40 --> UTF-8 Support Enabled
DEBUG - 2022-10-06 09:27:40 --> Global POST, GET and COOKIE data sanitized
DEBUG - 2022-10-06 09:27:40 --> Config file loaded: /hwonpark/www/application/config/tree.php
DEBUG - 2022-10-06 09:27:40 --> Encryption: Auto-configured driver 'openssl'.
DEBUG - 2022-10-06 09:27:40 --> Total execution time: 0.0422
DEBUG - 2022-10-06 09:30:12 --> UTF-8 Support Enabled
DEBUG - 2022-10-06 09:30:12 --> Global POST, GET and COOKIE data sanitized
DEBUG - 2022-10-06 09:30:12 --> Config file loaded: /hwonpark/www/application/config/tree.php
DEBUG - 2022-10-06 09:30:12 --> Encryption: Auto-configured driver 'openssl'.
DEBUG - 2022-10-06 09:30:12 --> Total execution time: 0.0486
DEBUG - 2022-10-06 09:30:14 --> UTF-8 Support Enabled
DEBUG - 2022-10-06 09:30:14 --> Global POST, GET and COOKIE data sanitized
DEBUG - 2022-10-06 09:30:14 --> Config file loaded: /hwonpark/www/application/config/tree.php
DEBUG - 2022-10-06 09:30:14 --> Encryption: Auto-configured driver 'openssl'.
DEBUG - 2022-10-06 09:30:14 --> Total execution time: 0.0478
DEBUG - 2022-10-06 09:30:34 --> UTF-8 Support Enabled
DEBUG - 2022-10-06 09:30:34 --> Global POST, GET and COOKIE data sanitized
DEBUG - 2022-10-06 09:30:34 --> Config file loaded: /hwonpark/www/application/config/tree.php
DEBUG - 2022-10-06 09:30:34 --> Encryption: Auto-configured driver 'openssl'.
DEBUG - 2022-10-06 09:30:34 --> Total execution time: 0.0315
DEBUG - 2022-10-06 09:30:36 --> UTF-8 Support Enabled
DEBUG - 2022-10-06 09:30:36 --> Global POST, GET and COOKIE data sanitized
DEBUG - 2022-10-06 09:30:36 --> Config file loaded: /hwonpark/www/application/config/tree.php
DEBUG - 2022-10-06 09:30:37 --> Encryption: Auto-configured driver 'openssl'.
DEBUG - 2022-10-06 09:30:37 --> Total execution time: 0.0466
DEBUG - 2022-10-06 09:50:41 --> UTF-8 Support Enabled
DEBUG - 2022-10-06 09:50:41 --> Global POST, GET and COOKIE data sanitized
DEBUG - 2022-10-06 09:50:41 --> Config file loaded: /hwonpark/www/application/config/tree.php
DEBUG - 2022-10-06 09:50:41 --> Total execution time: 0.0761
DEBUG - 2022-10-06 09:50:43 --> UTF-8 Support Enabled
DEBUG - 2022-10-06 09:50:43 --> Global POST, GET and COOKIE data sanitized
ERROR - 2022-10-06 09:50:43 --> 404 Page Not Found: Faviconico/index
DEBUG - 2022-10-06 09:50:43 --> UTF-8 Support Enabled
DEBUG - 2022-10-06 09:50:43 --> No URI present. Default controller set.
DEBUG - 2022-10-06 09:50:43 --> Global POST, GET and COOKIE data sanitized
DEBUG - 2022-10-06 09:50:43 --> Config file loaded: /hwonpark/www/application/config/tree.php
DEBUG - 2022-10-06 09:50:43 --> Total execution time: 0.0630
DEBUG - 2022-10-06 09:50:50 --> UTF-8 Support Enabled
DEBUG - 2022-10-06 09:50:50 --> No URI present. Default controller set.
DEBUG - 2022-10-06 09:50:50 --> Global POST, GET and COOKIE data sanitized
DEBUG - 2022-10-06 09:50:50 --> Config file loaded: /hwonpark/www/application/config/tree.php
DEBUG - 2022-10-06 09:50:50 --> Total execution time: 0.0298
DEBUG - 2022-10-06 09:55:20 --> UTF-8 Support Enabled
DEBUG - 2022-10-06 09:55:20 --> No URI present. Default controller set.
DEBUG - 2022-10-06 09:55:20 --> Global POST, GET and COOKIE data sanitized
DEBUG - 2022-10-06 09:55:20 --> Config file loaded: /hwonpark/www/application/config/tree.php
DEBUG - 2022-10-06 09:55:20 --> Total execution time: 0.0365
DEBUG - 2022-10-06 10:39:57 --> UTF-8 Support Enabled
DEBUG - 2022-10-06 10:39:57 --> Global POST, GET and COOKIE data sanitized
DEBUG - 2022-10-06 10:39:57 --> Config file loaded: /hwonpark/www/application/config/tree.php
DEBUG - 2022-10-06 10:39:57 --> Total execution time: 0.0375
DEBUG - 2022-10-06 10:40:01 --> UTF-8 Support Enabled
DEBUG - 2022-10-06 10:40:01 --> Global POST, GET and COOKIE data sanitized
DEBUG - 2022-10-06 10:40:01 --> Config file loaded: /hwonpark/www/application/config/tree.php
DEBUG - 2022-10-06 10:40:02 --> UTF-8 Support Enabled
DEBUG - 2022-10-06 10:40:02 --> Global POST, GET and COOKIE data sanitized
DEBUG - 2022-10-06 10:40:02 --> Config file loaded: /hwonpark/www/application/config/tree.php
DEBUG - 2022-10-06 10:40:02 --> Encryption: Auto-configured driver 'openssl'.
DEBUG - 2022-10-06 10:40:03 --> UTF-8 Support Enabled
DEBUG - 2022-10-06 10:40:03 --> Global POST, GET and COOKIE data sanitized
DEBUG - 2022-10-06 10:40:03 --> Config file loaded: /hwonpark/www/application/config/tree.php
DEBUG - 2022-10-06 10:40:03 --> Encryption: Auto-configured driver 'openssl'.
DEBUG - 2022-10-06 10:40:03 --> Encryption class already loaded. Second attempt ignored.
DEBUG - 2022-10-06 10:40:03 --> Total execution time: 0.6991
DEBUG - 2022-10-06 10:40:06 --> UTF-8 Support Enabled
DEBUG - 2022-10-06 10:40:06 --> Global POST, GET and COOKIE data sanitized
DEBUG - 2022-10-06 10:40:06 --> Config file loaded: /hwonpark/www/application/config/tree.php
DEBUG - 2022-10-06 10:40:06 --> Encryption: Auto-configured driver 'openssl'.
DEBUG - 2022-10-06 10:40:06 --> Total execution time: 0.0385
DEBUG - 2022-10-06 10:40:07 --> UTF-8 Support Enabled
DEBUG - 2022-10-06 10:40:07 --> Global POST, GET and COOKIE data sanitized
DEBUG - 2022-10-06 10:40:07 --> Config file loaded: /hwonpark/www/application/config/tree.php
DEBUG - 2022-10-06 10:40:07 --> Encryption: Auto-configured driver 'openssl'.
DEBUG - 2022-10-06 10:40:07 --> Total execution time: 0.0395
DEBUG - 2022-10-06 10:42:03 --> UTF-8 Support Enabled
DEBUG - 2022-10-06 10:42:03 --> Global POST, GET and COOKIE data sanitized
DEBUG - 2022-10-06 10:42:03 --> Config file loaded: /hwonpark/www/application/config/tree.php
DEBUG - 2022-10-06 10:42:03 --> Encryption: Auto-configured driver 'openssl'.
DEBUG - 2022-10-06 10:42:03 --> Total execution time: 0.0646
DEBUG - 2022-10-06 10:44:44 --> UTF-8 Support Enabled
DEBUG - 2022-10-06 10:44:44 --> Global POST, GET and COOKIE data sanitized
DEBUG - 2022-10-06 10:44:44 --> Config file loaded: /hwonpark/www/application/config/tree.php
DEBUG - 2022-10-06 10:44:44 --> Encryption: Auto-configured driver 'openssl'.
DEBUG - 2022-10-06 10:44:45 --> UTF-8 Support Enabled
DEBUG - 2022-10-06 10:44:45 --> Global POST, GET and COOKIE data sanitized
DEBUG - 2022-10-06 10:44:45 --> Config file loaded: /hwonpark/www/application/config/tree.php
DEBUG - 2022-10-06 10:44:45 --> Encryption: Auto-configured driver 'openssl'.
DEBUG - 2022-10-06 10:44:45 --> Total execution time: 0.0392
DEBUG - 2022-10-06 10:48:08 --> UTF-8 Support Enabled
DEBUG - 2022-10-06 10:48:08 --> Global POST, GET and COOKIE data sanitized
DEBUG - 2022-10-06 10:48:08 --> Config file loaded: /hwonpark/www/application/config/tree.php
DEBUG - 2022-10-06 10:48:08 --> Encryption: Auto-configured driver 'openssl'.
DEBUG - 2022-10-06 10:48:08 --> Total execution time: 0.0601
DEBUG - 2022-10-06 10:50:38 --> UTF-8 Support Enabled
DEBUG - 2022-10-06 10:50:38 --> Global POST, GET and COOKIE data sanitized
DEBUG - 2022-10-06 10:50:38 --> Config file loaded: /hwonpark/www/application/config/tree.php
DEBUG - 2022-10-06 10:50:38 --> Encryption: Auto-configured driver 'openssl'.
DEBUG - 2022-10-06 10:50:38 --> Total execution time: 0.0426
DEBUG - 2022-10-06 10:52:57 --> UTF-8 Support Enabled
DEBUG - 2022-10-06 10:52:57 --> Global POST, GET and COOKIE data sanitized
DEBUG - 2022-10-06 10:52:57 --> Config file loaded: /hwonpark/www/application/config/tree.php
DEBUG - 2022-10-06 10:52:57 --> Encryption: Auto-configured driver 'openssl'.
DEBUG - 2022-10-06 10:52:57 --> Total execution time: 0.0681
DEBUG - 2022-10-06 10:52:59 --> UTF-8 Support Enabled
DEBUG - 2022-10-06 10:52:59 --> Global POST, GET and COOKIE data sanitized
DEBUG - 2022-10-06 10:52:59 --> Config file loaded: /hwonpark/www/application/config/tree.php
DEBUG - 2022-10-06 10:52:59 --> Encryption: Auto-configured driver 'openssl'.
DEBUG - 2022-10-06 10:52:59 --> Total execution time: 0.0577
DEBUG - 2022-10-06 10:54:12 --> UTF-8 Support Enabled
DEBUG - 2022-10-06 10:54:12 --> Global POST, GET and COOKIE data sanitized
DEBUG - 2022-10-06 10:54:12 --> Config file loaded: /hwonpark/www/application/config/tree.php
DEBUG - 2022-10-06 10:54:12 --> Encryption: Auto-configured driver 'openssl'.
DEBUG - 2022-10-06 10:54:13 --> UTF-8 Support Enabled
DEBUG - 2022-10-06 10:54:13 --> Global POST, GET and COOKIE data sanitized
DEBUG - 2022-10-06 10:54:13 --> Config file loaded: /hwonpark/www/application/config/tree.php
DEBUG - 2022-10-06 10:54:13 --> Encryption: Auto-configured driver 'openssl'.
DEBUG - 2022-10-06 10:54:13 --> Total execution time: 0.0382
DEBUG - 2022-10-06 10:54:51 --> UTF-8 Support Enabled
DEBUG - 2022-10-06 10:54:51 --> Global POST, GET and COOKIE data sanitized
DEBUG - 2022-10-06 10:54:51 --> Config file loaded: /hwonpark/www/application/config/tree.php
DEBUG - 2022-10-06 10:54:51 --> Encryption: Auto-configured driver 'openssl'.
DEBUG - 2022-10-06 10:54:51 --> Total execution time: 0.0359
DEBUG - 2022-10-06 10:54:52 --> UTF-8 Support Enabled
DEBUG - 2022-10-06 10:54:52 --> Global POST, GET and COOKIE data sanitized
DEBUG - 2022-10-06 10:54:52 --> Config file loaded: /hwonpark/www/application/config/tree.php
DEBUG - 2022-10-06 10:54:52 --> Encryption: Auto-configured driver 'openssl'.
DEBUG - 2022-10-06 10:54:52 --> Total execution time: 0.0346
DEBUG - 2022-10-06 10:55:04 --> UTF-8 Support Enabled
DEBUG - 2022-10-06 10:55:04 --> Global POST, GET and COOKIE data sanitized
DEBUG - 2022-10-06 10:55:04 --> Config file loaded: /hwonpark/www/application/config/tree.php
DEBUG - 2022-10-06 10:55:04 --> Encryption: Auto-configured driver 'openssl'.
DEBUG - 2022-10-06 10:55:04 --> Total execution time: 0.0383
DEBUG - 2022-10-06 10:56:04 --> UTF-8 Support Enabled
DEBUG - 2022-10-06 10:56:04 --> Global POST, GET and COOKIE data sanitized
DEBUG - 2022-10-06 10:56:04 --> Config file loaded: /hwonpark/www/application/config/tree.php
DEBUG - 2022-10-06 10:56:04 --> Encryption: Auto-configured driver 'openssl'.
DEBUG - 2022-10-06 10:56:05 --> UTF-8 Support Enabled
DEBUG - 2022-10-06 10:56:05 --> Global POST, GET and COOKIE data sanitized
DEBUG - 2022-10-06 10:56:05 --> Config file loaded: /hwonpark/www/application/config/tree.php
DEBUG - 2022-10-06 10:56:05 --> Encryption: Auto-configured driver 'openssl'.
DEBUG - 2022-10-06 10:56:05 --> Total execution time: 0.0375
DEBUG - 2022-10-06 10:56:34 --> UTF-8 Support Enabled
DEBUG - 2022-10-06 10:56:34 --> Global POST, GET and COOKIE data sanitized
DEBUG - 2022-10-06 10:56:35 --> Config file loaded: /hwonpark/www/application/config/tree.php
DEBUG - 2022-10-06 10:56:35 --> Encryption: Auto-configured driver 'openssl'.
DEBUG - 2022-10-06 10:56:35 --> Total execution time: 0.0587
DEBUG - 2022-10-06 10:57:42 --> UTF-8 Support Enabled
DEBUG - 2022-10-06 10:57:42 --> Global POST, GET and COOKIE data sanitized
DEBUG - 2022-10-06 10:57:42 --> Config file loaded: /hwonpark/www/application/config/tree.php
DEBUG - 2022-10-06 10:57:42 --> Encryption: Auto-configured driver 'openssl'.
DEBUG - 2022-10-06 10:57:42 --> UTF-8 Support Enabled
DEBUG - 2022-10-06 10:57:42 --> Global POST, GET and COOKIE data sanitized
DEBUG - 2022-10-06 10:57:42 --> Config file loaded: /hwonpark/www/application/config/tree.php
DEBUG - 2022-10-06 10:57:42 --> Encryption: Auto-configured driver 'openssl'.
DEBUG - 2022-10-06 10:57:42 --> Total execution time: 0.0341
DEBUG - 2022-10-06 10:58:41 --> UTF-8 Support Enabled
DEBUG - 2022-10-06 10:58:41 --> Global POST, GET and COOKIE data sanitized
DEBUG - 2022-10-06 10:58:41 --> Config file loaded: /hwonpark/www/application/config/tree.php
DEBUG - 2022-10-06 10:58:41 --> Encryption: Auto-configured driver 'openssl'.
DEBUG - 2022-10-06 10:58:41 --> Total execution time: 0.0387
DEBUG - 2022-10-06 10:58:46 --> UTF-8 Support Enabled
DEBUG - 2022-10-06 10:58:46 --> Global POST, GET and COOKIE data sanitized
DEBUG - 2022-10-06 10:58:46 --> Config file loaded: /hwonpark/www/application/config/tree.php
DEBUG - 2022-10-06 10:58:46 --> Encryption: Auto-configured driver 'openssl'.
DEBUG - 2022-10-06 10:58:46 --> Total execution time: 0.0725
DEBUG - 2022-10-06 10:59:14 --> UTF-8 Support Enabled
DEBUG - 2022-10-06 10:59:14 --> Global POST, GET and COOKIE data sanitized
DEBUG - 2022-10-06 10:59:14 --> Config file loaded: /hwonpark/www/application/config/tree.php
DEBUG - 2022-10-06 10:59:14 --> Encryption: Auto-configured driver 'openssl'.
DEBUG - 2022-10-06 10:59:14 --> Total execution time: 0.0349
DEBUG - 2022-10-06 10:59:15 --> UTF-8 Support Enabled
DEBUG - 2022-10-06 10:59:15 --> Global POST, GET and COOKIE data sanitized
DEBUG - 2022-10-06 10:59:15 --> Config file loaded: /hwonpark/www/application/config/tree.php
DEBUG - 2022-10-06 10:59:15 --> Encryption: Auto-configured driver 'openssl'.
DEBUG - 2022-10-06 10:59:15 --> Total execution time: 0.0452
DEBUG - 2022-10-06 10:59:17 --> UTF-8 Support Enabled
DEBUG - 2022-10-06 10:59:17 --> Global POST, GET and COOKIE data sanitized
DEBUG - 2022-10-06 10:59:17 --> Config file loaded: /hwonpark/www/application/config/tree.php
DEBUG - 2022-10-06 10:59:17 --> Encryption: Auto-configured driver 'openssl'.
DEBUG - 2022-10-06 10:59:17 --> Total execution time: 0.0481
DEBUG - 2022-10-06 10:59:32 --> UTF-8 Support Enabled
DEBUG - 2022-10-06 10:59:32 --> Global POST, GET and COOKIE data sanitized
DEBUG - 2022-10-06 10:59:32 --> Config file loaded: /hwonpark/www/application/config/tree.php
DEBUG - 2022-10-06 10:59:32 --> Encryption: Auto-configured driver 'openssl'.
ERROR - 2022-10-06 10:59:32 --> Could not find the language line "imglib_invalid_image"
ERROR - 2022-10-06 10:59:32 --> imglib_invalid_image
DEBUG - 2022-10-06 10:59:32 --> UTF-8 Support Enabled
DEBUG - 2022-10-06 10:59:32 --> Global POST, GET and COOKIE data sanitized
DEBUG - 2022-10-06 10:59:32 --> Config file loaded: /hwonpark/www/application/config/tree.php
DEBUG - 2022-10-06 10:59:32 --> Encryption: Auto-configured driver 'openssl'.
DEBUG - 2022-10-06 10:59:32 --> Total execution time: 0.0552
DEBUG - 2022-10-06 10:59:59 --> UTF-8 Support Enabled
DEBUG - 2022-10-06 10:59:59 --> Global POST, GET and COOKIE data sanitized
DEBUG - 2022-10-06 10:59:59 --> Config file loaded: /hwonpark/www/application/config/tree.php
DEBUG - 2022-10-06 10:59:59 --> Encryption: Auto-configured driver 'openssl'.
DEBUG - 2022-10-06 10:59:59 --> Total execution time: 0.0414
DEBUG - 2022-10-06 11:00:02 --> UTF-8 Support Enabled
DEBUG - 2022-10-06 11:00:02 --> Global POST, GET and COOKIE data sanitized
DEBUG - 2022-10-06 11:00:02 --> Config file loaded: /hwonpark/www/application/config/tree.php
DEBUG - 2022-10-06 11:00:02 --> Encryption: Auto-configured driver 'openssl'.
DEBUG - 2022-10-06 11:00:02 --> Total execution time: 0.0366
DEBUG - 2022-10-06 11:34:55 --> UTF-8 Support Enabled
DEBUG - 2022-10-06 11:34:55 --> No URI present. Default controller set.
DEBUG - 2022-10-06 11:34:55 --> Global POST, GET and COOKIE data sanitized
DEBUG - 2022-10-06 11:34:55 --> Config file loaded: /hwonpark/www/application/config/tree.php
DEBUG - 2022-10-06 11:34:55 --> Total execution time: 0.0310
DEBUG - 2022-10-06 11:34:57 --> UTF-8 Support Enabled
DEBUG - 2022-10-06 11:34:57 --> Global POST, GET and COOKIE data sanitized
ERROR - 2022-10-06 11:34:57 --> 404 Page Not Found: Faviconico/index
DEBUG - 2022-10-06 11:39:47 --> UTF-8 Support Enabled
DEBUG - 2022-10-06 11:39:47 --> Global POST, GET and COOKIE data sanitized
DEBUG - 2022-10-06 11:39:47 --> Config file loaded: /hwonpark/www/application/config/tree.php
DEBUG - 2022-10-06 11:39:47 --> Total execution time: 0.0637
DEBUG - 2022-10-06 11:39:51 --> UTF-8 Support Enabled
DEBUG - 2022-10-06 11:39:51 --> Global POST, GET and COOKIE data sanitized
DEBUG - 2022-10-06 11:39:51 --> Config file loaded: /hwonpark/www/application/config/tree.php
DEBUG - 2022-10-06 11:39:51 --> Total execution time: 0.0437
DEBUG - 2022-10-06 13:02:06 --> UTF-8 Support Enabled
DEBUG - 2022-10-06 13:02:06 --> Global POST, GET and COOKIE data sanitized
DEBUG - 2022-10-06 13:02:06 --> Config file loaded: /hwonpark/www/application/config/tree.php
DEBUG - 2022-10-06 13:02:06 --> Total execution time: 0.0377
DEBUG - 2022-10-06 13:02:14 --> UTF-8 Support Enabled
DEBUG - 2022-10-06 13:02:14 --> Global POST, GET and COOKIE data sanitized
DEBUG - 2022-10-06 13:02:14 --> Config file loaded: /hwonpark/www/application/config/tree.php
DEBUG - 2022-10-06 13:02:14 --> Total execution time: 0.0495
DEBUG - 2022-10-06 13:02:18 --> UTF-8 Support Enabled
DEBUG - 2022-10-06 13:02:18 --> Global POST, GET and COOKIE data sanitized
DEBUG - 2022-10-06 13:02:18 --> Config file loaded: /hwonpark/www/application/config/tree.php
DEBUG - 2022-10-06 13:02:18 --> Total execution time: 0.0342
DEBUG - 2022-10-06 13:02:28 --> UTF-8 Support Enabled
DEBUG - 2022-10-06 13:02:28 --> Global POST, GET and COOKIE data sanitized
DEBUG - 2022-10-06 13:02:28 --> Config file loaded: /hwonpark/www/application/config/tree.php
DEBUG - 2022-10-06 13:02:28 --> Total execution time: 0.0353
DEBUG - 2022-10-06 13:02:33 --> UTF-8 Support Enabled
DEBUG - 2022-10-06 13:02:33 --> Global POST, GET and COOKIE data sanitized
DEBUG - 2022-10-06 13:02:33 --> Config file loaded: /hwonpark/www/application/config/tree.php
DEBUG - 2022-10-06 13:02:33 --> Total execution time: 0.0363
DEBUG - 2022-10-06 13:02:37 --> UTF-8 Support Enabled
DEBUG - 2022-10-06 13:02:37 --> Global POST, GET and COOKIE data sanitized
DEBUG - 2022-10-06 13:02:37 --> Config file loaded: /hwonpark/www/application/config/tree.php
DEBUG - 2022-10-06 13:02:37 --> Total execution time: 0.0354
DEBUG - 2022-10-06 13:02:58 --> UTF-8 Support Enabled
DEBUG - 2022-10-06 13:02:58 --> Global POST, GET and COOKIE data sanitized
DEBUG - 2022-10-06 13:02:58 --> Config file loaded: /hwonpark/www/application/config/tree.php
DEBUG - 2022-10-06 13:02:58 --> Total execution time: 0.0365
DEBUG - 2022-10-06 13:03:18 --> UTF-8 Support Enabled
DEBUG - 2022-10-06 13:03:18 --> Global POST, GET and COOKIE data sanitized
DEBUG - 2022-10-06 13:03:18 --> Config file loaded: /hwonpark/www/application/config/tree.php
DEBUG - 2022-10-06 13:03:18 --> Total execution time: 0.0422
DEBUG - 2022-10-06 13:03:29 --> UTF-8 Support Enabled
DEBUG - 2022-10-06 13:03:29 --> Global POST, GET and COOKIE data sanitized
DEBUG - 2022-10-06 13:03:29 --> Config file loaded: /hwonpark/www/application/config/tree.php
DEBUG - 2022-10-06 13:03:29 --> Total execution time: 0.0565
DEBUG - 2022-10-06 13:03:34 --> UTF-8 Support Enabled
DEBUG - 2022-10-06 13:03:34 --> Global POST, GET and COOKIE data sanitized
DEBUG - 2022-10-06 13:03:34 --> Config file loaded: /hwonpark/www/application/config/tree.php
DEBUG - 2022-10-06 13:03:34 --> Total execution time: 0.0638
DEBUG - 2022-10-06 13:03:39 --> UTF-8 Support Enabled
DEBUG - 2022-10-06 13:03:39 --> Global POST, GET and COOKIE data sanitized
DEBUG - 2022-10-06 13:03:39 --> Config file loaded: /hwonpark/www/application/config/tree.php
DEBUG - 2022-10-06 13:03:39 --> Total execution time: 0.0511
DEBUG - 2022-10-06 13:03:47 --> UTF-8 Support Enabled
DEBUG - 2022-10-06 13:03:47 --> Global POST, GET and COOKIE data sanitized
DEBUG - 2022-10-06 13:03:47 --> Config file loaded: /hwonpark/www/application/config/tree.php
DEBUG - 2022-10-06 13:03:47 --> Total execution time: 0.0443
DEBUG - 2022-10-06 13:03:50 --> UTF-8 Support Enabled
DEBUG - 2022-10-06 13:03:50 --> Global POST, GET and COOKIE data sanitized
DEBUG - 2022-10-06 13:03:50 --> Config file loaded: /hwonpark/www/application/config/tree.php
DEBUG - 2022-10-06 13:03:50 --> Total execution time: 0.0383
DEBUG - 2022-10-06 13:04:56 --> UTF-8 Support Enabled
DEBUG - 2022-10-06 13:04:56 --> Global POST, GET and COOKIE data sanitized
DEBUG - 2022-10-06 13:04:56 --> Config file loaded: /hwonpark/www/application/config/tree.php
DEBUG - 2022-10-06 13:04:56 --> Total execution time: 0.0432
DEBUG - 2022-10-06 13:05:02 --> UTF-8 Support Enabled
DEBUG - 2022-10-06 13:05:02 --> Global POST, GET and COOKIE data sanitized
DEBUG - 2022-10-06 13:05:02 --> Config file loaded: /hwonpark/www/application/config/tree.php
DEBUG - 2022-10-06 13:05:02 --> Total execution time: 0.0352
DEBUG - 2022-10-06 13:05:05 --> UTF-8 Support Enabled
DEBUG - 2022-10-06 13:05:05 --> Global POST, GET and COOKIE data sanitized
DEBUG - 2022-10-06 13:05:05 --> Config file loaded: /hwonpark/www/application/config/tree.php
DEBUG - 2022-10-06 13:05:05 --> Total execution time: 0.0358
DEBUG - 2022-10-06 13:08:12 --> UTF-8 Support Enabled
DEBUG - 2022-10-06 13:08:12 --> Global POST, GET and COOKIE data sanitized
DEBUG - 2022-10-06 13:08:12 --> Config file loaded: /hwonpark/www/application/config/tree.php
DEBUG - 2022-10-06 13:08:12 --> Total execution time: 0.0298
DEBUG - 2022-10-06 13:08:13 --> UTF-8 Support Enabled
DEBUG - 2022-10-06 13:08:13 --> Global POST, GET and COOKIE data sanitized
ERROR - 2022-10-06 13:08:13 --> 404 Page Not Found: Faviconico/index
DEBUG - 2022-10-06 13:08:17 --> UTF-8 Support Enabled
DEBUG - 2022-10-06 13:08:17 --> Global POST, GET and COOKIE data sanitized
DEBUG - 2022-10-06 13:08:17 --> Config file loaded: /hwonpark/www/application/config/tree.php
DEBUG - 2022-10-06 13:08:20 --> UTF-8 Support Enabled
DEBUG - 2022-10-06 13:08:20 --> Global POST, GET and COOKIE data sanitized
DEBUG - 2022-10-06 13:08:20 --> Config file loaded: /hwonpark/www/application/config/tree.php
DEBUG - 2022-10-06 13:08:20 --> Encryption: Auto-configured driver 'openssl'.
DEBUG - 2022-10-06 13:08:20 --> UTF-8 Support Enabled
DEBUG - 2022-10-06 13:08:20 --> Global POST, GET and COOKIE data sanitized
DEBUG - 2022-10-06 13:08:20 --> Config file loaded: /hwonpark/www/application/config/tree.php
DEBUG - 2022-10-06 13:08:20 --> Encryption: Auto-configured driver 'openssl'.
DEBUG - 2022-10-06 13:08:20 --> Encryption class already loaded. Second attempt ignored.
DEBUG - 2022-10-06 13:08:20 --> Total execution time: 0.0460
DEBUG - 2022-10-06 13:08:22 --> UTF-8 Support Enabled
DEBUG - 2022-10-06 13:08:22 --> Global POST, GET and COOKIE data sanitized
DEBUG - 2022-10-06 13:08:22 --> Config file loaded: /hwonpark/www/application/config/tree.php
DEBUG - 2022-10-06 13:08:22 --> Encryption: Auto-configured driver 'openssl'.
DEBUG - 2022-10-06 13:08:22 --> Encryption class already loaded. Second attempt ignored.
DEBUG - 2022-10-06 13:08:22 --> Total execution time: 0.0379
DEBUG - 2022-10-06 13:08:25 --> UTF-8 Support Enabled
DEBUG - 2022-10-06 13:08:25 --> Global POST, GET and COOKIE data sanitized
DEBUG - 2022-10-06 13:08:25 --> Total execution time: 0.0214
DEBUG - 2022-10-06 13:08:26 --> UTF-8 Support Enabled
DEBUG - 2022-10-06 13:08:26 --> Global POST, GET and COOKIE data sanitized
DEBUG - 2022-10-06 13:08:26 --> Config file loaded: /hwonpark/www/application/config/tree.php
DEBUG - 2022-10-06 13:08:26 --> Encryption: Auto-configured driver 'openssl'.
DEBUG - 2022-10-06 13:08:26 --> Encryption class already loaded. Second attempt ignored.
DEBUG - 2022-10-06 13:08:26 --> Total execution time: 0.0334
DEBUG - 2022-10-06 13:08:31 --> UTF-8 Support Enabled
DEBUG - 2022-10-06 13:08:31 --> Global POST, GET and COOKIE data sanitized
DEBUG - 2022-10-06 13:08:31 --> Config file loaded: /hwonpark/www/application/config/tree.php
DEBUG - 2022-10-06 13:08:31 --> Encryption: Auto-configured driver 'openssl'.
DEBUG - 2022-10-06 13:08:31 --> Total execution time: 0.0378
DEBUG - 2022-10-06 13:08:32 --> UTF-8 Support Enabled
DEBUG - 2022-10-06 13:08:32 --> Global POST, GET and COOKIE data sanitized
DEBUG - 2022-10-06 13:08:32 --> Config file loaded: /hwonpark/www/application/config/tree.php
DEBUG - 2022-10-06 13:08:32 --> Encryption: Auto-configured driver 'openssl'.
DEBUG - 2022-10-06 13:08:32 --> Total execution time: 0.0681
DEBUG - 2022-10-06 13:08:36 --> UTF-8 Support Enabled
DEBUG - 2022-10-06 13:08:36 --> Global POST, GET and COOKIE data sanitized
DEBUG - 2022-10-06 13:08:36 --> Config file loaded: /hwonpark/www/application/config/tree.php
DEBUG - 2022-10-06 13:08:36 --> Encryption: Auto-configured driver 'openssl'.
DEBUG - 2022-10-06 13:08:36 --> Total execution time: 0.0362
DEBUG - 2022-10-06 13:08:41 --> UTF-8 Support Enabled
DEBUG - 2022-10-06 13:08:41 --> Global POST, GET and COOKIE data sanitized
DEBUG - 2022-10-06 13:08:41 --> Config file loaded: /hwonpark/www/application/config/tree.php
DEBUG - 2022-10-06 13:08:41 --> Encryption: Auto-configured driver 'openssl'.
DEBUG - 2022-10-06 13:08:41 --> Total execution time: 0.0672
DEBUG - 2022-10-06 13:08:42 --> UTF-8 Support Enabled
DEBUG - 2022-10-06 13:08:42 --> Global POST, GET and COOKIE data sanitized
DEBUG - 2022-10-06 13:08:42 --> Config file loaded: /hwonpark/www/application/config/tree.php
DEBUG - 2022-10-06 13:08:42 --> Encryption: Auto-configured driver 'openssl'.
DEBUG - 2022-10-06 13:08:42 --> Total execution time: 0.0600
DEBUG - 2022-10-06 13:08:46 --> UTF-8 Support Enabled
DEBUG - 2022-10-06 13:08:46 --> Global POST, GET and COOKIE data sanitized
DEBUG - 2022-10-06 13:08:46 --> Config file loaded: /hwonpark/www/application/config/tree.php
DEBUG - 2022-10-06 13:08:46 --> Encryption: Auto-configured driver 'openssl'.
DEBUG - 2022-10-06 13:08:46 --> Total execution time: 0.0368
DEBUG - 2022-10-06 13:08:47 --> UTF-8 Support Enabled
DEBUG - 2022-10-06 13:08:47 --> Global POST, GET and COOKIE data sanitized
DEBUG - 2022-10-06 13:08:47 --> Config file loaded: /hwonpark/www/application/config/tree.php
DEBUG - 2022-10-06 13:08:47 --> Encryption: Auto-configured driver 'openssl'.
DEBUG - 2022-10-06 13:08:47 --> Total execution time: 0.0345
DEBUG - 2022-10-06 13:10:25 --> UTF-8 Support Enabled
DEBUG - 2022-10-06 13:10:25 --> Global POST, GET and COOKIE data sanitized
DEBUG - 2022-10-06 13:10:25 --> Config file loaded: /hwonpark/www/application/config/tree.php
DEBUG - 2022-10-06 13:10:25 --> Encryption: Auto-configured driver 'openssl'.
DEBUG - 2022-10-06 13:10:26 --> UTF-8 Support Enabled
DEBUG - 2022-10-06 13:10:26 --> Global POST, GET and COOKIE data sanitized
DEBUG - 2022-10-06 13:10:26 --> Config file loaded: /hwonpark/www/application/config/tree.php
DEBUG - 2022-10-06 13:10:26 --> Encryption: Auto-configured driver 'openssl'.
DEBUG - 2022-10-06 13:10:26 --> Total execution time: 0.0372
DEBUG - 2022-10-06 13:10:29 --> UTF-8 Support Enabled
DEBUG - 2022-10-06 13:10:29 --> Global POST, GET and COOKIE data sanitized
DEBUG - 2022-10-06 13:10:29 --> Config file loaded: /hwonpark/www/application/config/tree.php
DEBUG - 2022-10-06 13:10:29 --> Encryption: Auto-configured driver 'openssl'.
DEBUG - 2022-10-06 13:10:29 --> Total execution time: 0.0633
DEBUG - 2022-10-06 13:10:30 --> UTF-8 Support Enabled
DEBUG - 2022-10-06 13:10:30 --> Global POST, GET and COOKIE data sanitized
DEBUG - 2022-10-06 13:10:30 --> Config file loaded: /hwonpark/www/application/config/tree.php
DEBUG - 2022-10-06 13:10:30 --> Encryption: Auto-configured driver 'openssl'.
DEBUG - 2022-10-06 13:10:31 --> Total execution time: 0.0492
DEBUG - 2022-10-06 13:10:38 --> UTF-8 Support Enabled
DEBUG - 2022-10-06 13:10:38 --> Global POST, GET and COOKIE data sanitized
DEBUG - 2022-10-06 13:10:38 --> Config file loaded: /hwonpark/www/application/config/tree.php
DEBUG - 2022-10-06 13:10:38 --> Encryption: Auto-configured driver 'openssl'.
DEBUG - 2022-10-06 13:10:38 --> UTF-8 Support Enabled
DEBUG - 2022-10-06 13:10:38 --> Global POST, GET and COOKIE data sanitized
DEBUG - 2022-10-06 13:10:38 --> Config file loaded: /hwonpark/www/application/config/tree.php
DEBUG - 2022-10-06 13:10:38 --> Encryption: Auto-configured driver 'openssl'.
DEBUG - 2022-10-06 13:10:38 --> Total execution time: 0.0385
DEBUG - 2022-10-06 13:10:41 --> UTF-8 Support Enabled
DEBUG - 2022-10-06 13:10:41 --> Global POST, GET and COOKIE data sanitized
DEBUG - 2022-10-06 13:10:41 --> Config file loaded: /hwonpark/www/application/config/tree.php
DEBUG - 2022-10-06 13:10:41 --> Encryption: Auto-configured driver 'openssl'.
DEBUG - 2022-10-06 13:10:41 --> Total execution time: 0.0579
DEBUG - 2022-10-06 13:10:43 --> UTF-8 Support Enabled
DEBUG - 2022-10-06 13:10:43 --> Global POST, GET and COOKIE data sanitized
DEBUG - 2022-10-06 13:10:43 --> Config file loaded: /hwonpark/www/application/config/tree.php
DEBUG - 2022-10-06 13:10:43 --> Encryption: Auto-configured driver 'openssl'.
DEBUG - 2022-10-06 13:10:43 --> Total execution time: 0.0497
DEBUG - 2022-10-06 13:10:46 --> UTF-8 Support Enabled
DEBUG - 2022-10-06 13:10:46 --> Global POST, GET and COOKIE data sanitized
DEBUG - 2022-10-06 13:10:46 --> Config file loaded: /hwonpark/www/application/config/tree.php
DEBUG - 2022-10-06 13:10:46 --> Encryption: Auto-configured driver 'openssl'.
DEBUG - 2022-10-06 13:10:46 --> UTF-8 Support Enabled
DEBUG - 2022-10-06 13:10:46 --> Global POST, GET and COOKIE data sanitized
DEBUG - 2022-10-06 13:10:46 --> Config file loaded: /hwonpark/www/application/config/tree.php
DEBUG - 2022-10-06 13:10:46 --> Encryption: Auto-configured driver 'openssl'.
DEBUG - 2022-10-06 13:10:46 --> Total execution time: 0.0524
DEBUG - 2022-10-06 13:12:13 --> UTF-8 Support Enabled
DEBUG - 2022-10-06 13:12:13 --> Global POST, GET and COOKIE data sanitized
DEBUG - 2022-10-06 13:12:13 --> Config file loaded: /hwonpark/www/application/config/tree.php
DEBUG - 2022-10-06 13:12:13 --> Encryption: Auto-configured driver 'openssl'.
DEBUG - 2022-10-06 13:12:13 --> Total execution time: 0.0440
DEBUG - 2022-10-06 13:17:46 --> UTF-8 Support Enabled
DEBUG - 2022-10-06 13:17:46 --> No URI present. Default controller set.
DEBUG - 2022-10-06 13:17:46 --> Global POST, GET and COOKIE data sanitized
DEBUG - 2022-10-06 13:17:46 --> Config file loaded: /hwonpark/www/application/config/tree.php
DEBUG - 2022-10-06 13:17:46 --> Total execution time: 0.0316
DEBUG - 2022-10-06 13:17:49 --> UTF-8 Support Enabled
DEBUG - 2022-10-06 13:17:49 --> Global POST, GET and COOKIE data sanitized
DEBUG - 2022-10-06 13:17:49 --> Config file loaded: /hwonpark/www/application/config/tree.php
DEBUG - 2022-10-06 13:17:49 --> Total execution time: 0.0389
DEBUG - 2022-10-06 13:18:42 --> UTF-8 Support Enabled
DEBUG - 2022-10-06 13:18:42 --> No URI present. Default controller set.
DEBUG - 2022-10-06 13:18:42 --> Global POST, GET and COOKIE data sanitized
DEBUG - 2022-10-06 13:18:42 --> Config file loaded: /hwonpark/www/application/config/tree.php
DEBUG - 2022-10-06 13:18:42 --> Total execution time: 0.0333
DEBUG - 2022-10-06 13:18:43 --> UTF-8 Support Enabled
DEBUG - 2022-10-06 13:18:43 --> Global POST, GET and COOKIE data sanitized
ERROR - 2022-10-06 13:18:43 --> 404 Page Not Found: Faviconico/index
DEBUG - 2022-10-06 13:18:46 --> UTF-8 Support Enabled
DEBUG - 2022-10-06 13:18:46 --> Global POST, GET and COOKIE data sanitized
DEBUG - 2022-10-06 13:18:46 --> Config file loaded: /hwonpark/www/application/config/tree.php
DEBUG - 2022-10-06 13:18:46 --> Total execution time: 0.0474
DEBUG - 2022-10-06 13:18:49 --> UTF-8 Support Enabled
DEBUG - 2022-10-06 13:18:49 --> Global POST, GET and COOKIE data sanitized
DEBUG - 2022-10-06 13:18:49 --> Config file loaded: /hwonpark/www/application/config/tree.php
DEBUG - 2022-10-06 13:18:49 --> Total execution time: 0.0365
DEBUG - 2022-10-06 13:41:19 --> UTF-8 Support Enabled
DEBUG - 2022-10-06 13:41:19 --> Global POST, GET and COOKIE data sanitized
DEBUG - 2022-10-06 13:41:19 --> Config file loaded: /hwonpark/www/application/config/tree.php
DEBUG - 2022-10-06 13:41:19 --> Total execution time: 0.0347
DEBUG - 2022-10-06 13:41:25 --> UTF-8 Support Enabled
DEBUG - 2022-10-06 13:41:25 --> Global POST, GET and COOKIE data sanitized
DEBUG - 2022-10-06 13:41:25 --> Config file loaded: /hwonpark/www/application/config/tree.php
DEBUG - 2022-10-06 13:41:26 --> UTF-8 Support Enabled
DEBUG - 2022-10-06 13:41:26 --> Global POST, GET and COOKIE data sanitized
DEBUG - 2022-10-06 13:41:26 --> Config file loaded: /hwonpark/www/application/config/tree.php
DEBUG - 2022-10-06 13:41:26 --> Encryption: Auto-configured driver 'openssl'.
DEBUG - 2022-10-06 13:41:26 --> UTF-8 Support Enabled
DEBUG - 2022-10-06 13:41:26 --> Global POST, GET and COOKIE data sanitized
DEBUG - 2022-10-06 13:41:26 --> Config file loaded: /hwonpark/www/application/config/tree.php
DEBUG - 2022-10-06 13:41:26 --> Encryption: Auto-configured driver 'openssl'.
DEBUG - 2022-10-06 13:41:26 --> Encryption class already loaded. Second attempt ignored.
DEBUG - 2022-10-06 13:41:26 --> Total execution time: 0.0392
DEBUG - 2022-10-06 13:41:27 --> UTF-8 Support Enabled
DEBUG - 2022-10-06 13:41:27 --> Global POST, GET and COOKIE data sanitized
DEBUG - 2022-10-06 13:41:27 --> Config file loaded: /hwonpark/www/application/config/tree.php
DEBUG - 2022-10-06 13:41:27 --> Encryption: Auto-configured driver 'openssl'.
DEBUG - 2022-10-06 13:41:28 --> Total execution time: 0.0582
DEBUG - 2022-10-06 13:41:29 --> UTF-8 Support Enabled
DEBUG - 2022-10-06 13:41:29 --> Global POST, GET and COOKIE data sanitized
DEBUG - 2022-10-06 13:41:29 --> Config file loaded: /hwonpark/www/application/config/tree.php
DEBUG - 2022-10-06 13:41:29 --> Encryption: Auto-configured driver 'openssl'.
DEBUG - 2022-10-06 13:41:29 --> Total execution time: 0.0625
DEBUG - 2022-10-06 13:41:32 --> UTF-8 Support Enabled
DEBUG - 2022-10-06 13:41:32 --> Global POST, GET and COOKIE data sanitized
DEBUG - 2022-10-06 13:41:32 --> Config file loaded: /hwonpark/www/application/config/tree.php
DEBUG - 2022-10-06 13:41:32 --> Encryption: Auto-configured driver 'openssl'.
DEBUG - 2022-10-06 13:41:32 --> Total execution time: 0.0368
DEBUG - 2022-10-06 13:45:44 --> UTF-8 Support Enabled
DEBUG - 2022-10-06 13:45:44 --> Global POST, GET and COOKIE data sanitized
DEBUG - 2022-10-06 13:45:44 --> Config file loaded: /hwonpark/www/application/config/tree.php
DEBUG - 2022-10-06 13:45:44 --> Encryption: Auto-configured driver 'openssl'.
ERROR - 2022-10-06 13:45:44 --> Could not find the language line "imglib_invalid_image"
ERROR - 2022-10-06 13:45:44 --> imglib_invalid_image
DEBUG - 2022-10-06 13:45:44 --> DL_schema class already loaded. Second attempt ignored.
DEBUG - 2022-10-06 13:45:45 --> UTF-8 Support Enabled
DEBUG - 2022-10-06 13:45:45 --> Global POST, GET and COOKIE data sanitized
DEBUG - 2022-10-06 13:45:45 --> Config file loaded: /hwonpark/www/application/config/tree.php
DEBUG - 2022-10-06 13:45:45 --> Encryption: Auto-configured driver 'openssl'.
DEBUG - 2022-10-06 13:45:45 --> Total execution time: 0.0346
DEBUG - 2022-10-06 13:59:43 --> UTF-8 Support Enabled
DEBUG - 2022-10-06 13:59:43 --> Global POST, GET and COOKIE data sanitized
DEBUG - 2022-10-06 13:59:44 --> Config file loaded: /hwonpark/www/application/config/tree.php
DEBUG - 2022-10-06 13:59:44 --> Total execution time: 0.0319
DEBUG - 2022-10-06 13:59:51 --> UTF-8 Support Enabled
DEBUG - 2022-10-06 13:59:51 --> Global POST, GET and COOKIE data sanitized
DEBUG - 2022-10-06 13:59:51 --> Config file loaded: /hwonpark/www/application/config/tree.php
DEBUG - 2022-10-06 13:59:52 --> UTF-8 Support Enabled
DEBUG - 2022-10-06 13:59:52 --> Global POST, GET and COOKIE data sanitized
DEBUG - 2022-10-06 13:59:52 --> Config file loaded: /hwonpark/www/application/config/tree.php
DEBUG - 2022-10-06 13:59:52 --> Encryption: Auto-configured driver 'openssl'.
DEBUG - 2022-10-06 13:59:52 --> UTF-8 Support Enabled
DEBUG - 2022-10-06 13:59:52 --> Global POST, GET and COOKIE data sanitized
DEBUG - 2022-10-06 13:59:52 --> Config file loaded: /hwonpark/www/application/config/tree.php
DEBUG - 2022-10-06 13:59:52 --> Encryption: Auto-configured driver 'openssl'.
DEBUG - 2022-10-06 13:59:52 --> Encryption class already loaded. Second attempt ignored.
DEBUG - 2022-10-06 13:59:52 --> Total execution time: 0.0466
DEBUG - 2022-10-06 13:59:54 --> UTF-8 Support Enabled
DEBUG - 2022-10-06 13:59:54 --> Global POST, GET and COOKIE data sanitized
DEBUG - 2022-10-06 13:59:54 --> Config file loaded: /hwonpark/www/application/config/tree.php
DEBUG - 2022-10-06 13:59:54 --> Encryption: Auto-configured driver 'openssl'.
DEBUG - 2022-10-06 13:59:54 --> Total execution time: 0.0703
DEBUG - 2022-10-06 13:59:56 --> UTF-8 Support Enabled
DEBUG - 2022-10-06 13:59:56 --> Global POST, GET and COOKIE data sanitized
DEBUG - 2022-10-06 13:59:56 --> Config file loaded: /hwonpark/www/application/config/tree.php
DEBUG - 2022-10-06 13:59:56 --> Encryption: Auto-configured driver 'openssl'.
DEBUG - 2022-10-06 13:59:56 --> Total execution time: 0.0718
DEBUG - 2022-10-06 14:00:20 --> UTF-8 Support Enabled
DEBUG - 2022-10-06 14:00:20 --> Global POST, GET and COOKIE data sanitized
DEBUG - 2022-10-06 14:00:20 --> Config file loaded: /hwonpark/www/application/config/tree.php
DEBUG - 2022-10-06 14:00:20 --> Encryption: Auto-configured driver 'openssl'.
DEBUG - 2022-10-06 14:00:20 --> Total execution time: 0.0666
DEBUG - 2022-10-06 14:00:43 --> UTF-8 Support Enabled
DEBUG - 2022-10-06 14:00:43 --> Global POST, GET and COOKIE data sanitized
DEBUG - 2022-10-06 14:00:43 --> Config file loaded: /hwonpark/www/application/config/tree.php
DEBUG - 2022-10-06 14:00:43 --> Encryption: Auto-configured driver 'openssl'.
DEBUG - 2022-10-06 14:00:43 --> Total execution time: 0.0354
DEBUG - 2022-10-06 14:01:09 --> UTF-8 Support Enabled
DEBUG - 2022-10-06 14:01:09 --> Global POST, GET and COOKIE data sanitized
DEBUG - 2022-10-06 14:01:09 --> Config file loaded: /hwonpark/www/application/config/tree.php
DEBUG - 2022-10-06 14:01:09 --> Encryption: Auto-configured driver 'openssl'.
DEBUG - 2022-10-06 14:01:09 --> Total execution time: 0.0452
DEBUG - 2022-10-06 14:02:18 --> UTF-8 Support Enabled
DEBUG - 2022-10-06 14:02:18 --> Global POST, GET and COOKIE data sanitized
DEBUG - 2022-10-06 14:02:18 --> Config file loaded: /hwonpark/www/application/config/tree.php
DEBUG - 2022-10-06 14:02:18 --> Encryption: Auto-configured driver 'openssl'.
DEBUG - 2022-10-06 14:02:19 --> UTF-8 Support Enabled
DEBUG - 2022-10-06 14:02:19 --> Global POST, GET and COOKIE data sanitized
DEBUG - 2022-10-06 14:02:19 --> Config file loaded: /hwonpark/www/application/config/tree.php
DEBUG - 2022-10-06 14:02:19 --> Encryption: Auto-configured driver 'openssl'.
DEBUG - 2022-10-06 14:02:19 --> Total execution time: 0.0355
DEBUG - 2022-10-06 14:02:35 --> UTF-8 Support Enabled
DEBUG - 2022-10-06 14:02:35 --> Global POST, GET and COOKIE data sanitized
DEBUG - 2022-10-06 14:02:35 --> Config file loaded: /hwonpark/www/application/config/tree.php
DEBUG - 2022-10-06 14:02:35 --> Encryption: Auto-configured driver 'openssl'.
DEBUG - 2022-10-06 14:02:35 --> Total execution time: 0.0349
DEBUG - 2022-10-06 14:02:59 --> UTF-8 Support Enabled
DEBUG - 2022-10-06 14:02:59 --> No URI present. Default controller set.
DEBUG - 2022-10-06 14:02:59 --> Global POST, GET and COOKIE data sanitized
DEBUG - 2022-10-06 14:02:59 --> Config file loaded: /hwonpark/www/application/config/tree.php
DEBUG - 2022-10-06 14:02:59 --> Total execution time: 0.0303
DEBUG - 2022-10-06 14:03:00 --> UTF-8 Support Enabled
DEBUG - 2022-10-06 14:03:00 --> Global POST, GET and COOKIE data sanitized
ERROR - 2022-10-06 14:03:00 --> 404 Page Not Found: Faviconico/index
DEBUG - 2022-10-06 14:03:47 --> UTF-8 Support Enabled
DEBUG - 2022-10-06 14:03:47 --> Global POST, GET and COOKIE data sanitized
DEBUG - 2022-10-06 14:03:47 --> Config file loaded: /hwonpark/www/application/config/tree.php
DEBUG - 2022-10-06 14:03:47 --> Encryption: Auto-configured driver 'openssl'.
DEBUG - 2022-10-06 14:03:48 --> UTF-8 Support Enabled
DEBUG - 2022-10-06 14:03:48 --> Global POST, GET and COOKIE data sanitized
DEBUG - 2022-10-06 14:03:48 --> Config file loaded: /hwonpark/www/application/config/tree.php
DEBUG - 2022-10-06 14:03:48 --> Encryption: Auto-configured driver 'openssl'.
DEBUG - 2022-10-06 14:03:48 --> Total execution time: 0.0390
DEBUG - 2022-10-06 14:03:55 --> UTF-8 Support Enabled
DEBUG - 2022-10-06 14:03:55 --> Global POST, GET and COOKIE data sanitized
DEBUG - 2022-10-06 14:03:55 --> Config file loaded: /hwonpark/www/application/config/tree.php
DEBUG - 2022-10-06 14:03:55 --> Encryption: Auto-configured driver 'openssl'.
DEBUG - 2022-10-06 14:03:55 --> Total execution time: 0.0692
DEBUG - 2022-10-06 14:05:09 --> UTF-8 Support Enabled
DEBUG - 2022-10-06 14:05:09 --> Global POST, GET and COOKIE data sanitized
DEBUG - 2022-10-06 14:05:09 --> Config file loaded: /hwonpark/www/application/config/tree.php
DEBUG - 2022-10-06 14:05:09 --> Encryption: Auto-configured driver 'openssl'.
DEBUG - 2022-10-06 14:05:11 --> UTF-8 Support Enabled
DEBUG - 2022-10-06 14:05:11 --> Global POST, GET and COOKIE data sanitized
DEBUG - 2022-10-06 14:05:11 --> Config file loaded: /hwonpark/www/application/config/tree.php
DEBUG - 2022-10-06 14:05:11 --> Encryption: Auto-configured driver 'openssl'.
DEBUG - 2022-10-06 14:05:11 --> Total execution time: 0.0526
DEBUG - 2022-10-06 14:07:48 --> UTF-8 Support Enabled
DEBUG - 2022-10-06 14:07:48 --> Global POST, GET and COOKIE data sanitized
DEBUG - 2022-10-06 14:07:48 --> Config file loaded: /hwonpark/www/application/config/tree.php
DEBUG - 2022-10-06 14:07:48 --> Encryption: Auto-configured driver 'openssl'.
DEBUG - 2022-10-06 14:07:48 --> Total execution time: 0.0410
DEBUG - 2022-10-06 14:07:49 --> UTF-8 Support Enabled
DEBUG - 2022-10-06 14:07:49 --> Global POST, GET and COOKIE data sanitized
DEBUG - 2022-10-06 14:07:49 --> Config file loaded: /hwonpark/www/application/config/tree.php
DEBUG - 2022-10-06 14:07:49 --> Encryption: Auto-configured driver 'openssl'.
DEBUG - 2022-10-06 14:07:49 --> Total execution time: 0.0353
DEBUG - 2022-10-06 14:07:51 --> UTF-8 Support Enabled
DEBUG - 2022-10-06 14:07:51 --> Global POST, GET and COOKIE data sanitized
DEBUG - 2022-10-06 14:07:51 --> Config file loaded: /hwonpark/www/application/config/tree.php
DEBUG - 2022-10-06 14:07:51 --> Encryption: Auto-configured driver 'openssl'.
DEBUG - 2022-10-06 14:07:51 --> Encryption class already loaded. Second attempt ignored.
DEBUG - 2022-10-06 14:07:51 --> Total execution time: 0.0660
DEBUG - 2022-10-06 14:07:52 --> UTF-8 Support Enabled
DEBUG - 2022-10-06 14:07:52 --> Global POST, GET and COOKIE data sanitized
DEBUG - 2022-10-06 14:07:52 --> Config file loaded: /hwonpark/www/application/config/tree.php
DEBUG - 2022-10-06 14:07:52 --> Encryption: Auto-configured driver 'openssl'.
DEBUG - 2022-10-06 14:07:52 --> Total execution time: 0.0345
DEBUG - 2022-10-06 14:07:53 --> UTF-8 Support Enabled
DEBUG - 2022-10-06 14:07:53 --> Global POST, GET and COOKIE data sanitized
DEBUG - 2022-10-06 14:07:53 --> Config file loaded: /hwonpark/www/application/config/tree.php
DEBUG - 2022-10-06 14:07:53 --> Encryption: Auto-configured driver 'openssl'.
DEBUG - 2022-10-06 14:07:53 --> Total execution time: 0.0398
DEBUG - 2022-10-06 14:07:54 --> UTF-8 Support Enabled
DEBUG - 2022-10-06 14:07:54 --> Global POST, GET and COOKIE data sanitized
DEBUG - 2022-10-06 14:07:54 --> Config file loaded: /hwonpark/www/application/config/tree.php
DEBUG - 2022-10-06 14:07:54 --> Encryption: Auto-configured driver 'openssl'.
DEBUG - 2022-10-06 14:07:54 --> Total execution time: 0.0377
DEBUG - 2022-10-06 14:08:52 --> UTF-8 Support Enabled
DEBUG - 2022-10-06 14:08:52 --> Global POST, GET and COOKIE data sanitized
DEBUG - 2022-10-06 14:08:52 --> Config file loaded: /hwonpark/www/application/config/tree.php
DEBUG - 2022-10-06 14:08:52 --> Encryption: Auto-configured driver 'openssl'.
DEBUG - 2022-10-06 14:08:53 --> Total execution time: 0.0674
DEBUG - 2022-10-06 14:12:53 --> UTF-8 Support Enabled
DEBUG - 2022-10-06 14:12:53 --> Global POST, GET and COOKIE data sanitized
DEBUG - 2022-10-06 14:12:53 --> Config file loaded: /hwonpark/www/application/config/tree.php
DEBUG - 2022-10-06 14:12:54 --> UTF-8 Support Enabled
DEBUG - 2022-10-06 14:12:54 --> No URI present. Default controller set.
DEBUG - 2022-10-06 14:12:54 --> Global POST, GET and COOKIE data sanitized
DEBUG - 2022-10-06 14:12:54 --> Config file loaded: /hwonpark/www/application/config/tree.php
DEBUG - 2022-10-06 14:12:54 --> Total execution time: 0.0666
DEBUG - 2022-10-06 14:13:01 --> UTF-8 Support Enabled
DEBUG - 2022-10-06 14:13:01 --> Global POST, GET and COOKIE data sanitized
DEBUG - 2022-10-06 14:13:01 --> Config file loaded: /hwonpark/www/application/config/tree.php
DEBUG - 2022-10-06 14:13:01 --> Total execution time: 0.0377
DEBUG - 2022-10-06 14:13:07 --> UTF-8 Support Enabled
DEBUG - 2022-10-06 14:13:07 --> Global POST, GET and COOKIE data sanitized
DEBUG - 2022-10-06 14:13:07 --> Config file loaded: /hwonpark/www/application/config/tree.php
DEBUG - 2022-10-06 14:13:07 --> Total execution time: 0.0261
DEBUG - 2022-10-06 14:13:12 --> UTF-8 Support Enabled
DEBUG - 2022-10-06 14:13:12 --> Global POST, GET and COOKIE data sanitized
DEBUG - 2022-10-06 14:13:12 --> Config file loaded: /hwonpark/www/application/config/tree.php
DEBUG - 2022-10-06 14:13:46 --> UTF-8 Support Enabled
DEBUG - 2022-10-06 14:13:46 --> Global POST, GET and COOKIE data sanitized
DEBUG - 2022-10-06 14:13:47 --> Config file loaded: /hwonpark/www/application/config/tree.php
DEBUG - 2022-10-06 14:13:47 --> Encryption: Auto-configured driver 'openssl'.
DEBUG - 2022-10-06 14:13:47 --> UTF-8 Support Enabled
DEBUG - 2022-10-06 14:13:47 --> Global POST, GET and COOKIE data sanitized
DEBUG - 2022-10-06 14:13:47 --> Config file loaded: /hwonpark/www/application/config/tree.php
DEBUG - 2022-10-06 14:13:47 --> Encryption: Auto-configured driver 'openssl'.
DEBUG - 2022-10-06 14:13:47 --> Encryption class already loaded. Second attempt ignored.
DEBUG - 2022-10-06 14:13:47 --> Total execution time: 0.0362
DEBUG - 2022-10-06 14:13:49 --> UTF-8 Support Enabled
DEBUG - 2022-10-06 14:13:49 --> Global POST, GET and COOKIE data sanitized
DEBUG - 2022-10-06 14:13:49 --> Config file loaded: /hwonpark/www/application/config/tree.php
DEBUG - 2022-10-06 14:13:49 --> Encryption: Auto-configured driver 'openssl'.
DEBUG - 2022-10-06 14:13:49 --> Total execution time: 0.0334
DEBUG - 2022-10-06 14:13:53 --> UTF-8 Support Enabled
DEBUG - 2022-10-06 14:13:53 --> Global POST, GET and COOKIE data sanitized
DEBUG - 2022-10-06 14:13:53 --> Config file loaded: /hwonpark/www/application/config/tree.php
DEBUG - 2022-10-06 14:13:53 --> Encryption: Auto-configured driver 'openssl'.
DEBUG - 2022-10-06 14:13:53 --> Total execution time: 0.0357
DEBUG - 2022-10-06 14:13:55 --> UTF-8 Support Enabled
DEBUG - 2022-10-06 14:13:55 --> Global POST, GET and COOKIE data sanitized
DEBUG - 2022-10-06 14:13:55 --> Config file loaded: /hwonpark/www/application/config/tree.php
DEBUG - 2022-10-06 14:13:55 --> Encryption: Auto-configured driver 'openssl'.
DEBUG - 2022-10-06 14:13:55 --> Total execution time: 0.0387
DEBUG - 2022-10-06 14:14:17 --> UTF-8 Support Enabled
DEBUG - 2022-10-06 14:14:17 --> Global POST, GET and COOKIE data sanitized
DEBUG - 2022-10-06 14:14:17 --> Config file loaded: /hwonpark/www/application/config/tree.php
DEBUG - 2022-10-06 14:14:17 --> Encryption: Auto-configured driver 'openssl'.
DEBUG - 2022-10-06 14:14:17 --> Total execution time: 0.0414
DEBUG - 2022-10-06 14:14:18 --> UTF-8 Support Enabled
DEBUG - 2022-10-06 14:14:18 --> Global POST, GET and COOKIE data sanitized
DEBUG - 2022-10-06 14:14:18 --> Config file loaded: /hwonpark/www/application/config/tree.php
DEBUG - 2022-10-06 14:14:18 --> Encryption: Auto-configured driver 'openssl'.
DEBUG - 2022-10-06 14:14:18 --> Total execution time: 0.0479
DEBUG - 2022-10-06 14:14:22 --> UTF-8 Support Enabled
DEBUG - 2022-10-06 14:14:22 --> Global POST, GET and COOKIE data sanitized
DEBUG - 2022-10-06 14:14:22 --> Config file loaded: /hwonpark/www/application/config/tree.php
DEBUG - 2022-10-06 14:14:22 --> Encryption: Auto-configured driver 'openssl'.
DEBUG - 2022-10-06 14:14:22 --> Total execution time: 0.0348
DEBUG - 2022-10-06 14:14:24 --> UTF-8 Support Enabled
DEBUG - 2022-10-06 14:14:24 --> Global POST, GET and COOKIE data sanitized
DEBUG - 2022-10-06 14:14:24 --> Config file loaded: /hwonpark/www/application/config/tree.php
DEBUG - 2022-10-06 14:14:24 --> Encryption: Auto-configured driver 'openssl'.
DEBUG - 2022-10-06 14:14:24 --> Total execution time: 0.0546
DEBUG - 2022-10-06 14:17:45 --> UTF-8 Support Enabled
DEBUG - 2022-10-06 14:17:45 --> Global POST, GET and COOKIE data sanitized
DEBUG - 2022-10-06 14:17:45 --> Config file loaded: /hwonpark/www/application/config/tree.php
DEBUG - 2022-10-06 14:17:45 --> Encryption: Auto-configured driver 'openssl'.
DEBUG - 2022-10-06 14:17:47 --> UTF-8 Support Enabled
DEBUG - 2022-10-06 14:17:47 --> Global POST, GET and COOKIE data sanitized
DEBUG - 2022-10-06 14:17:47 --> Config file loaded: /hwonpark/www/application/config/tree.php
DEBUG - 2022-10-06 14:17:47 --> Encryption: Auto-configured driver 'openssl'.
DEBUG - 2022-10-06 14:17:47 --> Total execution time: 0.0681
DEBUG - 2022-10-06 14:17:50 --> UTF-8 Support Enabled
DEBUG - 2022-10-06 14:17:50 --> Global POST, GET and COOKIE data sanitized
DEBUG - 2022-10-06 14:17:50 --> Config file loaded: /hwonpark/www/application/config/tree.php
DEBUG - 2022-10-06 14:17:50 --> Encryption: Auto-configured driver 'openssl'.
DEBUG - 2022-10-06 14:17:51 --> Total execution time: 0.0461
DEBUG - 2022-10-06 14:17:54 --> UTF-8 Support Enabled
DEBUG - 2022-10-06 14:17:54 --> Global POST, GET and COOKIE data sanitized
DEBUG - 2022-10-06 14:17:54 --> Config file loaded: /hwonpark/www/application/config/tree.php
DEBUG - 2022-10-06 14:17:54 --> Encryption: Auto-configured driver 'openssl'.
DEBUG - 2022-10-06 14:17:54 --> Total execution time: 0.0430
DEBUG - 2022-10-06 14:17:55 --> UTF-8 Support Enabled
DEBUG - 2022-10-06 14:17:56 --> Global POST, GET and COOKIE data sanitized
DEBUG - 2022-10-06 14:17:56 --> Config file loaded: /hwonpark/www/application/config/tree.php
DEBUG - 2022-10-06 14:17:56 --> Encryption: Auto-configured driver 'openssl'.
DEBUG - 2022-10-06 14:17:56 --> Total execution time: 0.0447
DEBUG - 2022-10-06 14:17:57 --> UTF-8 Support Enabled
DEBUG - 2022-10-06 14:17:57 --> Global POST, GET and COOKIE data sanitized
DEBUG - 2022-10-06 14:17:57 --> Config file loaded: /hwonpark/www/application/config/tree.php
DEBUG - 2022-10-06 14:17:57 --> Encryption: Auto-configured driver 'openssl'.
DEBUG - 2022-10-06 14:17:57 --> Total execution time: 0.0430
DEBUG - 2022-10-06 14:18:00 --> UTF-8 Support Enabled
DEBUG - 2022-10-06 14:18:00 --> Global POST, GET and COOKIE data sanitized
DEBUG - 2022-10-06 14:18:00 --> Config file loaded: /hwonpark/www/application/config/tree.php
DEBUG - 2022-10-06 14:18:00 --> Encryption: Auto-configured driver 'openssl'.
DEBUG - 2022-10-06 14:18:00 --> UTF-8 Support Enabled
DEBUG - 2022-10-06 14:18:00 --> Global POST, GET and COOKIE data sanitized
DEBUG - 2022-10-06 14:18:00 --> Config file loaded: /hwonpark/www/application/config/tree.php
DEBUG - 2022-10-06 14:18:01 --> Encryption: Auto-configured driver 'openssl'.
DEBUG - 2022-10-06 14:18:01 --> Total execution time: 0.0380
DEBUG - 2022-10-06 14:18:03 --> UTF-8 Support Enabled
DEBUG - 2022-10-06 14:18:03 --> Global POST, GET and COOKIE data sanitized
DEBUG - 2022-10-06 14:18:03 --> Config file loaded: /hwonpark/www/application/config/tree.php
DEBUG - 2022-10-06 14:18:04 --> Encryption: Auto-configured driver 'openssl'.
DEBUG - 2022-10-06 14:18:04 --> UTF-8 Support Enabled
DEBUG - 2022-10-06 14:18:04 --> Global POST, GET and COOKIE data sanitized
DEBUG - 2022-10-06 14:18:04 --> Config file loaded: /hwonpark/www/application/config/tree.php
DEBUG - 2022-10-06 14:18:04 --> Encryption: Auto-configured driver 'openssl'.
DEBUG - 2022-10-06 14:18:04 --> Encryption class already loaded. Second attempt ignored.
DEBUG - 2022-10-06 14:18:04 --> Total execution time: 0.0634
DEBUG - 2022-10-06 14:26:34 --> UTF-8 Support Enabled
DEBUG - 2022-10-06 14:26:34 --> Global POST, GET and COOKIE data sanitized
DEBUG - 2022-10-06 14:26:34 --> Config file loaded: /hwonpark/www/application/config/tree.php
DEBUG - 2022-10-06 14:26:34 --> Encryption: Auto-configured driver 'openssl'.
DEBUG - 2022-10-06 14:26:34 --> Total execution time: 0.0515
DEBUG - 2022-10-06 14:35:45 --> UTF-8 Support Enabled
DEBUG - 2022-10-06 14:35:45 --> Global POST, GET and COOKIE data sanitized
DEBUG - 2022-10-06 14:35:45 --> Config file loaded: /hwonpark/www/application/config/tree.php
DEBUG - 2022-10-06 14:35:47 --> UTF-8 Support Enabled
DEBUG - 2022-10-06 14:35:47 --> No URI present. Default controller set.
DEBUG - 2022-10-06 14:35:47 --> Global POST, GET and COOKIE data sanitized
DEBUG - 2022-10-06 14:35:47 --> Config file loaded: /hwonpark/www/application/config/tree.php
DEBUG - 2022-10-06 14:35:47 --> Total execution time: 0.0344
DEBUG - 2022-10-06 14:35:49 --> UTF-8 Support Enabled
DEBUG - 2022-10-06 14:35:49 --> Global POST, GET and COOKIE data sanitized
DEBUG - 2022-10-06 14:35:49 --> Config file loaded: /hwonpark/www/application/config/tree.php
DEBUG - 2022-10-06 14:35:49 --> Total execution time: 0.0368
DEBUG - 2022-10-06 14:35:53 --> UTF-8 Support Enabled
DEBUG - 2022-10-06 14:35:53 --> Global POST, GET and COOKIE data sanitized
DEBUG - 2022-10-06 14:35:53 --> Config file loaded: /hwonpark/www/application/config/tree.php
DEBUG - 2022-10-06 14:35:53 --> Total execution time: 0.0581
DEBUG - 2022-10-06 14:35:57 --> UTF-8 Support Enabled
DEBUG - 2022-10-06 14:35:57 --> Global POST, GET and COOKIE data sanitized
DEBUG - 2022-10-06 14:35:57 --> Config file loaded: /hwonpark/www/application/config/tree.php
DEBUG - 2022-10-06 14:35:57 --> Total execution time: 0.0266
DEBUG - 2022-10-06 14:36:50 --> UTF-8 Support Enabled
DEBUG - 2022-10-06 14:36:50 --> Global POST, GET and COOKIE data sanitized
DEBUG - 2022-10-06 14:36:50 --> Config file loaded: /hwonpark/www/application/config/tree.php
DEBUG - 2022-10-06 14:36:51 --> UTF-8 Support Enabled
DEBUG - 2022-10-06 14:36:51 --> Global POST, GET and COOKIE data sanitized
DEBUG - 2022-10-06 14:36:51 --> Config file loaded: /hwonpark/www/application/config/tree.php
DEBUG - 2022-10-06 14:36:51 --> Encryption: Auto-configured driver 'openssl'.
DEBUG - 2022-10-06 14:36:51 --> UTF-8 Support Enabled
DEBUG - 2022-10-06 14:36:51 --> Global POST, GET and COOKIE data sanitized
DEBUG - 2022-10-06 14:36:51 --> Config file loaded: /hwonpark/www/application/config/tree.php
DEBUG - 2022-10-06 14:36:51 --> Encryption: Auto-configured driver 'openssl'.
DEBUG - 2022-10-06 14:36:51 --> Encryption class already loaded. Second attempt ignored.
DEBUG - 2022-10-06 14:36:51 --> Total execution time: 0.0373
DEBUG - 2022-10-06 14:39:53 --> UTF-8 Support Enabled
DEBUG - 2022-10-06 14:39:53 --> Global POST, GET and COOKIE data sanitized
DEBUG - 2022-10-06 14:39:54 --> Config file loaded: /hwonpark/www/application/config/tree.php
DEBUG - 2022-10-06 14:39:54 --> Encryption: Auto-configured driver 'openssl'.
DEBUG - 2022-10-06 14:39:55 --> UTF-8 Support Enabled
DEBUG - 2022-10-06 14:39:55 --> No URI present. Default controller set.
DEBUG - 2022-10-06 14:39:55 --> Global POST, GET and COOKIE data sanitized
DEBUG - 2022-10-06 14:39:55 --> Config file loaded: /hwonpark/www/application/config/tree.php
DEBUG - 2022-10-06 14:39:55 --> Encryption: Auto-configured driver 'openssl'.
DEBUG - 2022-10-06 14:39:55 --> Total execution time: 0.0314
DEBUG - 2022-10-06 14:39:58 --> UTF-8 Support Enabled
DEBUG - 2022-10-06 14:39:58 --> Global POST, GET and COOKIE data sanitized
DEBUG - 2022-10-06 14:39:58 --> Config file loaded: /hwonpark/www/application/config/tree.php
DEBUG - 2022-10-06 14:39:58 --> Encryption: Auto-configured driver 'openssl'.
DEBUG - 2022-10-06 14:39:58 --> UTF-8 Support Enabled
DEBUG - 2022-10-06 14:39:58 --> Global POST, GET and COOKIE data sanitized
DEBUG - 2022-10-06 14:39:58 --> Config file loaded: /hwonpark/www/application/config/tree.php
DEBUG - 2022-10-06 14:39:58 --> Encryption: Auto-configured driver 'openssl'.
DEBUG - 2022-10-06 14:39:58 --> Encryption class already loaded. Second attempt ignored.
DEBUG - 2022-10-06 14:39:58 --> Total execution time: 0.0370
DEBUG - 2022-10-06 14:40:00 --> UTF-8 Support Enabled
DEBUG - 2022-10-06 14:40:00 --> Global POST, GET and COOKIE data sanitized
DEBUG - 2022-10-06 14:40:00 --> Config file loaded: /hwonpark/www/application/config/tree.php
DEBUG - 2022-10-06 14:40:00 --> Encryption: Auto-configured driver 'openssl'.
DEBUG - 2022-10-06 14:40:00 --> Total execution time: 0.0509
DEBUG - 2022-10-06 15:03:08 --> UTF-8 Support Enabled
DEBUG - 2022-10-06 15:03:08 --> No URI present. Default controller set.
DEBUG - 2022-10-06 15:03:08 --> Global POST, GET and COOKIE data sanitized
DEBUG - 2022-10-06 15:03:08 --> Config file loaded: /hwonpark/www/application/config/tree.php
DEBUG - 2022-10-06 15:03:08 --> Total execution time: 0.0307
DEBUG - 2022-10-06 15:14:21 --> UTF-8 Support Enabled
DEBUG - 2022-10-06 15:14:21 --> Global POST, GET and COOKIE data sanitized
DEBUG - 2022-10-06 15:14:21 --> Config file loaded: /hwonpark/www/application/config/tree.php
DEBUG - 2022-10-06 15:14:21 --> Total execution time: 0.0357
DEBUG - 2022-10-06 17:04:06 --> UTF-8 Support Enabled
DEBUG - 2022-10-06 17:04:06 --> Global POST, GET and COOKIE data sanitized
DEBUG - 2022-10-06 17:04:06 --> Config file loaded: /hwonpark/www/application/config/tree.php
DEBUG - 2022-10-06 17:04:07 --> Total execution time: 0.1018
DEBUG - 2022-10-06 17:23:42 --> UTF-8 Support Enabled
DEBUG - 2022-10-06 17:23:42 --> No URI present. Default controller set.
DEBUG - 2022-10-06 17:23:42 --> Global POST, GET and COOKIE data sanitized
DEBUG - 2022-10-06 17:23:42 --> Config file loaded: /hwonpark/www/application/config/tree.php
DEBUG - 2022-10-06 17:23:42 --> Total execution time: 0.0507
DEBUG - 2022-10-06 17:24:00 --> UTF-8 Support Enabled
DEBUG - 2022-10-06 17:24:00 --> Global POST, GET and COOKIE data sanitized
ERROR - 2022-10-06 17:24:00 --> 404 Page Not Found: Faviconico/index
DEBUG - 2022-10-06 17:24:47 --> UTF-8 Support Enabled
DEBUG - 2022-10-06 17:24:47 --> Global POST, GET and COOKIE data sanitized
DEBUG - 2022-10-06 17:24:47 --> Config file loaded: /hwonpark/www/application/config/tree.php
DEBUG - 2022-10-06 17:24:48 --> Total execution time: 0.0525
DEBUG - 2022-10-06 21:18:09 --> UTF-8 Support Enabled
DEBUG - 2022-10-06 21:18:09 --> No URI present. Default controller set.
DEBUG - 2022-10-06 21:18:09 --> Global POST, GET and COOKIE data sanitized
DEBUG - 2022-10-06 21:18:09 --> Config file loaded: /hwonpark/www/application/config/tree.php
DEBUG - 2022-10-06 21:18:09 --> Total execution time: 0.1991
DEBUG - 2022-10-06 21:18:13 --> UTF-8 Support Enabled
DEBUG - 2022-10-06 21:18:13 --> No URI present. Default controller set.
DEBUG - 2022-10-06 21:18:13 --> Global POST, GET and COOKIE data sanitized
DEBUG - 2022-10-06 21:18:13 --> Config file loaded: /hwonpark/www/application/config/tree.php
DEBUG - 2022-10-06 21:18:13 --> Total execution time: 0.0299
DEBUG - 2022-10-06 21:18:22 --> UTF-8 Support Enabled
DEBUG - 2022-10-06 21:18:22 --> No URI present. Default controller set.
DEBUG - 2022-10-06 21:18:22 --> Global POST, GET and COOKIE data sanitized
DEBUG - 2022-10-06 21:18:22 --> Config file loaded: /hwonpark/www/application/config/tree.php
DEBUG - 2022-10-06 21:18:22 --> Total execution time: 0.0280
DEBUG - 2022-10-06 21:18:30 --> UTF-8 Support Enabled
DEBUG - 2022-10-06 21:18:30 --> Global POST, GET and COOKIE data sanitized
DEBUG - 2022-10-06 21:18:30 --> Config file loaded: /hwonpark/www/application/config/tree.php
DEBUG - 2022-10-06 21:18:30 --> Total execution time: 0.0865
