DEBUG - 2022-07-02 08:58:53 --> UTF-8 Support Enabled
DEBUG - 2022-07-02 08:58:53 --> No URI present. Default controller set.
DEBUG - 2022-07-02 08:58:53 --> Global POST, GET and COOKIE data sanitized
DEBUG - 2022-07-02 08:58:53 --> Config file loaded: /hwonpark/www/application/config/tree.php
DEBUG - 2022-07-02 08:58:53 --> Total execution time: 0.2328
DEBUG - 2022-07-02 08:58:53 --> UTF-8 Support Enabled
DEBUG - 2022-07-02 08:58:53 --> Global POST, GET and COOKIE data sanitized
ERROR - 2022-07-02 08:58:53 --> 404 Page Not Found: Faviconico/index
DEBUG - 2022-07-02 09:42:28 --> UTF-8 Support Enabled
DEBUG - 2022-07-02 09:42:28 --> No URI present. Default controller set.
DEBUG - 2022-07-02 09:42:28 --> Global POST, GET and COOKIE data sanitized
DEBUG - 2022-07-02 09:42:28 --> Config file loaded: /hwonpark/www/application/config/tree.php
DEBUG - 2022-07-02 09:42:28 --> Total execution time: 0.0320
DEBUG - 2022-07-02 09:42:29 --> UTF-8 Support Enabled
DEBUG - 2022-07-02 09:42:29 --> Global POST, GET and COOKIE data sanitized
ERROR - 2022-07-02 09:42:29 --> 404 Page Not Found: Faviconico/index
DEBUG - 2022-07-02 19:39:18 --> UTF-8 Support Enabled
DEBUG - 2022-07-02 19:39:19 --> Global POST, GET and COOKIE data sanitized
DEBUG - 2022-07-02 19:39:19 --> Config file loaded: /hwonpark/www/application/config/tree.php
DEBUG - 2022-07-02 19:39:19 --> Total execution time: 0.2364
DEBUG - 2022-07-02 19:39:20 --> UTF-8 Support Enabled
DEBUG - 2022-07-02 19:39:20 --> Global POST, GET and COOKIE data sanitized
ERROR - 2022-07-02 19:39:20 --> 404 Page Not Found: Faviconico/index
DEBUG - 2022-07-02 21:52:21 --> UTF-8 Support Enabled
DEBUG - 2022-07-02 21:52:21 --> Global POST, GET and COOKIE data sanitized
DEBUG - 2022-07-02 21:52:22 --> Config file loaded: /hwonpark/www/application/config/tree.php
DEBUG - 2022-07-02 21:52:22 --> --------------------DC_common::chk_perm - 1.인가코드요청 시작 -> if 인앱브라우저
