DEBUG - 2022-08-10 00:13:32 --> UTF-8 Support Enabled
DEBUG - 2022-08-10 00:13:32 --> No URI present. Default controller set.
DEBUG - 2022-08-10 00:13:32 --> Global POST, GET and COOKIE data sanitized
DEBUG - 2022-08-10 00:13:32 --> Config file loaded: /hwonpark/www/application/config/tree.php
DEBUG - 2022-08-10 00:13:32 --> Total execution time: 0.1236
DEBUG - 2022-08-10 07:31:48 --> UTF-8 Support Enabled
DEBUG - 2022-08-10 07:31:48 --> No URI present. Default controller set.
DEBUG - 2022-08-10 07:31:48 --> Global POST, GET and COOKIE data sanitized
DEBUG - 2022-08-10 07:31:48 --> Config file loaded: /hwonpark/www/application/config/tree.php
DEBUG - 2022-08-10 07:31:48 --> Total execution time: 0.2440
DEBUG - 2022-08-10 08:30:59 --> UTF-8 Support Enabled
DEBUG - 2022-08-10 08:30:59 --> No URI present. Default controller set.
DEBUG - 2022-08-10 08:30:59 --> Global POST, GET and COOKIE data sanitized
DEBUG - 2022-08-10 08:30:59 --> Config file loaded: /hwonpark/www/application/config/tree.php
DEBUG - 2022-08-10 08:30:59 --> Total execution time: 0.0319
DEBUG - 2022-08-10 08:31:02 --> UTF-8 Support Enabled
DEBUG - 2022-08-10 08:31:02 --> Global POST, GET and COOKIE data sanitized
ERROR - 2022-08-10 08:31:02 --> 404 Page Not Found: Faviconico/index
DEBUG - 2022-08-10 09:03:09 --> UTF-8 Support Enabled
DEBUG - 2022-08-10 09:03:09 --> Global POST, GET and COOKIE data sanitized
DEBUG - 2022-08-10 09:03:09 --> Config file loaded: /hwonpark/www/application/config/tree.php
DEBUG - 2022-08-10 09:03:09 --> Total execution time: 0.0317
DEBUG - 2022-08-10 09:03:11 --> UTF-8 Support Enabled
DEBUG - 2022-08-10 09:03:11 --> Global POST, GET and COOKIE data sanitized
ERROR - 2022-08-10 09:03:11 --> 404 Page Not Found: Faviconico/index
DEBUG - 2022-08-10 09:06:43 --> UTF-8 Support Enabled
DEBUG - 2022-08-10 09:06:43 --> Global POST, GET and COOKIE data sanitized
DEBUG - 2022-08-10 09:06:43 --> Config file loaded: /hwonpark/www/application/config/tree.php
DEBUG - 2022-08-10 09:06:44 --> UTF-8 Support Enabled
DEBUG - 2022-08-10 09:06:44 --> Global POST, GET and COOKIE data sanitized
DEBUG - 2022-08-10 09:06:44 --> Config file loaded: /hwonpark/www/application/config/tree.php
DEBUG - 2022-08-10 09:06:44 --> Encryption: Auto-configured driver 'openssl'.
DEBUG - 2022-08-10 09:06:44 --> UTF-8 Support Enabled
DEBUG - 2022-08-10 09:06:44 --> Global POST, GET and COOKIE data sanitized
DEBUG - 2022-08-10 09:06:44 --> Config file loaded: /hwonpark/www/application/config/tree.php
DEBUG - 2022-08-10 09:06:44 --> Encryption: Auto-configured driver 'openssl'.
DEBUG - 2022-08-10 09:06:44 --> Encryption class already loaded. Second attempt ignored.
DEBUG - 2022-08-10 09:06:44 --> Total execution time: 0.0767
DEBUG - 2022-08-10 09:06:48 --> UTF-8 Support Enabled
DEBUG - 2022-08-10 09:06:48 --> Global POST, GET and COOKIE data sanitized
DEBUG - 2022-08-10 09:06:49 --> Config file loaded: /hwonpark/www/application/config/tree.php
DEBUG - 2022-08-10 09:06:49 --> Encryption: Auto-configured driver 'openssl'.
DEBUG - 2022-08-10 09:06:49 --> Total execution time: 0.0543
DEBUG - 2022-08-10 09:06:51 --> UTF-8 Support Enabled
DEBUG - 2022-08-10 09:06:51 --> Global POST, GET and COOKIE data sanitized
DEBUG - 2022-08-10 09:06:51 --> Config file loaded: /hwonpark/www/application/config/tree.php
DEBUG - 2022-08-10 09:06:51 --> Encryption: Auto-configured driver 'openssl'.
DEBUG - 2022-08-10 09:06:51 --> Total execution time: 0.0385
DEBUG - 2022-08-10 09:06:52 --> UTF-8 Support Enabled
DEBUG - 2022-08-10 09:06:52 --> Global POST, GET and COOKIE data sanitized
DEBUG - 2022-08-10 09:06:52 --> Config file loaded: /hwonpark/www/application/config/tree.php
DEBUG - 2022-08-10 09:06:52 --> Encryption: Auto-configured driver 'openssl'.
DEBUG - 2022-08-10 09:06:52 --> Total execution time: 0.0671
DEBUG - 2022-08-10 09:07:01 --> UTF-8 Support Enabled
DEBUG - 2022-08-10 09:07:01 --> Global POST, GET and COOKIE data sanitized
DEBUG - 2022-08-10 09:07:01 --> Config file loaded: /hwonpark/www/application/config/tree.php
DEBUG - 2022-08-10 09:07:01 --> Encryption: Auto-configured driver 'openssl'.
DEBUG - 2022-08-10 09:07:01 --> Total execution time: 0.2403
DEBUG - 2022-08-10 09:07:02 --> UTF-8 Support Enabled
DEBUG - 2022-08-10 09:07:02 --> Global POST, GET and COOKIE data sanitized
DEBUG - 2022-08-10 09:07:02 --> Config file loaded: /hwonpark/www/application/config/tree.php
DEBUG - 2022-08-10 09:07:02 --> Encryption: Auto-configured driver 'openssl'.
DEBUG - 2022-08-10 09:07:02 --> Total execution time: 0.0380
DEBUG - 2022-08-10 09:07:03 --> UTF-8 Support Enabled
DEBUG - 2022-08-10 09:07:03 --> Global POST, GET and COOKIE data sanitized
DEBUG - 2022-08-10 09:07:03 --> Config file loaded: /hwonpark/www/application/config/tree.php
DEBUG - 2022-08-10 09:07:03 --> Encryption: Auto-configured driver 'openssl'.
DEBUG - 2022-08-10 09:07:03 --> Total execution time: 0.0372
DEBUG - 2022-08-10 09:07:06 --> UTF-8 Support Enabled
DEBUG - 2022-08-10 09:07:06 --> Global POST, GET and COOKIE data sanitized
DEBUG - 2022-08-10 09:07:06 --> Config file loaded: /hwonpark/www/application/config/tree.php
DEBUG - 2022-08-10 09:07:06 --> Encryption: Auto-configured driver 'openssl'.
DEBUG - 2022-08-10 09:07:06 --> Total execution time: 0.0485
DEBUG - 2022-08-10 09:07:07 --> UTF-8 Support Enabled
DEBUG - 2022-08-10 09:07:07 --> Global POST, GET and COOKIE data sanitized
DEBUG - 2022-08-10 09:07:07 --> Config file loaded: /hwonpark/www/application/config/tree.php
DEBUG - 2022-08-10 09:07:07 --> Encryption: Auto-configured driver 'openssl'.
DEBUG - 2022-08-10 09:07:07 --> Total execution time: 0.1318
DEBUG - 2022-08-10 09:07:14 --> UTF-8 Support Enabled
DEBUG - 2022-08-10 09:07:14 --> Global POST, GET and COOKIE data sanitized
DEBUG - 2022-08-10 09:07:14 --> Config file loaded: /hwonpark/www/application/config/tree.php
DEBUG - 2022-08-10 09:07:14 --> Encryption: Auto-configured driver 'openssl'.
DEBUG - 2022-08-10 09:07:14 --> Total execution time: 0.1249
DEBUG - 2022-08-10 09:07:20 --> UTF-8 Support Enabled
DEBUG - 2022-08-10 09:07:20 --> Global POST, GET and COOKIE data sanitized
DEBUG - 2022-08-10 09:07:20 --> Config file loaded: /hwonpark/www/application/config/tree.php
DEBUG - 2022-08-10 09:07:20 --> Encryption: Auto-configured driver 'openssl'.
DEBUG - 2022-08-10 09:07:20 --> Total execution time: 0.1086
DEBUG - 2022-08-10 09:07:42 --> UTF-8 Support Enabled
DEBUG - 2022-08-10 09:07:42 --> No URI present. Default controller set.
DEBUG - 2022-08-10 09:07:42 --> Global POST, GET and COOKIE data sanitized
DEBUG - 2022-08-10 09:07:42 --> Config file loaded: /hwonpark/www/application/config/tree.php
DEBUG - 2022-08-10 09:07:42 --> Total execution time: 0.0302
DEBUG - 2022-08-10 09:07:44 --> UTF-8 Support Enabled
DEBUG - 2022-08-10 09:07:44 --> No URI present. Default controller set.
DEBUG - 2022-08-10 09:07:44 --> Global POST, GET and COOKIE data sanitized
DEBUG - 2022-08-10 09:07:44 --> Config file loaded: /hwonpark/www/application/config/tree.php
DEBUG - 2022-08-10 09:07:44 --> Total execution time: 0.0287
DEBUG - 2022-08-10 09:07:45 --> UTF-8 Support Enabled
DEBUG - 2022-08-10 09:07:45 --> Global POST, GET and COOKIE data sanitized
ERROR - 2022-08-10 09:07:45 --> 404 Page Not Found: Faviconico/index
DEBUG - 2022-08-10 09:10:08 --> UTF-8 Support Enabled
DEBUG - 2022-08-10 09:10:08 --> No URI present. Default controller set.
DEBUG - 2022-08-10 09:10:08 --> Global POST, GET and COOKIE data sanitized
DEBUG - 2022-08-10 09:10:08 --> Config file loaded: /hwonpark/www/application/config/tree.php
DEBUG - 2022-08-10 09:10:08 --> Total execution time: 0.0314
DEBUG - 2022-08-10 09:10:10 --> UTF-8 Support Enabled
DEBUG - 2022-08-10 09:10:10 --> Global POST, GET and COOKIE data sanitized
ERROR - 2022-08-10 09:10:10 --> 404 Page Not Found: Faviconico/index
DEBUG - 2022-08-10 09:19:28 --> UTF-8 Support Enabled
DEBUG - 2022-08-10 09:19:28 --> Global POST, GET and COOKIE data sanitized
DEBUG - 2022-08-10 09:19:28 --> Config file loaded: /hwonpark/www/application/config/tree.php
DEBUG - 2022-08-10 09:19:28 --> Total execution time: 0.0513
DEBUG - 2022-08-10 09:19:32 --> UTF-8 Support Enabled
DEBUG - 2022-08-10 09:19:32 --> Global POST, GET and COOKIE data sanitized
DEBUG - 2022-08-10 09:19:32 --> Config file loaded: /hwonpark/www/application/config/tree.php
DEBUG - 2022-08-10 09:19:32 --> Total execution time: 0.0357
DEBUG - 2022-08-10 09:19:35 --> UTF-8 Support Enabled
DEBUG - 2022-08-10 09:19:35 --> No URI present. Default controller set.
DEBUG - 2022-08-10 09:19:35 --> Global POST, GET and COOKIE data sanitized
DEBUG - 2022-08-10 09:19:35 --> Config file loaded: /hwonpark/www/application/config/tree.php
DEBUG - 2022-08-10 09:19:35 --> Total execution time: 0.0355
DEBUG - 2022-08-10 09:19:39 --> UTF-8 Support Enabled
DEBUG - 2022-08-10 09:19:39 --> Global POST, GET and COOKIE data sanitized
DEBUG - 2022-08-10 09:19:39 --> Config file loaded: /hwonpark/www/application/config/tree.php
DEBUG - 2022-08-10 09:19:39 --> Total execution time: 0.0284
DEBUG - 2022-08-10 09:20:50 --> UTF-8 Support Enabled
DEBUG - 2022-08-10 09:20:50 --> No URI present. Default controller set.
DEBUG - 2022-08-10 09:20:50 --> Global POST, GET and COOKIE data sanitized
DEBUG - 2022-08-10 09:20:50 --> Config file loaded: /hwonpark/www/application/config/tree.php
DEBUG - 2022-08-10 09:20:50 --> Total execution time: 0.0305
DEBUG - 2022-08-10 09:20:53 --> UTF-8 Support Enabled
DEBUG - 2022-08-10 09:20:53 --> Global POST, GET and COOKIE data sanitized
ERROR - 2022-08-10 09:20:53 --> 404 Page Not Found: Faviconico/index
DEBUG - 2022-08-10 09:47:26 --> UTF-8 Support Enabled
DEBUG - 2022-08-10 09:47:26 --> No URI present. Default controller set.
DEBUG - 2022-08-10 09:47:26 --> Global POST, GET and COOKIE data sanitized
DEBUG - 2022-08-10 09:47:27 --> Config file loaded: /hwonpark/www/application/config/tree.php
DEBUG - 2022-08-10 09:47:27 --> Total execution time: 0.0305
DEBUG - 2022-08-10 09:47:27 --> UTF-8 Support Enabled
DEBUG - 2022-08-10 09:47:27 --> Global POST, GET and COOKIE data sanitized
ERROR - 2022-08-10 09:47:27 --> 404 Page Not Found: Faviconico/index
DEBUG - 2022-08-10 09:47:30 --> UTF-8 Support Enabled
DEBUG - 2022-08-10 09:47:30 --> Global POST, GET and COOKIE data sanitized
DEBUG - 2022-08-10 09:47:30 --> Config file loaded: /hwonpark/www/application/config/tree.php
DEBUG - 2022-08-10 09:47:32 --> UTF-8 Support Enabled
DEBUG - 2022-08-10 09:47:32 --> Global POST, GET and COOKIE data sanitized
DEBUG - 2022-08-10 09:47:32 --> Config file loaded: /hwonpark/www/application/config/tree.php
DEBUG - 2022-08-10 09:47:32 --> Total execution time: 0.0299
DEBUG - 2022-08-10 09:47:56 --> UTF-8 Support Enabled
DEBUG - 2022-08-10 09:47:56 --> Global POST, GET and COOKIE data sanitized
DEBUG - 2022-08-10 09:47:56 --> Config file loaded: /hwonpark/www/application/config/tree.php
DEBUG - 2022-08-10 09:47:56 --> =================== DL_auth-> oauth::CALLBACK - 시작
DEBUG - 2022-08-10 09:47:56 --> =================== DL_auth-> oauth::CALLBACK - kakao param=:: error=
DEBUG - 2022-08-10 09:47:56 --> =================== DL_auth-> oauth::CALLBACK - kakao param=:: state=
DEBUG - 2022-08-10 09:47:56 --> =================== DL_auth-> oauth::CALLBACK - kakao param=:: code=NCCk4cnJyQeaqh4bpVt9_noYq6ws4Zmt07EfYU8YqdeqaBbClQiNieeW-mHwJC_xBhmxMgo9cusAAAGChTjs2Q
DEBUG - 2022-08-10 09:47:56 --> =================== DL_auth -> kakao oauth :2: code=NCCk4cnJyQeaqh4bpVt9_noYq6ws4Zmt07EfYU8YqdeqaBbClQiNieeW-mHwJC_xBhmxMgo9cusAAAGChTjs2Q
DEBUG - 2022-08-10 09:47:56 --> ====================Dl_auth -> kakao_login :: 시작
DEBUG - 2022-08-10 09:47:56 --> --------------------Dl_auth::kakao_login - 1.토큰요청 시작
DEBUG - 2022-08-10 09:47:56 --> Dl_auth::kakao_login - get_token 시작 n=2
DEBUG - 2022-08-10 09:47:56 --> --------------------Dl_auth::kakao_login - 1.2.토큰요청 시작 -> 기타브라우저
DEBUG - 2022-08-10 09:47:56 --> --------------------Dl_auth::kakao_login - 1.3.토큰요청
DEBUG - 2022-08-10 09:47:56 --> --------------------Dl_auth::kakao_login - 1.4.토큰요청 -> 성공
DEBUG - 2022-08-10 09:47:56 --> UTF-8 Support Enabled
DEBUG - 2022-08-10 09:47:56 --> Global POST, GET and COOKIE data sanitized
DEBUG - 2022-08-10 09:47:56 --> Config file loaded: /hwonpark/www/application/config/tree.php
DEBUG - 2022-08-10 09:47:56 --> =================== DL_auth-> oauth::CALLBACK - 시작
DEBUG - 2022-08-10 09:47:56 --> =================== DL_auth-> oauth::CALLBACK - kakao param=:: error=
DEBUG - 2022-08-10 09:47:56 --> =================== DL_auth-> oauth::CALLBACK - kakao param=:: state=
DEBUG - 2022-08-10 09:47:56 --> =================== DL_auth-> oauth::CALLBACK - kakao param=:: code=NCCk4cnJyQeaqh4bpVt9_noYq6ws4Zmt07EfYU8YqdeqaBbClQiNieeW-mHwJC_xBhmxMgo9cusAAAGChTjs2Q
DEBUG - 2022-08-10 09:47:56 --> =================== DL_auth -> kakao oauth :2: code=NCCk4cnJyQeaqh4bpVt9_noYq6ws4Zmt07EfYU8YqdeqaBbClQiNieeW-mHwJC_xBhmxMgo9cusAAAGChTjs2Q
DEBUG - 2022-08-10 09:47:56 --> ====================Dl_auth -> kakao_login :: 시작
DEBUG - 2022-08-10 09:47:56 --> ====================Dl_auth::kakao_login - 1.3.5- 사이트 회원정보 업데이트 성공(카카오 인증 완료) state=
DEBUG - 2022-08-10 09:47:58 --> UTF-8 Support Enabled
DEBUG - 2022-08-10 09:47:58 --> Global POST, GET and COOKIE data sanitized
DEBUG - 2022-08-10 09:47:58 --> Config file loaded: /hwonpark/www/application/config/tree.php
DEBUG - 2022-08-10 09:47:58 --> Encryption: Auto-configured driver 'openssl'.
DEBUG - 2022-08-10 09:47:58 --> Total execution time: 0.0339
DEBUG - 2022-08-10 09:48:00 --> UTF-8 Support Enabled
DEBUG - 2022-08-10 09:48:00 --> Global POST, GET and COOKIE data sanitized
DEBUG - 2022-08-10 09:48:00 --> Config file loaded: /hwonpark/www/application/config/tree.php
DEBUG - 2022-08-10 09:48:00 --> Encryption: Auto-configured driver 'openssl'.
DEBUG - 2022-08-10 09:48:00 --> Total execution time: 0.0745
DEBUG - 2022-08-10 09:48:27 --> UTF-8 Support Enabled
DEBUG - 2022-08-10 09:48:27 --> Global POST, GET and COOKIE data sanitized
DEBUG - 2022-08-10 09:48:27 --> Config file loaded: /hwonpark/www/application/config/tree.php
DEBUG - 2022-08-10 09:48:27 --> Encryption: Auto-configured driver 'openssl'.
DEBUG - 2022-08-10 09:48:28 --> UTF-8 Support Enabled
DEBUG - 2022-08-10 09:48:28 --> No URI present. Default controller set.
DEBUG - 2022-08-10 09:48:28 --> Global POST, GET and COOKIE data sanitized
DEBUG - 2022-08-10 09:48:28 --> Config file loaded: /hwonpark/www/application/config/tree.php
DEBUG - 2022-08-10 09:48:28 --> Total execution time: 0.0289
DEBUG - 2022-08-10 09:48:37 --> UTF-8 Support Enabled
DEBUG - 2022-08-10 09:48:37 --> Global POST, GET and COOKIE data sanitized
DEBUG - 2022-08-10 09:48:37 --> Config file loaded: /hwonpark/www/application/config/tree.php
DEBUG - 2022-08-10 09:48:39 --> UTF-8 Support Enabled
DEBUG - 2022-08-10 09:48:39 --> Global POST, GET and COOKIE data sanitized
DEBUG - 2022-08-10 09:48:39 --> Config file loaded: /hwonpark/www/application/config/tree.php
DEBUG - 2022-08-10 09:48:39 --> Total execution time: 0.0266
DEBUG - 2022-08-10 09:48:43 --> UTF-8 Support Enabled
DEBUG - 2022-08-10 09:48:43 --> No URI present. Default controller set.
DEBUG - 2022-08-10 09:48:43 --> Global POST, GET and COOKIE data sanitized
DEBUG - 2022-08-10 09:48:43 --> Config file loaded: /hwonpark/www/application/config/tree.php
DEBUG - 2022-08-10 09:48:43 --> Total execution time: 0.0535
DEBUG - 2022-08-10 09:48:45 --> UTF-8 Support Enabled
DEBUG - 2022-08-10 09:48:45 --> Global POST, GET and COOKIE data sanitized
DEBUG - 2022-08-10 09:48:45 --> Config file loaded: /hwonpark/www/application/config/tree.php
DEBUG - 2022-08-10 09:48:47 --> UTF-8 Support Enabled
DEBUG - 2022-08-10 09:48:47 --> Global POST, GET and COOKIE data sanitized
DEBUG - 2022-08-10 09:48:47 --> Config file loaded: /hwonpark/www/application/config/tree.php
DEBUG - 2022-08-10 09:48:47 --> Total execution time: 0.0542
DEBUG - 2022-08-10 10:04:50 --> UTF-8 Support Enabled
DEBUG - 2022-08-10 10:04:50 --> Global POST, GET and COOKIE data sanitized
DEBUG - 2022-08-10 10:04:50 --> Config file loaded: /hwonpark/www/application/config/tree.php
DEBUG - 2022-08-10 10:04:50 --> Total execution time: 0.0331
DEBUG - 2022-08-10 10:04:52 --> UTF-8 Support Enabled
DEBUG - 2022-08-10 10:04:52 --> No URI present. Default controller set.
DEBUG - 2022-08-10 10:04:52 --> Global POST, GET and COOKIE data sanitized
DEBUG - 2022-08-10 10:04:52 --> Config file loaded: /hwonpark/www/application/config/tree.php
DEBUG - 2022-08-10 10:04:52 --> Total execution time: 0.0338
DEBUG - 2022-08-10 10:05:02 --> UTF-8 Support Enabled
DEBUG - 2022-08-10 10:05:02 --> No URI present. Default controller set.
DEBUG - 2022-08-10 10:05:02 --> Global POST, GET and COOKIE data sanitized
DEBUG - 2022-08-10 10:05:02 --> Config file loaded: /hwonpark/www/application/config/tree.php
DEBUG - 2022-08-10 10:05:02 --> Total execution time: 0.0344
DEBUG - 2022-08-10 10:09:31 --> UTF-8 Support Enabled
DEBUG - 2022-08-10 10:09:31 --> No URI present. Default controller set.
DEBUG - 2022-08-10 10:09:31 --> Global POST, GET and COOKIE data sanitized
DEBUG - 2022-08-10 10:09:31 --> Config file loaded: /hwonpark/www/application/config/tree.php
DEBUG - 2022-08-10 10:09:31 --> Total execution time: 0.0311
DEBUG - 2022-08-10 10:09:55 --> UTF-8 Support Enabled
DEBUG - 2022-08-10 10:09:55 --> No URI present. Default controller set.
DEBUG - 2022-08-10 10:09:55 --> Global POST, GET and COOKIE data sanitized
DEBUG - 2022-08-10 10:09:55 --> Config file loaded: /hwonpark/www/application/config/tree.php
DEBUG - 2022-08-10 10:09:55 --> Total execution time: 0.0318
DEBUG - 2022-08-10 10:10:30 --> UTF-8 Support Enabled
DEBUG - 2022-08-10 10:10:30 --> No URI present. Default controller set.
DEBUG - 2022-08-10 10:10:30 --> Global POST, GET and COOKIE data sanitized
DEBUG - 2022-08-10 10:10:30 --> Config file loaded: /hwonpark/www/application/config/tree.php
DEBUG - 2022-08-10 10:10:30 --> Total execution time: 0.0306
DEBUG - 2022-08-10 10:11:46 --> UTF-8 Support Enabled
DEBUG - 2022-08-10 10:11:46 --> No URI present. Default controller set.
DEBUG - 2022-08-10 10:11:46 --> Global POST, GET and COOKIE data sanitized
DEBUG - 2022-08-10 10:11:46 --> Config file loaded: /hwonpark/www/application/config/tree.php
DEBUG - 2022-08-10 10:11:46 --> Total execution time: 0.0469
DEBUG - 2022-08-10 10:11:47 --> UTF-8 Support Enabled
DEBUG - 2022-08-10 10:11:47 --> Global POST, GET and COOKIE data sanitized
ERROR - 2022-08-10 10:11:47 --> 404 Page Not Found: Faviconico/index
DEBUG - 2022-08-10 10:12:39 --> UTF-8 Support Enabled
DEBUG - 2022-08-10 10:12:39 --> No URI present. Default controller set.
DEBUG - 2022-08-10 10:12:39 --> Global POST, GET and COOKIE data sanitized
DEBUG - 2022-08-10 10:12:39 --> Config file loaded: /hwonpark/www/application/config/tree.php
DEBUG - 2022-08-10 10:12:39 --> Total execution time: 0.0287
DEBUG - 2022-08-10 10:12:39 --> UTF-8 Support Enabled
DEBUG - 2022-08-10 10:12:39 --> Global POST, GET and COOKIE data sanitized
ERROR - 2022-08-10 10:12:39 --> 404 Page Not Found: Faviconico/index
DEBUG - 2022-08-10 10:12:47 --> UTF-8 Support Enabled
DEBUG - 2022-08-10 10:12:47 --> Global POST, GET and COOKIE data sanitized
DEBUG - 2022-08-10 10:12:47 --> Config file loaded: /hwonpark/www/application/config/tree.php
DEBUG - 2022-08-10 10:12:47 --> Total execution time: 0.0325
DEBUG - 2022-08-10 10:12:52 --> UTF-8 Support Enabled
DEBUG - 2022-08-10 10:12:52 --> Global POST, GET and COOKIE data sanitized
DEBUG - 2022-08-10 10:12:52 --> Config file loaded: /hwonpark/www/application/config/tree.php
DEBUG - 2022-08-10 10:12:52 --> Total execution time: 0.0310
DEBUG - 2022-08-10 10:12:57 --> UTF-8 Support Enabled
DEBUG - 2022-08-10 10:12:57 --> Global POST, GET and COOKIE data sanitized
DEBUG - 2022-08-10 10:12:57 --> Config file loaded: /hwonpark/www/application/config/tree.php
DEBUG - 2022-08-10 10:12:57 --> =================== DL_auth-> oauth::CALLBACK - 시작
DEBUG - 2022-08-10 10:12:57 --> =================== DL_auth-> oauth::CALLBACK - kakao param=:: error=
DEBUG - 2022-08-10 10:12:57 --> =================== DL_auth-> oauth::CALLBACK - kakao param=:: state=
DEBUG - 2022-08-10 10:12:57 --> =================== DL_auth-> oauth::CALLBACK - kakao param=:: code=AXQCVoZc7HgJ6lCudveC9EWqo6618-MBP-DX8m6OKEXmgMjRbuI3rI-ngHdufViXnD-pnAo9dJgAAAGChU_UkQ
DEBUG - 2022-08-10 10:12:57 --> =================== DL_auth -> kakao oauth :2: code=AXQCVoZc7HgJ6lCudveC9EWqo6618-MBP-DX8m6OKEXmgMjRbuI3rI-ngHdufViXnD-pnAo9dJgAAAGChU_UkQ
DEBUG - 2022-08-10 10:12:57 --> ====================Dl_auth -> kakao_login :: 시작
DEBUG - 2022-08-10 10:12:57 --> --------------------Dl_auth::kakao_login - 1.토큰요청 시작
DEBUG - 2022-08-10 10:12:57 --> Dl_auth::kakao_login - get_token 시작 n=2
DEBUG - 2022-08-10 10:12:57 --> --------------------Dl_auth::kakao_login - 1.2.토큰요청 시작 -> 기타브라우저
DEBUG - 2022-08-10 10:12:57 --> --------------------Dl_auth::kakao_login - 1.3.토큰요청
DEBUG - 2022-08-10 10:12:57 --> --------------------Dl_auth::kakao_login - 1.4.토큰요청 -> 성공
DEBUG - 2022-08-10 10:12:57 --> UTF-8 Support Enabled
DEBUG - 2022-08-10 10:12:57 --> Global POST, GET and COOKIE data sanitized
DEBUG - 2022-08-10 10:12:57 --> Config file loaded: /hwonpark/www/application/config/tree.php
DEBUG - 2022-08-10 10:12:57 --> =================== DL_auth-> oauth::CALLBACK - 시작
DEBUG - 2022-08-10 10:12:57 --> =================== DL_auth-> oauth::CALLBACK - kakao param=:: error=
DEBUG - 2022-08-10 10:12:57 --> =================== DL_auth-> oauth::CALLBACK - kakao param=:: state=
DEBUG - 2022-08-10 10:12:57 --> =================== DL_auth-> oauth::CALLBACK - kakao param=:: code=AXQCVoZc7HgJ6lCudveC9EWqo6618-MBP-DX8m6OKEXmgMjRbuI3rI-ngHdufViXnD-pnAo9dJgAAAGChU_UkQ
DEBUG - 2022-08-10 10:12:57 --> =================== DL_auth -> kakao oauth :2: code=AXQCVoZc7HgJ6lCudveC9EWqo6618-MBP-DX8m6OKEXmgMjRbuI3rI-ngHdufViXnD-pnAo9dJgAAAGChU_UkQ
DEBUG - 2022-08-10 10:12:57 --> ====================Dl_auth -> kakao_login :: 시작
DEBUG - 2022-08-10 10:13:00 --> UTF-8 Support Enabled
DEBUG - 2022-08-10 10:13:00 --> Global POST, GET and COOKIE data sanitized
DEBUG - 2022-08-10 10:13:00 --> Config file loaded: /hwonpark/www/application/config/tree.php
DEBUG - 2022-08-10 10:13:00 --> Total execution time: 0.0354
DEBUG - 2022-08-10 10:13:49 --> UTF-8 Support Enabled
DEBUG - 2022-08-10 10:13:49 --> No URI present. Default controller set.
DEBUG - 2022-08-10 10:13:49 --> Global POST, GET and COOKIE data sanitized
DEBUG - 2022-08-10 10:13:49 --> Config file loaded: /hwonpark/www/application/config/tree.php
DEBUG - 2022-08-10 10:13:49 --> Total execution time: 0.0297
DEBUG - 2022-08-10 10:21:00 --> UTF-8 Support Enabled
DEBUG - 2022-08-10 10:21:00 --> No URI present. Default controller set.
DEBUG - 2022-08-10 10:21:00 --> Global POST, GET and COOKIE data sanitized
DEBUG - 2022-08-10 10:21:00 --> Config file loaded: /hwonpark/www/application/config/tree.php
DEBUG - 2022-08-10 10:21:00 --> Total execution time: 0.0459
DEBUG - 2022-08-10 10:21:01 --> UTF-8 Support Enabled
DEBUG - 2022-08-10 10:21:01 --> Global POST, GET and COOKIE data sanitized
ERROR - 2022-08-10 10:21:01 --> 404 Page Not Found: Faviconico/index
DEBUG - 2022-08-10 10:24:18 --> UTF-8 Support Enabled
DEBUG - 2022-08-10 10:24:18 --> Global POST, GET and COOKIE data sanitized
DEBUG - 2022-08-10 10:24:18 --> Config file loaded: /hwonpark/www/application/config/tree.php
DEBUG - 2022-08-10 10:28:06 --> UTF-8 Support Enabled
DEBUG - 2022-08-10 10:28:06 --> Global POST, GET and COOKIE data sanitized
DEBUG - 2022-08-10 10:28:06 --> Config file loaded: /hwonpark/www/application/config/tree.php
DEBUG - 2022-08-10 10:28:06 --> Encryption: Auto-configured driver 'openssl'.
DEBUG - 2022-08-10 10:28:06 --> UTF-8 Support Enabled
DEBUG - 2022-08-10 10:28:06 --> Global POST, GET and COOKIE data sanitized
DEBUG - 2022-08-10 10:28:06 --> Config file loaded: /hwonpark/www/application/config/tree.php
DEBUG - 2022-08-10 10:28:06 --> Encryption: Auto-configured driver 'openssl'.
DEBUG - 2022-08-10 10:28:06 --> Encryption class already loaded. Second attempt ignored.
DEBUG - 2022-08-10 10:28:06 --> Total execution time: 0.0386
DEBUG - 2022-08-10 10:28:15 --> UTF-8 Support Enabled
DEBUG - 2022-08-10 10:28:15 --> Global POST, GET and COOKIE data sanitized
DEBUG - 2022-08-10 10:28:15 --> Config file loaded: /hwonpark/www/application/config/tree.php
DEBUG - 2022-08-10 10:28:15 --> Encryption: Auto-configured driver 'openssl'.
DEBUG - 2022-08-10 10:28:15 --> Total execution time: 0.0373
DEBUG - 2022-08-10 10:28:16 --> UTF-8 Support Enabled
DEBUG - 2022-08-10 10:28:16 --> Global POST, GET and COOKIE data sanitized
DEBUG - 2022-08-10 10:28:16 --> Config file loaded: /hwonpark/www/application/config/tree.php
DEBUG - 2022-08-10 10:28:16 --> Encryption: Auto-configured driver 'openssl'.
DEBUG - 2022-08-10 10:28:16 --> Total execution time: 0.0401
DEBUG - 2022-08-10 10:28:19 --> UTF-8 Support Enabled
DEBUG - 2022-08-10 10:28:19 --> Global POST, GET and COOKIE data sanitized
DEBUG - 2022-08-10 10:28:19 --> Config file loaded: /hwonpark/www/application/config/tree.php
DEBUG - 2022-08-10 10:28:19 --> Encryption: Auto-configured driver 'openssl'.
DEBUG - 2022-08-10 10:28:19 --> Total execution time: 0.0400
DEBUG - 2022-08-10 10:32:25 --> UTF-8 Support Enabled
DEBUG - 2022-08-10 10:32:25 --> Global POST, GET and COOKIE data sanitized
DEBUG - 2022-08-10 10:32:25 --> Config file loaded: /hwonpark/www/application/config/tree.php
DEBUG - 2022-08-10 10:32:25 --> Encryption: Auto-configured driver 'openssl'.
ERROR - 2022-08-10 10:32:25 --> Could not find the language line "imglib_invalid_image"
ERROR - 2022-08-10 10:32:25 --> imglib_invalid_image
DEBUG - 2022-08-10 10:32:25 --> DL_schema class already loaded. Second attempt ignored.
DEBUG - 2022-08-10 10:32:26 --> UTF-8 Support Enabled
DEBUG - 2022-08-10 10:32:26 --> Global POST, GET and COOKIE data sanitized
DEBUG - 2022-08-10 10:32:26 --> Config file loaded: /hwonpark/www/application/config/tree.php
DEBUG - 2022-08-10 10:32:26 --> Encryption: Auto-configured driver 'openssl'.
DEBUG - 2022-08-10 10:32:26 --> Total execution time: 0.0373
DEBUG - 2022-08-10 10:32:28 --> UTF-8 Support Enabled
DEBUG - 2022-08-10 10:32:28 --> Global POST, GET and COOKIE data sanitized
DEBUG - 2022-08-10 10:32:28 --> Config file loaded: /hwonpark/www/application/config/tree.php
DEBUG - 2022-08-10 10:32:28 --> Encryption: Auto-configured driver 'openssl'.
DEBUG - 2022-08-10 10:32:28 --> Total execution time: 0.0364
DEBUG - 2022-08-10 10:32:32 --> UTF-8 Support Enabled
DEBUG - 2022-08-10 10:32:32 --> Global POST, GET and COOKIE data sanitized
DEBUG - 2022-08-10 10:32:32 --> Config file loaded: /hwonpark/www/application/config/tree.php
DEBUG - 2022-08-10 10:32:32 --> Encryption: Auto-configured driver 'openssl'.
DEBUG - 2022-08-10 10:32:32 --> Total execution time: 0.0507
DEBUG - 2022-08-10 10:33:49 --> UTF-8 Support Enabled
DEBUG - 2022-08-10 10:33:49 --> Global POST, GET and COOKIE data sanitized
DEBUG - 2022-08-10 10:33:49 --> Config file loaded: /hwonpark/www/application/config/tree.php
DEBUG - 2022-08-10 10:33:49 --> Encryption: Auto-configured driver 'openssl'.
DEBUG - 2022-08-10 10:33:49 --> Total execution time: 0.0736
DEBUG - 2022-08-10 10:33:50 --> UTF-8 Support Enabled
DEBUG - 2022-08-10 10:33:50 --> Global POST, GET and COOKIE data sanitized
DEBUG - 2022-08-10 10:33:50 --> Config file loaded: /hwonpark/www/application/config/tree.php
DEBUG - 2022-08-10 10:33:50 --> Encryption: Auto-configured driver 'openssl'.
DEBUG - 2022-08-10 10:33:50 --> Total execution time: 0.0482
DEBUG - 2022-08-10 10:33:52 --> UTF-8 Support Enabled
DEBUG - 2022-08-10 10:33:52 --> Global POST, GET and COOKIE data sanitized
DEBUG - 2022-08-10 10:33:52 --> Config file loaded: /hwonpark/www/application/config/tree.php
DEBUG - 2022-08-10 10:33:52 --> Encryption: Auto-configured driver 'openssl'.
DEBUG - 2022-08-10 10:33:52 --> Total execution time: 0.0344
DEBUG - 2022-08-10 10:33:52 --> UTF-8 Support Enabled
DEBUG - 2022-08-10 10:33:52 --> Global POST, GET and COOKIE data sanitized
DEBUG - 2022-08-10 10:33:53 --> Config file loaded: /hwonpark/www/application/config/tree.php
DEBUG - 2022-08-10 10:33:53 --> Encryption: Auto-configured driver 'openssl'.
DEBUG - 2022-08-10 10:33:53 --> Total execution time: 0.0808
DEBUG - 2022-08-10 10:33:54 --> UTF-8 Support Enabled
DEBUG - 2022-08-10 10:33:54 --> Global POST, GET and COOKIE data sanitized
DEBUG - 2022-08-10 10:33:54 --> Config file loaded: /hwonpark/www/application/config/tree.php
DEBUG - 2022-08-10 10:33:54 --> Encryption: Auto-configured driver 'openssl'.
DEBUG - 2022-08-10 10:33:54 --> Total execution time: 0.0478
DEBUG - 2022-08-10 10:33:55 --> UTF-8 Support Enabled
DEBUG - 2022-08-10 10:33:55 --> Global POST, GET and COOKIE data sanitized
DEBUG - 2022-08-10 10:33:55 --> Config file loaded: /hwonpark/www/application/config/tree.php
DEBUG - 2022-08-10 10:33:55 --> Encryption: Auto-configured driver 'openssl'.
DEBUG - 2022-08-10 10:33:55 --> Total execution time: 0.0352
DEBUG - 2022-08-10 10:34:01 --> UTF-8 Support Enabled
DEBUG - 2022-08-10 10:34:01 --> Global POST, GET and COOKIE data sanitized
DEBUG - 2022-08-10 10:34:01 --> Config file loaded: /hwonpark/www/application/config/tree.php
DEBUG - 2022-08-10 10:34:01 --> Encryption: Auto-configured driver 'openssl'.
DEBUG - 2022-08-10 10:34:01 --> Total execution time: 0.0427
DEBUG - 2022-08-10 10:34:02 --> UTF-8 Support Enabled
DEBUG - 2022-08-10 10:34:02 --> Global POST, GET and COOKIE data sanitized
DEBUG - 2022-08-10 10:34:02 --> Config file loaded: /hwonpark/www/application/config/tree.php
DEBUG - 2022-08-10 10:34:02 --> Encryption: Auto-configured driver 'openssl'.
DEBUG - 2022-08-10 10:34:02 --> Total execution time: 0.0560
DEBUG - 2022-08-10 10:38:24 --> UTF-8 Support Enabled
DEBUG - 2022-08-10 10:38:24 --> Global POST, GET and COOKIE data sanitized
DEBUG - 2022-08-10 10:38:24 --> Config file loaded: /hwonpark/www/application/config/tree.php
DEBUG - 2022-08-10 10:38:24 --> Encryption: Auto-configured driver 'openssl'.
DEBUG - 2022-08-10 10:38:24 --> UTF-8 Support Enabled
DEBUG - 2022-08-10 10:38:24 --> Global POST, GET and COOKIE data sanitized
DEBUG - 2022-08-10 10:38:24 --> Config file loaded: /hwonpark/www/application/config/tree.php
DEBUG - 2022-08-10 10:38:24 --> Encryption: Auto-configured driver 'openssl'.
DEBUG - 2022-08-10 10:38:24 --> Total execution time: 0.0693
DEBUG - 2022-08-10 10:38:32 --> UTF-8 Support Enabled
DEBUG - 2022-08-10 10:38:32 --> Global POST, GET and COOKIE data sanitized
DEBUG - 2022-08-10 10:38:32 --> Config file loaded: /hwonpark/www/application/config/tree.php
DEBUG - 2022-08-10 10:38:32 --> Encryption: Auto-configured driver 'openssl'.
DEBUG - 2022-08-10 10:38:32 --> Total execution time: 0.0573
DEBUG - 2022-08-10 10:38:34 --> UTF-8 Support Enabled
DEBUG - 2022-08-10 10:38:34 --> Global POST, GET and COOKIE data sanitized
DEBUG - 2022-08-10 10:38:34 --> Config file loaded: /hwonpark/www/application/config/tree.php
DEBUG - 2022-08-10 10:38:34 --> Encryption: Auto-configured driver 'openssl'.
DEBUG - 2022-08-10 10:38:34 --> Total execution time: 0.0703
DEBUG - 2022-08-10 10:38:40 --> UTF-8 Support Enabled
DEBUG - 2022-08-10 10:38:40 --> Global POST, GET and COOKIE data sanitized
DEBUG - 2022-08-10 10:38:40 --> Config file loaded: /hwonpark/www/application/config/tree.php
DEBUG - 2022-08-10 10:38:40 --> Encryption: Auto-configured driver 'openssl'.
DEBUG - 2022-08-10 10:38:40 --> UTF-8 Support Enabled
DEBUG - 2022-08-10 10:38:40 --> Global POST, GET and COOKIE data sanitized
DEBUG - 2022-08-10 10:38:40 --> Config file loaded: /hwonpark/www/application/config/tree.php
DEBUG - 2022-08-10 10:38:40 --> Encryption: Auto-configured driver 'openssl'.
DEBUG - 2022-08-10 10:38:40 --> Total execution time: 0.0333
DEBUG - 2022-08-10 13:35:00 --> UTF-8 Support Enabled
DEBUG - 2022-08-10 13:35:00 --> No URI present. Default controller set.
DEBUG - 2022-08-10 13:35:00 --> Global POST, GET and COOKIE data sanitized
DEBUG - 2022-08-10 13:35:00 --> Config file loaded: /hwonpark/www/application/config/tree.php
DEBUG - 2022-08-10 13:35:00 --> Total execution time: 0.1787
DEBUG - 2022-08-10 13:52:39 --> UTF-8 Support Enabled
DEBUG - 2022-08-10 13:52:39 --> No URI present. Default controller set.
DEBUG - 2022-08-10 13:52:39 --> Global POST, GET and COOKIE data sanitized
DEBUG - 2022-08-10 13:52:39 --> Config file loaded: /hwonpark/www/application/config/tree.php
DEBUG - 2022-08-10 13:52:39 --> Total execution time: 0.0295
DEBUG - 2022-08-10 13:52:40 --> UTF-8 Support Enabled
DEBUG - 2022-08-10 13:52:40 --> Global POST, GET and COOKIE data sanitized
ERROR - 2022-08-10 13:52:40 --> 404 Page Not Found: Apple-touch-icon-120x120-precomposedpng/index
DEBUG - 2022-08-10 13:52:40 --> UTF-8 Support Enabled
DEBUG - 2022-08-10 13:52:40 --> Global POST, GET and COOKIE data sanitized
ERROR - 2022-08-10 13:52:40 --> 404 Page Not Found: Apple-touch-icon-120x120png/index
DEBUG - 2022-08-10 13:52:40 --> UTF-8 Support Enabled
DEBUG - 2022-08-10 13:52:40 --> Global POST, GET and COOKIE data sanitized
ERROR - 2022-08-10 13:52:40 --> 404 Page Not Found: Apple-touch-icon-precomposedpng/index
DEBUG - 2022-08-10 13:52:40 --> UTF-8 Support Enabled
DEBUG - 2022-08-10 13:52:40 --> Global POST, GET and COOKIE data sanitized
ERROR - 2022-08-10 13:52:40 --> 404 Page Not Found: Apple-touch-iconpng/index
DEBUG - 2022-08-10 13:52:40 --> UTF-8 Support Enabled
DEBUG - 2022-08-10 13:52:40 --> Global POST, GET and COOKIE data sanitized
ERROR - 2022-08-10 13:52:40 --> 404 Page Not Found: Faviconico/index
DEBUG - 2022-08-10 13:52:40 --> UTF-8 Support Enabled
DEBUG - 2022-08-10 13:52:40 --> Global POST, GET and COOKIE data sanitized
ERROR - 2022-08-10 13:52:40 --> 404 Page Not Found: Apple-touch-icon-120x120-precomposedpng/index
DEBUG - 2022-08-10 13:52:40 --> UTF-8 Support Enabled
DEBUG - 2022-08-10 13:52:40 --> Global POST, GET and COOKIE data sanitized
ERROR - 2022-08-10 13:52:40 --> 404 Page Not Found: Apple-touch-icon-120x120png/index
DEBUG - 2022-08-10 13:52:40 --> UTF-8 Support Enabled
DEBUG - 2022-08-10 13:52:40 --> Global POST, GET and COOKIE data sanitized
ERROR - 2022-08-10 13:52:40 --> 404 Page Not Found: Apple-touch-icon-precomposedpng/index
DEBUG - 2022-08-10 13:52:40 --> UTF-8 Support Enabled
DEBUG - 2022-08-10 13:52:40 --> Global POST, GET and COOKIE data sanitized
ERROR - 2022-08-10 13:52:40 --> 404 Page Not Found: Apple-touch-iconpng/index
DEBUG - 2022-08-10 13:52:40 --> UTF-8 Support Enabled
DEBUG - 2022-08-10 13:52:40 --> Global POST, GET and COOKIE data sanitized
ERROR - 2022-08-10 13:52:40 --> 404 Page Not Found: Faviconico/index
DEBUG - 2022-08-10 13:55:28 --> UTF-8 Support Enabled
DEBUG - 2022-08-10 13:55:28 --> No URI present. Default controller set.
DEBUG - 2022-08-10 13:55:28 --> Global POST, GET and COOKIE data sanitized
DEBUG - 2022-08-10 13:55:28 --> Config file loaded: /hwonpark/www/application/config/tree.php
DEBUG - 2022-08-10 13:55:28 --> Total execution time: 0.0449
DEBUG - 2022-08-10 13:55:29 --> UTF-8 Support Enabled
DEBUG - 2022-08-10 13:55:29 --> Global POST, GET and COOKIE data sanitized
ERROR - 2022-08-10 13:55:29 --> 404 Page Not Found: Faviconico/index
DEBUG - 2022-08-10 13:55:33 --> UTF-8 Support Enabled
DEBUG - 2022-08-10 13:55:33 --> Global POST, GET and COOKIE data sanitized
DEBUG - 2022-08-10 13:55:33 --> Config file loaded: /hwonpark/www/application/config/tree.php
DEBUG - 2022-08-10 13:55:36 --> UTF-8 Support Enabled
DEBUG - 2022-08-10 13:55:36 --> Global POST, GET and COOKIE data sanitized
DEBUG - 2022-08-10 13:55:36 --> Config file loaded: /hwonpark/www/application/config/tree.php
DEBUG - 2022-08-10 13:55:36 --> Total execution time: 0.0264
DEBUG - 2022-08-10 14:15:51 --> UTF-8 Support Enabled
DEBUG - 2022-08-10 14:15:51 --> No URI present. Default controller set.
DEBUG - 2022-08-10 14:15:51 --> Global POST, GET and COOKIE data sanitized
DEBUG - 2022-08-10 14:15:51 --> Config file loaded: /hwonpark/www/application/config/tree.php
DEBUG - 2022-08-10 14:15:51 --> Total execution time: 0.0469
DEBUG - 2022-08-10 14:15:53 --> UTF-8 Support Enabled
DEBUG - 2022-08-10 14:15:53 --> Global POST, GET and COOKIE data sanitized
ERROR - 2022-08-10 14:15:53 --> 404 Page Not Found: Faviconico/index
DEBUG - 2022-08-10 14:45:00 --> UTF-8 Support Enabled
DEBUG - 2022-08-10 14:45:00 --> No URI present. Default controller set.
DEBUG - 2022-08-10 14:45:00 --> Global POST, GET and COOKIE data sanitized
DEBUG - 2022-08-10 14:45:00 --> Config file loaded: /hwonpark/www/application/config/tree.php
DEBUG - 2022-08-10 14:45:00 --> Total execution time: 0.0605
DEBUG - 2022-08-10 14:45:07 --> UTF-8 Support Enabled
DEBUG - 2022-08-10 14:45:07 --> Global POST, GET and COOKIE data sanitized
DEBUG - 2022-08-10 14:45:07 --> Config file loaded: /hwonpark/www/application/config/tree.php
DEBUG - 2022-08-10 14:45:07 --> Total execution time: 0.0836
DEBUG - 2022-08-10 14:45:12 --> UTF-8 Support Enabled
DEBUG - 2022-08-10 14:45:12 --> Global POST, GET and COOKIE data sanitized
DEBUG - 2022-08-10 14:45:12 --> Config file loaded: /hwonpark/www/application/config/tree.php
DEBUG - 2022-08-10 14:45:12 --> Total execution time: 0.0651
DEBUG - 2022-08-10 14:59:01 --> UTF-8 Support Enabled
DEBUG - 2022-08-10 14:59:01 --> No URI present. Default controller set.
DEBUG - 2022-08-10 14:59:01 --> Global POST, GET and COOKIE data sanitized
DEBUG - 2022-08-10 14:59:01 --> Config file loaded: /hwonpark/www/application/config/tree.php
DEBUG - 2022-08-10 14:59:01 --> Total execution time: 0.0542
DEBUG - 2022-08-10 14:59:08 --> UTF-8 Support Enabled
DEBUG - 2022-08-10 14:59:08 --> Global POST, GET and COOKIE data sanitized
ERROR - 2022-08-10 14:59:08 --> 404 Page Not Found: Faviconico/index
DEBUG - 2022-08-10 15:02:08 --> UTF-8 Support Enabled
DEBUG - 2022-08-10 15:02:08 --> No URI present. Default controller set.
DEBUG - 2022-08-10 15:02:08 --> Global POST, GET and COOKIE data sanitized
DEBUG - 2022-08-10 15:02:08 --> Config file loaded: /hwonpark/www/application/config/tree.php
DEBUG - 2022-08-10 15:02:08 --> Total execution time: 0.0293
DEBUG - 2022-08-10 15:02:13 --> UTF-8 Support Enabled
DEBUG - 2022-08-10 15:02:13 --> Global POST, GET and COOKIE data sanitized
DEBUG - 2022-08-10 15:02:13 --> Config file loaded: /hwonpark/www/application/config/tree.php
DEBUG - 2022-08-10 15:02:13 --> Total execution time: 0.0352
DEBUG - 2022-08-10 15:02:23 --> UTF-8 Support Enabled
DEBUG - 2022-08-10 15:02:23 --> Global POST, GET and COOKIE data sanitized
DEBUG - 2022-08-10 15:02:23 --> Config file loaded: /hwonpark/www/application/config/tree.php
DEBUG - 2022-08-10 15:02:24 --> UTF-8 Support Enabled
DEBUG - 2022-08-10 15:02:24 --> Global POST, GET and COOKIE data sanitized
DEBUG - 2022-08-10 15:02:24 --> Config file loaded: /hwonpark/www/application/config/tree.php
DEBUG - 2022-08-10 15:02:24 --> Total execution time: 0.0269
DEBUG - 2022-08-10 15:02:27 --> UTF-8 Support Enabled
DEBUG - 2022-08-10 15:02:27 --> Global POST, GET and COOKIE data sanitized
DEBUG - 2022-08-10 15:02:27 --> Config file loaded: /hwonpark/www/application/config/tree.php
DEBUG - 2022-08-10 15:02:27 --> =================== DL_auth-> oauth::CALLBACK - 시작
DEBUG - 2022-08-10 15:02:27 --> =================== DL_auth-> oauth::CALLBACK - kakao param=:: error=
DEBUG - 2022-08-10 15:02:27 --> =================== DL_auth-> oauth::CALLBACK - kakao param=:: state=
DEBUG - 2022-08-10 15:02:27 --> =================== DL_auth-> oauth::CALLBACK - kakao param=:: code=tJQFwYJL8KE5yMNJtLaTpkHT3rYW40dAEBSRhA7H4I3-nhsoqjCQHF4r3s-EBnFqe8oNQAo9dGkAAAGChljatw
DEBUG - 2022-08-10 15:02:27 --> =================== DL_auth -> kakao oauth :2: code=tJQFwYJL8KE5yMNJtLaTpkHT3rYW40dAEBSRhA7H4I3-nhsoqjCQHF4r3s-EBnFqe8oNQAo9dGkAAAGChljatw
DEBUG - 2022-08-10 15:02:27 --> ====================Dl_auth -> kakao_login :: 시작
DEBUG - 2022-08-10 15:02:27 --> --------------------Dl_auth::kakao_login - 1.토큰요청 시작
DEBUG - 2022-08-10 15:02:27 --> Dl_auth::kakao_login - get_token 시작 n=2
DEBUG - 2022-08-10 15:02:27 --> --------------------Dl_auth::kakao_login - 1.2.토큰요청 시작 -> 기타브라우저
DEBUG - 2022-08-10 15:02:27 --> --------------------Dl_auth::kakao_login - 1.3.토큰요청
DEBUG - 2022-08-10 15:02:27 --> --------------------Dl_auth::kakao_login - 1.4.토큰요청 -> 성공
DEBUG - 2022-08-10 15:02:27 --> UTF-8 Support Enabled
DEBUG - 2022-08-10 15:02:27 --> Global POST, GET and COOKIE data sanitized
DEBUG - 2022-08-10 15:02:27 --> Config file loaded: /hwonpark/www/application/config/tree.php
DEBUG - 2022-08-10 15:02:27 --> =================== DL_auth-> oauth::CALLBACK - 시작
DEBUG - 2022-08-10 15:02:27 --> =================== DL_auth-> oauth::CALLBACK - kakao param=:: error=
DEBUG - 2022-08-10 15:02:27 --> =================== DL_auth-> oauth::CALLBACK - kakao param=:: state=
DEBUG - 2022-08-10 15:02:27 --> =================== DL_auth-> oauth::CALLBACK - kakao param=:: code=tJQFwYJL8KE5yMNJtLaTpkHT3rYW40dAEBSRhA7H4I3-nhsoqjCQHF4r3s-EBnFqe8oNQAo9dGkAAAGChljatw
DEBUG - 2022-08-10 15:02:27 --> =================== DL_auth -> kakao oauth :2: code=tJQFwYJL8KE5yMNJtLaTpkHT3rYW40dAEBSRhA7H4I3-nhsoqjCQHF4r3s-EBnFqe8oNQAo9dGkAAAGChljatw
DEBUG - 2022-08-10 15:02:27 --> ====================Dl_auth -> kakao_login :: 시작
DEBUG - 2022-08-10 15:02:27 --> ====================Dl_auth::kakao_login - 1.3.5- 사이트 회원정보 업데이트 성공(카카오 인증 완료) state=
DEBUG - 2022-08-10 15:02:28 --> UTF-8 Support Enabled
DEBUG - 2022-08-10 15:02:28 --> Global POST, GET and COOKIE data sanitized
DEBUG - 2022-08-10 15:02:28 --> Config file loaded: /hwonpark/www/application/config/tree.php
DEBUG - 2022-08-10 15:02:28 --> Encryption: Auto-configured driver 'openssl'.
DEBUG - 2022-08-10 15:02:28 --> Total execution time: 0.0378
DEBUG - 2022-08-10 15:02:31 --> UTF-8 Support Enabled
DEBUG - 2022-08-10 15:02:31 --> Global POST, GET and COOKIE data sanitized
DEBUG - 2022-08-10 15:02:31 --> Config file loaded: /hwonpark/www/application/config/tree.php
DEBUG - 2022-08-10 15:02:31 --> Encryption: Auto-configured driver 'openssl'.
DEBUG - 2022-08-10 15:02:31 --> Total execution time: 0.0536
DEBUG - 2022-08-10 15:02:33 --> UTF-8 Support Enabled
DEBUG - 2022-08-10 15:02:33 --> Global POST, GET and COOKIE data sanitized
DEBUG - 2022-08-10 15:02:33 --> Config file loaded: /hwonpark/www/application/config/tree.php
DEBUG - 2022-08-10 15:02:33 --> Encryption: Auto-configured driver 'openssl'.
DEBUG - 2022-08-10 15:02:33 --> Total execution time: 0.0461
DEBUG - 2022-08-10 15:02:35 --> UTF-8 Support Enabled
DEBUG - 2022-08-10 15:02:35 --> Global POST, GET and COOKIE data sanitized
DEBUG - 2022-08-10 15:02:35 --> Config file loaded: /hwonpark/www/application/config/tree.php
DEBUG - 2022-08-10 15:02:35 --> Encryption: Auto-configured driver 'openssl'.
DEBUG - 2022-08-10 15:02:35 --> Total execution time: 0.0783
DEBUG - 2022-08-10 15:30:02 --> UTF-8 Support Enabled
DEBUG - 2022-08-10 15:30:02 --> No URI present. Default controller set.
DEBUG - 2022-08-10 15:30:02 --> Global POST, GET and COOKIE data sanitized
DEBUG - 2022-08-10 15:30:02 --> Config file loaded: /hwonpark/www/application/config/tree.php
DEBUG - 2022-08-10 15:30:02 --> Total execution time: 0.2433
DEBUG - 2022-08-10 15:41:24 --> UTF-8 Support Enabled
DEBUG - 2022-08-10 15:41:24 --> Global POST, GET and COOKIE data sanitized
DEBUG - 2022-08-10 15:41:24 --> Config file loaded: /hwonpark/www/application/config/tree.php
DEBUG - 2022-08-10 15:41:24 --> =================== DL_auth-> oauth::CALLBACK - 시작
DEBUG - 2022-08-10 15:41:24 --> =================== DL_auth-> oauth::CALLBACK - kakao param=:: error=
DEBUG - 2022-08-10 15:41:24 --> =================== DL_auth-> oauth::CALLBACK - kakao param=:: state=
DEBUG - 2022-08-10 15:41:24 --> =================== DL_auth-> oauth::CALLBACK - kakao param=:: code=loee5JTZ7SVeGrNeX9u-A5sWWpwglSZw46T4CsFQEeKdjSN507yKvvYUw0JU5pTqhdyhNAopcSEAAAGChnyHvQ
DEBUG - 2022-08-10 15:41:24 --> =================== DL_auth -> kakao oauth :2: code=loee5JTZ7SVeGrNeX9u-A5sWWpwglSZw46T4CsFQEeKdjSN507yKvvYUw0JU5pTqhdyhNAopcSEAAAGChnyHvQ
DEBUG - 2022-08-10 15:41:24 --> ====================Dl_auth -> kakao_login :: 시작
DEBUG - 2022-08-10 15:41:24 --> --------------------Dl_auth::kakao_login - 1.토큰요청 시작
DEBUG - 2022-08-10 15:41:24 --> Dl_auth::kakao_login - get_token 시작 n=2
DEBUG - 2022-08-10 15:41:24 --> --------------------Dl_auth::kakao_login - 1.2.토큰요청 시작 -> 기타브라우저
DEBUG - 2022-08-10 15:41:24 --> --------------------Dl_auth::kakao_login - 1.3.토큰요청
DEBUG - 2022-08-10 15:41:24 --> --------------------Dl_auth::kakao_login - 1.4.토큰요청 -> 성공
DEBUG - 2022-08-10 15:41:24 --> UTF-8 Support Enabled
DEBUG - 2022-08-10 15:41:24 --> Global POST, GET and COOKIE data sanitized
DEBUG - 2022-08-10 15:41:24 --> Config file loaded: /hwonpark/www/application/config/tree.php
DEBUG - 2022-08-10 15:41:24 --> =================== DL_auth-> oauth::CALLBACK - 시작
DEBUG - 2022-08-10 15:41:24 --> =================== DL_auth-> oauth::CALLBACK - kakao param=:: error=
DEBUG - 2022-08-10 15:41:24 --> =================== DL_auth-> oauth::CALLBACK - kakao param=:: state=
DEBUG - 2022-08-10 15:41:24 --> =================== DL_auth-> oauth::CALLBACK - kakao param=:: code=loee5JTZ7SVeGrNeX9u-A5sWWpwglSZw46T4CsFQEeKdjSN507yKvvYUw0JU5pTqhdyhNAopcSEAAAGChnyHvQ
DEBUG - 2022-08-10 15:41:24 --> =================== DL_auth -> kakao oauth :2: code=loee5JTZ7SVeGrNeX9u-A5sWWpwglSZw46T4CsFQEeKdjSN507yKvvYUw0JU5pTqhdyhNAopcSEAAAGChnyHvQ
DEBUG - 2022-08-10 15:41:24 --> ====================Dl_auth -> kakao_login :: 시작
DEBUG - 2022-08-10 15:41:24 --> ====================Dl_auth::kakao_login - 1.3.5- 사이트 회원정보 업데이트 성공(카카오 인증 완료) state=
DEBUG - 2022-08-10 15:41:26 --> UTF-8 Support Enabled
DEBUG - 2022-08-10 15:41:26 --> Global POST, GET and COOKIE data sanitized
DEBUG - 2022-08-10 15:41:26 --> Config file loaded: /hwonpark/www/application/config/tree.php
DEBUG - 2022-08-10 15:41:26 --> Encryption: Auto-configured driver 'openssl'.
DEBUG - 2022-08-10 15:41:26 --> Total execution time: 0.0507
DEBUG - 2022-08-10 15:41:30 --> UTF-8 Support Enabled
DEBUG - 2022-08-10 15:41:30 --> Global POST, GET and COOKIE data sanitized
DEBUG - 2022-08-10 15:41:30 --> Config file loaded: /hwonpark/www/application/config/tree.php
DEBUG - 2022-08-10 15:41:30 --> Encryption: Auto-configured driver 'openssl'.
DEBUG - 2022-08-10 15:41:30 --> Total execution time: 0.1638
DEBUG - 2022-08-10 15:41:32 --> UTF-8 Support Enabled
DEBUG - 2022-08-10 15:41:32 --> No URI present. Default controller set.
DEBUG - 2022-08-10 15:41:32 --> Global POST, GET and COOKIE data sanitized
DEBUG - 2022-08-10 15:41:32 --> Config file loaded: /hwonpark/www/application/config/tree.php
DEBUG - 2022-08-10 15:41:32 --> Encryption: Auto-configured driver 'openssl'.
DEBUG - 2022-08-10 15:41:32 --> Total execution time: 0.0361
DEBUG - 2022-08-10 15:41:39 --> UTF-8 Support Enabled
DEBUG - 2022-08-10 15:41:39 --> Global POST, GET and COOKIE data sanitized
DEBUG - 2022-08-10 15:41:39 --> Config file loaded: /hwonpark/www/application/config/tree.php
DEBUG - 2022-08-10 15:41:39 --> Encryption: Auto-configured driver 'openssl'.
DEBUG - 2022-08-10 15:41:39 --> Total execution time: 0.0417
DEBUG - 2022-08-10 15:41:45 --> UTF-8 Support Enabled
DEBUG - 2022-08-10 15:41:45 --> Global POST, GET and COOKIE data sanitized
DEBUG - 2022-08-10 15:41:45 --> Config file loaded: /hwonpark/www/application/config/tree.php
DEBUG - 2022-08-10 15:41:45 --> Encryption: Auto-configured driver 'openssl'.
DEBUG - 2022-08-10 15:41:45 --> Total execution time: 0.0751
DEBUG - 2022-08-10 16:05:03 --> UTF-8 Support Enabled
DEBUG - 2022-08-10 16:05:03 --> No URI present. Default controller set.
DEBUG - 2022-08-10 16:05:03 --> Global POST, GET and COOKIE data sanitized
DEBUG - 2022-08-10 16:05:03 --> Config file loaded: /hwonpark/www/application/config/tree.php
DEBUG - 2022-08-10 16:05:03 --> Total execution time: 0.0358
DEBUG - 2022-08-10 16:05:04 --> UTF-8 Support Enabled
DEBUG - 2022-08-10 16:05:04 --> Global POST, GET and COOKIE data sanitized
ERROR - 2022-08-10 16:05:04 --> 404 Page Not Found: Faviconico/index
DEBUG - 2022-08-10 16:05:07 --> UTF-8 Support Enabled
DEBUG - 2022-08-10 16:05:07 --> Global POST, GET and COOKIE data sanitized
DEBUG - 2022-08-10 16:05:07 --> Config file loaded: /hwonpark/www/application/config/tree.php
DEBUG - 2022-08-10 16:05:07 --> Total execution time: 0.0367
DEBUG - 2022-08-10 16:05:11 --> UTF-8 Support Enabled
DEBUG - 2022-08-10 16:05:11 --> Global POST, GET and COOKIE data sanitized
DEBUG - 2022-08-10 16:05:11 --> Config file loaded: /hwonpark/www/application/config/tree.php
DEBUG - 2022-08-10 16:05:11 --> Total execution time: 0.0404
DEBUG - 2022-08-10 16:05:17 --> UTF-8 Support Enabled
DEBUG - 2022-08-10 16:05:17 --> Global POST, GET and COOKIE data sanitized
DEBUG - 2022-08-10 16:05:17 --> Config file loaded: /hwonpark/www/application/config/tree.php
DEBUG - 2022-08-10 16:05:17 --> Total execution time: 0.0400
DEBUG - 2022-08-10 16:26:24 --> UTF-8 Support Enabled
DEBUG - 2022-08-10 16:26:24 --> No URI present. Default controller set.
DEBUG - 2022-08-10 16:26:24 --> Global POST, GET and COOKIE data sanitized
DEBUG - 2022-08-10 16:26:24 --> Config file loaded: /hwonpark/www/application/config/tree.php
DEBUG - 2022-08-10 16:26:24 --> Total execution time: 0.0299
DEBUG - 2022-08-10 16:26:25 --> UTF-8 Support Enabled
DEBUG - 2022-08-10 16:26:25 --> Global POST, GET and COOKIE data sanitized
ERROR - 2022-08-10 16:26:25 --> 404 Page Not Found: Faviconico/index
DEBUG - 2022-08-10 16:48:34 --> UTF-8 Support Enabled
DEBUG - 2022-08-10 16:48:34 --> Global POST, GET and COOKIE data sanitized
DEBUG - 2022-08-10 16:48:34 --> Config file loaded: /hwonpark/www/application/config/tree.php
DEBUG - 2022-08-10 16:48:34 --> Total execution time: 0.0503
DEBUG - 2022-08-10 16:48:34 --> UTF-8 Support Enabled
DEBUG - 2022-08-10 16:48:34 --> Global POST, GET and COOKIE data sanitized
DEBUG - 2022-08-10 16:48:34 --> Config file loaded: /hwonpark/www/application/config/tree.php
DEBUG - 2022-08-10 16:48:34 --> Total execution time: 0.0465
DEBUG - 2022-08-10 16:48:36 --> UTF-8 Support Enabled
DEBUG - 2022-08-10 16:48:36 --> No URI present. Default controller set.
DEBUG - 2022-08-10 16:48:36 --> Global POST, GET and COOKIE data sanitized
DEBUG - 2022-08-10 16:48:36 --> Config file loaded: /hwonpark/www/application/config/tree.php
DEBUG - 2022-08-10 16:48:36 --> Total execution time: 0.0743
DEBUG - 2022-08-10 17:03:05 --> UTF-8 Support Enabled
DEBUG - 2022-08-10 17:03:05 --> No URI present. Default controller set.
DEBUG - 2022-08-10 17:03:05 --> Global POST, GET and COOKIE data sanitized
DEBUG - 2022-08-10 17:03:05 --> Config file loaded: /hwonpark/www/application/config/tree.php
DEBUG - 2022-08-10 17:03:05 --> Total execution time: 0.0547
DEBUG - 2022-08-10 17:03:07 --> UTF-8 Support Enabled
DEBUG - 2022-08-10 17:03:07 --> Global POST, GET and COOKIE data sanitized
ERROR - 2022-08-10 17:03:07 --> 404 Page Not Found: Faviconico/index
DEBUG - 2022-08-10 17:05:44 --> UTF-8 Support Enabled
DEBUG - 2022-08-10 17:05:44 --> No URI present. Default controller set.
DEBUG - 2022-08-10 17:05:44 --> Global POST, GET and COOKIE data sanitized
DEBUG - 2022-08-10 17:05:44 --> Config file loaded: /hwonpark/www/application/config/tree.php
DEBUG - 2022-08-10 17:05:44 --> Total execution time: 0.0568
DEBUG - 2022-08-10 17:05:47 --> UTF-8 Support Enabled
DEBUG - 2022-08-10 17:05:47 --> Global POST, GET and COOKIE data sanitized
ERROR - 2022-08-10 17:05:47 --> 404 Page Not Found: Faviconico/index
DEBUG - 2022-08-10 17:06:57 --> UTF-8 Support Enabled
DEBUG - 2022-08-10 17:06:57 --> No URI present. Default controller set.
DEBUG - 2022-08-10 17:06:57 --> Global POST, GET and COOKIE data sanitized
DEBUG - 2022-08-10 17:06:57 --> Config file loaded: /hwonpark/www/application/config/tree.php
DEBUG - 2022-08-10 17:06:57 --> Total execution time: 0.0363
DEBUG - 2022-08-10 17:06:58 --> UTF-8 Support Enabled
DEBUG - 2022-08-10 17:06:58 --> Global POST, GET and COOKIE data sanitized
ERROR - 2022-08-10 17:06:58 --> 404 Page Not Found: Faviconico/index
DEBUG - 2022-08-10 17:17:35 --> UTF-8 Support Enabled
DEBUG - 2022-08-10 17:17:35 --> No URI present. Default controller set.
DEBUG - 2022-08-10 17:17:35 --> Global POST, GET and COOKIE data sanitized
DEBUG - 2022-08-10 17:17:35 --> Config file loaded: /hwonpark/www/application/config/tree.php
DEBUG - 2022-08-10 17:17:35 --> Total execution time: 0.0429
DEBUG - 2022-08-10 17:19:02 --> UTF-8 Support Enabled
DEBUG - 2022-08-10 17:19:02 --> Global POST, GET and COOKIE data sanitized
DEBUG - 2022-08-10 17:19:02 --> Config file loaded: /hwonpark/www/application/config/tree.php
DEBUG - 2022-08-10 17:19:02 --> Total execution time: 0.1617
DEBUG - 2022-08-10 17:21:32 --> UTF-8 Support Enabled
DEBUG - 2022-08-10 17:21:32 --> No URI present. Default controller set.
DEBUG - 2022-08-10 17:21:32 --> Global POST, GET and COOKIE data sanitized
DEBUG - 2022-08-10 17:21:32 --> Config file loaded: /hwonpark/www/application/config/tree.php
DEBUG - 2022-08-10 17:21:32 --> Total execution time: 0.0301
DEBUG - 2022-08-10 17:21:33 --> UTF-8 Support Enabled
DEBUG - 2022-08-10 17:21:33 --> Global POST, GET and COOKIE data sanitized
ERROR - 2022-08-10 17:21:33 --> 404 Page Not Found: Faviconico/index
DEBUG - 2022-08-10 17:29:04 --> UTF-8 Support Enabled
DEBUG - 2022-08-10 17:29:04 --> No URI present. Default controller set.
DEBUG - 2022-08-10 17:29:04 --> Global POST, GET and COOKIE data sanitized
DEBUG - 2022-08-10 17:29:04 --> Config file loaded: /hwonpark/www/application/config/tree.php
DEBUG - 2022-08-10 17:29:04 --> Total execution time: 0.0310
DEBUG - 2022-08-10 17:29:08 --> UTF-8 Support Enabled
DEBUG - 2022-08-10 17:29:08 --> Global POST, GET and COOKIE data sanitized
DEBUG - 2022-08-10 17:29:08 --> Config file loaded: /hwonpark/www/application/config/tree.php
DEBUG - 2022-08-10 17:29:08 --> Total execution time: 0.0949
DEBUG - 2022-08-10 18:15:46 --> UTF-8 Support Enabled
DEBUG - 2022-08-10 18:15:46 --> No URI present. Default controller set.
DEBUG - 2022-08-10 18:15:46 --> Global POST, GET and COOKIE data sanitized
DEBUG - 2022-08-10 18:15:46 --> Config file loaded: /hwonpark/www/application/config/tree.php
DEBUG - 2022-08-10 18:15:46 --> Total execution time: 0.0333
DEBUG - 2022-08-10 18:15:47 --> UTF-8 Support Enabled
DEBUG - 2022-08-10 18:15:47 --> Global POST, GET and COOKIE data sanitized
ERROR - 2022-08-10 18:15:47 --> 404 Page Not Found: Faviconico/index
DEBUG - 2022-08-10 18:47:03 --> UTF-8 Support Enabled
DEBUG - 2022-08-10 18:47:03 --> Global POST, GET and COOKIE data sanitized
DEBUG - 2022-08-10 18:47:03 --> Config file loaded: /hwonpark/www/application/config/tree.php
DEBUG - 2022-08-10 18:47:03 --> Total execution time: 0.0776
DEBUG - 2022-08-10 18:47:18 --> UTF-8 Support Enabled
DEBUG - 2022-08-10 18:47:18 --> Global POST, GET and COOKIE data sanitized
ERROR - 2022-08-10 18:47:18 --> 404 Page Not Found: Faviconico/index
DEBUG - 2022-08-10 19:13:47 --> UTF-8 Support Enabled
DEBUG - 2022-08-10 19:13:47 --> No URI present. Default controller set.
DEBUG - 2022-08-10 19:13:47 --> Global POST, GET and COOKIE data sanitized
DEBUG - 2022-08-10 19:13:47 --> Config file loaded: /hwonpark/www/application/config/tree.php
DEBUG - 2022-08-10 19:13:47 --> Total execution time: 0.0305
DEBUG - 2022-08-10 22:58:33 --> UTF-8 Support Enabled
DEBUG - 2022-08-10 22:58:33 --> No URI present. Default controller set.
DEBUG - 2022-08-10 22:58:33 --> Global POST, GET and COOKIE data sanitized
DEBUG - 2022-08-10 22:58:33 --> Config file loaded: /hwonpark/www/application/config/tree.php
DEBUG - 2022-08-10 22:58:34 --> Total execution time: 0.1697
DEBUG - 2022-08-10 22:58:35 --> UTF-8 Support Enabled
DEBUG - 2022-08-10 22:58:35 --> Global POST, GET and COOKIE data sanitized
ERROR - 2022-08-10 22:58:35 --> 404 Page Not Found: Faviconico/index
DEBUG - 2022-08-10 22:59:10 --> UTF-8 Support Enabled
DEBUG - 2022-08-10 22:59:10 --> Global POST, GET and COOKIE data sanitized
DEBUG - 2022-08-10 22:59:10 --> Config file loaded: /hwonpark/www/application/config/tree.php
DEBUG - 2022-08-10 22:59:10 --> Total execution time: 0.1022
DEBUG - 2022-08-10 22:59:14 --> UTF-8 Support Enabled
DEBUG - 2022-08-10 22:59:14 --> No URI present. Default controller set.
DEBUG - 2022-08-10 22:59:14 --> Global POST, GET and COOKIE data sanitized
DEBUG - 2022-08-10 22:59:14 --> Config file loaded: /hwonpark/www/application/config/tree.php
DEBUG - 2022-08-10 22:59:14 --> Total execution time: 0.0318
DEBUG - 2022-08-10 23:55:46 --> UTF-8 Support Enabled
DEBUG - 2022-08-10 23:55:46 --> Global POST, GET and COOKIE data sanitized
DEBUG - 2022-08-10 23:55:46 --> Config file loaded: /hwonpark/www/application/config/tree.php
DEBUG - 2022-08-10 23:55:48 --> UTF-8 Support Enabled
DEBUG - 2022-08-10 23:55:48 --> Global POST, GET and COOKIE data sanitized
DEBUG - 2022-08-10 23:55:48 --> Config file loaded: /hwonpark/www/application/config/tree.php
DEBUG - 2022-08-10 23:55:48 --> Total execution time: 0.0326
DEBUG - 2022-08-10 23:55:51 --> UTF-8 Support Enabled
DEBUG - 2022-08-10 23:55:51 --> Global POST, GET and COOKIE data sanitized
ERROR - 2022-08-10 23:55:51 --> 404 Page Not Found: Faviconico/index
