DEBUG - 2022-10-04 09:09:25 --> UTF-8 Support Enabled
DEBUG - 2022-10-04 09:09:25 --> No URI present. Default controller set.
DEBUG - 2022-10-04 09:09:25 --> Global POST, GET and COOKIE data sanitized
DEBUG - 2022-10-04 09:09:25 --> Config file loaded: /hwonpark/www/application/config/tree.php
DEBUG - 2022-10-04 09:09:25 --> Total execution time: 0.3525
DEBUG - 2022-10-04 09:09:28 --> UTF-8 Support Enabled
DEBUG - 2022-10-04 09:09:28 --> Global POST, GET and COOKIE data sanitized
ERROR - 2022-10-04 09:09:28 --> 404 Page Not Found: Faviconico/index
DEBUG - 2022-10-04 09:09:39 --> UTF-8 Support Enabled
DEBUG - 2022-10-04 09:09:39 --> Global POST, GET and COOKIE data sanitized
DEBUG - 2022-10-04 09:09:39 --> Config file loaded: /hwonpark/www/application/config/tree.php
DEBUG - 2022-10-04 09:09:39 --> Total execution time: 0.0574
DEBUG - 2022-10-04 09:10:01 --> UTF-8 Support Enabled
DEBUG - 2022-10-04 09:10:01 --> Global POST, GET and COOKIE data sanitized
DEBUG - 2022-10-04 09:10:01 --> Config file loaded: /hwonpark/www/application/config/tree.php
DEBUG - 2022-10-04 09:10:05 --> UTF-8 Support Enabled
DEBUG - 2022-10-04 09:10:05 --> Global POST, GET and COOKIE data sanitized
DEBUG - 2022-10-04 09:10:05 --> Config file loaded: /hwonpark/www/application/config/tree.php
DEBUG - 2022-10-04 09:10:05 --> Total execution time: 0.0267
DEBUG - 2022-10-04 09:10:10 --> UTF-8 Support Enabled
DEBUG - 2022-10-04 09:10:10 --> Global POST, GET and COOKIE data sanitized
DEBUG - 2022-10-04 09:10:10 --> Config file loaded: /hwonpark/www/application/config/tree.php
DEBUG - 2022-10-04 09:10:12 --> UTF-8 Support Enabled
DEBUG - 2022-10-04 09:10:12 --> Global POST, GET and COOKIE data sanitized
DEBUG - 2022-10-04 09:10:12 --> Config file loaded: /hwonpark/www/application/config/tree.php
DEBUG - 2022-10-04 09:10:12 --> Total execution time: 0.0556
DEBUG - 2022-10-04 09:10:18 --> UTF-8 Support Enabled
DEBUG - 2022-10-04 09:10:18 --> Global POST, GET and COOKIE data sanitized
DEBUG - 2022-10-04 09:10:18 --> Config file loaded: /hwonpark/www/application/config/tree.php
DEBUG - 2022-10-04 09:10:19 --> UTF-8 Support Enabled
DEBUG - 2022-10-04 09:10:19 --> Global POST, GET and COOKIE data sanitized
DEBUG - 2022-10-04 09:10:19 --> Config file loaded: /hwonpark/www/application/config/tree.php
DEBUG - 2022-10-04 09:10:19 --> Encryption: Auto-configured driver 'openssl'.
DEBUG - 2022-10-04 09:10:19 --> UTF-8 Support Enabled
DEBUG - 2022-10-04 09:10:19 --> Global POST, GET and COOKIE data sanitized
DEBUG - 2022-10-04 09:10:19 --> Config file loaded: /hwonpark/www/application/config/tree.php
DEBUG - 2022-10-04 09:10:19 --> Encryption: Auto-configured driver 'openssl'.
DEBUG - 2022-10-04 09:10:19 --> Encryption class already loaded. Second attempt ignored.
DEBUG - 2022-10-04 09:10:19 --> Total execution time: 0.0572
DEBUG - 2022-10-04 09:10:22 --> UTF-8 Support Enabled
DEBUG - 2022-10-04 09:10:22 --> Global POST, GET and COOKIE data sanitized
DEBUG - 2022-10-04 09:10:22 --> Config file loaded: /hwonpark/www/application/config/tree.php
DEBUG - 2022-10-04 09:10:22 --> Encryption: Auto-configured driver 'openssl'.
DEBUG - 2022-10-04 09:10:22 --> Encryption class already loaded. Second attempt ignored.
DEBUG - 2022-10-04 09:10:22 --> Total execution time: 0.0353
DEBUG - 2022-10-04 09:10:24 --> UTF-8 Support Enabled
DEBUG - 2022-10-04 09:10:24 --> Global POST, GET and COOKIE data sanitized
DEBUG - 2022-10-04 09:10:24 --> Total execution time: 0.0201
DEBUG - 2022-10-04 09:10:25 --> UTF-8 Support Enabled
DEBUG - 2022-10-04 09:10:25 --> Global POST, GET and COOKIE data sanitized
DEBUG - 2022-10-04 09:10:25 --> Config file loaded: /hwonpark/www/application/config/tree.php
DEBUG - 2022-10-04 09:10:25 --> Encryption: Auto-configured driver 'openssl'.
DEBUG - 2022-10-04 09:10:25 --> Encryption class already loaded. Second attempt ignored.
DEBUG - 2022-10-04 09:10:25 --> Total execution time: 0.0355
DEBUG - 2022-10-04 09:10:27 --> UTF-8 Support Enabled
DEBUG - 2022-10-04 09:10:27 --> Global POST, GET and COOKIE data sanitized
DEBUG - 2022-10-04 09:10:27 --> Total execution time: 0.0353
DEBUG - 2022-10-04 09:10:28 --> UTF-8 Support Enabled
DEBUG - 2022-10-04 09:10:28 --> Global POST, GET and COOKIE data sanitized
DEBUG - 2022-10-04 09:10:28 --> Config file loaded: /hwonpark/www/application/config/tree.php
DEBUG - 2022-10-04 09:10:28 --> Encryption: Auto-configured driver 'openssl'.
DEBUG - 2022-10-04 09:10:28 --> Encryption class already loaded. Second attempt ignored.
DEBUG - 2022-10-04 09:10:28 --> Total execution time: 0.0334
DEBUG - 2022-10-04 09:11:47 --> UTF-8 Support Enabled
DEBUG - 2022-10-04 09:11:47 --> Global POST, GET and COOKIE data sanitized
DEBUG - 2022-10-04 09:11:47 --> Config file loaded: /hwonpark/www/application/config/tree.php
DEBUG - 2022-10-04 09:11:47 --> Encryption: Auto-configured driver 'openssl'.
DEBUG - 2022-10-04 09:11:47 --> Encryption class already loaded. Second attempt ignored.
DEBUG - 2022-10-04 09:11:47 --> Total execution time: 0.0374
DEBUG - 2022-10-04 09:12:26 --> UTF-8 Support Enabled
DEBUG - 2022-10-04 09:12:26 --> Global POST, GET and COOKIE data sanitized
DEBUG - 2022-10-04 09:12:26 --> Config file loaded: /hwonpark/www/application/config/tree.php
DEBUG - 2022-10-04 09:12:26 --> Encryption: Auto-configured driver 'openssl'.
DEBUG - 2022-10-04 09:12:26 --> Encryption class already loaded. Second attempt ignored.
DEBUG - 2022-10-04 09:12:26 --> Total execution time: 0.0819
DEBUG - 2022-10-04 09:13:21 --> UTF-8 Support Enabled
DEBUG - 2022-10-04 09:13:21 --> Global POST, GET and COOKIE data sanitized
DEBUG - 2022-10-04 09:13:22 --> Config file loaded: /hwonpark/www/application/config/tree.php
DEBUG - 2022-10-04 09:13:22 --> Encryption: Auto-configured driver 'openssl'.
DEBUG - 2022-10-04 09:13:22 --> Encryption class already loaded. Second attempt ignored.
DEBUG - 2022-10-04 09:13:22 --> Total execution time: 0.0444
DEBUG - 2022-10-04 09:16:07 --> UTF-8 Support Enabled
DEBUG - 2022-10-04 09:16:07 --> Global POST, GET and COOKIE data sanitized
DEBUG - 2022-10-04 09:16:07 --> Config file loaded: /hwonpark/www/application/config/tree.php
DEBUG - 2022-10-04 09:16:07 --> Encryption: Auto-configured driver 'openssl'.
DEBUG - 2022-10-04 09:16:07 --> Encryption class already loaded. Second attempt ignored.
DEBUG - 2022-10-04 09:16:07 --> Total execution time: 0.0545
DEBUG - 2022-10-04 09:16:10 --> UTF-8 Support Enabled
DEBUG - 2022-10-04 09:16:10 --> Global POST, GET and COOKIE data sanitized
DEBUG - 2022-10-04 09:16:10 --> Config file loaded: /hwonpark/www/application/config/tree.php
DEBUG - 2022-10-04 09:16:10 --> Encryption: Auto-configured driver 'openssl'.
DEBUG - 2022-10-04 09:16:10 --> Encryption class already loaded. Second attempt ignored.
DEBUG - 2022-10-04 09:16:10 --> Total execution time: 0.0652
DEBUG - 2022-10-04 09:46:41 --> UTF-8 Support Enabled
DEBUG - 2022-10-04 09:46:41 --> Global POST, GET and COOKIE data sanitized
DEBUG - 2022-10-04 09:46:41 --> Config file loaded: /hwonpark/www/application/config/tree.php
DEBUG - 2022-10-04 09:46:41 --> Total execution time: 0.0395
DEBUG - 2022-10-04 09:46:42 --> UTF-8 Support Enabled
DEBUG - 2022-10-04 09:46:42 --> Global POST, GET and COOKIE data sanitized
ERROR - 2022-10-04 09:46:42 --> 404 Page Not Found: Faviconico/index
DEBUG - 2022-10-04 09:46:48 --> UTF-8 Support Enabled
DEBUG - 2022-10-04 09:46:48 --> Global POST, GET and COOKIE data sanitized
DEBUG - 2022-10-04 09:46:48 --> Config file loaded: /hwonpark/www/application/config/tree.php
DEBUG - 2022-10-04 09:46:49 --> UTF-8 Support Enabled
DEBUG - 2022-10-04 09:46:49 --> Global POST, GET and COOKIE data sanitized
DEBUG - 2022-10-04 09:46:49 --> Config file loaded: /hwonpark/www/application/config/tree.php
DEBUG - 2022-10-04 09:46:49 --> Encryption: Auto-configured driver 'openssl'.
DEBUG - 2022-10-04 09:46:49 --> UTF-8 Support Enabled
DEBUG - 2022-10-04 09:46:49 --> Global POST, GET and COOKIE data sanitized
DEBUG - 2022-10-04 09:46:49 --> Config file loaded: /hwonpark/www/application/config/tree.php
DEBUG - 2022-10-04 09:46:49 --> Encryption: Auto-configured driver 'openssl'.
DEBUG - 2022-10-04 09:46:49 --> Encryption class already loaded. Second attempt ignored.
DEBUG - 2022-10-04 09:46:49 --> Total execution time: 0.0373
DEBUG - 2022-10-04 09:46:54 --> UTF-8 Support Enabled
DEBUG - 2022-10-04 09:46:54 --> Global POST, GET and COOKIE data sanitized
DEBUG - 2022-10-04 09:46:54 --> Config file loaded: /hwonpark/www/application/config/tree.php
DEBUG - 2022-10-04 09:46:54 --> Encryption: Auto-configured driver 'openssl'.
DEBUG - 2022-10-04 09:46:54 --> Total execution time: 0.0624
DEBUG - 2022-10-04 09:46:57 --> UTF-8 Support Enabled
DEBUG - 2022-10-04 09:46:57 --> Global POST, GET and COOKIE data sanitized
DEBUG - 2022-10-04 09:46:57 --> Config file loaded: /hwonpark/www/application/config/tree.php
DEBUG - 2022-10-04 09:46:57 --> Encryption: Auto-configured driver 'openssl'.
DEBUG - 2022-10-04 09:46:57 --> Total execution time: 0.0405
DEBUG - 2022-10-04 09:47:19 --> UTF-8 Support Enabled
DEBUG - 2022-10-04 09:47:19 --> Global POST, GET and COOKIE data sanitized
DEBUG - 2022-10-04 09:47:19 --> Config file loaded: /hwonpark/www/application/config/tree.php
DEBUG - 2022-10-04 09:47:19 --> Encryption: Auto-configured driver 'openssl'.
DEBUG - 2022-10-04 09:47:19 --> Total execution time: 0.0705
DEBUG - 2022-10-04 09:48:00 --> UTF-8 Support Enabled
DEBUG - 2022-10-04 09:48:00 --> Global POST, GET and COOKIE data sanitized
DEBUG - 2022-10-04 09:48:00 --> Config file loaded: /hwonpark/www/application/config/tree.php
DEBUG - 2022-10-04 09:48:00 --> Encryption: Auto-configured driver 'openssl'.
DEBUG - 2022-10-04 09:48:01 --> UTF-8 Support Enabled
DEBUG - 2022-10-04 09:48:01 --> Global POST, GET and COOKIE data sanitized
DEBUG - 2022-10-04 09:48:02 --> Config file loaded: /hwonpark/www/application/config/tree.php
DEBUG - 2022-10-04 09:48:02 --> Encryption: Auto-configured driver 'openssl'.
DEBUG - 2022-10-04 09:48:02 --> Total execution time: 0.4010
DEBUG - 2022-10-04 09:49:31 --> UTF-8 Support Enabled
DEBUG - 2022-10-04 09:49:31 --> Global POST, GET and COOKIE data sanitized
DEBUG - 2022-10-04 09:49:31 --> Config file loaded: /hwonpark/www/application/config/tree.php
DEBUG - 2022-10-04 09:49:31 --> Encryption: Auto-configured driver 'openssl'.
DEBUG - 2022-10-04 09:49:31 --> Total execution time: 0.0722
DEBUG - 2022-10-04 09:50:10 --> UTF-8 Support Enabled
DEBUG - 2022-10-04 09:50:10 --> Global POST, GET and COOKIE data sanitized
DEBUG - 2022-10-04 09:50:10 --> Config file loaded: /hwonpark/www/application/config/tree.php
DEBUG - 2022-10-04 09:50:10 --> Encryption: Auto-configured driver 'openssl'.
DEBUG - 2022-10-04 09:50:11 --> UTF-8 Support Enabled
DEBUG - 2022-10-04 09:50:11 --> Global POST, GET and COOKIE data sanitized
DEBUG - 2022-10-04 09:50:11 --> Config file loaded: /hwonpark/www/application/config/tree.php
DEBUG - 2022-10-04 09:50:11 --> Encryption: Auto-configured driver 'openssl'.
DEBUG - 2022-10-04 09:50:11 --> Total execution time: 0.0610
DEBUG - 2022-10-04 09:51:40 --> UTF-8 Support Enabled
DEBUG - 2022-10-04 09:51:40 --> Global POST, GET and COOKIE data sanitized
DEBUG - 2022-10-04 09:51:40 --> Config file loaded: /hwonpark/www/application/config/tree.php
DEBUG - 2022-10-04 09:51:41 --> Encryption: Auto-configured driver 'openssl'.
DEBUG - 2022-10-04 09:51:41 --> Total execution time: 0.0812
DEBUG - 2022-10-04 09:52:19 --> UTF-8 Support Enabled
DEBUG - 2022-10-04 09:52:19 --> Global POST, GET and COOKIE data sanitized
DEBUG - 2022-10-04 09:52:19 --> Config file loaded: /hwonpark/www/application/config/tree.php
DEBUG - 2022-10-04 09:52:19 --> Encryption: Auto-configured driver 'openssl'.
DEBUG - 2022-10-04 09:52:20 --> UTF-8 Support Enabled
DEBUG - 2022-10-04 09:52:20 --> Global POST, GET and COOKIE data sanitized
DEBUG - 2022-10-04 09:52:20 --> Config file loaded: /hwonpark/www/application/config/tree.php
DEBUG - 2022-10-04 09:52:20 --> Encryption: Auto-configured driver 'openssl'.
DEBUG - 2022-10-04 09:52:20 --> Total execution time: 0.0387
DEBUG - 2022-10-04 09:55:03 --> UTF-8 Support Enabled
DEBUG - 2022-10-04 09:55:03 --> Global POST, GET and COOKIE data sanitized
DEBUG - 2022-10-04 09:55:03 --> Config file loaded: /hwonpark/www/application/config/tree.php
DEBUG - 2022-10-04 09:55:03 --> Encryption: Auto-configured driver 'openssl'.
DEBUG - 2022-10-04 09:55:03 --> Total execution time: 0.1710
DEBUG - 2022-10-04 09:55:38 --> UTF-8 Support Enabled
DEBUG - 2022-10-04 09:55:38 --> Global POST, GET and COOKIE data sanitized
DEBUG - 2022-10-04 09:55:38 --> Config file loaded: /hwonpark/www/application/config/tree.php
DEBUG - 2022-10-04 09:55:38 --> Encryption: Auto-configured driver 'openssl'.
DEBUG - 2022-10-04 09:55:40 --> UTF-8 Support Enabled
DEBUG - 2022-10-04 09:55:40 --> Global POST, GET and COOKIE data sanitized
DEBUG - 2022-10-04 09:55:40 --> Config file loaded: /hwonpark/www/application/config/tree.php
DEBUG - 2022-10-04 09:55:40 --> Encryption: Auto-configured driver 'openssl'.
DEBUG - 2022-10-04 09:55:40 --> Total execution time: 0.0689
DEBUG - 2022-10-04 09:56:13 --> UTF-8 Support Enabled
DEBUG - 2022-10-04 09:56:13 --> Global POST, GET and COOKIE data sanitized
DEBUG - 2022-10-04 09:56:14 --> Config file loaded: /hwonpark/www/application/config/tree.php
DEBUG - 2022-10-04 09:56:14 --> Encryption: Auto-configured driver 'openssl'.
DEBUG - 2022-10-04 09:56:14 --> Total execution time: 0.0611
DEBUG - 2022-10-04 09:56:16 --> UTF-8 Support Enabled
DEBUG - 2022-10-04 09:56:16 --> Global POST, GET and COOKIE data sanitized
DEBUG - 2022-10-04 09:56:16 --> Config file loaded: /hwonpark/www/application/config/tree.php
DEBUG - 2022-10-04 09:56:16 --> Encryption: Auto-configured driver 'openssl'.
DEBUG - 2022-10-04 09:56:16 --> Total execution time: 0.0680
DEBUG - 2022-10-04 09:56:18 --> UTF-8 Support Enabled
DEBUG - 2022-10-04 09:56:18 --> Global POST, GET and COOKIE data sanitized
DEBUG - 2022-10-04 09:56:18 --> Config file loaded: /hwonpark/www/application/config/tree.php
DEBUG - 2022-10-04 09:56:18 --> Encryption: Auto-configured driver 'openssl'.
DEBUG - 2022-10-04 09:56:18 --> Total execution time: 0.0478
DEBUG - 2022-10-04 09:56:20 --> UTF-8 Support Enabled
DEBUG - 2022-10-04 09:56:20 --> Global POST, GET and COOKIE data sanitized
DEBUG - 2022-10-04 09:56:20 --> Config file loaded: /hwonpark/www/application/config/tree.php
DEBUG - 2022-10-04 09:56:20 --> Encryption: Auto-configured driver 'openssl'.
DEBUG - 2022-10-04 09:56:20 --> Total execution time: 0.0454
DEBUG - 2022-10-04 09:56:23 --> UTF-8 Support Enabled
DEBUG - 2022-10-04 09:56:23 --> Global POST, GET and COOKIE data sanitized
DEBUG - 2022-10-04 09:56:23 --> Config file loaded: /hwonpark/www/application/config/tree.php
DEBUG - 2022-10-04 09:56:23 --> Encryption: Auto-configured driver 'openssl'.
DEBUG - 2022-10-04 09:56:23 --> Total execution time: 0.0479
DEBUG - 2022-10-04 09:56:36 --> UTF-8 Support Enabled
DEBUG - 2022-10-04 09:56:36 --> Global POST, GET and COOKIE data sanitized
DEBUG - 2022-10-04 09:56:36 --> Config file loaded: /hwonpark/www/application/config/tree.php
DEBUG - 2022-10-04 09:56:36 --> Encryption: Auto-configured driver 'openssl'.
DEBUG - 2022-10-04 09:56:36 --> UTF-8 Support Enabled
DEBUG - 2022-10-04 09:56:36 --> Global POST, GET and COOKIE data sanitized
DEBUG - 2022-10-04 09:56:36 --> Config file loaded: /hwonpark/www/application/config/tree.php
DEBUG - 2022-10-04 09:56:36 --> Encryption: Auto-configured driver 'openssl'.
DEBUG - 2022-10-04 09:56:36 --> Total execution time: 0.0345
DEBUG - 2022-10-04 09:56:40 --> UTF-8 Support Enabled
DEBUG - 2022-10-04 09:56:40 --> Global POST, GET and COOKIE data sanitized
DEBUG - 2022-10-04 09:56:40 --> Config file loaded: /hwonpark/www/application/config/tree.php
DEBUG - 2022-10-04 09:56:40 --> Encryption: Auto-configured driver 'openssl'.
DEBUG - 2022-10-04 09:56:40 --> Total execution time: 0.0515
DEBUG - 2022-10-04 09:56:47 --> UTF-8 Support Enabled
DEBUG - 2022-10-04 09:56:47 --> Global POST, GET and COOKIE data sanitized
DEBUG - 2022-10-04 09:56:47 --> Config file loaded: /hwonpark/www/application/config/tree.php
DEBUG - 2022-10-04 09:56:47 --> Encryption: Auto-configured driver 'openssl'.
DEBUG - 2022-10-04 09:56:47 --> Total execution time: 0.0590
DEBUG - 2022-10-04 09:56:52 --> UTF-8 Support Enabled
DEBUG - 2022-10-04 09:56:52 --> Global POST, GET and COOKIE data sanitized
DEBUG - 2022-10-04 09:56:52 --> Config file loaded: /hwonpark/www/application/config/tree.php
DEBUG - 2022-10-04 09:56:52 --> Encryption: Auto-configured driver 'openssl'.
DEBUG - 2022-10-04 09:56:52 --> Total execution time: 0.0595
DEBUG - 2022-10-04 09:57:13 --> UTF-8 Support Enabled
DEBUG - 2022-10-04 09:57:13 --> Global POST, GET and COOKIE data sanitized
DEBUG - 2022-10-04 09:57:13 --> Config file loaded: /hwonpark/www/application/config/tree.php
DEBUG - 2022-10-04 09:57:13 --> Encryption: Auto-configured driver 'openssl'.
DEBUG - 2022-10-04 09:57:13 --> Total execution time: 0.0369
DEBUG - 2022-10-04 09:57:47 --> UTF-8 Support Enabled
DEBUG - 2022-10-04 09:57:47 --> Global POST, GET and COOKIE data sanitized
DEBUG - 2022-10-04 09:57:47 --> Config file loaded: /hwonpark/www/application/config/tree.php
DEBUG - 2022-10-04 09:57:47 --> Encryption: Auto-configured driver 'openssl'.
DEBUG - 2022-10-04 09:57:47 --> Total execution time: 0.0746
DEBUG - 2022-10-04 09:58:32 --> UTF-8 Support Enabled
DEBUG - 2022-10-04 09:58:32 --> Global POST, GET and COOKIE data sanitized
DEBUG - 2022-10-04 09:58:32 --> Config file loaded: /hwonpark/www/application/config/tree.php
DEBUG - 2022-10-04 09:58:32 --> Encryption: Auto-configured driver 'openssl'.
DEBUG - 2022-10-04 09:58:33 --> UTF-8 Support Enabled
DEBUG - 2022-10-04 09:58:33 --> Global POST, GET and COOKIE data sanitized
DEBUG - 2022-10-04 09:58:33 --> Config file loaded: /hwonpark/www/application/config/tree.php
DEBUG - 2022-10-04 09:58:33 --> Encryption: Auto-configured driver 'openssl'.
DEBUG - 2022-10-04 09:58:33 --> Total execution time: 0.0349
DEBUG - 2022-10-04 09:58:35 --> UTF-8 Support Enabled
DEBUG - 2022-10-04 09:58:35 --> Global POST, GET and COOKIE data sanitized
DEBUG - 2022-10-04 09:58:35 --> Config file loaded: /hwonpark/www/application/config/tree.php
DEBUG - 2022-10-04 09:58:35 --> Encryption: Auto-configured driver 'openssl'.
DEBUG - 2022-10-04 09:58:35 --> Total execution time: 0.0639
DEBUG - 2022-10-04 09:58:35 --> UTF-8 Support Enabled
DEBUG - 2022-10-04 09:58:35 --> Global POST, GET and COOKIE data sanitized
DEBUG - 2022-10-04 09:58:35 --> Config file loaded: /hwonpark/www/application/config/tree.php
DEBUG - 2022-10-04 09:58:35 --> Encryption: Auto-configured driver 'openssl'.
DEBUG - 2022-10-04 09:58:36 --> Total execution time: 0.0439
DEBUG - 2022-10-04 09:58:39 --> UTF-8 Support Enabled
DEBUG - 2022-10-04 09:58:39 --> Global POST, GET and COOKIE data sanitized
DEBUG - 2022-10-04 09:58:39 --> Config file loaded: /hwonpark/www/application/config/tree.php
DEBUG - 2022-10-04 09:58:39 --> Encryption: Auto-configured driver 'openssl'.
DEBUG - 2022-10-04 09:58:39 --> Total execution time: 0.0716
DEBUG - 2022-10-04 09:58:40 --> UTF-8 Support Enabled
DEBUG - 2022-10-04 09:58:40 --> Global POST, GET and COOKIE data sanitized
DEBUG - 2022-10-04 09:58:40 --> Config file loaded: /hwonpark/www/application/config/tree.php
DEBUG - 2022-10-04 09:58:40 --> Encryption: Auto-configured driver 'openssl'.
DEBUG - 2022-10-04 09:58:40 --> Total execution time: 0.0668
DEBUG - 2022-10-04 09:58:41 --> UTF-8 Support Enabled
DEBUG - 2022-10-04 09:58:41 --> Global POST, GET and COOKIE data sanitized
DEBUG - 2022-10-04 09:58:41 --> Config file loaded: /hwonpark/www/application/config/tree.php
DEBUG - 2022-10-04 09:58:41 --> Encryption: Auto-configured driver 'openssl'.
DEBUG - 2022-10-04 09:58:41 --> Total execution time: 0.0428
DEBUG - 2022-10-04 10:01:05 --> UTF-8 Support Enabled
DEBUG - 2022-10-04 10:01:05 --> Global POST, GET and COOKIE data sanitized
DEBUG - 2022-10-04 10:01:05 --> Config file loaded: /hwonpark/www/application/config/tree.php
DEBUG - 2022-10-04 10:01:05 --> Encryption: Auto-configured driver 'openssl'.
DEBUG - 2022-10-04 10:01:05 --> UTF-8 Support Enabled
DEBUG - 2022-10-04 10:01:05 --> Global POST, GET and COOKIE data sanitized
DEBUG - 2022-10-04 10:01:05 --> Config file loaded: /hwonpark/www/application/config/tree.php
DEBUG - 2022-10-04 10:01:05 --> Encryption: Auto-configured driver 'openssl'.
DEBUG - 2022-10-04 10:01:05 --> Total execution time: 0.0382
DEBUG - 2022-10-04 10:01:13 --> UTF-8 Support Enabled
DEBUG - 2022-10-04 10:01:13 --> Global POST, GET and COOKIE data sanitized
DEBUG - 2022-10-04 10:01:13 --> Config file loaded: /hwonpark/www/application/config/tree.php
DEBUG - 2022-10-04 10:01:13 --> Encryption: Auto-configured driver 'openssl'.
DEBUG - 2022-10-04 10:01:13 --> Total execution time: 0.0486
DEBUG - 2022-10-04 10:01:16 --> UTF-8 Support Enabled
DEBUG - 2022-10-04 10:01:16 --> Global POST, GET and COOKIE data sanitized
DEBUG - 2022-10-04 10:01:16 --> Config file loaded: /hwonpark/www/application/config/tree.php
DEBUG - 2022-10-04 10:01:16 --> Encryption: Auto-configured driver 'openssl'.
DEBUG - 2022-10-04 10:01:16 --> Total execution time: 0.0618
DEBUG - 2022-10-04 10:01:17 --> UTF-8 Support Enabled
DEBUG - 2022-10-04 10:01:17 --> Global POST, GET and COOKIE data sanitized
DEBUG - 2022-10-04 10:01:17 --> Config file loaded: /hwonpark/www/application/config/tree.php
DEBUG - 2022-10-04 10:01:17 --> Encryption: Auto-configured driver 'openssl'.
DEBUG - 2022-10-04 10:01:17 --> Total execution time: 0.0818
DEBUG - 2022-10-04 10:01:21 --> UTF-8 Support Enabled
DEBUG - 2022-10-04 10:01:21 --> Global POST, GET and COOKIE data sanitized
DEBUG - 2022-10-04 10:01:21 --> Config file loaded: /hwonpark/www/application/config/tree.php
DEBUG - 2022-10-04 10:01:21 --> Encryption: Auto-configured driver 'openssl'.
DEBUG - 2022-10-04 10:01:21 --> Total execution time: 0.0434
DEBUG - 2022-10-04 10:01:30 --> UTF-8 Support Enabled
DEBUG - 2022-10-04 10:01:30 --> Global POST, GET and COOKIE data sanitized
DEBUG - 2022-10-04 10:01:30 --> Config file loaded: /hwonpark/www/application/config/tree.php
DEBUG - 2022-10-04 10:01:30 --> Encryption: Auto-configured driver 'openssl'.
DEBUG - 2022-10-04 10:01:30 --> UTF-8 Support Enabled
DEBUG - 2022-10-04 10:01:30 --> Global POST, GET and COOKIE data sanitized
DEBUG - 2022-10-04 10:01:30 --> Config file loaded: /hwonpark/www/application/config/tree.php
DEBUG - 2022-10-04 10:01:30 --> Encryption: Auto-configured driver 'openssl'.
DEBUG - 2022-10-04 10:01:30 --> Total execution time: 0.0343
DEBUG - 2022-10-04 10:01:32 --> UTF-8 Support Enabled
DEBUG - 2022-10-04 10:01:32 --> Global POST, GET and COOKIE data sanitized
DEBUG - 2022-10-04 10:01:32 --> Config file loaded: /hwonpark/www/application/config/tree.php
DEBUG - 2022-10-04 10:01:32 --> Encryption: Auto-configured driver 'openssl'.
DEBUG - 2022-10-04 10:01:32 --> Total execution time: 0.0953
DEBUG - 2022-10-04 10:01:42 --> UTF-8 Support Enabled
DEBUG - 2022-10-04 10:01:42 --> Global POST, GET and COOKIE data sanitized
DEBUG - 2022-10-04 10:01:42 --> Config file loaded: /hwonpark/www/application/config/tree.php
DEBUG - 2022-10-04 10:01:42 --> Encryption: Auto-configured driver 'openssl'.
DEBUG - 2022-10-04 10:01:42 --> Total execution time: 0.0410
DEBUG - 2022-10-04 10:37:00 --> UTF-8 Support Enabled
DEBUG - 2022-10-04 10:37:00 --> Global POST, GET and COOKIE data sanitized
DEBUG - 2022-10-04 10:37:00 --> Config file loaded: /hwonpark/www/application/config/tree.php
DEBUG - 2022-10-04 10:37:00 --> Total execution time: 0.0674
DEBUG - 2022-10-04 10:37:02 --> UTF-8 Support Enabled
DEBUG - 2022-10-04 10:37:02 --> No URI present. Default controller set.
DEBUG - 2022-10-04 10:37:02 --> Global POST, GET and COOKIE data sanitized
DEBUG - 2022-10-04 10:37:02 --> Config file loaded: /hwonpark/www/application/config/tree.php
DEBUG - 2022-10-04 10:37:02 --> Total execution time: 0.0342
DEBUG - 2022-10-04 10:37:04 --> UTF-8 Support Enabled
DEBUG - 2022-10-04 10:37:04 --> Global POST, GET and COOKIE data sanitized
ERROR - 2022-10-04 10:37:04 --> 404 Page Not Found: Faviconico/index
DEBUG - 2022-10-04 10:37:06 --> UTF-8 Support Enabled
DEBUG - 2022-10-04 10:37:06 --> No URI present. Default controller set.
DEBUG - 2022-10-04 10:37:06 --> Global POST, GET and COOKIE data sanitized
DEBUG - 2022-10-04 10:37:06 --> Config file loaded: /hwonpark/www/application/config/tree.php
DEBUG - 2022-10-04 10:37:06 --> Total execution time: 0.0557
DEBUG - 2022-10-04 10:37:13 --> UTF-8 Support Enabled
DEBUG - 2022-10-04 10:37:13 --> No URI present. Default controller set.
DEBUG - 2022-10-04 10:37:13 --> Global POST, GET and COOKIE data sanitized
DEBUG - 2022-10-04 10:37:13 --> Config file loaded: /hwonpark/www/application/config/tree.php
DEBUG - 2022-10-04 10:37:13 --> Total execution time: 0.0274
DEBUG - 2022-10-04 10:39:07 --> UTF-8 Support Enabled
DEBUG - 2022-10-04 10:39:07 --> Global POST, GET and COOKIE data sanitized
DEBUG - 2022-10-04 10:39:07 --> Config file loaded: /hwonpark/www/application/config/tree.php
DEBUG - 2022-10-04 10:39:07 --> Total execution time: 0.0345
DEBUG - 2022-10-04 10:39:39 --> UTF-8 Support Enabled
DEBUG - 2022-10-04 10:39:39 --> No URI present. Default controller set.
DEBUG - 2022-10-04 10:39:39 --> Global POST, GET and COOKIE data sanitized
DEBUG - 2022-10-04 10:39:39 --> Config file loaded: /hwonpark/www/application/config/tree.php
DEBUG - 2022-10-04 10:39:39 --> Total execution time: 0.0499
DEBUG - 2022-10-04 10:39:44 --> UTF-8 Support Enabled
DEBUG - 2022-10-04 10:39:44 --> No URI present. Default controller set.
DEBUG - 2022-10-04 10:39:44 --> Global POST, GET and COOKIE data sanitized
DEBUG - 2022-10-04 10:39:44 --> Config file loaded: /hwonpark/www/application/config/tree.php
DEBUG - 2022-10-04 10:39:44 --> Total execution time: 0.0317
DEBUG - 2022-10-04 10:59:56 --> UTF-8 Support Enabled
DEBUG - 2022-10-04 10:59:56 --> No URI present. Default controller set.
DEBUG - 2022-10-04 10:59:56 --> Global POST, GET and COOKIE data sanitized
ERROR - 2022-10-04 10:59:56 --> 404 Page Not Found: ERROR : url is wrong
DEBUG - 2022-10-04 11:01:15 --> UTF-8 Support Enabled
DEBUG - 2022-10-04 11:01:15 --> No URI present. Default controller set.
DEBUG - 2022-10-04 11:01:15 --> Global POST, GET and COOKIE data sanitized
ERROR - 2022-10-04 11:01:15 --> 404 Page Not Found: ERROR : url is wrong
DEBUG - 2022-10-04 11:04:04 --> UTF-8 Support Enabled
DEBUG - 2022-10-04 11:04:04 --> No URI present. Default controller set.
DEBUG - 2022-10-04 11:04:04 --> Global POST, GET and COOKIE data sanitized
ERROR - 2022-10-04 11:04:04 --> 404 Page Not Found: ERROR : url is wrong
DEBUG - 2022-10-04 11:07:12 --> UTF-8 Support Enabled
DEBUG - 2022-10-04 11:07:12 --> No URI present. Default controller set.
DEBUG - 2022-10-04 11:07:12 --> Global POST, GET and COOKIE data sanitized
DEBUG - 2022-10-04 11:07:12 --> Config file loaded: /hwonpark/www/application/config/tree.php
DEBUG - 2022-10-04 11:07:12 --> Total execution time: 0.0313
DEBUG - 2022-10-04 11:26:25 --> UTF-8 Support Enabled
DEBUG - 2022-10-04 11:26:25 --> No URI present. Default controller set.
DEBUG - 2022-10-04 11:26:25 --> Global POST, GET and COOKIE data sanitized
DEBUG - 2022-10-04 11:26:25 --> Config file loaded: /hwonpark/www/application/config/tree.php
DEBUG - 2022-10-04 11:26:25 --> Total execution time: 0.0299
DEBUG - 2022-10-04 12:30:35 --> UTF-8 Support Enabled
DEBUG - 2022-10-04 12:30:35 --> No URI present. Default controller set.
DEBUG - 2022-10-04 12:30:35 --> Global POST, GET and COOKIE data sanitized
DEBUG - 2022-10-04 12:30:35 --> Config file loaded: /hwonpark/www/application/config/tree.php
DEBUG - 2022-10-04 12:30:35 --> Total execution time: 0.0319
DEBUG - 2022-10-04 12:30:54 --> UTF-8 Support Enabled
DEBUG - 2022-10-04 12:30:54 --> Global POST, GET and COOKIE data sanitized
ERROR - 2022-10-04 12:30:54 --> 404 Page Not Found: Faviconico/index
DEBUG - 2022-10-04 12:39:27 --> UTF-8 Support Enabled
DEBUG - 2022-10-04 12:39:27 --> No URI present. Default controller set.
DEBUG - 2022-10-04 12:39:27 --> Global POST, GET and COOKIE data sanitized
DEBUG - 2022-10-04 12:39:27 --> Config file loaded: /hwonpark/www/application/config/tree.php
DEBUG - 2022-10-04 12:39:28 --> Total execution time: 0.0327
DEBUG - 2022-10-04 12:39:29 --> UTF-8 Support Enabled
DEBUG - 2022-10-04 12:39:29 --> Global POST, GET and COOKIE data sanitized
ERROR - 2022-10-04 12:39:29 --> 404 Page Not Found: Faviconico/index
DEBUG - 2022-10-04 14:09:19 --> UTF-8 Support Enabled
DEBUG - 2022-10-04 14:09:19 --> Global POST, GET and COOKIE data sanitized
DEBUG - 2022-10-04 14:09:19 --> Config file loaded: /hwonpark/www/application/config/tree.php
DEBUG - 2022-10-04 14:09:19 --> Total execution time: 0.2017
DEBUG - 2022-10-04 14:09:24 --> UTF-8 Support Enabled
DEBUG - 2022-10-04 14:09:24 --> Global POST, GET and COOKIE data sanitized
DEBUG - 2022-10-04 14:09:24 --> Config file loaded: /hwonpark/www/application/config/tree.php
DEBUG - 2022-10-04 14:09:25 --> UTF-8 Support Enabled
DEBUG - 2022-10-04 14:09:25 --> Global POST, GET and COOKIE data sanitized
DEBUG - 2022-10-04 14:09:25 --> Config file loaded: /hwonpark/www/application/config/tree.php
DEBUG - 2022-10-04 14:09:25 --> Encryption: Auto-configured driver 'openssl'.
DEBUG - 2022-10-04 14:09:25 --> UTF-8 Support Enabled
DEBUG - 2022-10-04 14:09:25 --> Global POST, GET and COOKIE data sanitized
DEBUG - 2022-10-04 14:09:25 --> Config file loaded: /hwonpark/www/application/config/tree.php
DEBUG - 2022-10-04 14:09:25 --> Encryption: Auto-configured driver 'openssl'.
DEBUG - 2022-10-04 14:09:25 --> Encryption class already loaded. Second attempt ignored.
DEBUG - 2022-10-04 14:09:25 --> Total execution time: 0.0591
DEBUG - 2022-10-04 14:09:28 --> UTF-8 Support Enabled
DEBUG - 2022-10-04 14:09:28 --> Global POST, GET and COOKIE data sanitized
DEBUG - 2022-10-04 14:09:28 --> Config file loaded: /hwonpark/www/application/config/tree.php
DEBUG - 2022-10-04 14:09:28 --> Encryption: Auto-configured driver 'openssl'.
DEBUG - 2022-10-04 14:09:28 --> Total execution time: 0.0680
DEBUG - 2022-10-04 14:09:30 --> UTF-8 Support Enabled
DEBUG - 2022-10-04 14:09:30 --> Global POST, GET and COOKIE data sanitized
DEBUG - 2022-10-04 14:09:30 --> Config file loaded: /hwonpark/www/application/config/tree.php
DEBUG - 2022-10-04 14:09:30 --> Encryption: Auto-configured driver 'openssl'.
DEBUG - 2022-10-04 14:09:30 --> Total execution time: 0.0412
DEBUG - 2022-10-04 14:09:31 --> UTF-8 Support Enabled
DEBUG - 2022-10-04 14:09:31 --> Global POST, GET and COOKIE data sanitized
DEBUG - 2022-10-04 14:09:31 --> Config file loaded: /hwonpark/www/application/config/tree.php
DEBUG - 2022-10-04 14:09:31 --> Encryption: Auto-configured driver 'openssl'.
DEBUG - 2022-10-04 14:09:31 --> Total execution time: 0.0464
DEBUG - 2022-10-04 14:09:33 --> UTF-8 Support Enabled
DEBUG - 2022-10-04 14:09:33 --> Global POST, GET and COOKIE data sanitized
DEBUG - 2022-10-04 14:09:33 --> Config file loaded: /hwonpark/www/application/config/tree.php
DEBUG - 2022-10-04 14:09:33 --> Encryption: Auto-configured driver 'openssl'.
DEBUG - 2022-10-04 14:09:33 --> Total execution time: 0.0379
DEBUG - 2022-10-04 14:11:49 --> UTF-8 Support Enabled
DEBUG - 2022-10-04 14:11:49 --> Global POST, GET and COOKIE data sanitized
DEBUG - 2022-10-04 14:11:49 --> Config file loaded: /hwonpark/www/application/config/tree.php
DEBUG - 2022-10-04 14:11:49 --> Encryption: Auto-configured driver 'openssl'.
DEBUG - 2022-10-04 14:11:49 --> Total execution time: 0.0499
DEBUG - 2022-10-04 14:12:40 --> UTF-8 Support Enabled
DEBUG - 2022-10-04 14:12:40 --> Global POST, GET and COOKIE data sanitized
DEBUG - 2022-10-04 14:12:40 --> Config file loaded: /hwonpark/www/application/config/tree.php
DEBUG - 2022-10-04 14:12:40 --> Encryption: Auto-configured driver 'openssl'.
ERROR - 2022-10-04 14:12:40 --> Could not find the language line "imglib_invalid_image"
ERROR - 2022-10-04 14:12:40 --> imglib_invalid_image
DEBUG - 2022-10-04 14:12:40 --> DL_schema class already loaded. Second attempt ignored.
DEBUG - 2022-10-04 14:12:41 --> UTF-8 Support Enabled
DEBUG - 2022-10-04 14:12:41 --> Global POST, GET and COOKIE data sanitized
DEBUG - 2022-10-04 14:12:41 --> Config file loaded: /hwonpark/www/application/config/tree.php
DEBUG - 2022-10-04 14:12:41 --> Encryption: Auto-configured driver 'openssl'.
ERROR - 2022-10-04 14:12:41 --> Could not find the language line "imglib_invalid_image"
ERROR - 2022-10-04 14:12:41 --> imglib_invalid_image
DEBUG - 2022-10-04 14:12:41 --> DL_schema class already loaded. Second attempt ignored.
DEBUG - 2022-10-04 14:12:42 --> UTF-8 Support Enabled
DEBUG - 2022-10-04 14:12:42 --> Global POST, GET and COOKIE data sanitized
DEBUG - 2022-10-04 14:12:42 --> Config file loaded: /hwonpark/www/application/config/tree.php
DEBUG - 2022-10-04 14:12:42 --> Encryption: Auto-configured driver 'openssl'.
DEBUG - 2022-10-04 14:12:42 --> Total execution time: 0.0421
DEBUG - 2022-10-04 14:12:45 --> UTF-8 Support Enabled
DEBUG - 2022-10-04 14:12:45 --> Global POST, GET and COOKIE data sanitized
DEBUG - 2022-10-04 14:12:45 --> Config file loaded: /hwonpark/www/application/config/tree.php
DEBUG - 2022-10-04 14:12:45 --> Encryption: Auto-configured driver 'openssl'.
DEBUG - 2022-10-04 14:12:45 --> Total execution time: 0.0670
DEBUG - 2022-10-04 14:12:47 --> UTF-8 Support Enabled
DEBUG - 2022-10-04 14:12:47 --> Global POST, GET and COOKIE data sanitized
DEBUG - 2022-10-04 14:12:47 --> Config file loaded: /hwonpark/www/application/config/tree.php
DEBUG - 2022-10-04 14:12:47 --> Encryption: Auto-configured driver 'openssl'.
DEBUG - 2022-10-04 14:12:47 --> Total execution time: 0.0393
DEBUG - 2022-10-04 14:12:48 --> UTF-8 Support Enabled
DEBUG - 2022-10-04 14:12:48 --> Global POST, GET and COOKIE data sanitized
DEBUG - 2022-10-04 14:12:48 --> Config file loaded: /hwonpark/www/application/config/tree.php
DEBUG - 2022-10-04 14:12:48 --> Encryption: Auto-configured driver 'openssl'.
DEBUG - 2022-10-04 14:12:48 --> Total execution time: 0.0485
DEBUG - 2022-10-04 14:12:49 --> UTF-8 Support Enabled
DEBUG - 2022-10-04 14:12:49 --> Global POST, GET and COOKIE data sanitized
DEBUG - 2022-10-04 14:12:49 --> Config file loaded: /hwonpark/www/application/config/tree.php
DEBUG - 2022-10-04 14:12:49 --> Encryption: Auto-configured driver 'openssl'.
DEBUG - 2022-10-04 14:12:49 --> UTF-8 Support Enabled
DEBUG - 2022-10-04 14:12:49 --> Global POST, GET and COOKIE data sanitized
DEBUG - 2022-10-04 14:12:49 --> Config file loaded: /hwonpark/www/application/config/tree.php
DEBUG - 2022-10-04 14:12:49 --> Encryption: Auto-configured driver 'openssl'.
DEBUG - 2022-10-04 14:12:49 --> Total execution time: 0.0498
DEBUG - 2022-10-04 14:12:54 --> UTF-8 Support Enabled
DEBUG - 2022-10-04 14:12:54 --> Global POST, GET and COOKIE data sanitized
DEBUG - 2022-10-04 14:12:54 --> Config file loaded: /hwonpark/www/application/config/tree.php
DEBUG - 2022-10-04 14:12:54 --> Encryption: Auto-configured driver 'openssl'.
DEBUG - 2022-10-04 14:12:54 --> Total execution time: 0.0770
DEBUG - 2022-10-04 14:14:26 --> UTF-8 Support Enabled
DEBUG - 2022-10-04 14:14:26 --> Global POST, GET and COOKIE data sanitized
DEBUG - 2022-10-04 14:14:26 --> Config file loaded: /hwonpark/www/application/config/tree.php
DEBUG - 2022-10-04 14:14:26 --> Encryption: Auto-configured driver 'openssl'.
ERROR - 2022-10-04 14:14:26 --> Could not find the language line "imglib_invalid_image"
ERROR - 2022-10-04 14:14:26 --> imglib_invalid_image
DEBUG - 2022-10-04 14:14:26 --> DL_schema class already loaded. Second attempt ignored.
DEBUG - 2022-10-04 14:14:27 --> UTF-8 Support Enabled
DEBUG - 2022-10-04 14:14:27 --> Global POST, GET and COOKIE data sanitized
DEBUG - 2022-10-04 14:14:27 --> Config file loaded: /hwonpark/www/application/config/tree.php
DEBUG - 2022-10-04 14:14:27 --> Encryption: Auto-configured driver 'openssl'.
DEBUG - 2022-10-04 14:14:27 --> Total execution time: 0.0426
DEBUG - 2022-10-04 14:15:00 --> UTF-8 Support Enabled
DEBUG - 2022-10-04 14:15:00 --> Global POST, GET and COOKIE data sanitized
DEBUG - 2022-10-04 14:15:00 --> Config file loaded: /hwonpark/www/application/config/tree.php
DEBUG - 2022-10-04 14:15:00 --> Encryption: Auto-configured driver 'openssl'.
DEBUG - 2022-10-04 14:15:00 --> Total execution time: 0.0402
DEBUG - 2022-10-04 14:16:23 --> UTF-8 Support Enabled
DEBUG - 2022-10-04 14:16:23 --> Global POST, GET and COOKIE data sanitized
DEBUG - 2022-10-04 14:16:23 --> Config file loaded: /hwonpark/www/application/config/tree.php
DEBUG - 2022-10-04 14:16:23 --> Encryption: Auto-configured driver 'openssl'.
ERROR - 2022-10-04 14:16:23 --> Could not find the language line "imglib_invalid_image"
ERROR - 2022-10-04 14:16:23 --> imglib_invalid_image
DEBUG - 2022-10-04 14:16:23 --> DL_schema class already loaded. Second attempt ignored.
ERROR - 2022-10-04 14:16:23 --> Could not find the language line "imglib_invalid_image"
ERROR - 2022-10-04 14:16:23 --> imglib_invalid_image
DEBUG - 2022-10-04 14:16:23 --> DL_schema class already loaded. Second attempt ignored.
DEBUG - 2022-10-04 14:16:24 --> UTF-8 Support Enabled
DEBUG - 2022-10-04 14:16:24 --> Global POST, GET and COOKIE data sanitized
DEBUG - 2022-10-04 14:16:24 --> Config file loaded: /hwonpark/www/application/config/tree.php
DEBUG - 2022-10-04 14:16:24 --> Encryption: Auto-configured driver 'openssl'.
DEBUG - 2022-10-04 14:16:24 --> Total execution time: 0.0374
DEBUG - 2022-10-04 14:16:27 --> UTF-8 Support Enabled
DEBUG - 2022-10-04 14:16:27 --> Global POST, GET and COOKIE data sanitized
DEBUG - 2022-10-04 14:16:27 --> Config file loaded: /hwonpark/www/application/config/tree.php
DEBUG - 2022-10-04 14:16:27 --> Encryption: Auto-configured driver 'openssl'.
DEBUG - 2022-10-04 14:16:27 --> Total execution time: 0.0327
DEBUG - 2022-10-04 14:28:17 --> UTF-8 Support Enabled
DEBUG - 2022-10-04 14:28:17 --> Global POST, GET and COOKIE data sanitized
DEBUG - 2022-10-04 14:28:17 --> Config file loaded: /hwonpark/www/application/config/tree.php
DEBUG - 2022-10-04 14:28:18 --> UTF-8 Support Enabled
DEBUG - 2022-10-04 14:28:18 --> No URI present. Default controller set.
DEBUG - 2022-10-04 14:28:18 --> Global POST, GET and COOKIE data sanitized
DEBUG - 2022-10-04 14:28:18 --> Config file loaded: /hwonpark/www/application/config/tree.php
DEBUG - 2022-10-04 14:28:18 --> Total execution time: 0.0501
DEBUG - 2022-10-04 14:28:23 --> UTF-8 Support Enabled
DEBUG - 2022-10-04 14:28:23 --> Global POST, GET and COOKIE data sanitized
DEBUG - 2022-10-04 14:28:23 --> Config file loaded: /hwonpark/www/application/config/tree.php
DEBUG - 2022-10-04 14:28:23 --> Total execution time: 0.0654
DEBUG - 2022-10-04 14:28:27 --> UTF-8 Support Enabled
DEBUG - 2022-10-04 14:28:27 --> Global POST, GET and COOKIE data sanitized
DEBUG - 2022-10-04 14:28:27 --> Config file loaded: /hwonpark/www/application/config/tree.php
DEBUG - 2022-10-04 14:28:28 --> UTF-8 Support Enabled
DEBUG - 2022-10-04 14:28:28 --> Global POST, GET and COOKIE data sanitized
DEBUG - 2022-10-04 14:28:28 --> Config file loaded: /hwonpark/www/application/config/tree.php
DEBUG - 2022-10-04 14:28:28 --> Encryption: Auto-configured driver 'openssl'.
DEBUG - 2022-10-04 14:28:28 --> UTF-8 Support Enabled
DEBUG - 2022-10-04 14:28:28 --> Global POST, GET and COOKIE data sanitized
DEBUG - 2022-10-04 14:28:28 --> Config file loaded: /hwonpark/www/application/config/tree.php
DEBUG - 2022-10-04 14:28:28 --> Encryption: Auto-configured driver 'openssl'.
DEBUG - 2022-10-04 14:28:28 --> Encryption class already loaded. Second attempt ignored.
DEBUG - 2022-10-04 14:28:28 --> Total execution time: 0.0453
DEBUG - 2022-10-04 14:28:43 --> UTF-8 Support Enabled
DEBUG - 2022-10-04 14:28:43 --> Global POST, GET and COOKIE data sanitized
DEBUG - 2022-10-04 14:28:43 --> Config file loaded: /hwonpark/www/application/config/tree.php
DEBUG - 2022-10-04 14:28:43 --> Encryption: Auto-configured driver 'openssl'.
DEBUG - 2022-10-04 14:28:43 --> Total execution time: 0.0404
DEBUG - 2022-10-04 14:28:45 --> UTF-8 Support Enabled
DEBUG - 2022-10-04 14:28:45 --> Global POST, GET and COOKIE data sanitized
DEBUG - 2022-10-04 14:28:45 --> Config file loaded: /hwonpark/www/application/config/tree.php
DEBUG - 2022-10-04 14:28:45 --> Encryption: Auto-configured driver 'openssl'.
DEBUG - 2022-10-04 14:28:45 --> Total execution time: 0.0359
DEBUG - 2022-10-04 14:28:47 --> UTF-8 Support Enabled
DEBUG - 2022-10-04 14:28:47 --> Global POST, GET and COOKIE data sanitized
DEBUG - 2022-10-04 14:28:47 --> Config file loaded: /hwonpark/www/application/config/tree.php
DEBUG - 2022-10-04 14:28:47 --> Encryption: Auto-configured driver 'openssl'.
DEBUG - 2022-10-04 14:28:47 --> Total execution time: 0.0349
DEBUG - 2022-10-04 14:30:02 --> UTF-8 Support Enabled
DEBUG - 2022-10-04 14:30:03 --> Global POST, GET and COOKIE data sanitized
DEBUG - 2022-10-04 14:30:03 --> Config file loaded: /hwonpark/www/application/config/tree.php
DEBUG - 2022-10-04 14:30:03 --> Encryption: Auto-configured driver 'openssl'.
ERROR - 2022-10-04 14:30:03 --> Could not find the language line "imglib_invalid_image"
ERROR - 2022-10-04 14:30:03 --> imglib_invalid_image
DEBUG - 2022-10-04 14:30:03 --> DL_schema class already loaded. Second attempt ignored.
DEBUG - 2022-10-04 14:30:05 --> UTF-8 Support Enabled
DEBUG - 2022-10-04 14:30:05 --> Global POST, GET and COOKIE data sanitized
DEBUG - 2022-10-04 14:30:05 --> Config file loaded: /hwonpark/www/application/config/tree.php
DEBUG - 2022-10-04 14:30:05 --> Encryption: Auto-configured driver 'openssl'.
DEBUG - 2022-10-04 14:30:05 --> Total execution time: 0.0368
DEBUG - 2022-10-04 14:30:09 --> UTF-8 Support Enabled
DEBUG - 2022-10-04 14:30:09 --> Global POST, GET and COOKIE data sanitized
DEBUG - 2022-10-04 14:30:09 --> Config file loaded: /hwonpark/www/application/config/tree.php
DEBUG - 2022-10-04 14:30:09 --> Encryption: Auto-configured driver 'openssl'.
DEBUG - 2022-10-04 14:30:09 --> Total execution time: 0.0366
DEBUG - 2022-10-04 14:32:21 --> UTF-8 Support Enabled
DEBUG - 2022-10-04 14:32:21 --> Global POST, GET and COOKIE data sanitized
DEBUG - 2022-10-04 14:32:21 --> Config file loaded: /hwonpark/www/application/config/tree.php
DEBUG - 2022-10-04 14:32:21 --> Encryption: Auto-configured driver 'openssl'.
ERROR - 2022-10-04 14:32:21 --> Could not find the language line "imglib_invalid_image"
ERROR - 2022-10-04 14:32:21 --> imglib_invalid_image
DEBUG - 2022-10-04 14:32:21 --> DL_schema class already loaded. Second attempt ignored.
ERROR - 2022-10-04 14:32:21 --> Could not find the language line "imglib_invalid_image"
ERROR - 2022-10-04 14:32:21 --> imglib_invalid_image
DEBUG - 2022-10-04 14:32:21 --> DL_schema class already loaded. Second attempt ignored.
ERROR - 2022-10-04 14:32:21 --> Could not find the language line "imglib_invalid_image"
ERROR - 2022-10-04 14:32:21 --> imglib_invalid_image
DEBUG - 2022-10-04 14:32:21 --> DL_schema class already loaded. Second attempt ignored.
DEBUG - 2022-10-04 14:32:23 --> UTF-8 Support Enabled
DEBUG - 2022-10-04 14:32:23 --> Global POST, GET and COOKIE data sanitized
DEBUG - 2022-10-04 14:32:23 --> Config file loaded: /hwonpark/www/application/config/tree.php
DEBUG - 2022-10-04 14:32:23 --> Encryption: Auto-configured driver 'openssl'.
DEBUG - 2022-10-04 14:32:23 --> Total execution time: 0.0383
DEBUG - 2022-10-04 14:33:05 --> UTF-8 Support Enabled
DEBUG - 2022-10-04 14:33:05 --> Global POST, GET and COOKIE data sanitized
DEBUG - 2022-10-04 14:33:05 --> Config file loaded: /hwonpark/www/application/config/tree.php
DEBUG - 2022-10-04 14:33:05 --> Encryption: Auto-configured driver 'openssl'.
DEBUG - 2022-10-04 14:33:05 --> Total execution time: 0.0699
DEBUG - 2022-10-04 14:34:27 --> UTF-8 Support Enabled
DEBUG - 2022-10-04 14:34:27 --> Global POST, GET and COOKIE data sanitized
DEBUG - 2022-10-04 14:34:27 --> Config file loaded: /hwonpark/www/application/config/tree.php
DEBUG - 2022-10-04 14:34:27 --> Encryption: Auto-configured driver 'openssl'.
ERROR - 2022-10-04 14:34:27 --> Could not find the language line "imglib_invalid_image"
ERROR - 2022-10-04 14:34:27 --> imglib_invalid_image
DEBUG - 2022-10-04 14:34:27 --> DL_schema class already loaded. Second attempt ignored.
DEBUG - 2022-10-04 14:34:28 --> UTF-8 Support Enabled
DEBUG - 2022-10-04 14:34:28 --> Global POST, GET and COOKIE data sanitized
DEBUG - 2022-10-04 14:34:28 --> Config file loaded: /hwonpark/www/application/config/tree.php
DEBUG - 2022-10-04 14:34:28 --> Encryption: Auto-configured driver 'openssl'.
DEBUG - 2022-10-04 14:34:28 --> Total execution time: 0.0591
DEBUG - 2022-10-04 14:45:16 --> UTF-8 Support Enabled
DEBUG - 2022-10-04 14:45:16 --> Global POST, GET and COOKIE data sanitized
DEBUG - 2022-10-04 14:45:16 --> Config file loaded: /hwonpark/www/application/config/tree.php
DEBUG - 2022-10-04 14:45:18 --> UTF-8 Support Enabled
DEBUG - 2022-10-04 14:45:18 --> No URI present. Default controller set.
DEBUG - 2022-10-04 14:45:18 --> Global POST, GET and COOKIE data sanitized
DEBUG - 2022-10-04 14:45:18 --> Config file loaded: /hwonpark/www/application/config/tree.php
DEBUG - 2022-10-04 14:45:18 --> Total execution time: 0.0329
DEBUG - 2022-10-04 15:52:59 --> UTF-8 Support Enabled
DEBUG - 2022-10-04 15:52:59 --> Global POST, GET and COOKIE data sanitized
DEBUG - 2022-10-04 15:52:59 --> Config file loaded: /hwonpark/www/application/config/tree.php
DEBUG - 2022-10-04 15:52:59 --> Total execution time: 0.2055
DEBUG - 2022-10-04 15:53:01 --> UTF-8 Support Enabled
DEBUG - 2022-10-04 15:53:01 --> No URI present. Default controller set.
DEBUG - 2022-10-04 15:53:01 --> Global POST, GET and COOKIE data sanitized
DEBUG - 2022-10-04 15:53:01 --> Config file loaded: /hwonpark/www/application/config/tree.php
DEBUG - 2022-10-04 15:53:01 --> Total execution time: 0.0380
DEBUG - 2022-10-04 16:38:34 --> UTF-8 Support Enabled
DEBUG - 2022-10-04 16:38:34 --> No URI present. Default controller set.
DEBUG - 2022-10-04 16:38:34 --> Global POST, GET and COOKIE data sanitized
DEBUG - 2022-10-04 16:38:34 --> Config file loaded: /hwonpark/www/application/config/tree.php
DEBUG - 2022-10-04 16:38:34 --> Total execution time: 0.0328
DEBUG - 2022-10-04 16:39:05 --> UTF-8 Support Enabled
DEBUG - 2022-10-04 16:39:05 --> Global POST, GET and COOKIE data sanitized
DEBUG - 2022-10-04 16:39:05 --> Config file loaded: /hwonpark/www/application/config/tree.php
DEBUG - 2022-10-04 16:39:05 --> Total execution time: 0.0726
DEBUG - 2022-10-04 16:39:22 --> UTF-8 Support Enabled
DEBUG - 2022-10-04 16:39:22 --> Global POST, GET and COOKIE data sanitized
DEBUG - 2022-10-04 16:39:22 --> Config file loaded: /hwonpark/www/application/config/tree.php
DEBUG - 2022-10-04 16:39:22 --> Total execution time: 0.0680
DEBUG - 2022-10-04 16:39:56 --> UTF-8 Support Enabled
DEBUG - 2022-10-04 16:39:56 --> Global POST, GET and COOKIE data sanitized
DEBUG - 2022-10-04 16:39:56 --> Config file loaded: /hwonpark/www/application/config/tree.php
DEBUG - 2022-10-04 16:39:56 --> Total execution time: 0.0387
DEBUG - 2022-10-04 16:40:01 --> UTF-8 Support Enabled
DEBUG - 2022-10-04 16:40:01 --> Global POST, GET and COOKIE data sanitized
DEBUG - 2022-10-04 16:40:01 --> Config file loaded: /hwonpark/www/application/config/tree.php
DEBUG - 2022-10-04 16:40:31 --> UTF-8 Support Enabled
DEBUG - 2022-10-04 16:40:31 --> Global POST, GET and COOKIE data sanitized
DEBUG - 2022-10-04 16:40:31 --> Config file loaded: /hwonpark/www/application/config/tree.php
DEBUG - 2022-10-04 16:40:31 --> Encryption: Auto-configured driver 'openssl'.
DEBUG - 2022-10-04 16:40:31 --> UTF-8 Support Enabled
DEBUG - 2022-10-04 16:40:31 --> Global POST, GET and COOKIE data sanitized
DEBUG - 2022-10-04 16:40:31 --> Config file loaded: /hwonpark/www/application/config/tree.php
DEBUG - 2022-10-04 16:40:31 --> Encryption: Auto-configured driver 'openssl'.
DEBUG - 2022-10-04 16:40:31 --> Encryption class already loaded. Second attempt ignored.
DEBUG - 2022-10-04 16:40:31 --> Total execution time: 0.0570
DEBUG - 2022-10-04 16:40:33 --> UTF-8 Support Enabled
DEBUG - 2022-10-04 16:40:33 --> Global POST, GET and COOKIE data sanitized
DEBUG - 2022-10-04 16:40:33 --> Config file loaded: /hwonpark/www/application/config/tree.php
DEBUG - 2022-10-04 16:40:33 --> Encryption: Auto-configured driver 'openssl'.
DEBUG - 2022-10-04 16:40:33 --> Encryption class already loaded. Second attempt ignored.
DEBUG - 2022-10-04 16:40:33 --> Total execution time: 0.0369
DEBUG - 2022-10-04 16:40:35 --> UTF-8 Support Enabled
DEBUG - 2022-10-04 16:40:35 --> Global POST, GET and COOKIE data sanitized
DEBUG - 2022-10-04 16:40:35 --> Config file loaded: /hwonpark/www/application/config/tree.php
DEBUG - 2022-10-04 16:40:35 --> Encryption: Auto-configured driver 'openssl'.
DEBUG - 2022-10-04 16:40:35 --> Total execution time: 0.0396
DEBUG - 2022-10-04 16:40:37 --> UTF-8 Support Enabled
DEBUG - 2022-10-04 16:40:37 --> Global POST, GET and COOKIE data sanitized
DEBUG - 2022-10-04 16:40:37 --> Config file loaded: /hwonpark/www/application/config/tree.php
DEBUG - 2022-10-04 16:40:37 --> Encryption: Auto-configured driver 'openssl'.
DEBUG - 2022-10-04 16:40:37 --> Total execution time: 0.0339
DEBUG - 2022-10-04 16:40:40 --> UTF-8 Support Enabled
DEBUG - 2022-10-04 16:40:40 --> Global POST, GET and COOKIE data sanitized
DEBUG - 2022-10-04 16:40:40 --> Config file loaded: /hwonpark/www/application/config/tree.php
DEBUG - 2022-10-04 16:40:40 --> Encryption: Auto-configured driver 'openssl'.
DEBUG - 2022-10-04 16:40:40 --> Total execution time: 0.0462
DEBUG - 2022-10-04 16:45:13 --> UTF-8 Support Enabled
DEBUG - 2022-10-04 16:45:13 --> Global POST, GET and COOKIE data sanitized
DEBUG - 2022-10-04 16:45:13 --> Config file loaded: /hwonpark/www/application/config/tree.php
DEBUG - 2022-10-04 16:45:13 --> Encryption: Auto-configured driver 'openssl'.
ERROR - 2022-10-04 16:45:13 --> Could not find the language line "imglib_invalid_image"
ERROR - 2022-10-04 16:45:13 --> imglib_invalid_image
DEBUG - 2022-10-04 16:45:13 --> DL_schema class already loaded. Second attempt ignored.
DEBUG - 2022-10-04 16:45:14 --> UTF-8 Support Enabled
DEBUG - 2022-10-04 16:45:14 --> Global POST, GET and COOKIE data sanitized
DEBUG - 2022-10-04 16:45:14 --> Config file loaded: /hwonpark/www/application/config/tree.php
DEBUG - 2022-10-04 16:45:14 --> Encryption: Auto-configured driver 'openssl'.
DEBUG - 2022-10-04 16:45:14 --> Total execution time: 0.0385
DEBUG - 2022-10-04 16:45:16 --> UTF-8 Support Enabled
DEBUG - 2022-10-04 16:45:16 --> Global POST, GET and COOKIE data sanitized
DEBUG - 2022-10-04 16:45:16 --> Config file loaded: /hwonpark/www/application/config/tree.php
DEBUG - 2022-10-04 16:45:16 --> Encryption: Auto-configured driver 'openssl'.
DEBUG - 2022-10-04 16:45:16 --> Total execution time: 0.0514
DEBUG - 2022-10-04 16:45:21 --> UTF-8 Support Enabled
DEBUG - 2022-10-04 16:45:21 --> Global POST, GET and COOKIE data sanitized
DEBUG - 2022-10-04 16:45:21 --> Config file loaded: /hwonpark/www/application/config/tree.php
DEBUG - 2022-10-04 16:45:21 --> Encryption: Auto-configured driver 'openssl'.
DEBUG - 2022-10-04 16:45:21 --> Total execution time: 0.0640
DEBUG - 2022-10-04 16:45:22 --> UTF-8 Support Enabled
DEBUG - 2022-10-04 16:45:22 --> Global POST, GET and COOKIE data sanitized
DEBUG - 2022-10-04 16:45:22 --> Config file loaded: /hwonpark/www/application/config/tree.php
DEBUG - 2022-10-04 16:45:22 --> Encryption: Auto-configured driver 'openssl'.
DEBUG - 2022-10-04 16:45:22 --> Total execution time: 0.0687
DEBUG - 2022-10-04 16:45:23 --> UTF-8 Support Enabled
DEBUG - 2022-10-04 16:45:23 --> Global POST, GET and COOKIE data sanitized
DEBUG - 2022-10-04 16:45:23 --> Config file loaded: /hwonpark/www/application/config/tree.php
DEBUG - 2022-10-04 16:45:23 --> Encryption: Auto-configured driver 'openssl'.
DEBUG - 2022-10-04 16:45:23 --> Total execution time: 0.0451
DEBUG - 2022-10-04 16:49:04 --> UTF-8 Support Enabled
DEBUG - 2022-10-04 16:49:04 --> Global POST, GET and COOKIE data sanitized
DEBUG - 2022-10-04 16:49:04 --> Config file loaded: /hwonpark/www/application/config/tree.php
DEBUG - 2022-10-04 16:49:04 --> Encryption: Auto-configured driver 'openssl'.
DEBUG - 2022-10-04 16:49:04 --> UTF-8 Support Enabled
DEBUG - 2022-10-04 16:49:04 --> Global POST, GET and COOKIE data sanitized
DEBUG - 2022-10-04 16:49:04 --> Config file loaded: /hwonpark/www/application/config/tree.php
DEBUG - 2022-10-04 16:49:04 --> Encryption: Auto-configured driver 'openssl'.
DEBUG - 2022-10-04 16:49:04 --> Total execution time: 0.0332
DEBUG - 2022-10-04 16:55:34 --> UTF-8 Support Enabled
DEBUG - 2022-10-04 16:55:34 --> No URI present. Default controller set.
DEBUG - 2022-10-04 16:55:34 --> Global POST, GET and COOKIE data sanitized
DEBUG - 2022-10-04 16:55:35 --> Config file loaded: /hwonpark/www/application/config/tree.php
DEBUG - 2022-10-04 16:55:36 --> Total execution time: 2.6160
DEBUG - 2022-10-04 16:55:37 --> UTF-8 Support Enabled
DEBUG - 2022-10-04 16:55:38 --> Global POST, GET and COOKIE data sanitized
ERROR - 2022-10-04 16:55:38 --> 404 Page Not Found: Faviconico/index
DEBUG - 2022-10-04 16:55:39 --> UTF-8 Support Enabled
DEBUG - 2022-10-04 16:55:40 --> No URI present. Default controller set.
DEBUG - 2022-10-04 16:55:40 --> Global POST, GET and COOKIE data sanitized
DEBUG - 2022-10-04 16:55:41 --> Config file loaded: /hwonpark/www/application/config/tree.php
DEBUG - 2022-10-04 16:55:42 --> Total execution time: 2.8584
DEBUG - 2022-10-04 16:55:43 --> UTF-8 Support Enabled
DEBUG - 2022-10-04 16:55:43 --> Global POST, GET and COOKIE data sanitized
ERROR - 2022-10-04 16:55:44 --> 404 Page Not Found: Faviconico/index
DEBUG - 2022-10-04 16:59:19 --> UTF-8 Support Enabled
DEBUG - 2022-10-04 16:59:19 --> Global POST, GET and COOKIE data sanitized
DEBUG - 2022-10-04 16:59:19 --> Config file loaded: /hwonpark/www/application/config/tree.php
DEBUG - 2022-10-04 16:59:21 --> UTF-8 Support Enabled
DEBUG - 2022-10-04 16:59:21 --> Global POST, GET and COOKIE data sanitized
DEBUG - 2022-10-04 16:59:21 --> Config file loaded: /hwonpark/www/application/config/tree.php
DEBUG - 2022-10-04 16:59:21 --> Total execution time: 0.0438
DEBUG - 2022-10-04 16:59:22 --> UTF-8 Support Enabled
DEBUG - 2022-10-04 16:59:22 --> Global POST, GET and COOKIE data sanitized
DEBUG - 2022-10-04 16:59:22 --> Total execution time: 0.0492
DEBUG - 2022-10-04 16:59:24 --> UTF-8 Support Enabled
DEBUG - 2022-10-04 16:59:24 --> Global POST, GET and COOKIE data sanitized
DEBUG - 2022-10-04 16:59:24 --> Config file loaded: /hwonpark/www/application/config/tree.php
DEBUG - 2022-10-04 16:59:24 --> =================== DL_auth-> oauth::CALLBACK - 
DEBUG - 2022-10-04 16:59:24 --> =================== DL_auth-> oauth::CALLBACK - kakao param=:: error=
DEBUG - 2022-10-04 16:59:24 --> =================== DL_auth-> oauth::CALLBACK - kakao param=:: state=
DEBUG - 2022-10-04 16:59:24 --> =================== DL_auth-> oauth::CALLBACK - kakao param=:: code=qvDwnjmgMeix-bjB2YOVITNF37SMSJSfNSpw0SQm9N3oZSTyCPCnpH4veyptveqCIaQrRAopcSEAAAGDogG2AQ
DEBUG - 2022-10-04 16:59:24 --> =================== DL_auth -> kakao oauth :2: code=qvDwnjmgMeix-bjB2YOVITNF37SMSJSfNSpw0SQm9N3oZSTyCPCnpH4veyptveqCIaQrRAopcSEAAAGDogG2AQ
DEBUG - 2022-10-04 16:59:24 --> ====================Dl_auth -> kakao_login :: 
DEBUG - 2022-10-04 16:59:24 --> --------------------Dl_auth::kakao_login - 1. 
DEBUG - 2022-10-04 16:59:24 --> Dl_auth::kakao_login - get_token  n=2
DEBUG - 2022-10-04 16:59:24 --> --------------------Dl_auth::kakao_login - 1.2.  -> 
DEBUG - 2022-10-04 16:59:24 --> --------------------Dl_auth::kakao_login - 1.3.
DEBUG - 2022-10-04 16:59:24 --> --------------------Dl_auth::kakao_login - 1.4. -> 
DEBUG - 2022-10-04 16:59:25 --> UTF-8 Support Enabled
DEBUG - 2022-10-04 16:59:25 --> Global POST, GET and COOKIE data sanitized
DEBUG - 2022-10-04 16:59:25 --> Config file loaded: /hwonpark/www/application/config/tree.php
DEBUG - 2022-10-04 16:59:25 --> =================== DL_auth-> oauth::CALLBACK - 
DEBUG - 2022-10-04 16:59:25 --> =================== DL_auth-> oauth::CALLBACK - kakao param=:: error=
DEBUG - 2022-10-04 16:59:25 --> =================== DL_auth-> oauth::CALLBACK - kakao param=:: state=
DEBUG - 2022-10-04 16:59:25 --> =================== DL_auth-> oauth::CALLBACK - kakao param=:: code=qvDwnjmgMeix-bjB2YOVITNF37SMSJSfNSpw0SQm9N3oZSTyCPCnpH4veyptveqCIaQrRAopcSEAAAGDogG2AQ
DEBUG - 2022-10-04 16:59:25 --> =================== DL_auth -> kakao oauth :2: code=qvDwnjmgMeix-bjB2YOVITNF37SMSJSfNSpw0SQm9N3oZSTyCPCnpH4veyptveqCIaQrRAopcSEAAAGDogG2AQ
DEBUG - 2022-10-04 16:59:25 --> ====================Dl_auth -> kakao_login :: 
DEBUG - 2022-10-04 16:59:25 --> ====================Dl_auth::kakao_login - 1.3.5-    (  ) state=
DEBUG - 2022-10-04 16:59:26 --> UTF-8 Support Enabled
DEBUG - 2022-10-04 16:59:26 --> Global POST, GET and COOKIE data sanitized
DEBUG - 2022-10-04 16:59:26 --> Config file loaded: /hwonpark/www/application/config/tree.php
DEBUG - 2022-10-04 16:59:26 --> Encryption: Auto-configured driver 'openssl'.
DEBUG - 2022-10-04 16:59:26 --> Total execution time: 0.0331
DEBUG - 2022-10-04 16:59:27 --> UTF-8 Support Enabled
DEBUG - 2022-10-04 16:59:27 --> Global POST, GET and COOKIE data sanitized
DEBUG - 2022-10-04 16:59:27 --> Config file loaded: /hwonpark/www/application/config/tree.php
DEBUG - 2022-10-04 16:59:27 --> Encryption: Auto-configured driver 'openssl'.
DEBUG - 2022-10-04 16:59:27 --> Total execution time: 0.0469
DEBUG - 2022-10-04 16:59:31 --> UTF-8 Support Enabled
DEBUG - 2022-10-04 16:59:31 --> Global POST, GET and COOKIE data sanitized
DEBUG - 2022-10-04 16:59:31 --> Config file loaded: /hwonpark/www/application/config/tree.php
DEBUG - 2022-10-04 16:59:31 --> Encryption: Auto-configured driver 'openssl'.
DEBUG - 2022-10-04 16:59:31 --> Total execution time: 0.0721
DEBUG - 2022-10-04 16:59:33 --> UTF-8 Support Enabled
DEBUG - 2022-10-04 16:59:33 --> Global POST, GET and COOKIE data sanitized
DEBUG - 2022-10-04 16:59:33 --> Config file loaded: /hwonpark/www/application/config/tree.php
DEBUG - 2022-10-04 16:59:33 --> Encryption: Auto-configured driver 'openssl'.
DEBUG - 2022-10-04 16:59:33 --> Total execution time: 0.0368
DEBUG - 2022-10-04 16:59:36 --> UTF-8 Support Enabled
DEBUG - 2022-10-04 16:59:36 --> Global POST, GET and COOKIE data sanitized
DEBUG - 2022-10-04 16:59:36 --> Config file loaded: /hwonpark/www/application/config/tree.php
DEBUG - 2022-10-04 16:59:36 --> Encryption: Auto-configured driver 'openssl'.
DEBUG - 2022-10-04 16:59:36 --> Total execution time: 0.0392
DEBUG - 2022-10-04 16:59:37 --> UTF-8 Support Enabled
DEBUG - 2022-10-04 16:59:37 --> Global POST, GET and COOKIE data sanitized
DEBUG - 2022-10-04 16:59:37 --> Config file loaded: /hwonpark/www/application/config/tree.php
DEBUG - 2022-10-04 16:59:37 --> Encryption: Auto-configured driver 'openssl'.
DEBUG - 2022-10-04 16:59:37 --> Total execution time: 0.0467
DEBUG - 2022-10-04 16:59:40 --> UTF-8 Support Enabled
DEBUG - 2022-10-04 16:59:40 --> Global POST, GET and COOKIE data sanitized
DEBUG - 2022-10-04 16:59:40 --> Config file loaded: /hwonpark/www/application/config/tree.php
DEBUG - 2022-10-04 16:59:40 --> Encryption: Auto-configured driver 'openssl'.
DEBUG - 2022-10-04 16:59:40 --> Total execution time: 0.0420
DEBUG - 2022-10-04 16:59:46 --> UTF-8 Support Enabled
DEBUG - 2022-10-04 16:59:46 --> Global POST, GET and COOKIE data sanitized
DEBUG - 2022-10-04 16:59:46 --> Config file loaded: /hwonpark/www/application/config/tree.php
DEBUG - 2022-10-04 16:59:46 --> Encryption: Auto-configured driver 'openssl'.
DEBUG - 2022-10-04 16:59:46 --> Total execution time: 0.0235
DEBUG - 2022-10-04 16:59:48 --> UTF-8 Support Enabled
DEBUG - 2022-10-04 16:59:48 --> Global POST, GET and COOKIE data sanitized
DEBUG - 2022-10-04 16:59:48 --> Config file loaded: /hwonpark/www/application/config/tree.php
DEBUG - 2022-10-04 16:59:48 --> Encryption: Auto-configured driver 'openssl'.
DEBUG - 2022-10-04 16:59:48 --> Total execution time: 0.0321
DEBUG - 2022-10-04 17:28:55 --> UTF-8 Support Enabled
DEBUG - 2022-10-04 17:28:55 --> Global POST, GET and COOKIE data sanitized
DEBUG - 2022-10-04 17:28:55 --> Config file loaded: /hwonpark/www/application/config/tree.php
DEBUG - 2022-10-04 17:28:55 --> Total execution time: 0.0348
DEBUG - 2022-10-04 17:28:58 --> UTF-8 Support Enabled
DEBUG - 2022-10-04 17:28:58 --> Global POST, GET and COOKIE data sanitized
DEBUG - 2022-10-04 17:28:58 --> Config file loaded: /hwonpark/www/application/config/tree.php
DEBUG - 2022-10-04 17:29:00 --> UTF-8 Support Enabled
DEBUG - 2022-10-04 17:29:00 --> Global POST, GET and COOKIE data sanitized
DEBUG - 2022-10-04 17:29:00 --> Config file loaded: /hwonpark/www/application/config/tree.php
DEBUG - 2022-10-04 17:29:00 --> Total execution time: 0.0276
DEBUG - 2022-10-04 17:29:01 --> UTF-8 Support Enabled
DEBUG - 2022-10-04 17:29:01 --> Global POST, GET and COOKIE data sanitized
DEBUG - 2022-10-04 17:29:01 --> Config file loaded: /hwonpark/www/application/config/tree.php
DEBUG - 2022-10-04 17:29:01 --> =================== DL_auth-> oauth::CALLBACK - 
DEBUG - 2022-10-04 17:29:01 --> =================== DL_auth-> oauth::CALLBACK - kakao param=:: error=
DEBUG - 2022-10-04 17:29:01 --> =================== DL_auth-> oauth::CALLBACK - kakao param=:: state=
DEBUG - 2022-10-04 17:29:01 --> =================== DL_auth-> oauth::CALLBACK - kakao param=:: code=V-vMXp985pVc-ycNxSMrMmd-bD0_3mx54pQihaqSlu9qLLPwspDpu0u2dveSpMsotfxNgAo9cxgAAAGDohzT_w
DEBUG - 2022-10-04 17:29:01 --> =================== DL_auth -> kakao oauth :2: code=V-vMXp985pVc-ycNxSMrMmd-bD0_3mx54pQihaqSlu9qLLPwspDpu0u2dveSpMsotfxNgAo9cxgAAAGDohzT_w
DEBUG - 2022-10-04 17:29:01 --> ====================Dl_auth -> kakao_login :: 
DEBUG - 2022-10-04 17:29:01 --> --------------------Dl_auth::kakao_login - 1. 
DEBUG - 2022-10-04 17:29:01 --> Dl_auth::kakao_login - get_token  n=2
DEBUG - 2022-10-04 17:29:01 --> --------------------Dl_auth::kakao_login - 1.2.  -> 
DEBUG - 2022-10-04 17:29:01 --> --------------------Dl_auth::kakao_login - 1.3.
DEBUG - 2022-10-04 17:29:01 --> --------------------Dl_auth::kakao_login - 1.4. -> 
DEBUG - 2022-10-04 17:29:02 --> UTF-8 Support Enabled
DEBUG - 2022-10-04 17:29:02 --> Global POST, GET and COOKIE data sanitized
DEBUG - 2022-10-04 17:29:02 --> Config file loaded: /hwonpark/www/application/config/tree.php
DEBUG - 2022-10-04 17:29:02 --> =================== DL_auth-> oauth::CALLBACK - 
DEBUG - 2022-10-04 17:29:02 --> =================== DL_auth-> oauth::CALLBACK - kakao param=:: error=
DEBUG - 2022-10-04 17:29:02 --> =================== DL_auth-> oauth::CALLBACK - kakao param=:: state=
DEBUG - 2022-10-04 17:29:02 --> =================== DL_auth-> oauth::CALLBACK - kakao param=:: code=V-vMXp985pVc-ycNxSMrMmd-bD0_3mx54pQihaqSlu9qLLPwspDpu0u2dveSpMsotfxNgAo9cxgAAAGDohzT_w
DEBUG - 2022-10-04 17:29:02 --> =================== DL_auth -> kakao oauth :2: code=V-vMXp985pVc-ycNxSMrMmd-bD0_3mx54pQihaqSlu9qLLPwspDpu0u2dveSpMsotfxNgAo9cxgAAAGDohzT_w
DEBUG - 2022-10-04 17:29:02 --> ====================Dl_auth -> kakao_login :: 
DEBUG - 2022-10-04 17:29:02 --> ====================Dl_auth::kakao_login - 1.3.5-    (  ) state=
DEBUG - 2022-10-04 17:29:03 --> UTF-8 Support Enabled
DEBUG - 2022-10-04 17:29:03 --> Global POST, GET and COOKIE data sanitized
DEBUG - 2022-10-04 17:29:03 --> Config file loaded: /hwonpark/www/application/config/tree.php
DEBUG - 2022-10-04 17:29:03 --> Encryption: Auto-configured driver 'openssl'.
DEBUG - 2022-10-04 17:29:03 --> Total execution time: 0.0715
DEBUG - 2022-10-04 17:29:13 --> UTF-8 Support Enabled
DEBUG - 2022-10-04 17:29:13 --> Global POST, GET and COOKIE data sanitized
DEBUG - 2022-10-04 17:29:13 --> Config file loaded: /hwonpark/www/application/config/tree.php
DEBUG - 2022-10-04 17:29:13 --> Encryption: Auto-configured driver 'openssl'.
DEBUG - 2022-10-04 17:29:13 --> Total execution time: 0.0450
DEBUG - 2022-10-04 17:29:16 --> UTF-8 Support Enabled
DEBUG - 2022-10-04 17:29:16 --> Global POST, GET and COOKIE data sanitized
DEBUG - 2022-10-04 17:29:16 --> Config file loaded: /hwonpark/www/application/config/tree.php
DEBUG - 2022-10-04 17:29:16 --> Encryption: Auto-configured driver 'openssl'.
DEBUG - 2022-10-04 17:29:16 --> Total execution time: 0.0370
DEBUG - 2022-10-04 17:29:45 --> UTF-8 Support Enabled
DEBUG - 2022-10-04 17:29:45 --> Global POST, GET and COOKIE data sanitized
DEBUG - 2022-10-04 17:29:45 --> Config file loaded: /hwonpark/www/application/config/tree.php
DEBUG - 2022-10-04 17:29:45 --> Encryption: Auto-configured driver 'openssl'.
DEBUG - 2022-10-04 17:29:45 --> Total execution time: 0.0422
DEBUG - 2022-10-04 17:29:59 --> UTF-8 Support Enabled
DEBUG - 2022-10-04 17:29:59 --> Global POST, GET and COOKIE data sanitized
DEBUG - 2022-10-04 17:29:59 --> Config file loaded: /hwonpark/www/application/config/tree.php
DEBUG - 2022-10-04 17:29:59 --> Encryption: Auto-configured driver 'openssl'.
DEBUG - 2022-10-04 17:29:59 --> Total execution time: 0.0332
DEBUG - 2022-10-04 17:54:50 --> UTF-8 Support Enabled
DEBUG - 2022-10-04 17:54:50 --> No URI present. Default controller set.
DEBUG - 2022-10-04 17:54:50 --> Global POST, GET and COOKIE data sanitized
DEBUG - 2022-10-04 17:54:50 --> Config file loaded: /hwonpark/www/application/config/tree.php
DEBUG - 2022-10-04 17:54:50 --> Total execution time: 0.0312
DEBUG - 2022-10-04 17:54:51 --> UTF-8 Support Enabled
DEBUG - 2022-10-04 17:54:51 --> Global POST, GET and COOKIE data sanitized
ERROR - 2022-10-04 17:54:51 --> 404 Page Not Found: Faviconico/index
DEBUG - 2022-10-04 17:54:59 --> UTF-8 Support Enabled
DEBUG - 2022-10-04 17:54:59 --> Global POST, GET and COOKIE data sanitized
DEBUG - 2022-10-04 17:54:59 --> Config file loaded: /hwonpark/www/application/config/tree.php
DEBUG - 2022-10-04 17:54:59 --> --------------------DC_common::chk_perm - 1.  -> if 
DEBUG - 2022-10-04 17:54:59 --> UTF-8 Support Enabled
DEBUG - 2022-10-04 17:54:59 --> Global POST, GET and COOKIE data sanitized
DEBUG - 2022-10-04 17:54:59 --> Config file loaded: /hwonpark/www/application/config/tree.php
DEBUG - 2022-10-04 17:54:59 --> =================== DL_auth-> oauth::CALLBACK - 
DEBUG - 2022-10-04 17:54:59 --> =================== DL_auth-> oauth::CALLBACK - kakao param=:: error=
DEBUG - 2022-10-04 17:54:59 --> =================== DL_auth-> oauth::CALLBACK - kakao param=:: state=/ko/brief/view?idx=34
DEBUG - 2022-10-04 17:54:59 --> =================== DL_auth-> oauth::CALLBACK - kakao param=:: code=7sNvUZH-NbU5aA_D-b1CH0iBtg4gxGVlTSxMRHMcbtYidxYuAjCbP2dAYeJxhRNdkvMReAo9dZwAAAGDojSZIg
DEBUG - 2022-10-04 17:54:59 --> =================== DL_auth -> kakao oauth :2: code=7sNvUZH-NbU5aA_D-b1CH0iBtg4gxGVlTSxMRHMcbtYidxYuAjCbP2dAYeJxhRNdkvMReAo9dZwAAAGDojSZIg
DEBUG - 2022-10-04 17:54:59 --> ====================Dl_auth -> kakao_login :: 
DEBUG - 2022-10-04 17:54:59 --> --------------------Dl_auth::kakao_login - 1. 
DEBUG - 2022-10-04 17:54:59 --> Dl_auth::kakao_login - get_token  n=2
DEBUG - 2022-10-04 17:54:59 --> --------------------Dl_auth::kakao_login - 1.2.  -> 
DEBUG - 2022-10-04 17:54:59 --> --------------------Dl_auth::kakao_login - 1.3.
DEBUG - 2022-10-04 17:54:59 --> --------------------Dl_auth::kakao_login - 1.4. -> 
DEBUG - 2022-10-04 17:54:59 --> UTF-8 Support Enabled
DEBUG - 2022-10-04 17:54:59 --> Global POST, GET and COOKIE data sanitized
DEBUG - 2022-10-04 17:54:59 --> Config file loaded: /hwonpark/www/application/config/tree.php
DEBUG - 2022-10-04 17:54:59 --> =================== DL_auth-> oauth::CALLBACK - 
DEBUG - 2022-10-04 17:54:59 --> =================== DL_auth-> oauth::CALLBACK - kakao param=:: error=
DEBUG - 2022-10-04 17:54:59 --> =================== DL_auth-> oauth::CALLBACK - kakao param=:: state=/ko/brief/view?idx=34
DEBUG - 2022-10-04 17:54:59 --> =================== DL_auth-> oauth::CALLBACK - kakao param=:: code=7sNvUZH-NbU5aA_D-b1CH0iBtg4gxGVlTSxMRHMcbtYidxYuAjCbP2dAYeJxhRNdkvMReAo9dZwAAAGDojSZIg
DEBUG - 2022-10-04 17:54:59 --> =================== DL_auth -> kakao oauth :2: code=7sNvUZH-NbU5aA_D-b1CH0iBtg4gxGVlTSxMRHMcbtYidxYuAjCbP2dAYeJxhRNdkvMReAo9dZwAAAGDojSZIg
DEBUG - 2022-10-04 17:54:59 --> ====================Dl_auth -> kakao_login :: 
DEBUG - 2022-10-04 17:54:59 --> ====================Dl_auth::kakao_login - 1.3.5-    (  ) state=/ko/brief/view?idx=34
DEBUG - 2022-10-04 17:55:00 --> UTF-8 Support Enabled
DEBUG - 2022-10-04 17:55:00 --> Global POST, GET and COOKIE data sanitized
DEBUG - 2022-10-04 17:55:00 --> Config file loaded: /hwonpark/www/application/config/tree.php
DEBUG - 2022-10-04 17:55:00 --> Encryption: Auto-configured driver 'openssl'.
DEBUG - 2022-10-04 17:55:00 --> --------------------DC_common::chk_perm - 1.  -> if 
DEBUG - 2022-10-04 17:55:00 --> Total execution time: 0.0701
DEBUG - 2022-10-04 17:55:09 --> UTF-8 Support Enabled
DEBUG - 2022-10-04 17:55:09 --> Global POST, GET and COOKIE data sanitized
DEBUG - 2022-10-04 17:55:09 --> Config file loaded: /hwonpark/www/application/config/tree.php
DEBUG - 2022-10-04 17:55:09 --> Encryption: Auto-configured driver 'openssl'.
DEBUG - 2022-10-04 17:55:09 --> UTF-8 Support Enabled
DEBUG - 2022-10-04 17:55:09 --> Global POST, GET and COOKIE data sanitized
DEBUG - 2022-10-04 17:55:09 --> Config file loaded: /hwonpark/www/application/config/tree.php
DEBUG - 2022-10-04 17:55:09 --> Encryption: Auto-configured driver 'openssl'.
DEBUG - 2022-10-04 17:56:00 --> UTF-8 Support Enabled
DEBUG - 2022-10-04 17:56:00 --> Global POST, GET and COOKIE data sanitized
DEBUG - 2022-10-04 17:56:00 --> Config file loaded: /hwonpark/www/application/config/tree.php
DEBUG - 2022-10-04 17:56:00 --> Encryption: Auto-configured driver 'openssl'.
DEBUG - 2022-10-04 17:56:00 --> --------------------DC_common::chk_perm - 1.  -> if 
DEBUG - 2022-10-04 17:56:00 --> Total execution time: 0.0511
DEBUG - 2022-10-04 17:56:16 --> UTF-8 Support Enabled
DEBUG - 2022-10-04 17:56:16 --> No URI present. Default controller set.
DEBUG - 2022-10-04 17:56:16 --> Global POST, GET and COOKIE data sanitized
DEBUG - 2022-10-04 17:56:16 --> Config file loaded: /hwonpark/www/application/config/tree.php
DEBUG - 2022-10-04 17:56:16 --> Total execution time: 0.0618
DEBUG - 2022-10-04 17:56:18 --> UTF-8 Support Enabled
DEBUG - 2022-10-04 17:56:18 --> Global POST, GET and COOKIE data sanitized
ERROR - 2022-10-04 17:56:18 --> 404 Page Not Found: Faviconico/index
DEBUG - 2022-10-04 17:56:23 --> UTF-8 Support Enabled
DEBUG - 2022-10-04 17:56:23 --> Global POST, GET and COOKIE data sanitized
DEBUG - 2022-10-04 17:56:23 --> Config file loaded: /hwonpark/www/application/config/tree.php
DEBUG - 2022-10-04 17:56:23 --> Total execution time: 0.0215
DEBUG - 2022-10-04 17:56:25 --> UTF-8 Support Enabled
DEBUG - 2022-10-04 17:56:25 --> Global POST, GET and COOKIE data sanitized
DEBUG - 2022-10-04 17:56:25 --> Config file loaded: /hwonpark/www/application/config/tree.php
DEBUG - 2022-10-04 17:56:25 --> Total execution time: 0.0309
DEBUG - 2022-10-04 17:56:25 --> UTF-8 Support Enabled
DEBUG - 2022-10-04 17:56:25 --> Global POST, GET and COOKIE data sanitized
DEBUG - 2022-10-04 17:56:25 --> Config file loaded: /hwonpark/www/application/config/tree.php
DEBUG - 2022-10-04 17:56:26 --> UTF-8 Support Enabled
DEBUG - 2022-10-04 17:56:26 --> Global POST, GET and COOKIE data sanitized
DEBUG - 2022-10-04 17:56:26 --> Config file loaded: /hwonpark/www/application/config/tree.php
DEBUG - 2022-10-04 17:56:26 --> Total execution time: 0.0356
DEBUG - 2022-10-04 17:56:27 --> UTF-8 Support Enabled
DEBUG - 2022-10-04 17:56:27 --> No URI present. Default controller set.
DEBUG - 2022-10-04 17:56:27 --> Global POST, GET and COOKIE data sanitized
DEBUG - 2022-10-04 17:56:27 --> Config file loaded: /hwonpark/www/application/config/tree.php
DEBUG - 2022-10-04 17:56:27 --> Total execution time: 0.0328
DEBUG - 2022-10-04 17:56:28 --> UTF-8 Support Enabled
DEBUG - 2022-10-04 17:56:28 --> Global POST, GET and COOKIE data sanitized
DEBUG - 2022-10-04 17:56:28 --> Config file loaded: /hwonpark/www/application/config/tree.php
DEBUG - 2022-10-04 17:56:28 --> Total execution time: 0.0288
DEBUG - 2022-10-04 17:56:32 --> UTF-8 Support Enabled
DEBUG - 2022-10-04 17:56:32 --> Global POST, GET and COOKIE data sanitized
DEBUG - 2022-10-04 17:56:32 --> Config file loaded: /hwonpark/www/application/config/tree.php
DEBUG - 2022-10-04 17:56:32 --> Total execution time: 0.0325
DEBUG - 2022-10-04 17:56:34 --> UTF-8 Support Enabled
DEBUG - 2022-10-04 17:56:34 --> Global POST, GET and COOKIE data sanitized
DEBUG - 2022-10-04 17:56:34 --> Config file loaded: /hwonpark/www/application/config/tree.php
DEBUG - 2022-10-04 17:56:34 --> Total execution time: 0.0718
DEBUG - 2022-10-04 17:56:36 --> UTF-8 Support Enabled
DEBUG - 2022-10-04 17:56:36 --> Global POST, GET and COOKIE data sanitized
DEBUG - 2022-10-04 17:56:36 --> Config file loaded: /hwonpark/www/application/config/tree.php
DEBUG - 2022-10-04 17:56:36 --> Total execution time: 0.0649
DEBUG - 2022-10-04 17:57:25 --> UTF-8 Support Enabled
DEBUG - 2022-10-04 17:57:25 --> No URI present. Default controller set.
DEBUG - 2022-10-04 17:57:25 --> Global POST, GET and COOKIE data sanitized
DEBUG - 2022-10-04 17:57:25 --> Config file loaded: /hwonpark/www/application/config/tree.php
DEBUG - 2022-10-04 17:57:25 --> Total execution time: 0.0473
DEBUG - 2022-10-04 17:57:26 --> UTF-8 Support Enabled
DEBUG - 2022-10-04 17:57:26 --> Global POST, GET and COOKIE data sanitized
DEBUG - 2022-10-04 17:57:26 --> Config file loaded: /hwonpark/www/application/config/tree.php
DEBUG - 2022-10-04 17:57:28 --> UTF-8 Support Enabled
DEBUG - 2022-10-04 17:57:28 --> Global POST, GET and COOKIE data sanitized
DEBUG - 2022-10-04 17:57:28 --> Config file loaded: /hwonpark/www/application/config/tree.php
DEBUG - 2022-10-04 17:57:28 --> Total execution time: 0.0255
DEBUG - 2022-10-04 17:57:28 --> UTF-8 Support Enabled
DEBUG - 2022-10-04 17:57:28 --> Global POST, GET and COOKIE data sanitized
ERROR - 2022-10-04 17:57:28 --> 404 Page Not Found: Faviconico/index
DEBUG - 2022-10-04 17:57:28 --> UTF-8 Support Enabled
DEBUG - 2022-10-04 17:57:28 --> No URI present. Default controller set.
DEBUG - 2022-10-04 17:57:28 --> Global POST, GET and COOKIE data sanitized
DEBUG - 2022-10-04 17:57:28 --> Config file loaded: /hwonpark/www/application/config/tree.php
DEBUG - 2022-10-04 17:57:28 --> Total execution time: 0.0548
DEBUG - 2022-10-04 17:59:40 --> UTF-8 Support Enabled
DEBUG - 2022-10-04 17:59:40 --> Global POST, GET and COOKIE data sanitized
DEBUG - 2022-10-04 17:59:40 --> Config file loaded: /hwonpark/www/application/config/tree.php
DEBUG - 2022-10-04 17:59:40 --> Total execution time: 0.0552
DEBUG - 2022-10-04 18:15:49 --> UTF-8 Support Enabled
DEBUG - 2022-10-04 18:15:49 --> Global POST, GET and COOKIE data sanitized
DEBUG - 2022-10-04 18:15:49 --> Config file loaded: /hwonpark/www/application/config/tree.php
DEBUG - 2022-10-04 18:15:49 --> Total execution time: 0.0473
DEBUG - 2022-10-04 18:15:54 --> UTF-8 Support Enabled
DEBUG - 2022-10-04 18:15:54 --> Global POST, GET and COOKIE data sanitized
DEBUG - 2022-10-04 18:15:54 --> Config file loaded: /hwonpark/www/application/config/tree.php
DEBUG - 2022-10-04 18:15:54 --> Total execution time: 0.0343
DEBUG - 2022-10-04 18:15:56 --> UTF-8 Support Enabled
DEBUG - 2022-10-04 18:15:56 --> Global POST, GET and COOKIE data sanitized
DEBUG - 2022-10-04 18:15:56 --> Config file loaded: /hwonpark/www/application/config/tree.php
DEBUG - 2022-10-04 18:15:56 --> Total execution time: 0.0516
DEBUG - 2022-10-04 18:16:01 --> UTF-8 Support Enabled
DEBUG - 2022-10-04 18:16:01 --> Global POST, GET and COOKIE data sanitized
DEBUG - 2022-10-04 18:16:01 --> Config file loaded: /hwonpark/www/application/config/tree.php
DEBUG - 2022-10-04 18:16:01 --> Total execution time: 0.2313
DEBUG - 2022-10-04 18:16:03 --> UTF-8 Support Enabled
DEBUG - 2022-10-04 18:16:03 --> Global POST, GET and COOKIE data sanitized
DEBUG - 2022-10-04 18:16:03 --> Config file loaded: /hwonpark/www/application/config/tree.php
DEBUG - 2022-10-04 18:16:03 --> Total execution time: 0.0332
DEBUG - 2022-10-04 18:16:05 --> UTF-8 Support Enabled
DEBUG - 2022-10-04 18:16:05 --> Global POST, GET and COOKIE data sanitized
DEBUG - 2022-10-04 18:16:05 --> Config file loaded: /hwonpark/www/application/config/tree.php
DEBUG - 2022-10-04 18:16:05 --> Total execution time: 0.0466
DEBUG - 2022-10-04 18:18:06 --> UTF-8 Support Enabled
DEBUG - 2022-10-04 18:18:06 --> Global POST, GET and COOKIE data sanitized
DEBUG - 2022-10-04 18:18:06 --> Config file loaded: /hwonpark/www/application/config/tree.php
DEBUG - 2022-10-04 18:18:06 --> Total execution time: 0.0400
DEBUG - 2022-10-04 18:18:09 --> UTF-8 Support Enabled
DEBUG - 2022-10-04 18:18:09 --> Global POST, GET and COOKIE data sanitized
DEBUG - 2022-10-04 18:18:09 --> Config file loaded: /hwonpark/www/application/config/tree.php
DEBUG - 2022-10-04 18:18:09 --> Total execution time: 0.0346
DEBUG - 2022-10-04 18:18:55 --> UTF-8 Support Enabled
DEBUG - 2022-10-04 18:18:55 --> Global POST, GET and COOKIE data sanitized
DEBUG - 2022-10-04 18:18:55 --> Config file loaded: /hwonpark/www/application/config/tree.php
DEBUG - 2022-10-04 18:18:55 --> Total execution time: 0.0302
DEBUG - 2022-10-04 18:19:00 --> UTF-8 Support Enabled
DEBUG - 2022-10-04 18:19:00 --> Global POST, GET and COOKIE data sanitized
DEBUG - 2022-10-04 18:19:00 --> Config file loaded: /hwonpark/www/application/config/tree.php
DEBUG - 2022-10-04 18:19:00 --> Total execution time: 0.0259
DEBUG - 2022-10-04 18:46:53 --> UTF-8 Support Enabled
DEBUG - 2022-10-04 18:46:53 --> No URI present. Default controller set.
DEBUG - 2022-10-04 18:46:53 --> Global POST, GET and COOKIE data sanitized
DEBUG - 2022-10-04 18:46:53 --> Config file loaded: /hwonpark/www/application/config/tree.php
DEBUG - 2022-10-04 18:46:53 --> Total execution time: 0.0303
DEBUG - 2022-10-04 18:46:55 --> UTF-8 Support Enabled
DEBUG - 2022-10-04 18:46:55 --> Global POST, GET and COOKIE data sanitized
ERROR - 2022-10-04 18:46:55 --> 404 Page Not Found: Faviconico/index
DEBUG - 2022-10-04 20:52:40 --> UTF-8 Support Enabled
DEBUG - 2022-10-04 20:52:40 --> No URI present. Default controller set.
DEBUG - 2022-10-04 20:52:40 --> Global POST, GET and COOKIE data sanitized
DEBUG - 2022-10-04 20:52:40 --> Config file loaded: /hwonpark/www/application/config/tree.php
DEBUG - 2022-10-04 20:52:41 --> Total execution time: 0.0613
DEBUG - 2022-10-04 20:52:42 --> UTF-8 Support Enabled
DEBUG - 2022-10-04 20:52:42 --> Global POST, GET and COOKIE data sanitized
ERROR - 2022-10-04 20:52:42 --> 404 Page Not Found: Faviconico/index
DEBUG - 2022-10-04 20:52:47 --> UTF-8 Support Enabled
DEBUG - 2022-10-04 20:52:47 --> Global POST, GET and COOKIE data sanitized
DEBUG - 2022-10-04 20:52:47 --> Config file loaded: /hwonpark/www/application/config/tree.php
DEBUG - 2022-10-04 20:52:47 --> Total execution time: 0.0657
DEBUG - 2022-10-04 21:04:24 --> UTF-8 Support Enabled
DEBUG - 2022-10-04 21:04:24 --> Global POST, GET and COOKIE data sanitized
DEBUG - 2022-10-04 21:04:24 --> Config file loaded: /hwonpark/www/application/config/tree.php
DEBUG - 2022-10-04 21:04:24 --> Total execution time: 0.0361
DEBUG - 2022-10-04 21:04:57 --> UTF-8 Support Enabled
DEBUG - 2022-10-04 21:04:57 --> Global POST, GET and COOKIE data sanitized
DEBUG - 2022-10-04 21:04:57 --> Config file loaded: /hwonpark/www/application/config/tree.php
DEBUG - 2022-10-04 21:04:57 --> Total execution time: 0.0398
DEBUG - 2022-10-04 21:05:02 --> UTF-8 Support Enabled
DEBUG - 2022-10-04 21:05:02 --> Global POST, GET and COOKIE data sanitized
DEBUG - 2022-10-04 21:05:02 --> Config file loaded: /hwonpark/www/application/config/tree.php
DEBUG - 2022-10-04 21:05:02 --> Total execution time: 0.5078
DEBUG - 2022-10-04 21:05:07 --> UTF-8 Support Enabled
DEBUG - 2022-10-04 21:05:07 --> Global POST, GET and COOKIE data sanitized
DEBUG - 2022-10-04 21:05:07 --> Config file loaded: /hwonpark/www/application/config/tree.php
DEBUG - 2022-10-04 21:05:08 --> UTF-8 Support Enabled
DEBUG - 2022-10-04 21:05:08 --> Global POST, GET and COOKIE data sanitized
DEBUG - 2022-10-04 21:05:08 --> Config file loaded: /hwonpark/www/application/config/tree.php
DEBUG - 2022-10-04 21:05:08 --> Total execution time: 0.0299
DEBUG - 2022-10-04 21:05:26 --> UTF-8 Support Enabled
DEBUG - 2022-10-04 21:05:26 --> Global POST, GET and COOKIE data sanitized
DEBUG - 2022-10-04 21:05:26 --> Config file loaded: /hwonpark/www/application/config/tree.php
DEBUG - 2022-10-04 21:05:26 --> =================== DL_auth-> oauth::CALLBACK - 
DEBUG - 2022-10-04 21:05:26 --> =================== DL_auth-> oauth::CALLBACK - kakao param=:: error=
DEBUG - 2022-10-04 21:05:26 --> =================== DL_auth-> oauth::CALLBACK - kakao param=:: state=
DEBUG - 2022-10-04 21:05:26 --> =================== DL_auth-> oauth::CALLBACK - kakao param=:: code=Vg9c8qy5_wleNqshAiKsDchiGzCUNq0dNzjn7W30SpeHuxhHf-mwYwiuyEKeb8RQaTgHTwo9dGkAAAGDouL0kQ
DEBUG - 2022-10-04 21:05:26 --> =================== DL_auth -> kakao oauth :2: code=Vg9c8qy5_wleNqshAiKsDchiGzCUNq0dNzjn7W30SpeHuxhHf-mwYwiuyEKeb8RQaTgHTwo9dGkAAAGDouL0kQ
DEBUG - 2022-10-04 21:05:26 --> ====================Dl_auth -> kakao_login :: 
DEBUG - 2022-10-04 21:05:26 --> --------------------Dl_auth::kakao_login - 1. 
DEBUG - 2022-10-04 21:05:26 --> Dl_auth::kakao_login - get_token  n=2
DEBUG - 2022-10-04 21:05:26 --> --------------------Dl_auth::kakao_login - 1.2.  -> 
DEBUG - 2022-10-04 21:05:26 --> --------------------Dl_auth::kakao_login - 1.3.
DEBUG - 2022-10-04 21:05:26 --> --------------------Dl_auth::kakao_login - 1.4. -> 
DEBUG - 2022-10-04 21:05:26 --> UTF-8 Support Enabled
DEBUG - 2022-10-04 21:05:26 --> Global POST, GET and COOKIE data sanitized
DEBUG - 2022-10-04 21:05:26 --> Config file loaded: /hwonpark/www/application/config/tree.php
DEBUG - 2022-10-04 21:05:26 --> =================== DL_auth-> oauth::CALLBACK - 
DEBUG - 2022-10-04 21:05:26 --> =================== DL_auth-> oauth::CALLBACK - kakao param=:: error=
DEBUG - 2022-10-04 21:05:26 --> =================== DL_auth-> oauth::CALLBACK - kakao param=:: state=
DEBUG - 2022-10-04 21:05:26 --> =================== DL_auth-> oauth::CALLBACK - kakao param=:: code=Vg9c8qy5_wleNqshAiKsDchiGzCUNq0dNzjn7W30SpeHuxhHf-mwYwiuyEKeb8RQaTgHTwo9dGkAAAGDouL0kQ
DEBUG - 2022-10-04 21:05:26 --> =================== DL_auth -> kakao oauth :2: code=Vg9c8qy5_wleNqshAiKsDchiGzCUNq0dNzjn7W30SpeHuxhHf-mwYwiuyEKeb8RQaTgHTwo9dGkAAAGDouL0kQ
DEBUG - 2022-10-04 21:05:26 --> ====================Dl_auth -> kakao_login :: 
DEBUG - 2022-10-04 21:05:26 --> ====================Dl_auth::kakao_login - 1.3.5-    (  ) state=
DEBUG - 2022-10-04 21:05:28 --> UTF-8 Support Enabled
DEBUG - 2022-10-04 21:05:28 --> Global POST, GET and COOKIE data sanitized
DEBUG - 2022-10-04 21:05:28 --> Config file loaded: /hwonpark/www/application/config/tree.php
DEBUG - 2022-10-04 21:05:28 --> Encryption: Auto-configured driver 'openssl'.
DEBUG - 2022-10-04 21:05:28 --> Total execution time: 0.0616
DEBUG - 2022-10-04 21:05:35 --> UTF-8 Support Enabled
DEBUG - 2022-10-04 21:05:35 --> Global POST, GET and COOKIE data sanitized
DEBUG - 2022-10-04 21:05:35 --> Config file loaded: /hwonpark/www/application/config/tree.php
DEBUG - 2022-10-04 21:05:35 --> Encryption: Auto-configured driver 'openssl'.
DEBUG - 2022-10-04 21:05:35 --> Total execution time: 0.0580
DEBUG - 2022-10-04 21:05:37 --> UTF-8 Support Enabled
DEBUG - 2022-10-04 21:05:37 --> Global POST, GET and COOKIE data sanitized
DEBUG - 2022-10-04 21:05:37 --> Config file loaded: /hwonpark/www/application/config/tree.php
DEBUG - 2022-10-04 21:05:37 --> Encryption: Auto-configured driver 'openssl'.
DEBUG - 2022-10-04 21:05:37 --> Total execution time: 0.1522
DEBUG - 2022-10-04 21:05:54 --> UTF-8 Support Enabled
DEBUG - 2022-10-04 21:05:54 --> Global POST, GET and COOKIE data sanitized
DEBUG - 2022-10-04 21:05:54 --> Config file loaded: /hwonpark/www/application/config/tree.php
DEBUG - 2022-10-04 21:05:54 --> Encryption: Auto-configured driver 'openssl'.
DEBUG - 2022-10-04 21:07:13 --> UTF-8 Support Enabled
DEBUG - 2022-10-04 21:07:13 --> Global POST, GET and COOKIE data sanitized
DEBUG - 2022-10-04 21:07:13 --> Config file loaded: /hwonpark/www/application/config/tree.php
DEBUG - 2022-10-04 21:07:13 --> Encryption: Auto-configured driver 'openssl'.
DEBUG - 2022-10-04 21:07:13 --> Total execution time: 0.0447
DEBUG - 2022-10-04 21:07:24 --> UTF-8 Support Enabled
DEBUG - 2022-10-04 21:07:24 --> Global POST, GET and COOKIE data sanitized
DEBUG - 2022-10-04 21:07:24 --> Config file loaded: /hwonpark/www/application/config/tree.php
DEBUG - 2022-10-04 21:07:24 --> Encryption: Auto-configured driver 'openssl'.
DEBUG - 2022-10-04 21:07:24 --> Total execution time: 0.0558
DEBUG - 2022-10-04 21:20:25 --> UTF-8 Support Enabled
DEBUG - 2022-10-04 21:20:25 --> Global POST, GET and COOKIE data sanitized
DEBUG - 2022-10-04 21:20:25 --> Config file loaded: /hwonpark/www/application/config/tree.php
DEBUG - 2022-10-04 21:20:27 --> UTF-8 Support Enabled
DEBUG - 2022-10-04 21:20:27 --> Global POST, GET and COOKIE data sanitized
DEBUG - 2022-10-04 21:20:27 --> Config file loaded: /hwonpark/www/application/config/tree.php
DEBUG - 2022-10-04 21:20:27 --> Total execution time: 0.0412
DEBUG - 2022-10-04 21:20:35 --> UTF-8 Support Enabled
DEBUG - 2022-10-04 21:20:35 --> Global POST, GET and COOKIE data sanitized
DEBUG - 2022-10-04 21:20:35 --> Config file loaded: /hwonpark/www/application/config/tree.php
DEBUG - 2022-10-04 21:20:35 --> Total execution time: 0.0314
DEBUG - 2022-10-04 21:21:34 --> UTF-8 Support Enabled
DEBUG - 2022-10-04 21:21:34 --> Global POST, GET and COOKIE data sanitized
DEBUG - 2022-10-04 21:21:34 --> Config file loaded: /hwonpark/www/application/config/tree.php
DEBUG - 2022-10-04 21:21:36 --> UTF-8 Support Enabled
DEBUG - 2022-10-04 21:21:36 --> Global POST, GET and COOKIE data sanitized
DEBUG - 2022-10-04 21:21:36 --> Config file loaded: /hwonpark/www/application/config/tree.php
DEBUG - 2022-10-04 21:21:36 --> Total execution time: 0.0331
DEBUG - 2022-10-04 21:21:37 --> UTF-8 Support Enabled
DEBUG - 2022-10-04 21:21:37 --> Global POST, GET and COOKIE data sanitized
DEBUG - 2022-10-04 21:21:37 --> Config file loaded: /hwonpark/www/application/config/tree.php
DEBUG - 2022-10-04 21:21:37 --> =================== DL_auth-> oauth::CALLBACK - 
DEBUG - 2022-10-04 21:21:37 --> =================== DL_auth-> oauth::CALLBACK - kakao param=:: error=
DEBUG - 2022-10-04 21:21:37 --> =================== DL_auth-> oauth::CALLBACK - kakao param=:: state=
DEBUG - 2022-10-04 21:21:37 --> =================== DL_auth-> oauth::CALLBACK - kakao param=:: code=j1187EXhn5SaezfNSB5Xhim_6PgxkIzBduwsP0-WRmf1um_NlQDzedQ-VavQ0w2DSvD6NQo9cuoAAAGDovHHCw
DEBUG - 2022-10-04 21:21:37 --> =================== DL_auth -> kakao oauth :2: code=j1187EXhn5SaezfNSB5Xhim_6PgxkIzBduwsP0-WRmf1um_NlQDzedQ-VavQ0w2DSvD6NQo9cuoAAAGDovHHCw
DEBUG - 2022-10-04 21:21:37 --> ====================Dl_auth -> kakao_login :: 
DEBUG - 2022-10-04 21:21:37 --> --------------------Dl_auth::kakao_login - 1. 
DEBUG - 2022-10-04 21:21:37 --> Dl_auth::kakao_login - get_token  n=2
DEBUG - 2022-10-04 21:21:37 --> --------------------Dl_auth::kakao_login - 1.2.  -> 
DEBUG - 2022-10-04 21:21:37 --> --------------------Dl_auth::kakao_login - 1.3.
DEBUG - 2022-10-04 21:21:37 --> --------------------Dl_auth::kakao_login - 1.4. -> 
DEBUG - 2022-10-04 21:21:37 --> UTF-8 Support Enabled
DEBUG - 2022-10-04 21:21:37 --> Global POST, GET and COOKIE data sanitized
DEBUG - 2022-10-04 21:21:37 --> Config file loaded: /hwonpark/www/application/config/tree.php
DEBUG - 2022-10-04 21:21:37 --> =================== DL_auth-> oauth::CALLBACK - 
DEBUG - 2022-10-04 21:21:37 --> =================== DL_auth-> oauth::CALLBACK - kakao param=:: error=
DEBUG - 2022-10-04 21:21:37 --> =================== DL_auth-> oauth::CALLBACK - kakao param=:: state=
DEBUG - 2022-10-04 21:21:37 --> =================== DL_auth-> oauth::CALLBACK - kakao param=:: code=j1187EXhn5SaezfNSB5Xhim_6PgxkIzBduwsP0-WRmf1um_NlQDzedQ-VavQ0w2DSvD6NQo9cuoAAAGDovHHCw
DEBUG - 2022-10-04 21:21:37 --> =================== DL_auth -> kakao oauth :2: code=j1187EXhn5SaezfNSB5Xhim_6PgxkIzBduwsP0-WRmf1um_NlQDzedQ-VavQ0w2DSvD6NQo9cuoAAAGDovHHCw
DEBUG - 2022-10-04 21:21:37 --> ====================Dl_auth -> kakao_login :: 
DEBUG - 2022-10-04 21:21:37 --> ====================Dl_auth::kakao_login - 1.3.5-    (  ) state=
DEBUG - 2022-10-04 21:21:39 --> UTF-8 Support Enabled
DEBUG - 2022-10-04 21:21:39 --> Global POST, GET and COOKIE data sanitized
DEBUG - 2022-10-04 21:21:39 --> Config file loaded: /hwonpark/www/application/config/tree.php
DEBUG - 2022-10-04 21:21:39 --> Encryption: Auto-configured driver 'openssl'.
DEBUG - 2022-10-04 21:21:39 --> Total execution time: 0.0347
DEBUG - 2022-10-04 21:21:46 --> UTF-8 Support Enabled
DEBUG - 2022-10-04 21:21:46 --> Global POST, GET and COOKIE data sanitized
DEBUG - 2022-10-04 21:21:46 --> Config file loaded: /hwonpark/www/application/config/tree.php
DEBUG - 2022-10-04 21:21:46 --> Encryption: Auto-configured driver 'openssl'.
DEBUG - 2022-10-04 21:21:46 --> Total execution time: 0.0289
DEBUG - 2022-10-04 21:21:49 --> UTF-8 Support Enabled
DEBUG - 2022-10-04 21:21:49 --> Global POST, GET and COOKIE data sanitized
DEBUG - 2022-10-04 21:21:49 --> Config file loaded: /hwonpark/www/application/config/tree.php
DEBUG - 2022-10-04 21:21:49 --> Encryption: Auto-configured driver 'openssl'.
DEBUG - 2022-10-04 21:21:49 --> Total execution time: 0.0493
