DEBUG - 2022-08-11 07:31:37 --> UTF-8 Support Enabled
DEBUG - 2022-08-11 07:31:37 --> No URI present. Default controller set.
DEBUG - 2022-08-11 07:31:37 --> Global POST, GET and COOKIE data sanitized
DEBUG - 2022-08-11 07:31:37 --> Config file loaded: /hwonpark/www/application/config/tree.php
DEBUG - 2022-08-11 07:31:37 --> Total execution time: 0.2373
DEBUG - 2022-08-11 08:17:04 --> UTF-8 Support Enabled
DEBUG - 2022-08-11 08:17:04 --> No URI present. Default controller set.
DEBUG - 2022-08-11 08:17:04 --> Global POST, GET and COOKIE data sanitized
DEBUG - 2022-08-11 08:17:04 --> Config file loaded: /hwonpark/www/application/config/tree.php
DEBUG - 2022-08-11 08:17:04 --> Total execution time: 0.1168
DEBUG - 2022-08-11 08:17:04 --> UTF-8 Support Enabled
DEBUG - 2022-08-11 08:17:04 --> Global POST, GET and COOKIE data sanitized
ERROR - 2022-08-11 08:17:04 --> 404 Page Not Found: Faviconico/index
DEBUG - 2022-08-11 08:17:06 --> UTF-8 Support Enabled
DEBUG - 2022-08-11 08:17:06 --> Global POST, GET and COOKIE data sanitized
DEBUG - 2022-08-11 08:17:06 --> Config file loaded: /hwonpark/www/application/config/tree.php
DEBUG - 2022-08-11 08:17:06 --> Total execution time: 0.0767
DEBUG - 2022-08-11 08:17:09 --> UTF-8 Support Enabled
DEBUG - 2022-08-11 08:17:09 --> Global POST, GET and COOKIE data sanitized
DEBUG - 2022-08-11 08:17:09 --> Config file loaded: /hwonpark/www/application/config/tree.php
DEBUG - 2022-08-11 08:17:09 --> Total execution time: 0.0744
DEBUG - 2022-08-11 08:17:16 --> UTF-8 Support Enabled
DEBUG - 2022-08-11 08:17:16 --> Global POST, GET and COOKIE data sanitized
DEBUG - 2022-08-11 08:17:16 --> Config file loaded: /hwonpark/www/application/config/tree.php
DEBUG - 2022-08-11 08:17:16 --> Total execution time: 0.0647
DEBUG - 2022-08-11 09:07:12 --> UTF-8 Support Enabled
DEBUG - 2022-08-11 09:07:12 --> Global POST, GET and COOKIE data sanitized
DEBUG - 2022-08-11 09:07:12 --> Config file loaded: /hwonpark/www/application/config/tree.php
DEBUG - 2022-08-11 09:07:14 --> UTF-8 Support Enabled
DEBUG - 2022-08-11 09:07:14 --> No URI present. Default controller set.
DEBUG - 2022-08-11 09:07:14 --> Global POST, GET and COOKIE data sanitized
DEBUG - 2022-08-11 09:07:14 --> Config file loaded: /hwonpark/www/application/config/tree.php
DEBUG - 2022-08-11 09:07:14 --> Total execution time: 0.0308
DEBUG - 2022-08-11 09:07:15 --> UTF-8 Support Enabled
DEBUG - 2022-08-11 09:07:15 --> Global POST, GET and COOKIE data sanitized
ERROR - 2022-08-11 09:07:15 --> 404 Page Not Found: Faviconico/index
DEBUG - 2022-08-11 09:22:07 --> UTF-8 Support Enabled
DEBUG - 2022-08-11 09:22:07 --> Global POST, GET and COOKIE data sanitized
DEBUG - 2022-08-11 09:22:07 --> Config file loaded: /hwonpark/www/application/config/tree.php
DEBUG - 2022-08-11 09:22:07 --> Total execution time: 0.0327
DEBUG - 2022-08-11 09:22:13 --> UTF-8 Support Enabled
DEBUG - 2022-08-11 09:22:13 --> Global POST, GET and COOKIE data sanitized
DEBUG - 2022-08-11 09:22:13 --> Config file loaded: /hwonpark/www/application/config/tree.php
DEBUG - 2022-08-11 09:22:13 --> Total execution time: 0.0355
DEBUG - 2022-08-11 09:57:53 --> UTF-8 Support Enabled
DEBUG - 2022-08-11 09:57:53 --> Global POST, GET and COOKIE data sanitized
DEBUG - 2022-08-11 09:57:53 --> Config file loaded: /hwonpark/www/application/config/tree.php
DEBUG - 2022-08-11 09:57:53 --> Total execution time: 0.0383
DEBUG - 2022-08-11 09:57:54 --> UTF-8 Support Enabled
DEBUG - 2022-08-11 09:57:54 --> Global POST, GET and COOKIE data sanitized
ERROR - 2022-08-11 09:57:54 --> 404 Page Not Found: Faviconico/index
DEBUG - 2022-08-11 09:58:01 --> UTF-8 Support Enabled
DEBUG - 2022-08-11 09:58:01 --> Global POST, GET and COOKIE data sanitized
DEBUG - 2022-08-11 09:58:01 --> Config file loaded: /hwonpark/www/application/config/tree.php
DEBUG - 2022-08-11 09:58:03 --> UTF-8 Support Enabled
DEBUG - 2022-08-11 09:58:03 --> Global POST, GET and COOKIE data sanitized
DEBUG - 2022-08-11 09:58:03 --> Config file loaded: /hwonpark/www/application/config/tree.php
DEBUG - 2022-08-11 09:58:03 --> Encryption: Auto-configured driver 'openssl'.
DEBUG - 2022-08-11 09:58:03 --> UTF-8 Support Enabled
DEBUG - 2022-08-11 09:58:03 --> Global POST, GET and COOKIE data sanitized
DEBUG - 2022-08-11 09:58:03 --> Config file loaded: /hwonpark/www/application/config/tree.php
DEBUG - 2022-08-11 09:58:03 --> Encryption: Auto-configured driver 'openssl'.
DEBUG - 2022-08-11 09:58:03 --> Encryption class already loaded. Second attempt ignored.
DEBUG - 2022-08-11 09:58:03 --> Total execution time: 0.0646
DEBUG - 2022-08-11 09:58:04 --> UTF-8 Support Enabled
DEBUG - 2022-08-11 09:58:04 --> Global POST, GET and COOKIE data sanitized
DEBUG - 2022-08-11 09:58:04 --> Config file loaded: /hwonpark/www/application/config/tree.php
DEBUG - 2022-08-11 09:58:04 --> Encryption: Auto-configured driver 'openssl'.
DEBUG - 2022-08-11 09:58:04 --> Total execution time: 0.0405
DEBUG - 2022-08-11 09:58:06 --> UTF-8 Support Enabled
DEBUG - 2022-08-11 09:58:06 --> Global POST, GET and COOKIE data sanitized
DEBUG - 2022-08-11 09:58:06 --> Config file loaded: /hwonpark/www/application/config/tree.php
DEBUG - 2022-08-11 09:58:06 --> Encryption: Auto-configured driver 'openssl'.
DEBUG - 2022-08-11 09:58:06 --> Total execution time: 0.0350
DEBUG - 2022-08-11 09:58:18 --> UTF-8 Support Enabled
DEBUG - 2022-08-11 09:58:18 --> Global POST, GET and COOKIE data sanitized
DEBUG - 2022-08-11 09:58:18 --> Config file loaded: /hwonpark/www/application/config/tree.php
DEBUG - 2022-08-11 09:58:18 --> Encryption: Auto-configured driver 'openssl'.
DEBUG - 2022-08-11 09:58:18 --> Total execution time: 0.0334
DEBUG - 2022-08-11 09:58:40 --> UTF-8 Support Enabled
DEBUG - 2022-08-11 09:58:40 --> Global POST, GET and COOKIE data sanitized
DEBUG - 2022-08-11 09:58:40 --> Config file loaded: /hwonpark/www/application/config/tree.php
DEBUG - 2022-08-11 09:58:40 --> Encryption: Auto-configured driver 'openssl'.
DEBUG - 2022-08-11 09:58:40 --> Total execution time: 0.0823
DEBUG - 2022-08-11 09:58:48 --> UTF-8 Support Enabled
DEBUG - 2022-08-11 09:58:48 --> Global POST, GET and COOKIE data sanitized
DEBUG - 2022-08-11 09:58:48 --> Config file loaded: /hwonpark/www/application/config/tree.php
DEBUG - 2022-08-11 09:58:48 --> Encryption: Auto-configured driver 'openssl'.
DEBUG - 2022-08-11 09:58:48 --> Total execution time: 0.0365
DEBUG - 2022-08-11 09:59:04 --> UTF-8 Support Enabled
DEBUG - 2022-08-11 09:59:04 --> Global POST, GET and COOKIE data sanitized
DEBUG - 2022-08-11 09:59:04 --> Config file loaded: /hwonpark/www/application/config/tree.php
DEBUG - 2022-08-11 09:59:04 --> Encryption: Auto-configured driver 'openssl'.
DEBUG - 2022-08-11 09:59:04 --> Total execution time: 0.0832
DEBUG - 2022-08-11 09:59:28 --> UTF-8 Support Enabled
DEBUG - 2022-08-11 09:59:28 --> Global POST, GET and COOKIE data sanitized
DEBUG - 2022-08-11 09:59:28 --> Config file loaded: /hwonpark/www/application/config/tree.php
DEBUG - 2022-08-11 09:59:28 --> Encryption: Auto-configured driver 'openssl'.
DEBUG - 2022-08-11 09:59:28 --> Total execution time: 0.0340
DEBUG - 2022-08-11 09:59:37 --> UTF-8 Support Enabled
DEBUG - 2022-08-11 09:59:37 --> Global POST, GET and COOKIE data sanitized
DEBUG - 2022-08-11 09:59:37 --> Config file loaded: /hwonpark/www/application/config/tree.php
DEBUG - 2022-08-11 09:59:37 --> Total execution time: 0.0330
DEBUG - 2022-08-11 09:59:39 --> UTF-8 Support Enabled
DEBUG - 2022-08-11 09:59:39 --> No URI present. Default controller set.
DEBUG - 2022-08-11 09:59:39 --> Global POST, GET and COOKIE data sanitized
DEBUG - 2022-08-11 09:59:39 --> Config file loaded: /hwonpark/www/application/config/tree.php
DEBUG - 2022-08-11 09:59:39 --> Total execution time: 0.0586
DEBUG - 2022-08-11 09:59:45 --> UTF-8 Support Enabled
DEBUG - 2022-08-11 09:59:45 --> No URI present. Default controller set.
DEBUG - 2022-08-11 09:59:45 --> Global POST, GET and COOKIE data sanitized
DEBUG - 2022-08-11 09:59:45 --> Config file loaded: /hwonpark/www/application/config/tree.php
DEBUG - 2022-08-11 09:59:45 --> Total execution time: 0.0289
DEBUG - 2022-08-11 09:59:54 --> UTF-8 Support Enabled
DEBUG - 2022-08-11 09:59:54 --> Global POST, GET and COOKIE data sanitized
DEBUG - 2022-08-11 09:59:54 --> Config file loaded: /hwonpark/www/application/config/tree.php
DEBUG - 2022-08-11 09:59:54 --> Encryption: Auto-configured driver 'openssl'.
DEBUG - 2022-08-11 09:59:54 --> Total execution time: 0.0521
DEBUG - 2022-08-11 10:00:24 --> UTF-8 Support Enabled
DEBUG - 2022-08-11 10:00:24 --> Global POST, GET and COOKIE data sanitized
DEBUG - 2022-08-11 10:00:24 --> Config file loaded: /hwonpark/www/application/config/tree.php
DEBUG - 2022-08-11 10:00:24 --> Encryption: Auto-configured driver 'openssl'.
DEBUG - 2022-08-11 10:00:24 --> Total execution time: 0.0635
DEBUG - 2022-08-11 10:00:48 --> UTF-8 Support Enabled
DEBUG - 2022-08-11 10:00:48 --> Global POST, GET and COOKIE data sanitized
DEBUG - 2022-08-11 10:00:48 --> Config file loaded: /hwonpark/www/application/config/tree.php
DEBUG - 2022-08-11 10:00:48 --> Encryption: Auto-configured driver 'openssl'.
DEBUG - 2022-08-11 10:00:48 --> UTF-8 Support Enabled
DEBUG - 2022-08-11 10:00:48 --> Global POST, GET and COOKIE data sanitized
DEBUG - 2022-08-11 10:00:48 --> Config file loaded: /hwonpark/www/application/config/tree.php
DEBUG - 2022-08-11 10:00:48 --> Encryption: Auto-configured driver 'openssl'.
DEBUG - 2022-08-11 10:00:48 --> Total execution time: 0.0668
DEBUG - 2022-08-11 10:18:30 --> UTF-8 Support Enabled
DEBUG - 2022-08-11 10:18:30 --> No URI present. Default controller set.
DEBUG - 2022-08-11 10:18:30 --> Global POST, GET and COOKIE data sanitized
DEBUG - 2022-08-11 10:18:30 --> Config file loaded: /hwonpark/www/application/config/tree.php
DEBUG - 2022-08-11 10:18:30 --> Total execution time: 0.0329
DEBUG - 2022-08-11 10:18:33 --> UTF-8 Support Enabled
DEBUG - 2022-08-11 10:18:33 --> Global POST, GET and COOKIE data sanitized
DEBUG - 2022-08-11 10:18:33 --> Config file loaded: /hwonpark/www/application/config/tree.php
DEBUG - 2022-08-11 10:18:34 --> UTF-8 Support Enabled
DEBUG - 2022-08-11 10:18:34 --> No URI present. Default controller set.
DEBUG - 2022-08-11 10:18:34 --> Global POST, GET and COOKIE data sanitized
DEBUG - 2022-08-11 10:18:34 --> Config file loaded: /hwonpark/www/application/config/tree.php
DEBUG - 2022-08-11 10:18:34 --> Total execution time: 0.0523
DEBUG - 2022-08-11 10:18:38 --> UTF-8 Support Enabled
DEBUG - 2022-08-11 10:18:38 --> Global POST, GET and COOKIE data sanitized
DEBUG - 2022-08-11 10:18:38 --> Config file loaded: /hwonpark/www/application/config/tree.php
DEBUG - 2022-08-11 10:18:39 --> UTF-8 Support Enabled
DEBUG - 2022-08-11 10:18:39 --> No URI present. Default controller set.
DEBUG - 2022-08-11 10:18:39 --> Global POST, GET and COOKIE data sanitized
DEBUG - 2022-08-11 10:18:39 --> Config file loaded: /hwonpark/www/application/config/tree.php
DEBUG - 2022-08-11 10:18:39 --> Total execution time: 0.0283
DEBUG - 2022-08-11 10:18:42 --> UTF-8 Support Enabled
DEBUG - 2022-08-11 10:18:42 --> Global POST, GET and COOKIE data sanitized
DEBUG - 2022-08-11 10:18:42 --> Config file loaded: /hwonpark/www/application/config/tree.php
DEBUG - 2022-08-11 10:18:43 --> UTF-8 Support Enabled
DEBUG - 2022-08-11 10:18:43 --> No URI present. Default controller set.
DEBUG - 2022-08-11 10:18:43 --> Global POST, GET and COOKIE data sanitized
DEBUG - 2022-08-11 10:18:43 --> Config file loaded: /hwonpark/www/application/config/tree.php
DEBUG - 2022-08-11 10:18:44 --> Total execution time: 0.0282
DEBUG - 2022-08-11 10:18:45 --> UTF-8 Support Enabled
DEBUG - 2022-08-11 10:18:45 --> No URI present. Default controller set.
DEBUG - 2022-08-11 10:18:45 --> Global POST, GET and COOKIE data sanitized
DEBUG - 2022-08-11 10:18:45 --> Config file loaded: /hwonpark/www/application/config/tree.php
DEBUG - 2022-08-11 10:18:45 --> Total execution time: 0.0514
DEBUG - 2022-08-11 10:18:49 --> UTF-8 Support Enabled
DEBUG - 2022-08-11 10:18:49 --> Global POST, GET and COOKIE data sanitized
DEBUG - 2022-08-11 10:18:49 --> Config file loaded: /hwonpark/www/application/config/tree.php
DEBUG - 2022-08-11 10:18:50 --> UTF-8 Support Enabled
DEBUG - 2022-08-11 10:18:50 --> No URI present. Default controller set.
DEBUG - 2022-08-11 10:18:50 --> Global POST, GET and COOKIE data sanitized
DEBUG - 2022-08-11 10:18:50 --> Config file loaded: /hwonpark/www/application/config/tree.php
DEBUG - 2022-08-11 10:18:50 --> Total execution time: 0.0371
DEBUG - 2022-08-11 10:18:52 --> UTF-8 Support Enabled
DEBUG - 2022-08-11 10:18:52 --> Global POST, GET and COOKIE data sanitized
DEBUG - 2022-08-11 10:18:52 --> Config file loaded: /hwonpark/www/application/config/tree.php
DEBUG - 2022-08-11 10:18:52 --> Total execution time: 0.0463
DEBUG - 2022-08-11 10:18:53 --> UTF-8 Support Enabled
DEBUG - 2022-08-11 10:18:53 --> Global POST, GET and COOKIE data sanitized
DEBUG - 2022-08-11 10:18:53 --> Config file loaded: /hwonpark/www/application/config/tree.php
DEBUG - 2022-08-11 10:18:53 --> Total execution time: 0.0314
DEBUG - 2022-08-11 10:18:54 --> UTF-8 Support Enabled
DEBUG - 2022-08-11 10:18:54 --> Global POST, GET and COOKIE data sanitized
DEBUG - 2022-08-11 10:18:54 --> Config file loaded: /hwonpark/www/application/config/tree.php
DEBUG - 2022-08-11 10:18:54 --> Total execution time: 0.0271
DEBUG - 2022-08-11 10:18:55 --> UTF-8 Support Enabled
DEBUG - 2022-08-11 10:18:55 --> Global POST, GET and COOKIE data sanitized
DEBUG - 2022-08-11 10:18:55 --> Config file loaded: /hwonpark/www/application/config/tree.php
DEBUG - 2022-08-11 10:18:55 --> Total execution time: 0.0578
DEBUG - 2022-08-11 10:18:57 --> UTF-8 Support Enabled
DEBUG - 2022-08-11 10:18:57 --> Global POST, GET and COOKIE data sanitized
DEBUG - 2022-08-11 10:18:57 --> Config file loaded: /hwonpark/www/application/config/tree.php
DEBUG - 2022-08-11 10:18:58 --> UTF-8 Support Enabled
DEBUG - 2022-08-11 10:18:58 --> No URI present. Default controller set.
DEBUG - 2022-08-11 10:18:58 --> Global POST, GET and COOKIE data sanitized
DEBUG - 2022-08-11 10:18:58 --> Config file loaded: /hwonpark/www/application/config/tree.php
DEBUG - 2022-08-11 10:18:58 --> Total execution time: 0.0468
DEBUG - 2022-08-11 10:18:59 --> UTF-8 Support Enabled
DEBUG - 2022-08-11 10:18:59 --> Global POST, GET and COOKIE data sanitized
ERROR - 2022-08-11 10:18:59 --> 404 Page Not Found: Faviconico/index
DEBUG - 2022-08-11 10:19:02 --> UTF-8 Support Enabled
DEBUG - 2022-08-11 10:19:02 --> No URI present. Default controller set.
DEBUG - 2022-08-11 10:19:02 --> Global POST, GET and COOKIE data sanitized
DEBUG - 2022-08-11 10:19:02 --> Config file loaded: /hwonpark/www/application/config/tree.php
DEBUG - 2022-08-11 10:19:02 --> Total execution time: 0.0311
DEBUG - 2022-08-11 10:19:04 --> UTF-8 Support Enabled
DEBUG - 2022-08-11 10:19:04 --> Global POST, GET and COOKIE data sanitized
DEBUG - 2022-08-11 10:19:05 --> Config file loaded: /hwonpark/www/application/config/tree.php
DEBUG - 2022-08-11 10:19:05 --> UTF-8 Support Enabled
DEBUG - 2022-08-11 10:19:05 --> No URI present. Default controller set.
DEBUG - 2022-08-11 10:19:05 --> Global POST, GET and COOKIE data sanitized
DEBUG - 2022-08-11 10:19:05 --> Config file loaded: /hwonpark/www/application/config/tree.php
DEBUG - 2022-08-11 10:19:05 --> Total execution time: 0.0262
DEBUG - 2022-08-11 10:19:08 --> UTF-8 Support Enabled
DEBUG - 2022-08-11 10:19:08 --> Global POST, GET and COOKIE data sanitized
DEBUG - 2022-08-11 10:19:08 --> Config file loaded: /hwonpark/www/application/config/tree.php
DEBUG - 2022-08-11 10:19:08 --> Total execution time: 0.0254
DEBUG - 2022-08-11 10:19:09 --> UTF-8 Support Enabled
DEBUG - 2022-08-11 10:19:09 --> Global POST, GET and COOKIE data sanitized
DEBUG - 2022-08-11 10:19:09 --> Config file loaded: /hwonpark/www/application/config/tree.php
DEBUG - 2022-08-11 10:19:09 --> =================== DL_auth-> oauth::CALLBACK - 시작
DEBUG - 2022-08-11 10:19:09 --> =================== DL_auth-> oauth::CALLBACK - kakao param=:: error=
DEBUG - 2022-08-11 10:19:09 --> =================== DL_auth-> oauth::CALLBACK - kakao param=:: state=
DEBUG - 2022-08-11 10:19:09 --> =================== DL_auth-> oauth::CALLBACK - kakao param=:: code=AiqOMXak3ysfmR72Mrvv7_ZcJ_78ryVlQ__iFZ29tQpL7eErFtVDgPJTTnFs70rdmNoW-AorDNMAAAGCinvdRw
DEBUG - 2022-08-11 10:19:09 --> =================== DL_auth -> kakao oauth :2: code=AiqOMXak3ysfmR72Mrvv7_ZcJ_78ryVlQ__iFZ29tQpL7eErFtVDgPJTTnFs70rdmNoW-AorDNMAAAGCinvdRw
DEBUG - 2022-08-11 10:19:09 --> ====================Dl_auth -> kakao_login :: 시작
DEBUG - 2022-08-11 10:19:09 --> --------------------Dl_auth::kakao_login - 1.토큰요청 시작
DEBUG - 2022-08-11 10:19:09 --> Dl_auth::kakao_login - get_token 시작 n=2
DEBUG - 2022-08-11 10:19:09 --> --------------------Dl_auth::kakao_login - 1.2.토큰요청 시작 -> 기타브라우저
DEBUG - 2022-08-11 10:19:09 --> --------------------Dl_auth::kakao_login - 1.3.토큰요청
DEBUG - 2022-08-11 10:19:09 --> --------------------Dl_auth::kakao_login - 1.4.토큰요청 -> 성공
DEBUG - 2022-08-11 10:19:09 --> UTF-8 Support Enabled
DEBUG - 2022-08-11 10:19:09 --> Global POST, GET and COOKIE data sanitized
DEBUG - 2022-08-11 10:19:09 --> Config file loaded: /hwonpark/www/application/config/tree.php
DEBUG - 2022-08-11 10:19:09 --> =================== DL_auth-> oauth::CALLBACK - 시작
DEBUG - 2022-08-11 10:19:09 --> =================== DL_auth-> oauth::CALLBACK - kakao param=:: error=
DEBUG - 2022-08-11 10:19:09 --> =================== DL_auth-> oauth::CALLBACK - kakao param=:: state=
DEBUG - 2022-08-11 10:19:09 --> =================== DL_auth-> oauth::CALLBACK - kakao param=:: code=AiqOMXak3ysfmR72Mrvv7_ZcJ_78ryVlQ__iFZ29tQpL7eErFtVDgPJTTnFs70rdmNoW-AorDNMAAAGCinvdRw
DEBUG - 2022-08-11 10:19:09 --> =================== DL_auth -> kakao oauth :2: code=AiqOMXak3ysfmR72Mrvv7_ZcJ_78ryVlQ__iFZ29tQpL7eErFtVDgPJTTnFs70rdmNoW-AorDNMAAAGCinvdRw
DEBUG - 2022-08-11 10:19:09 --> ====================Dl_auth -> kakao_login :: 시작
DEBUG - 2022-08-11 10:19:10 --> ====================Dl_auth::kakao_login - 1.3.5- 사이트 회원정보 업데이트 성공(카카오 인증 완료) state=
DEBUG - 2022-08-11 10:19:10 --> UTF-8 Support Enabled
DEBUG - 2022-08-11 10:19:10 --> Global POST, GET and COOKIE data sanitized
DEBUG - 2022-08-11 10:19:10 --> Config file loaded: /hwonpark/www/application/config/tree.php
DEBUG - 2022-08-11 10:19:11 --> Encryption: Auto-configured driver 'openssl'.
DEBUG - 2022-08-11 10:19:11 --> Total execution time: 0.0321
DEBUG - 2022-08-11 10:19:13 --> UTF-8 Support Enabled
DEBUG - 2022-08-11 10:19:13 --> Global POST, GET and COOKIE data sanitized
DEBUG - 2022-08-11 10:19:13 --> Config file loaded: /hwonpark/www/application/config/tree.php
DEBUG - 2022-08-11 10:19:13 --> Encryption: Auto-configured driver 'openssl'.
DEBUG - 2022-08-11 10:19:15 --> UTF-8 Support Enabled
DEBUG - 2022-08-11 10:19:15 --> No URI present. Default controller set.
DEBUG - 2022-08-11 10:19:15 --> Global POST, GET and COOKIE data sanitized
DEBUG - 2022-08-11 10:19:15 --> Config file loaded: /hwonpark/www/application/config/tree.php
DEBUG - 2022-08-11 10:19:15 --> Encryption: Auto-configured driver 'openssl'.
DEBUG - 2022-08-11 10:19:15 --> Total execution time: 0.0806
DEBUG - 2022-08-11 10:19:16 --> UTF-8 Support Enabled
DEBUG - 2022-08-11 10:19:16 --> Global POST, GET and COOKIE data sanitized
DEBUG - 2022-08-11 10:19:16 --> Config file loaded: /hwonpark/www/application/config/tree.php
DEBUG - 2022-08-11 10:19:16 --> Encryption: Auto-configured driver 'openssl'.
DEBUG - 2022-08-11 10:19:17 --> UTF-8 Support Enabled
DEBUG - 2022-08-11 10:19:17 --> No URI present. Default controller set.
DEBUG - 2022-08-11 10:19:17 --> Global POST, GET and COOKIE data sanitized
DEBUG - 2022-08-11 10:19:17 --> Config file loaded: /hwonpark/www/application/config/tree.php
DEBUG - 2022-08-11 10:19:17 --> Total execution time: 0.0418
DEBUG - 2022-08-11 10:19:20 --> UTF-8 Support Enabled
DEBUG - 2022-08-11 10:19:20 --> Global POST, GET and COOKIE data sanitized
DEBUG - 2022-08-11 10:19:20 --> Config file loaded: /hwonpark/www/application/config/tree.php
DEBUG - 2022-08-11 10:19:22 --> UTF-8 Support Enabled
DEBUG - 2022-08-11 10:19:22 --> No URI present. Default controller set.
DEBUG - 2022-08-11 10:19:22 --> Global POST, GET and COOKIE data sanitized
DEBUG - 2022-08-11 10:19:22 --> Config file loaded: /hwonpark/www/application/config/tree.php
DEBUG - 2022-08-11 10:19:22 --> Total execution time: 0.0342
DEBUG - 2022-08-11 10:19:25 --> UTF-8 Support Enabled
DEBUG - 2022-08-11 10:19:25 --> Global POST, GET and COOKIE data sanitized
DEBUG - 2022-08-11 10:19:25 --> Config file loaded: /hwonpark/www/application/config/tree.php
DEBUG - 2022-08-11 10:19:26 --> UTF-8 Support Enabled
DEBUG - 2022-08-11 10:19:26 --> No URI present. Default controller set.
DEBUG - 2022-08-11 10:19:26 --> Global POST, GET and COOKIE data sanitized
DEBUG - 2022-08-11 10:19:26 --> Config file loaded: /hwonpark/www/application/config/tree.php
DEBUG - 2022-08-11 10:19:26 --> Total execution time: 0.0269
DEBUG - 2022-08-11 10:19:31 --> UTF-8 Support Enabled
DEBUG - 2022-08-11 10:19:31 --> Global POST, GET and COOKIE data sanitized
DEBUG - 2022-08-11 10:19:31 --> Config file loaded: /hwonpark/www/application/config/tree.php
DEBUG - 2022-08-11 10:19:33 --> UTF-8 Support Enabled
DEBUG - 2022-08-11 10:19:33 --> No URI present. Default controller set.
DEBUG - 2022-08-11 10:19:33 --> Global POST, GET and COOKIE data sanitized
DEBUG - 2022-08-11 10:19:33 --> Config file loaded: /hwonpark/www/application/config/tree.php
DEBUG - 2022-08-11 10:19:33 --> Total execution time: 0.0285
DEBUG - 2022-08-11 10:20:09 --> UTF-8 Support Enabled
DEBUG - 2022-08-11 10:20:09 --> Global POST, GET and COOKIE data sanitized
DEBUG - 2022-08-11 10:20:09 --> Config file loaded: /hwonpark/www/application/config/tree.php
DEBUG - 2022-08-11 10:20:10 --> UTF-8 Support Enabled
DEBUG - 2022-08-11 10:20:10 --> No URI present. Default controller set.
DEBUG - 2022-08-11 10:20:10 --> Global POST, GET and COOKIE data sanitized
DEBUG - 2022-08-11 10:20:10 --> Config file loaded: /hwonpark/www/application/config/tree.php
DEBUG - 2022-08-11 10:20:10 --> Total execution time: 0.0313
DEBUG - 2022-08-11 10:20:16 --> UTF-8 Support Enabled
DEBUG - 2022-08-11 10:20:16 --> Global POST, GET and COOKIE data sanitized
DEBUG - 2022-08-11 10:20:16 --> Config file loaded: /hwonpark/www/application/config/tree.php
DEBUG - 2022-08-11 10:20:16 --> Total execution time: 0.0245
DEBUG - 2022-08-11 10:20:23 --> UTF-8 Support Enabled
DEBUG - 2022-08-11 10:20:23 --> Global POST, GET and COOKIE data sanitized
DEBUG - 2022-08-11 10:20:23 --> Config file loaded: /hwonpark/www/application/config/tree.php
DEBUG - 2022-08-11 10:20:24 --> UTF-8 Support Enabled
DEBUG - 2022-08-11 10:20:24 --> Global POST, GET and COOKIE data sanitized
DEBUG - 2022-08-11 10:20:24 --> Config file loaded: /hwonpark/www/application/config/tree.php
DEBUG - 2022-08-11 10:20:24 --> Encryption: Auto-configured driver 'openssl'.
DEBUG - 2022-08-11 10:20:24 --> UTF-8 Support Enabled
DEBUG - 2022-08-11 10:20:24 --> Global POST, GET and COOKIE data sanitized
DEBUG - 2022-08-11 10:20:24 --> Config file loaded: /hwonpark/www/application/config/tree.php
DEBUG - 2022-08-11 10:20:24 --> Encryption: Auto-configured driver 'openssl'.
DEBUG - 2022-08-11 10:20:24 --> Encryption class already loaded. Second attempt ignored.
DEBUG - 2022-08-11 10:20:24 --> Total execution time: 0.0367
DEBUG - 2022-08-11 10:20:26 --> UTF-8 Support Enabled
DEBUG - 2022-08-11 10:20:26 --> Global POST, GET and COOKIE data sanitized
DEBUG - 2022-08-11 10:20:26 --> Config file loaded: /hwonpark/www/application/config/tree.php
DEBUG - 2022-08-11 10:20:26 --> Encryption: Auto-configured driver 'openssl'.
DEBUG - 2022-08-11 10:20:26 --> Encryption class already loaded. Second attempt ignored.
DEBUG - 2022-08-11 10:20:26 --> Total execution time: 0.0572
DEBUG - 2022-08-11 10:20:40 --> UTF-8 Support Enabled
DEBUG - 2022-08-11 10:20:40 --> Global POST, GET and COOKIE data sanitized
DEBUG - 2022-08-11 10:20:40 --> Config file loaded: /hwonpark/www/application/config/tree.php
DEBUG - 2022-08-11 10:21:37 --> UTF-8 Support Enabled
DEBUG - 2022-08-11 10:21:37 --> Global POST, GET and COOKIE data sanitized
DEBUG - 2022-08-11 10:21:37 --> Config file loaded: /hwonpark/www/application/config/tree.php
DEBUG - 2022-08-11 10:21:37 --> Encryption: Auto-configured driver 'openssl'.
ERROR - 2022-08-11 10:21:37 --> Severity: Warning --> count(): Parameter must be an array or an object that implements Countable /hwonpark/www/application/views/adm/content_start.php 8
ERROR - 2022-08-11 10:21:37 --> Severity: Warning --> count(): Parameter must be an array or an object that implements Countable /hwonpark/www/application/views/adm/content_start.php 9
ERROR - 2022-08-11 10:21:37 --> Severity: Warning --> count(): Parameter must be an array or an object that implements Countable /hwonpark/www/application/views/adm/content_start.php 16
ERROR - 2022-08-11 10:21:37 --> Severity: Warning --> count(): Parameter must be an array or an object that implements Countable /hwonpark/www/application/views/adm/content_start.php 9
DEBUG - 2022-08-11 10:21:38 --> UTF-8 Support Enabled
DEBUG - 2022-08-11 10:21:38 --> No URI present. Default controller set.
DEBUG - 2022-08-11 10:21:38 --> Global POST, GET and COOKIE data sanitized
DEBUG - 2022-08-11 10:21:38 --> Config file loaded: /hwonpark/www/application/config/tree.php
DEBUG - 2022-08-11 10:21:38 --> Total execution time: 0.0622
DEBUG - 2022-08-11 10:21:41 --> UTF-8 Support Enabled
DEBUG - 2022-08-11 10:21:41 --> Global POST, GET and COOKIE data sanitized
DEBUG - 2022-08-11 10:21:42 --> Config file loaded: /hwonpark/www/application/config/tree.php
DEBUG - 2022-08-11 10:21:42 --> Total execution time: 0.0286
DEBUG - 2022-08-11 10:21:49 --> UTF-8 Support Enabled
DEBUG - 2022-08-11 10:21:49 --> No URI present. Default controller set.
DEBUG - 2022-08-11 10:21:49 --> Global POST, GET and COOKIE data sanitized
DEBUG - 2022-08-11 10:21:49 --> Config file loaded: /hwonpark/www/application/config/tree.php
DEBUG - 2022-08-11 10:21:49 --> Total execution time: 0.0370
DEBUG - 2022-08-11 10:21:51 --> UTF-8 Support Enabled
DEBUG - 2022-08-11 10:21:51 --> Global POST, GET and COOKIE data sanitized
DEBUG - 2022-08-11 10:21:52 --> Config file loaded: /hwonpark/www/application/config/tree.php
DEBUG - 2022-08-11 10:21:53 --> UTF-8 Support Enabled
DEBUG - 2022-08-11 10:21:53 --> No URI present. Default controller set.
DEBUG - 2022-08-11 10:21:53 --> Global POST, GET and COOKIE data sanitized
DEBUG - 2022-08-11 10:21:53 --> Config file loaded: /hwonpark/www/application/config/tree.php
DEBUG - 2022-08-11 10:21:53 --> Total execution time: 0.0408
DEBUG - 2022-08-11 10:21:55 --> UTF-8 Support Enabled
DEBUG - 2022-08-11 10:21:55 --> Global POST, GET and COOKIE data sanitized
DEBUG - 2022-08-11 10:21:55 --> Config file loaded: /hwonpark/www/application/config/tree.php
DEBUG - 2022-08-11 10:21:56 --> UTF-8 Support Enabled
DEBUG - 2022-08-11 10:21:56 --> No URI present. Default controller set.
DEBUG - 2022-08-11 10:21:56 --> Global POST, GET and COOKIE data sanitized
DEBUG - 2022-08-11 10:21:56 --> Config file loaded: /hwonpark/www/application/config/tree.php
DEBUG - 2022-08-11 10:21:56 --> Total execution time: 0.0589
DEBUG - 2022-08-11 10:22:54 --> UTF-8 Support Enabled
DEBUG - 2022-08-11 10:22:54 --> Global POST, GET and COOKIE data sanitized
DEBUG - 2022-08-11 10:22:54 --> Config file loaded: /hwonpark/www/application/config/tree.php
DEBUG - 2022-08-11 10:22:59 --> UTF-8 Support Enabled
DEBUG - 2022-08-11 10:22:59 --> No URI present. Default controller set.
DEBUG - 2022-08-11 10:22:59 --> Global POST, GET and COOKIE data sanitized
DEBUG - 2022-08-11 10:22:59 --> Config file loaded: /hwonpark/www/application/config/tree.php
DEBUG - 2022-08-11 10:22:59 --> Total execution time: 0.0301
DEBUG - 2022-08-11 10:23:28 --> UTF-8 Support Enabled
DEBUG - 2022-08-11 10:23:28 --> Global POST, GET and COOKIE data sanitized
DEBUG - 2022-08-11 10:23:28 --> Config file loaded: /hwonpark/www/application/config/tree.php
DEBUG - 2022-08-11 10:23:30 --> UTF-8 Support Enabled
DEBUG - 2022-08-11 10:23:30 --> No URI present. Default controller set.
DEBUG - 2022-08-11 10:23:30 --> Global POST, GET and COOKIE data sanitized
DEBUG - 2022-08-11 10:23:30 --> Config file loaded: /hwonpark/www/application/config/tree.php
DEBUG - 2022-08-11 10:23:30 --> Total execution time: 0.0385
DEBUG - 2022-08-11 10:23:34 --> UTF-8 Support Enabled
DEBUG - 2022-08-11 10:23:34 --> Global POST, GET and COOKIE data sanitized
DEBUG - 2022-08-11 10:23:34 --> Config file loaded: /hwonpark/www/application/config/tree.php
DEBUG - 2022-08-11 10:23:35 --> UTF-8 Support Enabled
DEBUG - 2022-08-11 10:23:35 --> No URI present. Default controller set.
DEBUG - 2022-08-11 10:23:35 --> Global POST, GET and COOKIE data sanitized
DEBUG - 2022-08-11 10:23:35 --> Config file loaded: /hwonpark/www/application/config/tree.php
DEBUG - 2022-08-11 10:23:35 --> Total execution time: 0.0274
DEBUG - 2022-08-11 10:23:48 --> UTF-8 Support Enabled
DEBUG - 2022-08-11 10:23:48 --> Global POST, GET and COOKIE data sanitized
DEBUG - 2022-08-11 10:23:48 --> Config file loaded: /hwonpark/www/application/config/tree.php
DEBUG - 2022-08-11 10:23:50 --> UTF-8 Support Enabled
DEBUG - 2022-08-11 10:23:50 --> No URI present. Default controller set.
DEBUG - 2022-08-11 10:23:50 --> Global POST, GET and COOKIE data sanitized
DEBUG - 2022-08-11 10:23:50 --> Config file loaded: /hwonpark/www/application/config/tree.php
DEBUG - 2022-08-11 10:23:50 --> Total execution time: 0.0345
DEBUG - 2022-08-11 10:24:10 --> UTF-8 Support Enabled
DEBUG - 2022-08-11 10:24:10 --> Global POST, GET and COOKIE data sanitized
DEBUG - 2022-08-11 10:24:11 --> Config file loaded: /hwonpark/www/application/config/tree.php
DEBUG - 2022-08-11 10:24:12 --> UTF-8 Support Enabled
DEBUG - 2022-08-11 10:24:12 --> Global POST, GET and COOKIE data sanitized
DEBUG - 2022-08-11 10:24:12 --> Config file loaded: /hwonpark/www/application/config/tree.php
DEBUG - 2022-08-11 10:24:12 --> Total execution time: 0.0288
DEBUG - 2022-08-11 10:24:16 --> UTF-8 Support Enabled
DEBUG - 2022-08-11 10:24:16 --> Global POST, GET and COOKIE data sanitized
DEBUG - 2022-08-11 10:24:16 --> Config file loaded: /hwonpark/www/application/config/tree.php
DEBUG - 2022-08-11 10:24:17 --> UTF-8 Support Enabled
DEBUG - 2022-08-11 10:24:17 --> Global POST, GET and COOKIE data sanitized
DEBUG - 2022-08-11 10:24:17 --> Config file loaded: /hwonpark/www/application/config/tree.php
DEBUG - 2022-08-11 10:24:17 --> Encryption: Auto-configured driver 'openssl'.
DEBUG - 2022-08-11 10:24:17 --> UTF-8 Support Enabled
DEBUG - 2022-08-11 10:24:17 --> Global POST, GET and COOKIE data sanitized
DEBUG - 2022-08-11 10:24:17 --> Config file loaded: /hwonpark/www/application/config/tree.php
DEBUG - 2022-08-11 10:24:17 --> Encryption: Auto-configured driver 'openssl'.
DEBUG - 2022-08-11 10:24:17 --> Encryption class already loaded. Second attempt ignored.
DEBUG - 2022-08-11 10:24:17 --> Total execution time: 0.0425
DEBUG - 2022-08-11 10:24:19 --> UTF-8 Support Enabled
DEBUG - 2022-08-11 10:24:19 --> Global POST, GET and COOKIE data sanitized
DEBUG - 2022-08-11 10:24:19 --> Config file loaded: /hwonpark/www/application/config/tree.php
DEBUG - 2022-08-11 10:24:19 --> Encryption: Auto-configured driver 'openssl'.
DEBUG - 2022-08-11 10:24:19 --> Encryption class already loaded. Second attempt ignored.
DEBUG - 2022-08-11 10:24:19 --> Total execution time: 0.0367
DEBUG - 2022-08-11 10:24:21 --> UTF-8 Support Enabled
DEBUG - 2022-08-11 10:24:21 --> Global POST, GET and COOKIE data sanitized
DEBUG - 2022-08-11 10:24:21 --> Total execution time: 0.0183
DEBUG - 2022-08-11 10:24:22 --> UTF-8 Support Enabled
DEBUG - 2022-08-11 10:24:22 --> Global POST, GET and COOKIE data sanitized
DEBUG - 2022-08-11 10:24:22 --> Config file loaded: /hwonpark/www/application/config/tree.php
DEBUG - 2022-08-11 10:24:22 --> Encryption: Auto-configured driver 'openssl'.
DEBUG - 2022-08-11 10:24:22 --> Encryption class already loaded. Second attempt ignored.
DEBUG - 2022-08-11 10:24:22 --> Total execution time: 0.0335
DEBUG - 2022-08-11 10:24:24 --> UTF-8 Support Enabled
DEBUG - 2022-08-11 10:24:24 --> Global POST, GET and COOKIE data sanitized
DEBUG - 2022-08-11 10:24:24 --> Total execution time: 0.0126
DEBUG - 2022-08-11 10:24:25 --> UTF-8 Support Enabled
DEBUG - 2022-08-11 10:24:25 --> Global POST, GET and COOKIE data sanitized
DEBUG - 2022-08-11 10:24:25 --> Config file loaded: /hwonpark/www/application/config/tree.php
DEBUG - 2022-08-11 10:24:25 --> Encryption: Auto-configured driver 'openssl'.
DEBUG - 2022-08-11 10:24:25 --> Encryption class already loaded. Second attempt ignored.
DEBUG - 2022-08-11 10:24:25 --> Total execution time: 0.0340
DEBUG - 2022-08-11 10:24:28 --> UTF-8 Support Enabled
DEBUG - 2022-08-11 10:24:28 --> Global POST, GET and COOKIE data sanitized
DEBUG - 2022-08-11 10:24:28 --> Total execution time: 0.0391
DEBUG - 2022-08-11 10:24:35 --> UTF-8 Support Enabled
DEBUG - 2022-08-11 10:24:35 --> Global POST, GET and COOKIE data sanitized
DEBUG - 2022-08-11 10:24:35 --> Config file loaded: /hwonpark/www/application/config/tree.php
DEBUG - 2022-08-11 10:24:35 --> Encryption: Auto-configured driver 'openssl'.
DEBUG - 2022-08-11 10:24:35 --> Encryption class already loaded. Second attempt ignored.
DEBUG - 2022-08-11 10:24:35 --> Total execution time: 0.0335
DEBUG - 2022-08-11 10:27:19 --> UTF-8 Support Enabled
DEBUG - 2022-08-11 10:27:19 --> Global POST, GET and COOKIE data sanitized
DEBUG - 2022-08-11 10:27:19 --> Config file loaded: /hwonpark/www/application/config/tree.php
DEBUG - 2022-08-11 10:27:19 --> Total execution time: 0.0366
DEBUG - 2022-08-11 10:27:20 --> UTF-8 Support Enabled
DEBUG - 2022-08-11 10:27:20 --> Global POST, GET and COOKIE data sanitized
ERROR - 2022-08-11 10:27:20 --> 404 Page Not Found: Faviconico/index
DEBUG - 2022-08-11 10:27:22 --> UTF-8 Support Enabled
DEBUG - 2022-08-11 10:27:22 --> Global POST, GET and COOKIE data sanitized
DEBUG - 2022-08-11 10:27:22 --> Config file loaded: /hwonpark/www/application/config/tree.php
DEBUG - 2022-08-11 10:27:23 --> UTF-8 Support Enabled
DEBUG - 2022-08-11 10:27:23 --> Global POST, GET and COOKIE data sanitized
DEBUG - 2022-08-11 10:27:23 --> Config file loaded: /hwonpark/www/application/config/tree.php
DEBUG - 2022-08-11 10:27:23 --> Encryption: Auto-configured driver 'openssl'.
DEBUG - 2022-08-11 10:27:23 --> UTF-8 Support Enabled
DEBUG - 2022-08-11 10:27:23 --> Global POST, GET and COOKIE data sanitized
DEBUG - 2022-08-11 10:27:23 --> Config file loaded: /hwonpark/www/application/config/tree.php
DEBUG - 2022-08-11 10:27:23 --> Encryption: Auto-configured driver 'openssl'.
DEBUG - 2022-08-11 10:27:23 --> Encryption class already loaded. Second attempt ignored.
DEBUG - 2022-08-11 10:27:23 --> Total execution time: 0.0353
DEBUG - 2022-08-11 10:27:42 --> UTF-8 Support Enabled
DEBUG - 2022-08-11 10:27:42 --> Global POST, GET and COOKIE data sanitized
DEBUG - 2022-08-11 10:27:42 --> Config file loaded: /hwonpark/www/application/config/tree.php
DEBUG - 2022-08-11 10:27:42 --> Encryption: Auto-configured driver 'openssl'.
ERROR - 2022-08-11 10:27:42 --> Severity: Warning --> count(): Parameter must be an array or an object that implements Countable /hwonpark/www/application/views/adm/content_start.php 8
ERROR - 2022-08-11 10:27:42 --> Severity: Warning --> count(): Parameter must be an array or an object that implements Countable /hwonpark/www/application/views/adm/content_start.php 9
ERROR - 2022-08-11 10:27:42 --> Severity: Warning --> count(): Parameter must be an array or an object that implements Countable /hwonpark/www/application/views/adm/content_start.php 16
ERROR - 2022-08-11 10:27:42 --> Severity: Warning --> count(): Parameter must be an array or an object that implements Countable /hwonpark/www/application/views/adm/content_start.php 9
DEBUG - 2022-08-11 10:27:43 --> UTF-8 Support Enabled
DEBUG - 2022-08-11 10:27:43 --> No URI present. Default controller set.
DEBUG - 2022-08-11 10:27:43 --> Global POST, GET and COOKIE data sanitized
DEBUG - 2022-08-11 10:27:43 --> Config file loaded: /hwonpark/www/application/config/tree.php
DEBUG - 2022-08-11 10:27:43 --> Total execution time: 0.0278
DEBUG - 2022-08-11 10:27:45 --> UTF-8 Support Enabled
DEBUG - 2022-08-11 10:27:45 --> Global POST, GET and COOKIE data sanitized
DEBUG - 2022-08-11 10:27:45 --> Config file loaded: /hwonpark/www/application/config/tree.php
DEBUG - 2022-08-11 10:27:45 --> Total execution time: 0.0631
DEBUG - 2022-08-11 10:27:46 --> UTF-8 Support Enabled
DEBUG - 2022-08-11 10:27:46 --> Global POST, GET and COOKIE data sanitized
DEBUG - 2022-08-11 10:27:46 --> Config file loaded: /hwonpark/www/application/config/tree.php
DEBUG - 2022-08-11 10:27:46 --> =================== DL_auth-> oauth::CALLBACK - 시작
DEBUG - 2022-08-11 10:27:46 --> =================== DL_auth-> oauth::CALLBACK - kakao param=:: error=
DEBUG - 2022-08-11 10:27:46 --> =================== DL_auth-> oauth::CALLBACK - kakao param=:: state=
DEBUG - 2022-08-11 10:27:46 --> =================== DL_auth-> oauth::CALLBACK - kakao param=:: code=rO0H6WJbcTHa0XibuBapH1xKUjGdsqJdtQr58hPOQZAf08lqJLbFBrlEJPJxZKY_0Rde1wo9dGkAAAGCioO__w
DEBUG - 2022-08-11 10:27:46 --> =================== DL_auth -> kakao oauth :2: code=rO0H6WJbcTHa0XibuBapH1xKUjGdsqJdtQr58hPOQZAf08lqJLbFBrlEJPJxZKY_0Rde1wo9dGkAAAGCioO__w
DEBUG - 2022-08-11 10:27:46 --> ====================Dl_auth -> kakao_login :: 시작
DEBUG - 2022-08-11 10:27:46 --> --------------------Dl_auth::kakao_login - 1.토큰요청 시작
DEBUG - 2022-08-11 10:27:46 --> Dl_auth::kakao_login - get_token 시작 n=2
DEBUG - 2022-08-11 10:27:46 --> --------------------Dl_auth::kakao_login - 1.2.토큰요청 시작 -> 기타브라우저
DEBUG - 2022-08-11 10:27:46 --> --------------------Dl_auth::kakao_login - 1.3.토큰요청
DEBUG - 2022-08-11 10:27:46 --> --------------------Dl_auth::kakao_login - 1.4.토큰요청 -> 성공
DEBUG - 2022-08-11 10:27:46 --> UTF-8 Support Enabled
DEBUG - 2022-08-11 10:27:46 --> Global POST, GET and COOKIE data sanitized
DEBUG - 2022-08-11 10:27:46 --> Config file loaded: /hwonpark/www/application/config/tree.php
DEBUG - 2022-08-11 10:27:46 --> =================== DL_auth-> oauth::CALLBACK - 시작
DEBUG - 2022-08-11 10:27:46 --> =================== DL_auth-> oauth::CALLBACK - kakao param=:: error=
DEBUG - 2022-08-11 10:27:46 --> =================== DL_auth-> oauth::CALLBACK - kakao param=:: state=
DEBUG - 2022-08-11 10:27:46 --> =================== DL_auth-> oauth::CALLBACK - kakao param=:: code=rO0H6WJbcTHa0XibuBapH1xKUjGdsqJdtQr58hPOQZAf08lqJLbFBrlEJPJxZKY_0Rde1wo9dGkAAAGCioO__w
DEBUG - 2022-08-11 10:27:46 --> =================== DL_auth -> kakao oauth :2: code=rO0H6WJbcTHa0XibuBapH1xKUjGdsqJdtQr58hPOQZAf08lqJLbFBrlEJPJxZKY_0Rde1wo9dGkAAAGCioO__w
DEBUG - 2022-08-11 10:27:46 --> ====================Dl_auth -> kakao_login :: 시작
DEBUG - 2022-08-11 10:27:46 --> ====================Dl_auth::kakao_login - 1.3.5- 사이트 회원정보 업데이트 성공(카카오 인증 완료) state=
DEBUG - 2022-08-11 10:27:48 --> UTF-8 Support Enabled
DEBUG - 2022-08-11 10:27:48 --> Global POST, GET and COOKIE data sanitized
DEBUG - 2022-08-11 10:27:48 --> Config file loaded: /hwonpark/www/application/config/tree.php
DEBUG - 2022-08-11 10:27:48 --> Encryption: Auto-configured driver 'openssl'.
DEBUG - 2022-08-11 10:27:48 --> Total execution time: 0.0616
DEBUG - 2022-08-11 10:27:50 --> UTF-8 Support Enabled
DEBUG - 2022-08-11 10:27:50 --> Global POST, GET and COOKIE data sanitized
DEBUG - 2022-08-11 10:27:50 --> Config file loaded: /hwonpark/www/application/config/tree.php
DEBUG - 2022-08-11 10:27:50 --> Encryption: Auto-configured driver 'openssl'.
DEBUG - 2022-08-11 10:27:51 --> UTF-8 Support Enabled
DEBUG - 2022-08-11 10:27:51 --> No URI present. Default controller set.
DEBUG - 2022-08-11 10:27:51 --> Global POST, GET and COOKIE data sanitized
DEBUG - 2022-08-11 10:27:51 --> Config file loaded: /hwonpark/www/application/config/tree.php
DEBUG - 2022-08-11 10:27:51 --> Total execution time: 0.0272
DEBUG - 2022-08-11 10:27:54 --> UTF-8 Support Enabled
DEBUG - 2022-08-11 10:27:54 --> Global POST, GET and COOKIE data sanitized
DEBUG - 2022-08-11 10:27:54 --> Config file loaded: /hwonpark/www/application/config/tree.php
DEBUG - 2022-08-11 10:27:54 --> Total execution time: 0.0285
DEBUG - 2022-08-11 10:28:24 --> UTF-8 Support Enabled
DEBUG - 2022-08-11 10:28:24 --> Global POST, GET and COOKIE data sanitized
DEBUG - 2022-08-11 10:28:24 --> Config file loaded: /hwonpark/www/application/config/tree.php
DEBUG - 2022-08-11 10:28:36 --> UTF-8 Support Enabled
DEBUG - 2022-08-11 10:28:36 --> Global POST, GET and COOKIE data sanitized
DEBUG - 2022-08-11 10:28:36 --> Config file loaded: /hwonpark/www/application/config/tree.php
DEBUG - 2022-08-11 10:28:46 --> UTF-8 Support Enabled
DEBUG - 2022-08-11 10:28:46 --> Global POST, GET and COOKIE data sanitized
DEBUG - 2022-08-11 10:28:46 --> Config file loaded: /hwonpark/www/application/config/tree.php
DEBUG - 2022-08-11 10:28:50 --> UTF-8 Support Enabled
DEBUG - 2022-08-11 10:28:50 --> Global POST, GET and COOKIE data sanitized
DEBUG - 2022-08-11 10:28:50 --> Config file loaded: /hwonpark/www/application/config/tree.php
DEBUG - 2022-08-11 10:28:51 --> UTF-8 Support Enabled
DEBUG - 2022-08-11 10:28:51 --> No URI present. Default controller set.
DEBUG - 2022-08-11 10:28:51 --> Global POST, GET and COOKIE data sanitized
DEBUG - 2022-08-11 10:28:51 --> Config file loaded: /hwonpark/www/application/config/tree.php
DEBUG - 2022-08-11 10:28:51 --> Total execution time: 0.0516
DEBUG - 2022-08-11 10:30:08 --> UTF-8 Support Enabled
DEBUG - 2022-08-11 10:30:08 --> Global POST, GET and COOKIE data sanitized
DEBUG - 2022-08-11 10:30:08 --> Config file loaded: /hwonpark/www/application/config/tree.php
DEBUG - 2022-08-11 10:31:19 --> UTF-8 Support Enabled
DEBUG - 2022-08-11 10:31:19 --> No URI present. Default controller set.
DEBUG - 2022-08-11 10:31:19 --> Global POST, GET and COOKIE data sanitized
DEBUG - 2022-08-11 10:31:19 --> Config file loaded: /hwonpark/www/application/config/tree.php
DEBUG - 2022-08-11 10:31:19 --> Total execution time: 0.0685
DEBUG - 2022-08-11 10:35:31 --> UTF-8 Support Enabled
DEBUG - 2022-08-11 10:35:31 --> Global POST, GET and COOKIE data sanitized
DEBUG - 2022-08-11 10:35:31 --> Config file loaded: /hwonpark/www/application/config/tree.php
DEBUG - 2022-08-11 10:35:32 --> UTF-8 Support Enabled
DEBUG - 2022-08-11 10:35:32 --> No URI present. Default controller set.
DEBUG - 2022-08-11 10:35:32 --> Global POST, GET and COOKIE data sanitized
DEBUG - 2022-08-11 10:35:32 --> Config file loaded: /hwonpark/www/application/config/tree.php
DEBUG - 2022-08-11 10:35:32 --> Total execution time: 0.0586
DEBUG - 2022-08-11 10:35:34 --> UTF-8 Support Enabled
DEBUG - 2022-08-11 10:35:34 --> Global POST, GET and COOKIE data sanitized
DEBUG - 2022-08-11 10:35:34 --> Config file loaded: /hwonpark/www/application/config/tree.php
DEBUG - 2022-08-11 10:35:34 --> Total execution time: 0.0691
DEBUG - 2022-08-11 10:35:39 --> UTF-8 Support Enabled
DEBUG - 2022-08-11 10:35:39 --> Global POST, GET and COOKIE data sanitized
DEBUG - 2022-08-11 10:35:39 --> Config file loaded: /hwonpark/www/application/config/tree.php
DEBUG - 2022-08-11 10:35:40 --> UTF-8 Support Enabled
DEBUG - 2022-08-11 10:35:40 --> Global POST, GET and COOKIE data sanitized
DEBUG - 2022-08-11 10:35:40 --> Config file loaded: /hwonpark/www/application/config/tree.php
DEBUG - 2022-08-11 10:35:40 --> Encryption: Auto-configured driver 'openssl'.
DEBUG - 2022-08-11 10:35:40 --> UTF-8 Support Enabled
DEBUG - 2022-08-11 10:35:40 --> Global POST, GET and COOKIE data sanitized
DEBUG - 2022-08-11 10:35:40 --> Config file loaded: /hwonpark/www/application/config/tree.php
DEBUG - 2022-08-11 10:35:40 --> Encryption: Auto-configured driver 'openssl'.
DEBUG - 2022-08-11 10:35:40 --> Encryption class already loaded. Second attempt ignored.
DEBUG - 2022-08-11 10:35:40 --> Total execution time: 0.0361
DEBUG - 2022-08-11 10:35:42 --> UTF-8 Support Enabled
DEBUG - 2022-08-11 10:35:42 --> Global POST, GET and COOKIE data sanitized
DEBUG - 2022-08-11 10:35:42 --> Config file loaded: /hwonpark/www/application/config/tree.php
DEBUG - 2022-08-11 10:35:42 --> Encryption: Auto-configured driver 'openssl'.
DEBUG - 2022-08-11 10:35:42 --> Total execution time: 0.0638
DEBUG - 2022-08-11 10:35:43 --> UTF-8 Support Enabled
DEBUG - 2022-08-11 10:35:43 --> Global POST, GET and COOKIE data sanitized
DEBUG - 2022-08-11 10:35:43 --> Config file loaded: /hwonpark/www/application/config/tree.php
DEBUG - 2022-08-11 10:35:43 --> Encryption: Auto-configured driver 'openssl'.
DEBUG - 2022-08-11 10:35:43 --> Total execution time: 0.0341
DEBUG - 2022-08-11 10:35:48 --> UTF-8 Support Enabled
DEBUG - 2022-08-11 10:35:48 --> Global POST, GET and COOKIE data sanitized
DEBUG - 2022-08-11 10:35:48 --> Config file loaded: /hwonpark/www/application/config/tree.php
DEBUG - 2022-08-11 10:35:48 --> Encryption: Auto-configured driver 'openssl'.
DEBUG - 2022-08-11 10:35:48 --> Total execution time: 0.0352
DEBUG - 2022-08-11 10:35:50 --> UTF-8 Support Enabled
DEBUG - 2022-08-11 10:35:50 --> Global POST, GET and COOKIE data sanitized
DEBUG - 2022-08-11 10:35:50 --> Config file loaded: /hwonpark/www/application/config/tree.php
DEBUG - 2022-08-11 10:35:50 --> Encryption: Auto-configured driver 'openssl'.
DEBUG - 2022-08-11 10:35:50 --> Total execution time: 0.0435
DEBUG - 2022-08-11 10:49:43 --> UTF-8 Support Enabled
DEBUG - 2022-08-11 10:49:43 --> Global POST, GET and COOKIE data sanitized
DEBUG - 2022-08-11 10:49:44 --> Config file loaded: /hwonpark/www/application/config/tree.php
DEBUG - 2022-08-11 10:49:44 --> Total execution time: 0.0345
DEBUG - 2022-08-11 10:49:47 --> UTF-8 Support Enabled
DEBUG - 2022-08-11 10:49:47 --> Global POST, GET and COOKIE data sanitized
DEBUG - 2022-08-11 10:49:47 --> Config file loaded: /hwonpark/www/application/config/tree.php
DEBUG - 2022-08-11 10:49:47 --> Total execution time: 0.0590
DEBUG - 2022-08-11 10:49:55 --> UTF-8 Support Enabled
DEBUG - 2022-08-11 10:49:55 --> Global POST, GET and COOKIE data sanitized
DEBUG - 2022-08-11 10:49:55 --> Config file loaded: /hwonpark/www/application/config/tree.php
DEBUG - 2022-08-11 10:49:57 --> UTF-8 Support Enabled
DEBUG - 2022-08-11 10:49:57 --> Global POST, GET and COOKIE data sanitized
DEBUG - 2022-08-11 10:49:57 --> Config file loaded: /hwonpark/www/application/config/tree.php
DEBUG - 2022-08-11 10:49:57 --> Encryption: Auto-configured driver 'openssl'.
DEBUG - 2022-08-11 10:49:57 --> UTF-8 Support Enabled
DEBUG - 2022-08-11 10:49:57 --> Global POST, GET and COOKIE data sanitized
DEBUG - 2022-08-11 10:49:57 --> Config file loaded: /hwonpark/www/application/config/tree.php
DEBUG - 2022-08-11 10:49:57 --> Encryption: Auto-configured driver 'openssl'.
DEBUG - 2022-08-11 10:49:57 --> Encryption class already loaded. Second attempt ignored.
DEBUG - 2022-08-11 10:49:57 --> Total execution time: 0.0514
DEBUG - 2022-08-11 10:49:59 --> UTF-8 Support Enabled
DEBUG - 2022-08-11 10:49:59 --> Global POST, GET and COOKIE data sanitized
DEBUG - 2022-08-11 10:49:59 --> Config file loaded: /hwonpark/www/application/config/tree.php
DEBUG - 2022-08-11 10:49:59 --> Encryption: Auto-configured driver 'openssl'.
DEBUG - 2022-08-11 10:49:59 --> Encryption class already loaded. Second attempt ignored.
DEBUG - 2022-08-11 10:49:59 --> Total execution time: 0.0348
DEBUG - 2022-08-11 10:50:00 --> UTF-8 Support Enabled
DEBUG - 2022-08-11 10:50:00 --> Global POST, GET and COOKIE data sanitized
DEBUG - 2022-08-11 10:50:00 --> Config file loaded: /hwonpark/www/application/config/tree.php
DEBUG - 2022-08-11 10:50:00 --> Encryption: Auto-configured driver 'openssl'.
DEBUG - 2022-08-11 10:50:00 --> Encryption class already loaded. Second attempt ignored.
DEBUG - 2022-08-11 10:50:00 --> Total execution time: 0.0315
DEBUG - 2022-08-11 10:51:50 --> UTF-8 Support Enabled
DEBUG - 2022-08-11 10:51:50 --> Global POST, GET and COOKIE data sanitized
DEBUG - 2022-08-11 10:51:50 --> Config file loaded: /hwonpark/www/application/config/tree.php
DEBUG - 2022-08-11 10:51:52 --> UTF-8 Support Enabled
DEBUG - 2022-08-11 10:51:52 --> No URI present. Default controller set.
DEBUG - 2022-08-11 10:51:52 --> Global POST, GET and COOKIE data sanitized
DEBUG - 2022-08-11 10:51:52 --> Config file loaded: /hwonpark/www/application/config/tree.php
DEBUG - 2022-08-11 10:51:52 --> Total execution time: 0.0297
DEBUG - 2022-08-11 10:52:00 --> UTF-8 Support Enabled
DEBUG - 2022-08-11 10:52:00 --> No URI present. Default controller set.
DEBUG - 2022-08-11 10:52:00 --> Global POST, GET and COOKIE data sanitized
DEBUG - 2022-08-11 10:52:00 --> Config file loaded: /hwonpark/www/application/config/tree.php
DEBUG - 2022-08-11 10:52:00 --> Total execution time: 0.0620
DEBUG - 2022-08-11 10:52:02 --> UTF-8 Support Enabled
DEBUG - 2022-08-11 10:52:02 --> Global POST, GET and COOKIE data sanitized
DEBUG - 2022-08-11 10:52:02 --> Config file loaded: /hwonpark/www/application/config/tree.php
DEBUG - 2022-08-11 10:52:02 --> --------------------DC_common::chk_perm - 1.인가코드요청 시작 -> if 인앱브라우저
DEBUG - 2022-08-11 10:52:03 --> UTF-8 Support Enabled
DEBUG - 2022-08-11 10:52:03 --> Global POST, GET and COOKIE data sanitized
DEBUG - 2022-08-11 10:52:03 --> Config file loaded: /hwonpark/www/application/config/tree.php
DEBUG - 2022-08-11 10:52:03 --> =================== DL_auth-> oauth::CALLBACK - 시작
DEBUG - 2022-08-11 10:52:03 --> =================== DL_auth-> oauth::CALLBACK - kakao param=:: error=
DEBUG - 2022-08-11 10:52:03 --> =================== DL_auth-> oauth::CALLBACK - kakao param=:: state=/ko/brief/view?idx=30
DEBUG - 2022-08-11 10:52:03 --> =================== DL_auth-> oauth::CALLBACK - kakao param=:: code=m3Frprospremy_VvXpcwvpk6gXesLzb_8CEJzftEfSUOZU3ZcEqhgYq8O7vZ2_mk-hGLCQorDNIAAAGCipn6Kw
DEBUG - 2022-08-11 10:52:03 --> =================== DL_auth -> kakao oauth :2: code=m3Frprospremy_VvXpcwvpk6gXesLzb_8CEJzftEfSUOZU3ZcEqhgYq8O7vZ2_mk-hGLCQorDNIAAAGCipn6Kw
DEBUG - 2022-08-11 10:52:03 --> ====================Dl_auth -> kakao_login :: 시작
DEBUG - 2022-08-11 10:52:03 --> --------------------Dl_auth::kakao_login - 1.토큰요청 시작
DEBUG - 2022-08-11 10:52:03 --> Dl_auth::kakao_login - get_token 시작 n=2
DEBUG - 2022-08-11 10:52:03 --> --------------------Dl_auth::kakao_login - 1.2.토큰요청 시작 -> 기타브라우저
DEBUG - 2022-08-11 10:52:03 --> --------------------Dl_auth::kakao_login - 1.3.토큰요청
DEBUG - 2022-08-11 10:52:03 --> --------------------Dl_auth::kakao_login - 1.4.토큰요청 -> 성공
DEBUG - 2022-08-11 10:52:03 --> UTF-8 Support Enabled
DEBUG - 2022-08-11 10:52:03 --> Global POST, GET and COOKIE data sanitized
DEBUG - 2022-08-11 10:52:03 --> Config file loaded: /hwonpark/www/application/config/tree.php
DEBUG - 2022-08-11 10:52:03 --> =================== DL_auth-> oauth::CALLBACK - 시작
DEBUG - 2022-08-11 10:52:03 --> =================== DL_auth-> oauth::CALLBACK - kakao param=:: error=
DEBUG - 2022-08-11 10:52:03 --> =================== DL_auth-> oauth::CALLBACK - kakao param=:: state=/ko/brief/view?idx=30
DEBUG - 2022-08-11 10:52:03 --> =================== DL_auth-> oauth::CALLBACK - kakao param=:: code=m3Frprospremy_VvXpcwvpk6gXesLzb_8CEJzftEfSUOZU3ZcEqhgYq8O7vZ2_mk-hGLCQorDNIAAAGCipn6Kw
DEBUG - 2022-08-11 10:52:03 --> =================== DL_auth -> kakao oauth :2: code=m3Frprospremy_VvXpcwvpk6gXesLzb_8CEJzftEfSUOZU3ZcEqhgYq8O7vZ2_mk-hGLCQorDNIAAAGCipn6Kw
DEBUG - 2022-08-11 10:52:03 --> ====================Dl_auth -> kakao_login :: 시작
DEBUG - 2022-08-11 10:52:03 --> ====================Dl_auth::kakao_login - 1.3.5- 사이트 회원정보 업데이트 성공(카카오 인증 완료) state=/ko/brief/view?idx=30
DEBUG - 2022-08-11 10:52:03 --> UTF-8 Support Enabled
DEBUG - 2022-08-11 10:52:03 --> Global POST, GET and COOKIE data sanitized
DEBUG - 2022-08-11 10:52:03 --> Config file loaded: /hwonpark/www/application/config/tree.php
DEBUG - 2022-08-11 10:52:03 --> Encryption: Auto-configured driver 'openssl'.
DEBUG - 2022-08-11 10:52:03 --> --------------------DC_common::chk_perm - 1.인가코드요청 시작 -> if 인앱브라우저
DEBUG - 2022-08-11 10:52:03 --> Total execution time: 0.0599
DEBUG - 2022-08-11 10:52:18 --> UTF-8 Support Enabled
DEBUG - 2022-08-11 10:52:18 --> Global POST, GET and COOKIE data sanitized
DEBUG - 2022-08-11 10:52:18 --> Config file loaded: /hwonpark/www/application/config/tree.php
DEBUG - 2022-08-11 10:52:18 --> Encryption: Auto-configured driver 'openssl'.
DEBUG - 2022-08-11 10:52:18 --> --------------------DC_common::chk_perm - 1.인가코드요청 시작 -> if 인앱브라우저
DEBUG - 2022-08-11 10:52:18 --> Total execution time: 0.0445
DEBUG - 2022-08-11 10:52:21 --> UTF-8 Support Enabled
DEBUG - 2022-08-11 10:52:21 --> No URI present. Default controller set.
DEBUG - 2022-08-11 10:52:21 --> Global POST, GET and COOKIE data sanitized
DEBUG - 2022-08-11 10:52:21 --> Config file loaded: /hwonpark/www/application/config/tree.php
DEBUG - 2022-08-11 10:52:21 --> Encryption: Auto-configured driver 'openssl'.
DEBUG - 2022-08-11 10:52:21 --> Total execution time: 0.0505
DEBUG - 2022-08-11 10:52:24 --> UTF-8 Support Enabled
DEBUG - 2022-08-11 10:52:24 --> Global POST, GET and COOKIE data sanitized
DEBUG - 2022-08-11 10:52:24 --> Config file loaded: /hwonpark/www/application/config/tree.php
DEBUG - 2022-08-11 10:52:24 --> Encryption: Auto-configured driver 'openssl'.
DEBUG - 2022-08-11 10:52:24 --> --------------------DC_common::chk_perm - 1.인가코드요청 시작 -> if 인앱브라우저
DEBUG - 2022-08-11 10:52:24 --> Total execution time: 0.0606
DEBUG - 2022-08-11 10:52:28 --> UTF-8 Support Enabled
DEBUG - 2022-08-11 10:52:28 --> No URI present. Default controller set.
DEBUG - 2022-08-11 10:52:28 --> Global POST, GET and COOKIE data sanitized
DEBUG - 2022-08-11 10:52:28 --> Config file loaded: /hwonpark/www/application/config/tree.php
DEBUG - 2022-08-11 10:52:28 --> Encryption: Auto-configured driver 'openssl'.
DEBUG - 2022-08-11 10:52:28 --> Total execution time: 0.0508
DEBUG - 2022-08-11 10:52:31 --> UTF-8 Support Enabled
DEBUG - 2022-08-11 10:52:31 --> Global POST, GET and COOKIE data sanitized
DEBUG - 2022-08-11 10:52:31 --> Config file loaded: /hwonpark/www/application/config/tree.php
DEBUG - 2022-08-11 10:52:31 --> Encryption: Auto-configured driver 'openssl'.
DEBUG - 2022-08-11 10:52:31 --> Total execution time: 0.0577
DEBUG - 2022-08-11 10:52:34 --> UTF-8 Support Enabled
DEBUG - 2022-08-11 10:52:35 --> Global POST, GET and COOKIE data sanitized
DEBUG - 2022-08-11 10:52:35 --> Config file loaded: /hwonpark/www/application/config/tree.php
DEBUG - 2022-08-11 10:52:35 --> Encryption: Auto-configured driver 'openssl'.
DEBUG - 2022-08-11 10:52:35 --> --------------------DC_common::chk_perm - 1.인가코드요청 시작 -> if 인앱브라우저
DEBUG - 2022-08-11 10:52:35 --> Total execution time: 0.0738
DEBUG - 2022-08-11 10:52:40 --> UTF-8 Support Enabled
DEBUG - 2022-08-11 10:52:40 --> Global POST, GET and COOKIE data sanitized
DEBUG - 2022-08-11 10:52:40 --> Config file loaded: /hwonpark/www/application/config/tree.php
DEBUG - 2022-08-11 10:52:40 --> Encryption: Auto-configured driver 'openssl'.
DEBUG - 2022-08-11 10:52:40 --> Total execution time: 0.0376
DEBUG - 2022-08-11 10:52:51 --> UTF-8 Support Enabled
DEBUG - 2022-08-11 10:52:51 --> Global POST, GET and COOKIE data sanitized
DEBUG - 2022-08-11 10:52:51 --> Config file loaded: /hwonpark/www/application/config/tree.php
DEBUG - 2022-08-11 10:52:51 --> Encryption: Auto-configured driver 'openssl'.
DEBUG - 2022-08-11 10:52:51 --> --------------------DC_common::chk_perm - 1.인가코드요청 시작 -> if 인앱브라우저
ERROR - 2022-08-11 10:52:51 --> 404 Page Not Found: ERROR : idx is wrong
DEBUG - 2022-08-11 10:52:55 --> UTF-8 Support Enabled
DEBUG - 2022-08-11 10:52:55 --> Global POST, GET and COOKIE data sanitized
DEBUG - 2022-08-11 10:52:55 --> Config file loaded: /hwonpark/www/application/config/tree.php
DEBUG - 2022-08-11 10:52:55 --> Encryption: Auto-configured driver 'openssl'.
DEBUG - 2022-08-11 10:52:55 --> --------------------DC_common::chk_perm - 1.인가코드요청 시작 -> if 인앱브라우저
ERROR - 2022-08-11 10:52:55 --> 404 Page Not Found: ERROR : idx is wrong
DEBUG - 2022-08-11 10:52:57 --> UTF-8 Support Enabled
DEBUG - 2022-08-11 10:52:57 --> Global POST, GET and COOKIE data sanitized
DEBUG - 2022-08-11 10:52:57 --> Config file loaded: /hwonpark/www/application/config/tree.php
DEBUG - 2022-08-11 10:52:57 --> Encryption: Auto-configured driver 'openssl'.
DEBUG - 2022-08-11 10:52:57 --> --------------------DC_common::chk_perm - 1.인가코드요청 시작 -> if 인앱브라우저
ERROR - 2022-08-11 10:52:57 --> 404 Page Not Found: ERROR : idx is wrong
DEBUG - 2022-08-11 11:04:48 --> UTF-8 Support Enabled
DEBUG - 2022-08-11 11:04:48 --> Global POST, GET and COOKIE data sanitized
DEBUG - 2022-08-11 11:04:48 --> Config file loaded: /hwonpark/www/application/config/tree.php
DEBUG - 2022-08-11 11:04:48 --> Total execution time: 0.0324
DEBUG - 2022-08-11 11:10:16 --> UTF-8 Support Enabled
DEBUG - 2022-08-11 11:10:16 --> No URI present. Default controller set.
DEBUG - 2022-08-11 11:10:16 --> Global POST, GET and COOKIE data sanitized
DEBUG - 2022-08-11 11:10:16 --> Config file loaded: /hwonpark/www/application/config/tree.php
DEBUG - 2022-08-11 11:10:16 --> Total execution time: 0.0302
DEBUG - 2022-08-11 11:10:19 --> UTF-8 Support Enabled
DEBUG - 2022-08-11 11:10:19 --> Global POST, GET and COOKIE data sanitized
ERROR - 2022-08-11 11:10:19 --> 404 Page Not Found: Faviconico/index
DEBUG - 2022-08-11 11:10:25 --> UTF-8 Support Enabled
DEBUG - 2022-08-11 11:10:25 --> Global POST, GET and COOKIE data sanitized
DEBUG - 2022-08-11 11:10:25 --> Config file loaded: /hwonpark/www/application/config/tree.php
DEBUG - 2022-08-11 11:10:25 --> --------------------DC_common::chk_perm - 1.인가코드요청 시작 -> if 인앱브라우저
DEBUG - 2022-08-11 11:10:26 --> UTF-8 Support Enabled
DEBUG - 2022-08-11 11:10:26 --> Global POST, GET and COOKIE data sanitized
DEBUG - 2022-08-11 11:10:26 --> Config file loaded: /hwonpark/www/application/config/tree.php
DEBUG - 2022-08-11 11:10:26 --> =================== DL_auth-> oauth::CALLBACK - 시작
DEBUG - 2022-08-11 11:10:26 --> =================== DL_auth-> oauth::CALLBACK - kakao param=:: error=
DEBUG - 2022-08-11 11:10:26 --> =================== DL_auth-> oauth::CALLBACK - kakao param=:: state=/ko/lawmaking/view?idx=56
DEBUG - 2022-08-11 11:10:26 --> =================== DL_auth-> oauth::CALLBACK - kakao param=:: code=mJzIySQDMFcpo6fHRU-iro7Q0lYqjE_VMI2BSwsa-OQm9eBircbuIpI1BJ9DZYixCi9zBAo9dZwAAAGCiqrPBw
DEBUG - 2022-08-11 11:10:26 --> =================== DL_auth -> kakao oauth :2: code=mJzIySQDMFcpo6fHRU-iro7Q0lYqjE_VMI2BSwsa-OQm9eBircbuIpI1BJ9DZYixCi9zBAo9dZwAAAGCiqrPBw
DEBUG - 2022-08-11 11:10:26 --> ====================Dl_auth -> kakao_login :: 시작
DEBUG - 2022-08-11 11:10:26 --> --------------------Dl_auth::kakao_login - 1.토큰요청 시작
DEBUG - 2022-08-11 11:10:26 --> Dl_auth::kakao_login - get_token 시작 n=2
DEBUG - 2022-08-11 11:10:26 --> --------------------Dl_auth::kakao_login - 1.2.토큰요청 시작 -> 기타브라우저
DEBUG - 2022-08-11 11:10:26 --> --------------------Dl_auth::kakao_login - 1.3.토큰요청
DEBUG - 2022-08-11 11:10:26 --> --------------------Dl_auth::kakao_login - 1.4.토큰요청 -> 성공
DEBUG - 2022-08-11 11:10:26 --> UTF-8 Support Enabled
DEBUG - 2022-08-11 11:10:26 --> Global POST, GET and COOKIE data sanitized
DEBUG - 2022-08-11 11:10:26 --> Config file loaded: /hwonpark/www/application/config/tree.php
DEBUG - 2022-08-11 11:10:26 --> =================== DL_auth-> oauth::CALLBACK - 시작
DEBUG - 2022-08-11 11:10:26 --> =================== DL_auth-> oauth::CALLBACK - kakao param=:: error=
DEBUG - 2022-08-11 11:10:26 --> =================== DL_auth-> oauth::CALLBACK - kakao param=:: state=/ko/lawmaking/view?idx=56
DEBUG - 2022-08-11 11:10:26 --> =================== DL_auth-> oauth::CALLBACK - kakao param=:: code=mJzIySQDMFcpo6fHRU-iro7Q0lYqjE_VMI2BSwsa-OQm9eBircbuIpI1BJ9DZYixCi9zBAo9dZwAAAGCiqrPBw
DEBUG - 2022-08-11 11:10:26 --> =================== DL_auth -> kakao oauth :2: code=mJzIySQDMFcpo6fHRU-iro7Q0lYqjE_VMI2BSwsa-OQm9eBircbuIpI1BJ9DZYixCi9zBAo9dZwAAAGCiqrPBw
DEBUG - 2022-08-11 11:10:26 --> ====================Dl_auth -> kakao_login :: 시작
DEBUG - 2022-08-11 11:10:26 --> ====================Dl_auth::kakao_login - 1.3.5- 사이트 회원정보 업데이트 성공(카카오 인증 완료) state=/ko/lawmaking/view?idx=56
DEBUG - 2022-08-11 11:10:26 --> UTF-8 Support Enabled
DEBUG - 2022-08-11 11:10:26 --> Global POST, GET and COOKIE data sanitized
DEBUG - 2022-08-11 11:10:26 --> Config file loaded: /hwonpark/www/application/config/tree.php
DEBUG - 2022-08-11 11:10:26 --> Encryption: Auto-configured driver 'openssl'.
DEBUG - 2022-08-11 11:10:26 --> --------------------DC_common::chk_perm - 1.인가코드요청 시작 -> if 인앱브라우저
DEBUG - 2022-08-11 11:10:26 --> Total execution time: 0.0489
DEBUG - 2022-08-11 11:10:28 --> UTF-8 Support Enabled
DEBUG - 2022-08-11 11:10:28 --> Global POST, GET and COOKIE data sanitized
DEBUG - 2022-08-11 11:10:28 --> Config file loaded: /hwonpark/www/application/config/tree.php
DEBUG - 2022-08-11 11:10:28 --> Encryption: Auto-configured driver 'openssl'.
DEBUG - 2022-08-11 11:10:28 --> --------------------DC_common::chk_perm - 1.인가코드요청 시작 -> if 인앱브라우저
DEBUG - 2022-08-11 11:10:28 --> Total execution time: 0.0579
DEBUG - 2022-08-11 11:10:32 --> UTF-8 Support Enabled
DEBUG - 2022-08-11 11:10:32 --> No URI present. Default controller set.
DEBUG - 2022-08-11 11:10:32 --> Global POST, GET and COOKIE data sanitized
DEBUG - 2022-08-11 11:10:32 --> Config file loaded: /hwonpark/www/application/config/tree.php
DEBUG - 2022-08-11 11:10:32 --> Encryption: Auto-configured driver 'openssl'.
DEBUG - 2022-08-11 11:10:32 --> Total execution time: 0.0324
DEBUG - 2022-08-11 11:28:01 --> UTF-8 Support Enabled
DEBUG - 2022-08-11 11:28:01 --> Global POST, GET and COOKIE data sanitized
DEBUG - 2022-08-11 11:28:01 --> Config file loaded: /hwonpark/www/application/config/tree.php
DEBUG - 2022-08-11 11:28:02 --> UTF-8 Support Enabled
DEBUG - 2022-08-11 11:28:02 --> No URI present. Default controller set.
DEBUG - 2022-08-11 11:28:02 --> Global POST, GET and COOKIE data sanitized
DEBUG - 2022-08-11 11:28:02 --> Config file loaded: /hwonpark/www/application/config/tree.php
DEBUG - 2022-08-11 11:28:02 --> Total execution time: 0.0312
DEBUG - 2022-08-11 11:28:05 --> UTF-8 Support Enabled
DEBUG - 2022-08-11 11:28:05 --> Global POST, GET and COOKIE data sanitized
DEBUG - 2022-08-11 11:28:05 --> Config file loaded: /hwonpark/www/application/config/tree.php
DEBUG - 2022-08-11 11:28:05 --> Total execution time: 0.0602
DEBUG - 2022-08-11 11:28:12 --> UTF-8 Support Enabled
DEBUG - 2022-08-11 11:28:12 --> Global POST, GET and COOKIE data sanitized
DEBUG - 2022-08-11 11:28:12 --> Config file loaded: /hwonpark/www/application/config/tree.php
DEBUG - 2022-08-11 11:28:12 --> Total execution time: 0.0301
DEBUG - 2022-08-11 11:28:17 --> UTF-8 Support Enabled
DEBUG - 2022-08-11 11:28:17 --> Global POST, GET and COOKIE data sanitized
DEBUG - 2022-08-11 11:28:17 --> Config file loaded: /hwonpark/www/application/config/tree.php
DEBUG - 2022-08-11 11:28:17 --> Total execution time: 0.0397
DEBUG - 2022-08-11 11:33:52 --> UTF-8 Support Enabled
DEBUG - 2022-08-11 11:33:52 --> Global POST, GET and COOKIE data sanitized
DEBUG - 2022-08-11 11:33:52 --> Config file loaded: /hwonpark/www/application/config/tree.php
DEBUG - 2022-08-11 11:33:53 --> UTF-8 Support Enabled
DEBUG - 2022-08-11 11:33:53 --> Global POST, GET and COOKIE data sanitized
DEBUG - 2022-08-11 11:33:53 --> Config file loaded: /hwonpark/www/application/config/tree.php
DEBUG - 2022-08-11 11:33:53 --> Encryption: Auto-configured driver 'openssl'.
DEBUG - 2022-08-11 11:33:53 --> UTF-8 Support Enabled
DEBUG - 2022-08-11 11:33:53 --> Global POST, GET and COOKIE data sanitized
DEBUG - 2022-08-11 11:33:53 --> Config file loaded: /hwonpark/www/application/config/tree.php
DEBUG - 2022-08-11 11:33:53 --> Encryption: Auto-configured driver 'openssl'.
DEBUG - 2022-08-11 11:33:53 --> Encryption class already loaded. Second attempt ignored.
DEBUG - 2022-08-11 11:33:53 --> Total execution time: 0.0387
DEBUG - 2022-08-11 11:33:54 --> UTF-8 Support Enabled
DEBUG - 2022-08-11 11:33:54 --> Global POST, GET and COOKIE data sanitized
DEBUG - 2022-08-11 11:33:55 --> Config file loaded: /hwonpark/www/application/config/tree.php
DEBUG - 2022-08-11 11:33:55 --> Encryption: Auto-configured driver 'openssl'.
DEBUG - 2022-08-11 11:33:55 --> Total execution time: 0.0372
DEBUG - 2022-08-11 11:33:59 --> UTF-8 Support Enabled
DEBUG - 2022-08-11 11:33:59 --> Global POST, GET and COOKIE data sanitized
DEBUG - 2022-08-11 11:33:59 --> Config file loaded: /hwonpark/www/application/config/tree.php
DEBUG - 2022-08-11 11:33:59 --> Encryption: Auto-configured driver 'openssl'.
DEBUG - 2022-08-11 11:33:59 --> Total execution time: 0.0484
DEBUG - 2022-08-11 11:34:08 --> UTF-8 Support Enabled
DEBUG - 2022-08-11 11:34:08 --> Global POST, GET and COOKIE data sanitized
DEBUG - 2022-08-11 11:34:08 --> Config file loaded: /hwonpark/www/application/config/tree.php
DEBUG - 2022-08-11 11:34:08 --> Encryption: Auto-configured driver 'openssl'.
DEBUG - 2022-08-11 11:34:08 --> Total execution time: 0.0669
DEBUG - 2022-08-11 11:34:19 --> UTF-8 Support Enabled
DEBUG - 2022-08-11 11:34:19 --> Global POST, GET and COOKIE data sanitized
DEBUG - 2022-08-11 11:34:19 --> Config file loaded: /hwonpark/www/application/config/tree.php
DEBUG - 2022-08-11 11:34:19 --> Encryption: Auto-configured driver 'openssl'.
DEBUG - 2022-08-11 11:34:19 --> Total execution time: 0.0587
DEBUG - 2022-08-11 12:36:22 --> UTF-8 Support Enabled
DEBUG - 2022-08-11 12:36:22 --> No URI present. Default controller set.
DEBUG - 2022-08-11 12:36:22 --> Global POST, GET and COOKIE data sanitized
DEBUG - 2022-08-11 12:36:22 --> Config file loaded: /hwonpark/www/application/config/tree.php
DEBUG - 2022-08-11 12:36:22 --> Total execution time: 0.0878
DEBUG - 2022-08-11 12:36:24 --> UTF-8 Support Enabled
DEBUG - 2022-08-11 12:36:24 --> Global POST, GET and COOKIE data sanitized
ERROR - 2022-08-11 12:36:24 --> 404 Page Not Found: Faviconico/index
DEBUG - 2022-08-11 12:42:51 --> UTF-8 Support Enabled
DEBUG - 2022-08-11 12:42:51 --> No URI present. Default controller set.
DEBUG - 2022-08-11 12:42:51 --> Global POST, GET and COOKIE data sanitized
DEBUG - 2022-08-11 12:42:51 --> Config file loaded: /hwonpark/www/application/config/tree.php
DEBUG - 2022-08-11 12:42:51 --> Total execution time: 0.0309
DEBUG - 2022-08-11 12:42:53 --> UTF-8 Support Enabled
DEBUG - 2022-08-11 12:42:53 --> Global POST, GET and COOKIE data sanitized
ERROR - 2022-08-11 12:42:53 --> 404 Page Not Found: Faviconico/index
DEBUG - 2022-08-11 13:05:01 --> UTF-8 Support Enabled
DEBUG - 2022-08-11 13:05:01 --> Global POST, GET and COOKIE data sanitized
DEBUG - 2022-08-11 13:05:01 --> Config file loaded: /hwonpark/www/application/config/tree.php
DEBUG - 2022-08-11 13:05:02 --> UTF-8 Support Enabled
DEBUG - 2022-08-11 13:05:02 --> No URI present. Default controller set.
DEBUG - 2022-08-11 13:05:02 --> Global POST, GET and COOKIE data sanitized
DEBUG - 2022-08-11 13:05:02 --> Config file loaded: /hwonpark/www/application/config/tree.php
DEBUG - 2022-08-11 13:05:03 --> Total execution time: 0.4193
DEBUG - 2022-08-11 13:53:26 --> UTF-8 Support Enabled
DEBUG - 2022-08-11 13:53:26 --> No URI present. Default controller set.
DEBUG - 2022-08-11 13:53:26 --> Global POST, GET and COOKIE data sanitized
DEBUG - 2022-08-11 13:53:26 --> Config file loaded: /hwonpark/www/application/config/tree.php
DEBUG - 2022-08-11 13:53:26 --> Total execution time: 0.0328
DEBUG - 2022-08-11 13:53:30 --> UTF-8 Support Enabled
DEBUG - 2022-08-11 13:53:30 --> Global POST, GET and COOKIE data sanitized
DEBUG - 2022-08-11 13:53:30 --> Config file loaded: /hwonpark/www/application/config/tree.php
DEBUG - 2022-08-11 13:53:30 --> Total execution time: 0.0979
DEBUG - 2022-08-11 13:53:33 --> UTF-8 Support Enabled
DEBUG - 2022-08-11 13:53:33 --> Global POST, GET and COOKIE data sanitized
DEBUG - 2022-08-11 13:53:33 --> Config file loaded: /hwonpark/www/application/config/tree.php
DEBUG - 2022-08-11 13:53:33 --> Total execution time: 0.0590
DEBUG - 2022-08-11 13:53:34 --> UTF-8 Support Enabled
DEBUG - 2022-08-11 13:53:34 --> Global POST, GET and COOKIE data sanitized
DEBUG - 2022-08-11 13:53:34 --> Config file loaded: /hwonpark/www/application/config/tree.php
DEBUG - 2022-08-11 13:53:34 --> =================== DL_auth-> oauth::CALLBACK - 시작
DEBUG - 2022-08-11 13:53:34 --> =================== DL_auth-> oauth::CALLBACK - kakao param=:: error=
DEBUG - 2022-08-11 13:53:34 --> =================== DL_auth-> oauth::CALLBACK - kakao param=:: state=
DEBUG - 2022-08-11 13:53:34 --> =================== DL_auth-> oauth::CALLBACK - kakao param=:: code=u3E2zsOQGWtv2mmhDGrs_m1V6xT3hYh1F3DbfgxEWy-mSZlHy0aEtqaBSPYo1UETqn89UAopb9UAAAGCi0AsaQ
DEBUG - 2022-08-11 13:53:34 --> =================== DL_auth -> kakao oauth :2: code=u3E2zsOQGWtv2mmhDGrs_m1V6xT3hYh1F3DbfgxEWy-mSZlHy0aEtqaBSPYo1UETqn89UAopb9UAAAGCi0AsaQ
DEBUG - 2022-08-11 13:53:34 --> ====================Dl_auth -> kakao_login :: 시작
DEBUG - 2022-08-11 13:53:34 --> --------------------Dl_auth::kakao_login - 1.토큰요청 시작
DEBUG - 2022-08-11 13:53:34 --> Dl_auth::kakao_login - get_token 시작 n=2
DEBUG - 2022-08-11 13:53:34 --> --------------------Dl_auth::kakao_login - 1.2.토큰요청 시작 -> 기타브라우저
DEBUG - 2022-08-11 13:53:34 --> --------------------Dl_auth::kakao_login - 1.3.토큰요청
DEBUG - 2022-08-11 13:53:35 --> --------------------Dl_auth::kakao_login - 1.4.토큰요청 -> 성공
DEBUG - 2022-08-11 13:53:35 --> UTF-8 Support Enabled
DEBUG - 2022-08-11 13:53:35 --> Global POST, GET and COOKIE data sanitized
DEBUG - 2022-08-11 13:53:35 --> Config file loaded: /hwonpark/www/application/config/tree.php
DEBUG - 2022-08-11 13:53:35 --> =================== DL_auth-> oauth::CALLBACK - 시작
DEBUG - 2022-08-11 13:53:35 --> =================== DL_auth-> oauth::CALLBACK - kakao param=:: error=
DEBUG - 2022-08-11 13:53:35 --> =================== DL_auth-> oauth::CALLBACK - kakao param=:: state=
DEBUG - 2022-08-11 13:53:35 --> =================== DL_auth-> oauth::CALLBACK - kakao param=:: code=u3E2zsOQGWtv2mmhDGrs_m1V6xT3hYh1F3DbfgxEWy-mSZlHy0aEtqaBSPYo1UETqn89UAopb9UAAAGCi0AsaQ
DEBUG - 2022-08-11 13:53:35 --> =================== DL_auth -> kakao oauth :2: code=u3E2zsOQGWtv2mmhDGrs_m1V6xT3hYh1F3DbfgxEWy-mSZlHy0aEtqaBSPYo1UETqn89UAopb9UAAAGCi0AsaQ
DEBUG - 2022-08-11 13:53:35 --> ====================Dl_auth -> kakao_login :: 시작
DEBUG - 2022-08-11 13:53:35 --> ====================Dl_auth::kakao_login - 1.3.5- 사이트 회원정보 업데이트 성공(카카오 인증 완료) state=
DEBUG - 2022-08-11 13:53:36 --> UTF-8 Support Enabled
DEBUG - 2022-08-11 13:53:36 --> Global POST, GET and COOKIE data sanitized
DEBUG - 2022-08-11 13:53:36 --> Config file loaded: /hwonpark/www/application/config/tree.php
DEBUG - 2022-08-11 13:53:36 --> Encryption: Auto-configured driver 'openssl'.
DEBUG - 2022-08-11 13:53:36 --> Total execution time: 0.0717
DEBUG - 2022-08-11 13:53:38 --> UTF-8 Support Enabled
DEBUG - 2022-08-11 13:53:38 --> Global POST, GET and COOKIE data sanitized
DEBUG - 2022-08-11 13:53:38 --> Config file loaded: /hwonpark/www/application/config/tree.php
DEBUG - 2022-08-11 13:53:38 --> Encryption: Auto-configured driver 'openssl'.
DEBUG - 2022-08-11 13:53:38 --> Total execution time: 0.0333
DEBUG - 2022-08-11 14:12:55 --> UTF-8 Support Enabled
DEBUG - 2022-08-11 14:12:55 --> No URI present. Default controller set.
DEBUG - 2022-08-11 14:12:55 --> Global POST, GET and COOKIE data sanitized
DEBUG - 2022-08-11 14:12:55 --> Config file loaded: /hwonpark/www/application/config/tree.php
DEBUG - 2022-08-11 14:12:55 --> Total execution time: 0.0298
DEBUG - 2022-08-11 14:12:57 --> UTF-8 Support Enabled
DEBUG - 2022-08-11 14:12:57 --> Global POST, GET and COOKIE data sanitized
ERROR - 2022-08-11 14:12:57 --> 404 Page Not Found: Faviconico/index
DEBUG - 2022-08-11 15:05:21 --> UTF-8 Support Enabled
DEBUG - 2022-08-11 15:05:21 --> Global POST, GET and COOKIE data sanitized
DEBUG - 2022-08-11 15:05:21 --> Config file loaded: /hwonpark/www/application/config/tree.php
DEBUG - 2022-08-11 15:05:21 --> Total execution time: 0.0682
DEBUG - 2022-08-11 15:05:23 --> UTF-8 Support Enabled
DEBUG - 2022-08-11 15:05:23 --> Global POST, GET and COOKIE data sanitized
ERROR - 2022-08-11 15:05:23 --> 404 Page Not Found: Faviconico/index
DEBUG - 2022-08-11 15:05:25 --> UTF-8 Support Enabled
DEBUG - 2022-08-11 15:05:25 --> No URI present. Default controller set.
DEBUG - 2022-08-11 15:05:25 --> Global POST, GET and COOKIE data sanitized
DEBUG - 2022-08-11 15:05:25 --> Config file loaded: /hwonpark/www/application/config/tree.php
DEBUG - 2022-08-11 15:05:25 --> Total execution time: 0.0308
DEBUG - 2022-08-11 15:05:34 --> UTF-8 Support Enabled
DEBUG - 2022-08-11 15:05:34 --> No URI present. Default controller set.
DEBUG - 2022-08-11 15:05:34 --> Global POST, GET and COOKIE data sanitized
DEBUG - 2022-08-11 15:05:34 --> Config file loaded: /hwonpark/www/application/config/tree.php
DEBUG - 2022-08-11 15:05:34 --> Total execution time: 0.0269
DEBUG - 2022-08-11 15:05:40 --> UTF-8 Support Enabled
DEBUG - 2022-08-11 15:05:40 --> No URI present. Default controller set.
DEBUG - 2022-08-11 15:05:40 --> Global POST, GET and COOKIE data sanitized
DEBUG - 2022-08-11 15:05:40 --> Config file loaded: /hwonpark/www/application/config/tree.php
DEBUG - 2022-08-11 15:05:40 --> Total execution time: 0.0414
DEBUG - 2022-08-11 15:06:02 --> UTF-8 Support Enabled
DEBUG - 2022-08-11 15:06:02 --> Global POST, GET and COOKIE data sanitized
DEBUG - 2022-08-11 15:06:02 --> Config file loaded: /hwonpark/www/application/config/tree.php
DEBUG - 2022-08-11 15:06:03 --> UTF-8 Support Enabled
DEBUG - 2022-08-11 15:06:03 --> Global POST, GET and COOKIE data sanitized
DEBUG - 2022-08-11 15:06:03 --> Config file loaded: /hwonpark/www/application/config/tree.php
DEBUG - 2022-08-11 15:06:03 --> Encryption: Auto-configured driver 'openssl'.
DEBUG - 2022-08-11 15:06:03 --> UTF-8 Support Enabled
DEBUG - 2022-08-11 15:06:03 --> Global POST, GET and COOKIE data sanitized
DEBUG - 2022-08-11 15:06:03 --> Config file loaded: /hwonpark/www/application/config/tree.php
DEBUG - 2022-08-11 15:06:03 --> Encryption: Auto-configured driver 'openssl'.
DEBUG - 2022-08-11 15:06:03 --> Encryption class already loaded. Second attempt ignored.
DEBUG - 2022-08-11 15:06:03 --> Total execution time: 0.0466
DEBUG - 2022-08-11 15:06:18 --> UTF-8 Support Enabled
DEBUG - 2022-08-11 15:06:18 --> Global POST, GET and COOKIE data sanitized
DEBUG - 2022-08-11 15:06:18 --> Config file loaded: /hwonpark/www/application/config/tree.php
DEBUG - 2022-08-11 15:06:18 --> Encryption: Auto-configured driver 'openssl'.
DEBUG - 2022-08-11 15:06:18 --> Total execution time: 0.0411
DEBUG - 2022-08-11 15:06:20 --> UTF-8 Support Enabled
DEBUG - 2022-08-11 15:06:20 --> Global POST, GET and COOKIE data sanitized
DEBUG - 2022-08-11 15:06:20 --> Config file loaded: /hwonpark/www/application/config/tree.php
DEBUG - 2022-08-11 15:06:20 --> Encryption: Auto-configured driver 'openssl'.
DEBUG - 2022-08-11 15:06:20 --> Total execution time: 0.0695
DEBUG - 2022-08-11 15:06:24 --> UTF-8 Support Enabled
DEBUG - 2022-08-11 15:06:24 --> Global POST, GET and COOKIE data sanitized
DEBUG - 2022-08-11 15:06:24 --> Config file loaded: /hwonpark/www/application/config/tree.php
DEBUG - 2022-08-11 15:06:24 --> Encryption: Auto-configured driver 'openssl'.
DEBUG - 2022-08-11 15:06:24 --> Total execution time: 0.0385
DEBUG - 2022-08-11 15:10:49 --> UTF-8 Support Enabled
DEBUG - 2022-08-11 15:10:49 --> Global POST, GET and COOKIE data sanitized
DEBUG - 2022-08-11 15:10:49 --> Config file loaded: /hwonpark/www/application/config/tree.php
DEBUG - 2022-08-11 15:10:50 --> Encryption: Auto-configured driver 'openssl'.
DEBUG - 2022-08-11 15:10:51 --> UTF-8 Support Enabled
DEBUG - 2022-08-11 15:10:51 --> Global POST, GET and COOKIE data sanitized
DEBUG - 2022-08-11 15:10:51 --> Config file loaded: /hwonpark/www/application/config/tree.php
DEBUG - 2022-08-11 15:10:51 --> Encryption: Auto-configured driver 'openssl'.
DEBUG - 2022-08-11 15:10:51 --> Total execution time: 0.0553
DEBUG - 2022-08-11 15:10:58 --> UTF-8 Support Enabled
DEBUG - 2022-08-11 15:10:58 --> Global POST, GET and COOKIE data sanitized
DEBUG - 2022-08-11 15:10:58 --> Config file loaded: /hwonpark/www/application/config/tree.php
DEBUG - 2022-08-11 15:10:58 --> Encryption: Auto-configured driver 'openssl'.
DEBUG - 2022-08-11 15:10:58 --> Total execution time: 0.0371
DEBUG - 2022-08-11 15:13:06 --> UTF-8 Support Enabled
DEBUG - 2022-08-11 15:13:06 --> Global POST, GET and COOKIE data sanitized
DEBUG - 2022-08-11 15:13:06 --> Config file loaded: /hwonpark/www/application/config/tree.php
DEBUG - 2022-08-11 15:13:06 --> Encryption: Auto-configured driver 'openssl'.
DEBUG - 2022-08-11 15:13:07 --> UTF-8 Support Enabled
DEBUG - 2022-08-11 15:13:07 --> Global POST, GET and COOKIE data sanitized
DEBUG - 2022-08-11 15:13:07 --> Config file loaded: /hwonpark/www/application/config/tree.php
DEBUG - 2022-08-11 15:13:07 --> Encryption: Auto-configured driver 'openssl'.
DEBUG - 2022-08-11 15:13:07 --> Total execution time: 0.0484
DEBUG - 2022-08-11 15:47:55 --> UTF-8 Support Enabled
DEBUG - 2022-08-11 15:47:55 --> Global POST, GET and COOKIE data sanitized
DEBUG - 2022-08-11 15:47:55 --> Config file loaded: /hwonpark/www/application/config/tree.php
DEBUG - 2022-08-11 15:47:56 --> UTF-8 Support Enabled
DEBUG - 2022-08-11 15:47:56 --> No URI present. Default controller set.
DEBUG - 2022-08-11 15:47:56 --> Global POST, GET and COOKIE data sanitized
DEBUG - 2022-08-11 15:47:56 --> Config file loaded: /hwonpark/www/application/config/tree.php
DEBUG - 2022-08-11 15:47:56 --> Total execution time: 0.0448
DEBUG - 2022-08-11 15:47:59 --> UTF-8 Support Enabled
DEBUG - 2022-08-11 15:47:59 --> Global POST, GET and COOKIE data sanitized
DEBUG - 2022-08-11 15:47:59 --> Config file loaded: /hwonpark/www/application/config/tree.php
DEBUG - 2022-08-11 15:47:59 --> Total execution time: 0.0309
DEBUG - 2022-08-11 15:48:04 --> UTF-8 Support Enabled
DEBUG - 2022-08-11 15:48:04 --> Global POST, GET and COOKIE data sanitized
DEBUG - 2022-08-11 15:48:04 --> Config file loaded: /hwonpark/www/application/config/tree.php
DEBUG - 2022-08-11 15:48:04 --> UTF-8 Support Enabled
DEBUG - 2022-08-11 15:48:04 --> Global POST, GET and COOKIE data sanitized
DEBUG - 2022-08-11 15:48:04 --> Config file loaded: /hwonpark/www/application/config/tree.php
DEBUG - 2022-08-11 15:48:04 --> Encryption: Auto-configured driver 'openssl'.
DEBUG - 2022-08-11 15:48:04 --> UTF-8 Support Enabled
DEBUG - 2022-08-11 15:48:04 --> Global POST, GET and COOKIE data sanitized
DEBUG - 2022-08-11 15:48:04 --> Config file loaded: /hwonpark/www/application/config/tree.php
DEBUG - 2022-08-11 15:48:04 --> Encryption: Auto-configured driver 'openssl'.
DEBUG - 2022-08-11 15:48:04 --> Encryption class already loaded. Second attempt ignored.
DEBUG - 2022-08-11 15:48:04 --> Total execution time: 0.0558
DEBUG - 2022-08-11 15:48:06 --> UTF-8 Support Enabled
DEBUG - 2022-08-11 15:48:06 --> Global POST, GET and COOKIE data sanitized
DEBUG - 2022-08-11 15:48:06 --> Config file loaded: /hwonpark/www/application/config/tree.php
DEBUG - 2022-08-11 15:48:06 --> Encryption: Auto-configured driver 'openssl'.
DEBUG - 2022-08-11 15:48:06 --> Total execution time: 0.0483
DEBUG - 2022-08-11 15:48:08 --> UTF-8 Support Enabled
DEBUG - 2022-08-11 15:48:08 --> Global POST, GET and COOKIE data sanitized
DEBUG - 2022-08-11 15:48:08 --> Config file loaded: /hwonpark/www/application/config/tree.php
DEBUG - 2022-08-11 15:48:08 --> Encryption: Auto-configured driver 'openssl'.
DEBUG - 2022-08-11 15:48:08 --> Total execution time: 0.0442
DEBUG - 2022-08-11 15:48:19 --> UTF-8 Support Enabled
DEBUG - 2022-08-11 15:48:19 --> Global POST, GET and COOKIE data sanitized
DEBUG - 2022-08-11 15:48:19 --> Config file loaded: /hwonpark/www/application/config/tree.php
DEBUG - 2022-08-11 15:48:19 --> Encryption: Auto-configured driver 'openssl'.
DEBUG - 2022-08-11 15:48:19 --> Total execution time: 0.0458
DEBUG - 2022-08-11 15:51:42 --> UTF-8 Support Enabled
DEBUG - 2022-08-11 15:51:42 --> Global POST, GET and COOKIE data sanitized
DEBUG - 2022-08-11 15:51:42 --> Config file loaded: /hwonpark/www/application/config/tree.php
DEBUG - 2022-08-11 15:51:42 --> Encryption: Auto-configured driver 'openssl'.
ERROR - 2022-08-11 15:51:42 --> Could not find the language line "imglib_invalid_image"
ERROR - 2022-08-11 15:51:42 --> imglib_invalid_image
DEBUG - 2022-08-11 15:51:42 --> DL_schema class already loaded. Second attempt ignored.
ERROR - 2022-08-11 15:51:42 --> Could not find the language line "imglib_invalid_image"
ERROR - 2022-08-11 15:51:42 --> imglib_invalid_image
DEBUG - 2022-08-11 15:51:42 --> DL_schema class already loaded. Second attempt ignored.
DEBUG - 2022-08-11 15:51:43 --> UTF-8 Support Enabled
DEBUG - 2022-08-11 15:51:43 --> Global POST, GET and COOKIE data sanitized
DEBUG - 2022-08-11 15:51:43 --> Config file loaded: /hwonpark/www/application/config/tree.php
DEBUG - 2022-08-11 15:51:43 --> Encryption: Auto-configured driver 'openssl'.
DEBUG - 2022-08-11 15:51:43 --> Total execution time: 0.0363
DEBUG - 2022-08-11 16:33:20 --> UTF-8 Support Enabled
DEBUG - 2022-08-11 16:33:20 --> No URI present. Default controller set.
DEBUG - 2022-08-11 16:33:20 --> Global POST, GET and COOKIE data sanitized
DEBUG - 2022-08-11 16:33:20 --> Config file loaded: /hwonpark/www/application/config/tree.php
DEBUG - 2022-08-11 16:33:20 --> Total execution time: 0.0314
DEBUG - 2022-08-11 16:33:21 --> UTF-8 Support Enabled
DEBUG - 2022-08-11 16:33:21 --> Global POST, GET and COOKIE data sanitized
ERROR - 2022-08-11 16:33:21 --> 404 Page Not Found: Faviconico/index
DEBUG - 2022-08-11 16:33:27 --> UTF-8 Support Enabled
DEBUG - 2022-08-11 16:33:27 --> Global POST, GET and COOKIE data sanitized
DEBUG - 2022-08-11 16:33:27 --> Config file loaded: /hwonpark/www/application/config/tree.php
DEBUG - 2022-08-11 16:33:29 --> UTF-8 Support Enabled
DEBUG - 2022-08-11 16:33:29 --> Global POST, GET and COOKIE data sanitized
DEBUG - 2022-08-11 16:33:29 --> Config file loaded: /hwonpark/www/application/config/tree.php
DEBUG - 2022-08-11 16:33:29 --> Total execution time: 0.0282
DEBUG - 2022-08-11 16:33:41 --> UTF-8 Support Enabled
DEBUG - 2022-08-11 16:33:41 --> Global POST, GET and COOKIE data sanitized
DEBUG - 2022-08-11 16:33:41 --> Config file loaded: /hwonpark/www/application/config/tree.php
DEBUG - 2022-08-11 16:33:41 --> =================== DL_auth-> oauth::CALLBACK - 시작
DEBUG - 2022-08-11 16:33:41 --> =================== DL_auth-> oauth::CALLBACK - kakao param=:: error=
DEBUG - 2022-08-11 16:33:41 --> =================== DL_auth-> oauth::CALLBACK - kakao param=:: state=
DEBUG - 2022-08-11 16:33:41 --> =================== DL_auth-> oauth::CALLBACK - kakao param=:: code=OyWK8ZP82tzG_h4o9z7Wnqntd1jg5EZjcWc0k0glXH1w1c1hodwkpHIWKCYGYS0k8PPqzQopcFAAAAGCi9LBdA
DEBUG - 2022-08-11 16:33:41 --> =================== DL_auth -> kakao oauth :2: code=OyWK8ZP82tzG_h4o9z7Wnqntd1jg5EZjcWc0k0glXH1w1c1hodwkpHIWKCYGYS0k8PPqzQopcFAAAAGCi9LBdA
DEBUG - 2022-08-11 16:33:41 --> ====================Dl_auth -> kakao_login :: 시작
DEBUG - 2022-08-11 16:33:41 --> --------------------Dl_auth::kakao_login - 1.토큰요청 시작
DEBUG - 2022-08-11 16:33:41 --> Dl_auth::kakao_login - get_token 시작 n=2
DEBUG - 2022-08-11 16:33:41 --> --------------------Dl_auth::kakao_login - 1.2.토큰요청 시작 -> 기타브라우저
DEBUG - 2022-08-11 16:33:41 --> --------------------Dl_auth::kakao_login - 1.3.토큰요청
DEBUG - 2022-08-11 16:33:41 --> --------------------Dl_auth::kakao_login - 1.4.토큰요청 -> 성공
DEBUG - 2022-08-11 16:33:41 --> UTF-8 Support Enabled
DEBUG - 2022-08-11 16:33:41 --> Global POST, GET and COOKIE data sanitized
DEBUG - 2022-08-11 16:33:41 --> Config file loaded: /hwonpark/www/application/config/tree.php
DEBUG - 2022-08-11 16:33:41 --> =================== DL_auth-> oauth::CALLBACK - 시작
DEBUG - 2022-08-11 16:33:41 --> =================== DL_auth-> oauth::CALLBACK - kakao param=:: error=
DEBUG - 2022-08-11 16:33:41 --> =================== DL_auth-> oauth::CALLBACK - kakao param=:: state=
DEBUG - 2022-08-11 16:33:41 --> =================== DL_auth-> oauth::CALLBACK - kakao param=:: code=OyWK8ZP82tzG_h4o9z7Wnqntd1jg5EZjcWc0k0glXH1w1c1hodwkpHIWKCYGYS0k8PPqzQopcFAAAAGCi9LBdA
DEBUG - 2022-08-11 16:33:41 --> =================== DL_auth -> kakao oauth :2: code=OyWK8ZP82tzG_h4o9z7Wnqntd1jg5EZjcWc0k0glXH1w1c1hodwkpHIWKCYGYS0k8PPqzQopcFAAAAGCi9LBdA
DEBUG - 2022-08-11 16:33:41 --> ====================Dl_auth -> kakao_login :: 시작
DEBUG - 2022-08-11 16:33:41 --> ====================Dl_auth::kakao_login - 1.3.5- 사이트 회원정보 업데이트 성공(카카오 인증 완료) state=
DEBUG - 2022-08-11 16:33:43 --> UTF-8 Support Enabled
DEBUG - 2022-08-11 16:33:43 --> Global POST, GET and COOKIE data sanitized
DEBUG - 2022-08-11 16:33:43 --> Config file loaded: /hwonpark/www/application/config/tree.php
DEBUG - 2022-08-11 16:33:43 --> Encryption: Auto-configured driver 'openssl'.
DEBUG - 2022-08-11 16:33:43 --> Total execution time: 0.0476
DEBUG - 2022-08-11 16:33:44 --> UTF-8 Support Enabled
DEBUG - 2022-08-11 16:33:44 --> Global POST, GET and COOKIE data sanitized
DEBUG - 2022-08-11 16:33:44 --> Config file loaded: /hwonpark/www/application/config/tree.php
DEBUG - 2022-08-11 16:33:44 --> Encryption: Auto-configured driver 'openssl'.
DEBUG - 2022-08-11 16:33:44 --> Total execution time: 0.0724
DEBUG - 2022-08-11 16:33:46 --> UTF-8 Support Enabled
DEBUG - 2022-08-11 16:33:46 --> Global POST, GET and COOKIE data sanitized
DEBUG - 2022-08-11 16:33:46 --> Config file loaded: /hwonpark/www/application/config/tree.php
DEBUG - 2022-08-11 16:33:46 --> Encryption: Auto-configured driver 'openssl'.
DEBUG - 2022-08-11 16:33:46 --> Total execution time: 0.0362
DEBUG - 2022-08-11 16:33:47 --> UTF-8 Support Enabled
DEBUG - 2022-08-11 16:33:47 --> Global POST, GET and COOKIE data sanitized
DEBUG - 2022-08-11 16:33:47 --> Config file loaded: /hwonpark/www/application/config/tree.php
DEBUG - 2022-08-11 16:33:47 --> Encryption: Auto-configured driver 'openssl'.
DEBUG - 2022-08-11 16:33:47 --> Total execution time: 0.0688
DEBUG - 2022-08-11 16:33:49 --> UTF-8 Support Enabled
DEBUG - 2022-08-11 16:33:49 --> Global POST, GET and COOKIE data sanitized
DEBUG - 2022-08-11 16:33:49 --> Config file loaded: /hwonpark/www/application/config/tree.php
DEBUG - 2022-08-11 16:33:49 --> Encryption: Auto-configured driver 'openssl'.
DEBUG - 2022-08-11 16:33:49 --> Total execution time: 0.0641
DEBUG - 2022-08-11 16:33:53 --> UTF-8 Support Enabled
DEBUG - 2022-08-11 16:33:53 --> Global POST, GET and COOKIE data sanitized
DEBUG - 2022-08-11 16:33:53 --> Config file loaded: /hwonpark/www/application/config/tree.php
DEBUG - 2022-08-11 16:33:53 --> Encryption: Auto-configured driver 'openssl'.
DEBUG - 2022-08-11 16:33:53 --> Total execution time: 0.0328
DEBUG - 2022-08-11 16:33:55 --> UTF-8 Support Enabled
DEBUG - 2022-08-11 16:33:55 --> Global POST, GET and COOKIE data sanitized
DEBUG - 2022-08-11 16:33:55 --> Config file loaded: /hwonpark/www/application/config/tree.php
DEBUG - 2022-08-11 16:33:55 --> Encryption: Auto-configured driver 'openssl'.
DEBUG - 2022-08-11 16:33:55 --> Total execution time: 0.1322
DEBUG - 2022-08-11 17:19:04 --> UTF-8 Support Enabled
DEBUG - 2022-08-11 17:19:04 --> No URI present. Default controller set.
DEBUG - 2022-08-11 17:19:04 --> Global POST, GET and COOKIE data sanitized
DEBUG - 2022-08-11 17:19:04 --> Config file loaded: /hwonpark/www/application/config/tree.php
DEBUG - 2022-08-11 17:19:04 --> Total execution time: 0.0328
DEBUG - 2022-08-11 22:50:55 --> UTF-8 Support Enabled
DEBUG - 2022-08-11 22:50:55 --> No URI present. Default controller set.
DEBUG - 2022-08-11 22:50:55 --> Global POST, GET and COOKIE data sanitized
DEBUG - 2022-08-11 22:50:56 --> Config file loaded: /hwonpark/www/application/config/tree.php
DEBUG - 2022-08-11 22:50:56 --> Total execution time: 0.2770
DEBUG - 2022-08-11 22:50:58 --> UTF-8 Support Enabled
DEBUG - 2022-08-11 22:50:58 --> Global POST, GET and COOKIE data sanitized
ERROR - 2022-08-11 22:50:58 --> 404 Page Not Found: Faviconico/index
