DEBUG - 2022-10-09 12:50:41 --> UTF-8 Support Enabled
DEBUG - 2022-10-09 12:50:41 --> No URI present. Default controller set.
DEBUG - 2022-10-09 12:50:41 --> Global POST, GET and COOKIE data sanitized
DEBUG - 2022-10-09 12:50:41 --> Config file loaded: /hwonpark/www/application/config/tree.php
DEBUG - 2022-10-09 12:50:42 --> Total execution time: 0.2362
DEBUG - 2022-10-09 12:50:42 --> UTF-8 Support Enabled
DEBUG - 2022-10-09 12:50:42 --> Global POST, GET and COOKIE data sanitized
ERROR - 2022-10-09 12:50:42 --> 404 Page Not Found: Faviconico/index
DEBUG - 2022-10-09 12:50:45 --> UTF-8 Support Enabled
DEBUG - 2022-10-09 12:50:45 --> Global POST, GET and COOKIE data sanitized
DEBUG - 2022-10-09 12:50:45 --> Config file loaded: /hwonpark/www/application/config/tree.php
DEBUG - 2022-10-09 12:50:45 --> Total execution time: 0.0612
DEBUG - 2022-10-09 12:50:51 --> UTF-8 Support Enabled
DEBUG - 2022-10-09 12:50:51 --> Global POST, GET and COOKIE data sanitized
DEBUG - 2022-10-09 12:50:51 --> Config file loaded: /hwonpark/www/application/config/tree.php
DEBUG - 2022-10-09 12:50:52 --> UTF-8 Support Enabled
DEBUG - 2022-10-09 12:50:52 --> Global POST, GET and COOKIE data sanitized
DEBUG - 2022-10-09 12:50:52 --> Config file loaded: /hwonpark/www/application/config/tree.php
DEBUG - 2022-10-09 12:50:52 --> Total execution time: 0.0308
DEBUG - 2022-10-09 12:52:28 --> UTF-8 Support Enabled
DEBUG - 2022-10-09 12:52:28 --> Global POST, GET and COOKIE data sanitized
DEBUG - 2022-10-09 12:52:28 --> Config file loaded: /hwonpark/www/application/config/tree.php
DEBUG - 2022-10-09 12:52:28 --> =================== DL_auth-> oauth::CALLBACK - 시작
DEBUG - 2022-10-09 12:52:28 --> =================== DL_auth-> oauth::CALLBACK - kakao param=:: error=
DEBUG - 2022-10-09 12:52:28 --> =================== DL_auth-> oauth::CALLBACK - kakao param=:: state=
DEBUG - 2022-10-09 12:52:28 --> =================== DL_auth-> oauth::CALLBACK - kakao param=:: code=GGl3BaCXpvJbe56MYNCdiQA8hPnsNixEFotwn0p1FNwMD6QML63K7515mEkVz8IFDdSEggo9cpgAAAGDut9vlQ
DEBUG - 2022-10-09 12:52:28 --> =================== DL_auth -> kakao oauth :2: code=GGl3BaCXpvJbe56MYNCdiQA8hPnsNixEFotwn0p1FNwMD6QML63K7515mEkVz8IFDdSEggo9cpgAAAGDut9vlQ
DEBUG - 2022-10-09 12:52:28 --> ====================Dl_auth -> kakao_login :: 시작
DEBUG - 2022-10-09 12:52:28 --> --------------------Dl_auth::kakao_login - 1.토큰요청 시작
DEBUG - 2022-10-09 12:52:28 --> Dl_auth::kakao_login - get_token 시작 n=2
DEBUG - 2022-10-09 12:52:28 --> --------------------Dl_auth::kakao_login - 1.2.토큰요청 시작 -> 기타브라우저
DEBUG - 2022-10-09 12:52:28 --> --------------------Dl_auth::kakao_login - 1.3.토큰요청
DEBUG - 2022-10-09 12:52:28 --> --------------------Dl_auth::kakao_login - 1.4.토큰요청 -> 성공
DEBUG - 2022-10-09 12:52:28 --> UTF-8 Support Enabled
DEBUG - 2022-10-09 12:52:29 --> Global POST, GET and COOKIE data sanitized
DEBUG - 2022-10-09 12:52:29 --> Config file loaded: /hwonpark/www/application/config/tree.php
DEBUG - 2022-10-09 12:52:29 --> =================== DL_auth-> oauth::CALLBACK - 시작
DEBUG - 2022-10-09 12:52:29 --> =================== DL_auth-> oauth::CALLBACK - kakao param=:: error=
DEBUG - 2022-10-09 12:52:29 --> =================== DL_auth-> oauth::CALLBACK - kakao param=:: state=
DEBUG - 2022-10-09 12:52:29 --> =================== DL_auth-> oauth::CALLBACK - kakao param=:: code=GGl3BaCXpvJbe56MYNCdiQA8hPnsNixEFotwn0p1FNwMD6QML63K7515mEkVz8IFDdSEggo9cpgAAAGDut9vlQ
DEBUG - 2022-10-09 12:52:29 --> =================== DL_auth -> kakao oauth :2: code=GGl3BaCXpvJbe56MYNCdiQA8hPnsNixEFotwn0p1FNwMD6QML63K7515mEkVz8IFDdSEggo9cpgAAAGDut9vlQ
DEBUG - 2022-10-09 12:52:29 --> ====================Dl_auth -> kakao_login :: 시작
DEBUG - 2022-10-09 12:52:29 --> ====================Dl_auth::kakao_login - 1.3.5- 사이트 회원정보 업데이트 성공(카카오 인증 완료) state=
DEBUG - 2022-10-09 12:52:30 --> UTF-8 Support Enabled
DEBUG - 2022-10-09 12:52:30 --> Global POST, GET and COOKIE data sanitized
DEBUG - 2022-10-09 12:52:30 --> Config file loaded: /hwonpark/www/application/config/tree.php
DEBUG - 2022-10-09 12:52:30 --> Encryption: Auto-configured driver 'openssl'.
DEBUG - 2022-10-09 12:52:30 --> Total execution time: 0.0419
DEBUG - 2022-10-09 12:52:37 --> UTF-8 Support Enabled
DEBUG - 2022-10-09 12:52:37 --> Global POST, GET and COOKIE data sanitized
DEBUG - 2022-10-09 12:52:37 --> Config file loaded: /hwonpark/www/application/config/tree.php
DEBUG - 2022-10-09 12:52:37 --> Encryption: Auto-configured driver 'openssl'.
DEBUG - 2022-10-09 12:52:37 --> Total execution time: 0.0432
DEBUG - 2022-10-09 12:52:38 --> UTF-8 Support Enabled
DEBUG - 2022-10-09 12:52:38 --> Global POST, GET and COOKIE data sanitized
DEBUG - 2022-10-09 12:52:38 --> Config file loaded: /hwonpark/www/application/config/tree.php
DEBUG - 2022-10-09 12:52:38 --> Encryption: Auto-configured driver 'openssl'.
DEBUG - 2022-10-09 12:52:38 --> Total execution time: 0.0763
DEBUG - 2022-10-09 12:53:49 --> UTF-8 Support Enabled
DEBUG - 2022-10-09 12:53:49 --> Global POST, GET and COOKIE data sanitized
DEBUG - 2022-10-09 12:53:49 --> Config file loaded: /hwonpark/www/application/config/tree.php
DEBUG - 2022-10-09 12:53:49 --> Encryption: Auto-configured driver 'openssl'.
