DEBUG - 2022-11-13 14:17:36 --> UTF-8 Support Enabled
DEBUG - 2022-11-13 14:17:36 --> No URI present. Default controller set.
DEBUG - 2022-11-13 14:17:36 --> Global POST, GET and COOKIE data sanitized
DEBUG - 2022-11-13 14:17:36 --> Config file loaded: /hwonpark/www/application/config/tree.php
DEBUG - 2022-11-13 14:17:36 --> Total execution time: 0.2591
DEBUG - 2022-11-13 14:17:37 --> UTF-8 Support Enabled
DEBUG - 2022-11-13 14:17:37 --> Global POST, GET and COOKIE data sanitized
ERROR - 2022-11-13 14:17:37 --> 404 Page Not Found: Faviconico/index
DEBUG - 2022-11-13 14:17:48 --> UTF-8 Support Enabled
DEBUG - 2022-11-13 14:17:48 --> No URI present. Default controller set.
DEBUG - 2022-11-13 14:17:48 --> Global POST, GET and COOKIE data sanitized
DEBUG - 2022-11-13 14:17:48 --> Config file loaded: /hwonpark/www/application/config/tree.php
DEBUG - 2022-11-13 14:17:48 --> Total execution time: 0.0931
DEBUG - 2022-11-13 14:17:53 --> UTF-8 Support Enabled
DEBUG - 2022-11-13 14:17:53 --> Global POST, GET and COOKIE data sanitized
ERROR - 2022-11-13 14:17:53 --> 404 Page Not Found: Faviconico/index
DEBUG - 2022-11-13 14:18:05 --> UTF-8 Support Enabled
DEBUG - 2022-11-13 14:18:05 --> Global POST, GET and COOKIE data sanitized
DEBUG - 2022-11-13 14:18:05 --> Config file loaded: /hwonpark/www/application/config/tree.php
DEBUG - 2022-11-13 14:18:05 --> Total execution time: 0.0779
DEBUG - 2022-11-13 14:18:10 --> UTF-8 Support Enabled
DEBUG - 2022-11-13 14:18:10 --> No URI present. Default controller set.
DEBUG - 2022-11-13 14:18:10 --> Global POST, GET and COOKIE data sanitized
DEBUG - 2022-11-13 14:18:10 --> Config file loaded: /hwonpark/www/application/config/tree.php
DEBUG - 2022-11-13 14:18:10 --> Total execution time: 0.0403
DEBUG - 2022-11-13 14:18:13 --> UTF-8 Support Enabled
DEBUG - 2022-11-13 14:18:13 --> No URI present. Default controller set.
DEBUG - 2022-11-13 14:18:13 --> Global POST, GET and COOKIE data sanitized
DEBUG - 2022-11-13 14:18:13 --> Config file loaded: /hwonpark/www/application/config/tree.php
DEBUG - 2022-11-13 14:18:13 --> Total execution time: 0.0305
DEBUG - 2022-11-13 14:18:14 --> UTF-8 Support Enabled
DEBUG - 2022-11-13 14:18:14 --> Global POST, GET and COOKIE data sanitized
ERROR - 2022-11-13 14:18:14 --> 404 Page Not Found: Faviconico/index
DEBUG - 2022-11-13 14:18:28 --> UTF-8 Support Enabled
DEBUG - 2022-11-13 14:18:28 --> No URI present. Default controller set.
DEBUG - 2022-11-13 14:18:28 --> Global POST, GET and COOKIE data sanitized
DEBUG - 2022-11-13 14:18:28 --> Config file loaded: /hwonpark/www/application/config/tree.php
DEBUG - 2022-11-13 14:18:28 --> Total execution time: 0.0300
DEBUG - 2022-11-13 14:18:29 --> UTF-8 Support Enabled
DEBUG - 2022-11-13 14:18:29 --> Global POST, GET and COOKIE data sanitized
ERROR - 2022-11-13 14:18:29 --> 404 Page Not Found: Faviconico/index
