DEBUG - 2022-05-29 08:49:39 --> UTF-8 Support Enabled
DEBUG - 2022-05-29 08:49:39 --> Global POST, GET and COOKIE data sanitized
DEBUG - 2022-05-29 08:49:39 --> Config file loaded: /hwonpark/www/application/config/tree.php
DEBUG - 2022-05-29 08:49:39 --> --------------------DC_common::chk_perm - 1.인가코드요청 시작 -> if 인앱브라우저
DEBUG - 2022-05-29 08:49:40 --> UTF-8 Support Enabled
DEBUG - 2022-05-29 08:49:40 --> Global POST, GET and COOKIE data sanitized
ERROR - 2022-05-29 08:49:40 --> 404 Page Not Found: Faviconico/index
DEBUG - 2022-05-29 08:49:45 --> UTF-8 Support Enabled
DEBUG - 2022-05-29 08:49:45 --> Global POST, GET and COOKIE data sanitized
DEBUG - 2022-05-29 08:49:45 --> Config file loaded: /hwonpark/www/application/config/tree.php
DEBUG - 2022-05-29 08:49:45 --> =================== DL_auth-> oauth::CALLBACK - 시작
DEBUG - 2022-05-29 08:49:45 --> =================== DL_auth-> oauth::CALLBACK - kakao param=:: error=
DEBUG - 2022-05-29 08:49:45 --> =================== DL_auth-> oauth::CALLBACK - kakao param=:: state=/ko/pr/view?idx=30
DEBUG - 2022-05-29 08:49:45 --> =================== DL_auth-> oauth::CALLBACK - kakao param=:: code=eF_3QzBMihMyajDXuIAF16w4v0pkTepnq3uv1Vh91gzEQVdq-KWekiS9hhBTn--pyoiuyAorDKYAAAGBDRNsZA
DEBUG - 2022-05-29 08:49:45 --> =================== DL_auth -> kakao oauth :2: code=eF_3QzBMihMyajDXuIAF16w4v0pkTepnq3uv1Vh91gzEQVdq-KWekiS9hhBTn--pyoiuyAorDKYAAAGBDRNsZA
DEBUG - 2022-05-29 08:49:45 --> ====================Dl_auth -> kakao_login :: 시작
DEBUG - 2022-05-29 08:49:45 --> --------------------Dl_auth::kakao_login - 1.토큰요청 시작
DEBUG - 2022-05-29 08:49:45 --> Dl_auth::kakao_login - get_token 시작 n=2
DEBUG - 2022-05-29 08:49:45 --> --------------------Dl_auth::kakao_login - 1.2.토큰요청 시작 -> 기타브라우저
DEBUG - 2022-05-29 08:49:45 --> --------------------Dl_auth::kakao_login - 1.3.토큰요청
DEBUG - 2022-05-29 08:49:45 --> --------------------Dl_auth::kakao_login - 1.4.토큰요청 -> 성공
DEBUG - 2022-05-29 08:49:46 --> UTF-8 Support Enabled
DEBUG - 2022-05-29 08:49:46 --> Global POST, GET and COOKIE data sanitized
DEBUG - 2022-05-29 08:49:46 --> Config file loaded: /hwonpark/www/application/config/tree.php
DEBUG - 2022-05-29 08:49:46 --> =================== DL_auth-> oauth::CALLBACK - 시작
DEBUG - 2022-05-29 08:49:46 --> =================== DL_auth-> oauth::CALLBACK - kakao param=:: error=
DEBUG - 2022-05-29 08:49:46 --> =================== DL_auth-> oauth::CALLBACK - kakao param=:: state=/ko/pr/view?idx=30
DEBUG - 2022-05-29 08:49:46 --> =================== DL_auth-> oauth::CALLBACK - kakao param=:: code=eF_3QzBMihMyajDXuIAF16w4v0pkTepnq3uv1Vh91gzEQVdq-KWekiS9hhBTn--pyoiuyAorDKYAAAGBDRNsZA
DEBUG - 2022-05-29 08:49:46 --> =================== DL_auth -> kakao oauth :2: code=eF_3QzBMihMyajDXuIAF16w4v0pkTepnq3uv1Vh91gzEQVdq-KWekiS9hhBTn--pyoiuyAorDKYAAAGBDRNsZA
DEBUG - 2022-05-29 08:49:46 --> ====================Dl_auth -> kakao_login :: 시작
DEBUG - 2022-05-29 08:49:47 --> UTF-8 Support Enabled
DEBUG - 2022-05-29 08:49:47 --> Global POST, GET and COOKIE data sanitized
DEBUG - 2022-05-29 08:49:47 --> Config file loaded: /hwonpark/www/application/config/tree.php
DEBUG - 2022-05-29 08:49:47 --> Total execution time: 0.0377
DEBUG - 2022-05-29 08:51:09 --> UTF-8 Support Enabled
DEBUG - 2022-05-29 08:51:09 --> Global POST, GET and COOKIE data sanitized
DEBUG - 2022-05-29 08:51:09 --> Config file loaded: /hwonpark/www/application/config/tree.php
DEBUG - 2022-05-29 08:51:09 --> =================== DL_auth-> oauth::CALLBACK - 시작
DEBUG - 2022-05-29 08:51:09 --> =================== DL_auth-> oauth::CALLBACK - kakao param=:: error=
DEBUG - 2022-05-29 08:51:09 --> =================== DL_auth-> oauth::CALLBACK - kakao param=:: state=/ko/pr/view?idx=30
DEBUG - 2022-05-29 08:51:09 --> =================== DL_auth-> oauth::CALLBACK - kakao param=:: code=HuAaQMTGxsvnN1K-yhz6cQtsd7AEwMyWPjAdHre1F-6BSl8QsXEJVyS99pMxOAvYgluRzQopb1UAAAGBDRSyoQ
DEBUG - 2022-05-29 08:51:09 --> =================== DL_auth -> kakao oauth :2: code=HuAaQMTGxsvnN1K-yhz6cQtsd7AEwMyWPjAdHre1F-6BSl8QsXEJVyS99pMxOAvYgluRzQopb1UAAAGBDRSyoQ
DEBUG - 2022-05-29 08:51:09 --> ====================Dl_auth -> kakao_login :: 시작
DEBUG - 2022-05-29 08:51:11 --> UTF-8 Support Enabled
DEBUG - 2022-05-29 08:51:11 --> Global POST, GET and COOKIE data sanitized
DEBUG - 2022-05-29 08:51:11 --> Config file loaded: /hwonpark/www/application/config/tree.php
DEBUG - 2022-05-29 08:51:11 --> Total execution time: 0.0709
DEBUG - 2022-05-29 08:51:11 --> UTF-8 Support Enabled
DEBUG - 2022-05-29 08:51:11 --> Global POST, GET and COOKIE data sanitized
DEBUG - 2022-05-29 08:51:11 --> Config file loaded: /hwonpark/www/application/config/tree.php
DEBUG - 2022-05-29 08:51:11 --> --------------------DC_common::chk_perm - 1.인가코드요청 시작 -> if 인앱브라우저
DEBUG - 2022-05-29 08:51:12 --> UTF-8 Support Enabled
DEBUG - 2022-05-29 08:51:12 --> Global POST, GET and COOKIE data sanitized
DEBUG - 2022-05-29 08:51:12 --> Config file loaded: /hwonpark/www/application/config/tree.php
DEBUG - 2022-05-29 08:51:12 --> =================== DL_auth-> oauth::CALLBACK - 시작
DEBUG - 2022-05-29 08:51:12 --> =================== DL_auth-> oauth::CALLBACK - kakao param=:: error=
DEBUG - 2022-05-29 08:51:12 --> =================== DL_auth-> oauth::CALLBACK - kakao param=:: state=/ko/pr/view?idx=30
DEBUG - 2022-05-29 08:51:12 --> =================== DL_auth-> oauth::CALLBACK - kakao param=:: code=cAXBZgTd1G0GFx38opNXcGsKxb9-v7G3qe0YJEp0jUWjs3B18POoLUctfwyyzbou_angtgopb1UAAAGBDRS9jQ
DEBUG - 2022-05-29 08:51:12 --> =================== DL_auth -> kakao oauth :2: code=cAXBZgTd1G0GFx38opNXcGsKxb9-v7G3qe0YJEp0jUWjs3B18POoLUctfwyyzbou_angtgopb1UAAAGBDRS9jQ
DEBUG - 2022-05-29 08:51:12 --> ====================Dl_auth -> kakao_login :: 시작
DEBUG - 2022-05-29 08:51:14 --> UTF-8 Support Enabled
DEBUG - 2022-05-29 08:51:14 --> Global POST, GET and COOKIE data sanitized
DEBUG - 2022-05-29 08:51:14 --> Config file loaded: /hwonpark/www/application/config/tree.php
DEBUG - 2022-05-29 08:51:14 --> Total execution time: 0.0281
DEBUG - 2022-05-29 08:51:20 --> UTF-8 Support Enabled
DEBUG - 2022-05-29 08:51:20 --> Global POST, GET and COOKIE data sanitized
DEBUG - 2022-05-29 08:51:20 --> Config file loaded: /hwonpark/www/application/config/tree.php
DEBUG - 2022-05-29 08:51:20 --> --------------------DC_common::chk_perm - 1.인가코드요청 시작 -> if 인앱브라우저
DEBUG - 2022-05-29 08:51:21 --> UTF-8 Support Enabled
DEBUG - 2022-05-29 08:51:21 --> Global POST, GET and COOKIE data sanitized
DEBUG - 2022-05-29 08:51:21 --> Config file loaded: /hwonpark/www/application/config/tree.php
DEBUG - 2022-05-29 08:51:21 --> =================== DL_auth-> oauth::CALLBACK - 시작
DEBUG - 2022-05-29 08:51:21 --> =================== DL_auth-> oauth::CALLBACK - kakao param=:: error=
DEBUG - 2022-05-29 08:51:21 --> =================== DL_auth-> oauth::CALLBACK - kakao param=:: state=/ko/pr/view?idx=30
DEBUG - 2022-05-29 08:51:21 --> =================== DL_auth-> oauth::CALLBACK - kakao param=:: code=JnKjVKCwfyQu1nd7iDtehJaAuIEn4jW7h2AUv_pslpF25avmreS3EJTDzwsmeuiwR843TAopb1UAAAGBDRThLQ
DEBUG - 2022-05-29 08:51:21 --> =================== DL_auth -> kakao oauth :2: code=JnKjVKCwfyQu1nd7iDtehJaAuIEn4jW7h2AUv_pslpF25avmreS3EJTDzwsmeuiwR843TAopb1UAAAGBDRThLQ
DEBUG - 2022-05-29 08:51:21 --> ====================Dl_auth -> kakao_login :: 시작
DEBUG - 2022-05-29 08:51:21 --> UTF-8 Support Enabled
DEBUG - 2022-05-29 08:51:21 --> Global POST, GET and COOKIE data sanitized
DEBUG - 2022-05-29 08:51:21 --> Config file loaded: /hwonpark/www/application/config/tree.php
DEBUG - 2022-05-29 08:51:21 --> --------------------DC_common::chk_perm - 1.인가코드요청 시작 -> if 인앱브라우저
DEBUG - 2022-05-29 08:51:22 --> UTF-8 Support Enabled
DEBUG - 2022-05-29 08:51:22 --> Global POST, GET and COOKIE data sanitized
DEBUG - 2022-05-29 08:51:22 --> Config file loaded: /hwonpark/www/application/config/tree.php
DEBUG - 2022-05-29 08:51:22 --> Total execution time: 0.0270
DEBUG - 2022-05-29 08:51:26 --> UTF-8 Support Enabled
DEBUG - 2022-05-29 08:51:26 --> Global POST, GET and COOKIE data sanitized
DEBUG - 2022-05-29 08:51:26 --> Config file loaded: /hwonpark/www/application/config/tree.php
DEBUG - 2022-05-29 08:51:26 --> --------------------DC_common::chk_perm - 1.인가코드요청 시작 -> if 인앱브라우저
DEBUG - 2022-05-29 08:51:26 --> UTF-8 Support Enabled
DEBUG - 2022-05-29 08:51:26 --> Global POST, GET and COOKIE data sanitized
DEBUG - 2022-05-29 08:51:26 --> Config file loaded: /hwonpark/www/application/config/tree.php
DEBUG - 2022-05-29 08:51:26 --> =================== DL_auth-> oauth::CALLBACK - 시작
DEBUG - 2022-05-29 08:51:26 --> =================== DL_auth-> oauth::CALLBACK - kakao param=:: error=
DEBUG - 2022-05-29 08:51:26 --> =================== DL_auth-> oauth::CALLBACK - kakao param=:: state=/ko/pr/view?idx=30
DEBUG - 2022-05-29 08:51:26 --> =================== DL_auth-> oauth::CALLBACK - kakao param=:: code=xfu4cGbez1mQsrxQxMYKkaA3Raq5BfkXaLYPQAd2DuWp9WKqIEjZ6npEr6Eoe5vfPZqGfgopb1UAAAGBDRT2xA
DEBUG - 2022-05-29 08:51:26 --> =================== DL_auth -> kakao oauth :2: code=xfu4cGbez1mQsrxQxMYKkaA3Raq5BfkXaLYPQAd2DuWp9WKqIEjZ6npEr6Eoe5vfPZqGfgopb1UAAAGBDRT2xA
DEBUG - 2022-05-29 08:51:26 --> ====================Dl_auth -> kakao_login :: 시작
DEBUG - 2022-05-29 09:01:06 --> UTF-8 Support Enabled
DEBUG - 2022-05-29 09:01:06 --> Global POST, GET and COOKIE data sanitized
DEBUG - 2022-05-29 09:01:06 --> Config file loaded: /hwonpark/www/application/config/tree.php
DEBUG - 2022-05-29 09:01:06 --> --------------------DC_common::chk_perm - 1.인가코드요청 시작 -> if 인앱브라우저
DEBUG - 2022-05-29 09:01:06 --> UTF-8 Support Enabled
DEBUG - 2022-05-29 09:01:06 --> Global POST, GET and COOKIE data sanitized
ERROR - 2022-05-29 09:01:06 --> 404 Page Not Found: Faviconico/index
DEBUG - 2022-05-29 09:01:06 --> UTF-8 Support Enabled
DEBUG - 2022-05-29 09:01:06 --> Global POST, GET and COOKIE data sanitized
DEBUG - 2022-05-29 09:01:06 --> Config file loaded: /hwonpark/www/application/config/tree.php
DEBUG - 2022-05-29 09:01:06 --> =================== DL_auth-> oauth::CALLBACK - 시작
DEBUG - 2022-05-29 09:01:06 --> =================== DL_auth-> oauth::CALLBACK - kakao param=:: error=
DEBUG - 2022-05-29 09:01:06 --> =================== DL_auth-> oauth::CALLBACK - kakao param=:: state=/ko/pr/view?idx=30
DEBUG - 2022-05-29 09:01:06 --> =================== DL_auth-> oauth::CALLBACK - kakao param=:: code=YauM394UY7ccHmT1oIp4US8pTcMeTkD9H-7fV9X_lVpmCotwuS-HIAAXhQIH0DL5zfAizAopyNoAAAGBDR3Qqw
DEBUG - 2022-05-29 09:01:06 --> =================== DL_auth -> kakao oauth :2: code=YauM394UY7ccHmT1oIp4US8pTcMeTkD9H-7fV9X_lVpmCotwuS-HIAAXhQIH0DL5zfAizAopyNoAAAGBDR3Qqw
DEBUG - 2022-05-29 09:01:06 --> ====================Dl_auth -> kakao_login :: 시작
DEBUG - 2022-05-29 09:01:08 --> UTF-8 Support Enabled
DEBUG - 2022-05-29 09:01:08 --> Global POST, GET and COOKIE data sanitized
DEBUG - 2022-05-29 09:01:08 --> Config file loaded: /hwonpark/www/application/config/tree.php
DEBUG - 2022-05-29 09:01:08 --> Total execution time: 0.0274
DEBUG - 2022-05-29 09:01:36 --> UTF-8 Support Enabled
DEBUG - 2022-05-29 09:01:36 --> Global POST, GET and COOKIE data sanitized
DEBUG - 2022-05-29 09:01:36 --> Session class already loaded. Second attempt ignored.
DEBUG - 2022-05-29 09:01:36 --> Total execution time: 0.0165
DEBUG - 2022-05-29 09:01:37 --> UTF-8 Support Enabled
DEBUG - 2022-05-29 09:01:37 --> Global POST, GET and COOKIE data sanitized
DEBUG - 2022-05-29 09:01:37 --> Config file loaded: /hwonpark/www/application/config/tree.php
DEBUG - 2022-05-29 09:01:37 --> =================== DL_auth-> oauth::CALLBACK - 시작
DEBUG - 2022-05-29 09:01:37 --> =================== DL_auth-> oauth::CALLBACK - kakao param=:: error=
DEBUG - 2022-05-29 09:01:37 --> =================== DL_auth-> oauth::CALLBACK - kakao param=:: state=
DEBUG - 2022-05-29 09:01:37 --> =================== DL_auth-> oauth::CALLBACK - kakao param=:: code=drtlhVxkc4LaI_yeNlODTqduDVE4I67noxgvZlK5mj0QhGGtN6jOaA5KHQF8SD3dcJwcfwo9dGgAAAGBDR5Hlw
DEBUG - 2022-05-29 09:01:37 --> =================== DL_auth -> kakao oauth :2: code=drtlhVxkc4LaI_yeNlODTqduDVE4I67noxgvZlK5mj0QhGGtN6jOaA5KHQF8SD3dcJwcfwo9dGgAAAGBDR5Hlw
DEBUG - 2022-05-29 09:01:37 --> ====================Dl_auth -> kakao_login :: 시작
DEBUG - 2022-05-29 09:01:37 --> UTF-8 Support Enabled
DEBUG - 2022-05-29 09:01:37 --> Global POST, GET and COOKIE data sanitized
DEBUG - 2022-05-29 09:01:37 --> Config file loaded: /hwonpark/www/application/config/tree.php
DEBUG - 2022-05-29 09:01:37 --> =================== DL_auth -> joinForm :: 시작
DEBUG - 2022-05-29 09:01:37 --> =================== DL_auth -> joinForm :: 끝
DEBUG - 2022-05-29 09:01:37 --> Total execution time: 0.0527
DEBUG - 2022-05-29 09:01:48 --> UTF-8 Support Enabled
DEBUG - 2022-05-29 09:01:48 --> Global POST, GET and COOKIE data sanitized
DEBUG - 2022-05-29 09:01:48 --> Config file loaded: /hwonpark/www/application/config/tree.php
DEBUG - 2022-05-29 09:01:48 --> Total execution time: 0.0272
DEBUG - 2022-05-29 09:01:49 --> UTF-8 Support Enabled
DEBUG - 2022-05-29 09:01:49 --> Global POST, GET and COOKIE data sanitized
DEBUG - 2022-05-29 09:01:49 --> Config file loaded: /hwonpark/www/application/config/tree.php
DEBUG - 2022-05-29 09:01:49 --> --------------------DC_common::chk_perm - 1.인가코드요청 시작 -> if 인앱브라우저
DEBUG - 2022-05-29 09:01:49 --> UTF-8 Support Enabled
DEBUG - 2022-05-29 09:01:49 --> Global POST, GET and COOKIE data sanitized
DEBUG - 2022-05-29 09:01:49 --> Config file loaded: /hwonpark/www/application/config/tree.php
DEBUG - 2022-05-29 09:01:49 --> =================== DL_auth-> oauth::CALLBACK - 시작
DEBUG - 2022-05-29 09:01:49 --> =================== DL_auth-> oauth::CALLBACK - kakao param=:: error=
DEBUG - 2022-05-29 09:01:49 --> =================== DL_auth-> oauth::CALLBACK - kakao param=:: state=/ko/pr/view?idx=30
DEBUG - 2022-05-29 09:01:49 --> =================== DL_auth-> oauth::CALLBACK - kakao param=:: code=e8KAUdW_HikQPo7ymQ3NdFm4C92lvLv6GLj3W-fB_RpKR3WYqTs5IH2Wk0O15ZLXk4OCbwo9dGgAAAGBDR53WA
DEBUG - 2022-05-29 09:01:49 --> =================== DL_auth -> kakao oauth :2: code=e8KAUdW_HikQPo7ymQ3NdFm4C92lvLv6GLj3W-fB_RpKR3WYqTs5IH2Wk0O15ZLXk4OCbwo9dGgAAAGBDR53WA
DEBUG - 2022-05-29 09:01:49 --> ====================Dl_auth -> kakao_login :: 시작
DEBUG - 2022-05-29 09:01:49 --> UTF-8 Support Enabled
DEBUG - 2022-05-29 09:01:49 --> Global POST, GET and COOKIE data sanitized
DEBUG - 2022-05-29 09:01:49 --> Config file loaded: /hwonpark/www/application/config/tree.php
DEBUG - 2022-05-29 09:01:49 --> =================== DL_auth -> joinForm :: 시작
DEBUG - 2022-05-29 09:01:49 --> =================== DL_auth -> joinForm :: 끝
DEBUG - 2022-05-29 09:01:49 --> Total execution time: 0.0601
DEBUG - 2022-05-29 09:01:51 --> UTF-8 Support Enabled
DEBUG - 2022-05-29 09:01:51 --> Global POST, GET and COOKIE data sanitized
DEBUG - 2022-05-29 09:01:51 --> Config file loaded: /hwonpark/www/application/config/tree.php
DEBUG - 2022-05-29 09:01:51 --> --------------------DC_common::chk_perm - 1.인가코드요청 시작 -> if 인앱브라우저
DEBUG - 2022-05-29 10:58:30 --> UTF-8 Support Enabled
DEBUG - 2022-05-29 10:58:30 --> Global POST, GET and COOKIE data sanitized
ERROR - 2022-05-29 10:58:30 --> 404 Page Not Found: Wp-classphp/index
DEBUG - 2022-05-29 10:59:16 --> UTF-8 Support Enabled
DEBUG - 2022-05-29 10:59:16 --> Global POST, GET and COOKIE data sanitized
ERROR - 2022-05-29 10:59:16 --> 404 Page Not Found: Wordpress/wp-class.php
DEBUG - 2022-05-29 11:00:01 --> UTF-8 Support Enabled
DEBUG - 2022-05-29 11:00:01 --> Global POST, GET and COOKIE data sanitized
ERROR - 2022-05-29 11:00:01 --> 404 Page Not Found: Site/wp-class.php
DEBUG - 2022-05-29 11:00:36 --> UTF-8 Support Enabled
DEBUG - 2022-05-29 11:00:36 --> Global POST, GET and COOKIE data sanitized
ERROR - 2022-05-29 11:00:36 --> 404 Page Not Found: Wp-content/index.php
DEBUG - 2022-05-29 11:01:14 --> UTF-8 Support Enabled
DEBUG - 2022-05-29 11:01:14 --> Global POST, GET and COOKIE data sanitized
ERROR - 2022-05-29 11:01:14 --> 404 Page Not Found: Wp-includes/wp-class.php
DEBUG - 2022-05-29 11:01:57 --> UTF-8 Support Enabled
DEBUG - 2022-05-29 11:01:57 --> Global POST, GET and COOKIE data sanitized
ERROR - 2022-05-29 11:01:57 --> 404 Page Not Found: Wp/wp-includes
DEBUG - 2022-05-29 11:02:22 --> UTF-8 Support Enabled
DEBUG - 2022-05-29 11:02:22 --> Global POST, GET and COOKIE data sanitized
ERROR - 2022-05-29 11:02:22 --> 404 Page Not Found: Wordpress/wp-includes
DEBUG - 2022-05-29 11:03:16 --> UTF-8 Support Enabled
DEBUG - 2022-05-29 11:03:16 --> Global POST, GET and COOKIE data sanitized
ERROR - 2022-05-29 11:03:16 --> 404 Page Not Found: Blog/wp-class.php
DEBUG - 2022-05-29 23:02:24 --> UTF-8 Support Enabled
DEBUG - 2022-05-29 23:02:24 --> No URI present. Default controller set.
DEBUG - 2022-05-29 23:02:24 --> Global POST, GET and COOKIE data sanitized
DEBUG - 2022-05-29 23:02:24 --> Config file loaded: /hwonpark/www/application/config/tree.php
DEBUG - 2022-05-29 23:02:24 --> Total execution time: 0.2400
DEBUG - 2022-05-29 23:02:25 --> UTF-8 Support Enabled
DEBUG - 2022-05-29 23:02:25 --> Global POST, GET and COOKIE data sanitized
ERROR - 2022-05-29 23:02:25 --> 404 Page Not Found: Faviconico/index
DEBUG - 2022-05-29 23:02:34 --> UTF-8 Support Enabled
DEBUG - 2022-05-29 23:02:34 --> Global POST, GET and COOKIE data sanitized
DEBUG - 2022-05-29 23:02:34 --> Config file loaded: /hwonpark/www/application/config/tree.php
DEBUG - 2022-05-29 23:02:34 --> Total execution time: 0.0682
DEBUG - 2022-05-29 23:02:41 --> UTF-8 Support Enabled
DEBUG - 2022-05-29 23:02:41 --> Global POST, GET and COOKIE data sanitized
DEBUG - 2022-05-29 23:02:41 --> Config file loaded: /hwonpark/www/application/config/tree.php
DEBUG - 2022-05-29 23:02:41 --> Total execution time: 0.0558
DEBUG - 2022-05-29 23:02:48 --> UTF-8 Support Enabled
DEBUG - 2022-05-29 23:02:48 --> Global POST, GET and COOKIE data sanitized
DEBUG - 2022-05-29 23:02:48 --> Config file loaded: /hwonpark/www/application/config/tree.php
DEBUG - 2022-05-29 23:02:48 --> Total execution time: 0.0574
DEBUG - 2022-05-29 23:03:29 --> UTF-8 Support Enabled
DEBUG - 2022-05-29 23:03:29 --> Global POST, GET and COOKIE data sanitized
DEBUG - 2022-05-29 23:03:29 --> Config file loaded: /hwonpark/www/application/config/tree.php
DEBUG - 2022-05-29 23:03:29 --> Total execution time: 0.0342
DEBUG - 2022-05-29 23:03:37 --> UTF-8 Support Enabled
DEBUG - 2022-05-29 23:03:37 --> Global POST, GET and COOKIE data sanitized
DEBUG - 2022-05-29 23:03:37 --> Config file loaded: /hwonpark/www/application/config/tree.php
DEBUG - 2022-05-29 23:03:37 --> Total execution time: 0.0303
DEBUG - 2022-05-29 23:03:42 --> UTF-8 Support Enabled
DEBUG - 2022-05-29 23:03:42 --> No URI present. Default controller set.
DEBUG - 2022-05-29 23:03:42 --> Global POST, GET and COOKIE data sanitized
DEBUG - 2022-05-29 23:03:42 --> Config file loaded: /hwonpark/www/application/config/tree.php
DEBUG - 2022-05-29 23:03:42 --> Total execution time: 0.0316
DEBUG - 2022-05-29 23:04:30 --> UTF-8 Support Enabled
DEBUG - 2022-05-29 23:04:30 --> Global POST, GET and COOKIE data sanitized
DEBUG - 2022-05-29 23:04:30 --> Config file loaded: /hwonpark/www/application/config/tree.php
DEBUG - 2022-05-29 23:04:30 --> Total execution time: 0.0630
DEBUG - 2022-05-29 23:04:42 --> UTF-8 Support Enabled
DEBUG - 2022-05-29 23:04:42 --> Global POST, GET and COOKIE data sanitized
DEBUG - 2022-05-29 23:04:42 --> Config file loaded: /hwonpark/www/application/config/tree.php
DEBUG - 2022-05-29 23:04:42 --> Total execution time: 0.0402
DEBUG - 2022-05-29 23:04:49 --> UTF-8 Support Enabled
DEBUG - 2022-05-29 23:04:49 --> Global POST, GET and COOKIE data sanitized
DEBUG - 2022-05-29 23:04:49 --> Config file loaded: /hwonpark/www/application/config/tree.php
DEBUG - 2022-05-29 23:04:49 --> Total execution time: 0.0319
DEBUG - 2022-05-29 23:04:49 --> UTF-8 Support Enabled
DEBUG - 2022-05-29 23:04:49 --> No URI present. Default controller set.
DEBUG - 2022-05-29 23:04:49 --> Global POST, GET and COOKIE data sanitized
DEBUG - 2022-05-29 23:04:49 --> Config file loaded: /hwonpark/www/application/config/tree.php
DEBUG - 2022-05-29 23:04:49 --> Total execution time: 0.0533
DEBUG - 2022-05-29 23:05:10 --> UTF-8 Support Enabled
DEBUG - 2022-05-29 23:05:10 --> No URI present. Default controller set.
DEBUG - 2022-05-29 23:05:10 --> Global POST, GET and COOKIE data sanitized
DEBUG - 2022-05-29 23:05:10 --> Config file loaded: /hwonpark/www/application/config/tree.php
DEBUG - 2022-05-29 23:05:10 --> Total execution time: 0.0398
DEBUG - 2022-05-29 23:05:18 --> UTF-8 Support Enabled
DEBUG - 2022-05-29 23:05:18 --> Global POST, GET and COOKIE data sanitized
DEBUG - 2022-05-29 23:05:18 --> Config file loaded: /hwonpark/www/application/config/tree.php
DEBUG - 2022-05-29 23:05:18 --> Total execution time: 0.0473
DEBUG - 2022-05-29 23:05:20 --> UTF-8 Support Enabled
DEBUG - 2022-05-29 23:05:20 --> Global POST, GET and COOKIE data sanitized
DEBUG - 2022-05-29 23:05:20 --> Config file loaded: /hwonpark/www/application/config/tree.php
DEBUG - 2022-05-29 23:05:20 --> =================== DL_auth-> oauth::CALLBACK - 시작
DEBUG - 2022-05-29 23:05:20 --> =================== DL_auth-> oauth::CALLBACK - kakao param=:: error=
DEBUG - 2022-05-29 23:05:20 --> =================== DL_auth-> oauth::CALLBACK - kakao param=:: state=
DEBUG - 2022-05-29 23:05:20 --> =================== DL_auth-> oauth::CALLBACK - kakao param=:: code=F8jZ3oW7vIWd39RM8u4V4cZ77Lbbpjti903f6QgBgpPRy9AQuBgIrW6aRMa5doZ8z-ZgsQorDR8AAAGBECK4Tg
DEBUG - 2022-05-29 23:05:20 --> =================== DL_auth -> kakao oauth :2: code=F8jZ3oW7vIWd39RM8u4V4cZ77Lbbpjti903f6QgBgpPRy9AQuBgIrW6aRMa5doZ8z-ZgsQorDR8AAAGBECK4Tg
DEBUG - 2022-05-29 23:05:20 --> ====================Dl_auth -> kakao_login :: 시작
DEBUG - 2022-05-29 23:05:20 --> --------------------Dl_auth::kakao_login - 1.토큰요청 시작
DEBUG - 2022-05-29 23:05:20 --> Dl_auth::kakao_login - get_token 시작 n=2
DEBUG - 2022-05-29 23:05:20 --> --------------------Dl_auth::kakao_login - 1.2.토큰요청 시작 -> 기타브라우저
DEBUG - 2022-05-29 23:05:20 --> --------------------Dl_auth::kakao_login - 1.3.토큰요청
DEBUG - 2022-05-29 23:05:20 --> --------------------Dl_auth::kakao_login - 1.4.토큰요청 -> 성공
DEBUG - 2022-05-29 23:05:20 --> UTF-8 Support Enabled
DEBUG - 2022-05-29 23:05:20 --> Global POST, GET and COOKIE data sanitized
DEBUG - 2022-05-29 23:05:20 --> Config file loaded: /hwonpark/www/application/config/tree.php
DEBUG - 2022-05-29 23:05:20 --> =================== DL_auth-> oauth::CALLBACK - 시작
DEBUG - 2022-05-29 23:05:20 --> =================== DL_auth-> oauth::CALLBACK - kakao param=:: error=
DEBUG - 2022-05-29 23:05:20 --> =================== DL_auth-> oauth::CALLBACK - kakao param=:: state=
DEBUG - 2022-05-29 23:05:20 --> =================== DL_auth-> oauth::CALLBACK - kakao param=:: code=F8jZ3oW7vIWd39RM8u4V4cZ77Lbbpjti903f6QgBgpPRy9AQuBgIrW6aRMa5doZ8z-ZgsQorDR8AAAGBECK4Tg
DEBUG - 2022-05-29 23:05:20 --> =================== DL_auth -> kakao oauth :2: code=F8jZ3oW7vIWd39RM8u4V4cZ77Lbbpjti903f6QgBgpPRy9AQuBgIrW6aRMa5doZ8z-ZgsQorDR8AAAGBECK4Tg
DEBUG - 2022-05-29 23:05:20 --> ====================Dl_auth -> kakao_login :: 시작
DEBUG - 2022-05-29 23:05:22 --> UTF-8 Support Enabled
DEBUG - 2022-05-29 23:05:22 --> Global POST, GET and COOKIE data sanitized
DEBUG - 2022-05-29 23:05:22 --> Config file loaded: /hwonpark/www/application/config/tree.php
DEBUG - 2022-05-29 23:05:22 --> Total execution time: 0.0312
DEBUG - 2022-05-29 23:05:30 --> UTF-8 Support Enabled
DEBUG - 2022-05-29 23:05:30 --> Global POST, GET and COOKIE data sanitized
DEBUG - 2022-05-29 23:05:30 --> Session class already loaded. Second attempt ignored.
DEBUG - 2022-05-29 23:05:30 --> Total execution time: 0.0450
DEBUG - 2022-05-29 23:05:31 --> UTF-8 Support Enabled
DEBUG - 2022-05-29 23:05:31 --> Global POST, GET and COOKIE data sanitized
DEBUG - 2022-05-29 23:05:31 --> Config file loaded: /hwonpark/www/application/config/tree.php
DEBUG - 2022-05-29 23:05:31 --> =================== DL_auth-> oauth::CALLBACK - 시작
DEBUG - 2022-05-29 23:05:31 --> =================== DL_auth-> oauth::CALLBACK - kakao param=:: error=
DEBUG - 2022-05-29 23:05:31 --> =================== DL_auth-> oauth::CALLBACK - kakao param=:: state=
DEBUG - 2022-05-29 23:05:31 --> =================== DL_auth-> oauth::CALLBACK - kakao param=:: code=uxyLy_vb6W4fRrlKaEoV5bsUp4tOv3SilduBamTIb9pzJf75v3oL233o7EHZPZYqWaT7lgopcBQAAAGBECLipA
DEBUG - 2022-05-29 23:05:31 --> =================== DL_auth -> kakao oauth :2: code=uxyLy_vb6W4fRrlKaEoV5bsUp4tOv3SilduBamTIb9pzJf75v3oL233o7EHZPZYqWaT7lgopcBQAAAGBECLipA
DEBUG - 2022-05-29 23:05:31 --> ====================Dl_auth -> kakao_login :: 시작
DEBUG - 2022-05-29 23:05:31 --> UTF-8 Support Enabled
DEBUG - 2022-05-29 23:05:31 --> Global POST, GET and COOKIE data sanitized
DEBUG - 2022-05-29 23:05:31 --> Config file loaded: /hwonpark/www/application/config/tree.php
DEBUG - 2022-05-29 23:05:31 --> =================== DL_auth -> joinForm :: 시작
DEBUG - 2022-05-29 23:05:31 --> =================== DL_auth -> joinForm :: 끝
DEBUG - 2022-05-29 23:05:31 --> Total execution time: 0.0380
DEBUG - 2022-05-29 23:05:43 --> UTF-8 Support Enabled
DEBUG - 2022-05-29 23:05:43 --> Global POST, GET and COOKIE data sanitized
DEBUG - 2022-05-29 23:05:43 --> Config file loaded: /hwonpark/www/application/config/tree.php
DEBUG - 2022-05-29 23:05:43 --> ====================Dl_auth -> signup :: 시작
DEBUG - 2022-05-29 23:05:43 --> Encryption: Auto-configured driver 'openssl'.
DEBUG - 2022-05-29 23:05:44 --> UTF-8 Support Enabled
DEBUG - 2022-05-29 23:05:44 --> No URI present. Default controller set.
DEBUG - 2022-05-29 23:05:44 --> Global POST, GET and COOKIE data sanitized
DEBUG - 2022-05-29 23:05:44 --> Config file loaded: /hwonpark/www/application/config/tree.php
DEBUG - 2022-05-29 23:05:44 --> Encryption: Auto-configured driver 'openssl'.
DEBUG - 2022-05-29 23:05:44 --> Total execution time: 0.0317
DEBUG - 2022-05-29 23:05:56 --> UTF-8 Support Enabled
DEBUG - 2022-05-29 23:05:56 --> No URI present. Default controller set.
DEBUG - 2022-05-29 23:05:56 --> Global POST, GET and COOKIE data sanitized
DEBUG - 2022-05-29 23:05:56 --> Config file loaded: /hwonpark/www/application/config/tree.php
DEBUG - 2022-05-29 23:05:57 --> Encryption: Auto-configured driver 'openssl'.
DEBUG - 2022-05-29 23:05:57 --> Total execution time: 0.0265
DEBUG - 2022-05-29 23:05:57 --> UTF-8 Support Enabled
DEBUG - 2022-05-29 23:05:57 --> Global POST, GET and COOKIE data sanitized
ERROR - 2022-05-29 23:05:57 --> 404 Page Not Found: Faviconico/index
DEBUG - 2022-05-29 23:06:02 --> UTF-8 Support Enabled
DEBUG - 2022-05-29 23:06:02 --> Global POST, GET and COOKIE data sanitized
DEBUG - 2022-05-29 23:06:02 --> Config file loaded: /hwonpark/www/application/config/tree.php
DEBUG - 2022-05-29 23:06:02 --> Encryption: Auto-configured driver 'openssl'.
DEBUG - 2022-05-29 23:06:02 --> Total execution time: 0.0200
DEBUG - 2022-05-29 23:06:05 --> UTF-8 Support Enabled
DEBUG - 2022-05-29 23:06:05 --> Global POST, GET and COOKIE data sanitized
DEBUG - 2022-05-29 23:06:05 --> Config file loaded: /hwonpark/www/application/config/tree.php
DEBUG - 2022-05-29 23:06:05 --> Encryption: Auto-configured driver 'openssl'.
DEBUG - 2022-05-29 23:06:05 --> Total execution time: 0.0173
DEBUG - 2022-05-29 23:06:12 --> UTF-8 Support Enabled
DEBUG - 2022-05-29 23:06:12 --> Global POST, GET and COOKIE data sanitized
DEBUG - 2022-05-29 23:06:12 --> Config file loaded: /hwonpark/www/application/config/tree.php
DEBUG - 2022-05-29 23:06:12 --> Encryption: Auto-configured driver 'openssl'.
DEBUG - 2022-05-29 23:06:12 --> Total execution time: 0.0260
DEBUG - 2022-05-29 23:06:18 --> UTF-8 Support Enabled
DEBUG - 2022-05-29 23:06:18 --> Global POST, GET and COOKIE data sanitized
DEBUG - 2022-05-29 23:06:18 --> Config file loaded: /hwonpark/www/application/config/tree.php
DEBUG - 2022-05-29 23:06:18 --> Encryption: Auto-configured driver 'openssl'.
DEBUG - 2022-05-29 23:06:18 --> Total execution time: 0.0190
DEBUG - 2022-05-29 23:06:28 --> UTF-8 Support Enabled
DEBUG - 2022-05-29 23:06:28 --> Global POST, GET and COOKIE data sanitized
DEBUG - 2022-05-29 23:06:28 --> Config file loaded: /hwonpark/www/application/config/tree.php
DEBUG - 2022-05-29 23:06:28 --> Encryption: Auto-configured driver 'openssl'.
DEBUG - 2022-05-29 23:06:28 --> Total execution time: 0.0318
DEBUG - 2022-05-29 23:06:31 --> UTF-8 Support Enabled
DEBUG - 2022-05-29 23:06:31 --> Global POST, GET and COOKIE data sanitized
DEBUG - 2022-05-29 23:06:31 --> Config file loaded: /hwonpark/www/application/config/tree.php
DEBUG - 2022-05-29 23:06:31 --> Encryption: Auto-configured driver 'openssl'.
DEBUG - 2022-05-29 23:06:31 --> Total execution time: 0.0208
DEBUG - 2022-05-29 23:06:34 --> UTF-8 Support Enabled
DEBUG - 2022-05-29 23:06:34 --> Global POST, GET and COOKIE data sanitized
DEBUG - 2022-05-29 23:06:34 --> Config file loaded: /hwonpark/www/application/config/tree.php
DEBUG - 2022-05-29 23:06:34 --> Encryption: Auto-configured driver 'openssl'.
DEBUG - 2022-05-29 23:06:34 --> Total execution time: 0.0606
DEBUG - 2022-05-29 23:06:40 --> UTF-8 Support Enabled
DEBUG - 2022-05-29 23:06:40 --> Global POST, GET and COOKIE data sanitized
DEBUG - 2022-05-29 23:06:40 --> Total execution time: 0.0132
DEBUG - 2022-05-29 23:06:41 --> UTF-8 Support Enabled
DEBUG - 2022-05-29 23:06:41 --> Global POST, GET and COOKIE data sanitized
DEBUG - 2022-05-29 23:06:41 --> Config file loaded: /hwonpark/www/application/config/tree.php
DEBUG - 2022-05-29 23:06:41 --> Encryption: Auto-configured driver 'openssl'.
DEBUG - 2022-05-29 23:06:41 --> Total execution time: 0.0164
DEBUG - 2022-05-29 23:06:43 --> UTF-8 Support Enabled
DEBUG - 2022-05-29 23:06:43 --> Global POST, GET and COOKIE data sanitized
DEBUG - 2022-05-29 23:06:43 --> Total execution time: 0.0147
DEBUG - 2022-05-29 23:06:47 --> UTF-8 Support Enabled
DEBUG - 2022-05-29 23:06:47 --> Global POST, GET and COOKIE data sanitized
DEBUG - 2022-05-29 23:06:47 --> Config file loaded: /hwonpark/www/application/config/tree.php
DEBUG - 2022-05-29 23:06:47 --> Encryption: Auto-configured driver 'openssl'.
DEBUG - 2022-05-29 23:06:47 --> Total execution time: 0.0172
DEBUG - 2022-05-29 23:06:49 --> UTF-8 Support Enabled
DEBUG - 2022-05-29 23:06:49 --> Global POST, GET and COOKIE data sanitized
DEBUG - 2022-05-29 23:06:49 --> Total execution time: 0.0118
DEBUG - 2022-05-29 23:06:54 --> UTF-8 Support Enabled
DEBUG - 2022-05-29 23:06:54 --> Global POST, GET and COOKIE data sanitized
DEBUG - 2022-05-29 23:06:54 --> Config file loaded: /hwonpark/www/application/config/tree.php
DEBUG - 2022-05-29 23:06:54 --> Encryption: Auto-configured driver 'openssl'.
DEBUG - 2022-05-29 23:06:54 --> Total execution time: 0.0199
DEBUG - 2022-05-29 23:07:00 --> UTF-8 Support Enabled
DEBUG - 2022-05-29 23:07:00 --> Global POST, GET and COOKIE data sanitized
DEBUG - 2022-05-29 23:07:00 --> Config file loaded: /hwonpark/www/application/config/tree.php
DEBUG - 2022-05-29 23:07:00 --> Encryption: Auto-configured driver 'openssl'.
DEBUG - 2022-05-29 23:07:00 --> Total execution time: 0.0436
DEBUG - 2022-05-29 23:07:00 --> UTF-8 Support Enabled
DEBUG - 2022-05-29 23:07:00 --> No URI present. Default controller set.
DEBUG - 2022-05-29 23:07:00 --> Global POST, GET and COOKIE data sanitized
DEBUG - 2022-05-29 23:07:00 --> Config file loaded: /hwonpark/www/application/config/tree.php
DEBUG - 2022-05-29 23:07:00 --> Encryption: Auto-configured driver 'openssl'.
DEBUG - 2022-05-29 23:07:00 --> Total execution time: 0.0273
DEBUG - 2022-05-29 23:07:10 --> UTF-8 Support Enabled
DEBUG - 2022-05-29 23:07:10 --> Global POST, GET and COOKIE data sanitized
DEBUG - 2022-05-29 23:07:10 --> Config file loaded: /hwonpark/www/application/config/tree.php
DEBUG - 2022-05-29 23:07:10 --> Encryption: Auto-configured driver 'openssl'.
ERROR - 2022-05-29 23:07:10 --> 404 Page Not Found: ERROR : idx is wrong
DEBUG - 2022-05-29 23:07:13 --> UTF-8 Support Enabled
DEBUG - 2022-05-29 23:07:13 --> No URI present. Default controller set.
DEBUG - 2022-05-29 23:07:13 --> Global POST, GET and COOKIE data sanitized
DEBUG - 2022-05-29 23:07:13 --> Config file loaded: /hwonpark/www/application/config/tree.php
DEBUG - 2022-05-29 23:07:13 --> Encryption: Auto-configured driver 'openssl'.
DEBUG - 2022-05-29 23:07:13 --> Total execution time: 0.0463
DEBUG - 2022-05-29 23:07:15 --> UTF-8 Support Enabled
DEBUG - 2022-05-29 23:07:15 --> Global POST, GET and COOKIE data sanitized
DEBUG - 2022-05-29 23:07:15 --> Config file loaded: /hwonpark/www/application/config/tree.php
DEBUG - 2022-05-29 23:07:15 --> Encryption: Auto-configured driver 'openssl'.
ERROR - 2022-05-29 23:07:15 --> 404 Page Not Found: ERROR : idx is wrong
DEBUG - 2022-05-29 23:07:16 --> UTF-8 Support Enabled
DEBUG - 2022-05-29 23:07:16 --> No URI present. Default controller set.
DEBUG - 2022-05-29 23:07:16 --> Global POST, GET and COOKIE data sanitized
DEBUG - 2022-05-29 23:07:16 --> Config file loaded: /hwonpark/www/application/config/tree.php
DEBUG - 2022-05-29 23:07:16 --> Encryption: Auto-configured driver 'openssl'.
DEBUG - 2022-05-29 23:07:16 --> Total execution time: 0.0303
DEBUG - 2022-05-29 23:07:17 --> UTF-8 Support Enabled
DEBUG - 2022-05-29 23:07:17 --> Global POST, GET and COOKIE data sanitized
DEBUG - 2022-05-29 23:07:17 --> Config file loaded: /hwonpark/www/application/config/tree.php
DEBUG - 2022-05-29 23:07:17 --> Encryption: Auto-configured driver 'openssl'.
DEBUG - 2022-05-29 23:07:17 --> Total execution time: 0.0654
DEBUG - 2022-05-29 23:07:20 --> UTF-8 Support Enabled
DEBUG - 2022-05-29 23:07:20 --> No URI present. Default controller set.
DEBUG - 2022-05-29 23:07:20 --> Global POST, GET and COOKIE data sanitized
DEBUG - 2022-05-29 23:07:20 --> Config file loaded: /hwonpark/www/application/config/tree.php
DEBUG - 2022-05-29 23:07:20 --> Encryption: Auto-configured driver 'openssl'.
DEBUG - 2022-05-29 23:07:20 --> Total execution time: 0.0288
DEBUG - 2022-05-29 23:07:22 --> UTF-8 Support Enabled
DEBUG - 2022-05-29 23:07:22 --> Global POST, GET and COOKIE data sanitized
DEBUG - 2022-05-29 23:07:22 --> Config file loaded: /hwonpark/www/application/config/tree.php
DEBUG - 2022-05-29 23:07:22 --> Encryption: Auto-configured driver 'openssl'.
DEBUG - 2022-05-29 23:07:22 --> Total execution time: 0.0545
DEBUG - 2022-05-29 23:07:40 --> UTF-8 Support Enabled
DEBUG - 2022-05-29 23:07:40 --> No URI present. Default controller set.
DEBUG - 2022-05-29 23:07:40 --> Global POST, GET and COOKIE data sanitized
DEBUG - 2022-05-29 23:07:40 --> Config file loaded: /hwonpark/www/application/config/tree.php
DEBUG - 2022-05-29 23:07:40 --> Encryption: Auto-configured driver 'openssl'.
DEBUG - 2022-05-29 23:07:40 --> Total execution time: 0.0340
DEBUG - 2022-05-29 23:07:45 --> UTF-8 Support Enabled
DEBUG - 2022-05-29 23:07:45 --> Global POST, GET and COOKIE data sanitized
DEBUG - 2022-05-29 23:07:45 --> Config file loaded: /hwonpark/www/application/config/tree.php
DEBUG - 2022-05-29 23:07:45 --> Encryption: Auto-configured driver 'openssl'.
DEBUG - 2022-05-29 23:07:45 --> Total execution time: 0.0427
DEBUG - 2022-05-29 23:07:46 --> UTF-8 Support Enabled
DEBUG - 2022-05-29 23:07:46 --> No URI present. Default controller set.
DEBUG - 2022-05-29 23:07:46 --> Global POST, GET and COOKIE data sanitized
DEBUG - 2022-05-29 23:07:47 --> Config file loaded: /hwonpark/www/application/config/tree.php
DEBUG - 2022-05-29 23:07:47 --> Encryption: Auto-configured driver 'openssl'.
DEBUG - 2022-05-29 23:07:47 --> Total execution time: 0.0275
DEBUG - 2022-05-29 23:07:48 --> UTF-8 Support Enabled
DEBUG - 2022-05-29 23:07:48 --> Global POST, GET and COOKIE data sanitized
DEBUG - 2022-05-29 23:07:48 --> Config file loaded: /hwonpark/www/application/config/tree.php
DEBUG - 2022-05-29 23:07:48 --> Encryption: Auto-configured driver 'openssl'.
DEBUG - 2022-05-29 23:07:48 --> Total execution time: 0.0488
DEBUG - 2022-05-29 23:07:51 --> UTF-8 Support Enabled
DEBUG - 2022-05-29 23:07:51 --> No URI present. Default controller set.
DEBUG - 2022-05-29 23:07:51 --> Global POST, GET and COOKIE data sanitized
DEBUG - 2022-05-29 23:07:52 --> Config file loaded: /hwonpark/www/application/config/tree.php
DEBUG - 2022-05-29 23:07:52 --> Encryption: Auto-configured driver 'openssl'.
DEBUG - 2022-05-29 23:07:52 --> Total execution time: 0.0446
DEBUG - 2022-05-29 23:07:54 --> UTF-8 Support Enabled
DEBUG - 2022-05-29 23:07:54 --> Global POST, GET and COOKIE data sanitized
DEBUG - 2022-05-29 23:07:54 --> Config file loaded: /hwonpark/www/application/config/tree.php
DEBUG - 2022-05-29 23:07:54 --> Encryption: Auto-configured driver 'openssl'.
DEBUG - 2022-05-29 23:07:54 --> Total execution time: 0.0605
DEBUG - 2022-05-29 23:07:56 --> UTF-8 Support Enabled
DEBUG - 2022-05-29 23:07:56 --> No URI present. Default controller set.
DEBUG - 2022-05-29 23:07:56 --> Global POST, GET and COOKIE data sanitized
DEBUG - 2022-05-29 23:07:56 --> Config file loaded: /hwonpark/www/application/config/tree.php
DEBUG - 2022-05-29 23:07:56 --> Encryption: Auto-configured driver 'openssl'.
DEBUG - 2022-05-29 23:07:56 --> Total execution time: 0.0301
DEBUG - 2022-05-29 23:07:58 --> UTF-8 Support Enabled
DEBUG - 2022-05-29 23:07:58 --> Global POST, GET and COOKIE data sanitized
DEBUG - 2022-05-29 23:07:58 --> Config file loaded: /hwonpark/www/application/config/tree.php
DEBUG - 2022-05-29 23:07:58 --> Encryption: Auto-configured driver 'openssl'.
DEBUG - 2022-05-29 23:07:58 --> Total execution time: 0.0392
DEBUG - 2022-05-29 23:07:59 --> UTF-8 Support Enabled
DEBUG - 2022-05-29 23:07:59 --> No URI present. Default controller set.
DEBUG - 2022-05-29 23:07:59 --> Global POST, GET and COOKIE data sanitized
DEBUG - 2022-05-29 23:07:59 --> Config file loaded: /hwonpark/www/application/config/tree.php
DEBUG - 2022-05-29 23:07:59 --> Encryption: Auto-configured driver 'openssl'.
DEBUG - 2022-05-29 23:07:59 --> Total execution time: 0.0306
DEBUG - 2022-05-29 23:08:01 --> UTF-8 Support Enabled
DEBUG - 2022-05-29 23:08:02 --> Global POST, GET and COOKIE data sanitized
DEBUG - 2022-05-29 23:08:02 --> Config file loaded: /hwonpark/www/application/config/tree.php
DEBUG - 2022-05-29 23:08:02 --> Encryption: Auto-configured driver 'openssl'.
DEBUG - 2022-05-29 23:08:02 --> Total execution time: 1.1780
DEBUG - 2022-05-29 23:08:04 --> UTF-8 Support Enabled
DEBUG - 2022-05-29 23:08:04 --> No URI present. Default controller set.
DEBUG - 2022-05-29 23:08:04 --> Global POST, GET and COOKIE data sanitized
DEBUG - 2022-05-29 23:08:04 --> Config file loaded: /hwonpark/www/application/config/tree.php
DEBUG - 2022-05-29 23:08:04 --> Encryption: Auto-configured driver 'openssl'.
DEBUG - 2022-05-29 23:08:04 --> Total execution time: 0.0430
DEBUG - 2022-05-29 23:08:15 --> UTF-8 Support Enabled
DEBUG - 2022-05-29 23:08:15 --> Global POST, GET and COOKIE data sanitized
DEBUG - 2022-05-29 23:08:15 --> Config file loaded: /hwonpark/www/application/config/tree.php
DEBUG - 2022-05-29 23:08:15 --> Encryption: Auto-configured driver 'openssl'.
DEBUG - 2022-05-29 23:08:15 --> Total execution time: 0.0414
DEBUG - 2022-05-29 23:08:16 --> UTF-8 Support Enabled
DEBUG - 2022-05-29 23:08:16 --> No URI present. Default controller set.
DEBUG - 2022-05-29 23:08:16 --> Global POST, GET and COOKIE data sanitized
DEBUG - 2022-05-29 23:08:16 --> Config file loaded: /hwonpark/www/application/config/tree.php
DEBUG - 2022-05-29 23:08:16 --> Encryption: Auto-configured driver 'openssl'.
DEBUG - 2022-05-29 23:08:16 --> Total execution time: 0.0551
DEBUG - 2022-05-29 23:08:19 --> UTF-8 Support Enabled
DEBUG - 2022-05-29 23:08:19 --> Global POST, GET and COOKIE data sanitized
DEBUG - 2022-05-29 23:08:19 --> Config file loaded: /hwonpark/www/application/config/tree.php
DEBUG - 2022-05-29 23:08:19 --> Encryption: Auto-configured driver 'openssl'.
DEBUG - 2022-05-29 23:08:19 --> Total execution time: 0.0587
DEBUG - 2022-05-29 23:09:47 --> UTF-8 Support Enabled
DEBUG - 2022-05-29 23:09:47 --> No URI present. Default controller set.
DEBUG - 2022-05-29 23:09:47 --> Global POST, GET and COOKIE data sanitized
DEBUG - 2022-05-29 23:09:47 --> Config file loaded: /hwonpark/www/application/config/tree.php
DEBUG - 2022-05-29 23:09:47 --> Encryption: Auto-configured driver 'openssl'.
DEBUG - 2022-05-29 23:09:47 --> Total execution time: 0.0456
DEBUG - 2022-05-29 23:09:50 --> UTF-8 Support Enabled
DEBUG - 2022-05-29 23:09:50 --> Global POST, GET and COOKIE data sanitized
DEBUG - 2022-05-29 23:09:50 --> Config file loaded: /hwonpark/www/application/config/tree.php
DEBUG - 2022-05-29 23:09:50 --> Encryption: Auto-configured driver 'openssl'.
DEBUG - 2022-05-29 23:09:50 --> Total execution time: 0.0395
DEBUG - 2022-05-29 23:09:52 --> UTF-8 Support Enabled
DEBUG - 2022-05-29 23:09:52 --> No URI present. Default controller set.
DEBUG - 2022-05-29 23:09:52 --> Global POST, GET and COOKIE data sanitized
DEBUG - 2022-05-29 23:09:52 --> Config file loaded: /hwonpark/www/application/config/tree.php
DEBUG - 2022-05-29 23:09:52 --> Encryption: Auto-configured driver 'openssl'.
DEBUG - 2022-05-29 23:09:52 --> Total execution time: 0.0284
DEBUG - 2022-05-29 23:09:54 --> UTF-8 Support Enabled
DEBUG - 2022-05-29 23:09:54 --> Global POST, GET and COOKIE data sanitized
DEBUG - 2022-05-29 23:09:54 --> Config file loaded: /hwonpark/www/application/config/tree.php
DEBUG - 2022-05-29 23:09:54 --> Encryption: Auto-configured driver 'openssl'.
DEBUG - 2022-05-29 23:09:54 --> Total execution time: 0.0424
DEBUG - 2022-05-29 23:10:03 --> UTF-8 Support Enabled
DEBUG - 2022-05-29 23:10:03 --> No URI present. Default controller set.
DEBUG - 2022-05-29 23:10:03 --> Global POST, GET and COOKIE data sanitized
DEBUG - 2022-05-29 23:10:03 --> Config file loaded: /hwonpark/www/application/config/tree.php
DEBUG - 2022-05-29 23:10:04 --> Encryption: Auto-configured driver 'openssl'.
DEBUG - 2022-05-29 23:10:04 --> Total execution time: 0.6051
DEBUG - 2022-05-29 23:10:06 --> UTF-8 Support Enabled
DEBUG - 2022-05-29 23:10:06 --> Global POST, GET and COOKIE data sanitized
DEBUG - 2022-05-29 23:10:06 --> Config file loaded: /hwonpark/www/application/config/tree.php
DEBUG - 2022-05-29 23:10:06 --> Encryption: Auto-configured driver 'openssl'.
ERROR - 2022-05-29 23:10:06 --> 404 Page Not Found: ERROR : idx is wrong
DEBUG - 2022-05-29 23:10:08 --> UTF-8 Support Enabled
DEBUG - 2022-05-29 23:10:08 --> No URI present. Default controller set.
DEBUG - 2022-05-29 23:10:08 --> Global POST, GET and COOKIE data sanitized
DEBUG - 2022-05-29 23:10:08 --> Config file loaded: /hwonpark/www/application/config/tree.php
DEBUG - 2022-05-29 23:10:08 --> Encryption: Auto-configured driver 'openssl'.
DEBUG - 2022-05-29 23:10:08 --> Total execution time: 0.0295
DEBUG - 2022-05-29 23:10:09 --> UTF-8 Support Enabled
DEBUG - 2022-05-29 23:10:09 --> Global POST, GET and COOKIE data sanitized
DEBUG - 2022-05-29 23:10:09 --> Config file loaded: /hwonpark/www/application/config/tree.php
DEBUG - 2022-05-29 23:10:09 --> Encryption: Auto-configured driver 'openssl'.
ERROR - 2022-05-29 23:10:09 --> 404 Page Not Found: ERROR : idx is wrong
DEBUG - 2022-05-29 23:10:56 --> UTF-8 Support Enabled
DEBUG - 2022-05-29 23:10:56 --> No URI present. Default controller set.
DEBUG - 2022-05-29 23:10:56 --> Global POST, GET and COOKIE data sanitized
DEBUG - 2022-05-29 23:10:56 --> Config file loaded: /hwonpark/www/application/config/tree.php
DEBUG - 2022-05-29 23:10:56 --> Encryption: Auto-configured driver 'openssl'.
DEBUG - 2022-05-29 23:10:56 --> Total execution time: 0.0335
DEBUG - 2022-05-29 23:13:11 --> UTF-8 Support Enabled
DEBUG - 2022-05-29 23:13:11 --> Global POST, GET and COOKIE data sanitized
DEBUG - 2022-05-29 23:13:11 --> Config file loaded: /hwonpark/www/application/config/tree.php
DEBUG - 2022-05-29 23:13:11 --> Encryption: Auto-configured driver 'openssl'.
DEBUG - 2022-05-29 23:13:12 --> Total execution time: 0.2317
DEBUG - 2022-05-29 23:13:13 --> UTF-8 Support Enabled
DEBUG - 2022-05-29 23:13:13 --> No URI present. Default controller set.
DEBUG - 2022-05-29 23:13:13 --> Global POST, GET and COOKIE data sanitized
DEBUG - 2022-05-29 23:13:13 --> Config file loaded: /hwonpark/www/application/config/tree.php
DEBUG - 2022-05-29 23:13:13 --> Encryption: Auto-configured driver 'openssl'.
DEBUG - 2022-05-29 23:13:13 --> Total execution time: 0.0368
