DEBUG - 2022-08-19 08:31:37 --> UTF-8 Support Enabled
DEBUG - 2022-08-19 08:31:37 --> Global POST, GET and COOKIE data sanitized
DEBUG - 2022-08-19 08:31:37 --> Config file loaded: /hwonpark/www/application/config/tree.php
DEBUG - 2022-08-19 08:31:37 --> --------------------DC_common::chk_perm - 1.인가코드요청 시작 -> if 인앱브라우저
DEBUG - 2022-08-19 08:31:37 --> UTF-8 Support Enabled
DEBUG - 2022-08-19 08:31:37 --> Global POST, GET and COOKIE data sanitized
ERROR - 2022-08-19 08:31:37 --> 404 Page Not Found: Faviconico/index
DEBUG - 2022-08-19 08:31:38 --> UTF-8 Support Enabled
DEBUG - 2022-08-19 08:31:38 --> Global POST, GET and COOKIE data sanitized
DEBUG - 2022-08-19 08:31:38 --> Config file loaded: /hwonpark/www/application/config/tree.php
DEBUG - 2022-08-19 08:31:38 --> =================== DL_auth-> oauth::CALLBACK - 시작
DEBUG - 2022-08-19 08:31:38 --> =================== DL_auth-> oauth::CALLBACK - kakao param=:: error=
DEBUG - 2022-08-19 08:31:38 --> =================== DL_auth-> oauth::CALLBACK - kakao param=:: state=/ko/pr/view?idx=61
DEBUG - 2022-08-19 08:31:38 --> =================== DL_auth-> oauth::CALLBACK - kakao param=:: code=RNFA9QvX46ZDdiNsfAWZPnK3BcK9I3qsGW942ySvXNDYrw62jFt_TAC1ewGNBsMBjx71IQopb9UAAAGCs0xLQg
DEBUG - 2022-08-19 08:31:38 --> =================== DL_auth -> kakao oauth :2: code=RNFA9QvX46ZDdiNsfAWZPnK3BcK9I3qsGW942ySvXNDYrw62jFt_TAC1ewGNBsMBjx71IQopb9UAAAGCs0xLQg
DEBUG - 2022-08-19 08:31:38 --> ====================Dl_auth -> kakao_login :: 시작
DEBUG - 2022-08-19 08:31:38 --> --------------------Dl_auth::kakao_login - 1.토큰요청 시작
DEBUG - 2022-08-19 08:31:38 --> Dl_auth::kakao_login - get_token 시작 n=2
DEBUG - 2022-08-19 08:31:38 --> --------------------Dl_auth::kakao_login - 1.2.토큰요청 시작 -> 기타브라우저
DEBUG - 2022-08-19 08:31:38 --> --------------------Dl_auth::kakao_login - 1.3.토큰요청
DEBUG - 2022-08-19 08:31:38 --> --------------------Dl_auth::kakao_login - 1.4.토큰요청 -> 성공
DEBUG - 2022-08-19 08:31:38 --> UTF-8 Support Enabled
DEBUG - 2022-08-19 08:31:38 --> Global POST, GET and COOKIE data sanitized
DEBUG - 2022-08-19 08:31:38 --> Config file loaded: /hwonpark/www/application/config/tree.php
DEBUG - 2022-08-19 08:31:38 --> =================== DL_auth-> oauth::CALLBACK - 시작
DEBUG - 2022-08-19 08:31:38 --> =================== DL_auth-> oauth::CALLBACK - kakao param=:: error=
DEBUG - 2022-08-19 08:31:38 --> =================== DL_auth-> oauth::CALLBACK - kakao param=:: state=/ko/pr/view?idx=61
DEBUG - 2022-08-19 08:31:38 --> =================== DL_auth-> oauth::CALLBACK - kakao param=:: code=RNFA9QvX46ZDdiNsfAWZPnK3BcK9I3qsGW942ySvXNDYrw62jFt_TAC1ewGNBsMBjx71IQopb9UAAAGCs0xLQg
DEBUG - 2022-08-19 08:31:38 --> =================== DL_auth -> kakao oauth :2: code=RNFA9QvX46ZDdiNsfAWZPnK3BcK9I3qsGW942ySvXNDYrw62jFt_TAC1ewGNBsMBjx71IQopb9UAAAGCs0xLQg
DEBUG - 2022-08-19 08:31:38 --> ====================Dl_auth -> kakao_login :: 시작
DEBUG - 2022-08-19 08:31:38 --> ====================Dl_auth::kakao_login - 1.3.5- 사이트 회원정보 업데이트 성공(카카오 인증 완료) state=/ko/pr/view?idx=61
DEBUG - 2022-08-19 08:31:38 --> UTF-8 Support Enabled
DEBUG - 2022-08-19 08:31:38 --> Global POST, GET and COOKIE data sanitized
DEBUG - 2022-08-19 08:31:38 --> Config file loaded: /hwonpark/www/application/config/tree.php
DEBUG - 2022-08-19 08:31:38 --> Encryption: Auto-configured driver 'openssl'.
DEBUG - 2022-08-19 08:31:38 --> --------------------DC_common::chk_perm - 1.인가코드요청 시작 -> if 인앱브라우저
DEBUG - 2022-08-19 08:31:38 --> Total execution time: 0.1282
DEBUG - 2022-08-19 08:34:39 --> UTF-8 Support Enabled
DEBUG - 2022-08-19 08:34:39 --> Global POST, GET and COOKIE data sanitized
DEBUG - 2022-08-19 08:34:39 --> Config file loaded: /hwonpark/www/application/config/tree.php
DEBUG - 2022-08-19 08:34:39 --> Encryption: Auto-configured driver 'openssl'.
DEBUG - 2022-08-19 08:34:39 --> --------------------DC_common::chk_perm - 1.인가코드요청 시작 -> if 인앱브라우저
DEBUG - 2022-08-19 08:34:39 --> Total execution time: 0.0833
DEBUG - 2022-08-19 09:17:00 --> UTF-8 Support Enabled
DEBUG - 2022-08-19 09:17:00 --> Global POST, GET and COOKIE data sanitized
DEBUG - 2022-08-19 09:17:00 --> Config file loaded: /hwonpark/www/application/config/tree.php
DEBUG - 2022-08-19 09:17:00 --> --------------------DC_common::chk_perm - 1.인가코드요청 시작 -> if 인앱브라우저
DEBUG - 2022-08-19 09:17:00 --> UTF-8 Support Enabled
DEBUG - 2022-08-19 09:17:00 --> Global POST, GET and COOKIE data sanitized
ERROR - 2022-08-19 09:17:00 --> 404 Page Not Found: Faviconico/index
DEBUG - 2022-08-19 09:17:00 --> UTF-8 Support Enabled
DEBUG - 2022-08-19 09:17:00 --> Global POST, GET and COOKIE data sanitized
DEBUG - 2022-08-19 09:17:00 --> Config file loaded: /hwonpark/www/application/config/tree.php
DEBUG - 2022-08-19 09:17:00 --> =================== DL_auth-> oauth::CALLBACK - 시작
DEBUG - 2022-08-19 09:17:00 --> =================== DL_auth-> oauth::CALLBACK - kakao param=:: error=
DEBUG - 2022-08-19 09:17:00 --> =================== DL_auth-> oauth::CALLBACK - kakao param=:: state=/ko/pr/view?idx=62
DEBUG - 2022-08-19 09:17:00 --> =================== DL_auth-> oauth::CALLBACK - kakao param=:: code=6Uv0ZjU-7y4nW3eEVRVpiKCBDGojy9Ac-RwucAJjetNtixKhAY5rPPshsjraJNWGX2UWngopyV4AAAGCs3XWhg
DEBUG - 2022-08-19 09:17:00 --> =================== DL_auth -> kakao oauth :2: code=6Uv0ZjU-7y4nW3eEVRVpiKCBDGojy9Ac-RwucAJjetNtixKhAY5rPPshsjraJNWGX2UWngopyV4AAAGCs3XWhg
DEBUG - 2022-08-19 09:17:00 --> ====================Dl_auth -> kakao_login :: 시작
DEBUG - 2022-08-19 09:17:00 --> --------------------Dl_auth::kakao_login - 1.토큰요청 시작
DEBUG - 2022-08-19 09:17:00 --> Dl_auth::kakao_login - get_token 시작 n=2
DEBUG - 2022-08-19 09:17:00 --> --------------------Dl_auth::kakao_login - 1.2.토큰요청 시작 -> 기타브라우저
DEBUG - 2022-08-19 09:17:00 --> --------------------Dl_auth::kakao_login - 1.3.토큰요청
DEBUG - 2022-08-19 09:17:00 --> --------------------Dl_auth::kakao_login - 1.4.토큰요청 -> 성공
DEBUG - 2022-08-19 09:17:00 --> UTF-8 Support Enabled
DEBUG - 2022-08-19 09:17:00 --> Global POST, GET and COOKIE data sanitized
DEBUG - 2022-08-19 09:17:00 --> Config file loaded: /hwonpark/www/application/config/tree.php
DEBUG - 2022-08-19 09:17:00 --> =================== DL_auth-> oauth::CALLBACK - 시작
DEBUG - 2022-08-19 09:17:00 --> =================== DL_auth-> oauth::CALLBACK - kakao param=:: error=
DEBUG - 2022-08-19 09:17:00 --> =================== DL_auth-> oauth::CALLBACK - kakao param=:: state=/ko/pr/view?idx=62
DEBUG - 2022-08-19 09:17:00 --> =================== DL_auth-> oauth::CALLBACK - kakao param=:: code=6Uv0ZjU-7y4nW3eEVRVpiKCBDGojy9Ac-RwucAJjetNtixKhAY5rPPshsjraJNWGX2UWngopyV4AAAGCs3XWhg
DEBUG - 2022-08-19 09:17:00 --> =================== DL_auth -> kakao oauth :2: code=6Uv0ZjU-7y4nW3eEVRVpiKCBDGojy9Ac-RwucAJjetNtixKhAY5rPPshsjraJNWGX2UWngopyV4AAAGCs3XWhg
DEBUG - 2022-08-19 09:17:00 --> ====================Dl_auth -> kakao_login :: 시작
DEBUG - 2022-08-19 09:17:01 --> ====================Dl_auth::kakao_login - 1.3.5- 사이트 회원정보 업데이트 성공(카카오 인증 완료) state=/ko/pr/view?idx=62
DEBUG - 2022-08-19 09:17:01 --> UTF-8 Support Enabled
DEBUG - 2022-08-19 09:17:01 --> Global POST, GET and COOKIE data sanitized
DEBUG - 2022-08-19 09:17:01 --> Config file loaded: /hwonpark/www/application/config/tree.php
DEBUG - 2022-08-19 09:17:01 --> Encryption: Auto-configured driver 'openssl'.
DEBUG - 2022-08-19 09:17:01 --> --------------------DC_common::chk_perm - 1.인가코드요청 시작 -> if 인앱브라우저
DEBUG - 2022-08-19 09:17:01 --> Total execution time: 0.0781
DEBUG - 2022-08-19 09:17:24 --> UTF-8 Support Enabled
DEBUG - 2022-08-19 09:17:24 --> Global POST, GET and COOKIE data sanitized
DEBUG - 2022-08-19 09:17:24 --> Config file loaded: /hwonpark/www/application/config/tree.php
DEBUG - 2022-08-19 09:17:24 --> Encryption: Auto-configured driver 'openssl'.
DEBUG - 2022-08-19 09:17:25 --> UTF-8 Support Enabled
DEBUG - 2022-08-19 09:17:25 --> Global POST, GET and COOKIE data sanitized
DEBUG - 2022-08-19 09:17:25 --> Config file loaded: /hwonpark/www/application/config/tree.php
DEBUG - 2022-08-19 09:17:25 --> Encryption: Auto-configured driver 'openssl'.
DEBUG - 2022-08-19 09:17:28 --> UTF-8 Support Enabled
DEBUG - 2022-08-19 09:17:28 --> Global POST, GET and COOKIE data sanitized
DEBUG - 2022-08-19 09:17:28 --> Config file loaded: /hwonpark/www/application/config/tree.php
DEBUG - 2022-08-19 09:17:28 --> Encryption: Auto-configured driver 'openssl'.
DEBUG - 2022-08-19 09:17:28 --> --------------------DC_common::chk_perm - 1.인가코드요청 시작 -> if 인앱브라우저
DEBUG - 2022-08-19 09:17:28 --> Total execution time: 0.0798
DEBUG - 2022-08-19 09:38:02 --> UTF-8 Support Enabled
DEBUG - 2022-08-19 09:38:02 --> Global POST, GET and COOKIE data sanitized
DEBUG - 2022-08-19 09:38:02 --> Config file loaded: /hwonpark/www/application/config/tree.php
DEBUG - 2022-08-19 09:38:02 --> Total execution time: 0.0561
DEBUG - 2022-08-19 09:38:04 --> UTF-8 Support Enabled
DEBUG - 2022-08-19 09:38:04 --> Global POST, GET and COOKIE data sanitized
ERROR - 2022-08-19 09:38:04 --> 404 Page Not Found: Faviconico/index
DEBUG - 2022-08-19 09:38:04 --> UTF-8 Support Enabled
DEBUG - 2022-08-19 09:38:04 --> No URI present. Default controller set.
DEBUG - 2022-08-19 09:38:04 --> Global POST, GET and COOKIE data sanitized
DEBUG - 2022-08-19 09:38:04 --> Config file loaded: /hwonpark/www/application/config/tree.php
DEBUG - 2022-08-19 09:38:04 --> Total execution time: 0.0690
DEBUG - 2022-08-19 09:38:07 --> UTF-8 Support Enabled
DEBUG - 2022-08-19 09:38:07 --> No URI present. Default controller set.
DEBUG - 2022-08-19 09:38:07 --> Global POST, GET and COOKIE data sanitized
DEBUG - 2022-08-19 09:38:07 --> Config file loaded: /hwonpark/www/application/config/tree.php
DEBUG - 2022-08-19 09:38:07 --> Total execution time: 0.0611
DEBUG - 2022-08-19 09:41:33 --> UTF-8 Support Enabled
DEBUG - 2022-08-19 09:41:33 --> No URI present. Default controller set.
DEBUG - 2022-08-19 09:41:33 --> Global POST, GET and COOKIE data sanitized
DEBUG - 2022-08-19 09:41:33 --> Config file loaded: /hwonpark/www/application/config/tree.php
DEBUG - 2022-08-19 09:41:33 --> Total execution time: 0.0308
DEBUG - 2022-08-19 10:05:33 --> UTF-8 Support Enabled
DEBUG - 2022-08-19 10:05:33 --> No URI present. Default controller set.
DEBUG - 2022-08-19 10:05:33 --> Global POST, GET and COOKIE data sanitized
DEBUG - 2022-08-19 10:05:33 --> Config file loaded: /hwonpark/www/application/config/tree.php
DEBUG - 2022-08-19 10:05:33 --> Total execution time: 0.0316
DEBUG - 2022-08-19 10:05:34 --> UTF-8 Support Enabled
DEBUG - 2022-08-19 10:05:34 --> Global POST, GET and COOKIE data sanitized
ERROR - 2022-08-19 10:05:34 --> 404 Page Not Found: Faviconico/index
DEBUG - 2022-08-19 10:11:13 --> UTF-8 Support Enabled
DEBUG - 2022-08-19 10:11:13 --> No URI present. Default controller set.
DEBUG - 2022-08-19 10:11:13 --> Global POST, GET and COOKIE data sanitized
DEBUG - 2022-08-19 10:11:13 --> Config file loaded: /hwonpark/www/application/config/tree.php
DEBUG - 2022-08-19 10:11:13 --> Total execution time: 0.1650
DEBUG - 2022-08-19 10:14:34 --> UTF-8 Support Enabled
DEBUG - 2022-08-19 10:14:34 --> No URI present. Default controller set.
DEBUG - 2022-08-19 10:14:34 --> Global POST, GET and COOKIE data sanitized
DEBUG - 2022-08-19 10:14:34 --> Config file loaded: /hwonpark/www/application/config/tree.php
DEBUG - 2022-08-19 10:14:34 --> Total execution time: 0.0306
DEBUG - 2022-08-19 10:14:48 --> UTF-8 Support Enabled
DEBUG - 2022-08-19 10:14:48 --> Global POST, GET and COOKIE data sanitized
DEBUG - 2022-08-19 10:14:48 --> Config file loaded: /hwonpark/www/application/config/tree.php
DEBUG - 2022-08-19 10:14:48 --> Total execution time: 0.0473
DEBUG - 2022-08-19 10:14:54 --> UTF-8 Support Enabled
DEBUG - 2022-08-19 10:14:54 --> Global POST, GET and COOKIE data sanitized
DEBUG - 2022-08-19 10:14:54 --> Config file loaded: /hwonpark/www/application/config/tree.php
DEBUG - 2022-08-19 10:14:54 --> Total execution time: 0.0501
DEBUG - 2022-08-19 10:14:55 --> UTF-8 Support Enabled
DEBUG - 2022-08-19 10:14:55 --> Global POST, GET and COOKIE data sanitized
DEBUG - 2022-08-19 10:14:55 --> Config file loaded: /hwonpark/www/application/config/tree.php
DEBUG - 2022-08-19 10:14:56 --> UTF-8 Support Enabled
DEBUG - 2022-08-19 10:14:56 --> Global POST, GET and COOKIE data sanitized
DEBUG - 2022-08-19 10:14:56 --> Config file loaded: /hwonpark/www/application/config/tree.php
DEBUG - 2022-08-19 10:14:56 --> Total execution time: 0.0406
DEBUG - 2022-08-19 10:14:58 --> UTF-8 Support Enabled
DEBUG - 2022-08-19 10:14:58 --> Global POST, GET and COOKIE data sanitized
DEBUG - 2022-08-19 10:14:58 --> Config file loaded: /hwonpark/www/application/config/tree.php
DEBUG - 2022-08-19 10:14:58 --> =================== DL_auth-> oauth::CALLBACK - 시작
DEBUG - 2022-08-19 10:14:58 --> =================== DL_auth-> oauth::CALLBACK - kakao param=:: error=
DEBUG - 2022-08-19 10:14:58 --> =================== DL_auth-> oauth::CALLBACK - kakao param=:: state=
DEBUG - 2022-08-19 10:14:58 --> =================== DL_auth-> oauth::CALLBACK - kakao param=:: code=zH7IpESZhjCc7TfpsDCScGi3nneOyRRgl3ZAF9POgoZQKhEEm7Ud8_8YZrOKw7ERkGGHuAopcJ4AAAGCs6rkRQ
DEBUG - 2022-08-19 10:14:58 --> =================== DL_auth -> kakao oauth :2: code=zH7IpESZhjCc7TfpsDCScGi3nneOyRRgl3ZAF9POgoZQKhEEm7Ud8_8YZrOKw7ERkGGHuAopcJ4AAAGCs6rkRQ
DEBUG - 2022-08-19 10:14:58 --> ====================Dl_auth -> kakao_login :: 시작
DEBUG - 2022-08-19 10:14:58 --> --------------------Dl_auth::kakao_login - 1.토큰요청 시작
DEBUG - 2022-08-19 10:14:58 --> Dl_auth::kakao_login - get_token 시작 n=2
DEBUG - 2022-08-19 10:14:58 --> --------------------Dl_auth::kakao_login - 1.2.토큰요청 시작 -> 기타브라우저
DEBUG - 2022-08-19 10:14:58 --> --------------------Dl_auth::kakao_login - 1.3.토큰요청
DEBUG - 2022-08-19 10:14:58 --> --------------------Dl_auth::kakao_login - 1.4.토큰요청 -> 성공
DEBUG - 2022-08-19 10:14:58 --> UTF-8 Support Enabled
DEBUG - 2022-08-19 10:14:58 --> Global POST, GET and COOKIE data sanitized
DEBUG - 2022-08-19 10:14:58 --> Config file loaded: /hwonpark/www/application/config/tree.php
DEBUG - 2022-08-19 10:14:58 --> =================== DL_auth-> oauth::CALLBACK - 시작
DEBUG - 2022-08-19 10:14:58 --> =================== DL_auth-> oauth::CALLBACK - kakao param=:: error=
DEBUG - 2022-08-19 10:14:58 --> =================== DL_auth-> oauth::CALLBACK - kakao param=:: state=
DEBUG - 2022-08-19 10:14:58 --> =================== DL_auth-> oauth::CALLBACK - kakao param=:: code=zH7IpESZhjCc7TfpsDCScGi3nneOyRRgl3ZAF9POgoZQKhEEm7Ud8_8YZrOKw7ERkGGHuAopcJ4AAAGCs6rkRQ
DEBUG - 2022-08-19 10:14:58 --> =================== DL_auth -> kakao oauth :2: code=zH7IpESZhjCc7TfpsDCScGi3nneOyRRgl3ZAF9POgoZQKhEEm7Ud8_8YZrOKw7ERkGGHuAopcJ4AAAGCs6rkRQ
DEBUG - 2022-08-19 10:14:58 --> ====================Dl_auth -> kakao_login :: 시작
DEBUG - 2022-08-19 10:14:58 --> ====================Dl_auth::kakao_login - 1.3.5- 사이트 회원정보 업데이트 성공(카카오 인증 완료) state=
DEBUG - 2022-08-19 10:14:59 --> UTF-8 Support Enabled
DEBUG - 2022-08-19 10:14:59 --> No URI present. Default controller set.
DEBUG - 2022-08-19 10:14:59 --> Global POST, GET and COOKIE data sanitized
DEBUG - 2022-08-19 10:14:59 --> Config file loaded: /hwonpark/www/application/config/tree.php
DEBUG - 2022-08-19 10:14:59 --> Total execution time: 0.0293
DEBUG - 2022-08-19 10:14:59 --> UTF-8 Support Enabled
DEBUG - 2022-08-19 10:14:59 --> Global POST, GET and COOKIE data sanitized
ERROR - 2022-08-19 10:14:59 --> 404 Page Not Found: Faviconico/index
DEBUG - 2022-08-19 10:15:00 --> UTF-8 Support Enabled
DEBUG - 2022-08-19 10:15:00 --> No URI present. Default controller set.
DEBUG - 2022-08-19 10:15:00 --> Global POST, GET and COOKIE data sanitized
DEBUG - 2022-08-19 10:15:00 --> Config file loaded: /hwonpark/www/application/config/tree.php
DEBUG - 2022-08-19 10:15:00 --> Total execution time: 0.0318
DEBUG - 2022-08-19 10:15:05 --> UTF-8 Support Enabled
DEBUG - 2022-08-19 10:15:05 --> Global POST, GET and COOKIE data sanitized
DEBUG - 2022-08-19 10:15:05 --> Config file loaded: /hwonpark/www/application/config/tree.php
DEBUG - 2022-08-19 10:15:05 --> Total execution time: 0.0356
DEBUG - 2022-08-19 10:15:12 --> UTF-8 Support Enabled
DEBUG - 2022-08-19 10:15:12 --> Global POST, GET and COOKIE data sanitized
DEBUG - 2022-08-19 10:15:12 --> Config file loaded: /hwonpark/www/application/config/tree.php
DEBUG - 2022-08-19 10:15:12 --> Total execution time: 0.0338
DEBUG - 2022-08-19 10:15:17 --> UTF-8 Support Enabled
DEBUG - 2022-08-19 10:15:17 --> Global POST, GET and COOKIE data sanitized
DEBUG - 2022-08-19 10:15:17 --> Config file loaded: /hwonpark/www/application/config/tree.php
DEBUG - 2022-08-19 10:15:17 --> Total execution time: 0.0655
DEBUG - 2022-08-19 10:15:18 --> UTF-8 Support Enabled
DEBUG - 2022-08-19 10:15:18 --> Global POST, GET and COOKIE data sanitized
DEBUG - 2022-08-19 10:15:18 --> Config file loaded: /hwonpark/www/application/config/tree.php
DEBUG - 2022-08-19 10:15:19 --> UTF-8 Support Enabled
DEBUG - 2022-08-19 10:15:19 --> Global POST, GET and COOKIE data sanitized
DEBUG - 2022-08-19 10:15:19 --> Config file loaded: /hwonpark/www/application/config/tree.php
DEBUG - 2022-08-19 10:15:19 --> Total execution time: 0.0276
DEBUG - 2022-08-19 10:15:21 --> UTF-8 Support Enabled
DEBUG - 2022-08-19 10:15:21 --> Global POST, GET and COOKIE data sanitized
DEBUG - 2022-08-19 10:15:21 --> Config file loaded: /hwonpark/www/application/config/tree.php
DEBUG - 2022-08-19 10:15:21 --> =================== DL_auth-> oauth::CALLBACK - 시작
DEBUG - 2022-08-19 10:15:21 --> =================== DL_auth-> oauth::CALLBACK - kakao param=:: error=
DEBUG - 2022-08-19 10:15:21 --> =================== DL_auth-> oauth::CALLBACK - kakao param=:: state=
DEBUG - 2022-08-19 10:15:21 --> =================== DL_auth-> oauth::CALLBACK - kakao param=:: code=CYv3_EoXAzjhx3HpBi7DSIcLtUsyKtWd5_ALQjuSTxSMPc-fnVqaVcdUFtCQpXdw57EldQorDKYAAAGCs6tBAw
DEBUG - 2022-08-19 10:15:21 --> =================== DL_auth -> kakao oauth :2: code=CYv3_EoXAzjhx3HpBi7DSIcLtUsyKtWd5_ALQjuSTxSMPc-fnVqaVcdUFtCQpXdw57EldQorDKYAAAGCs6tBAw
DEBUG - 2022-08-19 10:15:21 --> ====================Dl_auth -> kakao_login :: 시작
DEBUG - 2022-08-19 10:15:21 --> --------------------Dl_auth::kakao_login - 1.토큰요청 시작
DEBUG - 2022-08-19 10:15:21 --> Dl_auth::kakao_login - get_token 시작 n=2
DEBUG - 2022-08-19 10:15:21 --> --------------------Dl_auth::kakao_login - 1.2.토큰요청 시작 -> 기타브라우저
DEBUG - 2022-08-19 10:15:21 --> --------------------Dl_auth::kakao_login - 1.3.토큰요청
DEBUG - 2022-08-19 10:15:21 --> --------------------Dl_auth::kakao_login - 1.4.토큰요청 -> 성공
DEBUG - 2022-08-19 10:15:21 --> UTF-8 Support Enabled
DEBUG - 2022-08-19 10:15:21 --> Global POST, GET and COOKIE data sanitized
DEBUG - 2022-08-19 10:15:21 --> Config file loaded: /hwonpark/www/application/config/tree.php
DEBUG - 2022-08-19 10:15:21 --> =================== DL_auth-> oauth::CALLBACK - 시작
DEBUG - 2022-08-19 10:15:21 --> =================== DL_auth-> oauth::CALLBACK - kakao param=:: error=
DEBUG - 2022-08-19 10:15:21 --> =================== DL_auth-> oauth::CALLBACK - kakao param=:: state=
DEBUG - 2022-08-19 10:15:21 --> =================== DL_auth-> oauth::CALLBACK - kakao param=:: code=CYv3_EoXAzjhx3HpBi7DSIcLtUsyKtWd5_ALQjuSTxSMPc-fnVqaVcdUFtCQpXdw57EldQorDKYAAAGCs6tBAw
DEBUG - 2022-08-19 10:15:21 --> =================== DL_auth -> kakao oauth :2: code=CYv3_EoXAzjhx3HpBi7DSIcLtUsyKtWd5_ALQjuSTxSMPc-fnVqaVcdUFtCQpXdw57EldQorDKYAAAGCs6tBAw
DEBUG - 2022-08-19 10:15:21 --> ====================Dl_auth -> kakao_login :: 시작
DEBUG - 2022-08-19 10:15:21 --> ====================Dl_auth::kakao_login - 1.3.5- 사이트 회원정보 업데이트 성공(카카오 인증 완료) state=
DEBUG - 2022-08-19 10:15:23 --> UTF-8 Support Enabled
DEBUG - 2022-08-19 10:15:23 --> Global POST, GET and COOKIE data sanitized
DEBUG - 2022-08-19 10:15:23 --> Config file loaded: /hwonpark/www/application/config/tree.php
DEBUG - 2022-08-19 10:15:23 --> Encryption: Auto-configured driver 'openssl'.
DEBUG - 2022-08-19 10:15:23 --> Total execution time: 0.0328
DEBUG - 2022-08-19 10:15:23 --> UTF-8 Support Enabled
DEBUG - 2022-08-19 10:15:23 --> Global POST, GET and COOKIE data sanitized
DEBUG - 2022-08-19 10:15:23 --> Config file loaded: /hwonpark/www/application/config/tree.php
DEBUG - 2022-08-19 10:15:23 --> Total execution time: 0.0337
DEBUG - 2022-08-19 10:15:26 --> UTF-8 Support Enabled
DEBUG - 2022-08-19 10:15:26 --> Global POST, GET and COOKIE data sanitized
DEBUG - 2022-08-19 10:15:26 --> Config file loaded: /hwonpark/www/application/config/tree.php
DEBUG - 2022-08-19 10:15:26 --> Encryption: Auto-configured driver 'openssl'.
DEBUG - 2022-08-19 10:15:26 --> Total execution time: 0.0375
DEBUG - 2022-08-19 10:15:27 --> UTF-8 Support Enabled
DEBUG - 2022-08-19 10:15:27 --> Global POST, GET and COOKIE data sanitized
DEBUG - 2022-08-19 10:15:27 --> Config file loaded: /hwonpark/www/application/config/tree.php
DEBUG - 2022-08-19 10:15:27 --> --------------------DC_common::chk_perm - 1.인가코드요청 시작 -> if 인앱브라우저
DEBUG - 2022-08-19 10:15:28 --> UTF-8 Support Enabled
DEBUG - 2022-08-19 10:15:28 --> Global POST, GET and COOKIE data sanitized
DEBUG - 2022-08-19 10:15:28 --> Config file loaded: /hwonpark/www/application/config/tree.php
DEBUG - 2022-08-19 10:15:28 --> =================== DL_auth-> oauth::CALLBACK - 시작
DEBUG - 2022-08-19 10:15:28 --> =================== DL_auth-> oauth::CALLBACK - kakao param=:: error=
DEBUG - 2022-08-19 10:15:28 --> =================== DL_auth-> oauth::CALLBACK - kakao param=:: state=/ko/brief/view?idx=14
DEBUG - 2022-08-19 10:15:28 --> =================== DL_auth-> oauth::CALLBACK - kakao param=:: code=EIXWsuhTbYL1g5cjo745tcwFTC1xYW6zY9-xyUl2UnsIGJQQqGl6SoFRoqRri9PPwKGNEworDNQAAAGCs6tbSQ
DEBUG - 2022-08-19 10:15:28 --> =================== DL_auth -> kakao oauth :2: code=EIXWsuhTbYL1g5cjo745tcwFTC1xYW6zY9-xyUl2UnsIGJQQqGl6SoFRoqRri9PPwKGNEworDNQAAAGCs6tbSQ
DEBUG - 2022-08-19 10:15:28 --> ====================Dl_auth -> kakao_login :: 시작
DEBUG - 2022-08-19 10:15:28 --> --------------------Dl_auth::kakao_login - 1.토큰요청 시작
DEBUG - 2022-08-19 10:15:28 --> Dl_auth::kakao_login - get_token 시작 n=2
DEBUG - 2022-08-19 10:15:28 --> --------------------Dl_auth::kakao_login - 1.2.토큰요청 시작 -> 기타브라우저
DEBUG - 2022-08-19 10:15:28 --> --------------------Dl_auth::kakao_login - 1.3.토큰요청
DEBUG - 2022-08-19 10:15:28 --> --------------------Dl_auth::kakao_login - 1.4.토큰요청 -> 성공
DEBUG - 2022-08-19 10:15:28 --> UTF-8 Support Enabled
DEBUG - 2022-08-19 10:15:28 --> Global POST, GET and COOKIE data sanitized
DEBUG - 2022-08-19 10:15:28 --> Config file loaded: /hwonpark/www/application/config/tree.php
DEBUG - 2022-08-19 10:15:28 --> =================== DL_auth-> oauth::CALLBACK - 시작
DEBUG - 2022-08-19 10:15:28 --> =================== DL_auth-> oauth::CALLBACK - kakao param=:: error=
DEBUG - 2022-08-19 10:15:28 --> =================== DL_auth-> oauth::CALLBACK - kakao param=:: state=/ko/brief/view?idx=14
DEBUG - 2022-08-19 10:15:28 --> =================== DL_auth-> oauth::CALLBACK - kakao param=:: code=EIXWsuhTbYL1g5cjo745tcwFTC1xYW6zY9-xyUl2UnsIGJQQqGl6SoFRoqRri9PPwKGNEworDNQAAAGCs6tbSQ
DEBUG - 2022-08-19 10:15:28 --> =================== DL_auth -> kakao oauth :2: code=EIXWsuhTbYL1g5cjo745tcwFTC1xYW6zY9-xyUl2UnsIGJQQqGl6SoFRoqRri9PPwKGNEworDNQAAAGCs6tbSQ
DEBUG - 2022-08-19 10:15:28 --> ====================Dl_auth -> kakao_login :: 시작
DEBUG - 2022-08-19 10:15:28 --> ====================Dl_auth::kakao_login - 1.3.5- 사이트 회원정보 업데이트 성공(카카오 인증 완료) state=/ko/brief/view?idx=14
DEBUG - 2022-08-19 10:15:29 --> UTF-8 Support Enabled
DEBUG - 2022-08-19 10:15:29 --> Global POST, GET and COOKIE data sanitized
DEBUG - 2022-08-19 10:15:29 --> Config file loaded: /hwonpark/www/application/config/tree.php
DEBUG - 2022-08-19 10:15:29 --> Encryption: Auto-configured driver 'openssl'.
DEBUG - 2022-08-19 10:15:29 --> --------------------DC_common::chk_perm - 1.인가코드요청 시작 -> if 인앱브라우저
DEBUG - 2022-08-19 10:15:29 --> Total execution time: 0.0528
DEBUG - 2022-08-19 10:15:31 --> UTF-8 Support Enabled
DEBUG - 2022-08-19 10:15:31 --> Global POST, GET and COOKIE data sanitized
DEBUG - 2022-08-19 10:15:31 --> Config file loaded: /hwonpark/www/application/config/tree.php
DEBUG - 2022-08-19 10:15:31 --> Encryption: Auto-configured driver 'openssl'.
DEBUG - 2022-08-19 10:15:31 --> Total execution time: 0.0373
DEBUG - 2022-08-19 10:15:32 --> UTF-8 Support Enabled
DEBUG - 2022-08-19 10:15:32 --> Global POST, GET and COOKIE data sanitized
DEBUG - 2022-08-19 10:15:32 --> Config file loaded: /hwonpark/www/application/config/tree.php
DEBUG - 2022-08-19 10:15:32 --> Encryption: Auto-configured driver 'openssl'.
DEBUG - 2022-08-19 10:15:32 --> Total execution time: 0.0780
DEBUG - 2022-08-19 10:20:52 --> UTF-8 Support Enabled
DEBUG - 2022-08-19 10:20:52 --> Global POST, GET and COOKIE data sanitized
DEBUG - 2022-08-19 10:20:52 --> Config file loaded: /hwonpark/www/application/config/tree.php
DEBUG - 2022-08-19 10:20:52 --> Encryption: Auto-configured driver 'openssl'.
DEBUG - 2022-08-19 10:20:52 --> Total execution time: 0.0931
DEBUG - 2022-08-19 10:21:06 --> UTF-8 Support Enabled
DEBUG - 2022-08-19 10:21:06 --> UTF-8 Support Enabled
DEBUG - 2022-08-19 10:21:06 --> Global POST, GET and COOKIE data sanitized
DEBUG - 2022-08-19 10:21:06 --> Global POST, GET and COOKIE data sanitized
DEBUG - 2022-08-19 10:21:06 --> Config file loaded: /hwonpark/www/application/config/tree.php
DEBUG - 2022-08-19 10:21:06 --> Encryption: Auto-configured driver 'openssl'.
DEBUG - 2022-08-19 10:21:06 --> Total execution time: 0.0358
DEBUG - 2022-08-19 10:21:06 --> Config file loaded: /hwonpark/www/application/config/tree.php
DEBUG - 2022-08-19 10:21:06 --> Encryption: Auto-configured driver 'openssl'.
DEBUG - 2022-08-19 10:21:06 --> Total execution time: 0.0596
DEBUG - 2022-08-19 10:21:15 --> UTF-8 Support Enabled
DEBUG - 2022-08-19 10:21:15 --> Global POST, GET and COOKIE data sanitized
DEBUG - 2022-08-19 10:21:15 --> Config file loaded: /hwonpark/www/application/config/tree.php
DEBUG - 2022-08-19 10:21:15 --> Encryption: Auto-configured driver 'openssl'.
DEBUG - 2022-08-19 10:21:15 --> Total execution time: 0.1107
DEBUG - 2022-08-19 10:24:15 --> UTF-8 Support Enabled
DEBUG - 2022-08-19 10:24:15 --> No URI present. Default controller set.
DEBUG - 2022-08-19 10:24:15 --> Global POST, GET and COOKIE data sanitized
DEBUG - 2022-08-19 10:24:15 --> Config file loaded: /hwonpark/www/application/config/tree.php
DEBUG - 2022-08-19 10:24:15 --> Total execution time: 0.0645
DEBUG - 2022-08-19 10:24:16 --> UTF-8 Support Enabled
DEBUG - 2022-08-19 10:24:16 --> Global POST, GET and COOKIE data sanitized
ERROR - 2022-08-19 10:24:16 --> 404 Page Not Found: Faviconico/index
DEBUG - 2022-08-19 10:24:17 --> UTF-8 Support Enabled
DEBUG - 2022-08-19 10:24:17 --> Global POST, GET and COOKIE data sanitized
DEBUG - 2022-08-19 10:24:17 --> Config file loaded: /hwonpark/www/application/config/tree.php
DEBUG - 2022-08-19 10:24:17 --> Total execution time: 0.0434
DEBUG - 2022-08-19 10:24:22 --> UTF-8 Support Enabled
DEBUG - 2022-08-19 10:24:22 --> Global POST, GET and COOKIE data sanitized
DEBUG - 2022-08-19 10:24:22 --> Config file loaded: /hwonpark/www/application/config/tree.php
DEBUG - 2022-08-19 10:24:22 --> Total execution time: 0.0337
DEBUG - 2022-08-19 10:24:39 --> UTF-8 Support Enabled
DEBUG - 2022-08-19 10:24:39 --> Global POST, GET and COOKIE data sanitized
DEBUG - 2022-08-19 10:24:39 --> Config file loaded: /hwonpark/www/application/config/tree.php
DEBUG - 2022-08-19 10:24:39 --> =================== DL_auth-> oauth::CALLBACK - 시작
DEBUG - 2022-08-19 10:24:39 --> =================== DL_auth-> oauth::CALLBACK - kakao param=:: error=
DEBUG - 2022-08-19 10:24:39 --> =================== DL_auth-> oauth::CALLBACK - kakao param=:: state=
DEBUG - 2022-08-19 10:24:39 --> =================== DL_auth-> oauth::CALLBACK - kakao param=:: code=wXNaSvP4T_SMhfc5SeZ8wCXDkOhoamYbMU5HVwVv8QEyMG1jDz5H27qG4-9w2HFgOYgCBAopyV8AAAGCs7PFJw
DEBUG - 2022-08-19 10:24:39 --> =================== DL_auth -> kakao oauth :2: code=wXNaSvP4T_SMhfc5SeZ8wCXDkOhoamYbMU5HVwVv8QEyMG1jDz5H27qG4-9w2HFgOYgCBAopyV8AAAGCs7PFJw
DEBUG - 2022-08-19 10:24:39 --> ====================Dl_auth -> kakao_login :: 시작
DEBUG - 2022-08-19 10:24:39 --> --------------------Dl_auth::kakao_login - 1.토큰요청 시작
DEBUG - 2022-08-19 10:24:39 --> Dl_auth::kakao_login - get_token 시작 n=2
DEBUG - 2022-08-19 10:24:39 --> --------------------Dl_auth::kakao_login - 1.2.토큰요청 시작 -> 기타브라우저
DEBUG - 2022-08-19 10:24:39 --> --------------------Dl_auth::kakao_login - 1.3.토큰요청
DEBUG - 2022-08-19 10:24:39 --> --------------------Dl_auth::kakao_login - 1.4.토큰요청 -> 성공
DEBUG - 2022-08-19 10:24:39 --> UTF-8 Support Enabled
DEBUG - 2022-08-19 10:24:39 --> Global POST, GET and COOKIE data sanitized
DEBUG - 2022-08-19 10:24:39 --> Config file loaded: /hwonpark/www/application/config/tree.php
DEBUG - 2022-08-19 10:24:39 --> =================== DL_auth-> oauth::CALLBACK - 시작
DEBUG - 2022-08-19 10:24:39 --> =================== DL_auth-> oauth::CALLBACK - kakao param=:: error=
DEBUG - 2022-08-19 10:24:39 --> =================== DL_auth-> oauth::CALLBACK - kakao param=:: state=
DEBUG - 2022-08-19 10:24:39 --> =================== DL_auth-> oauth::CALLBACK - kakao param=:: code=wXNaSvP4T_SMhfc5SeZ8wCXDkOhoamYbMU5HVwVv8QEyMG1jDz5H27qG4-9w2HFgOYgCBAopyV8AAAGCs7PFJw
DEBUG - 2022-08-19 10:24:39 --> =================== DL_auth -> kakao oauth :2: code=wXNaSvP4T_SMhfc5SeZ8wCXDkOhoamYbMU5HVwVv8QEyMG1jDz5H27qG4-9w2HFgOYgCBAopyV8AAAGCs7PFJw
DEBUG - 2022-08-19 10:24:39 --> ====================Dl_auth -> kakao_login :: 시작
DEBUG - 2022-08-19 10:24:39 --> ====================Dl_auth::kakao_login - 1.3.5- 사이트 회원정보 업데이트 성공(카카오 인증 완료) state=
DEBUG - 2022-08-19 10:24:40 --> UTF-8 Support Enabled
DEBUG - 2022-08-19 10:24:40 --> Global POST, GET and COOKIE data sanitized
DEBUG - 2022-08-19 10:24:40 --> Config file loaded: /hwonpark/www/application/config/tree.php
DEBUG - 2022-08-19 10:24:40 --> Encryption: Auto-configured driver 'openssl'.
DEBUG - 2022-08-19 10:24:40 --> Total execution time: 0.0358
DEBUG - 2022-08-19 10:24:44 --> UTF-8 Support Enabled
DEBUG - 2022-08-19 10:24:44 --> Global POST, GET and COOKIE data sanitized
DEBUG - 2022-08-19 10:24:44 --> Config file loaded: /hwonpark/www/application/config/tree.php
DEBUG - 2022-08-19 10:24:44 --> Encryption: Auto-configured driver 'openssl'.
DEBUG - 2022-08-19 10:24:44 --> Total execution time: 0.0407
DEBUG - 2022-08-19 10:48:30 --> UTF-8 Support Enabled
DEBUG - 2022-08-19 10:48:30 --> Global POST, GET and COOKIE data sanitized
DEBUG - 2022-08-19 10:48:30 --> Config file loaded: /hwonpark/www/application/config/tree.php
DEBUG - 2022-08-19 10:48:30 --> Total execution time: 0.0339
DEBUG - 2022-08-19 10:48:32 --> UTF-8 Support Enabled
DEBUG - 2022-08-19 10:48:32 --> Global POST, GET and COOKIE data sanitized
DEBUG - 2022-08-19 10:48:32 --> Config file loaded: /hwonpark/www/application/config/tree.php
DEBUG - 2022-08-19 10:48:32 --> Total execution time: 0.0364
DEBUG - 2022-08-19 11:56:06 --> UTF-8 Support Enabled
DEBUG - 2022-08-19 11:56:06 --> No URI present. Default controller set.
DEBUG - 2022-08-19 11:56:06 --> Global POST, GET and COOKIE data sanitized
DEBUG - 2022-08-19 11:56:06 --> Config file loaded: /hwonpark/www/application/config/tree.php
DEBUG - 2022-08-19 11:56:06 --> Total execution time: 0.0327
DEBUG - 2022-08-19 13:25:09 --> UTF-8 Support Enabled
DEBUG - 2022-08-19 13:25:09 --> No URI present. Default controller set.
DEBUG - 2022-08-19 13:25:09 --> Global POST, GET and COOKIE data sanitized
DEBUG - 2022-08-19 13:25:09 --> Config file loaded: /hwonpark/www/application/config/tree.php
DEBUG - 2022-08-19 13:25:09 --> Total execution time: 0.0683
DEBUG - 2022-08-19 13:25:09 --> UTF-8 Support Enabled
DEBUG - 2022-08-19 13:25:09 --> No URI present. Default controller set.
DEBUG - 2022-08-19 13:25:09 --> Global POST, GET and COOKIE data sanitized
DEBUG - 2022-08-19 13:25:09 --> Config file loaded: /hwonpark/www/application/config/tree.php
DEBUG - 2022-08-19 13:25:09 --> Total execution time: 0.0330
DEBUG - 2022-08-19 13:25:09 --> UTF-8 Support Enabled
DEBUG - 2022-08-19 13:25:09 --> Global POST, GET and COOKIE data sanitized
ERROR - 2022-08-19 13:25:09 --> 404 Page Not Found: Faviconico/index
DEBUG - 2022-08-19 13:25:11 --> UTF-8 Support Enabled
DEBUG - 2022-08-19 13:25:11 --> Global POST, GET and COOKIE data sanitized
DEBUG - 2022-08-19 13:25:11 --> Config file loaded: /hwonpark/www/application/config/tree.php
DEBUG - 2022-08-19 13:25:11 --> Total execution time: 0.0905
DEBUG - 2022-08-19 14:37:39 --> UTF-8 Support Enabled
DEBUG - 2022-08-19 14:37:39 --> No URI present. Default controller set.
DEBUG - 2022-08-19 14:37:39 --> Global POST, GET and COOKIE data sanitized
DEBUG - 2022-08-19 14:37:39 --> Config file loaded: /hwonpark/www/application/config/tree.php
DEBUG - 2022-08-19 14:37:39 --> Total execution time: 0.0344
DEBUG - 2022-08-19 14:37:41 --> UTF-8 Support Enabled
DEBUG - 2022-08-19 14:37:41 --> Global POST, GET and COOKIE data sanitized
ERROR - 2022-08-19 14:37:41 --> 404 Page Not Found: Faviconico/index
DEBUG - 2022-08-19 14:38:03 --> UTF-8 Support Enabled
DEBUG - 2022-08-19 14:38:03 --> Global POST, GET and COOKIE data sanitized
DEBUG - 2022-08-19 14:38:03 --> Config file loaded: /hwonpark/www/application/config/tree.php
DEBUG - 2022-08-19 14:38:03 --> Total execution time: 0.0416
DEBUG - 2022-08-19 14:38:10 --> UTF-8 Support Enabled
DEBUG - 2022-08-19 14:38:10 --> Global POST, GET and COOKIE data sanitized
DEBUG - 2022-08-19 14:38:10 --> Config file loaded: /hwonpark/www/application/config/tree.php
DEBUG - 2022-08-19 14:38:10 --> Total execution time: 0.0808
DEBUG - 2022-08-19 14:38:13 --> UTF-8 Support Enabled
DEBUG - 2022-08-19 14:38:13 --> Global POST, GET and COOKIE data sanitized
DEBUG - 2022-08-19 14:38:13 --> Config file loaded: /hwonpark/www/application/config/tree.php
DEBUG - 2022-08-19 14:38:13 --> =================== DL_auth-> oauth::CALLBACK - 시작
DEBUG - 2022-08-19 14:38:13 --> =================== DL_auth-> oauth::CALLBACK - kakao param=:: error=
DEBUG - 2022-08-19 14:38:13 --> =================== DL_auth-> oauth::CALLBACK - kakao param=:: state=
DEBUG - 2022-08-19 14:38:13 --> =================== DL_auth-> oauth::CALLBACK - kakao param=:: code=RbqvGuQGJ3o7JCtuown95ZCLYmjwsgkCRaAwGjC80wqMKW1LCUApKpGOFe8h_31PvFS2Uwo9dNoAAAGCtJvn_w
DEBUG - 2022-08-19 14:38:13 --> =================== DL_auth -> kakao oauth :2: code=RbqvGuQGJ3o7JCtuown95ZCLYmjwsgkCRaAwGjC80wqMKW1LCUApKpGOFe8h_31PvFS2Uwo9dNoAAAGCtJvn_w
DEBUG - 2022-08-19 14:38:13 --> ====================Dl_auth -> kakao_login :: 시작
DEBUG - 2022-08-19 14:38:13 --> --------------------Dl_auth::kakao_login - 1.토큰요청 시작
DEBUG - 2022-08-19 14:38:13 --> Dl_auth::kakao_login - get_token 시작 n=2
DEBUG - 2022-08-19 14:38:13 --> --------------------Dl_auth::kakao_login - 1.2.토큰요청 시작 -> 기타브라우저
DEBUG - 2022-08-19 14:38:13 --> --------------------Dl_auth::kakao_login - 1.3.토큰요청
DEBUG - 2022-08-19 14:38:13 --> --------------------Dl_auth::kakao_login - 1.4.토큰요청 -> 성공
DEBUG - 2022-08-19 14:38:13 --> UTF-8 Support Enabled
DEBUG - 2022-08-19 14:38:13 --> Global POST, GET and COOKIE data sanitized
DEBUG - 2022-08-19 14:38:13 --> Config file loaded: /hwonpark/www/application/config/tree.php
DEBUG - 2022-08-19 14:38:13 --> =================== DL_auth-> oauth::CALLBACK - 시작
DEBUG - 2022-08-19 14:38:13 --> =================== DL_auth-> oauth::CALLBACK - kakao param=:: error=
DEBUG - 2022-08-19 14:38:13 --> =================== DL_auth-> oauth::CALLBACK - kakao param=:: state=
DEBUG - 2022-08-19 14:38:13 --> =================== DL_auth-> oauth::CALLBACK - kakao param=:: code=RbqvGuQGJ3o7JCtuown95ZCLYmjwsgkCRaAwGjC80wqMKW1LCUApKpGOFe8h_31PvFS2Uwo9dNoAAAGCtJvn_w
DEBUG - 2022-08-19 14:38:13 --> =================== DL_auth -> kakao oauth :2: code=RbqvGuQGJ3o7JCtuown95ZCLYmjwsgkCRaAwGjC80wqMKW1LCUApKpGOFe8h_31PvFS2Uwo9dNoAAAGCtJvn_w
DEBUG - 2022-08-19 14:38:13 --> ====================Dl_auth -> kakao_login :: 시작
DEBUG - 2022-08-19 14:38:13 --> ====================Dl_auth::kakao_login - 1.3.5- 사이트 회원정보 업데이트 성공(카카오 인증 완료) state=
DEBUG - 2022-08-19 14:38:49 --> UTF-8 Support Enabled
DEBUG - 2022-08-19 14:38:49 --> Global POST, GET and COOKIE data sanitized
DEBUG - 2022-08-19 14:38:49 --> Config file loaded: /hwonpark/www/application/config/tree.php
DEBUG - 2022-08-19 14:38:49 --> Encryption: Auto-configured driver 'openssl'.
DEBUG - 2022-08-19 14:38:49 --> Total execution time: 0.0361
DEBUG - 2022-08-19 14:38:54 --> UTF-8 Support Enabled
DEBUG - 2022-08-19 14:38:54 --> Global POST, GET and COOKIE data sanitized
DEBUG - 2022-08-19 14:38:54 --> Config file loaded: /hwonpark/www/application/config/tree.php
DEBUG - 2022-08-19 14:38:54 --> Encryption: Auto-configured driver 'openssl'.
DEBUG - 2022-08-19 14:38:54 --> Total execution time: 0.0615
DEBUG - 2022-08-19 14:38:58 --> UTF-8 Support Enabled
DEBUG - 2022-08-19 14:38:58 --> Global POST, GET and COOKIE data sanitized
DEBUG - 2022-08-19 14:38:58 --> Config file loaded: /hwonpark/www/application/config/tree.php
DEBUG - 2022-08-19 14:38:58 --> Encryption: Auto-configured driver 'openssl'.
DEBUG - 2022-08-19 14:38:58 --> Total execution time: 0.0621
DEBUG - 2022-08-19 14:41:47 --> UTF-8 Support Enabled
DEBUG - 2022-08-19 14:41:47 --> Global POST, GET and COOKIE data sanitized
DEBUG - 2022-08-19 14:41:47 --> Config file loaded: /hwonpark/www/application/config/tree.php
DEBUG - 2022-08-19 14:41:47 --> Encryption: Auto-configured driver 'openssl'.
DEBUG - 2022-08-19 14:41:47 --> Total execution time: 0.0418
DEBUG - 2022-08-19 14:41:50 --> UTF-8 Support Enabled
DEBUG - 2022-08-19 14:41:50 --> Global POST, GET and COOKIE data sanitized
DEBUG - 2022-08-19 14:41:50 --> Config file loaded: /hwonpark/www/application/config/tree.php
DEBUG - 2022-08-19 14:41:50 --> Encryption: Auto-configured driver 'openssl'.
DEBUG - 2022-08-19 14:41:50 --> Total execution time: 0.0639
DEBUG - 2022-08-19 14:42:02 --> UTF-8 Support Enabled
DEBUG - 2022-08-19 14:42:02 --> Global POST, GET and COOKIE data sanitized
DEBUG - 2022-08-19 14:42:02 --> Config file loaded: /hwonpark/www/application/config/tree.php
DEBUG - 2022-08-19 14:42:02 --> Encryption: Auto-configured driver 'openssl'.
DEBUG - 2022-08-19 14:42:02 --> Total execution time: 0.0457
DEBUG - 2022-08-19 14:42:04 --> UTF-8 Support Enabled
DEBUG - 2022-08-19 14:42:04 --> Global POST, GET and COOKIE data sanitized
DEBUG - 2022-08-19 14:42:04 --> Config file loaded: /hwonpark/www/application/config/tree.php
DEBUG - 2022-08-19 14:42:04 --> Encryption: Auto-configured driver 'openssl'.
DEBUG - 2022-08-19 14:42:04 --> Total execution time: 0.0621
DEBUG - 2022-08-19 14:42:10 --> UTF-8 Support Enabled
DEBUG - 2022-08-19 14:42:10 --> Global POST, GET and COOKIE data sanitized
DEBUG - 2022-08-19 14:42:10 --> Config file loaded: /hwonpark/www/application/config/tree.php
DEBUG - 2022-08-19 14:42:10 --> Encryption: Auto-configured driver 'openssl'.
DEBUG - 2022-08-19 14:42:10 --> Total execution time: 0.0370
DEBUG - 2022-08-19 14:51:04 --> UTF-8 Support Enabled
DEBUG - 2022-08-19 14:51:04 --> Global POST, GET and COOKIE data sanitized
DEBUG - 2022-08-19 14:51:04 --> Config file loaded: /hwonpark/www/application/config/tree.php
DEBUG - 2022-08-19 14:51:04 --> Total execution time: 0.0305
DEBUG - 2022-08-19 14:51:12 --> UTF-8 Support Enabled
DEBUG - 2022-08-19 14:51:12 --> Global POST, GET and COOKIE data sanitized
ERROR - 2022-08-19 14:51:12 --> 404 Page Not Found: Faviconico/index
DEBUG - 2022-08-19 17:40:56 --> UTF-8 Support Enabled
DEBUG - 2022-08-19 17:40:56 --> Global POST, GET and COOKIE data sanitized
DEBUG - 2022-08-19 17:40:56 --> Config file loaded: /hwonpark/www/application/config/tree.php
DEBUG - 2022-08-19 17:40:56 --> UTF-8 Support Enabled
DEBUG - 2022-08-19 17:40:56 --> No URI present. Default controller set.
DEBUG - 2022-08-19 17:40:56 --> Global POST, GET and COOKIE data sanitized
DEBUG - 2022-08-19 17:40:56 --> Config file loaded: /hwonpark/www/application/config/tree.php
DEBUG - 2022-08-19 17:40:56 --> Total execution time: 0.2324
DEBUG - 2022-08-19 17:40:56 --> Total execution time: 0.0341
DEBUG - 2022-08-19 17:41:05 --> UTF-8 Support Enabled
DEBUG - 2022-08-19 17:41:05 --> UTF-8 Support Enabled
DEBUG - 2022-08-19 17:41:05 --> No URI present. Default controller set.
DEBUG - 2022-08-19 17:41:05 --> Global POST, GET and COOKIE data sanitized
DEBUG - 2022-08-19 17:41:05 --> Global POST, GET and COOKIE data sanitized
ERROR - 2022-08-19 17:41:05 --> 404 Page Not Found: Faviconico/index
DEBUG - 2022-08-19 17:41:05 --> Config file loaded: /hwonpark/www/application/config/tree.php
DEBUG - 2022-08-19 17:41:05 --> Total execution time: 0.0325
DEBUG - 2022-08-19 17:41:05 --> UTF-8 Support Enabled
DEBUG - 2022-08-19 17:41:05 --> Global POST, GET and COOKIE data sanitized
ERROR - 2022-08-19 17:41:05 --> 404 Page Not Found: Faviconico/index
DEBUG - 2022-08-19 17:41:09 --> UTF-8 Support Enabled
DEBUG - 2022-08-19 17:41:09 --> Global POST, GET and COOKIE data sanitized
DEBUG - 2022-08-19 17:41:09 --> Config file loaded: /hwonpark/www/application/config/tree.php
DEBUG - 2022-08-19 17:41:09 --> Total execution time: 0.0687
DEBUG - 2022-08-19 21:38:11 --> UTF-8 Support Enabled
DEBUG - 2022-08-19 21:38:11 --> No URI present. Default controller set.
DEBUG - 2022-08-19 21:38:11 --> Global POST, GET and COOKIE data sanitized
DEBUG - 2022-08-19 21:38:11 --> Config file loaded: /hwonpark/www/application/config/tree.php
DEBUG - 2022-08-19 21:38:11 --> Total execution time: 0.1506
DEBUG - 2022-08-19 21:38:14 --> UTF-8 Support Enabled
DEBUG - 2022-08-19 21:38:14 --> Global POST, GET and COOKIE data sanitized
DEBUG - 2022-08-19 21:38:14 --> Config file loaded: /hwonpark/www/application/config/tree.php
DEBUG - 2022-08-19 21:38:14 --> --------------------DC_common::chk_perm - 1.인가코드요청 시작 -> if 인앱브라우저
DEBUG - 2022-08-19 21:38:14 --> UTF-8 Support Enabled
DEBUG - 2022-08-19 21:38:14 --> Global POST, GET and COOKIE data sanitized
DEBUG - 2022-08-19 21:38:14 --> Config file loaded: /hwonpark/www/application/config/tree.php
DEBUG - 2022-08-19 21:38:14 --> =================== DL_auth-> oauth::CALLBACK - 시작
DEBUG - 2022-08-19 21:38:14 --> =================== DL_auth-> oauth::CALLBACK - kakao param=:: error=
DEBUG - 2022-08-19 21:38:14 --> =================== DL_auth-> oauth::CALLBACK - kakao param=:: state=/ko/brief/view?idx=28
DEBUG - 2022-08-19 21:38:14 --> =================== DL_auth-> oauth::CALLBACK - kakao param=:: code=izegTb3ws8xFsaeH3CNHKkr19qv6D_uIBPDkKy0gqSbaIkfG_WfMHZ0eTmGSyf8MHcq3tgopyV4AAAGCthx1vw
DEBUG - 2022-08-19 21:38:14 --> =================== DL_auth -> kakao oauth :2: code=izegTb3ws8xFsaeH3CNHKkr19qv6D_uIBPDkKy0gqSbaIkfG_WfMHZ0eTmGSyf8MHcq3tgopyV4AAAGCthx1vw
DEBUG - 2022-08-19 21:38:14 --> ====================Dl_auth -> kakao_login :: 시작
DEBUG - 2022-08-19 21:38:14 --> --------------------Dl_auth::kakao_login - 1.토큰요청 시작
DEBUG - 2022-08-19 21:38:14 --> Dl_auth::kakao_login - get_token 시작 n=2
DEBUG - 2022-08-19 21:38:14 --> --------------------Dl_auth::kakao_login - 1.2.토큰요청 시작 -> 기타브라우저
DEBUG - 2022-08-19 21:38:14 --> --------------------Dl_auth::kakao_login - 1.3.토큰요청
DEBUG - 2022-08-19 21:38:14 --> --------------------Dl_auth::kakao_login - 1.4.토큰요청 -> 성공
DEBUG - 2022-08-19 21:38:14 --> UTF-8 Support Enabled
DEBUG - 2022-08-19 21:38:14 --> Global POST, GET and COOKIE data sanitized
DEBUG - 2022-08-19 21:38:14 --> Config file loaded: /hwonpark/www/application/config/tree.php
DEBUG - 2022-08-19 21:38:14 --> =================== DL_auth-> oauth::CALLBACK - 시작
DEBUG - 2022-08-19 21:38:14 --> =================== DL_auth-> oauth::CALLBACK - kakao param=:: error=
DEBUG - 2022-08-19 21:38:14 --> =================== DL_auth-> oauth::CALLBACK - kakao param=:: state=/ko/brief/view?idx=28
DEBUG - 2022-08-19 21:38:14 --> =================== DL_auth-> oauth::CALLBACK - kakao param=:: code=izegTb3ws8xFsaeH3CNHKkr19qv6D_uIBPDkKy0gqSbaIkfG_WfMHZ0eTmGSyf8MHcq3tgopyV4AAAGCthx1vw
DEBUG - 2022-08-19 21:38:14 --> =================== DL_auth -> kakao oauth :2: code=izegTb3ws8xFsaeH3CNHKkr19qv6D_uIBPDkKy0gqSbaIkfG_WfMHZ0eTmGSyf8MHcq3tgopyV4AAAGCthx1vw
DEBUG - 2022-08-19 21:38:14 --> ====================Dl_auth -> kakao_login :: 시작
DEBUG - 2022-08-19 21:38:15 --> ====================Dl_auth::kakao_login - 1.3.5- 사이트 회원정보 업데이트 성공(카카오 인증 완료) state=/ko/brief/view?idx=28
DEBUG - 2022-08-19 21:38:15 --> UTF-8 Support Enabled
DEBUG - 2022-08-19 21:38:15 --> Global POST, GET and COOKIE data sanitized
DEBUG - 2022-08-19 21:38:15 --> Config file loaded: /hwonpark/www/application/config/tree.php
DEBUG - 2022-08-19 21:38:15 --> Encryption: Auto-configured driver 'openssl'.
DEBUG - 2022-08-19 21:38:15 --> --------------------DC_common::chk_perm - 1.인가코드요청 시작 -> if 인앱브라우저
DEBUG - 2022-08-19 21:38:15 --> Total execution time: 0.0830
DEBUG - 2022-08-19 21:38:18 --> UTF-8 Support Enabled
DEBUG - 2022-08-19 21:38:18 --> No URI present. Default controller set.
DEBUG - 2022-08-19 21:38:18 --> Global POST, GET and COOKIE data sanitized
DEBUG - 2022-08-19 21:38:18 --> Config file loaded: /hwonpark/www/application/config/tree.php
DEBUG - 2022-08-19 21:38:18 --> Encryption: Auto-configured driver 'openssl'.
DEBUG - 2022-08-19 21:38:18 --> Total execution time: 0.0373
DEBUG - 2022-08-19 21:38:20 --> UTF-8 Support Enabled
DEBUG - 2022-08-19 21:38:20 --> Global POST, GET and COOKIE data sanitized
DEBUG - 2022-08-19 21:38:20 --> Config file loaded: /hwonpark/www/application/config/tree.php
DEBUG - 2022-08-19 21:38:20 --> Encryption: Auto-configured driver 'openssl'.
DEBUG - 2022-08-19 21:38:20 --> --------------------DC_common::chk_perm - 1.인가코드요청 시작 -> if 인앱브라우저
DEBUG - 2022-08-19 21:38:20 --> Total execution time: 0.0474
