DEBUG - 2022-06-19 09:17:47 --> UTF-8 Support Enabled
DEBUG - 2022-06-19 09:17:47 --> No URI present. Default controller set.
DEBUG - 2022-06-19 09:17:47 --> Global POST, GET and COOKIE data sanitized
DEBUG - 2022-06-19 09:17:47 --> Config file loaded: /hwonpark/www/application/config/tree.php
DEBUG - 2022-06-19 09:17:47 --> Total execution time: 0.2256
DEBUG - 2022-06-19 09:17:49 --> UTF-8 Support Enabled
DEBUG - 2022-06-19 09:17:49 --> Global POST, GET and COOKIE data sanitized
ERROR - 2022-06-19 09:17:49 --> 404 Page Not Found: Faviconico/index
DEBUG - 2022-06-19 18:22:26 --> UTF-8 Support Enabled
DEBUG - 2022-06-19 18:22:26 --> No URI present. Default controller set.
DEBUG - 2022-06-19 18:22:26 --> Global POST, GET and COOKIE data sanitized
DEBUG - 2022-06-19 18:22:26 --> Config file loaded: /hwonpark/www/application/config/tree.php
DEBUG - 2022-06-19 18:22:26 --> Total execution time: 0.2041
DEBUG - 2022-06-19 18:22:26 --> UTF-8 Support Enabled
DEBUG - 2022-06-19 18:22:26 --> Global POST, GET and COOKIE data sanitized
ERROR - 2022-06-19 18:22:26 --> 404 Page Not Found: Faviconico/index
DEBUG - 2022-06-19 23:46:05 --> UTF-8 Support Enabled
DEBUG - 2022-06-19 23:46:05 --> No URI present. Default controller set.
DEBUG - 2022-06-19 23:46:05 --> Global POST, GET and COOKIE data sanitized
DEBUG - 2022-06-19 23:46:05 --> Config file loaded: /hwonpark/www/application/config/tree.php
DEBUG - 2022-06-19 23:46:05 --> Total execution time: 0.1838
DEBUG - 2022-06-19 23:46:07 --> UTF-8 Support Enabled
DEBUG - 2022-06-19 23:46:07 --> Global POST, GET and COOKIE data sanitized
ERROR - 2022-06-19 23:46:07 --> 404 Page Not Found: Faviconico/index
DEBUG - 2022-06-19 23:46:15 --> UTF-8 Support Enabled
DEBUG - 2022-06-19 23:46:15 --> Global POST, GET and COOKIE data sanitized
DEBUG - 2022-06-19 23:46:15 --> Config file loaded: /hwonpark/www/application/config/tree.php
DEBUG - 2022-06-19 23:46:15 --> Total execution time: 0.0754
DEBUG - 2022-06-19 23:46:22 --> UTF-8 Support Enabled
DEBUG - 2022-06-19 23:46:22 --> No URI present. Default controller set.
DEBUG - 2022-06-19 23:46:22 --> Global POST, GET and COOKIE data sanitized
DEBUG - 2022-06-19 23:46:22 --> Config file loaded: /hwonpark/www/application/config/tree.php
DEBUG - 2022-06-19 23:46:22 --> Total execution time: 0.0340
DEBUG - 2022-06-19 23:46:29 --> UTF-8 Support Enabled
DEBUG - 2022-06-19 23:46:29 --> Global POST, GET and COOKIE data sanitized
DEBUG - 2022-06-19 23:46:29 --> Config file loaded: /hwonpark/www/application/config/tree.php
DEBUG - 2022-06-19 23:46:29 --> Total execution time: 0.0468
DEBUG - 2022-06-19 23:46:40 --> UTF-8 Support Enabled
DEBUG - 2022-06-19 23:46:40 --> Global POST, GET and COOKIE data sanitized
DEBUG - 2022-06-19 23:46:40 --> Config file loaded: /hwonpark/www/application/config/tree.php
DEBUG - 2022-06-19 23:46:40 --> Total execution time: 0.0568
DEBUG - 2022-06-19 23:46:46 --> UTF-8 Support Enabled
DEBUG - 2022-06-19 23:46:46 --> Global POST, GET and COOKIE data sanitized
DEBUG - 2022-06-19 23:46:46 --> Config file loaded: /hwonpark/www/application/config/tree.php
DEBUG - 2022-06-19 23:46:46 --> Total execution time: 0.0456
DEBUG - 2022-06-19 23:46:46 --> UTF-8 Support Enabled
DEBUG - 2022-06-19 23:46:46 --> No URI present. Default controller set.
DEBUG - 2022-06-19 23:46:46 --> Global POST, GET and COOKIE data sanitized
DEBUG - 2022-06-19 23:46:46 --> Config file loaded: /hwonpark/www/application/config/tree.php
DEBUG - 2022-06-19 23:46:46 --> Total execution time: 0.0282
