DEBUG - 2022-11-19 00:24:17 --> UTF-8 Support Enabled
DEBUG - 2022-11-19 00:24:17 --> No URI present. Default controller set.
DEBUG - 2022-11-19 00:24:17 --> Global POST, GET and COOKIE data sanitized
DEBUG - 2022-11-19 00:24:17 --> Config file loaded: /hwonpark/www/application/config/tree.php
DEBUG - 2022-11-19 00:24:17 --> Total execution time: 0.2075
DEBUG - 2022-11-19 00:24:20 --> UTF-8 Support Enabled
DEBUG - 2022-11-19 00:24:20 --> Global POST, GET and COOKIE data sanitized
ERROR - 2022-11-19 00:24:20 --> 404 Page Not Found: Faviconico/index
DEBUG - 2022-11-19 01:19:35 --> UTF-8 Support Enabled
DEBUG - 2022-11-19 01:19:35 --> Global POST, GET and COOKIE data sanitized
DEBUG - 2022-11-19 01:19:35 --> Config file loaded: /hwonpark/www/application/config/tree.php
DEBUG - 2022-11-19 01:19:35 --> --------------------DC_common::chk_perm - 1.인가코드요청 시작 -> if 인앱브라우저
DEBUG - 2022-11-19 01:19:37 --> UTF-8 Support Enabled
DEBUG - 2022-11-19 01:19:37 --> Global POST, GET and COOKIE data sanitized
ERROR - 2022-11-19 01:19:37 --> 404 Page Not Found: Faviconico/index
DEBUG - 2022-11-19 01:19:55 --> UTF-8 Support Enabled
DEBUG - 2022-11-19 01:19:55 --> Global POST, GET and COOKIE data sanitized
DEBUG - 2022-11-19 01:19:55 --> Config file loaded: /hwonpark/www/application/config/tree.php
DEBUG - 2022-11-19 01:19:55 --> =================== DL_auth-> oauth::CALLBACK - 시작
DEBUG - 2022-11-19 01:19:55 --> =================== DL_auth-> oauth::CALLBACK - kakao param=:: error=
DEBUG - 2022-11-19 01:19:55 --> =================== DL_auth-> oauth::CALLBACK - kakao param=:: state=/ko/brief/view?idx=36&ckattempt=1
DEBUG - 2022-11-19 01:19:55 --> =================== DL_auth-> oauth::CALLBACK - kakao param=:: code=Q9S84saTUdVVVfb6RU0v3PNeeyfVCw2Xx6E3mx2AtBhnxFcJTx0jOUq6vNpIzBsXXNHNlgo9cpgAAAGEi4oblQ
DEBUG - 2022-11-19 01:19:55 --> =================== DL_auth -> kakao oauth :2: code=Q9S84saTUdVVVfb6RU0v3PNeeyfVCw2Xx6E3mx2AtBhnxFcJTx0jOUq6vNpIzBsXXNHNlgo9cpgAAAGEi4oblQ
DEBUG - 2022-11-19 01:19:55 --> ====================Dl_auth -> kakao_login :: 시작
DEBUG - 2022-11-19 01:19:55 --> --------------------Dl_auth::kakao_login - 1.토큰요청 시작
DEBUG - 2022-11-19 01:19:55 --> Dl_auth::kakao_login - get_token 시작 n=2
DEBUG - 2022-11-19 01:19:55 --> --------------------Dl_auth::kakao_login - 1.2.토큰요청 시작 -> 기타브라우저
DEBUG - 2022-11-19 01:19:55 --> --------------------Dl_auth::kakao_login - 1.3.토큰요청
DEBUG - 2022-11-19 01:19:55 --> --------------------Dl_auth::kakao_login - 1.4.토큰요청 -> 성공
DEBUG - 2022-11-19 01:19:55 --> UTF-8 Support Enabled
DEBUG - 2022-11-19 01:19:55 --> Global POST, GET and COOKIE data sanitized
DEBUG - 2022-11-19 01:19:55 --> Config file loaded: /hwonpark/www/application/config/tree.php
DEBUG - 2022-11-19 01:19:55 --> =================== DL_auth-> oauth::CALLBACK - 시작
DEBUG - 2022-11-19 01:19:55 --> =================== DL_auth-> oauth::CALLBACK - kakao param=:: error=
DEBUG - 2022-11-19 01:19:55 --> =================== DL_auth-> oauth::CALLBACK - kakao param=:: state=/ko/brief/view?idx=36&ckattempt=1
DEBUG - 2022-11-19 01:19:55 --> =================== DL_auth-> oauth::CALLBACK - kakao param=:: code=Q9S84saTUdVVVfb6RU0v3PNeeyfVCw2Xx6E3mx2AtBhnxFcJTx0jOUq6vNpIzBsXXNHNlgo9cpgAAAGEi4oblQ
DEBUG - 2022-11-19 01:19:55 --> =================== DL_auth -> kakao oauth :2: code=Q9S84saTUdVVVfb6RU0v3PNeeyfVCw2Xx6E3mx2AtBhnxFcJTx0jOUq6vNpIzBsXXNHNlgo9cpgAAAGEi4oblQ
DEBUG - 2022-11-19 01:19:55 --> ====================Dl_auth -> kakao_login :: 시작
DEBUG - 2022-11-19 01:20:00 --> UTF-8 Support Enabled
DEBUG - 2022-11-19 01:20:00 --> Global POST, GET and COOKIE data sanitized
DEBUG - 2022-11-19 01:20:00 --> Config file loaded: /hwonpark/www/application/config/tree.php
DEBUG - 2022-11-19 01:20:00 --> Total execution time: 0.0338
DEBUG - 2022-11-19 01:20:09 --> UTF-8 Support Enabled
DEBUG - 2022-11-19 01:20:09 --> Global POST, GET and COOKIE data sanitized
DEBUG - 2022-11-19 01:20:09 --> Session class already loaded. Second attempt ignored.
DEBUG - 2022-11-19 01:20:09 --> Total execution time: 0.0150
DEBUG - 2022-11-19 01:20:11 --> UTF-8 Support Enabled
DEBUG - 2022-11-19 01:20:11 --> Global POST, GET and COOKIE data sanitized
DEBUG - 2022-11-19 01:20:11 --> Config file loaded: /hwonpark/www/application/config/tree.php
DEBUG - 2022-11-19 01:20:11 --> =================== DL_auth-> oauth::CALLBACK - 시작
DEBUG - 2022-11-19 01:20:11 --> =================== DL_auth-> oauth::CALLBACK - kakao param=:: error=
DEBUG - 2022-11-19 01:20:11 --> =================== DL_auth-> oauth::CALLBACK - kakao param=:: state=
DEBUG - 2022-11-19 01:20:11 --> =================== DL_auth-> oauth::CALLBACK - kakao param=:: code=Rb0T7ruJtvkHSVqz-erl3q932u6_nqnhAmwy1j1BVpSRu2Wv6Bv8OpucDGey3bMmt_Gkngo9cxgAAAGEi4pbRg
DEBUG - 2022-11-19 01:20:11 --> =================== DL_auth -> kakao oauth :2: code=Rb0T7ruJtvkHSVqz-erl3q932u6_nqnhAmwy1j1BVpSRu2Wv6Bv8OpucDGey3bMmt_Gkngo9cxgAAAGEi4pbRg
DEBUG - 2022-11-19 01:20:11 --> ====================Dl_auth -> kakao_login :: 시작
DEBUG - 2022-11-19 01:20:12 --> UTF-8 Support Enabled
DEBUG - 2022-11-19 01:20:12 --> Global POST, GET and COOKIE data sanitized
DEBUG - 2022-11-19 01:20:12 --> Config file loaded: /hwonpark/www/application/config/tree.php
DEBUG - 2022-11-19 01:20:12 --> =================== DL_auth -> joinForm :: 시작
DEBUG - 2022-11-19 01:20:12 --> =================== DL_auth -> joinForm :: 끝
DEBUG - 2022-11-19 01:20:12 --> Total execution time: 0.0371
DEBUG - 2022-11-19 01:20:18 --> UTF-8 Support Enabled
DEBUG - 2022-11-19 01:20:18 --> Global POST, GET and COOKIE data sanitized
DEBUG - 2022-11-19 01:20:18 --> Config file loaded: /hwonpark/www/application/config/tree.php
DEBUG - 2022-11-19 01:20:18 --> ====================Dl_auth -> signup :: 시작
DEBUG - 2022-11-19 01:20:18 --> Encryption: Auto-configured driver 'openssl'.
DEBUG - 2022-11-19 01:20:20 --> UTF-8 Support Enabled
DEBUG - 2022-11-19 01:20:20 --> No URI present. Default controller set.
DEBUG - 2022-11-19 01:20:20 --> Global POST, GET and COOKIE data sanitized
DEBUG - 2022-11-19 01:20:20 --> Config file loaded: /hwonpark/www/application/config/tree.php
DEBUG - 2022-11-19 01:20:20 --> Encryption: Auto-configured driver 'openssl'.
DEBUG - 2022-11-19 01:20:20 --> Total execution time: 0.0761
DEBUG - 2022-11-19 01:20:25 --> UTF-8 Support Enabled
DEBUG - 2022-11-19 01:20:25 --> Global POST, GET and COOKIE data sanitized
DEBUG - 2022-11-19 01:20:25 --> Config file loaded: /hwonpark/www/application/config/tree.php
DEBUG - 2022-11-19 01:20:25 --> Encryption: Auto-configured driver 'openssl'.
DEBUG - 2022-11-19 01:20:25 --> --------------------DC_common::chk_perm - 1.인가코드요청 시작 -> if 인앱브라우저
DEBUG - 2022-11-19 01:20:25 --> Total execution time: 0.1114
DEBUG - 2022-11-19 01:20:32 --> UTF-8 Support Enabled
DEBUG - 2022-11-19 01:20:32 --> Global POST, GET and COOKIE data sanitized
DEBUG - 2022-11-19 01:20:32 --> Config file loaded: /hwonpark/www/application/config/tree.php
DEBUG - 2022-11-19 01:20:32 --> Encryption: Auto-configured driver 'openssl'.
DEBUG - 2022-11-19 01:20:32 --> Total execution time: 0.0804
DEBUG - 2022-11-19 01:20:32 --> UTF-8 Support Enabled
DEBUG - 2022-11-19 01:20:32 --> Global POST, GET and COOKIE data sanitized
ERROR - 2022-11-19 01:20:32 --> 404 Page Not Found: Faviconico/index
DEBUG - 2022-11-19 18:10:35 --> UTF-8 Support Enabled
DEBUG - 2022-11-19 18:10:35 --> No URI present. Default controller set.
DEBUG - 2022-11-19 18:10:35 --> Global POST, GET and COOKIE data sanitized
DEBUG - 2022-11-19 18:10:35 --> Config file loaded: /hwonpark/www/application/config/tree.php
DEBUG - 2022-11-19 18:10:36 --> Total execution time: 0.3438
DEBUG - 2022-11-19 23:15:53 --> UTF-8 Support Enabled
DEBUG - 2022-11-19 23:15:53 --> Global POST, GET and COOKIE data sanitized
ERROR - 2022-11-19 23:15:53 --> 404 Page Not Found: Public/_ignition
DEBUG - 2022-11-19 23:15:56 --> UTF-8 Support Enabled
DEBUG - 2022-11-19 23:15:56 --> Global POST, GET and COOKIE data sanitized
ERROR - 2022-11-19 23:15:56 --> 404 Page Not Found: _ignition/health-check
DEBUG - 2022-11-19 23:16:00 --> UTF-8 Support Enabled
DEBUG - 2022-11-19 23:16:00 --> Global POST, GET and COOKIE data sanitized
ERROR - 2022-11-19 23:16:00 --> 404 Page Not Found: Wp-includes/wlwmanifest.xml
