DEBUG - 2022-11-24 09:32:02 --> UTF-8 Support Enabled
DEBUG - 2022-11-24 09:32:02 --> No URI present. Default controller set.
DEBUG - 2022-11-24 09:32:02 --> Global POST, GET and COOKIE data sanitized
DEBUG - 2022-11-24 09:32:02 --> Config file loaded: /hwonpark/www/application/config/tree.php
DEBUG - 2022-11-24 09:32:03 --> Total execution time: 0.7464
DEBUG - 2022-11-24 09:32:03 --> UTF-8 Support Enabled
DEBUG - 2022-11-24 09:32:03 --> Global POST, GET and COOKIE data sanitized
ERROR - 2022-11-24 09:32:03 --> 404 Page Not Found: Faviconico/index
DEBUG - 2022-11-24 09:32:07 --> UTF-8 Support Enabled
DEBUG - 2022-11-24 09:32:07 --> Global POST, GET and COOKIE data sanitized
DEBUG - 2022-11-24 09:32:07 --> Config file loaded: /hwonpark/www/application/config/tree.php
DEBUG - 2022-11-24 09:32:07 --> Total execution time: 0.1222
DEBUG - 2022-11-24 09:32:24 --> UTF-8 Support Enabled
DEBUG - 2022-11-24 09:32:24 --> Global POST, GET and COOKIE data sanitized
DEBUG - 2022-11-24 09:32:24 --> Config file loaded: /hwonpark/www/application/config/tree.php
DEBUG - 2022-11-24 09:32:24 --> Total execution time: 0.0454
DEBUG - 2022-11-24 12:23:03 --> UTF-8 Support Enabled
DEBUG - 2022-11-24 12:23:03 --> No URI present. Default controller set.
DEBUG - 2022-11-24 12:23:03 --> Global POST, GET and COOKIE data sanitized
DEBUG - 2022-11-24 12:23:03 --> Config file loaded: /hwonpark/www/application/config/tree.php
DEBUG - 2022-11-24 12:23:03 --> Total execution time: 0.1969
DEBUG - 2022-11-24 12:23:04 --> UTF-8 Support Enabled
DEBUG - 2022-11-24 12:23:04 --> Global POST, GET and COOKIE data sanitized
ERROR - 2022-11-24 12:23:04 --> 404 Page Not Found: Faviconico/index
DEBUG - 2022-11-24 16:59:28 --> UTF-8 Support Enabled
DEBUG - 2022-11-24 16:59:28 --> No URI present. Default controller set.
DEBUG - 2022-11-24 16:59:28 --> Global POST, GET and COOKIE data sanitized
DEBUG - 2022-11-24 16:59:29 --> Config file loaded: /hwonpark/www/application/config/tree.php
DEBUG - 2022-11-24 16:59:29 --> Total execution time: 0.2623
DEBUG - 2022-11-24 16:59:30 --> UTF-8 Support Enabled
DEBUG - 2022-11-24 16:59:30 --> Global POST, GET and COOKIE data sanitized
ERROR - 2022-11-24 16:59:30 --> 404 Page Not Found: Faviconico/index
DEBUG - 2022-11-24 17:03:10 --> UTF-8 Support Enabled
DEBUG - 2022-11-24 17:03:10 --> No URI present. Default controller set.
DEBUG - 2022-11-24 17:03:10 --> Global POST, GET and COOKIE data sanitized
DEBUG - 2022-11-24 17:03:10 --> Config file loaded: /hwonpark/www/application/config/tree.php
DEBUG - 2022-11-24 17:03:10 --> Total execution time: 0.0353
DEBUG - 2022-11-24 17:03:10 --> UTF-8 Support Enabled
DEBUG - 2022-11-24 17:03:10 --> No URI present. Default controller set.
DEBUG - 2022-11-24 17:03:10 --> Global POST, GET and COOKIE data sanitized
DEBUG - 2022-11-24 17:03:10 --> Config file loaded: /hwonpark/www/application/config/tree.php
DEBUG - 2022-11-24 17:03:10 --> Total execution time: 0.0362
DEBUG - 2022-11-24 17:03:10 --> UTF-8 Support Enabled
DEBUG - 2022-11-24 17:03:10 --> No URI present. Default controller set.
DEBUG - 2022-11-24 17:03:10 --> Global POST, GET and COOKIE data sanitized
DEBUG - 2022-11-24 17:03:10 --> Config file loaded: /hwonpark/www/application/config/tree.php
DEBUG - 2022-11-24 17:03:10 --> Total execution time: 0.0328
DEBUG - 2022-11-24 17:04:00 --> UTF-8 Support Enabled
DEBUG - 2022-11-24 17:04:00 --> No URI present. Default controller set.
DEBUG - 2022-11-24 17:04:00 --> Global POST, GET and COOKIE data sanitized
DEBUG - 2022-11-24 17:04:00 --> Config file loaded: /hwonpark/www/application/config/tree.php
DEBUG - 2022-11-24 17:04:00 --> Total execution time: 0.0883
DEBUG - 2022-11-24 18:12:53 --> UTF-8 Support Enabled
DEBUG - 2022-11-24 18:12:53 --> No URI present. Default controller set.
DEBUG - 2022-11-24 18:12:53 --> Global POST, GET and COOKIE data sanitized
DEBUG - 2022-11-24 18:12:53 --> Config file loaded: /hwonpark/www/application/config/tree.php
DEBUG - 2022-11-24 18:12:53 --> Total execution time: 0.0358
DEBUG - 2022-11-24 18:12:54 --> UTF-8 Support Enabled
DEBUG - 2022-11-24 18:12:54 --> Global POST, GET and COOKIE data sanitized
ERROR - 2022-11-24 18:12:54 --> 404 Page Not Found: Faviconico/index
DEBUG - 2022-11-24 18:13:11 --> UTF-8 Support Enabled
DEBUG - 2022-11-24 18:13:11 --> Global POST, GET and COOKIE data sanitized
DEBUG - 2022-11-24 18:13:11 --> Config file loaded: /hwonpark/www/application/config/tree.php
DEBUG - 2022-11-24 18:13:11 --> Total execution time: 0.0269
DEBUG - 2022-11-24 18:16:06 --> UTF-8 Support Enabled
DEBUG - 2022-11-24 18:16:06 --> Global POST, GET and COOKIE data sanitized
DEBUG - 2022-11-24 18:16:06 --> Config file loaded: /hwonpark/www/application/config/tree.php
DEBUG - 2022-11-24 18:16:06 --> Total execution time: 0.0803
DEBUG - 2022-11-24 18:16:08 --> UTF-8 Support Enabled
DEBUG - 2022-11-24 18:16:08 --> Global POST, GET and COOKIE data sanitized
DEBUG - 2022-11-24 18:16:08 --> Config file loaded: /hwonpark/www/application/config/tree.php
DEBUG - 2022-11-24 18:16:08 --> Total execution time: 0.0627
DEBUG - 2022-11-24 18:16:11 --> UTF-8 Support Enabled
DEBUG - 2022-11-24 18:16:11 --> Global POST, GET and COOKIE data sanitized
DEBUG - 2022-11-24 18:16:11 --> Config file loaded: /hwonpark/www/application/config/tree.php
DEBUG - 2022-11-24 18:16:13 --> UTF-8 Support Enabled
DEBUG - 2022-11-24 18:16:13 --> Global POST, GET and COOKIE data sanitized
DEBUG - 2022-11-24 18:16:13 --> Config file loaded: /hwonpark/www/application/config/tree.php
DEBUG - 2022-11-24 18:16:13 --> Total execution time: 0.0297
DEBUG - 2022-11-24 18:16:15 --> UTF-8 Support Enabled
DEBUG - 2022-11-24 18:16:15 --> Global POST, GET and COOKIE data sanitized
DEBUG - 2022-11-24 18:16:15 --> Config file loaded: /hwonpark/www/application/config/tree.php
DEBUG - 2022-11-24 18:16:15 --> =================== DL_auth-> oauth::CALLBACK - 시작
DEBUG - 2022-11-24 18:16:15 --> =================== DL_auth-> oauth::CALLBACK - kakao param=:: error=
DEBUG - 2022-11-24 18:16:15 --> =================== DL_auth-> oauth::CALLBACK - kakao param=:: state=
DEBUG - 2022-11-24 18:16:15 --> =================== DL_auth-> oauth::CALLBACK - kakao param=:: code=7HsQu6KWZqaPaJrEHNvtg5_xmRKr4JHW0oY-_cONeFjojX5BhwqN1r0sPNiBFhyE0D_TkAo9cxgAAAGEqOxlcw
DEBUG - 2022-11-24 18:16:15 --> =================== DL_auth -> kakao oauth :2: code=7HsQu6KWZqaPaJrEHNvtg5_xmRKr4JHW0oY-_cONeFjojX5BhwqN1r0sPNiBFhyE0D_TkAo9cxgAAAGEqOxlcw
DEBUG - 2022-11-24 18:16:15 --> ====================Dl_auth -> kakao_login :: 시작
DEBUG - 2022-11-24 18:16:15 --> --------------------Dl_auth::kakao_login - 1.토큰요청 시작
DEBUG - 2022-11-24 18:16:15 --> Dl_auth::kakao_login - get_token 시작 n=2
DEBUG - 2022-11-24 18:16:15 --> --------------------Dl_auth::kakao_login - 1.2.토큰요청 시작 -> 기타브라우저
DEBUG - 2022-11-24 18:16:15 --> --------------------Dl_auth::kakao_login - 1.3.토큰요청
DEBUG - 2022-11-24 18:16:15 --> --------------------Dl_auth::kakao_login - 1.4.토큰요청 -> 성공
DEBUG - 2022-11-24 18:16:15 --> UTF-8 Support Enabled
DEBUG - 2022-11-24 18:16:15 --> Global POST, GET and COOKIE data sanitized
DEBUG - 2022-11-24 18:16:15 --> Config file loaded: /hwonpark/www/application/config/tree.php
DEBUG - 2022-11-24 18:16:15 --> =================== DL_auth-> oauth::CALLBACK - 시작
DEBUG - 2022-11-24 18:16:15 --> =================== DL_auth-> oauth::CALLBACK - kakao param=:: error=
DEBUG - 2022-11-24 18:16:15 --> =================== DL_auth-> oauth::CALLBACK - kakao param=:: state=
DEBUG - 2022-11-24 18:16:15 --> =================== DL_auth-> oauth::CALLBACK - kakao param=:: code=7HsQu6KWZqaPaJrEHNvtg5_xmRKr4JHW0oY-_cONeFjojX5BhwqN1r0sPNiBFhyE0D_TkAo9cxgAAAGEqOxlcw
DEBUG - 2022-11-24 18:16:15 --> =================== DL_auth -> kakao oauth :2: code=7HsQu6KWZqaPaJrEHNvtg5_xmRKr4JHW0oY-_cONeFjojX5BhwqN1r0sPNiBFhyE0D_TkAo9cxgAAAGEqOxlcw
DEBUG - 2022-11-24 18:16:15 --> ====================Dl_auth -> kakao_login :: 시작
DEBUG - 2022-11-24 18:16:15 --> ====================Dl_auth::kakao_login - 1.3.5- 사이트 회원정보 업데이트 성공(카카오 인증 완료) state=
DEBUG - 2022-11-24 18:16:17 --> UTF-8 Support Enabled
DEBUG - 2022-11-24 18:16:17 --> Global POST, GET and COOKIE data sanitized
DEBUG - 2022-11-24 18:16:17 --> Config file loaded: /hwonpark/www/application/config/tree.php
DEBUG - 2022-11-24 18:16:17 --> Encryption: Auto-configured driver 'openssl'.
DEBUG - 2022-11-24 18:16:17 --> Total execution time: 0.0408
DEBUG - 2022-11-24 18:16:21 --> UTF-8 Support Enabled
DEBUG - 2022-11-24 18:16:21 --> Global POST, GET and COOKIE data sanitized
DEBUG - 2022-11-24 18:16:21 --> Config file loaded: /hwonpark/www/application/config/tree.php
DEBUG - 2022-11-24 18:16:21 --> Encryption: Auto-configured driver 'openssl'.
DEBUG - 2022-11-24 18:16:21 --> Total execution time: 0.0295
DEBUG - 2022-11-24 18:16:22 --> UTF-8 Support Enabled
DEBUG - 2022-11-24 18:16:22 --> Global POST, GET and COOKIE data sanitized
DEBUG - 2022-11-24 18:16:22 --> Config file loaded: /hwonpark/www/application/config/tree.php
DEBUG - 2022-11-24 18:16:22 --> Encryption: Auto-configured driver 'openssl'.
DEBUG - 2022-11-24 18:16:22 --> Total execution time: 0.0770
DEBUG - 2022-11-24 18:20:30 --> UTF-8 Support Enabled
DEBUG - 2022-11-24 18:20:30 --> Global POST, GET and COOKIE data sanitized
DEBUG - 2022-11-24 18:20:30 --> Config file loaded: /hwonpark/www/application/config/tree.php
DEBUG - 2022-11-24 18:20:30 --> Encryption: Auto-configured driver 'openssl'.
DEBUG - 2022-11-24 18:20:30 --> Total execution time: 0.0494
DEBUG - 2022-11-24 18:20:39 --> UTF-8 Support Enabled
DEBUG - 2022-11-24 18:20:39 --> Global POST, GET and COOKIE data sanitized
DEBUG - 2022-11-24 18:20:39 --> Config file loaded: /hwonpark/www/application/config/tree.php
DEBUG - 2022-11-24 18:20:39 --> Encryption: Auto-configured driver 'openssl'.
DEBUG - 2022-11-24 18:20:39 --> Total execution time: 0.0432
