DEBUG - 2022-09-10 10:38:40 --> UTF-8 Support Enabled
DEBUG - 2022-09-10 10:38:40 --> Global POST, GET and COOKIE data sanitized
DEBUG - 2022-09-10 10:38:40 --> Config file loaded: /hwonpark/www/application/config/tree.php
DEBUG - 2022-09-10 10:38:40 --> UTF-8 Support Enabled
DEBUG - 2022-09-10 10:38:40 --> Global POST, GET and COOKIE data sanitized
DEBUG - 2022-09-10 10:38:40 --> Config file loaded: /hwonpark/www/application/config/tree.php
DEBUG - 2022-09-10 10:38:40 --> Total execution time: 0.0563
DEBUG - 2022-09-10 10:38:42 --> UTF-8 Support Enabled
DEBUG - 2022-09-10 10:38:42 --> Global POST, GET and COOKIE data sanitized
ERROR - 2022-09-10 10:38:42 --> 404 Page Not Found: Faviconico/index
DEBUG - 2022-09-10 13:28:17 --> UTF-8 Support Enabled
DEBUG - 2022-09-10 13:28:17 --> Global POST, GET and COOKIE data sanitized
DEBUG - 2022-09-10 13:28:17 --> Config file loaded: /hwonpark/www/application/config/tree.php
DEBUG - 2022-09-10 13:28:17 --> Total execution time: 0.0704
DEBUG - 2022-09-10 13:28:18 --> UTF-8 Support Enabled
DEBUG - 2022-09-10 13:28:18 --> Global POST, GET and COOKIE data sanitized
ERROR - 2022-09-10 13:28:18 --> 404 Page Not Found: Faviconico/index
DEBUG - 2022-09-10 13:31:01 --> UTF-8 Support Enabled
DEBUG - 2022-09-10 13:31:01 --> Global POST, GET and COOKIE data sanitized
DEBUG - 2022-09-10 13:31:01 --> Config file loaded: /hwonpark/www/application/config/tree.php
DEBUG - 2022-09-10 13:31:01 --> Total execution time: 0.0409
DEBUG - 2022-09-10 14:32:29 --> UTF-8 Support Enabled
DEBUG - 2022-09-10 14:32:29 --> Global POST, GET and COOKIE data sanitized
DEBUG - 2022-09-10 14:32:29 --> Config file loaded: /hwonpark/www/application/config/tree.php
DEBUG - 2022-09-10 14:32:29 --> --------------------DC_common::chk_perm - 1.인가코드요청 시작 -> if 인앱브라우저
DEBUG - 2022-09-10 14:32:31 --> UTF-8 Support Enabled
DEBUG - 2022-09-10 14:32:31 --> Global POST, GET and COOKIE data sanitized
DEBUG - 2022-09-10 14:32:31 --> Config file loaded: /hwonpark/www/application/config/tree.php
DEBUG - 2022-09-10 14:32:31 --> =================== DL_auth-> oauth::CALLBACK - 시작
DEBUG - 2022-09-10 14:32:31 --> =================== DL_auth-> oauth::CALLBACK - kakao param=:: error=
DEBUG - 2022-09-10 14:32:31 --> =================== DL_auth-> oauth::CALLBACK - kakao param=:: state=/ko/pr/view?idx=72
DEBUG - 2022-09-10 14:32:31 --> =================== DL_auth-> oauth::CALLBACK - kakao param=:: code=v7DCQposWED4kQCCQuETcnvsO2v4tfI4p0ZSO8k0j7U_z4NpoSvGw7rNHzsJ6OBaEK8mygorDSAAAAGDJeKZUQ
DEBUG - 2022-09-10 14:32:31 --> =================== DL_auth -> kakao oauth :2: code=v7DCQposWED4kQCCQuETcnvsO2v4tfI4p0ZSO8k0j7U_z4NpoSvGw7rNHzsJ6OBaEK8mygorDSAAAAGDJeKZUQ
DEBUG - 2022-09-10 14:32:31 --> ====================Dl_auth -> kakao_login :: 시작
DEBUG - 2022-09-10 14:32:31 --> --------------------Dl_auth::kakao_login - 1.토큰요청 시작
DEBUG - 2022-09-10 14:32:31 --> Dl_auth::kakao_login - get_token 시작 n=2
DEBUG - 2022-09-10 14:32:31 --> --------------------Dl_auth::kakao_login - 1.2.토큰요청 시작 -> 기타브라우저
DEBUG - 2022-09-10 14:32:31 --> --------------------Dl_auth::kakao_login - 1.3.토큰요청
DEBUG - 2022-09-10 14:32:31 --> --------------------Dl_auth::kakao_login - 1.4.토큰요청 -> 성공
DEBUG - 2022-09-10 14:32:31 --> UTF-8 Support Enabled
DEBUG - 2022-09-10 14:32:31 --> Global POST, GET and COOKIE data sanitized
DEBUG - 2022-09-10 14:32:31 --> Config file loaded: /hwonpark/www/application/config/tree.php
DEBUG - 2022-09-10 14:32:31 --> =================== DL_auth-> oauth::CALLBACK - 시작
DEBUG - 2022-09-10 14:32:31 --> =================== DL_auth-> oauth::CALLBACK - kakao param=:: error=
DEBUG - 2022-09-10 14:32:31 --> =================== DL_auth-> oauth::CALLBACK - kakao param=:: state=/ko/pr/view?idx=72
DEBUG - 2022-09-10 14:32:31 --> =================== DL_auth-> oauth::CALLBACK - kakao param=:: code=v7DCQposWED4kQCCQuETcnvsO2v4tfI4p0ZSO8k0j7U_z4NpoSvGw7rNHzsJ6OBaEK8mygorDSAAAAGDJeKZUQ
DEBUG - 2022-09-10 14:32:31 --> =================== DL_auth -> kakao oauth :2: code=v7DCQposWED4kQCCQuETcnvsO2v4tfI4p0ZSO8k0j7U_z4NpoSvGw7rNHzsJ6OBaEK8mygorDSAAAAGDJeKZUQ
DEBUG - 2022-09-10 14:32:31 --> ====================Dl_auth -> kakao_login :: 시작
DEBUG - 2022-09-10 14:32:32 --> ====================Dl_auth::kakao_login - 1.3.5- 사이트 회원정보 업데이트 성공(카카오 인증 완료) state=/ko/pr/view?idx=72
DEBUG - 2022-09-10 14:32:32 --> UTF-8 Support Enabled
DEBUG - 2022-09-10 14:32:32 --> Global POST, GET and COOKIE data sanitized
DEBUG - 2022-09-10 14:32:32 --> Config file loaded: /hwonpark/www/application/config/tree.php
DEBUG - 2022-09-10 14:32:32 --> Encryption: Auto-configured driver 'openssl'.
DEBUG - 2022-09-10 14:32:32 --> --------------------DC_common::chk_perm - 1.인가코드요청 시작 -> if 인앱브라우저
DEBUG - 2022-09-10 14:32:32 --> Total execution time: 0.1151
DEBUG - 2022-09-10 17:55:55 --> UTF-8 Support Enabled
DEBUG - 2022-09-10 17:55:55 --> No URI present. Default controller set.
DEBUG - 2022-09-10 17:55:55 --> Global POST, GET and COOKIE data sanitized
DEBUG - 2022-09-10 17:55:55 --> Config file loaded: /hwonpark/www/application/config/tree.php
DEBUG - 2022-09-10 17:55:55 --> Total execution time: 0.1858
DEBUG - 2022-09-10 17:55:57 --> UTF-8 Support Enabled
DEBUG - 2022-09-10 17:55:57 --> Global POST, GET and COOKIE data sanitized
ERROR - 2022-09-10 17:55:57 --> 404 Page Not Found: Faviconico/index
DEBUG - 2022-09-10 18:46:35 --> UTF-8 Support Enabled
DEBUG - 2022-09-10 18:46:35 --> No URI present. Default controller set.
DEBUG - 2022-09-10 18:46:35 --> Global POST, GET and COOKIE data sanitized
DEBUG - 2022-09-10 18:46:35 --> Config file loaded: /hwonpark/www/application/config/tree.php
DEBUG - 2022-09-10 18:46:35 --> Total execution time: 0.0312
