DEBUG - 2022-09-30 01:44:25 --> UTF-8 Support Enabled
DEBUG - 2022-09-30 01:44:25 --> No URI present. Default controller set.
DEBUG - 2022-09-30 01:44:25 --> Global POST, GET and COOKIE data sanitized
DEBUG - 2022-09-30 01:44:25 --> Config file loaded: /hwonpark/www/application/config/tree.php
DEBUG - 2022-09-30 01:44:25 --> Total execution time: 0.1928
DEBUG - 2022-09-30 01:44:26 --> UTF-8 Support Enabled
DEBUG - 2022-09-30 01:44:26 --> Global POST, GET and COOKIE data sanitized
ERROR - 2022-09-30 01:44:26 --> 404 Page Not Found: Faviconico/index
DEBUG - 2022-09-30 08:33:43 --> UTF-8 Support Enabled
DEBUG - 2022-09-30 08:33:44 --> No URI present. Default controller set.
DEBUG - 2022-09-30 08:33:44 --> Global POST, GET and COOKIE data sanitized
DEBUG - 2022-09-30 08:33:44 --> Config file loaded: /hwonpark/www/application/config/tree.php
DEBUG - 2022-09-30 08:33:44 --> Total execution time: 0.2415
DEBUG - 2022-09-30 08:49:29 --> UTF-8 Support Enabled
DEBUG - 2022-09-30 08:49:29 --> No URI present. Default controller set.
DEBUG - 2022-09-30 08:49:29 --> Global POST, GET and COOKIE data sanitized
DEBUG - 2022-09-30 08:49:29 --> Config file loaded: /hwonpark/www/application/config/tree.php
DEBUG - 2022-09-30 08:49:29 --> Total execution time: 0.0392
DEBUG - 2022-09-30 08:49:30 --> UTF-8 Support Enabled
DEBUG - 2022-09-30 08:49:30 --> Global POST, GET and COOKIE data sanitized
ERROR - 2022-09-30 08:49:30 --> 404 Page Not Found: Faviconico/index
DEBUG - 2022-09-30 08:49:36 --> UTF-8 Support Enabled
DEBUG - 2022-09-30 08:49:36 --> Global POST, GET and COOKIE data sanitized
DEBUG - 2022-09-30 08:49:36 --> Config file loaded: /hwonpark/www/application/config/tree.php
DEBUG - 2022-09-30 08:49:36 --> Total execution time: 0.0562
DEBUG - 2022-09-30 09:56:27 --> UTF-8 Support Enabled
DEBUG - 2022-09-30 09:56:27 --> Global POST, GET and COOKIE data sanitized
DEBUG - 2022-09-30 09:56:27 --> Config file loaded: /hwonpark/www/application/config/tree.php
DEBUG - 2022-09-30 09:56:27 --> Total execution time: 0.0330
DEBUG - 2022-09-30 09:56:28 --> UTF-8 Support Enabled
DEBUG - 2022-09-30 09:56:28 --> Global POST, GET and COOKIE data sanitized
ERROR - 2022-09-30 09:56:28 --> 404 Page Not Found: Faviconico/index
DEBUG - 2022-09-30 09:56:28 --> UTF-8 Support Enabled
DEBUG - 2022-09-30 09:56:28 --> No URI present. Default controller set.
DEBUG - 2022-09-30 09:56:28 --> Global POST, GET and COOKIE data sanitized
DEBUG - 2022-09-30 09:56:28 --> Config file loaded: /hwonpark/www/application/config/tree.php
DEBUG - 2022-09-30 09:56:28 --> Total execution time: 0.0505
DEBUG - 2022-09-30 09:56:33 --> UTF-8 Support Enabled
DEBUG - 2022-09-30 09:56:33 --> No URI present. Default controller set.
DEBUG - 2022-09-30 09:56:33 --> Global POST, GET and COOKIE data sanitized
DEBUG - 2022-09-30 09:56:33 --> Config file loaded: /hwonpark/www/application/config/tree.php
DEBUG - 2022-09-30 09:56:33 --> Total execution time: 0.0301
DEBUG - 2022-09-30 09:57:36 --> UTF-8 Support Enabled
DEBUG - 2022-09-30 09:57:36 --> No URI present. Default controller set.
DEBUG - 2022-09-30 09:57:36 --> Global POST, GET and COOKIE data sanitized
DEBUG - 2022-09-30 09:57:36 --> Config file loaded: /hwonpark/www/application/config/tree.php
DEBUG - 2022-09-30 09:57:36 --> Total execution time: 0.0453
DEBUG - 2022-09-30 09:58:26 --> UTF-8 Support Enabled
DEBUG - 2022-09-30 09:58:26 --> No URI present. Default controller set.
DEBUG - 2022-09-30 09:58:26 --> Global POST, GET and COOKIE data sanitized
DEBUG - 2022-09-30 09:58:26 --> Config file loaded: /hwonpark/www/application/config/tree.php
DEBUG - 2022-09-30 09:58:26 --> Total execution time: 0.0321
DEBUG - 2022-09-30 09:58:26 --> UTF-8 Support Enabled
DEBUG - 2022-09-30 09:58:26 --> No URI present. Default controller set.
DEBUG - 2022-09-30 09:58:26 --> Global POST, GET and COOKIE data sanitized
DEBUG - 2022-09-30 09:58:26 --> Config file loaded: /hwonpark/www/application/config/tree.php
DEBUG - 2022-09-30 09:58:26 --> Total execution time: 0.0473
DEBUG - 2022-09-30 09:58:26 --> UTF-8 Support Enabled
DEBUG - 2022-09-30 09:58:26 --> No URI present. Default controller set.
DEBUG - 2022-09-30 09:58:26 --> Global POST, GET and COOKIE data sanitized
DEBUG - 2022-09-30 09:58:26 --> Config file loaded: /hwonpark/www/application/config/tree.php
DEBUG - 2022-09-30 09:58:26 --> Total execution time: 0.0317
DEBUG - 2022-09-30 09:58:26 --> UTF-8 Support Enabled
DEBUG - 2022-09-30 09:58:26 --> No URI present. Default controller set.
DEBUG - 2022-09-30 09:58:26 --> Global POST, GET and COOKIE data sanitized
DEBUG - 2022-09-30 09:58:26 --> Config file loaded: /hwonpark/www/application/config/tree.php
DEBUG - 2022-09-30 09:58:26 --> Total execution time: 0.0632
DEBUG - 2022-09-30 09:58:26 --> UTF-8 Support Enabled
DEBUG - 2022-09-30 09:58:26 --> No URI present. Default controller set.
DEBUG - 2022-09-30 09:58:26 --> Global POST, GET and COOKIE data sanitized
DEBUG - 2022-09-30 09:58:26 --> Config file loaded: /hwonpark/www/application/config/tree.php
DEBUG - 2022-09-30 09:58:26 --> Total execution time: 0.0359
DEBUG - 2022-09-30 09:58:26 --> UTF-8 Support Enabled
DEBUG - 2022-09-30 09:58:26 --> No URI present. Default controller set.
DEBUG - 2022-09-30 09:58:26 --> Global POST, GET and COOKIE data sanitized
DEBUG - 2022-09-30 09:58:26 --> Config file loaded: /hwonpark/www/application/config/tree.php
DEBUG - 2022-09-30 09:58:26 --> Total execution time: 0.0400
DEBUG - 2022-09-30 09:58:27 --> UTF-8 Support Enabled
DEBUG - 2022-09-30 09:58:27 --> No URI present. Default controller set.
DEBUG - 2022-09-30 09:58:27 --> Global POST, GET and COOKIE data sanitized
DEBUG - 2022-09-30 09:58:27 --> Config file loaded: /hwonpark/www/application/config/tree.php
DEBUG - 2022-09-30 09:58:27 --> Total execution time: 0.0305
DEBUG - 2022-09-30 09:58:27 --> UTF-8 Support Enabled
DEBUG - 2022-09-30 09:58:27 --> No URI present. Default controller set.
DEBUG - 2022-09-30 09:58:27 --> Global POST, GET and COOKIE data sanitized
DEBUG - 2022-09-30 09:58:27 --> Config file loaded: /hwonpark/www/application/config/tree.php
DEBUG - 2022-09-30 09:58:28 --> Total execution time: 0.0310
DEBUG - 2022-09-30 09:58:28 --> UTF-8 Support Enabled
DEBUG - 2022-09-30 09:58:28 --> No URI present. Default controller set.
DEBUG - 2022-09-30 09:58:28 --> Global POST, GET and COOKIE data sanitized
DEBUG - 2022-09-30 09:58:28 --> Config file loaded: /hwonpark/www/application/config/tree.php
DEBUG - 2022-09-30 09:58:28 --> Total execution time: 0.0318
DEBUG - 2022-09-30 09:58:30 --> UTF-8 Support Enabled
DEBUG - 2022-09-30 09:58:30 --> No URI present. Default controller set.
DEBUG - 2022-09-30 09:58:30 --> Global POST, GET and COOKIE data sanitized
DEBUG - 2022-09-30 09:58:30 --> Config file loaded: /hwonpark/www/application/config/tree.php
DEBUG - 2022-09-30 09:58:30 --> Total execution time: 0.0319
DEBUG - 2022-09-30 09:58:37 --> UTF-8 Support Enabled
DEBUG - 2022-09-30 09:58:37 --> No URI present. Default controller set.
DEBUG - 2022-09-30 09:58:37 --> Global POST, GET and COOKIE data sanitized
DEBUG - 2022-09-30 09:58:37 --> Config file loaded: /hwonpark/www/application/config/tree.php
DEBUG - 2022-09-30 09:58:37 --> Total execution time: 0.0292
DEBUG - 2022-09-30 09:58:39 --> UTF-8 Support Enabled
DEBUG - 2022-09-30 09:58:39 --> No URI present. Default controller set.
DEBUG - 2022-09-30 09:58:39 --> Global POST, GET and COOKIE data sanitized
DEBUG - 2022-09-30 09:58:39 --> Config file loaded: /hwonpark/www/application/config/tree.php
DEBUG - 2022-09-30 09:58:39 --> Total execution time: 0.0415
DEBUG - 2022-09-30 09:58:45 --> UTF-8 Support Enabled
DEBUG - 2022-09-30 09:58:45 --> No URI present. Default controller set.
DEBUG - 2022-09-30 09:58:45 --> Global POST, GET and COOKIE data sanitized
DEBUG - 2022-09-30 09:58:45 --> Config file loaded: /hwonpark/www/application/config/tree.php
DEBUG - 2022-09-30 09:58:45 --> Total execution time: 0.0306
DEBUG - 2022-09-30 09:59:19 --> UTF-8 Support Enabled
DEBUG - 2022-09-30 09:59:19 --> No URI present. Default controller set.
DEBUG - 2022-09-30 09:59:19 --> Global POST, GET and COOKIE data sanitized
DEBUG - 2022-09-30 09:59:19 --> Config file loaded: /hwonpark/www/application/config/tree.php
DEBUG - 2022-09-30 09:59:19 --> Total execution time: 0.0318
DEBUG - 2022-09-30 09:59:19 --> UTF-8 Support Enabled
DEBUG - 2022-09-30 09:59:19 --> Global POST, GET and COOKIE data sanitized
ERROR - 2022-09-30 09:59:19 --> 404 Page Not Found: Faviconico/index
DEBUG - 2022-09-30 10:01:32 --> UTF-8 Support Enabled
DEBUG - 2022-09-30 10:01:32 --> Global POST, GET and COOKIE data sanitized
DEBUG - 2022-09-30 10:01:32 --> Config file loaded: /hwonpark/www/application/config/tree.php
DEBUG - 2022-09-30 10:01:32 --> Total execution time: 0.0295
DEBUG - 2022-09-30 10:01:34 --> UTF-8 Support Enabled
DEBUG - 2022-09-30 10:01:34 --> Global POST, GET and COOKIE data sanitized
ERROR - 2022-09-30 10:01:34 --> 404 Page Not Found: Faviconico/index
DEBUG - 2022-09-30 10:02:31 --> UTF-8 Support Enabled
DEBUG - 2022-09-30 10:02:31 --> Global POST, GET and COOKIE data sanitized
DEBUG - 2022-09-30 10:02:31 --> Config file loaded: /hwonpark/www/application/config/tree.php
DEBUG - 2022-09-30 10:02:32 --> UTF-8 Support Enabled
DEBUG - 2022-09-30 10:02:32 --> Global POST, GET and COOKIE data sanitized
DEBUG - 2022-09-30 10:02:32 --> Config file loaded: /hwonpark/www/application/config/tree.php
DEBUG - 2022-09-30 10:02:32 --> Encryption: Auto-configured driver 'openssl'.
DEBUG - 2022-09-30 10:02:33 --> UTF-8 Support Enabled
DEBUG - 2022-09-30 10:02:33 --> Global POST, GET and COOKIE data sanitized
DEBUG - 2022-09-30 10:02:33 --> Config file loaded: /hwonpark/www/application/config/tree.php
DEBUG - 2022-09-30 10:02:33 --> Encryption: Auto-configured driver 'openssl'.
DEBUG - 2022-09-30 10:02:33 --> Encryption class already loaded. Second attempt ignored.
DEBUG - 2022-09-30 10:02:33 --> Total execution time: 0.0582
DEBUG - 2022-09-30 10:02:36 --> UTF-8 Support Enabled
DEBUG - 2022-09-30 10:02:36 --> Global POST, GET and COOKIE data sanitized
DEBUG - 2022-09-30 10:02:36 --> Config file loaded: /hwonpark/www/application/config/tree.php
DEBUG - 2022-09-30 10:02:36 --> Encryption: Auto-configured driver 'openssl'.
DEBUG - 2022-09-30 10:02:36 --> Total execution time: 0.0441
DEBUG - 2022-09-30 10:02:38 --> UTF-8 Support Enabled
DEBUG - 2022-09-30 10:02:38 --> Global POST, GET and COOKIE data sanitized
DEBUG - 2022-09-30 10:02:38 --> Config file loaded: /hwonpark/www/application/config/tree.php
DEBUG - 2022-09-30 10:02:38 --> Encryption: Auto-configured driver 'openssl'.
DEBUG - 2022-09-30 10:02:38 --> Total execution time: 0.0595
DEBUG - 2022-09-30 10:02:39 --> UTF-8 Support Enabled
DEBUG - 2022-09-30 10:02:39 --> Global POST, GET and COOKIE data sanitized
DEBUG - 2022-09-30 10:02:39 --> Config file loaded: /hwonpark/www/application/config/tree.php
DEBUG - 2022-09-30 10:02:39 --> Encryption: Auto-configured driver 'openssl'.
DEBUG - 2022-09-30 10:02:39 --> Total execution time: 0.0478
DEBUG - 2022-09-30 10:02:46 --> UTF-8 Support Enabled
DEBUG - 2022-09-30 10:02:46 --> Global POST, GET and COOKIE data sanitized
DEBUG - 2022-09-30 10:02:46 --> Config file loaded: /hwonpark/www/application/config/tree.php
DEBUG - 2022-09-30 10:02:46 --> Encryption: Auto-configured driver 'openssl'.
DEBUG - 2022-09-30 10:02:46 --> Total execution time: 0.0368
DEBUG - 2022-09-30 10:02:57 --> UTF-8 Support Enabled
DEBUG - 2022-09-30 10:02:57 --> Global POST, GET and COOKIE data sanitized
DEBUG - 2022-09-30 10:02:57 --> Config file loaded: /hwonpark/www/application/config/tree.php
DEBUG - 2022-09-30 10:02:57 --> Encryption: Auto-configured driver 'openssl'.
DEBUG - 2022-09-30 10:02:58 --> UTF-8 Support Enabled
DEBUG - 2022-09-30 10:02:58 --> Global POST, GET and COOKIE data sanitized
DEBUG - 2022-09-30 10:02:58 --> Config file loaded: /hwonpark/www/application/config/tree.php
DEBUG - 2022-09-30 10:02:58 --> Encryption: Auto-configured driver 'openssl'.
DEBUG - 2022-09-30 10:02:58 --> Total execution time: 0.0340
DEBUG - 2022-09-30 10:03:10 --> UTF-8 Support Enabled
DEBUG - 2022-09-30 10:03:10 --> Global POST, GET and COOKIE data sanitized
DEBUG - 2022-09-30 10:03:10 --> Config file loaded: /hwonpark/www/application/config/tree.php
DEBUG - 2022-09-30 10:03:10 --> Encryption: Auto-configured driver 'openssl'.
DEBUG - 2022-09-30 10:03:10 --> Total execution time: 0.0343
DEBUG - 2022-09-30 10:03:21 --> UTF-8 Support Enabled
DEBUG - 2022-09-30 10:03:21 --> Global POST, GET and COOKIE data sanitized
DEBUG - 2022-09-30 10:03:21 --> Config file loaded: /hwonpark/www/application/config/tree.php
DEBUG - 2022-09-30 10:03:21 --> Encryption: Auto-configured driver 'openssl'.
DEBUG - 2022-09-30 10:03:22 --> UTF-8 Support Enabled
DEBUG - 2022-09-30 10:03:22 --> Global POST, GET and COOKIE data sanitized
DEBUG - 2022-09-30 10:03:22 --> Config file loaded: /hwonpark/www/application/config/tree.php
DEBUG - 2022-09-30 10:03:22 --> Encryption: Auto-configured driver 'openssl'.
DEBUG - 2022-09-30 10:03:22 --> Total execution time: 0.0346
DEBUG - 2022-09-30 10:03:31 --> UTF-8 Support Enabled
DEBUG - 2022-09-30 10:03:31 --> Global POST, GET and COOKIE data sanitized
DEBUG - 2022-09-30 10:03:31 --> Config file loaded: /hwonpark/www/application/config/tree.php
DEBUG - 2022-09-30 10:03:31 --> Encryption: Auto-configured driver 'openssl'.
DEBUG - 2022-09-30 10:03:31 --> Total execution time: 0.0651
DEBUG - 2022-09-30 10:03:40 --> UTF-8 Support Enabled
DEBUG - 2022-09-30 10:03:40 --> Global POST, GET and COOKIE data sanitized
DEBUG - 2022-09-30 10:03:40 --> Config file loaded: /hwonpark/www/application/config/tree.php
DEBUG - 2022-09-30 10:03:40 --> Encryption: Auto-configured driver 'openssl'.
DEBUG - 2022-09-30 10:03:41 --> UTF-8 Support Enabled
DEBUG - 2022-09-30 10:03:41 --> Global POST, GET and COOKIE data sanitized
DEBUG - 2022-09-30 10:03:41 --> Config file loaded: /hwonpark/www/application/config/tree.php
DEBUG - 2022-09-30 10:03:41 --> Encryption: Auto-configured driver 'openssl'.
DEBUG - 2022-09-30 10:03:41 --> Total execution time: 0.0396
DEBUG - 2022-09-30 10:32:13 --> UTF-8 Support Enabled
DEBUG - 2022-09-30 10:32:13 --> No URI present. Default controller set.
DEBUG - 2022-09-30 10:32:13 --> Global POST, GET and COOKIE data sanitized
DEBUG - 2022-09-30 10:32:13 --> Config file loaded: /hwonpark/www/application/config/tree.php
DEBUG - 2022-09-30 10:32:13 --> Total execution time: 0.0645
DEBUG - 2022-09-30 10:32:48 --> UTF-8 Support Enabled
DEBUG - 2022-09-30 10:32:48 --> Global POST, GET and COOKIE data sanitized
ERROR - 2022-09-30 10:32:48 --> 404 Page Not Found: Faviconico/index
DEBUG - 2022-09-30 11:17:09 --> UTF-8 Support Enabled
DEBUG - 2022-09-30 11:17:09 --> No URI present. Default controller set.
DEBUG - 2022-09-30 11:17:09 --> Global POST, GET and COOKIE data sanitized
DEBUG - 2022-09-30 11:17:09 --> Config file loaded: /hwonpark/www/application/config/tree.php
DEBUG - 2022-09-30 11:17:09 --> Total execution time: 0.0644
DEBUG - 2022-09-30 11:26:32 --> UTF-8 Support Enabled
DEBUG - 2022-09-30 11:26:32 --> No URI present. Default controller set.
DEBUG - 2022-09-30 11:26:32 --> Global POST, GET and COOKIE data sanitized
DEBUG - 2022-09-30 11:26:32 --> Config file loaded: /hwonpark/www/application/config/tree.php
DEBUG - 2022-09-30 11:26:32 --> Total execution time: 0.0323
DEBUG - 2022-09-30 11:26:38 --> UTF-8 Support Enabled
DEBUG - 2022-09-30 11:26:38 --> Global POST, GET and COOKIE data sanitized
ERROR - 2022-09-30 11:26:38 --> 404 Page Not Found: Faviconico/index
DEBUG - 2022-09-30 11:26:44 --> UTF-8 Support Enabled
DEBUG - 2022-09-30 11:26:44 --> Global POST, GET and COOKIE data sanitized
DEBUG - 2022-09-30 11:26:44 --> Config file loaded: /hwonpark/www/application/config/tree.php
DEBUG - 2022-09-30 11:26:46 --> UTF-8 Support Enabled
DEBUG - 2022-09-30 11:26:46 --> Global POST, GET and COOKIE data sanitized
DEBUG - 2022-09-30 11:26:46 --> Config file loaded: /hwonpark/www/application/config/tree.php
DEBUG - 2022-09-30 11:26:46 --> Total execution time: 0.0389
DEBUG - 2022-09-30 12:12:53 --> UTF-8 Support Enabled
DEBUG - 2022-09-30 12:12:53 --> No URI present. Default controller set.
DEBUG - 2022-09-30 12:12:53 --> Global POST, GET and COOKIE data sanitized
DEBUG - 2022-09-30 12:12:53 --> Config file loaded: /hwonpark/www/application/config/tree.php
DEBUG - 2022-09-30 12:12:53 --> Total execution time: 0.0345
DEBUG - 2022-09-30 12:12:54 --> UTF-8 Support Enabled
DEBUG - 2022-09-30 12:12:54 --> Global POST, GET and COOKIE data sanitized
ERROR - 2022-09-30 12:12:54 --> 404 Page Not Found: Faviconico/index
DEBUG - 2022-09-30 14:00:44 --> UTF-8 Support Enabled
DEBUG - 2022-09-30 14:00:44 --> No URI present. Default controller set.
DEBUG - 2022-09-30 14:00:44 --> Global POST, GET and COOKIE data sanitized
DEBUG - 2022-09-30 14:00:44 --> Config file loaded: /hwonpark/www/application/config/tree.php
DEBUG - 2022-09-30 14:00:44 --> Total execution time: 0.1191
DEBUG - 2022-09-30 15:26:28 --> UTF-8 Support Enabled
DEBUG - 2022-09-30 15:26:28 --> No URI present. Default controller set.
DEBUG - 2022-09-30 15:26:28 --> Global POST, GET and COOKIE data sanitized
DEBUG - 2022-09-30 15:26:28 --> Config file loaded: /hwonpark/www/application/config/tree.php
DEBUG - 2022-09-30 15:26:28 --> Total execution time: 0.0358
DEBUG - 2022-09-30 15:26:32 --> UTF-8 Support Enabled
DEBUG - 2022-09-30 15:26:32 --> Global POST, GET and COOKIE data sanitized
DEBUG - 2022-09-30 15:26:32 --> Config file loaded: /hwonpark/www/application/config/tree.php
DEBUG - 2022-09-30 15:26:32 --> Total execution time: 0.0892
DEBUG - 2022-09-30 15:26:40 --> UTF-8 Support Enabled
DEBUG - 2022-09-30 15:26:40 --> Global POST, GET and COOKIE data sanitized
DEBUG - 2022-09-30 15:26:40 --> Config file loaded: /hwonpark/www/application/config/tree.php
DEBUG - 2022-09-30 15:26:41 --> UTF-8 Support Enabled
DEBUG - 2022-09-30 15:26:41 --> No URI present. Default controller set.
DEBUG - 2022-09-30 15:26:41 --> Global POST, GET and COOKIE data sanitized
DEBUG - 2022-09-30 15:26:41 --> Config file loaded: /hwonpark/www/application/config/tree.php
DEBUG - 2022-09-30 15:26:41 --> Total execution time: 0.0291
DEBUG - 2022-09-30 15:26:44 --> UTF-8 Support Enabled
DEBUG - 2022-09-30 15:26:44 --> Global POST, GET and COOKIE data sanitized
DEBUG - 2022-09-30 15:26:44 --> Config file loaded: /hwonpark/www/application/config/tree.php
DEBUG - 2022-09-30 15:26:44 --> Total execution time: 0.0290
DEBUG - 2022-09-30 15:27:10 --> UTF-8 Support Enabled
DEBUG - 2022-09-30 15:27:10 --> Global POST, GET and COOKIE data sanitized
DEBUG - 2022-09-30 15:27:10 --> Config file loaded: /hwonpark/www/application/config/tree.php
DEBUG - 2022-09-30 15:27:10 --> =================== DL_auth-> oauth::CALLBACK - 시작
DEBUG - 2022-09-30 15:27:10 --> =================== DL_auth-> oauth::CALLBACK - kakao param=:: error=
DEBUG - 2022-09-30 15:27:10 --> =================== DL_auth-> oauth::CALLBACK - kakao param=:: state=
DEBUG - 2022-09-30 15:27:10 --> =================== DL_auth-> oauth::CALLBACK - kakao param=:: code=aL7i38wloxM5fT8x7-XLb6ySlQTbU8OY4QGTJpSORsFbAGHyLnKOVQ8zSXVb4vMNUktiPwo9c5oAAAGDjRPVWQ
DEBUG - 2022-09-30 15:27:10 --> =================== DL_auth -> kakao oauth :2: code=aL7i38wloxM5fT8x7-XLb6ySlQTbU8OY4QGTJpSORsFbAGHyLnKOVQ8zSXVb4vMNUktiPwo9c5oAAAGDjRPVWQ
DEBUG - 2022-09-30 15:27:10 --> ====================Dl_auth -> kakao_login :: 시작
DEBUG - 2022-09-30 15:27:10 --> --------------------Dl_auth::kakao_login - 1.토큰요청 시작
DEBUG - 2022-09-30 15:27:10 --> Dl_auth::kakao_login - get_token 시작 n=2
DEBUG - 2022-09-30 15:27:10 --> --------------------Dl_auth::kakao_login - 1.2.토큰요청 시작 -> 기타브라우저
DEBUG - 2022-09-30 15:27:10 --> --------------------Dl_auth::kakao_login - 1.3.토큰요청
DEBUG - 2022-09-30 15:27:10 --> --------------------Dl_auth::kakao_login - 1.4.토큰요청 -> 성공
DEBUG - 2022-09-30 15:27:11 --> UTF-8 Support Enabled
DEBUG - 2022-09-30 15:27:11 --> Global POST, GET and COOKIE data sanitized
DEBUG - 2022-09-30 15:27:11 --> Config file loaded: /hwonpark/www/application/config/tree.php
DEBUG - 2022-09-30 15:27:11 --> =================== DL_auth-> oauth::CALLBACK - 시작
DEBUG - 2022-09-30 15:27:11 --> =================== DL_auth-> oauth::CALLBACK - kakao param=:: error=
DEBUG - 2022-09-30 15:27:11 --> =================== DL_auth-> oauth::CALLBACK - kakao param=:: state=
DEBUG - 2022-09-30 15:27:11 --> =================== DL_auth-> oauth::CALLBACK - kakao param=:: code=aL7i38wloxM5fT8x7-XLb6ySlQTbU8OY4QGTJpSORsFbAGHyLnKOVQ8zSXVb4vMNUktiPwo9c5oAAAGDjRPVWQ
DEBUG - 2022-09-30 15:27:11 --> =================== DL_auth -> kakao oauth :2: code=aL7i38wloxM5fT8x7-XLb6ySlQTbU8OY4QGTJpSORsFbAGHyLnKOVQ8zSXVb4vMNUktiPwo9c5oAAAGDjRPVWQ
DEBUG - 2022-09-30 15:27:11 --> ====================Dl_auth -> kakao_login :: 시작
DEBUG - 2022-09-30 15:27:11 --> ====================Dl_auth::kakao_login - 1.3.5- 사이트 회원정보 업데이트 성공(카카오 인증 완료) state=
DEBUG - 2022-09-30 15:27:12 --> UTF-8 Support Enabled
DEBUG - 2022-09-30 15:27:12 --> Global POST, GET and COOKIE data sanitized
DEBUG - 2022-09-30 15:27:12 --> Config file loaded: /hwonpark/www/application/config/tree.php
DEBUG - 2022-09-30 15:27:12 --> Encryption: Auto-configured driver 'openssl'.
DEBUG - 2022-09-30 15:27:12 --> Total execution time: 0.0395
DEBUG - 2022-09-30 15:27:17 --> UTF-8 Support Enabled
DEBUG - 2022-09-30 15:27:17 --> Global POST, GET and COOKIE data sanitized
DEBUG - 2022-09-30 15:27:17 --> Config file loaded: /hwonpark/www/application/config/tree.php
DEBUG - 2022-09-30 15:27:17 --> Encryption: Auto-configured driver 'openssl'.
DEBUG - 2022-09-30 15:27:17 --> Total execution time: 0.0302
DEBUG - 2022-09-30 15:27:19 --> UTF-8 Support Enabled
DEBUG - 2022-09-30 15:27:19 --> Global POST, GET and COOKIE data sanitized
DEBUG - 2022-09-30 15:27:19 --> Config file loaded: /hwonpark/www/application/config/tree.php
DEBUG - 2022-09-30 15:27:19 --> Encryption: Auto-configured driver 'openssl'.
DEBUG - 2022-09-30 15:27:19 --> Total execution time: 0.0481
DEBUG - 2022-09-30 15:27:22 --> UTF-8 Support Enabled
DEBUG - 2022-09-30 15:27:22 --> Global POST, GET and COOKIE data sanitized
DEBUG - 2022-09-30 15:27:22 --> Config file loaded: /hwonpark/www/application/config/tree.php
DEBUG - 2022-09-30 15:27:22 --> Encryption: Auto-configured driver 'openssl'.
DEBUG - 2022-09-30 15:27:22 --> Total execution time: 0.0362
DEBUG - 2022-09-30 15:29:21 --> UTF-8 Support Enabled
DEBUG - 2022-09-30 15:29:21 --> Global POST, GET and COOKIE data sanitized
DEBUG - 2022-09-30 15:29:21 --> Config file loaded: /hwonpark/www/application/config/tree.php
DEBUG - 2022-09-30 15:29:21 --> Encryption: Auto-configured driver 'openssl'.
DEBUG - 2022-09-30 15:29:21 --> Total execution time: 0.0550
DEBUG - 2022-09-30 15:29:24 --> UTF-8 Support Enabled
DEBUG - 2022-09-30 15:29:24 --> Global POST, GET and COOKIE data sanitized
DEBUG - 2022-09-30 15:29:24 --> Config file loaded: /hwonpark/www/application/config/tree.php
DEBUG - 2022-09-30 15:29:24 --> Encryption: Auto-configured driver 'openssl'.
DEBUG - 2022-09-30 15:29:24 --> Total execution time: 0.0413
DEBUG - 2022-09-30 15:29:27 --> UTF-8 Support Enabled
DEBUG - 2022-09-30 15:29:27 --> Global POST, GET and COOKIE data sanitized
DEBUG - 2022-09-30 15:29:27 --> Config file loaded: /hwonpark/www/application/config/tree.php
DEBUG - 2022-09-30 15:29:28 --> Encryption: Auto-configured driver 'openssl'.
DEBUG - 2022-09-30 15:29:28 --> Total execution time: 0.0381
DEBUG - 2022-09-30 15:34:02 --> UTF-8 Support Enabled
DEBUG - 2022-09-30 15:34:02 --> Global POST, GET and COOKIE data sanitized
DEBUG - 2022-09-30 15:34:02 --> Config file loaded: /hwonpark/www/application/config/tree.php
DEBUG - 2022-09-30 15:34:02 --> Encryption: Auto-configured driver 'openssl'.
DEBUG - 2022-09-30 15:34:02 --> Total execution time: 0.1775
DEBUG - 2022-09-30 15:34:05 --> UTF-8 Support Enabled
DEBUG - 2022-09-30 15:34:05 --> Global POST, GET and COOKIE data sanitized
DEBUG - 2022-09-30 15:34:05 --> Config file loaded: /hwonpark/www/application/config/tree.php
DEBUG - 2022-09-30 15:34:05 --> Encryption: Auto-configured driver 'openssl'.
DEBUG - 2022-09-30 15:34:05 --> Total execution time: 0.0420
DEBUG - 2022-09-30 15:34:12 --> UTF-8 Support Enabled
DEBUG - 2022-09-30 15:34:12 --> Global POST, GET and COOKIE data sanitized
DEBUG - 2022-09-30 15:34:12 --> Config file loaded: /hwonpark/www/application/config/tree.php
DEBUG - 2022-09-30 15:34:12 --> Encryption: Auto-configured driver 'openssl'.
DEBUG - 2022-09-30 15:34:12 --> Total execution time: 0.0442
DEBUG - 2022-09-30 15:34:22 --> UTF-8 Support Enabled
DEBUG - 2022-09-30 15:34:22 --> Global POST, GET and COOKIE data sanitized
DEBUG - 2022-09-30 15:34:22 --> Config file loaded: /hwonpark/www/application/config/tree.php
DEBUG - 2022-09-30 15:34:22 --> Encryption: Auto-configured driver 'openssl'.
DEBUG - 2022-09-30 15:34:22 --> Total execution time: 0.0770
DEBUG - 2022-09-30 15:34:25 --> UTF-8 Support Enabled
DEBUG - 2022-09-30 15:34:25 --> Global POST, GET and COOKIE data sanitized
DEBUG - 2022-09-30 15:34:25 --> Config file loaded: /hwonpark/www/application/config/tree.php
DEBUG - 2022-09-30 15:34:25 --> Encryption: Auto-configured driver 'openssl'.
DEBUG - 2022-09-30 15:34:26 --> Total execution time: 0.0968
DEBUG - 2022-09-30 15:34:41 --> UTF-8 Support Enabled
DEBUG - 2022-09-30 15:34:41 --> Global POST, GET and COOKIE data sanitized
DEBUG - 2022-09-30 15:34:41 --> Config file loaded: /hwonpark/www/application/config/tree.php
DEBUG - 2022-09-30 15:34:41 --> Encryption: Auto-configured driver 'openssl'.
DEBUG - 2022-09-30 15:34:41 --> Total execution time: 0.0425
DEBUG - 2022-09-30 15:34:44 --> UTF-8 Support Enabled
DEBUG - 2022-09-30 15:34:44 --> Global POST, GET and COOKIE data sanitized
DEBUG - 2022-09-30 15:34:44 --> Config file loaded: /hwonpark/www/application/config/tree.php
DEBUG - 2022-09-30 15:34:44 --> Encryption: Auto-configured driver 'openssl'.
DEBUG - 2022-09-30 15:34:44 --> Total execution time: 0.0359
DEBUG - 2022-09-30 15:34:54 --> UTF-8 Support Enabled
DEBUG - 2022-09-30 15:34:54 --> Global POST, GET and COOKIE data sanitized
DEBUG - 2022-09-30 15:34:55 --> Config file loaded: /hwonpark/www/application/config/tree.php
DEBUG - 2022-09-30 15:34:55 --> Encryption: Auto-configured driver 'openssl'.
DEBUG - 2022-09-30 15:34:55 --> Total execution time: 0.0588
DEBUG - 2022-09-30 15:35:01 --> UTF-8 Support Enabled
DEBUG - 2022-09-30 15:35:01 --> Global POST, GET and COOKIE data sanitized
DEBUG - 2022-09-30 15:35:01 --> Config file loaded: /hwonpark/www/application/config/tree.php
DEBUG - 2022-09-30 15:35:01 --> Encryption: Auto-configured driver 'openssl'.
DEBUG - 2022-09-30 15:35:01 --> Total execution time: 0.0474
DEBUG - 2022-09-30 15:35:35 --> UTF-8 Support Enabled
DEBUG - 2022-09-30 15:35:35 --> Global POST, GET and COOKIE data sanitized
DEBUG - 2022-09-30 15:35:35 --> Config file loaded: /hwonpark/www/application/config/tree.php
DEBUG - 2022-09-30 15:35:35 --> Encryption: Auto-configured driver 'openssl'.
DEBUG - 2022-09-30 15:35:35 --> Total execution time: 0.0692
DEBUG - 2022-09-30 15:35:37 --> UTF-8 Support Enabled
DEBUG - 2022-09-30 15:35:37 --> Global POST, GET and COOKIE data sanitized
DEBUG - 2022-09-30 15:35:37 --> Config file loaded: /hwonpark/www/application/config/tree.php
DEBUG - 2022-09-30 15:35:37 --> Encryption: Auto-configured driver 'openssl'.
DEBUG - 2022-09-30 15:35:37 --> Total execution time: 0.0350
DEBUG - 2022-09-30 15:35:52 --> UTF-8 Support Enabled
DEBUG - 2022-09-30 15:35:52 --> Global POST, GET and COOKIE data sanitized
DEBUG - 2022-09-30 15:35:52 --> Config file loaded: /hwonpark/www/application/config/tree.php
DEBUG - 2022-09-30 15:35:52 --> Encryption: Auto-configured driver 'openssl'.
DEBUG - 2022-09-30 15:35:52 --> Total execution time: 0.0349
DEBUG - 2022-09-30 15:35:55 --> UTF-8 Support Enabled
DEBUG - 2022-09-30 15:35:55 --> Global POST, GET and COOKIE data sanitized
DEBUG - 2022-09-30 15:35:55 --> Config file loaded: /hwonpark/www/application/config/tree.php
DEBUG - 2022-09-30 15:35:55 --> Encryption: Auto-configured driver 'openssl'.
DEBUG - 2022-09-30 15:35:55 --> Total execution time: 0.0366
DEBUG - 2022-09-30 15:36:16 --> UTF-8 Support Enabled
DEBUG - 2022-09-30 15:36:16 --> Global POST, GET and COOKIE data sanitized
DEBUG - 2022-09-30 15:36:16 --> Config file loaded: /hwonpark/www/application/config/tree.php
DEBUG - 2022-09-30 15:36:16 --> Encryption: Auto-configured driver 'openssl'.
DEBUG - 2022-09-30 15:36:16 --> Total execution time: 0.0364
DEBUG - 2022-09-30 15:36:19 --> UTF-8 Support Enabled
DEBUG - 2022-09-30 15:36:19 --> Global POST, GET and COOKIE data sanitized
DEBUG - 2022-09-30 15:36:19 --> Config file loaded: /hwonpark/www/application/config/tree.php
DEBUG - 2022-09-30 15:36:19 --> Encryption: Auto-configured driver 'openssl'.
DEBUG - 2022-09-30 15:36:19 --> Total execution time: 0.0390
DEBUG - 2022-09-30 15:36:34 --> UTF-8 Support Enabled
DEBUG - 2022-09-30 15:36:34 --> Global POST, GET and COOKIE data sanitized
DEBUG - 2022-09-30 15:36:34 --> Config file loaded: /hwonpark/www/application/config/tree.php
DEBUG - 2022-09-30 15:36:34 --> Encryption: Auto-configured driver 'openssl'.
DEBUG - 2022-09-30 15:36:34 --> Total execution time: 0.0369
DEBUG - 2022-09-30 15:36:40 --> UTF-8 Support Enabled
DEBUG - 2022-09-30 15:36:40 --> Global POST, GET and COOKIE data sanitized
DEBUG - 2022-09-30 15:36:40 --> Config file loaded: /hwonpark/www/application/config/tree.php
DEBUG - 2022-09-30 15:36:40 --> Encryption: Auto-configured driver 'openssl'.
DEBUG - 2022-09-30 15:36:40 --> Total execution time: 0.0348
DEBUG - 2022-09-30 15:36:42 --> UTF-8 Support Enabled
DEBUG - 2022-09-30 15:36:42 --> Global POST, GET and COOKIE data sanitized
DEBUG - 2022-09-30 15:36:42 --> Config file loaded: /hwonpark/www/application/config/tree.php
DEBUG - 2022-09-30 15:36:42 --> Encryption: Auto-configured driver 'openssl'.
DEBUG - 2022-09-30 15:36:42 --> Total execution time: 0.0346
DEBUG - 2022-09-30 15:36:44 --> UTF-8 Support Enabled
DEBUG - 2022-09-30 15:36:44 --> Global POST, GET and COOKIE data sanitized
DEBUG - 2022-09-30 15:36:44 --> Config file loaded: /hwonpark/www/application/config/tree.php
DEBUG - 2022-09-30 15:36:44 --> Encryption: Auto-configured driver 'openssl'.
DEBUG - 2022-09-30 15:36:44 --> Total execution time: 0.0452
DEBUG - 2022-09-30 15:36:47 --> UTF-8 Support Enabled
DEBUG - 2022-09-30 15:36:47 --> Global POST, GET and COOKIE data sanitized
DEBUG - 2022-09-30 15:36:47 --> Config file loaded: /hwonpark/www/application/config/tree.php
DEBUG - 2022-09-30 15:36:47 --> Encryption: Auto-configured driver 'openssl'.
DEBUG - 2022-09-30 15:36:47 --> Encryption class already loaded. Second attempt ignored.
DEBUG - 2022-09-30 15:36:47 --> Total execution time: 0.0461
DEBUG - 2022-09-30 15:36:49 --> UTF-8 Support Enabled
DEBUG - 2022-09-30 15:36:49 --> No URI present. Default controller set.
DEBUG - 2022-09-30 15:36:49 --> Global POST, GET and COOKIE data sanitized
DEBUG - 2022-09-30 15:36:49 --> Config file loaded: /hwonpark/www/application/config/tree.php
DEBUG - 2022-09-30 15:36:49 --> Encryption: Auto-configured driver 'openssl'.
DEBUG - 2022-09-30 15:36:49 --> Total execution time: 0.0282
DEBUG - 2022-09-30 15:37:03 --> UTF-8 Support Enabled
DEBUG - 2022-09-30 15:37:03 --> No URI present. Default controller set.
DEBUG - 2022-09-30 15:37:03 --> Global POST, GET and COOKIE data sanitized
DEBUG - 2022-09-30 15:37:03 --> Config file loaded: /hwonpark/www/application/config/tree.php
DEBUG - 2022-09-30 15:37:03 --> Encryption: Auto-configured driver 'openssl'.
DEBUG - 2022-09-30 15:37:03 --> Total execution time: 0.0418
DEBUG - 2022-09-30 15:50:00 --> UTF-8 Support Enabled
DEBUG - 2022-09-30 15:50:00 --> Global POST, GET and COOKIE data sanitized
DEBUG - 2022-09-30 15:50:00 --> Config file loaded: /hwonpark/www/application/config/tree.php
DEBUG - 2022-09-30 15:50:00 --> --------------------DC_common::chk_perm - 1.인가코드요청 시작 -> if 인앱브라우저
DEBUG - 2022-09-30 15:50:01 --> UTF-8 Support Enabled
DEBUG - 2022-09-30 15:50:01 --> Global POST, GET and COOKIE data sanitized
DEBUG - 2022-09-30 15:50:01 --> Config file loaded: /hwonpark/www/application/config/tree.php
DEBUG - 2022-09-30 15:50:01 --> =================== DL_auth-> oauth::CALLBACK - 시작
DEBUG - 2022-09-30 15:50:01 --> =================== DL_auth-> oauth::CALLBACK - kakao param=:: error=
DEBUG - 2022-09-30 15:50:01 --> =================== DL_auth-> oauth::CALLBACK - kakao param=:: state=/ko/pr/view?idx=76
DEBUG - 2022-09-30 15:50:01 --> =================== DL_auth-> oauth::CALLBACK - kakao param=:: code=FcPKkvAU8FTrl8lFAuoOc2aKmouCyr8Onhy1mVZXZFEL10Q-XbacQBhV4Ymxue7JMp_T7go9dJkAAAGDjSi-cQ
DEBUG - 2022-09-30 15:50:01 --> =================== DL_auth -> kakao oauth :2: code=FcPKkvAU8FTrl8lFAuoOc2aKmouCyr8Onhy1mVZXZFEL10Q-XbacQBhV4Ymxue7JMp_T7go9dJkAAAGDjSi-cQ
DEBUG - 2022-09-30 15:50:01 --> ====================Dl_auth -> kakao_login :: 시작
DEBUG - 2022-09-30 15:50:01 --> --------------------Dl_auth::kakao_login - 1.토큰요청 시작
DEBUG - 2022-09-30 15:50:01 --> Dl_auth::kakao_login - get_token 시작 n=2
DEBUG - 2022-09-30 15:50:01 --> --------------------Dl_auth::kakao_login - 1.2.토큰요청 시작 -> 기타브라우저
DEBUG - 2022-09-30 15:50:01 --> --------------------Dl_auth::kakao_login - 1.3.토큰요청
DEBUG - 2022-09-30 15:50:01 --> --------------------Dl_auth::kakao_login - 1.4.토큰요청 -> 성공
DEBUG - 2022-09-30 15:50:01 --> UTF-8 Support Enabled
DEBUG - 2022-09-30 15:50:01 --> Global POST, GET and COOKIE data sanitized
DEBUG - 2022-09-30 15:50:01 --> Config file loaded: /hwonpark/www/application/config/tree.php
DEBUG - 2022-09-30 15:50:01 --> =================== DL_auth-> oauth::CALLBACK - 시작
DEBUG - 2022-09-30 15:50:01 --> =================== DL_auth-> oauth::CALLBACK - kakao param=:: error=
DEBUG - 2022-09-30 15:50:01 --> =================== DL_auth-> oauth::CALLBACK - kakao param=:: state=/ko/pr/view?idx=76
DEBUG - 2022-09-30 15:50:01 --> =================== DL_auth-> oauth::CALLBACK - kakao param=:: code=FcPKkvAU8FTrl8lFAuoOc2aKmouCyr8Onhy1mVZXZFEL10Q-XbacQBhV4Ymxue7JMp_T7go9dJkAAAGDjSi-cQ
DEBUG - 2022-09-30 15:50:01 --> =================== DL_auth -> kakao oauth :2: code=FcPKkvAU8FTrl8lFAuoOc2aKmouCyr8Onhy1mVZXZFEL10Q-XbacQBhV4Ymxue7JMp_T7go9dJkAAAGDjSi-cQ
DEBUG - 2022-09-30 15:50:01 --> ====================Dl_auth -> kakao_login :: 시작
DEBUG - 2022-09-30 15:50:01 --> ====================Dl_auth::kakao_login - 1.3.5- 사이트 회원정보 업데이트 성공(카카오 인증 완료) state=/ko/pr/view?idx=76
DEBUG - 2022-09-30 15:50:01 --> UTF-8 Support Enabled
DEBUG - 2022-09-30 15:50:01 --> Global POST, GET and COOKIE data sanitized
DEBUG - 2022-09-30 15:50:01 --> Config file loaded: /hwonpark/www/application/config/tree.php
DEBUG - 2022-09-30 15:50:01 --> Encryption: Auto-configured driver 'openssl'.
DEBUG - 2022-09-30 15:50:01 --> --------------------DC_common::chk_perm - 1.인가코드요청 시작 -> if 인앱브라우저
DEBUG - 2022-09-30 15:50:01 --> Total execution time: 0.0550
DEBUG - 2022-09-30 21:05:57 --> UTF-8 Support Enabled
DEBUG - 2022-09-30 21:05:57 --> No URI present. Default controller set.
DEBUG - 2022-09-30 21:05:57 --> Global POST, GET and COOKIE data sanitized
DEBUG - 2022-09-30 21:05:57 --> Config file loaded: /hwonpark/www/application/config/tree.php
DEBUG - 2022-09-30 21:05:57 --> Total execution time: 0.2198
DEBUG - 2022-09-30 21:05:58 --> UTF-8 Support Enabled
DEBUG - 2022-09-30 21:05:58 --> Global POST, GET and COOKIE data sanitized
ERROR - 2022-09-30 21:05:58 --> 404 Page Not Found: Faviconico/index
DEBUG - 2022-09-30 21:06:03 --> UTF-8 Support Enabled
DEBUG - 2022-09-30 21:06:03 --> Global POST, GET and COOKIE data sanitized
DEBUG - 2022-09-30 21:06:03 --> Config file loaded: /hwonpark/www/application/config/tree.php
DEBUG - 2022-09-30 21:06:03 --> --------------------DC_common::chk_perm - 1.인가코드요청 시작 -> if 인앱브라우저
DEBUG - 2022-09-30 21:06:04 --> UTF-8 Support Enabled
DEBUG - 2022-09-30 21:06:04 --> Global POST, GET and COOKIE data sanitized
DEBUG - 2022-09-30 21:06:04 --> Config file loaded: /hwonpark/www/application/config/tree.php
DEBUG - 2022-09-30 21:06:04 --> =================== DL_auth-> oauth::CALLBACK - 시작
DEBUG - 2022-09-30 21:06:04 --> =================== DL_auth-> oauth::CALLBACK - kakao param=:: error=
DEBUG - 2022-09-30 21:06:04 --> =================== DL_auth-> oauth::CALLBACK - kakao param=:: state=/ko/brief/view?idx=34
DEBUG - 2022-09-30 21:06:04 --> =================== DL_auth-> oauth::CALLBACK - kakao param=:: code=5t50xf3UsXibPlZ7jBiQig002BOkA7d8XldbILHjdxlrF5F_4eUSaTCg4fh6t0epARK9qQo9cpcAAAGDjkoYHw
DEBUG - 2022-09-30 21:06:04 --> =================== DL_auth -> kakao oauth :2: code=5t50xf3UsXibPlZ7jBiQig002BOkA7d8XldbILHjdxlrF5F_4eUSaTCg4fh6t0epARK9qQo9cpcAAAGDjkoYHw
DEBUG - 2022-09-30 21:06:04 --> ====================Dl_auth -> kakao_login :: 시작
DEBUG - 2022-09-30 21:06:04 --> --------------------Dl_auth::kakao_login - 1.토큰요청 시작
DEBUG - 2022-09-30 21:06:04 --> Dl_auth::kakao_login - get_token 시작 n=2
DEBUG - 2022-09-30 21:06:04 --> --------------------Dl_auth::kakao_login - 1.2.토큰요청 시작 -> 기타브라우저
DEBUG - 2022-09-30 21:06:04 --> --------------------Dl_auth::kakao_login - 1.3.토큰요청
DEBUG - 2022-09-30 21:06:04 --> --------------------Dl_auth::kakao_login - 1.4.토큰요청 -> 성공
DEBUG - 2022-09-30 21:06:04 --> UTF-8 Support Enabled
DEBUG - 2022-09-30 21:06:04 --> Global POST, GET and COOKIE data sanitized
DEBUG - 2022-09-30 21:06:04 --> Config file loaded: /hwonpark/www/application/config/tree.php
DEBUG - 2022-09-30 21:06:04 --> =================== DL_auth-> oauth::CALLBACK - 시작
DEBUG - 2022-09-30 21:06:04 --> =================== DL_auth-> oauth::CALLBACK - kakao param=:: error=
DEBUG - 2022-09-30 21:06:04 --> =================== DL_auth-> oauth::CALLBACK - kakao param=:: state=/ko/brief/view?idx=34
DEBUG - 2022-09-30 21:06:04 --> =================== DL_auth-> oauth::CALLBACK - kakao param=:: code=5t50xf3UsXibPlZ7jBiQig002BOkA7d8XldbILHjdxlrF5F_4eUSaTCg4fh6t0epARK9qQo9cpcAAAGDjkoYHw
DEBUG - 2022-09-30 21:06:04 --> =================== DL_auth -> kakao oauth :2: code=5t50xf3UsXibPlZ7jBiQig002BOkA7d8XldbILHjdxlrF5F_4eUSaTCg4fh6t0epARK9qQo9cpcAAAGDjkoYHw
DEBUG - 2022-09-30 21:06:04 --> ====================Dl_auth -> kakao_login :: 시작
DEBUG - 2022-09-30 21:06:04 --> ====================Dl_auth::kakao_login - 1.3.5- 사이트 회원정보 업데이트 성공(카카오 인증 완료) state=/ko/brief/view?idx=34
DEBUG - 2022-09-30 21:06:04 --> UTF-8 Support Enabled
DEBUG - 2022-09-30 21:06:04 --> Global POST, GET and COOKIE data sanitized
DEBUG - 2022-09-30 21:06:04 --> Config file loaded: /hwonpark/www/application/config/tree.php
DEBUG - 2022-09-30 21:06:04 --> Encryption: Auto-configured driver 'openssl'.
DEBUG - 2022-09-30 21:06:04 --> --------------------DC_common::chk_perm - 1.인가코드요청 시작 -> if 인앱브라우저
DEBUG - 2022-09-30 21:06:04 --> Total execution time: 0.0966
DEBUG - 2022-09-30 21:06:08 --> UTF-8 Support Enabled
DEBUG - 2022-09-30 21:06:08 --> Global POST, GET and COOKIE data sanitized
DEBUG - 2022-09-30 21:06:08 --> Config file loaded: /hwonpark/www/application/config/tree.php
DEBUG - 2022-09-30 21:06:08 --> Encryption: Auto-configured driver 'openssl'.
DEBUG - 2022-09-30 21:06:09 --> UTF-8 Support Enabled
DEBUG - 2022-09-30 21:06:09 --> Global POST, GET and COOKIE data sanitized
DEBUG - 2022-09-30 21:06:09 --> Config file loaded: /hwonpark/www/application/config/tree.php
DEBUG - 2022-09-30 21:06:09 --> Encryption: Auto-configured driver 'openssl'.
DEBUG - 2022-09-30 21:56:06 --> UTF-8 Support Enabled
DEBUG - 2022-09-30 21:56:06 --> No URI present. Default controller set.
DEBUG - 2022-09-30 21:56:06 --> Global POST, GET and COOKIE data sanitized
DEBUG - 2022-09-30 21:56:06 --> Config file loaded: /hwonpark/www/application/config/tree.php
DEBUG - 2022-09-30 21:56:07 --> Total execution time: 0.0362
DEBUG - 2022-09-30 21:56:07 --> UTF-8 Support Enabled
DEBUG - 2022-09-30 21:56:07 --> Global POST, GET and COOKIE data sanitized
ERROR - 2022-09-30 21:56:07 --> 404 Page Not Found: Faviconico/index
