DEBUG - 2022-08-23 09:23:27 --> UTF-8 Support Enabled
DEBUG - 2022-08-23 09:23:27 --> Global POST, GET and COOKIE data sanitized
DEBUG - 2022-08-23 09:23:27 --> Config file loaded: /hwonpark/www/application/config/tree.php
DEBUG - 2022-08-23 09:23:27 --> Total execution time: 0.2349
DEBUG - 2022-08-23 09:23:46 --> UTF-8 Support Enabled
DEBUG - 2022-08-23 09:23:46 --> Global POST, GET and COOKIE data sanitized
ERROR - 2022-08-23 09:23:46 --> 404 Page Not Found: Faviconico/index
DEBUG - 2022-08-23 09:29:01 --> UTF-8 Support Enabled
DEBUG - 2022-08-23 09:29:01 --> No URI present. Default controller set.
DEBUG - 2022-08-23 09:29:01 --> Global POST, GET and COOKIE data sanitized
DEBUG - 2022-08-23 09:29:01 --> Config file loaded: /hwonpark/www/application/config/tree.php
DEBUG - 2022-08-23 09:29:01 --> Total execution time: 0.0306
DEBUG - 2022-08-23 09:29:03 --> UTF-8 Support Enabled
DEBUG - 2022-08-23 09:29:03 --> Global POST, GET and COOKIE data sanitized
ERROR - 2022-08-23 09:29:03 --> 404 Page Not Found: Faviconico/index
DEBUG - 2022-08-23 10:06:50 --> UTF-8 Support Enabled
DEBUG - 2022-08-23 10:06:50 --> No URI present. Default controller set.
DEBUG - 2022-08-23 10:06:50 --> Global POST, GET and COOKIE data sanitized
DEBUG - 2022-08-23 10:06:50 --> Config file loaded: /hwonpark/www/application/config/tree.php
DEBUG - 2022-08-23 10:06:50 --> Total execution time: 0.0304
DEBUG - 2022-08-23 10:06:51 --> UTF-8 Support Enabled
DEBUG - 2022-08-23 10:06:51 --> Global POST, GET and COOKIE data sanitized
ERROR - 2022-08-23 10:06:51 --> 404 Page Not Found: Faviconico/index
DEBUG - 2022-08-23 10:06:54 --> UTF-8 Support Enabled
DEBUG - 2022-08-23 10:06:54 --> Global POST, GET and COOKIE data sanitized
DEBUG - 2022-08-23 10:06:54 --> Config file loaded: /hwonpark/www/application/config/tree.php
DEBUG - 2022-08-23 10:06:54 --> Total execution time: 0.0703
DEBUG - 2022-08-23 10:07:05 --> UTF-8 Support Enabled
DEBUG - 2022-08-23 10:07:05 --> Global POST, GET and COOKIE data sanitized
DEBUG - 2022-08-23 10:07:06 --> Config file loaded: /hwonpark/www/application/config/tree.php
DEBUG - 2022-08-23 10:07:06 --> Total execution time: 0.0353
DEBUG - 2022-08-23 10:07:11 --> UTF-8 Support Enabled
DEBUG - 2022-08-23 10:07:11 --> Global POST, GET and COOKIE data sanitized
DEBUG - 2022-08-23 10:07:11 --> Config file loaded: /hwonpark/www/application/config/tree.php
DEBUG - 2022-08-23 10:07:11 --> Total execution time: 0.0353
DEBUG - 2022-08-23 10:07:13 --> UTF-8 Support Enabled
DEBUG - 2022-08-23 10:07:14 --> Global POST, GET and COOKIE data sanitized
DEBUG - 2022-08-23 10:07:14 --> Config file loaded: /hwonpark/www/application/config/tree.php
DEBUG - 2022-08-23 10:07:14 --> Total execution time: 0.0429
DEBUG - 2022-08-23 10:07:15 --> UTF-8 Support Enabled
DEBUG - 2022-08-23 10:07:15 --> Global POST, GET and COOKIE data sanitized
DEBUG - 2022-08-23 10:07:15 --> Config file loaded: /hwonpark/www/application/config/tree.php
DEBUG - 2022-08-23 10:07:15 --> Total execution time: 0.0337
DEBUG - 2022-08-23 10:50:16 --> UTF-8 Support Enabled
DEBUG - 2022-08-23 10:50:16 --> Global POST, GET and COOKIE data sanitized
DEBUG - 2022-08-23 10:50:16 --> Config file loaded: /hwonpark/www/application/config/tree.php
DEBUG - 2022-08-23 10:50:16 --> Total execution time: 0.0338
DEBUG - 2022-08-23 10:50:17 --> UTF-8 Support Enabled
DEBUG - 2022-08-23 10:50:17 --> Global POST, GET and COOKIE data sanitized
ERROR - 2022-08-23 10:50:17 --> 404 Page Not Found: Faviconico/index
DEBUG - 2022-08-23 10:50:21 --> UTF-8 Support Enabled
DEBUG - 2022-08-23 10:50:21 --> Global POST, GET and COOKIE data sanitized
DEBUG - 2022-08-23 10:50:21 --> Config file loaded: /hwonpark/www/application/config/tree.php
DEBUG - 2022-08-23 10:50:22 --> UTF-8 Support Enabled
DEBUG - 2022-08-23 10:50:22 --> Global POST, GET and COOKIE data sanitized
DEBUG - 2022-08-23 10:50:22 --> Config file loaded: /hwonpark/www/application/config/tree.php
DEBUG - 2022-08-23 10:50:22 --> Encryption: Auto-configured driver 'openssl'.
DEBUG - 2022-08-23 10:50:23 --> UTF-8 Support Enabled
DEBUG - 2022-08-23 10:50:23 --> Global POST, GET and COOKIE data sanitized
DEBUG - 2022-08-23 10:50:23 --> Config file loaded: /hwonpark/www/application/config/tree.php
DEBUG - 2022-08-23 10:50:23 --> Encryption: Auto-configured driver 'openssl'.
DEBUG - 2022-08-23 10:50:23 --> Encryption class already loaded. Second attempt ignored.
DEBUG - 2022-08-23 10:50:23 --> Total execution time: 0.0496
DEBUG - 2022-08-23 10:50:24 --> UTF-8 Support Enabled
DEBUG - 2022-08-23 10:50:24 --> Global POST, GET and COOKIE data sanitized
DEBUG - 2022-08-23 10:50:24 --> Config file loaded: /hwonpark/www/application/config/tree.php
DEBUG - 2022-08-23 10:50:24 --> Encryption: Auto-configured driver 'openssl'.
DEBUG - 2022-08-23 10:50:24 --> Total execution time: 0.0372
DEBUG - 2022-08-23 10:50:25 --> UTF-8 Support Enabled
DEBUG - 2022-08-23 10:50:25 --> Global POST, GET and COOKIE data sanitized
DEBUG - 2022-08-23 10:50:25 --> Config file loaded: /hwonpark/www/application/config/tree.php
DEBUG - 2022-08-23 10:50:25 --> Encryption: Auto-configured driver 'openssl'.
DEBUG - 2022-08-23 10:50:25 --> Total execution time: 0.0646
DEBUG - 2022-08-23 10:50:29 --> UTF-8 Support Enabled
DEBUG - 2022-08-23 10:50:29 --> Global POST, GET and COOKIE data sanitized
DEBUG - 2022-08-23 10:50:29 --> Config file loaded: /hwonpark/www/application/config/tree.php
DEBUG - 2022-08-23 10:50:29 --> Encryption: Auto-configured driver 'openssl'.
DEBUG - 2022-08-23 10:50:29 --> Total execution time: 0.0915
DEBUG - 2022-08-23 10:56:48 --> UTF-8 Support Enabled
DEBUG - 2022-08-23 10:56:48 --> Global POST, GET and COOKIE data sanitized
DEBUG - 2022-08-23 10:56:48 --> Config file loaded: /hwonpark/www/application/config/tree.php
DEBUG - 2022-08-23 10:56:48 --> Total execution time: 0.0486
DEBUG - 2022-08-23 10:56:50 --> UTF-8 Support Enabled
DEBUG - 2022-08-23 10:56:50 --> No URI present. Default controller set.
DEBUG - 2022-08-23 10:56:50 --> Global POST, GET and COOKIE data sanitized
DEBUG - 2022-08-23 10:56:51 --> Config file loaded: /hwonpark/www/application/config/tree.php
DEBUG - 2022-08-23 10:56:51 --> Total execution time: 0.0666
DEBUG - 2022-08-23 10:56:52 --> UTF-8 Support Enabled
DEBUG - 2022-08-23 10:56:52 --> No URI present. Default controller set.
DEBUG - 2022-08-23 10:56:52 --> Global POST, GET and COOKIE data sanitized
DEBUG - 2022-08-23 10:56:52 --> Config file loaded: /hwonpark/www/application/config/tree.php
DEBUG - 2022-08-23 10:56:52 --> Total execution time: 0.0580
DEBUG - 2022-08-23 10:56:58 --> UTF-8 Support Enabled
DEBUG - 2022-08-23 10:56:58 --> Global POST, GET and COOKIE data sanitized
ERROR - 2022-08-23 10:56:58 --> 404 Page Not Found: Faviconico/index
DEBUG - 2022-08-23 10:57:07 --> UTF-8 Support Enabled
DEBUG - 2022-08-23 10:57:07 --> No URI present. Default controller set.
DEBUG - 2022-08-23 10:57:07 --> Global POST, GET and COOKIE data sanitized
DEBUG - 2022-08-23 10:57:07 --> Config file loaded: /hwonpark/www/application/config/tree.php
DEBUG - 2022-08-23 10:57:07 --> Total execution time: 0.0565
DEBUG - 2022-08-23 11:01:41 --> UTF-8 Support Enabled
DEBUG - 2022-08-23 11:01:41 --> No URI present. Default controller set.
DEBUG - 2022-08-23 11:01:41 --> Global POST, GET and COOKIE data sanitized
DEBUG - 2022-08-23 11:01:41 --> Config file loaded: /hwonpark/www/application/config/tree.php
DEBUG - 2022-08-23 11:01:41 --> Total execution time: 0.0304
DEBUG - 2022-08-23 11:04:45 --> UTF-8 Support Enabled
DEBUG - 2022-08-23 11:04:45 --> No URI present. Default controller set.
DEBUG - 2022-08-23 11:04:45 --> Global POST, GET and COOKIE data sanitized
DEBUG - 2022-08-23 11:04:45 --> Config file loaded: /hwonpark/www/application/config/tree.php
DEBUG - 2022-08-23 11:04:45 --> Total execution time: 0.0773
DEBUG - 2022-08-23 11:04:47 --> UTF-8 Support Enabled
DEBUG - 2022-08-23 11:04:47 --> Global POST, GET and COOKIE data sanitized
DEBUG - 2022-08-23 11:04:47 --> Config file loaded: /hwonpark/www/application/config/tree.php
DEBUG - 2022-08-23 11:04:47 --> Total execution time: 0.0445
DEBUG - 2022-08-23 11:06:02 --> UTF-8 Support Enabled
DEBUG - 2022-08-23 11:06:02 --> No URI present. Default controller set.
DEBUG - 2022-08-23 11:06:02 --> Global POST, GET and COOKIE data sanitized
DEBUG - 2022-08-23 11:06:02 --> Config file loaded: /hwonpark/www/application/config/tree.php
DEBUG - 2022-08-23 11:06:02 --> Total execution time: 0.0278
DEBUG - 2022-08-23 11:06:03 --> UTF-8 Support Enabled
DEBUG - 2022-08-23 11:06:03 --> Global POST, GET and COOKIE data sanitized
ERROR - 2022-08-23 11:06:03 --> 404 Page Not Found: Faviconico/index
DEBUG - 2022-08-23 11:06:10 --> UTF-8 Support Enabled
DEBUG - 2022-08-23 11:06:10 --> Global POST, GET and COOKIE data sanitized
DEBUG - 2022-08-23 11:06:10 --> Config file loaded: /hwonpark/www/application/config/tree.php
DEBUG - 2022-08-23 11:06:10 --> --------------------DC_common::chk_perm - 1.인가코드요청 시작 -> if 인앱브라우저
DEBUG - 2022-08-23 11:06:11 --> UTF-8 Support Enabled
DEBUG - 2022-08-23 11:06:11 --> Global POST, GET and COOKIE data sanitized
DEBUG - 2022-08-23 11:06:11 --> Config file loaded: /hwonpark/www/application/config/tree.php
DEBUG - 2022-08-23 11:06:11 --> =================== DL_auth-> oauth::CALLBACK - 시작
DEBUG - 2022-08-23 11:06:11 --> =================== DL_auth-> oauth::CALLBACK - kakao param=:: error=
DEBUG - 2022-08-23 11:06:11 --> =================== DL_auth-> oauth::CALLBACK - kakao param=:: state=/ko/brief/view?idx=27
DEBUG - 2022-08-23 11:06:11 --> =================== DL_auth-> oauth::CALLBACK - kakao param=:: code=e_3sqYZby7mp3sqV5OiVP_Q3hXYPReJOgMgwjfQA3RDuo8J3BjTBkLAcKrJoLD8MBIgW7go9dVwAAAGCyHM7eA
DEBUG - 2022-08-23 11:06:11 --> =================== DL_auth -> kakao oauth :2: code=e_3sqYZby7mp3sqV5OiVP_Q3hXYPReJOgMgwjfQA3RDuo8J3BjTBkLAcKrJoLD8MBIgW7go9dVwAAAGCyHM7eA
DEBUG - 2022-08-23 11:06:11 --> ====================Dl_auth -> kakao_login :: 시작
DEBUG - 2022-08-23 11:06:11 --> --------------------Dl_auth::kakao_login - 1.토큰요청 시작
DEBUG - 2022-08-23 11:06:11 --> Dl_auth::kakao_login - get_token 시작 n=2
DEBUG - 2022-08-23 11:06:11 --> --------------------Dl_auth::kakao_login - 1.2.토큰요청 시작 -> 기타브라우저
DEBUG - 2022-08-23 11:06:11 --> --------------------Dl_auth::kakao_login - 1.3.토큰요청
DEBUG - 2022-08-23 11:06:11 --> --------------------Dl_auth::kakao_login - 1.4.토큰요청 -> 성공
DEBUG - 2022-08-23 11:06:11 --> UTF-8 Support Enabled
DEBUG - 2022-08-23 11:06:11 --> Global POST, GET and COOKIE data sanitized
DEBUG - 2022-08-23 11:06:11 --> Config file loaded: /hwonpark/www/application/config/tree.php
DEBUG - 2022-08-23 11:06:11 --> =================== DL_auth-> oauth::CALLBACK - 시작
DEBUG - 2022-08-23 11:06:11 --> =================== DL_auth-> oauth::CALLBACK - kakao param=:: error=
DEBUG - 2022-08-23 11:06:11 --> =================== DL_auth-> oauth::CALLBACK - kakao param=:: state=/ko/brief/view?idx=27
DEBUG - 2022-08-23 11:06:11 --> =================== DL_auth-> oauth::CALLBACK - kakao param=:: code=e_3sqYZby7mp3sqV5OiVP_Q3hXYPReJOgMgwjfQA3RDuo8J3BjTBkLAcKrJoLD8MBIgW7go9dVwAAAGCyHM7eA
DEBUG - 2022-08-23 11:06:11 --> =================== DL_auth -> kakao oauth :2: code=e_3sqYZby7mp3sqV5OiVP_Q3hXYPReJOgMgwjfQA3RDuo8J3BjTBkLAcKrJoLD8MBIgW7go9dVwAAAGCyHM7eA
DEBUG - 2022-08-23 11:06:11 --> ====================Dl_auth -> kakao_login :: 시작
DEBUG - 2022-08-23 11:06:11 --> ====================Dl_auth::kakao_login - 1.3.5- 사이트 회원정보 업데이트 성공(카카오 인증 완료) state=/ko/brief/view?idx=27
DEBUG - 2022-08-23 11:06:11 --> UTF-8 Support Enabled
DEBUG - 2022-08-23 11:06:11 --> Global POST, GET and COOKIE data sanitized
DEBUG - 2022-08-23 11:06:11 --> Config file loaded: /hwonpark/www/application/config/tree.php
DEBUG - 2022-08-23 11:06:12 --> Encryption: Auto-configured driver 'openssl'.
DEBUG - 2022-08-23 11:06:12 --> --------------------DC_common::chk_perm - 1.인가코드요청 시작 -> if 인앱브라우저
DEBUG - 2022-08-23 11:06:12 --> Total execution time: 0.0628
DEBUG - 2022-08-23 11:06:17 --> UTF-8 Support Enabled
DEBUG - 2022-08-23 11:06:17 --> Global POST, GET and COOKIE data sanitized
DEBUG - 2022-08-23 11:06:17 --> Config file loaded: /hwonpark/www/application/config/tree.php
DEBUG - 2022-08-23 11:06:17 --> Encryption: Auto-configured driver 'openssl'.
DEBUG - 2022-08-23 11:06:17 --> --------------------DC_common::chk_perm - 1.인가코드요청 시작 -> if 인앱브라우저
DEBUG - 2022-08-23 11:06:17 --> Total execution time: 0.0472
DEBUG - 2022-08-23 11:06:19 --> UTF-8 Support Enabled
DEBUG - 2022-08-23 11:06:19 --> No URI present. Default controller set.
DEBUG - 2022-08-23 11:06:19 --> Global POST, GET and COOKIE data sanitized
DEBUG - 2022-08-23 11:06:19 --> Config file loaded: /hwonpark/www/application/config/tree.php
DEBUG - 2022-08-23 11:06:19 --> Encryption: Auto-configured driver 'openssl'.
DEBUG - 2022-08-23 11:06:19 --> Total execution time: 0.0302
DEBUG - 2022-08-23 11:06:24 --> UTF-8 Support Enabled
DEBUG - 2022-08-23 11:06:24 --> Global POST, GET and COOKIE data sanitized
DEBUG - 2022-08-23 11:06:24 --> Config file loaded: /hwonpark/www/application/config/tree.php
DEBUG - 2022-08-23 11:06:24 --> Encryption: Auto-configured driver 'openssl'.
DEBUG - 2022-08-23 11:06:24 --> --------------------DC_common::chk_perm - 1.인가코드요청 시작 -> if 인앱브라우저
DEBUG - 2022-08-23 11:06:24 --> Total execution time: 0.0912
DEBUG - 2022-08-23 11:06:51 --> UTF-8 Support Enabled
DEBUG - 2022-08-23 11:06:51 --> No URI present. Default controller set.
DEBUG - 2022-08-23 11:06:51 --> Global POST, GET and COOKIE data sanitized
DEBUG - 2022-08-23 11:06:51 --> Config file loaded: /hwonpark/www/application/config/tree.php
DEBUG - 2022-08-23 11:06:51 --> Encryption: Auto-configured driver 'openssl'.
DEBUG - 2022-08-23 11:06:51 --> Total execution time: 0.0654
DEBUG - 2022-08-23 12:52:39 --> UTF-8 Support Enabled
DEBUG - 2022-08-23 12:52:39 --> No URI present. Default controller set.
DEBUG - 2022-08-23 12:52:39 --> Global POST, GET and COOKIE data sanitized
DEBUG - 2022-08-23 12:52:39 --> Config file loaded: /hwonpark/www/application/config/tree.php
DEBUG - 2022-08-23 12:52:39 --> Total execution time: 0.0822
DEBUG - 2022-08-23 12:53:03 --> UTF-8 Support Enabled
DEBUG - 2022-08-23 12:53:03 --> Global POST, GET and COOKIE data sanitized
ERROR - 2022-08-23 12:53:03 --> 404 Page Not Found: Faviconico/index
DEBUG - 2022-08-23 13:12:28 --> UTF-8 Support Enabled
DEBUG - 2022-08-23 13:12:28 --> Global POST, GET and COOKIE data sanitized
DEBUG - 2022-08-23 13:12:28 --> Config file loaded: /hwonpark/www/application/config/tree.php
DEBUG - 2022-08-23 13:12:28 --> Total execution time: 0.0679
DEBUG - 2022-08-23 13:13:37 --> UTF-8 Support Enabled
DEBUG - 2022-08-23 13:13:37 --> Global POST, GET and COOKIE data sanitized
DEBUG - 2022-08-23 13:13:37 --> Config file loaded: /hwonpark/www/application/config/tree.php
DEBUG - 2022-08-23 13:13:39 --> UTF-8 Support Enabled
DEBUG - 2022-08-23 13:13:39 --> No URI present. Default controller set.
DEBUG - 2022-08-23 13:13:39 --> Global POST, GET and COOKIE data sanitized
DEBUG - 2022-08-23 13:13:39 --> Config file loaded: /hwonpark/www/application/config/tree.php
DEBUG - 2022-08-23 13:13:39 --> Total execution time: 0.0340
DEBUG - 2022-08-23 13:13:42 --> UTF-8 Support Enabled
DEBUG - 2022-08-23 13:13:42 --> Global POST, GET and COOKIE data sanitized
DEBUG - 2022-08-23 13:13:42 --> Config file loaded: /hwonpark/www/application/config/tree.php
DEBUG - 2022-08-23 13:13:42 --> Total execution time: 0.0587
DEBUG - 2022-08-23 13:13:44 --> UTF-8 Support Enabled
DEBUG - 2022-08-23 13:13:44 --> Global POST, GET and COOKIE data sanitized
DEBUG - 2022-08-23 13:13:44 --> Config file loaded: /hwonpark/www/application/config/tree.php
DEBUG - 2022-08-23 13:13:44 --> Total execution time: 0.0498
DEBUG - 2022-08-23 13:38:37 --> UTF-8 Support Enabled
DEBUG - 2022-08-23 13:38:37 --> Global POST, GET and COOKIE data sanitized
DEBUG - 2022-08-23 13:38:37 --> Config file loaded: /hwonpark/www/application/config/tree.php
DEBUG - 2022-08-23 13:38:37 --> Total execution time: 0.0382
DEBUG - 2022-08-23 13:38:42 --> UTF-8 Support Enabled
DEBUG - 2022-08-23 13:38:42 --> Global POST, GET and COOKIE data sanitized
DEBUG - 2022-08-23 13:38:42 --> Config file loaded: /hwonpark/www/application/config/tree.php
DEBUG - 2022-08-23 13:38:43 --> UTF-8 Support Enabled
DEBUG - 2022-08-23 13:38:43 --> Global POST, GET and COOKIE data sanitized
DEBUG - 2022-08-23 13:38:43 --> Config file loaded: /hwonpark/www/application/config/tree.php
DEBUG - 2022-08-23 13:38:43 --> Encryption: Auto-configured driver 'openssl'.
DEBUG - 2022-08-23 13:38:43 --> UTF-8 Support Enabled
DEBUG - 2022-08-23 13:38:43 --> Global POST, GET and COOKIE data sanitized
DEBUG - 2022-08-23 13:38:43 --> Config file loaded: /hwonpark/www/application/config/tree.php
DEBUG - 2022-08-23 13:38:43 --> Encryption: Auto-configured driver 'openssl'.
DEBUG - 2022-08-23 13:38:43 --> Encryption class already loaded. Second attempt ignored.
DEBUG - 2022-08-23 13:38:43 --> Total execution time: 0.0483
DEBUG - 2022-08-23 13:38:45 --> UTF-8 Support Enabled
DEBUG - 2022-08-23 13:38:45 --> Global POST, GET and COOKIE data sanitized
DEBUG - 2022-08-23 13:38:45 --> Config file loaded: /hwonpark/www/application/config/tree.php
DEBUG - 2022-08-23 13:38:45 --> Encryption: Auto-configured driver 'openssl'.
DEBUG - 2022-08-23 13:38:45 --> Total execution time: 0.0647
DEBUG - 2022-08-23 13:38:48 --> UTF-8 Support Enabled
DEBUG - 2022-08-23 13:38:48 --> Global POST, GET and COOKIE data sanitized
DEBUG - 2022-08-23 13:38:48 --> Config file loaded: /hwonpark/www/application/config/tree.php
DEBUG - 2022-08-23 13:38:48 --> Encryption: Auto-configured driver 'openssl'.
DEBUG - 2022-08-23 13:38:48 --> Total execution time: 0.0388
DEBUG - 2022-08-23 13:38:58 --> UTF-8 Support Enabled
DEBUG - 2022-08-23 13:38:58 --> Global POST, GET and COOKIE data sanitized
DEBUG - 2022-08-23 13:38:58 --> Config file loaded: /hwonpark/www/application/config/tree.php
DEBUG - 2022-08-23 13:38:58 --> Encryption: Auto-configured driver 'openssl'.
DEBUG - 2022-08-23 13:38:58 --> Total execution time: 0.0559
DEBUG - 2022-08-23 13:46:03 --> UTF-8 Support Enabled
DEBUG - 2022-08-23 13:46:03 --> No URI present. Default controller set.
DEBUG - 2022-08-23 13:46:03 --> Global POST, GET and COOKIE data sanitized
DEBUG - 2022-08-23 13:46:03 --> Config file loaded: /hwonpark/www/application/config/tree.php
DEBUG - 2022-08-23 13:46:04 --> Total execution time: 0.0326
DEBUG - 2022-08-23 13:46:04 --> UTF-8 Support Enabled
DEBUG - 2022-08-23 13:46:04 --> Global POST, GET and COOKIE data sanitized
ERROR - 2022-08-23 13:46:04 --> 404 Page Not Found: Faviconico/index
DEBUG - 2022-08-23 14:01:06 --> UTF-8 Support Enabled
DEBUG - 2022-08-23 14:01:06 --> Global POST, GET and COOKIE data sanitized
DEBUG - 2022-08-23 14:01:06 --> Config file loaded: /hwonpark/www/application/config/tree.php
DEBUG - 2022-08-23 14:01:06 --> Total execution time: 0.0663
DEBUG - 2022-08-23 14:01:11 --> UTF-8 Support Enabled
DEBUG - 2022-08-23 14:01:11 --> Global POST, GET and COOKIE data sanitized
DEBUG - 2022-08-23 14:01:11 --> Config file loaded: /hwonpark/www/application/config/tree.php
DEBUG - 2022-08-23 14:01:11 --> Total execution time: 0.0360
DEBUG - 2022-08-23 14:01:14 --> UTF-8 Support Enabled
DEBUG - 2022-08-23 14:01:14 --> Global POST, GET and COOKIE data sanitized
DEBUG - 2022-08-23 14:01:14 --> Config file loaded: /hwonpark/www/application/config/tree.php
DEBUG - 2022-08-23 14:01:14 --> =================== DL_auth-> oauth::CALLBACK - 시작
DEBUG - 2022-08-23 14:01:14 --> =================== DL_auth-> oauth::CALLBACK - kakao param=:: error=
DEBUG - 2022-08-23 14:01:14 --> =================== DL_auth-> oauth::CALLBACK - kakao param=:: state=
DEBUG - 2022-08-23 14:01:14 --> =================== DL_auth-> oauth::CALLBACK - kakao param=:: code=QznvYH-Z31Oehe0kPzkDMa_Sm-nnt_CwwWMG3ODqirQMPyL1Fw2xHRdfsdkODf24-jB1Iwo9dBEAAAGCyRN_ew
DEBUG - 2022-08-23 14:01:14 --> =================== DL_auth -> kakao oauth :2: code=QznvYH-Z31Oehe0kPzkDMa_Sm-nnt_CwwWMG3ODqirQMPyL1Fw2xHRdfsdkODf24-jB1Iwo9dBEAAAGCyRN_ew
DEBUG - 2022-08-23 14:01:14 --> ====================Dl_auth -> kakao_login :: 시작
DEBUG - 2022-08-23 14:01:14 --> --------------------Dl_auth::kakao_login - 1.토큰요청 시작
DEBUG - 2022-08-23 14:01:14 --> Dl_auth::kakao_login - get_token 시작 n=2
DEBUG - 2022-08-23 14:01:14 --> --------------------Dl_auth::kakao_login - 1.2.토큰요청 시작 -> 기타브라우저
DEBUG - 2022-08-23 14:01:14 --> --------------------Dl_auth::kakao_login - 1.3.토큰요청
DEBUG - 2022-08-23 14:01:14 --> --------------------Dl_auth::kakao_login - 1.4.토큰요청 -> 성공
DEBUG - 2022-08-23 14:01:14 --> UTF-8 Support Enabled
DEBUG - 2022-08-23 14:01:14 --> Global POST, GET and COOKIE data sanitized
DEBUG - 2022-08-23 14:01:14 --> Config file loaded: /hwonpark/www/application/config/tree.php
DEBUG - 2022-08-23 14:01:14 --> =================== DL_auth-> oauth::CALLBACK - 시작
DEBUG - 2022-08-23 14:01:14 --> =================== DL_auth-> oauth::CALLBACK - kakao param=:: error=
DEBUG - 2022-08-23 14:01:14 --> =================== DL_auth-> oauth::CALLBACK - kakao param=:: state=
DEBUG - 2022-08-23 14:01:14 --> =================== DL_auth-> oauth::CALLBACK - kakao param=:: code=QznvYH-Z31Oehe0kPzkDMa_Sm-nnt_CwwWMG3ODqirQMPyL1Fw2xHRdfsdkODf24-jB1Iwo9dBEAAAGCyRN_ew
DEBUG - 2022-08-23 14:01:14 --> =================== DL_auth -> kakao oauth :2: code=QznvYH-Z31Oehe0kPzkDMa_Sm-nnt_CwwWMG3ODqirQMPyL1Fw2xHRdfsdkODf24-jB1Iwo9dBEAAAGCyRN_ew
DEBUG - 2022-08-23 14:01:14 --> ====================Dl_auth -> kakao_login :: 시작
DEBUG - 2022-08-23 14:01:14 --> ====================Dl_auth::kakao_login - 1.3.5- 사이트 회원정보 업데이트 성공(카카오 인증 완료) state=
DEBUG - 2022-08-23 14:01:17 --> UTF-8 Support Enabled
DEBUG - 2022-08-23 14:01:17 --> Global POST, GET and COOKIE data sanitized
DEBUG - 2022-08-23 14:01:17 --> Config file loaded: /hwonpark/www/application/config/tree.php
DEBUG - 2022-08-23 14:01:17 --> Encryption: Auto-configured driver 'openssl'.
DEBUG - 2022-08-23 14:01:17 --> Total execution time: 0.0522
DEBUG - 2022-08-23 14:01:26 --> UTF-8 Support Enabled
DEBUG - 2022-08-23 14:01:26 --> Global POST, GET and COOKIE data sanitized
DEBUG - 2022-08-23 14:01:26 --> Config file loaded: /hwonpark/www/application/config/tree.php
DEBUG - 2022-08-23 14:01:26 --> Encryption: Auto-configured driver 'openssl'.
DEBUG - 2022-08-23 14:01:26 --> Total execution time: 0.0348
DEBUG - 2022-08-23 14:01:33 --> UTF-8 Support Enabled
DEBUG - 2022-08-23 14:01:33 --> Global POST, GET and COOKIE data sanitized
DEBUG - 2022-08-23 14:01:33 --> Config file loaded: /hwonpark/www/application/config/tree.php
DEBUG - 2022-08-23 14:01:33 --> Encryption: Auto-configured driver 'openssl'.
DEBUG - 2022-08-23 14:01:33 --> Total execution time: 0.0687
DEBUG - 2022-08-23 14:01:34 --> UTF-8 Support Enabled
DEBUG - 2022-08-23 14:01:34 --> Global POST, GET and COOKIE data sanitized
DEBUG - 2022-08-23 14:01:35 --> Config file loaded: /hwonpark/www/application/config/tree.php
DEBUG - 2022-08-23 14:01:35 --> Encryption: Auto-configured driver 'openssl'.
DEBUG - 2022-08-23 14:01:35 --> Total execution time: 0.0996
DEBUG - 2022-08-23 14:05:22 --> UTF-8 Support Enabled
DEBUG - 2022-08-23 14:05:23 --> Global POST, GET and COOKIE data sanitized
DEBUG - 2022-08-23 14:05:23 --> Config file loaded: /hwonpark/www/application/config/tree.php
DEBUG - 2022-08-23 14:05:23 --> Encryption: Auto-configured driver 'openssl'.
DEBUG - 2022-08-23 14:05:23 --> Total execution time: 0.0633
DEBUG - 2022-08-23 14:13:59 --> UTF-8 Support Enabled
DEBUG - 2022-08-23 14:13:59 --> Global POST, GET and COOKIE data sanitized
DEBUG - 2022-08-23 14:13:59 --> Total execution time: 0.0476
DEBUG - 2022-08-23 14:24:30 --> UTF-8 Support Enabled
DEBUG - 2022-08-23 14:24:30 --> Global POST, GET and COOKIE data sanitized
DEBUG - 2022-08-23 14:24:30 --> Config file loaded: /hwonpark/www/application/config/tree.php
DEBUG - 2022-08-23 14:24:30 --> Total execution time: 0.0587
DEBUG - 2022-08-23 14:24:33 --> UTF-8 Support Enabled
DEBUG - 2022-08-23 14:24:33 --> Global POST, GET and COOKIE data sanitized
DEBUG - 2022-08-23 14:24:33 --> Config file loaded: /hwonpark/www/application/config/tree.php
DEBUG - 2022-08-23 14:24:33 --> Total execution time: 0.0304
DEBUG - 2022-08-23 14:24:38 --> UTF-8 Support Enabled
DEBUG - 2022-08-23 14:24:38 --> Global POST, GET and COOKIE data sanitized
DEBUG - 2022-08-23 14:24:38 --> Config file loaded: /hwonpark/www/application/config/tree.php
DEBUG - 2022-08-23 14:24:39 --> UTF-8 Support Enabled
DEBUG - 2022-08-23 14:24:39 --> Global POST, GET and COOKIE data sanitized
DEBUG - 2022-08-23 14:24:39 --> Config file loaded: /hwonpark/www/application/config/tree.php
DEBUG - 2022-08-23 14:24:39 --> Encryption: Auto-configured driver 'openssl'.
DEBUG - 2022-08-23 14:24:39 --> UTF-8 Support Enabled
DEBUG - 2022-08-23 14:24:39 --> Global POST, GET and COOKIE data sanitized
DEBUG - 2022-08-23 14:24:39 --> Config file loaded: /hwonpark/www/application/config/tree.php
DEBUG - 2022-08-23 14:24:39 --> Encryption: Auto-configured driver 'openssl'.
DEBUG - 2022-08-23 14:24:39 --> Encryption class already loaded. Second attempt ignored.
DEBUG - 2022-08-23 14:24:39 --> Total execution time: 0.0362
DEBUG - 2022-08-23 14:26:48 --> UTF-8 Support Enabled
DEBUG - 2022-08-23 14:26:48 --> Global POST, GET and COOKIE data sanitized
DEBUG - 2022-08-23 14:26:48 --> Config file loaded: /hwonpark/www/application/config/tree.php
DEBUG - 2022-08-23 14:26:48 --> Encryption: Auto-configured driver 'openssl'.
DEBUG - 2022-08-23 14:26:48 --> Total execution time: 0.0504
DEBUG - 2022-08-23 14:26:53 --> UTF-8 Support Enabled
DEBUG - 2022-08-23 14:26:53 --> Global POST, GET and COOKIE data sanitized
DEBUG - 2022-08-23 14:26:53 --> Config file loaded: /hwonpark/www/application/config/tree.php
DEBUG - 2022-08-23 14:26:53 --> Encryption: Auto-configured driver 'openssl'.
DEBUG - 2022-08-23 14:26:53 --> Total execution time: 0.0382
DEBUG - 2022-08-23 14:28:05 --> UTF-8 Support Enabled
DEBUG - 2022-08-23 14:28:05 --> Global POST, GET and COOKIE data sanitized
DEBUG - 2022-08-23 14:28:05 --> Config file loaded: /hwonpark/www/application/config/tree.php
DEBUG - 2022-08-23 14:28:05 --> Encryption: Auto-configured driver 'openssl'.
DEBUG - 2022-08-23 14:28:05 --> Total execution time: 0.0481
DEBUG - 2022-08-23 14:28:08 --> UTF-8 Support Enabled
DEBUG - 2022-08-23 14:28:08 --> Global POST, GET and COOKIE data sanitized
DEBUG - 2022-08-23 14:28:08 --> Config file loaded: /hwonpark/www/application/config/tree.php
DEBUG - 2022-08-23 14:28:08 --> Encryption: Auto-configured driver 'openssl'.
DEBUG - 2022-08-23 14:28:08 --> Total execution time: 0.0695
DEBUG - 2022-08-23 14:29:48 --> UTF-8 Support Enabled
DEBUG - 2022-08-23 14:29:48 --> Global POST, GET and COOKIE data sanitized
DEBUG - 2022-08-23 14:29:48 --> Config file loaded: /hwonpark/www/application/config/tree.php
DEBUG - 2022-08-23 14:29:48 --> Encryption: Auto-configured driver 'openssl'.
DEBUG - 2022-08-23 14:29:48 --> Total execution time: 0.0400
DEBUG - 2022-08-23 14:30:10 --> UTF-8 Support Enabled
DEBUG - 2022-08-23 14:30:10 --> Global POST, GET and COOKIE data sanitized
DEBUG - 2022-08-23 14:30:10 --> Config file loaded: /hwonpark/www/application/config/tree.php
DEBUG - 2022-08-23 14:30:10 --> Encryption: Auto-configured driver 'openssl'.
DEBUG - 2022-08-23 14:30:10 --> Total execution time: 0.0406
DEBUG - 2022-08-23 14:30:13 --> UTF-8 Support Enabled
DEBUG - 2022-08-23 14:30:13 --> Global POST, GET and COOKIE data sanitized
DEBUG - 2022-08-23 14:30:13 --> Config file loaded: /hwonpark/www/application/config/tree.php
DEBUG - 2022-08-23 14:30:13 --> Encryption: Auto-configured driver 'openssl'.
DEBUG - 2022-08-23 14:30:13 --> Total execution time: 0.0353
DEBUG - 2022-08-23 14:30:16 --> UTF-8 Support Enabled
DEBUG - 2022-08-23 14:30:16 --> Global POST, GET and COOKIE data sanitized
DEBUG - 2022-08-23 14:30:16 --> Config file loaded: /hwonpark/www/application/config/tree.php
DEBUG - 2022-08-23 14:30:16 --> Encryption: Auto-configured driver 'openssl'.
DEBUG - 2022-08-23 14:30:16 --> UTF-8 Support Enabled
DEBUG - 2022-08-23 14:30:16 --> Global POST, GET and COOKIE data sanitized
DEBUG - 2022-08-23 14:30:16 --> Config file loaded: /hwonpark/www/application/config/tree.php
DEBUG - 2022-08-23 14:30:16 --> Encryption: Auto-configured driver 'openssl'.
DEBUG - 2022-08-23 14:30:16 --> Encryption class already loaded. Second attempt ignored.
DEBUG - 2022-08-23 14:30:16 --> Total execution time: 0.0535
DEBUG - 2022-08-23 14:30:19 --> UTF-8 Support Enabled
DEBUG - 2022-08-23 14:30:19 --> Global POST, GET and COOKIE data sanitized
DEBUG - 2022-08-23 14:30:19 --> Config file loaded: /hwonpark/www/application/config/tree.php
DEBUG - 2022-08-23 14:30:19 --> Encryption: Auto-configured driver 'openssl'.
DEBUG - 2022-08-23 14:30:19 --> Total execution time: 0.0613
DEBUG - 2022-08-23 14:30:20 --> UTF-8 Support Enabled
DEBUG - 2022-08-23 14:30:20 --> Global POST, GET and COOKIE data sanitized
DEBUG - 2022-08-23 14:30:20 --> Config file loaded: /hwonpark/www/application/config/tree.php
DEBUG - 2022-08-23 14:30:20 --> Encryption: Auto-configured driver 'openssl'.
DEBUG - 2022-08-23 14:30:20 --> Total execution time: 0.0346
DEBUG - 2022-08-23 14:30:26 --> UTF-8 Support Enabled
DEBUG - 2022-08-23 14:30:26 --> Global POST, GET and COOKIE data sanitized
DEBUG - 2022-08-23 14:30:26 --> Config file loaded: /hwonpark/www/application/config/tree.php
DEBUG - 2022-08-23 14:30:26 --> Encryption: Auto-configured driver 'openssl'.
DEBUG - 2022-08-23 14:30:26 --> Total execution time: 0.0397
DEBUG - 2022-08-23 14:31:23 --> UTF-8 Support Enabled
DEBUG - 2022-08-23 14:31:23 --> Global POST, GET and COOKIE data sanitized
DEBUG - 2022-08-23 14:31:23 --> Config file loaded: /hwonpark/www/application/config/tree.php
DEBUG - 2022-08-23 14:31:23 --> Encryption: Auto-configured driver 'openssl'.
DEBUG - 2022-08-23 14:31:24 --> UTF-8 Support Enabled
DEBUG - 2022-08-23 14:31:24 --> Global POST, GET and COOKIE data sanitized
DEBUG - 2022-08-23 14:31:24 --> Config file loaded: /hwonpark/www/application/config/tree.php
DEBUG - 2022-08-23 14:31:24 --> Encryption: Auto-configured driver 'openssl'.
DEBUG - 2022-08-23 14:31:24 --> Total execution time: 0.0684
DEBUG - 2022-08-23 14:31:30 --> UTF-8 Support Enabled
DEBUG - 2022-08-23 14:31:30 --> Global POST, GET and COOKIE data sanitized
DEBUG - 2022-08-23 14:31:30 --> Config file loaded: /hwonpark/www/application/config/tree.php
DEBUG - 2022-08-23 14:31:30 --> Encryption: Auto-configured driver 'openssl'.
DEBUG - 2022-08-23 14:31:30 --> Total execution time: 0.0349
DEBUG - 2022-08-23 14:31:47 --> UTF-8 Support Enabled
DEBUG - 2022-08-23 14:31:47 --> Global POST, GET and COOKIE data sanitized
DEBUG - 2022-08-23 14:31:47 --> Config file loaded: /hwonpark/www/application/config/tree.php
DEBUG - 2022-08-23 14:31:47 --> Encryption: Auto-configured driver 'openssl'.
DEBUG - 2022-08-23 14:31:47 --> Total execution time: 0.0541
DEBUG - 2022-08-23 14:31:58 --> UTF-8 Support Enabled
DEBUG - 2022-08-23 14:31:58 --> Global POST, GET and COOKIE data sanitized
DEBUG - 2022-08-23 14:31:58 --> Config file loaded: /hwonpark/www/application/config/tree.php
DEBUG - 2022-08-23 14:31:58 --> Encryption: Auto-configured driver 'openssl'.
DEBUG - 2022-08-23 14:31:58 --> Total execution time: 0.0365
DEBUG - 2022-08-23 14:32:09 --> UTF-8 Support Enabled
DEBUG - 2022-08-23 14:32:09 --> Global POST, GET and COOKIE data sanitized
DEBUG - 2022-08-23 14:32:09 --> Config file loaded: /hwonpark/www/application/config/tree.php
DEBUG - 2022-08-23 14:32:09 --> Encryption: Auto-configured driver 'openssl'.
DEBUG - 2022-08-23 14:32:09 --> Total execution time: 0.0558
DEBUG - 2022-08-23 14:32:11 --> UTF-8 Support Enabled
DEBUG - 2022-08-23 14:32:11 --> Global POST, GET and COOKIE data sanitized
DEBUG - 2022-08-23 14:32:11 --> Config file loaded: /hwonpark/www/application/config/tree.php
DEBUG - 2022-08-23 14:32:12 --> Encryption: Auto-configured driver 'openssl'.
DEBUG - 2022-08-23 14:32:12 --> Total execution time: 0.0493
DEBUG - 2022-08-23 14:32:20 --> UTF-8 Support Enabled
DEBUG - 2022-08-23 14:32:20 --> Global POST, GET and COOKIE data sanitized
DEBUG - 2022-08-23 14:32:20 --> Config file loaded: /hwonpark/www/application/config/tree.php
DEBUG - 2022-08-23 14:32:20 --> Encryption: Auto-configured driver 'openssl'.
DEBUG - 2022-08-23 14:32:20 --> Total execution time: 0.0382
DEBUG - 2022-08-23 14:32:27 --> UTF-8 Support Enabled
DEBUG - 2022-08-23 14:32:27 --> Global POST, GET and COOKIE data sanitized
DEBUG - 2022-08-23 14:32:27 --> Config file loaded: /hwonpark/www/application/config/tree.php
DEBUG - 2022-08-23 14:32:27 --> Encryption: Auto-configured driver 'openssl'.
DEBUG - 2022-08-23 14:32:27 --> UTF-8 Support Enabled
DEBUG - 2022-08-23 14:32:27 --> Global POST, GET and COOKIE data sanitized
DEBUG - 2022-08-23 14:32:27 --> Config file loaded: /hwonpark/www/application/config/tree.php
DEBUG - 2022-08-23 14:32:27 --> Encryption: Auto-configured driver 'openssl'.
DEBUG - 2022-08-23 14:32:27 --> Encryption class already loaded. Second attempt ignored.
DEBUG - 2022-08-23 14:32:27 --> Total execution time: 0.0381
DEBUG - 2022-08-23 14:32:29 --> UTF-8 Support Enabled
DEBUG - 2022-08-23 14:32:29 --> Global POST, GET and COOKIE data sanitized
DEBUG - 2022-08-23 14:32:29 --> Config file loaded: /hwonpark/www/application/config/tree.php
DEBUG - 2022-08-23 14:32:29 --> Encryption: Auto-configured driver 'openssl'.
DEBUG - 2022-08-23 14:32:29 --> Total execution time: 0.0424
DEBUG - 2022-08-23 14:32:30 --> UTF-8 Support Enabled
DEBUG - 2022-08-23 14:32:30 --> Global POST, GET and COOKIE data sanitized
DEBUG - 2022-08-23 14:32:30 --> Config file loaded: /hwonpark/www/application/config/tree.php
DEBUG - 2022-08-23 14:32:30 --> Encryption: Auto-configured driver 'openssl'.
DEBUG - 2022-08-23 14:32:30 --> Total execution time: 0.0331
DEBUG - 2022-08-23 14:32:33 --> UTF-8 Support Enabled
DEBUG - 2022-08-23 14:32:33 --> Global POST, GET and COOKIE data sanitized
DEBUG - 2022-08-23 14:32:33 --> Config file loaded: /hwonpark/www/application/config/tree.php
DEBUG - 2022-08-23 14:32:33 --> Encryption: Auto-configured driver 'openssl'.
DEBUG - 2022-08-23 14:32:33 --> Total execution time: 0.0317
DEBUG - 2022-08-23 14:32:52 --> UTF-8 Support Enabled
DEBUG - 2022-08-23 14:32:52 --> Global POST, GET and COOKIE data sanitized
DEBUG - 2022-08-23 14:32:52 --> Config file loaded: /hwonpark/www/application/config/tree.php
DEBUG - 2022-08-23 14:32:52 --> Encryption: Auto-configured driver 'openssl'.
DEBUG - 2022-08-23 14:32:53 --> UTF-8 Support Enabled
DEBUG - 2022-08-23 14:32:53 --> Global POST, GET and COOKIE data sanitized
DEBUG - 2022-08-23 14:32:53 --> Config file loaded: /hwonpark/www/application/config/tree.php
DEBUG - 2022-08-23 14:32:53 --> Encryption: Auto-configured driver 'openssl'.
DEBUG - 2022-08-23 14:32:53 --> Total execution time: 0.0378
DEBUG - 2022-08-23 14:32:55 --> UTF-8 Support Enabled
DEBUG - 2022-08-23 14:32:55 --> Global POST, GET and COOKIE data sanitized
DEBUG - 2022-08-23 14:32:55 --> Config file loaded: /hwonpark/www/application/config/tree.php
DEBUG - 2022-08-23 14:32:55 --> Encryption: Auto-configured driver 'openssl'.
DEBUG - 2022-08-23 14:32:55 --> Total execution time: 0.0307
DEBUG - 2022-08-23 14:36:58 --> UTF-8 Support Enabled
DEBUG - 2022-08-23 14:36:58 --> Global POST, GET and COOKIE data sanitized
DEBUG - 2022-08-23 14:36:58 --> Config file loaded: /hwonpark/www/application/config/tree.php
DEBUG - 2022-08-23 14:36:58 --> Encryption: Auto-configured driver 'openssl'.
DEBUG - 2022-08-23 14:36:58 --> UTF-8 Support Enabled
DEBUG - 2022-08-23 14:36:58 --> Global POST, GET and COOKIE data sanitized
DEBUG - 2022-08-23 14:36:58 --> Config file loaded: /hwonpark/www/application/config/tree.php
DEBUG - 2022-08-23 14:36:58 --> Encryption: Auto-configured driver 'openssl'.
DEBUG - 2022-08-23 14:36:58 --> Encryption class already loaded. Second attempt ignored.
DEBUG - 2022-08-23 14:36:58 --> Total execution time: 0.0373
DEBUG - 2022-08-23 14:37:00 --> UTF-8 Support Enabled
DEBUG - 2022-08-23 14:37:00 --> Global POST, GET and COOKIE data sanitized
DEBUG - 2022-08-23 14:37:00 --> Config file loaded: /hwonpark/www/application/config/tree.php
DEBUG - 2022-08-23 14:37:00 --> Encryption: Auto-configured driver 'openssl'.
DEBUG - 2022-08-23 14:37:00 --> Total execution time: 0.0609
DEBUG - 2022-08-23 14:37:03 --> UTF-8 Support Enabled
DEBUG - 2022-08-23 14:37:03 --> Global POST, GET and COOKIE data sanitized
DEBUG - 2022-08-23 14:37:03 --> Config file loaded: /hwonpark/www/application/config/tree.php
DEBUG - 2022-08-23 14:37:03 --> Encryption: Auto-configured driver 'openssl'.
DEBUG - 2022-08-23 14:37:03 --> Total execution time: 0.0445
DEBUG - 2022-08-23 14:37:05 --> UTF-8 Support Enabled
DEBUG - 2022-08-23 14:37:05 --> Global POST, GET and COOKIE data sanitized
DEBUG - 2022-08-23 14:37:05 --> Config file loaded: /hwonpark/www/application/config/tree.php
DEBUG - 2022-08-23 14:37:05 --> Encryption: Auto-configured driver 'openssl'.
DEBUG - 2022-08-23 14:37:05 --> Total execution time: 0.0344
DEBUG - 2022-08-23 14:37:57 --> UTF-8 Support Enabled
DEBUG - 2022-08-23 14:37:57 --> Global POST, GET and COOKIE data sanitized
DEBUG - 2022-08-23 14:37:57 --> Config file loaded: /hwonpark/www/application/config/tree.php
DEBUG - 2022-08-23 14:37:57 --> Encryption: Auto-configured driver 'openssl'.
DEBUG - 2022-08-23 14:37:58 --> UTF-8 Support Enabled
DEBUG - 2022-08-23 14:37:58 --> Global POST, GET and COOKIE data sanitized
DEBUG - 2022-08-23 14:37:58 --> Config file loaded: /hwonpark/www/application/config/tree.php
DEBUG - 2022-08-23 14:37:58 --> Encryption: Auto-configured driver 'openssl'.
DEBUG - 2022-08-23 14:37:58 --> Total execution time: 0.0372
DEBUG - 2022-08-23 14:39:26 --> UTF-8 Support Enabled
DEBUG - 2022-08-23 14:39:26 --> Global POST, GET and COOKIE data sanitized
DEBUG - 2022-08-23 14:39:26 --> Config file loaded: /hwonpark/www/application/config/tree.php
DEBUG - 2022-08-23 14:39:26 --> Encryption: Auto-configured driver 'openssl'.
DEBUG - 2022-08-23 14:39:26 --> Total execution time: 0.0491
DEBUG - 2022-08-23 14:39:59 --> UTF-8 Support Enabled
DEBUG - 2022-08-23 14:39:59 --> Global POST, GET and COOKIE data sanitized
DEBUG - 2022-08-23 14:39:59 --> Config file loaded: /hwonpark/www/application/config/tree.php
DEBUG - 2022-08-23 14:39:59 --> Encryption: Auto-configured driver 'openssl'.
DEBUG - 2022-08-23 14:40:00 --> UTF-8 Support Enabled
DEBUG - 2022-08-23 14:40:00 --> Global POST, GET and COOKIE data sanitized
DEBUG - 2022-08-23 14:40:00 --> Config file loaded: /hwonpark/www/application/config/tree.php
DEBUG - 2022-08-23 14:40:00 --> Encryption: Auto-configured driver 'openssl'.
DEBUG - 2022-08-23 14:40:00 --> Total execution time: 0.0543
DEBUG - 2022-08-23 14:58:43 --> UTF-8 Support Enabled
DEBUG - 2022-08-23 14:58:43 --> Global POST, GET and COOKIE data sanitized
DEBUG - 2022-08-23 14:58:43 --> Config file loaded: /hwonpark/www/application/config/tree.php
DEBUG - 2022-08-23 14:58:43 --> Total execution time: 0.0276
DEBUG - 2022-08-23 14:58:48 --> UTF-8 Support Enabled
DEBUG - 2022-08-23 14:58:48 --> Global POST, GET and COOKIE data sanitized
DEBUG - 2022-08-23 14:58:48 --> Config file loaded: /hwonpark/www/application/config/tree.php
DEBUG - 2022-08-23 14:58:50 --> UTF-8 Support Enabled
DEBUG - 2022-08-23 14:58:50 --> Global POST, GET and COOKIE data sanitized
DEBUG - 2022-08-23 14:58:50 --> Config file loaded: /hwonpark/www/application/config/tree.php
DEBUG - 2022-08-23 14:58:50 --> Encryption: Auto-configured driver 'openssl'.
DEBUG - 2022-08-23 14:58:50 --> UTF-8 Support Enabled
DEBUG - 2022-08-23 14:58:50 --> Global POST, GET and COOKIE data sanitized
DEBUG - 2022-08-23 14:58:50 --> Config file loaded: /hwonpark/www/application/config/tree.php
DEBUG - 2022-08-23 14:58:50 --> Encryption: Auto-configured driver 'openssl'.
DEBUG - 2022-08-23 14:58:50 --> Encryption class already loaded. Second attempt ignored.
DEBUG - 2022-08-23 14:58:50 --> Total execution time: 0.0552
DEBUG - 2022-08-23 14:58:52 --> UTF-8 Support Enabled
DEBUG - 2022-08-23 14:58:52 --> Global POST, GET and COOKIE data sanitized
DEBUG - 2022-08-23 14:58:52 --> Config file loaded: /hwonpark/www/application/config/tree.php
DEBUG - 2022-08-23 14:58:52 --> Encryption: Auto-configured driver 'openssl'.
DEBUG - 2022-08-23 14:58:52 --> Total execution time: 0.0401
DEBUG - 2022-08-23 14:58:53 --> UTF-8 Support Enabled
DEBUG - 2022-08-23 14:58:53 --> Global POST, GET and COOKIE data sanitized
DEBUG - 2022-08-23 14:58:53 --> Config file loaded: /hwonpark/www/application/config/tree.php
DEBUG - 2022-08-23 14:58:53 --> Encryption: Auto-configured driver 'openssl'.
DEBUG - 2022-08-23 14:58:53 --> Total execution time: 0.0496
DEBUG - 2022-08-23 14:58:55 --> UTF-8 Support Enabled
DEBUG - 2022-08-23 14:58:55 --> Global POST, GET and COOKIE data sanitized
DEBUG - 2022-08-23 14:58:55 --> Config file loaded: /hwonpark/www/application/config/tree.php
DEBUG - 2022-08-23 14:58:55 --> Encryption: Auto-configured driver 'openssl'.
DEBUG - 2022-08-23 14:58:55 --> Total execution time: 0.0342
DEBUG - 2022-08-23 15:23:18 --> UTF-8 Support Enabled
DEBUG - 2022-08-23 15:23:18 --> No URI present. Default controller set.
DEBUG - 2022-08-23 15:23:18 --> Global POST, GET and COOKIE data sanitized
DEBUG - 2022-08-23 15:23:18 --> Config file loaded: /hwonpark/www/application/config/tree.php
DEBUG - 2022-08-23 15:23:18 --> Total execution time: 0.2117
DEBUG - 2022-08-23 15:23:20 --> UTF-8 Support Enabled
DEBUG - 2022-08-23 15:23:20 --> Global POST, GET and COOKIE data sanitized
ERROR - 2022-08-23 15:23:20 --> 404 Page Not Found: Faviconico/index
DEBUG - 2022-08-23 15:23:25 --> UTF-8 Support Enabled
DEBUG - 2022-08-23 15:23:25 --> Global POST, GET and COOKIE data sanitized
DEBUG - 2022-08-23 15:23:25 --> Config file loaded: /hwonpark/www/application/config/tree.php
DEBUG - 2022-08-23 15:23:25 --> Total execution time: 0.0977
DEBUG - 2022-08-23 15:24:19 --> UTF-8 Support Enabled
DEBUG - 2022-08-23 15:24:19 --> Global POST, GET and COOKIE data sanitized
DEBUG - 2022-08-23 15:24:19 --> Config file loaded: /hwonpark/www/application/config/tree.php
DEBUG - 2022-08-23 15:24:19 --> Total execution time: 0.0953
DEBUG - 2022-08-23 15:24:20 --> UTF-8 Support Enabled
DEBUG - 2022-08-23 15:24:20 --> Global POST, GET and COOKIE data sanitized
DEBUG - 2022-08-23 15:24:21 --> Config file loaded: /hwonpark/www/application/config/tree.php
DEBUG - 2022-08-23 15:24:21 --> =================== DL_auth-> oauth::CALLBACK - 시작
DEBUG - 2022-08-23 15:24:21 --> =================== DL_auth-> oauth::CALLBACK - kakao param=:: error=
DEBUG - 2022-08-23 15:24:21 --> =================== DL_auth-> oauth::CALLBACK - kakao param=:: state=
DEBUG - 2022-08-23 15:24:21 --> =================== DL_auth-> oauth::CALLBACK - kakao param=:: code=4i0fzb_KKn4UPN_louY2guZLJVqzt43WBl5FGq3ftEKDNHup2DtKuCiMJwNRs3MIeIPF5gorDKYAAAGCyV-Vtg
DEBUG - 2022-08-23 15:24:21 --> =================== DL_auth -> kakao oauth :2: code=4i0fzb_KKn4UPN_louY2guZLJVqzt43WBl5FGq3ftEKDNHup2DtKuCiMJwNRs3MIeIPF5gorDKYAAAGCyV-Vtg
DEBUG - 2022-08-23 15:24:21 --> ====================Dl_auth -> kakao_login :: 시작
DEBUG - 2022-08-23 15:24:21 --> --------------------Dl_auth::kakao_login - 1.토큰요청 시작
DEBUG - 2022-08-23 15:24:21 --> Dl_auth::kakao_login - get_token 시작 n=2
DEBUG - 2022-08-23 15:24:21 --> --------------------Dl_auth::kakao_login - 1.2.토큰요청 시작 -> 기타브라우저
DEBUG - 2022-08-23 15:24:21 --> --------------------Dl_auth::kakao_login - 1.3.토큰요청
DEBUG - 2022-08-23 15:24:21 --> --------------------Dl_auth::kakao_login - 1.4.토큰요청 -> 성공
DEBUG - 2022-08-23 15:24:27 --> UTF-8 Support Enabled
DEBUG - 2022-08-23 15:24:27 --> Global POST, GET and COOKIE data sanitized
DEBUG - 2022-08-23 15:24:27 --> Config file loaded: /hwonpark/www/application/config/tree.php
DEBUG - 2022-08-23 15:24:27 --> =================== DL_auth-> oauth::CALLBACK - 시작
DEBUG - 2022-08-23 15:24:27 --> =================== DL_auth-> oauth::CALLBACK - kakao param=:: error=
DEBUG - 2022-08-23 15:24:27 --> =================== DL_auth-> oauth::CALLBACK - kakao param=:: state=
DEBUG - 2022-08-23 15:24:27 --> =================== DL_auth-> oauth::CALLBACK - kakao param=:: code=LmQOFe_qFtpWFo9rP56dRBC4RTCzlkzyIMrl5mG4EwGOHYJlL5IOlq4ebqj3EqkmTvJiRworDKYAAAGCyV-vJw
DEBUG - 2022-08-23 15:24:27 --> =================== DL_auth -> kakao oauth :2: code=LmQOFe_qFtpWFo9rP56dRBC4RTCzlkzyIMrl5mG4EwGOHYJlL5IOlq4ebqj3EqkmTvJiRworDKYAAAGCyV-vJw
DEBUG - 2022-08-23 15:24:27 --> ====================Dl_auth -> kakao_login :: 시작
DEBUG - 2022-08-23 15:24:27 --> ====================Dl_auth::kakao_login - 1.3.5- 사이트 회원정보 업데이트 성공(카카오 인증 완료) state=
DEBUG - 2022-08-23 15:24:31 --> UTF-8 Support Enabled
DEBUG - 2022-08-23 15:24:31 --> Global POST, GET and COOKIE data sanitized
DEBUG - 2022-08-23 15:24:31 --> Config file loaded: /hwonpark/www/application/config/tree.php
DEBUG - 2022-08-23 15:24:31 --> Encryption: Auto-configured driver 'openssl'.
DEBUG - 2022-08-23 15:24:31 --> Total execution time: 0.0673
DEBUG - 2022-08-23 15:24:36 --> UTF-8 Support Enabled
DEBUG - 2022-08-23 15:24:36 --> Global POST, GET and COOKIE data sanitized
DEBUG - 2022-08-23 15:24:36 --> Config file loaded: /hwonpark/www/application/config/tree.php
DEBUG - 2022-08-23 15:24:36 --> Encryption: Auto-configured driver 'openssl'.
DEBUG - 2022-08-23 15:24:36 --> Total execution time: 0.0574
DEBUG - 2022-08-23 15:24:49 --> UTF-8 Support Enabled
DEBUG - 2022-08-23 15:24:49 --> No URI present. Default controller set.
DEBUG - 2022-08-23 15:24:49 --> Global POST, GET and COOKIE data sanitized
DEBUG - 2022-08-23 15:24:49 --> Config file loaded: /hwonpark/www/application/config/tree.php
DEBUG - 2022-08-23 15:24:49 --> Encryption: Auto-configured driver 'openssl'.
DEBUG - 2022-08-23 15:24:49 --> Total execution time: 0.0346
DEBUG - 2022-08-23 15:24:55 --> UTF-8 Support Enabled
DEBUG - 2022-08-23 15:24:55 --> Global POST, GET and COOKIE data sanitized
DEBUG - 2022-08-23 15:24:55 --> Config file loaded: /hwonpark/www/application/config/tree.php
DEBUG - 2022-08-23 15:24:55 --> Encryption: Auto-configured driver 'openssl'.
DEBUG - 2022-08-23 15:24:55 --> Total execution time: 0.0351
DEBUG - 2022-08-23 15:25:27 --> UTF-8 Support Enabled
DEBUG - 2022-08-23 15:25:27 --> No URI present. Default controller set.
DEBUG - 2022-08-23 15:25:27 --> Global POST, GET and COOKIE data sanitized
DEBUG - 2022-08-23 15:25:27 --> Config file loaded: /hwonpark/www/application/config/tree.php
DEBUG - 2022-08-23 15:25:27 --> Encryption: Auto-configured driver 'openssl'.
DEBUG - 2022-08-23 15:25:27 --> Total execution time: 0.0669
DEBUG - 2022-08-23 15:25:31 --> UTF-8 Support Enabled
DEBUG - 2022-08-23 15:25:31 --> Global POST, GET and COOKIE data sanitized
DEBUG - 2022-08-23 15:25:31 --> Config file loaded: /hwonpark/www/application/config/tree.php
DEBUG - 2022-08-23 15:25:31 --> Encryption: Auto-configured driver 'openssl'.
DEBUG - 2022-08-23 15:25:31 --> Total execution time: 0.0665
DEBUG - 2022-08-23 15:34:06 --> UTF-8 Support Enabled
DEBUG - 2022-08-23 15:34:06 --> No URI present. Default controller set.
DEBUG - 2022-08-23 15:34:06 --> Global POST, GET and COOKIE data sanitized
DEBUG - 2022-08-23 15:34:06 --> Config file loaded: /hwonpark/www/application/config/tree.php
DEBUG - 2022-08-23 15:34:06 --> Total execution time: 0.0433
DEBUG - 2022-08-23 15:34:07 --> UTF-8 Support Enabled
DEBUG - 2022-08-23 15:34:07 --> Global POST, GET and COOKIE data sanitized
ERROR - 2022-08-23 15:34:07 --> 404 Page Not Found: Faviconico/index
DEBUG - 2022-08-23 15:34:59 --> UTF-8 Support Enabled
DEBUG - 2022-08-23 15:34:59 --> No URI present. Default controller set.
DEBUG - 2022-08-23 15:34:59 --> Global POST, GET and COOKIE data sanitized
DEBUG - 2022-08-23 15:34:59 --> Config file loaded: /hwonpark/www/application/config/tree.php
DEBUG - 2022-08-23 15:34:59 --> Total execution time: 0.0447
DEBUG - 2022-08-23 15:35:03 --> UTF-8 Support Enabled
DEBUG - 2022-08-23 15:35:03 --> Global POST, GET and COOKIE data sanitized
DEBUG - 2022-08-23 15:35:03 --> Config file loaded: /hwonpark/www/application/config/tree.php
DEBUG - 2022-08-23 15:35:05 --> UTF-8 Support Enabled
DEBUG - 2022-08-23 15:35:05 --> Global POST, GET and COOKIE data sanitized
DEBUG - 2022-08-23 15:35:05 --> Config file loaded: /hwonpark/www/application/config/tree.php
DEBUG - 2022-08-23 15:35:05 --> Total execution time: 0.0268
DEBUG - 2022-08-23 15:35:09 --> UTF-8 Support Enabled
DEBUG - 2022-08-23 15:35:09 --> Global POST, GET and COOKIE data sanitized
DEBUG - 2022-08-23 15:35:09 --> Config file loaded: /hwonpark/www/application/config/tree.php
DEBUG - 2022-08-23 15:35:14 --> UTF-8 Support Enabled
DEBUG - 2022-08-23 15:35:14 --> Global POST, GET and COOKIE data sanitized
DEBUG - 2022-08-23 15:35:14 --> Config file loaded: /hwonpark/www/application/config/tree.php
DEBUG - 2022-08-23 15:35:14 --> Total execution time: 0.0312
DEBUG - 2022-08-23 15:43:34 --> UTF-8 Support Enabled
DEBUG - 2022-08-23 15:43:34 --> No URI present. Default controller set.
DEBUG - 2022-08-23 15:43:34 --> Global POST, GET and COOKIE data sanitized
DEBUG - 2022-08-23 15:43:34 --> Config file loaded: /hwonpark/www/application/config/tree.php
DEBUG - 2022-08-23 15:43:34 --> Total execution time: 0.0312
DEBUG - 2022-08-23 15:43:35 --> UTF-8 Support Enabled
DEBUG - 2022-08-23 15:43:35 --> Global POST, GET and COOKIE data sanitized
ERROR - 2022-08-23 15:43:35 --> 404 Page Not Found: Apple-touch-icon-120x120-precomposedpng/index
DEBUG - 2022-08-23 15:43:35 --> UTF-8 Support Enabled
DEBUG - 2022-08-23 15:43:35 --> Global POST, GET and COOKIE data sanitized
ERROR - 2022-08-23 15:43:35 --> 404 Page Not Found: Apple-touch-icon-120x120png/index
DEBUG - 2022-08-23 15:43:35 --> UTF-8 Support Enabled
DEBUG - 2022-08-23 15:43:35 --> Global POST, GET and COOKIE data sanitized
ERROR - 2022-08-23 15:43:35 --> 404 Page Not Found: Apple-touch-icon-precomposedpng/index
DEBUG - 2022-08-23 15:43:35 --> UTF-8 Support Enabled
DEBUG - 2022-08-23 15:43:35 --> Global POST, GET and COOKIE data sanitized
ERROR - 2022-08-23 15:43:35 --> 404 Page Not Found: Apple-touch-iconpng/index
DEBUG - 2022-08-23 15:43:36 --> UTF-8 Support Enabled
DEBUG - 2022-08-23 15:43:36 --> Global POST, GET and COOKIE data sanitized
DEBUG - 2022-08-23 15:43:36 --> Config file loaded: /hwonpark/www/application/config/tree.php
DEBUG - 2022-08-23 15:43:37 --> UTF-8 Support Enabled
DEBUG - 2022-08-23 15:43:37 --> Global POST, GET and COOKIE data sanitized
DEBUG - 2022-08-23 15:43:37 --> Config file loaded: /hwonpark/www/application/config/tree.php
DEBUG - 2022-08-23 15:43:37 --> Total execution time: 0.0518
DEBUG - 2022-08-23 15:43:39 --> UTF-8 Support Enabled
DEBUG - 2022-08-23 15:43:39 --> Global POST, GET and COOKIE data sanitized
DEBUG - 2022-08-23 15:43:39 --> Config file loaded: /hwonpark/www/application/config/tree.php
DEBUG - 2022-08-23 15:43:39 --> =================== DL_auth-> oauth::CALLBACK - 시작
DEBUG - 2022-08-23 15:43:39 --> =================== DL_auth-> oauth::CALLBACK - kakao param=:: error=
DEBUG - 2022-08-23 15:43:39 --> =================== DL_auth-> oauth::CALLBACK - kakao param=:: state=
DEBUG - 2022-08-23 15:43:39 --> =================== DL_auth-> oauth::CALLBACK - kakao param=:: code=8CzRE9B-LjCjRuXf6IA-4pTYbJCLlWOFHQ7ZBCsfUxQv8G_Mj58FuIDAXxr0Wu_qAHiUpgopcFEAAAGCyXFByw
DEBUG - 2022-08-23 15:43:39 --> =================== DL_auth -> kakao oauth :2: code=8CzRE9B-LjCjRuXf6IA-4pTYbJCLlWOFHQ7ZBCsfUxQv8G_Mj58FuIDAXxr0Wu_qAHiUpgopcFEAAAGCyXFByw
DEBUG - 2022-08-23 15:43:39 --> ====================Dl_auth -> kakao_login :: 시작
DEBUG - 2022-08-23 15:43:39 --> --------------------Dl_auth::kakao_login - 1.토큰요청 시작
DEBUG - 2022-08-23 15:43:39 --> Dl_auth::kakao_login - get_token 시작 n=2
DEBUG - 2022-08-23 15:43:39 --> --------------------Dl_auth::kakao_login - 1.2.토큰요청 시작 -> 기타브라우저
DEBUG - 2022-08-23 15:43:39 --> --------------------Dl_auth::kakao_login - 1.3.토큰요청
DEBUG - 2022-08-23 15:43:39 --> --------------------Dl_auth::kakao_login - 1.4.토큰요청 -> 성공
DEBUG - 2022-08-23 15:43:40 --> UTF-8 Support Enabled
DEBUG - 2022-08-23 15:43:40 --> Global POST, GET and COOKIE data sanitized
DEBUG - 2022-08-23 15:43:40 --> Config file loaded: /hwonpark/www/application/config/tree.php
DEBUG - 2022-08-23 15:43:40 --> =================== DL_auth-> oauth::CALLBACK - 시작
DEBUG - 2022-08-23 15:43:40 --> =================== DL_auth-> oauth::CALLBACK - kakao param=:: error=
DEBUG - 2022-08-23 15:43:40 --> =================== DL_auth-> oauth::CALLBACK - kakao param=:: state=
DEBUG - 2022-08-23 15:43:40 --> =================== DL_auth-> oauth::CALLBACK - kakao param=:: code=8CzRE9B-LjCjRuXf6IA-4pTYbJCLlWOFHQ7ZBCsfUxQv8G_Mj58FuIDAXxr0Wu_qAHiUpgopcFEAAAGCyXFByw
DEBUG - 2022-08-23 15:43:40 --> =================== DL_auth -> kakao oauth :2: code=8CzRE9B-LjCjRuXf6IA-4pTYbJCLlWOFHQ7ZBCsfUxQv8G_Mj58FuIDAXxr0Wu_qAHiUpgopcFEAAAGCyXFByw
DEBUG - 2022-08-23 15:43:40 --> ====================Dl_auth -> kakao_login :: 시작
DEBUG - 2022-08-23 15:43:40 --> ====================Dl_auth::kakao_login - 1.3.5- 사이트 회원정보 업데이트 성공(카카오 인증 완료) state=
DEBUG - 2022-08-23 15:43:43 --> UTF-8 Support Enabled
DEBUG - 2022-08-23 15:43:43 --> Global POST, GET and COOKIE data sanitized
DEBUG - 2022-08-23 15:43:43 --> Config file loaded: /hwonpark/www/application/config/tree.php
DEBUG - 2022-08-23 15:43:43 --> Encryption: Auto-configured driver 'openssl'.
DEBUG - 2022-08-23 15:43:43 --> Total execution time: 0.0690
DEBUG - 2022-08-23 15:43:44 --> UTF-8 Support Enabled
DEBUG - 2022-08-23 15:43:44 --> Global POST, GET and COOKIE data sanitized
DEBUG - 2022-08-23 15:43:44 --> Config file loaded: /hwonpark/www/application/config/tree.php
DEBUG - 2022-08-23 15:43:44 --> Encryption: Auto-configured driver 'openssl'.
DEBUG - 2022-08-23 15:43:44 --> Total execution time: 0.0438
DEBUG - 2022-08-23 16:00:23 --> UTF-8 Support Enabled
DEBUG - 2022-08-23 16:00:23 --> Global POST, GET and COOKIE data sanitized
DEBUG - 2022-08-23 16:00:23 --> Config file loaded: /hwonpark/www/application/config/tree.php
DEBUG - 2022-08-23 16:00:23 --> Total execution time: 0.0332
DEBUG - 2022-08-23 16:00:29 --> UTF-8 Support Enabled
DEBUG - 2022-08-23 16:00:29 --> Global POST, GET and COOKIE data sanitized
DEBUG - 2022-08-23 16:00:29 --> Config file loaded: /hwonpark/www/application/config/tree.php
DEBUG - 2022-08-23 16:00:29 --> Total execution time: 0.0407
DEBUG - 2022-08-23 16:02:53 --> UTF-8 Support Enabled
DEBUG - 2022-08-23 16:02:53 --> Global POST, GET and COOKIE data sanitized
DEBUG - 2022-08-23 16:02:53 --> Config file loaded: /hwonpark/www/application/config/tree.php
DEBUG - 2022-08-23 16:02:53 --> Total execution time: 0.0302
DEBUG - 2022-08-23 16:02:56 --> UTF-8 Support Enabled
DEBUG - 2022-08-23 16:02:56 --> Global POST, GET and COOKIE data sanitized
ERROR - 2022-08-23 16:02:56 --> 404 Page Not Found: Faviconico/index
DEBUG - 2022-08-23 16:03:01 --> UTF-8 Support Enabled
DEBUG - 2022-08-23 16:03:01 --> Global POST, GET and COOKIE data sanitized
DEBUG - 2022-08-23 16:03:01 --> Config file loaded: /hwonpark/www/application/config/tree.php
DEBUG - 2022-08-23 16:03:04 --> UTF-8 Support Enabled
DEBUG - 2022-08-23 16:03:04 --> Global POST, GET and COOKIE data sanitized
DEBUG - 2022-08-23 16:03:04 --> Config file loaded: /hwonpark/www/application/config/tree.php
DEBUG - 2022-08-23 16:03:04 --> Total execution time: 0.0265
DEBUG - 2022-08-23 16:03:04 --> UTF-8 Support Enabled
DEBUG - 2022-08-23 16:03:04 --> Global POST, GET and COOKIE data sanitized
ERROR - 2022-08-23 16:03:04 --> 404 Page Not Found: Faviconico/index
DEBUG - 2022-08-23 16:03:10 --> UTF-8 Support Enabled
DEBUG - 2022-08-23 16:03:10 --> Global POST, GET and COOKIE data sanitized
DEBUG - 2022-08-23 16:03:10 --> Config file loaded: /hwonpark/www/application/config/tree.php
DEBUG - 2022-08-23 16:03:13 --> UTF-8 Support Enabled
DEBUG - 2022-08-23 16:03:13 --> Global POST, GET and COOKIE data sanitized
DEBUG - 2022-08-23 16:03:13 --> Config file loaded: /hwonpark/www/application/config/tree.php
DEBUG - 2022-08-23 16:03:13 --> Encryption: Auto-configured driver 'openssl'.
DEBUG - 2022-08-23 16:03:13 --> UTF-8 Support Enabled
DEBUG - 2022-08-23 16:03:13 --> Global POST, GET and COOKIE data sanitized
DEBUG - 2022-08-23 16:03:13 --> Config file loaded: /hwonpark/www/application/config/tree.php
DEBUG - 2022-08-23 16:03:13 --> Encryption: Auto-configured driver 'openssl'.
DEBUG - 2022-08-23 16:03:13 --> Encryption class already loaded. Second attempt ignored.
DEBUG - 2022-08-23 16:03:13 --> Total execution time: 0.0590
DEBUG - 2022-08-23 16:03:16 --> UTF-8 Support Enabled
DEBUG - 2022-08-23 16:03:16 --> Global POST, GET and COOKIE data sanitized
DEBUG - 2022-08-23 16:03:16 --> Config file loaded: /hwonpark/www/application/config/tree.php
DEBUG - 2022-08-23 16:03:16 --> Encryption: Auto-configured driver 'openssl'.
DEBUG - 2022-08-23 16:03:16 --> Total execution time: 0.0549
DEBUG - 2022-08-23 16:03:18 --> UTF-8 Support Enabled
DEBUG - 2022-08-23 16:03:18 --> Global POST, GET and COOKIE data sanitized
DEBUG - 2022-08-23 16:03:18 --> Config file loaded: /hwonpark/www/application/config/tree.php
DEBUG - 2022-08-23 16:03:18 --> Encryption: Auto-configured driver 'openssl'.
DEBUG - 2022-08-23 16:03:18 --> Encryption class already loaded. Second attempt ignored.
DEBUG - 2022-08-23 16:03:18 --> Total execution time: 0.0385
DEBUG - 2022-08-23 16:04:27 --> UTF-8 Support Enabled
DEBUG - 2022-08-23 16:04:27 --> Global POST, GET and COOKIE data sanitized
DEBUG - 2022-08-23 16:04:27 --> Config file loaded: /hwonpark/www/application/config/tree.php
DEBUG - 2022-08-23 16:04:27 --> Total execution time: 0.0383
DEBUG - 2022-08-23 16:11:08 --> UTF-8 Support Enabled
DEBUG - 2022-08-23 16:11:08 --> No URI present. Default controller set.
DEBUG - 2022-08-23 16:11:08 --> Global POST, GET and COOKIE data sanitized
DEBUG - 2022-08-23 16:11:08 --> Config file loaded: /hwonpark/www/application/config/tree.php
DEBUG - 2022-08-23 16:11:08 --> Total execution time: 0.0356
DEBUG - 2022-08-23 16:11:10 --> UTF-8 Support Enabled
DEBUG - 2022-08-23 16:11:10 --> Global POST, GET and COOKIE data sanitized
ERROR - 2022-08-23 16:11:10 --> 404 Page Not Found: Faviconico/index
DEBUG - 2022-08-23 16:11:16 --> UTF-8 Support Enabled
DEBUG - 2022-08-23 16:11:16 --> Global POST, GET and COOKIE data sanitized
DEBUG - 2022-08-23 16:11:16 --> Config file loaded: /hwonpark/www/application/config/tree.php
DEBUG - 2022-08-23 16:11:16 --> Total execution time: 0.0420
DEBUG - 2022-08-23 16:11:24 --> UTF-8 Support Enabled
DEBUG - 2022-08-23 16:11:24 --> Global POST, GET and COOKIE data sanitized
DEBUG - 2022-08-23 16:11:24 --> Config file loaded: /hwonpark/www/application/config/tree.php
DEBUG - 2022-08-23 16:11:24 --> Total execution time: 0.0347
DEBUG - 2022-08-23 16:11:31 --> UTF-8 Support Enabled
DEBUG - 2022-08-23 16:11:31 --> Global POST, GET and COOKIE data sanitized
DEBUG - 2022-08-23 16:11:31 --> Config file loaded: /hwonpark/www/application/config/tree.php
DEBUG - 2022-08-23 16:11:31 --> Total execution time: 0.0486
DEBUG - 2022-08-23 16:12:24 --> UTF-8 Support Enabled
DEBUG - 2022-08-23 16:12:24 --> Global POST, GET and COOKIE data sanitized
DEBUG - 2022-08-23 16:12:24 --> Config file loaded: /hwonpark/www/application/config/tree.php
DEBUG - 2022-08-23 16:12:24 --> Total execution time: 0.0713
DEBUG - 2022-08-23 17:37:35 --> UTF-8 Support Enabled
DEBUG - 2022-08-23 17:37:35 --> No URI present. Default controller set.
DEBUG - 2022-08-23 17:37:35 --> Global POST, GET and COOKIE data sanitized
DEBUG - 2022-08-23 17:37:35 --> Config file loaded: /hwonpark/www/application/config/tree.php
DEBUG - 2022-08-23 17:37:35 --> Total execution time: 0.0377
DEBUG - 2022-08-23 17:37:36 --> UTF-8 Support Enabled
DEBUG - 2022-08-23 17:37:36 --> Global POST, GET and COOKIE data sanitized
ERROR - 2022-08-23 17:37:36 --> 404 Page Not Found: Faviconico/index
DEBUG - 2022-08-23 17:37:39 --> UTF-8 Support Enabled
DEBUG - 2022-08-23 17:37:39 --> Global POST, GET and COOKIE data sanitized
DEBUG - 2022-08-23 17:37:39 --> Config file loaded: /hwonpark/www/application/config/tree.php
DEBUG - 2022-08-23 17:37:39 --> Total execution time: 0.0686
DEBUG - 2022-08-23 17:48:39 --> UTF-8 Support Enabled
DEBUG - 2022-08-23 17:48:39 --> Global POST, GET and COOKIE data sanitized
DEBUG - 2022-08-23 17:48:39 --> Config file loaded: /hwonpark/www/application/config/tree.php
DEBUG - 2022-08-23 17:48:39 --> Total execution time: 0.0300
DEBUG - 2022-08-23 17:53:09 --> UTF-8 Support Enabled
DEBUG - 2022-08-23 17:53:09 --> Global POST, GET and COOKIE data sanitized
DEBUG - 2022-08-23 17:53:09 --> Config file loaded: /hwonpark/www/application/config/tree.php
DEBUG - 2022-08-23 17:53:09 --> Total execution time: 0.0303
DEBUG - 2022-08-23 17:53:11 --> UTF-8 Support Enabled
DEBUG - 2022-08-23 17:53:11 --> Global POST, GET and COOKIE data sanitized
ERROR - 2022-08-23 17:53:11 --> 404 Page Not Found: Faviconico/index
DEBUG - 2022-08-23 17:54:14 --> UTF-8 Support Enabled
DEBUG - 2022-08-23 17:54:14 --> Global POST, GET and COOKIE data sanitized
DEBUG - 2022-08-23 17:54:14 --> Config file loaded: /hwonpark/www/application/config/tree.php
DEBUG - 2022-08-23 17:54:14 --> Total execution time: 0.0575
DEBUG - 2022-08-23 17:54:15 --> UTF-8 Support Enabled
DEBUG - 2022-08-23 17:54:15 --> Global POST, GET and COOKIE data sanitized
ERROR - 2022-08-23 17:54:15 --> 404 Page Not Found: Faviconico/index
