DEBUG - 2023-01-22 16:41:57 --> UTF-8 Support Enabled
DEBUG - 2023-01-22 16:41:57 --> Global POST, GET and COOKIE data sanitized
DEBUG - 2023-01-22 16:41:57 --> Config file loaded: /hwonpark/www/application/config/tree.php
DEBUG - 2023-01-22 16:41:57 --> Total execution time: 0.3075
DEBUG - 2023-01-22 16:41:58 --> UTF-8 Support Enabled
DEBUG - 2023-01-22 16:41:58 --> Global POST, GET and COOKIE data sanitized
ERROR - 2023-01-22 16:41:58 --> 404 Page Not Found: Faviconico/index
DEBUG - 2023-01-22 16:50:57 --> UTF-8 Support Enabled
DEBUG - 2023-01-22 16:50:57 --> Global POST, GET and COOKIE data sanitized
DEBUG - 2023-01-22 16:50:57 --> Config file loaded: /hwonpark/www/application/config/tree.php
DEBUG - 2023-01-22 16:50:57 --> Total execution time: 0.0807
DEBUG - 2023-01-22 18:40:19 --> UTF-8 Support Enabled
DEBUG - 2023-01-22 18:40:19 --> Global POST, GET and COOKIE data sanitized
DEBUG - 2023-01-22 18:40:19 --> Config file loaded: /hwonpark/www/application/config/tree.php
DEBUG - 2023-01-22 18:40:19 --> Total execution time: 0.0371
DEBUG - 2023-01-22 19:29:28 --> UTF-8 Support Enabled
DEBUG - 2023-01-22 19:29:28 --> No URI present. Default controller set.
DEBUG - 2023-01-22 19:29:28 --> Global POST, GET and COOKIE data sanitized
DEBUG - 2023-01-22 19:29:28 --> Config file loaded: /hwonpark/www/application/config/tree.php
DEBUG - 2023-01-22 19:29:28 --> Total execution time: 0.0483
DEBUG - 2023-01-22 22:18:46 --> UTF-8 Support Enabled
DEBUG - 2023-01-22 22:18:46 --> No URI present. Default controller set.
DEBUG - 2023-01-22 22:18:46 --> Global POST, GET and COOKIE data sanitized
DEBUG - 2023-01-22 22:18:46 --> Config file loaded: /hwonpark/www/application/config/tree.php
DEBUG - 2023-01-22 22:18:46 --> Total execution time: 0.0805
DEBUG - 2023-01-22 22:18:53 --> UTF-8 Support Enabled
DEBUG - 2023-01-22 22:18:53 --> Global POST, GET and COOKIE data sanitized
DEBUG - 2023-01-22 22:18:53 --> Config file loaded: /hwonpark/www/application/config/tree.php
DEBUG - 2023-01-22 22:18:53 --> Total execution time: 0.0849
DEBUG - 2023-01-22 22:18:57 --> UTF-8 Support Enabled
DEBUG - 2023-01-22 22:18:57 --> Global POST, GET and COOKIE data sanitized
DEBUG - 2023-01-22 22:18:57 --> Config file loaded: /hwonpark/www/application/config/tree.php
DEBUG - 2023-01-22 22:18:57 --> --------------------DC_common::chk_perm - 1.인가코드요청 시작 -> if 인앱브라우저
DEBUG - 2023-01-22 22:18:58 --> UTF-8 Support Enabled
DEBUG - 2023-01-22 22:18:58 --> Global POST, GET and COOKIE data sanitized
DEBUG - 2023-01-22 22:18:58 --> Config file loaded: /hwonpark/www/application/config/tree.php
DEBUG - 2023-01-22 22:18:58 --> =================== DL_auth-> oauth::CALLBACK - 시작
DEBUG - 2023-01-22 22:18:58 --> =================== DL_auth-> oauth::CALLBACK - kakao param=:: error=
DEBUG - 2023-01-22 22:18:58 --> =================== DL_auth-> oauth::CALLBACK - kakao param=:: state=/ko/brief/view?idx=39
DEBUG - 2023-01-22 22:18:58 --> =================== DL_auth-> oauth::CALLBACK - kakao param=:: code=o2bvkxArwNB4LAjFBBJAxHbh3C_nd00sjtdurk4Zj_sEWSWNxlgInVgfm7Jj6Hx0exIPPAo9cuoAAAGF2aHOKg
DEBUG - 2023-01-22 22:18:58 --> =================== DL_auth -> kakao oauth :2: code=o2bvkxArwNB4LAjFBBJAxHbh3C_nd00sjtdurk4Zj_sEWSWNxlgInVgfm7Jj6Hx0exIPPAo9cuoAAAGF2aHOKg
DEBUG - 2023-01-22 22:18:58 --> ====================Dl_auth -> kakao_login :: 시작
DEBUG - 2023-01-22 22:18:58 --> --------------------Dl_auth::kakao_login - 1.토큰요청 시작
DEBUG - 2023-01-22 22:18:58 --> Dl_auth::kakao_login - get_token 시작 n=2
DEBUG - 2023-01-22 22:18:58 --> --------------------Dl_auth::kakao_login - 1.2.토큰요청 시작 -> 기타브라우저
DEBUG - 2023-01-22 22:18:58 --> --------------------Dl_auth::kakao_login - 1.3.토큰요청
DEBUG - 2023-01-22 22:18:58 --> --------------------Dl_auth::kakao_login - 1.4.토큰요청 -> 성공
DEBUG - 2023-01-22 22:18:58 --> UTF-8 Support Enabled
DEBUG - 2023-01-22 22:18:58 --> Global POST, GET and COOKIE data sanitized
DEBUG - 2023-01-22 22:18:58 --> Config file loaded: /hwonpark/www/application/config/tree.php
DEBUG - 2023-01-22 22:18:58 --> =================== DL_auth-> oauth::CALLBACK - 시작
DEBUG - 2023-01-22 22:18:58 --> =================== DL_auth-> oauth::CALLBACK - kakao param=:: error=
DEBUG - 2023-01-22 22:18:58 --> =================== DL_auth-> oauth::CALLBACK - kakao param=:: state=/ko/brief/view?idx=39
DEBUG - 2023-01-22 22:18:58 --> =================== DL_auth-> oauth::CALLBACK - kakao param=:: code=o2bvkxArwNB4LAjFBBJAxHbh3C_nd00sjtdurk4Zj_sEWSWNxlgInVgfm7Jj6Hx0exIPPAo9cuoAAAGF2aHOKg
DEBUG - 2023-01-22 22:18:58 --> =================== DL_auth -> kakao oauth :2: code=o2bvkxArwNB4LAjFBBJAxHbh3C_nd00sjtdurk4Zj_sEWSWNxlgInVgfm7Jj6Hx0exIPPAo9cuoAAAGF2aHOKg
DEBUG - 2023-01-22 22:18:58 --> ====================Dl_auth -> kakao_login :: 시작
DEBUG - 2023-01-22 22:18:58 --> ====================Dl_auth::kakao_login - 1.3.5- 사이트 회원정보 업데이트 성공(카카오 인증 완료) state=/ko/brief/view?idx=39
DEBUG - 2023-01-22 22:18:58 --> UTF-8 Support Enabled
DEBUG - 2023-01-22 22:18:58 --> Global POST, GET and COOKIE data sanitized
DEBUG - 2023-01-22 22:18:58 --> Config file loaded: /hwonpark/www/application/config/tree.php
DEBUG - 2023-01-22 22:18:58 --> Encryption: Auto-configured driver 'openssl'.
DEBUG - 2023-01-22 22:18:58 --> --------------------DC_common::chk_perm - 1.인가코드요청 시작 -> if 인앱브라우저
DEBUG - 2023-01-22 22:18:58 --> Total execution time: 0.0783
DEBUG - 2023-01-22 22:19:00 --> UTF-8 Support Enabled
DEBUG - 2023-01-22 22:19:00 --> Global POST, GET and COOKIE data sanitized
DEBUG - 2023-01-22 22:19:00 --> Config file loaded: /hwonpark/www/application/config/tree.php
DEBUG - 2023-01-22 22:19:00 --> Encryption: Auto-configured driver 'openssl'.
DEBUG - 2023-01-22 22:19:00 --> --------------------DC_common::chk_perm - 1.인가코드요청 시작 -> if 인앱브라우저
DEBUG - 2023-01-22 22:19:00 --> Total execution time: 0.0714
DEBUG - 2023-01-22 22:19:16 --> UTF-8 Support Enabled
DEBUG - 2023-01-22 22:19:16 --> Global POST, GET and COOKIE data sanitized
DEBUG - 2023-01-22 22:19:16 --> Config file loaded: /hwonpark/www/application/config/tree.php
DEBUG - 2023-01-22 22:19:16 --> Encryption: Auto-configured driver 'openssl'.
DEBUG - 2023-01-22 22:19:16 --> Total execution time: 0.0657
DEBUG - 2023-01-22 22:19:28 --> UTF-8 Support Enabled
DEBUG - 2023-01-22 22:19:28 --> Global POST, GET and COOKIE data sanitized
DEBUG - 2023-01-22 22:19:29 --> Config file loaded: /hwonpark/www/application/config/tree.php
DEBUG - 2023-01-22 22:19:29 --> Encryption: Auto-configured driver 'openssl'.
DEBUG - 2023-01-22 22:19:29 --> --------------------DC_common::chk_perm - 1.인가코드요청 시작 -> if 인앱브라우저
DEBUG - 2023-01-22 22:19:29 --> Total execution time: 0.0472
