DEBUG - 2022-10-29 04:11:27 --> UTF-8 Support Enabled
DEBUG - 2022-10-29 04:11:27 --> Global POST, GET and COOKIE data sanitized
DEBUG - 2022-10-29 04:11:27 --> Config file loaded: /hwonpark/www/application/config/tree.php
DEBUG - 2022-10-29 04:11:27 --> --------------------DC_common::chk_perm - 1.인가코드요청 시작 -> if 인앱브라우저
DEBUG - 2022-10-29 04:11:28 --> UTF-8 Support Enabled
DEBUG - 2022-10-29 04:11:28 --> Global POST, GET and COOKIE data sanitized
ERROR - 2022-10-29 04:11:28 --> 404 Page Not Found: Faviconico/index
DEBUG - 2022-10-29 04:11:28 --> UTF-8 Support Enabled
DEBUG - 2022-10-29 04:11:28 --> Global POST, GET and COOKIE data sanitized
DEBUG - 2022-10-29 04:11:28 --> Config file loaded: /hwonpark/www/application/config/tree.php
DEBUG - 2022-10-29 04:11:28 --> =================== DL_auth-> oauth::CALLBACK - 시작
DEBUG - 2022-10-29 04:11:28 --> =================== DL_auth-> oauth::CALLBACK - kakao param=:: error=
DEBUG - 2022-10-29 04:11:28 --> =================== DL_auth-> oauth::CALLBACK - kakao param=:: state=/ko/pr/view?idx=91
DEBUG - 2022-10-29 04:11:28 --> =================== DL_auth-> oauth::CALLBACK - kakao param=:: code=8dhbJAdKIAz4bzwrxX1TNXw7jPZ9-RaUnBwJT772nJCiQWvVPQCzDs8mAKUiwqM0EXUZmwopyNkAAAGEIAGhAQ
DEBUG - 2022-10-29 04:11:28 --> =================== DL_auth -> kakao oauth :2: code=8dhbJAdKIAz4bzwrxX1TNXw7jPZ9-RaUnBwJT772nJCiQWvVPQCzDs8mAKUiwqM0EXUZmwopyNkAAAGEIAGhAQ
DEBUG - 2022-10-29 04:11:28 --> ====================Dl_auth -> kakao_login :: 시작
DEBUG - 2022-10-29 04:11:28 --> --------------------Dl_auth::kakao_login - 1.토큰요청 시작
DEBUG - 2022-10-29 04:11:28 --> Dl_auth::kakao_login - get_token 시작 n=2
DEBUG - 2022-10-29 04:11:28 --> --------------------Dl_auth::kakao_login - 1.2.토큰요청 시작 -> 기타브라우저
DEBUG - 2022-10-29 04:11:28 --> --------------------Dl_auth::kakao_login - 1.3.토큰요청
DEBUG - 2022-10-29 04:11:28 --> --------------------Dl_auth::kakao_login - 1.4.토큰요청 -> 성공
DEBUG - 2022-10-29 04:11:28 --> UTF-8 Support Enabled
DEBUG - 2022-10-29 04:11:28 --> Global POST, GET and COOKIE data sanitized
DEBUG - 2022-10-29 04:11:28 --> Config file loaded: /hwonpark/www/application/config/tree.php
DEBUG - 2022-10-29 04:11:28 --> =================== DL_auth-> oauth::CALLBACK - 시작
DEBUG - 2022-10-29 04:11:28 --> =================== DL_auth-> oauth::CALLBACK - kakao param=:: error=
DEBUG - 2022-10-29 04:11:28 --> =================== DL_auth-> oauth::CALLBACK - kakao param=:: state=/ko/pr/view?idx=91
DEBUG - 2022-10-29 04:11:28 --> =================== DL_auth-> oauth::CALLBACK - kakao param=:: code=8dhbJAdKIAz4bzwrxX1TNXw7jPZ9-RaUnBwJT772nJCiQWvVPQCzDs8mAKUiwqM0EXUZmwopyNkAAAGEIAGhAQ
DEBUG - 2022-10-29 04:11:28 --> =================== DL_auth -> kakao oauth :2: code=8dhbJAdKIAz4bzwrxX1TNXw7jPZ9-RaUnBwJT772nJCiQWvVPQCzDs8mAKUiwqM0EXUZmwopyNkAAAGEIAGhAQ
DEBUG - 2022-10-29 04:11:28 --> ====================Dl_auth -> kakao_login :: 시작
DEBUG - 2022-10-29 04:11:29 --> ====================Dl_auth::kakao_login - 1.3.5- 사이트 회원정보 업데이트 성공(카카오 인증 완료) state=/ko/pr/view?idx=91
DEBUG - 2022-10-29 04:11:29 --> UTF-8 Support Enabled
DEBUG - 2022-10-29 04:11:29 --> Global POST, GET and COOKIE data sanitized
DEBUG - 2022-10-29 04:11:29 --> Config file loaded: /hwonpark/www/application/config/tree.php
DEBUG - 2022-10-29 04:11:29 --> Encryption: Auto-configured driver 'openssl'.
DEBUG - 2022-10-29 04:11:29 --> --------------------DC_common::chk_perm - 1.인가코드요청 시작 -> if 인앱브라우저
DEBUG - 2022-10-29 04:11:29 --> Total execution time: 0.1057
DEBUG - 2022-10-29 04:12:50 --> UTF-8 Support Enabled
DEBUG - 2022-10-29 04:12:50 --> Global POST, GET and COOKIE data sanitized
DEBUG - 2022-10-29 04:12:50 --> Config file loaded: /hwonpark/www/application/config/tree.php
DEBUG - 2022-10-29 04:12:50 --> Encryption: Auto-configured driver 'openssl'.
DEBUG - 2022-10-29 04:12:50 --> --------------------DC_common::chk_perm - 1.인가코드요청 시작 -> if 인앱브라우저
DEBUG - 2022-10-29 04:12:50 --> Total execution time: 0.1118
DEBUG - 2022-10-29 05:27:05 --> UTF-8 Support Enabled
DEBUG - 2022-10-29 05:27:05 --> Global POST, GET and COOKIE data sanitized
DEBUG - 2022-10-29 05:27:05 --> Config file loaded: /hwonpark/www/application/config/tree.php
DEBUG - 2022-10-29 05:27:05 --> --------------------DC_common::chk_perm - 1.인가코드요청 시작 -> if 인앱브라우저
DEBUG - 2022-10-29 05:27:05 --> UTF-8 Support Enabled
DEBUG - 2022-10-29 05:27:05 --> Global POST, GET and COOKIE data sanitized
ERROR - 2022-10-29 05:27:05 --> 404 Page Not Found: Faviconico/index
DEBUG - 2022-10-29 05:27:06 --> UTF-8 Support Enabled
DEBUG - 2022-10-29 05:27:06 --> Global POST, GET and COOKIE data sanitized
DEBUG - 2022-10-29 05:27:06 --> Config file loaded: /hwonpark/www/application/config/tree.php
DEBUG - 2022-10-29 05:27:06 --> =================== DL_auth-> oauth::CALLBACK - 시작
DEBUG - 2022-10-29 05:27:06 --> =================== DL_auth-> oauth::CALLBACK - kakao param=:: error=
DEBUG - 2022-10-29 05:27:06 --> =================== DL_auth-> oauth::CALLBACK - kakao param=:: state=/ko/pr/view?idx=91
DEBUG - 2022-10-29 05:27:06 --> =================== DL_auth-> oauth::CALLBACK - kakao param=:: code=kwullBDLamlgL45pvjWgCK5aJgT4pZFt3KY6OSvnEAtCQjj4b2REPnC3hsuu2v8NlCdFkwopb1QAAAGEIEbdhw
DEBUG - 2022-10-29 05:27:06 --> =================== DL_auth -> kakao oauth :2: code=kwullBDLamlgL45pvjWgCK5aJgT4pZFt3KY6OSvnEAtCQjj4b2REPnC3hsuu2v8NlCdFkwopb1QAAAGEIEbdhw
DEBUG - 2022-10-29 05:27:06 --> ====================Dl_auth -> kakao_login :: 시작
DEBUG - 2022-10-29 05:27:06 --> --------------------Dl_auth::kakao_login - 1.토큰요청 시작
DEBUG - 2022-10-29 05:27:06 --> Dl_auth::kakao_login - get_token 시작 n=2
DEBUG - 2022-10-29 05:27:06 --> --------------------Dl_auth::kakao_login - 1.2.토큰요청 시작 -> 기타브라우저
DEBUG - 2022-10-29 05:27:06 --> --------------------Dl_auth::kakao_login - 1.3.토큰요청
DEBUG - 2022-10-29 05:27:06 --> --------------------Dl_auth::kakao_login - 1.4.토큰요청 -> 성공
DEBUG - 2022-10-29 05:27:06 --> UTF-8 Support Enabled
DEBUG - 2022-10-29 05:27:06 --> Global POST, GET and COOKIE data sanitized
DEBUG - 2022-10-29 05:27:06 --> Config file loaded: /hwonpark/www/application/config/tree.php
DEBUG - 2022-10-29 05:27:06 --> =================== DL_auth-> oauth::CALLBACK - 시작
DEBUG - 2022-10-29 05:27:06 --> =================== DL_auth-> oauth::CALLBACK - kakao param=:: error=
DEBUG - 2022-10-29 05:27:06 --> =================== DL_auth-> oauth::CALLBACK - kakao param=:: state=/ko/pr/view?idx=91
DEBUG - 2022-10-29 05:27:06 --> =================== DL_auth-> oauth::CALLBACK - kakao param=:: code=kwullBDLamlgL45pvjWgCK5aJgT4pZFt3KY6OSvnEAtCQjj4b2REPnC3hsuu2v8NlCdFkwopb1QAAAGEIEbdhw
DEBUG - 2022-10-29 05:27:06 --> =================== DL_auth -> kakao oauth :2: code=kwullBDLamlgL45pvjWgCK5aJgT4pZFt3KY6OSvnEAtCQjj4b2REPnC3hsuu2v8NlCdFkwopb1QAAAGEIEbdhw
DEBUG - 2022-10-29 05:27:06 --> ====================Dl_auth -> kakao_login :: 시작
DEBUG - 2022-10-29 05:27:09 --> UTF-8 Support Enabled
DEBUG - 2022-10-29 05:27:09 --> Global POST, GET and COOKIE data sanitized
DEBUG - 2022-10-29 05:27:09 --> Config file loaded: /hwonpark/www/application/config/tree.php
DEBUG - 2022-10-29 05:27:09 --> Total execution time: 0.0353
DEBUG - 2022-10-29 06:36:52 --> UTF-8 Support Enabled
DEBUG - 2022-10-29 06:36:52 --> Global POST, GET and COOKIE data sanitized
DEBUG - 2022-10-29 06:36:52 --> Config file loaded: /hwonpark/www/application/config/tree.php
DEBUG - 2022-10-29 06:36:52 --> --------------------DC_common::chk_perm - 1.인가코드요청 시작 -> if 인앱브라우저
DEBUG - 2022-10-29 06:36:52 --> UTF-8 Support Enabled
DEBUG - 2022-10-29 06:36:52 --> Global POST, GET and COOKIE data sanitized
ERROR - 2022-10-29 06:36:52 --> 404 Page Not Found: Faviconico/index
DEBUG - 2022-10-29 06:36:52 --> UTF-8 Support Enabled
DEBUG - 2022-10-29 06:36:52 --> Global POST, GET and COOKIE data sanitized
DEBUG - 2022-10-29 06:36:52 --> Config file loaded: /hwonpark/www/application/config/tree.php
DEBUG - 2022-10-29 06:36:52 --> =================== DL_auth-> oauth::CALLBACK - 시작
DEBUG - 2022-10-29 06:36:52 --> =================== DL_auth-> oauth::CALLBACK - kakao param=:: error=
DEBUG - 2022-10-29 06:36:52 --> =================== DL_auth-> oauth::CALLBACK - kakao param=:: state=/ko/pr/view?idx=91
DEBUG - 2022-10-29 06:36:52 --> =================== DL_auth-> oauth::CALLBACK - kakao param=:: code=KYPmagmgtoV87dbNcHWkmqc2v_He8XsR5bN69l7Og_GcX6PSPigUAksKYJP5W1ivtuNULAo9cpcAAAGEIIa_zw
DEBUG - 2022-10-29 06:36:52 --> =================== DL_auth -> kakao oauth :2: code=KYPmagmgtoV87dbNcHWkmqc2v_He8XsR5bN69l7Og_GcX6PSPigUAksKYJP5W1ivtuNULAo9cpcAAAGEIIa_zw
DEBUG - 2022-10-29 06:36:52 --> ====================Dl_auth -> kakao_login :: 시작
DEBUG - 2022-10-29 06:36:52 --> --------------------Dl_auth::kakao_login - 1.토큰요청 시작
DEBUG - 2022-10-29 06:36:52 --> Dl_auth::kakao_login - get_token 시작 n=2
DEBUG - 2022-10-29 06:36:52 --> --------------------Dl_auth::kakao_login - 1.2.토큰요청 시작 -> 기타브라우저
DEBUG - 2022-10-29 06:36:52 --> --------------------Dl_auth::kakao_login - 1.3.토큰요청
DEBUG - 2022-10-29 06:36:52 --> --------------------Dl_auth::kakao_login - 1.4.토큰요청 -> 성공
DEBUG - 2022-10-29 06:36:52 --> UTF-8 Support Enabled
DEBUG - 2022-10-29 06:36:52 --> Global POST, GET and COOKIE data sanitized
DEBUG - 2022-10-29 06:36:52 --> Config file loaded: /hwonpark/www/application/config/tree.php
DEBUG - 2022-10-29 06:36:52 --> =================== DL_auth-> oauth::CALLBACK - 시작
DEBUG - 2022-10-29 06:36:52 --> =================== DL_auth-> oauth::CALLBACK - kakao param=:: error=
DEBUG - 2022-10-29 06:36:52 --> =================== DL_auth-> oauth::CALLBACK - kakao param=:: state=/ko/pr/view?idx=91
DEBUG - 2022-10-29 06:36:52 --> =================== DL_auth-> oauth::CALLBACK - kakao param=:: code=KYPmagmgtoV87dbNcHWkmqc2v_He8XsR5bN69l7Og_GcX6PSPigUAksKYJP5W1ivtuNULAo9cpcAAAGEIIa_zw
DEBUG - 2022-10-29 06:36:52 --> =================== DL_auth -> kakao oauth :2: code=KYPmagmgtoV87dbNcHWkmqc2v_He8XsR5bN69l7Og_GcX6PSPigUAksKYJP5W1ivtuNULAo9cpcAAAGEIIa_zw
DEBUG - 2022-10-29 06:36:52 --> ====================Dl_auth -> kakao_login :: 시작
DEBUG - 2022-10-29 06:36:55 --> UTF-8 Support Enabled
DEBUG - 2022-10-29 06:36:55 --> Global POST, GET and COOKIE data sanitized
DEBUG - 2022-10-29 06:36:55 --> Config file loaded: /hwonpark/www/application/config/tree.php
DEBUG - 2022-10-29 06:36:55 --> Total execution time: 0.0551
DEBUG - 2022-10-29 06:36:59 --> UTF-8 Support Enabled
DEBUG - 2022-10-29 06:36:59 --> Global POST, GET and COOKIE data sanitized
DEBUG - 2022-10-29 06:36:59 --> Config file loaded: /hwonpark/www/application/config/tree.php
DEBUG - 2022-10-29 06:36:59 --> --------------------DC_common::chk_perm - 1.인가코드요청 시작 -> if 인앱브라우저
DEBUG - 2022-10-29 06:37:00 --> UTF-8 Support Enabled
DEBUG - 2022-10-29 06:37:00 --> Global POST, GET and COOKIE data sanitized
DEBUG - 2022-10-29 06:37:00 --> Config file loaded: /hwonpark/www/application/config/tree.php
DEBUG - 2022-10-29 06:37:00 --> =================== DL_auth-> oauth::CALLBACK - 시작
DEBUG - 2022-10-29 06:37:00 --> =================== DL_auth-> oauth::CALLBACK - kakao param=:: error=
DEBUG - 2022-10-29 06:37:00 --> =================== DL_auth-> oauth::CALLBACK - kakao param=:: state=/ko/pr/view?idx=91
DEBUG - 2022-10-29 06:37:00 --> =================== DL_auth-> oauth::CALLBACK - kakao param=:: code=2hycrIuw1BmxpMHt0zLLe76379nQbSdWJEHClPV4Aub9BetKZCuVHkrhED5ih_DU6XMpuAo9cpcAAAGEIIbcWQ
DEBUG - 2022-10-29 06:37:00 --> =================== DL_auth -> kakao oauth :2: code=2hycrIuw1BmxpMHt0zLLe76379nQbSdWJEHClPV4Aub9BetKZCuVHkrhED5ih_DU6XMpuAo9cpcAAAGEIIbcWQ
DEBUG - 2022-10-29 06:37:00 --> ====================Dl_auth -> kakao_login :: 시작
DEBUG - 2022-10-29 06:37:01 --> UTF-8 Support Enabled
DEBUG - 2022-10-29 06:37:01 --> Global POST, GET and COOKIE data sanitized
DEBUG - 2022-10-29 06:37:01 --> Config file loaded: /hwonpark/www/application/config/tree.php
DEBUG - 2022-10-29 06:37:01 --> Total execution time: 0.0327
DEBUG - 2022-10-29 06:37:02 --> UTF-8 Support Enabled
DEBUG - 2022-10-29 06:37:02 --> Global POST, GET and COOKIE data sanitized
DEBUG - 2022-10-29 06:37:02 --> Config file loaded: /hwonpark/www/application/config/tree.php
DEBUG - 2022-10-29 06:37:02 --> --------------------DC_common::chk_perm - 1.인가코드요청 시작 -> if 인앱브라우저
DEBUG - 2022-10-29 06:37:02 --> UTF-8 Support Enabled
DEBUG - 2022-10-29 06:37:02 --> Global POST, GET and COOKIE data sanitized
DEBUG - 2022-10-29 06:37:02 --> Config file loaded: /hwonpark/www/application/config/tree.php
DEBUG - 2022-10-29 06:37:02 --> =================== DL_auth-> oauth::CALLBACK - 시작
DEBUG - 2022-10-29 06:37:02 --> =================== DL_auth-> oauth::CALLBACK - kakao param=:: error=
DEBUG - 2022-10-29 06:37:02 --> =================== DL_auth-> oauth::CALLBACK - kakao param=:: state=/ko/pr/view?idx=91
DEBUG - 2022-10-29 06:37:02 --> =================== DL_auth-> oauth::CALLBACK - kakao param=:: code=Nb4P6A_vvWENCA-OZbp02MKSPboorY0-bpbFo-LOsaIXbe0glbQnyIS19G84m0yfrClwZgo9cpcAAAGEIIbm_A
DEBUG - 2022-10-29 06:37:02 --> =================== DL_auth -> kakao oauth :2: code=Nb4P6A_vvWENCA-OZbp02MKSPboorY0-bpbFo-LOsaIXbe0glbQnyIS19G84m0yfrClwZgo9cpcAAAGEIIbm_A
DEBUG - 2022-10-29 06:37:02 --> ====================Dl_auth -> kakao_login :: 시작
DEBUG - 2022-10-29 06:37:04 --> UTF-8 Support Enabled
DEBUG - 2022-10-29 06:37:04 --> Global POST, GET and COOKIE data sanitized
DEBUG - 2022-10-29 06:37:04 --> Config file loaded: /hwonpark/www/application/config/tree.php
DEBUG - 2022-10-29 06:37:04 --> Total execution time: 0.0614
DEBUG - 2022-10-29 06:37:05 --> UTF-8 Support Enabled
DEBUG - 2022-10-29 06:37:05 --> Global POST, GET and COOKIE data sanitized
DEBUG - 2022-10-29 06:37:05 --> Config file loaded: /hwonpark/www/application/config/tree.php
DEBUG - 2022-10-29 06:37:05 --> --------------------DC_common::chk_perm - 1.인가코드요청 시작 -> if 인앱브라우저
DEBUG - 2022-10-29 06:37:05 --> UTF-8 Support Enabled
DEBUG - 2022-10-29 06:37:05 --> Global POST, GET and COOKIE data sanitized
DEBUG - 2022-10-29 06:37:05 --> Config file loaded: /hwonpark/www/application/config/tree.php
DEBUG - 2022-10-29 06:37:05 --> =================== DL_auth-> oauth::CALLBACK - 시작
DEBUG - 2022-10-29 06:37:05 --> =================== DL_auth-> oauth::CALLBACK - kakao param=:: error=
DEBUG - 2022-10-29 06:37:05 --> =================== DL_auth-> oauth::CALLBACK - kakao param=:: state=/ko/pr/view?idx=91
DEBUG - 2022-10-29 06:37:05 --> =================== DL_auth-> oauth::CALLBACK - kakao param=:: code=IHKhodJEfT-W94qgKE8WMVriHq-R4b3yx2mX9W4bm2mk1BqCAZenszLgriVt4uI4_XTaGgo9cpcAAAGEIIbxpg
DEBUG - 2022-10-29 06:37:05 --> =================== DL_auth -> kakao oauth :2: code=IHKhodJEfT-W94qgKE8WMVriHq-R4b3yx2mX9W4bm2mk1BqCAZenszLgriVt4uI4_XTaGgo9cpcAAAGEIIbxpg
DEBUG - 2022-10-29 06:37:05 --> ====================Dl_auth -> kakao_login :: 시작
DEBUG - 2022-10-29 06:37:07 --> UTF-8 Support Enabled
DEBUG - 2022-10-29 06:37:07 --> Global POST, GET and COOKIE data sanitized
DEBUG - 2022-10-29 06:37:07 --> Config file loaded: /hwonpark/www/application/config/tree.php
DEBUG - 2022-10-29 06:37:07 --> Total execution time: 0.0649
DEBUG - 2022-10-29 06:37:14 --> UTF-8 Support Enabled
DEBUG - 2022-10-29 06:37:14 --> Global POST, GET and COOKIE data sanitized
DEBUG - 2022-10-29 06:37:14 --> Config file loaded: /hwonpark/www/application/config/tree.php
DEBUG - 2022-10-29 06:37:14 --> --------------------DC_common::chk_perm - 1.인가코드요청 시작 -> if 인앱브라우저
DEBUG - 2022-10-29 06:37:14 --> UTF-8 Support Enabled
DEBUG - 2022-10-29 06:37:14 --> Global POST, GET and COOKIE data sanitized
ERROR - 2022-10-29 06:37:14 --> 404 Page Not Found: Faviconico/index
DEBUG - 2022-10-29 06:37:14 --> UTF-8 Support Enabled
DEBUG - 2022-10-29 06:37:14 --> Global POST, GET and COOKIE data sanitized
DEBUG - 2022-10-29 06:37:14 --> Config file loaded: /hwonpark/www/application/config/tree.php
DEBUG - 2022-10-29 06:37:14 --> =================== DL_auth-> oauth::CALLBACK - 시작
DEBUG - 2022-10-29 06:37:14 --> =================== DL_auth-> oauth::CALLBACK - kakao param=:: error=
DEBUG - 2022-10-29 06:37:14 --> =================== DL_auth-> oauth::CALLBACK - kakao param=:: state=/ko/pr/view?idx=91
DEBUG - 2022-10-29 06:37:14 --> =================== DL_auth-> oauth::CALLBACK - kakao param=:: code=G-RWxhGqP1g60Isv054-h9nlAuI4oWZ5cNmUGWpPniWUVGrDe2dYPXuFcjh07YiGOaytjAopyV4AAAGEIIcT8w
DEBUG - 2022-10-29 06:37:14 --> =================== DL_auth -> kakao oauth :2: code=G-RWxhGqP1g60Isv054-h9nlAuI4oWZ5cNmUGWpPniWUVGrDe2dYPXuFcjh07YiGOaytjAopyV4AAAGEIIcT8w
DEBUG - 2022-10-29 06:37:14 --> ====================Dl_auth -> kakao_login :: 시작
DEBUG - 2022-10-29 06:37:15 --> UTF-8 Support Enabled
DEBUG - 2022-10-29 06:37:15 --> Global POST, GET and COOKIE data sanitized
DEBUG - 2022-10-29 06:37:15 --> Config file loaded: /hwonpark/www/application/config/tree.php
DEBUG - 2022-10-29 06:37:15 --> Total execution time: 0.0313
DEBUG - 2022-10-29 06:37:16 --> UTF-8 Support Enabled
DEBUG - 2022-10-29 06:37:16 --> Global POST, GET and COOKIE data sanitized
DEBUG - 2022-10-29 06:37:16 --> Config file loaded: /hwonpark/www/application/config/tree.php
DEBUG - 2022-10-29 06:37:16 --> --------------------DC_common::chk_perm - 1.인가코드요청 시작 -> if 인앱브라우저
DEBUG - 2022-10-29 06:37:16 --> UTF-8 Support Enabled
DEBUG - 2022-10-29 06:37:16 --> Global POST, GET and COOKIE data sanitized
DEBUG - 2022-10-29 06:37:17 --> Config file loaded: /hwonpark/www/application/config/tree.php
DEBUG - 2022-10-29 06:37:17 --> =================== DL_auth-> oauth::CALLBACK - 시작
DEBUG - 2022-10-29 06:37:17 --> =================== DL_auth-> oauth::CALLBACK - kakao param=:: error=
DEBUG - 2022-10-29 06:37:17 --> =================== DL_auth-> oauth::CALLBACK - kakao param=:: state=/ko/pr/view?idx=91
DEBUG - 2022-10-29 06:37:17 --> =================== DL_auth-> oauth::CALLBACK - kakao param=:: code=XyUgXEDaqI_k0f-AtzbTqUuwGSOVNiRJMXgvvo1SrBT1UdaAFQoFVA4_Tc1sMr0GqyIXZgopyV4AAAGEIIcelw
DEBUG - 2022-10-29 06:37:17 --> =================== DL_auth -> kakao oauth :2: code=XyUgXEDaqI_k0f-AtzbTqUuwGSOVNiRJMXgvvo1SrBT1UdaAFQoFVA4_Tc1sMr0GqyIXZgopyV4AAAGEIIcelw
DEBUG - 2022-10-29 06:37:17 --> ====================Dl_auth -> kakao_login :: 시작
DEBUG - 2022-10-29 06:37:18 --> UTF-8 Support Enabled
DEBUG - 2022-10-29 06:37:18 --> Global POST, GET and COOKIE data sanitized
DEBUG - 2022-10-29 06:37:18 --> Config file loaded: /hwonpark/www/application/config/tree.php
DEBUG - 2022-10-29 06:37:18 --> Total execution time: 0.0949
DEBUG - 2022-10-29 07:32:56 --> UTF-8 Support Enabled
DEBUG - 2022-10-29 07:32:56 --> Global POST, GET and COOKIE data sanitized
DEBUG - 2022-10-29 07:32:56 --> Config file loaded: /hwonpark/www/application/config/tree.php
DEBUG - 2022-10-29 07:32:56 --> --------------------DC_common::chk_perm - 1.인가코드요청 시작 -> if 인앱브라우저
DEBUG - 2022-10-29 07:32:56 --> UTF-8 Support Enabled
DEBUG - 2022-10-29 07:32:56 --> Global POST, GET and COOKIE data sanitized
ERROR - 2022-10-29 07:32:56 --> 404 Page Not Found: Faviconico/index
DEBUG - 2022-10-29 07:32:56 --> UTF-8 Support Enabled
DEBUG - 2022-10-29 07:32:56 --> Global POST, GET and COOKIE data sanitized
DEBUG - 2022-10-29 07:32:56 --> Config file loaded: /hwonpark/www/application/config/tree.php
DEBUG - 2022-10-29 07:32:56 --> =================== DL_auth-> oauth::CALLBACK - 시작
DEBUG - 2022-10-29 07:32:56 --> =================== DL_auth-> oauth::CALLBACK - kakao param=:: error=
DEBUG - 2022-10-29 07:32:56 --> =================== DL_auth-> oauth::CALLBACK - kakao param=:: state=/ko/pr/view?idx=91
DEBUG - 2022-10-29 07:32:56 --> =================== DL_auth-> oauth::CALLBACK - kakao param=:: code=TUmZOSIZ5uvKSBR5tKmd9120f0rhNpkMJ-Hn8gTPdaAIjR6ykIfkMVtUFk6fULheGdu2qAorDKcAAAGEILoTdw
DEBUG - 2022-10-29 07:32:56 --> =================== DL_auth -> kakao oauth :2: code=TUmZOSIZ5uvKSBR5tKmd9120f0rhNpkMJ-Hn8gTPdaAIjR6ykIfkMVtUFk6fULheGdu2qAorDKcAAAGEILoTdw
DEBUG - 2022-10-29 07:32:56 --> ====================Dl_auth -> kakao_login :: 시작
DEBUG - 2022-10-29 07:32:56 --> --------------------Dl_auth::kakao_login - 1.토큰요청 시작
DEBUG - 2022-10-29 07:32:56 --> Dl_auth::kakao_login - get_token 시작 n=2
DEBUG - 2022-10-29 07:32:56 --> --------------------Dl_auth::kakao_login - 1.2.토큰요청 시작 -> 기타브라우저
DEBUG - 2022-10-29 07:32:56 --> --------------------Dl_auth::kakao_login - 1.3.토큰요청
DEBUG - 2022-10-29 07:32:56 --> --------------------Dl_auth::kakao_login - 1.4.토큰요청 -> 성공
DEBUG - 2022-10-29 07:32:56 --> UTF-8 Support Enabled
DEBUG - 2022-10-29 07:32:56 --> Global POST, GET and COOKIE data sanitized
DEBUG - 2022-10-29 07:32:56 --> Config file loaded: /hwonpark/www/application/config/tree.php
DEBUG - 2022-10-29 07:32:56 --> =================== DL_auth-> oauth::CALLBACK - 시작
DEBUG - 2022-10-29 07:32:56 --> =================== DL_auth-> oauth::CALLBACK - kakao param=:: error=
DEBUG - 2022-10-29 07:32:56 --> =================== DL_auth-> oauth::CALLBACK - kakao param=:: state=/ko/pr/view?idx=91
DEBUG - 2022-10-29 07:32:56 --> =================== DL_auth-> oauth::CALLBACK - kakao param=:: code=TUmZOSIZ5uvKSBR5tKmd9120f0rhNpkMJ-Hn8gTPdaAIjR6ykIfkMVtUFk6fULheGdu2qAorDKcAAAGEILoTdw
DEBUG - 2022-10-29 07:32:56 --> =================== DL_auth -> kakao oauth :2: code=TUmZOSIZ5uvKSBR5tKmd9120f0rhNpkMJ-Hn8gTPdaAIjR6ykIfkMVtUFk6fULheGdu2qAorDKcAAAGEILoTdw
DEBUG - 2022-10-29 07:32:56 --> ====================Dl_auth -> kakao_login :: 시작
DEBUG - 2022-10-29 07:32:56 --> ====================Dl_auth::kakao_login - 1.3.5- 사이트 회원정보 업데이트 성공(카카오 인증 완료) state=/ko/pr/view?idx=91
DEBUG - 2022-10-29 07:32:56 --> UTF-8 Support Enabled
DEBUG - 2022-10-29 07:32:56 --> Global POST, GET and COOKIE data sanitized
DEBUG - 2022-10-29 07:32:56 --> Config file loaded: /hwonpark/www/application/config/tree.php
DEBUG - 2022-10-29 07:32:56 --> Encryption: Auto-configured driver 'openssl'.
DEBUG - 2022-10-29 07:32:56 --> --------------------DC_common::chk_perm - 1.인가코드요청 시작 -> if 인앱브라우저
DEBUG - 2022-10-29 07:32:56 --> Total execution time: 0.0796
DEBUG - 2022-10-29 07:33:17 --> UTF-8 Support Enabled
DEBUG - 2022-10-29 07:33:17 --> Global POST, GET and COOKIE data sanitized
DEBUG - 2022-10-29 07:33:17 --> Config file loaded: /hwonpark/www/application/config/tree.php
DEBUG - 2022-10-29 07:33:17 --> Encryption: Auto-configured driver 'openssl'.
DEBUG - 2022-10-29 07:33:17 --> --------------------DC_common::chk_perm - 1.인가코드요청 시작 -> if 인앱브라우저
DEBUG - 2022-10-29 07:33:17 --> Total execution time: 0.0823
DEBUG - 2022-10-29 10:06:39 --> UTF-8 Support Enabled
DEBUG - 2022-10-29 10:06:39 --> Global POST, GET and COOKIE data sanitized
DEBUG - 2022-10-29 10:06:39 --> Config file loaded: /hwonpark/www/application/config/tree.php
DEBUG - 2022-10-29 10:06:39 --> --------------------DC_common::chk_perm - 1.인가코드요청 시작 -> if 인앱브라우저
DEBUG - 2022-10-29 10:06:40 --> UTF-8 Support Enabled
DEBUG - 2022-10-29 10:06:40 --> Global POST, GET and COOKIE data sanitized
ERROR - 2022-10-29 10:06:40 --> 404 Page Not Found: Faviconico/index
DEBUG - 2022-10-29 10:06:40 --> UTF-8 Support Enabled
DEBUG - 2022-10-29 10:06:40 --> Global POST, GET and COOKIE data sanitized
DEBUG - 2022-10-29 10:06:40 --> Config file loaded: /hwonpark/www/application/config/tree.php
DEBUG - 2022-10-29 10:06:40 --> =================== DL_auth-> oauth::CALLBACK - 시작
DEBUG - 2022-10-29 10:06:40 --> =================== DL_auth-> oauth::CALLBACK - kakao param=:: error=
DEBUG - 2022-10-29 10:06:40 --> =================== DL_auth-> oauth::CALLBACK - kakao param=:: state=/ko/pr/view?idx=91
DEBUG - 2022-10-29 10:06:40 --> =================== DL_auth-> oauth::CALLBACK - kakao param=:: code=ob2grduuKZb9ltpmg_5O3YvRib8U47rNZ84_BG3NkwXVun2MUJpJ1Wh3vIy0ZHr1TzBdkwopb7kAAAGEIUbRyA
DEBUG - 2022-10-29 10:06:40 --> =================== DL_auth -> kakao oauth :2: code=ob2grduuKZb9ltpmg_5O3YvRib8U47rNZ84_BG3NkwXVun2MUJpJ1Wh3vIy0ZHr1TzBdkwopb7kAAAGEIUbRyA
DEBUG - 2022-10-29 10:06:40 --> ====================Dl_auth -> kakao_login :: 시작
DEBUG - 2022-10-29 10:06:40 --> --------------------Dl_auth::kakao_login - 1.토큰요청 시작
DEBUG - 2022-10-29 10:06:40 --> Dl_auth::kakao_login - get_token 시작 n=2
DEBUG - 2022-10-29 10:06:40 --> --------------------Dl_auth::kakao_login - 1.2.토큰요청 시작 -> 기타브라우저
DEBUG - 2022-10-29 10:06:40 --> --------------------Dl_auth::kakao_login - 1.3.토큰요청
DEBUG - 2022-10-29 10:06:40 --> --------------------Dl_auth::kakao_login - 1.4.토큰요청 -> 성공
DEBUG - 2022-10-29 10:06:40 --> UTF-8 Support Enabled
DEBUG - 2022-10-29 10:06:40 --> Global POST, GET and COOKIE data sanitized
DEBUG - 2022-10-29 10:06:40 --> Config file loaded: /hwonpark/www/application/config/tree.php
DEBUG - 2022-10-29 10:06:40 --> =================== DL_auth-> oauth::CALLBACK - 시작
DEBUG - 2022-10-29 10:06:40 --> =================== DL_auth-> oauth::CALLBACK - kakao param=:: error=
DEBUG - 2022-10-29 10:06:40 --> =================== DL_auth-> oauth::CALLBACK - kakao param=:: state=/ko/pr/view?idx=91
DEBUG - 2022-10-29 10:06:40 --> =================== DL_auth-> oauth::CALLBACK - kakao param=:: code=ob2grduuKZb9ltpmg_5O3YvRib8U47rNZ84_BG3NkwXVun2MUJpJ1Wh3vIy0ZHr1TzBdkwopb7kAAAGEIUbRyA
DEBUG - 2022-10-29 10:06:40 --> =================== DL_auth -> kakao oauth :2: code=ob2grduuKZb9ltpmg_5O3YvRib8U47rNZ84_BG3NkwXVun2MUJpJ1Wh3vIy0ZHr1TzBdkwopb7kAAAGEIUbRyA
DEBUG - 2022-10-29 10:06:40 --> ====================Dl_auth -> kakao_login :: 시작
DEBUG - 2022-10-29 10:06:40 --> ====================Dl_auth::kakao_login - 1.3.5- 사이트 회원정보 업데이트 성공(카카오 인증 완료) state=/ko/pr/view?idx=91
DEBUG - 2022-10-29 10:06:40 --> UTF-8 Support Enabled
DEBUG - 2022-10-29 10:06:40 --> Global POST, GET and COOKIE data sanitized
DEBUG - 2022-10-29 10:06:40 --> Config file loaded: /hwonpark/www/application/config/tree.php
DEBUG - 2022-10-29 10:06:40 --> Encryption: Auto-configured driver 'openssl'.
DEBUG - 2022-10-29 10:06:40 --> --------------------DC_common::chk_perm - 1.인가코드요청 시작 -> if 인앱브라우저
DEBUG - 2022-10-29 10:06:40 --> Total execution time: 0.0715
DEBUG - 2022-10-29 10:07:11 --> UTF-8 Support Enabled
DEBUG - 2022-10-29 10:07:11 --> Global POST, GET and COOKIE data sanitized
DEBUG - 2022-10-29 10:07:11 --> Config file loaded: /hwonpark/www/application/config/tree.php
DEBUG - 2022-10-29 10:07:11 --> Encryption: Auto-configured driver 'openssl'.
DEBUG - 2022-10-29 10:07:11 --> --------------------DC_common::chk_perm - 1.인가코드요청 시작 -> if 인앱브라우저
DEBUG - 2022-10-29 10:07:11 --> Total execution time: 0.0868
DEBUG - 2022-10-29 10:31:22 --> UTF-8 Support Enabled
DEBUG - 2022-10-29 10:31:22 --> Global POST, GET and COOKIE data sanitized
DEBUG - 2022-10-29 10:31:22 --> Config file loaded: /hwonpark/www/application/config/tree.php
DEBUG - 2022-10-29 10:31:22 --> --------------------DC_common::chk_perm - 1.인가코드요청 시작 -> if 인앱브라우저
DEBUG - 2022-10-29 10:31:22 --> UTF-8 Support Enabled
DEBUG - 2022-10-29 10:31:22 --> Global POST, GET and COOKIE data sanitized
ERROR - 2022-10-29 10:31:22 --> 404 Page Not Found: Faviconico/index
DEBUG - 2022-10-29 10:31:22 --> UTF-8 Support Enabled
DEBUG - 2022-10-29 10:31:22 --> Global POST, GET and COOKIE data sanitized
DEBUG - 2022-10-29 10:31:22 --> Config file loaded: /hwonpark/www/application/config/tree.php
DEBUG - 2022-10-29 10:31:22 --> =================== DL_auth-> oauth::CALLBACK - 시작
DEBUG - 2022-10-29 10:31:22 --> =================== DL_auth-> oauth::CALLBACK - kakao param=:: error=
DEBUG - 2022-10-29 10:31:22 --> =================== DL_auth-> oauth::CALLBACK - kakao param=:: state=/ko/pr/view?idx=91
DEBUG - 2022-10-29 10:31:22 --> =================== DL_auth-> oauth::CALLBACK - kakao param=:: code=Twas5YU11bgw4JpNvsw5Y5RfocxwciIlU-9F1ZIoJ07a8WzuDWwTD3sot7JfEx5g9K6IuQopb9QAAAGEIV1xPw
DEBUG - 2022-10-29 10:31:22 --> =================== DL_auth -> kakao oauth :2: code=Twas5YU11bgw4JpNvsw5Y5RfocxwciIlU-9F1ZIoJ07a8WzuDWwTD3sot7JfEx5g9K6IuQopb9QAAAGEIV1xPw
DEBUG - 2022-10-29 10:31:22 --> ====================Dl_auth -> kakao_login :: 시작
DEBUG - 2022-10-29 10:31:22 --> --------------------Dl_auth::kakao_login - 1.토큰요청 시작
DEBUG - 2022-10-29 10:31:22 --> Dl_auth::kakao_login - get_token 시작 n=2
DEBUG - 2022-10-29 10:31:22 --> --------------------Dl_auth::kakao_login - 1.2.토큰요청 시작 -> 기타브라우저
DEBUG - 2022-10-29 10:31:22 --> --------------------Dl_auth::kakao_login - 1.3.토큰요청
DEBUG - 2022-10-29 10:31:23 --> --------------------Dl_auth::kakao_login - 1.4.토큰요청 -> 성공
DEBUG - 2022-10-29 10:31:23 --> UTF-8 Support Enabled
DEBUG - 2022-10-29 10:31:23 --> Global POST, GET and COOKIE data sanitized
DEBUG - 2022-10-29 10:31:23 --> Config file loaded: /hwonpark/www/application/config/tree.php
DEBUG - 2022-10-29 10:31:23 --> =================== DL_auth-> oauth::CALLBACK - 시작
DEBUG - 2022-10-29 10:31:23 --> =================== DL_auth-> oauth::CALLBACK - kakao param=:: error=
DEBUG - 2022-10-29 10:31:23 --> =================== DL_auth-> oauth::CALLBACK - kakao param=:: state=/ko/pr/view?idx=91
DEBUG - 2022-10-29 10:31:23 --> =================== DL_auth-> oauth::CALLBACK - kakao param=:: code=Twas5YU11bgw4JpNvsw5Y5RfocxwciIlU-9F1ZIoJ07a8WzuDWwTD3sot7JfEx5g9K6IuQopb9QAAAGEIV1xPw
DEBUG - 2022-10-29 10:31:23 --> =================== DL_auth -> kakao oauth :2: code=Twas5YU11bgw4JpNvsw5Y5RfocxwciIlU-9F1ZIoJ07a8WzuDWwTD3sot7JfEx5g9K6IuQopb9QAAAGEIV1xPw
DEBUG - 2022-10-29 10:31:23 --> ====================Dl_auth -> kakao_login :: 시작
DEBUG - 2022-10-29 10:31:23 --> ====================Dl_auth::kakao_login - 1.3.5- 사이트 회원정보 업데이트 성공(카카오 인증 완료) state=/ko/pr/view?idx=91
DEBUG - 2022-10-29 10:31:23 --> UTF-8 Support Enabled
DEBUG - 2022-10-29 10:31:23 --> Global POST, GET and COOKIE data sanitized
DEBUG - 2022-10-29 10:31:23 --> Config file loaded: /hwonpark/www/application/config/tree.php
DEBUG - 2022-10-29 10:31:23 --> Encryption: Auto-configured driver 'openssl'.
DEBUG - 2022-10-29 10:31:23 --> --------------------DC_common::chk_perm - 1.인가코드요청 시작 -> if 인앱브라우저
DEBUG - 2022-10-29 10:31:23 --> Total execution time: 0.0573
DEBUG - 2022-10-29 10:57:33 --> UTF-8 Support Enabled
DEBUG - 2022-10-29 10:57:33 --> Global POST, GET and COOKIE data sanitized
DEBUG - 2022-10-29 10:57:33 --> Config file loaded: /hwonpark/www/application/config/tree.php
DEBUG - 2022-10-29 10:57:33 --> --------------------DC_common::chk_perm - 1.인가코드요청 시작 -> if 인앱브라우저
DEBUG - 2022-10-29 10:57:33 --> UTF-8 Support Enabled
DEBUG - 2022-10-29 10:57:33 --> Global POST, GET and COOKIE data sanitized
DEBUG - 2022-10-29 10:57:33 --> Config file loaded: /hwonpark/www/application/config/tree.php
DEBUG - 2022-10-29 10:57:33 --> =================== DL_auth-> oauth::CALLBACK - 시작
DEBUG - 2022-10-29 10:57:33 --> =================== DL_auth-> oauth::CALLBACK - kakao param=:: error=
DEBUG - 2022-10-29 10:57:33 --> =================== DL_auth-> oauth::CALLBACK - kakao param=:: state=/ko/pr/view?idx=91
DEBUG - 2022-10-29 10:57:33 --> =================== DL_auth-> oauth::CALLBACK - kakao param=:: code=wMQZdwixjNKEJyubK8d7Z5PywgXp4896rkqOunHfDr0kvvCKSpmtB5G3QpuXUr-o5XBFcAopcJ8AAAGEIXVpDA
DEBUG - 2022-10-29 10:57:33 --> =================== DL_auth -> kakao oauth :2: code=wMQZdwixjNKEJyubK8d7Z5PywgXp4896rkqOunHfDr0kvvCKSpmtB5G3QpuXUr-o5XBFcAopcJ8AAAGEIXVpDA
DEBUG - 2022-10-29 10:57:33 --> ====================Dl_auth -> kakao_login :: 시작
DEBUG - 2022-10-29 10:57:33 --> --------------------Dl_auth::kakao_login - 1.토큰요청 시작
DEBUG - 2022-10-29 10:57:33 --> Dl_auth::kakao_login - get_token 시작 n=2
DEBUG - 2022-10-29 10:57:33 --> --------------------Dl_auth::kakao_login - 1.2.토큰요청 시작 -> 기타브라우저
DEBUG - 2022-10-29 10:57:33 --> --------------------Dl_auth::kakao_login - 1.3.토큰요청
DEBUG - 2022-10-29 10:57:33 --> --------------------Dl_auth::kakao_login - 1.4.토큰요청 -> 성공
DEBUG - 2022-10-29 10:57:34 --> UTF-8 Support Enabled
DEBUG - 2022-10-29 10:57:34 --> UTF-8 Support Enabled
DEBUG - 2022-10-29 10:57:34 --> Global POST, GET and COOKIE data sanitized
DEBUG - 2022-10-29 10:57:34 --> Global POST, GET and COOKIE data sanitized
DEBUG - 2022-10-29 10:57:34 --> Config file loaded: /hwonpark/www/application/config/tree.php
DEBUG - 2022-10-29 10:57:34 --> =================== DL_auth-> oauth::CALLBACK - 시작
DEBUG - 2022-10-29 10:57:34 --> =================== DL_auth-> oauth::CALLBACK - kakao param=:: error=
DEBUG - 2022-10-29 10:57:34 --> =================== DL_auth-> oauth::CALLBACK - kakao param=:: state=/ko/pr/view?idx=91
DEBUG - 2022-10-29 10:57:34 --> =================== DL_auth-> oauth::CALLBACK - kakao param=:: code=wMQZdwixjNKEJyubK8d7Z5PywgXp4896rkqOunHfDr0kvvCKSpmtB5G3QpuXUr-o5XBFcAopcJ8AAAGEIXVpDA
DEBUG - 2022-10-29 10:57:34 --> =================== DL_auth -> kakao oauth :2: code=wMQZdwixjNKEJyubK8d7Z5PywgXp4896rkqOunHfDr0kvvCKSpmtB5G3QpuXUr-o5XBFcAopcJ8AAAGEIXVpDA
DEBUG - 2022-10-29 10:57:34 --> ====================Dl_auth -> kakao_login :: 시작
DEBUG - 2022-10-29 10:57:34 --> ====================Dl_auth::kakao_login - 1.3.5- 사이트 회원정보 업데이트 성공(카카오 인증 완료) state=/ko/pr/view?idx=91
DEBUG - 2022-10-29 10:57:34 --> Config file loaded: /hwonpark/www/application/config/tree.php
DEBUG - 2022-10-29 10:57:34 --> --------------------DC_common::chk_perm - 1.인가코드요청 시작 -> if 인앱브라우저
DEBUG - 2022-10-29 10:57:34 --> UTF-8 Support Enabled
DEBUG - 2022-10-29 10:57:34 --> Global POST, GET and COOKIE data sanitized
DEBUG - 2022-10-29 10:57:34 --> Config file loaded: /hwonpark/www/application/config/tree.php
DEBUG - 2022-10-29 10:57:34 --> =================== DL_auth-> oauth::CALLBACK - 시작
DEBUG - 2022-10-29 10:57:34 --> =================== DL_auth-> oauth::CALLBACK - kakao param=:: error=
DEBUG - 2022-10-29 10:57:34 --> =================== DL_auth-> oauth::CALLBACK - kakao param=:: state=/ko/pr/view?idx=91
DEBUG - 2022-10-29 10:57:34 --> =================== DL_auth-> oauth::CALLBACK - kakao param=:: code=Zm7ev-0h7aAq1ZAkDnSqHYRahstiVzE9LgLvQNJi7zwa8h10wBcIcWyRtTKH3N-HHM-qvwopcJ8AAAGEIXVscA
DEBUG - 2022-10-29 10:57:34 --> =================== DL_auth -> kakao oauth :2: code=Zm7ev-0h7aAq1ZAkDnSqHYRahstiVzE9LgLvQNJi7zwa8h10wBcIcWyRtTKH3N-HHM-qvwopcJ8AAAGEIXVscA
DEBUG - 2022-10-29 10:57:34 --> ====================Dl_auth -> kakao_login :: 시작
DEBUG - 2022-10-29 10:57:34 --> --------------------Dl_auth::kakao_login - 1.토큰요청 시작
DEBUG - 2022-10-29 10:57:34 --> Dl_auth::kakao_login - get_token 시작 n=2
DEBUG - 2022-10-29 10:57:34 --> --------------------Dl_auth::kakao_login - 1.2.토큰요청 시작 -> 기타브라우저
DEBUG - 2022-10-29 10:57:34 --> --------------------Dl_auth::kakao_login - 1.3.토큰요청
DEBUG - 2022-10-29 10:57:34 --> --------------------Dl_auth::kakao_login - 1.4.토큰요청 -> 성공
DEBUG - 2022-10-29 10:57:34 --> UTF-8 Support Enabled
DEBUG - 2022-10-29 10:57:34 --> Global POST, GET and COOKIE data sanitized
DEBUG - 2022-10-29 10:57:34 --> Config file loaded: /hwonpark/www/application/config/tree.php
DEBUG - 2022-10-29 10:57:34 --> =================== DL_auth-> oauth::CALLBACK - 시작
DEBUG - 2022-10-29 10:57:34 --> =================== DL_auth-> oauth::CALLBACK - kakao param=:: error=
DEBUG - 2022-10-29 10:57:34 --> =================== DL_auth-> oauth::CALLBACK - kakao param=:: state=/ko/pr/view?idx=91
DEBUG - 2022-10-29 10:57:34 --> =================== DL_auth-> oauth::CALLBACK - kakao param=:: code=Zm7ev-0h7aAq1ZAkDnSqHYRahstiVzE9LgLvQNJi7zwa8h10wBcIcWyRtTKH3N-HHM-qvwopcJ8AAAGEIXVscA
DEBUG - 2022-10-29 10:57:34 --> =================== DL_auth -> kakao oauth :2: code=Zm7ev-0h7aAq1ZAkDnSqHYRahstiVzE9LgLvQNJi7zwa8h10wBcIcWyRtTKH3N-HHM-qvwopcJ8AAAGEIXVscA
DEBUG - 2022-10-29 10:57:34 --> ====================Dl_auth -> kakao_login :: 시작
DEBUG - 2022-10-29 10:57:36 --> UTF-8 Support Enabled
DEBUG - 2022-10-29 10:57:36 --> Global POST, GET and COOKIE data sanitized
DEBUG - 2022-10-29 10:57:36 --> Config file loaded: /hwonpark/www/application/config/tree.php
DEBUG - 2022-10-29 10:57:36 --> Encryption: Auto-configured driver 'openssl'.
DEBUG - 2022-10-29 10:57:37 --> UTF-8 Support Enabled
DEBUG - 2022-10-29 10:57:37 --> No URI present. Default controller set.
DEBUG - 2022-10-29 10:57:37 --> Global POST, GET and COOKIE data sanitized
DEBUG - 2022-10-29 10:57:37 --> Config file loaded: /hwonpark/www/application/config/tree.php
DEBUG - 2022-10-29 10:57:37 --> Encryption: Auto-configured driver 'openssl'.
DEBUG - 2022-10-29 10:57:37 --> Total execution time: 0.0387
DEBUG - 2022-10-29 12:12:35 --> UTF-8 Support Enabled
DEBUG - 2022-10-29 12:12:35 --> Global POST, GET and COOKIE data sanitized
DEBUG - 2022-10-29 12:12:35 --> Config file loaded: /hwonpark/www/application/config/tree.php
DEBUG - 2022-10-29 12:12:35 --> --------------------DC_common::chk_perm - 1.인가코드요청 시작 -> if 인앱브라우저
DEBUG - 2022-10-29 12:12:35 --> UTF-8 Support Enabled
DEBUG - 2022-10-29 12:12:35 --> Global POST, GET and COOKIE data sanitized
ERROR - 2022-10-29 12:12:35 --> 404 Page Not Found: Faviconico/index
DEBUG - 2022-10-29 12:12:36 --> UTF-8 Support Enabled
DEBUG - 2022-10-29 12:12:36 --> Global POST, GET and COOKIE data sanitized
DEBUG - 2022-10-29 12:12:36 --> Config file loaded: /hwonpark/www/application/config/tree.php
DEBUG - 2022-10-29 12:12:36 --> =================== DL_auth-> oauth::CALLBACK - 시작
DEBUG - 2022-10-29 12:12:36 --> =================== DL_auth-> oauth::CALLBACK - kakao param=:: error=
DEBUG - 2022-10-29 12:12:36 --> =================== DL_auth-> oauth::CALLBACK - kakao param=:: state=/ko/pr/view?idx=91
DEBUG - 2022-10-29 12:12:36 --> =================== DL_auth-> oauth::CALLBACK - kakao param=:: code=xiUMUBIBUU5KXiX1q7zkbFWiQaf6GvjThOxa54rWD_7xI-lxg1HJCM4Z_z7mNkrYEe-gwgorDKgAAAGEIbodAA
DEBUG - 2022-10-29 12:12:36 --> =================== DL_auth -> kakao oauth :2: code=xiUMUBIBUU5KXiX1q7zkbFWiQaf6GvjThOxa54rWD_7xI-lxg1HJCM4Z_z7mNkrYEe-gwgorDKgAAAGEIbodAA
DEBUG - 2022-10-29 12:12:36 --> ====================Dl_auth -> kakao_login :: 시작
DEBUG - 2022-10-29 12:12:36 --> --------------------Dl_auth::kakao_login - 1.토큰요청 시작
DEBUG - 2022-10-29 12:12:36 --> Dl_auth::kakao_login - get_token 시작 n=2
DEBUG - 2022-10-29 12:12:36 --> --------------------Dl_auth::kakao_login - 1.2.토큰요청 시작 -> 기타브라우저
DEBUG - 2022-10-29 12:12:36 --> --------------------Dl_auth::kakao_login - 1.3.토큰요청
DEBUG - 2022-10-29 12:12:36 --> --------------------Dl_auth::kakao_login - 1.4.토큰요청 -> 성공
DEBUG - 2022-10-29 12:12:36 --> UTF-8 Support Enabled
DEBUG - 2022-10-29 12:12:36 --> Global POST, GET and COOKIE data sanitized
DEBUG - 2022-10-29 12:12:36 --> Config file loaded: /hwonpark/www/application/config/tree.php
DEBUG - 2022-10-29 12:12:36 --> =================== DL_auth-> oauth::CALLBACK - 시작
DEBUG - 2022-10-29 12:12:36 --> =================== DL_auth-> oauth::CALLBACK - kakao param=:: error=
DEBUG - 2022-10-29 12:12:36 --> =================== DL_auth-> oauth::CALLBACK - kakao param=:: state=/ko/pr/view?idx=91
DEBUG - 2022-10-29 12:12:36 --> =================== DL_auth-> oauth::CALLBACK - kakao param=:: code=xiUMUBIBUU5KXiX1q7zkbFWiQaf6GvjThOxa54rWD_7xI-lxg1HJCM4Z_z7mNkrYEe-gwgorDKgAAAGEIbodAA
DEBUG - 2022-10-29 12:12:36 --> =================== DL_auth -> kakao oauth :2: code=xiUMUBIBUU5KXiX1q7zkbFWiQaf6GvjThOxa54rWD_7xI-lxg1HJCM4Z_z7mNkrYEe-gwgorDKgAAAGEIbodAA
DEBUG - 2022-10-29 12:12:36 --> ====================Dl_auth -> kakao_login :: 시작
DEBUG - 2022-10-29 12:12:36 --> ====================Dl_auth::kakao_login - 1.3.5- 사이트 회원정보 업데이트 성공(카카오 인증 완료) state=/ko/pr/view?idx=91
DEBUG - 2022-10-29 12:12:36 --> UTF-8 Support Enabled
DEBUG - 2022-10-29 12:12:36 --> Global POST, GET and COOKIE data sanitized
DEBUG - 2022-10-29 12:12:36 --> Config file loaded: /hwonpark/www/application/config/tree.php
DEBUG - 2022-10-29 12:12:36 --> Encryption: Auto-configured driver 'openssl'.
DEBUG - 2022-10-29 12:12:36 --> --------------------DC_common::chk_perm - 1.인가코드요청 시작 -> if 인앱브라우저
DEBUG - 2022-10-29 12:12:36 --> Total execution time: 0.0527
DEBUG - 2022-10-29 12:12:52 --> UTF-8 Support Enabled
DEBUG - 2022-10-29 12:12:52 --> Global POST, GET and COOKIE data sanitized
DEBUG - 2022-10-29 12:12:52 --> Config file loaded: /hwonpark/www/application/config/tree.php
DEBUG - 2022-10-29 12:12:52 --> Encryption: Auto-configured driver 'openssl'.
DEBUG - 2022-10-29 12:12:52 --> --------------------DC_common::chk_perm - 1.인가코드요청 시작 -> if 인앱브라우저
DEBUG - 2022-10-29 12:12:52 --> Total execution time: 0.0518
DEBUG - 2022-10-29 12:13:31 --> UTF-8 Support Enabled
DEBUG - 2022-10-29 12:13:31 --> Global POST, GET and COOKIE data sanitized
DEBUG - 2022-10-29 12:13:31 --> Config file loaded: /hwonpark/www/application/config/tree.php
DEBUG - 2022-10-29 12:13:31 --> Encryption: Auto-configured driver 'openssl'.
DEBUG - 2022-10-29 12:13:31 --> --------------------DC_common::chk_perm - 1.인가코드요청 시작 -> if 인앱브라우저
DEBUG - 2022-10-29 12:13:31 --> Total execution time: 0.0486
DEBUG - 2022-10-29 12:13:48 --> UTF-8 Support Enabled
DEBUG - 2022-10-29 12:13:48 --> Global POST, GET and COOKIE data sanitized
ERROR - 2022-10-29 12:13:48 --> 404 Page Not Found: Faviconico/index
DEBUG - 2022-10-29 12:14:40 --> UTF-8 Support Enabled
DEBUG - 2022-10-29 12:14:40 --> Global POST, GET and COOKIE data sanitized
DEBUG - 2022-10-29 12:14:40 --> Config file loaded: /hwonpark/www/application/config/tree.php
DEBUG - 2022-10-29 12:14:41 --> Encryption: Auto-configured driver 'openssl'.
DEBUG - 2022-10-29 12:14:41 --> Total execution time: 0.0633
DEBUG - 2022-10-29 12:15:05 --> UTF-8 Support Enabled
DEBUG - 2022-10-29 12:15:05 --> Global POST, GET and COOKIE data sanitized
DEBUG - 2022-10-29 12:15:05 --> Config file loaded: /hwonpark/www/application/config/tree.php
DEBUG - 2022-10-29 12:15:05 --> Encryption: Auto-configured driver 'openssl'.
DEBUG - 2022-10-29 12:15:05 --> --------------------DC_common::chk_perm - 1.인가코드요청 시작 -> if 인앱브라우저
DEBUG - 2022-10-29 12:15:05 --> Total execution time: 0.0511
DEBUG - 2022-10-29 19:28:02 --> UTF-8 Support Enabled
DEBUG - 2022-10-29 19:28:02 --> Global POST, GET and COOKIE data sanitized
DEBUG - 2022-10-29 19:28:03 --> Config file loaded: /hwonpark/www/application/config/tree.php
DEBUG - 2022-10-29 19:28:03 --> --------------------DC_common::chk_perm - 1.인가코드요청 시작 -> if 인앱브라우저
DEBUG - 2022-10-29 19:28:14 --> UTF-8 Support Enabled
DEBUG - 2022-10-29 19:28:14 --> Global POST, GET and COOKIE data sanitized
DEBUG - 2022-10-29 19:28:14 --> Config file loaded: /hwonpark/www/application/config/tree.php
DEBUG - 2022-10-29 19:28:14 --> =================== DL_auth-> oauth::CALLBACK - 시작
DEBUG - 2022-10-29 19:28:14 --> =================== DL_auth-> oauth::CALLBACK - kakao param=:: error=
DEBUG - 2022-10-29 19:28:14 --> =================== DL_auth-> oauth::CALLBACK - kakao param=:: state=/ko/pr/view?idx=91
DEBUG - 2022-10-29 19:28:14 --> =================== DL_auth-> oauth::CALLBACK - kakao param=:: code=7iabcPYlTIOLEzvPyBV3a5H95DOa1T8fC-N4e-9qA5JZNRR-c6Q4tgtpcl5LJCL5XBMXtAo9dJgAAAGEI0j0Bw
DEBUG - 2022-10-29 19:28:14 --> =================== DL_auth -> kakao oauth :2: code=7iabcPYlTIOLEzvPyBV3a5H95DOa1T8fC-N4e-9qA5JZNRR-c6Q4tgtpcl5LJCL5XBMXtAo9dJgAAAGEI0j0Bw
DEBUG - 2022-10-29 19:28:14 --> ====================Dl_auth -> kakao_login :: 시작
DEBUG - 2022-10-29 19:28:14 --> --------------------Dl_auth::kakao_login - 1.토큰요청 시작
DEBUG - 2022-10-29 19:28:14 --> Dl_auth::kakao_login - get_token 시작 n=2
DEBUG - 2022-10-29 19:28:14 --> --------------------Dl_auth::kakao_login - 1.2.토큰요청 시작 -> 기타브라우저
DEBUG - 2022-10-29 19:28:14 --> --------------------Dl_auth::kakao_login - 1.3.토큰요청
DEBUG - 2022-10-29 19:28:14 --> --------------------Dl_auth::kakao_login - 1.4.토큰요청 -> 성공
DEBUG - 2022-10-29 19:28:15 --> UTF-8 Support Enabled
DEBUG - 2022-10-29 19:28:15 --> Global POST, GET and COOKIE data sanitized
DEBUG - 2022-10-29 19:28:15 --> Config file loaded: /hwonpark/www/application/config/tree.php
DEBUG - 2022-10-29 19:28:15 --> =================== DL_auth-> oauth::CALLBACK - 시작
DEBUG - 2022-10-29 19:28:15 --> =================== DL_auth-> oauth::CALLBACK - kakao param=:: error=
DEBUG - 2022-10-29 19:28:15 --> =================== DL_auth-> oauth::CALLBACK - kakao param=:: state=/ko/pr/view?idx=91
DEBUG - 2022-10-29 19:28:15 --> =================== DL_auth-> oauth::CALLBACK - kakao param=:: code=7iabcPYlTIOLEzvPyBV3a5H95DOa1T8fC-N4e-9qA5JZNRR-c6Q4tgtpcl5LJCL5XBMXtAo9dJgAAAGEI0j0Bw
DEBUG - 2022-10-29 19:28:15 --> =================== DL_auth -> kakao oauth :2: code=7iabcPYlTIOLEzvPyBV3a5H95DOa1T8fC-N4e-9qA5JZNRR-c6Q4tgtpcl5LJCL5XBMXtAo9dJgAAAGEI0j0Bw
DEBUG - 2022-10-29 19:28:15 --> ====================Dl_auth -> kakao_login :: 시작
DEBUG - 2022-10-29 19:28:15 --> ====================Dl_auth::kakao_login - 1.3.5- 사이트 회원정보 업데이트 성공(카카오 인증 완료) state=/ko/pr/view?idx=91
DEBUG - 2022-10-29 19:28:15 --> UTF-8 Support Enabled
DEBUG - 2022-10-29 19:28:15 --> Global POST, GET and COOKIE data sanitized
DEBUG - 2022-10-29 19:28:15 --> Config file loaded: /hwonpark/www/application/config/tree.php
DEBUG - 2022-10-29 19:28:15 --> Encryption: Auto-configured driver 'openssl'.
DEBUG - 2022-10-29 19:28:15 --> --------------------DC_common::chk_perm - 1.인가코드요청 시작 -> if 인앱브라우저
DEBUG - 2022-10-29 19:28:15 --> Total execution time: 0.1059
DEBUG - 2022-10-29 20:58:25 --> UTF-8 Support Enabled
DEBUG - 2022-10-29 20:58:25 --> Global POST, GET and COOKIE data sanitized
DEBUG - 2022-10-29 20:58:25 --> Config file loaded: /hwonpark/www/application/config/tree.php
DEBUG - 2022-10-29 20:58:25 --> --------------------DC_common::chk_perm - 1.인가코드요청 시작 -> if 인앱브라우저
DEBUG - 2022-10-29 20:58:25 --> UTF-8 Support Enabled
DEBUG - 2022-10-29 20:58:25 --> Global POST, GET and COOKIE data sanitized
ERROR - 2022-10-29 20:58:25 --> 404 Page Not Found: Faviconico/index
DEBUG - 2022-10-29 20:58:26 --> UTF-8 Support Enabled
DEBUG - 2022-10-29 20:58:26 --> Global POST, GET and COOKIE data sanitized
DEBUG - 2022-10-29 20:58:26 --> Config file loaded: /hwonpark/www/application/config/tree.php
DEBUG - 2022-10-29 20:58:26 --> =================== DL_auth-> oauth::CALLBACK - 시작
DEBUG - 2022-10-29 20:58:26 --> =================== DL_auth-> oauth::CALLBACK - kakao param=:: error=
DEBUG - 2022-10-29 20:58:26 --> =================== DL_auth-> oauth::CALLBACK - kakao param=:: state=/ko/pr/view?idx=91
DEBUG - 2022-10-29 20:58:26 --> =================== DL_auth-> oauth::CALLBACK - kakao param=:: code=FITzyGIlo9rW7TZYGZaoutMirkdbrA8NQMZDs0aBJ_Z7882DKnJpHCXArMZTq1eq3Nf7ZQorDR8AAAGEI5uGbA
DEBUG - 2022-10-29 20:58:26 --> =================== DL_auth -> kakao oauth :2: code=FITzyGIlo9rW7TZYGZaoutMirkdbrA8NQMZDs0aBJ_Z7882DKnJpHCXArMZTq1eq3Nf7ZQorDR8AAAGEI5uGbA
DEBUG - 2022-10-29 20:58:26 --> ====================Dl_auth -> kakao_login :: 시작
DEBUG - 2022-10-29 20:58:26 --> --------------------Dl_auth::kakao_login - 1.토큰요청 시작
DEBUG - 2022-10-29 20:58:26 --> Dl_auth::kakao_login - get_token 시작 n=2
DEBUG - 2022-10-29 20:58:26 --> --------------------Dl_auth::kakao_login - 1.2.토큰요청 시작 -> 기타브라우저
DEBUG - 2022-10-29 20:58:26 --> --------------------Dl_auth::kakao_login - 1.3.토큰요청
DEBUG - 2022-10-29 20:58:26 --> --------------------Dl_auth::kakao_login - 1.4.토큰요청 -> 성공
DEBUG - 2022-10-29 20:58:26 --> UTF-8 Support Enabled
DEBUG - 2022-10-29 20:58:26 --> Global POST, GET and COOKIE data sanitized
DEBUG - 2022-10-29 20:58:26 --> Config file loaded: /hwonpark/www/application/config/tree.php
DEBUG - 2022-10-29 20:58:26 --> =================== DL_auth-> oauth::CALLBACK - 시작
DEBUG - 2022-10-29 20:58:26 --> =================== DL_auth-> oauth::CALLBACK - kakao param=:: error=
DEBUG - 2022-10-29 20:58:26 --> =================== DL_auth-> oauth::CALLBACK - kakao param=:: state=/ko/pr/view?idx=91
DEBUG - 2022-10-29 20:58:26 --> =================== DL_auth-> oauth::CALLBACK - kakao param=:: code=FITzyGIlo9rW7TZYGZaoutMirkdbrA8NQMZDs0aBJ_Z7882DKnJpHCXArMZTq1eq3Nf7ZQorDR8AAAGEI5uGbA
DEBUG - 2022-10-29 20:58:26 --> =================== DL_auth -> kakao oauth :2: code=FITzyGIlo9rW7TZYGZaoutMirkdbrA8NQMZDs0aBJ_Z7882DKnJpHCXArMZTq1eq3Nf7ZQorDR8AAAGEI5uGbA
DEBUG - 2022-10-29 20:58:26 --> ====================Dl_auth -> kakao_login :: 시작
DEBUG - 2022-10-29 20:58:26 --> ====================Dl_auth::kakao_login - 1.3.5- 사이트 회원정보 업데이트 성공(카카오 인증 완료) state=/ko/pr/view?idx=91
DEBUG - 2022-10-29 20:58:26 --> UTF-8 Support Enabled
DEBUG - 2022-10-29 20:58:26 --> Global POST, GET and COOKIE data sanitized
DEBUG - 2022-10-29 20:58:26 --> Config file loaded: /hwonpark/www/application/config/tree.php
DEBUG - 2022-10-29 20:58:26 --> Encryption: Auto-configured driver 'openssl'.
DEBUG - 2022-10-29 20:58:26 --> --------------------DC_common::chk_perm - 1.인가코드요청 시작 -> if 인앱브라우저
DEBUG - 2022-10-29 20:58:26 --> Total execution time: 0.0560
DEBUG - 2022-10-29 22:31:19 --> UTF-8 Support Enabled
DEBUG - 2022-10-29 22:31:19 --> No URI present. Default controller set.
DEBUG - 2022-10-29 22:31:19 --> Global POST, GET and COOKIE data sanitized
DEBUG - 2022-10-29 22:31:19 --> Config file loaded: /hwonpark/www/application/config/tree.php
DEBUG - 2022-10-29 22:31:19 --> Total execution time: 0.0540
DEBUG - 2022-10-29 22:31:20 --> UTF-8 Support Enabled
DEBUG - 2022-10-29 22:31:20 --> Global POST, GET and COOKIE data sanitized
ERROR - 2022-10-29 22:31:20 --> 404 Page Not Found: Faviconico/index
