DEBUG - 2022-06-04 00:13:02 --> UTF-8 Support Enabled
DEBUG - 2022-06-04 00:13:02 --> No URI present. Default controller set.
DEBUG - 2022-06-04 00:13:02 --> Global POST, GET and COOKIE data sanitized
ERROR - 2022-06-04 00:13:02 --> 404 Page Not Found: ERROR : url is wrong
DEBUG - 2022-06-04 07:10:39 --> UTF-8 Support Enabled
DEBUG - 2022-06-04 07:10:39 --> No URI present. Default controller set.
DEBUG - 2022-06-04 07:10:39 --> Global POST, GET and COOKIE data sanitized
DEBUG - 2022-06-04 07:10:39 --> Config file loaded: /hwonpark/www/application/config/tree.php
DEBUG - 2022-06-04 07:10:40 --> Total execution time: 0.3235
DEBUG - 2022-06-04 07:10:41 --> UTF-8 Support Enabled
DEBUG - 2022-06-04 07:10:41 --> Global POST, GET and COOKIE data sanitized
ERROR - 2022-06-04 07:10:41 --> 404 Page Not Found: Faviconico/index
DEBUG - 2022-06-04 07:24:48 --> UTF-8 Support Enabled
DEBUG - 2022-06-04 07:24:48 --> No URI present. Default controller set.
DEBUG - 2022-06-04 07:24:48 --> Global POST, GET and COOKIE data sanitized
DEBUG - 2022-06-04 07:24:48 --> Config file loaded: /hwonpark/www/application/config/tree.php
DEBUG - 2022-06-04 07:24:48 --> Total execution time: 0.0614
DEBUG - 2022-06-04 07:24:49 --> UTF-8 Support Enabled
DEBUG - 2022-06-04 07:24:49 --> Global POST, GET and COOKIE data sanitized
ERROR - 2022-06-04 07:24:49 --> 404 Page Not Found: Faviconico/index
DEBUG - 2022-06-04 09:19:55 --> UTF-8 Support Enabled
DEBUG - 2022-06-04 09:19:55 --> No URI present. Default controller set.
DEBUG - 2022-06-04 09:19:55 --> Global POST, GET and COOKIE data sanitized
DEBUG - 2022-06-04 09:19:55 --> Config file loaded: /hwonpark/www/application/config/tree.php
DEBUG - 2022-06-04 09:19:55 --> Total execution time: 0.0336
DEBUG - 2022-06-04 11:43:53 --> UTF-8 Support Enabled
DEBUG - 2022-06-04 11:43:53 --> Global POST, GET and COOKIE data sanitized
DEBUG - 2022-06-04 11:43:53 --> Config file loaded: /hwonpark/www/application/config/tree.php
DEBUG - 2022-06-04 11:43:53 --> Total execution time: 0.0407
DEBUG - 2022-06-04 11:43:54 --> UTF-8 Support Enabled
DEBUG - 2022-06-04 11:43:54 --> Global POST, GET and COOKIE data sanitized
ERROR - 2022-06-04 11:43:54 --> 404 Page Not Found: Apple-touch-icon-120x120-precomposedpng/index
DEBUG - 2022-06-04 11:43:54 --> UTF-8 Support Enabled
DEBUG - 2022-06-04 11:43:54 --> Global POST, GET and COOKIE data sanitized
ERROR - 2022-06-04 11:43:54 --> 404 Page Not Found: Apple-touch-icon-120x120png/index
DEBUG - 2022-06-04 11:43:54 --> UTF-8 Support Enabled
DEBUG - 2022-06-04 11:43:54 --> Global POST, GET and COOKIE data sanitized
ERROR - 2022-06-04 11:43:54 --> 404 Page Not Found: Apple-touch-icon-precomposedpng/index
DEBUG - 2022-06-04 11:43:54 --> UTF-8 Support Enabled
DEBUG - 2022-06-04 11:43:54 --> Global POST, GET and COOKIE data sanitized
ERROR - 2022-06-04 11:43:54 --> 404 Page Not Found: Apple-touch-iconpng/index
DEBUG - 2022-06-04 11:43:54 --> UTF-8 Support Enabled
DEBUG - 2022-06-04 11:43:54 --> Global POST, GET and COOKIE data sanitized
ERROR - 2022-06-04 11:43:54 --> 404 Page Not Found: Faviconico/index
DEBUG - 2022-06-04 11:43:54 --> UTF-8 Support Enabled
DEBUG - 2022-06-04 11:43:54 --> Global POST, GET and COOKIE data sanitized
ERROR - 2022-06-04 11:43:54 --> 404 Page Not Found: Apple-touch-icon-120x120-precomposedpng/index
DEBUG - 2022-06-04 11:43:54 --> UTF-8 Support Enabled
DEBUG - 2022-06-04 11:43:54 --> Global POST, GET and COOKIE data sanitized
ERROR - 2022-06-04 11:43:54 --> 404 Page Not Found: Apple-touch-icon-120x120png/index
DEBUG - 2022-06-04 11:43:54 --> UTF-8 Support Enabled
DEBUG - 2022-06-04 11:43:54 --> Global POST, GET and COOKIE data sanitized
ERROR - 2022-06-04 11:43:54 --> 404 Page Not Found: Apple-touch-icon-precomposedpng/index
DEBUG - 2022-06-04 11:43:54 --> UTF-8 Support Enabled
DEBUG - 2022-06-04 11:43:54 --> Global POST, GET and COOKIE data sanitized
ERROR - 2022-06-04 11:43:54 --> 404 Page Not Found: Apple-touch-iconpng/index
DEBUG - 2022-06-04 11:43:54 --> UTF-8 Support Enabled
DEBUG - 2022-06-04 11:43:54 --> Global POST, GET and COOKIE data sanitized
ERROR - 2022-06-04 11:43:54 --> 404 Page Not Found: Faviconico/index
DEBUG - 2022-06-04 15:04:28 --> UTF-8 Support Enabled
DEBUG - 2022-06-04 15:04:28 --> No URI present. Default controller set.
DEBUG - 2022-06-04 15:04:28 --> Global POST, GET and COOKIE data sanitized
DEBUG - 2022-06-04 15:04:28 --> Config file loaded: /hwonpark/www/application/config/tree.php
DEBUG - 2022-06-04 15:04:28 --> Total execution time: 0.1944
DEBUG - 2022-06-04 15:36:06 --> UTF-8 Support Enabled
DEBUG - 2022-06-04 15:36:06 --> No URI present. Default controller set.
DEBUG - 2022-06-04 15:36:07 --> Global POST, GET and COOKIE data sanitized
DEBUG - 2022-06-04 15:36:07 --> Config file loaded: /hwonpark/www/application/config/tree.php
DEBUG - 2022-06-04 15:36:07 --> Total execution time: 0.0314
DEBUG - 2022-06-04 15:36:08 --> UTF-8 Support Enabled
DEBUG - 2022-06-04 15:36:08 --> Global POST, GET and COOKIE data sanitized
ERROR - 2022-06-04 15:36:08 --> 404 Page Not Found: Faviconico/index
DEBUG - 2022-06-04 16:23:46 --> UTF-8 Support Enabled
DEBUG - 2022-06-04 16:23:46 --> No URI present. Default controller set.
DEBUG - 2022-06-04 16:23:46 --> Global POST, GET and COOKIE data sanitized
DEBUG - 2022-06-04 16:23:46 --> Config file loaded: /hwonpark/www/application/config/tree.php
DEBUG - 2022-06-04 16:23:46 --> Total execution time: 0.0295
DEBUG - 2022-06-04 16:23:46 --> UTF-8 Support Enabled
DEBUG - 2022-06-04 16:23:46 --> Global POST, GET and COOKIE data sanitized
ERROR - 2022-06-04 16:23:46 --> 404 Page Not Found: Apple-touch-icon-precomposedpng/index
DEBUG - 2022-06-04 16:23:46 --> UTF-8 Support Enabled
DEBUG - 2022-06-04 16:23:46 --> Global POST, GET and COOKIE data sanitized
ERROR - 2022-06-04 16:23:46 --> 404 Page Not Found: Apple-touch-iconpng/index
DEBUG - 2022-06-04 16:23:46 --> UTF-8 Support Enabled
DEBUG - 2022-06-04 16:23:46 --> Global POST, GET and COOKIE data sanitized
ERROR - 2022-06-04 16:23:46 --> 404 Page Not Found: Faviconico/index
DEBUG - 2022-06-04 16:58:16 --> UTF-8 Support Enabled
DEBUG - 2022-06-04 16:58:16 --> No URI present. Default controller set.
DEBUG - 2022-06-04 16:58:16 --> Global POST, GET and COOKIE data sanitized
DEBUG - 2022-06-04 16:58:17 --> Config file loaded: /hwonpark/www/application/config/tree.php
DEBUG - 2022-06-04 16:58:17 --> Total execution time: 0.0584
DEBUG - 2022-06-04 16:58:17 --> UTF-8 Support Enabled
DEBUG - 2022-06-04 16:58:17 --> Global POST, GET and COOKIE data sanitized
ERROR - 2022-06-04 16:58:17 --> 404 Page Not Found: Faviconico/index
DEBUG - 2022-06-04 16:58:18 --> UTF-8 Support Enabled
DEBUG - 2022-06-04 16:58:18 --> No URI present. Default controller set.
DEBUG - 2022-06-04 16:58:18 --> Global POST, GET and COOKIE data sanitized
DEBUG - 2022-06-04 16:58:18 --> Config file loaded: /hwonpark/www/application/config/tree.php
DEBUG - 2022-06-04 16:58:18 --> Total execution time: 0.0678
DEBUG - 2022-06-04 18:19:27 --> UTF-8 Support Enabled
DEBUG - 2022-06-04 18:19:27 --> No URI present. Default controller set.
DEBUG - 2022-06-04 18:19:27 --> Global POST, GET and COOKIE data sanitized
DEBUG - 2022-06-04 18:19:27 --> Config file loaded: /hwonpark/www/application/config/tree.php
DEBUG - 2022-06-04 18:19:27 --> Total execution time: 0.0306
DEBUG - 2022-06-04 18:19:28 --> UTF-8 Support Enabled
DEBUG - 2022-06-04 18:19:28 --> Global POST, GET and COOKIE data sanitized
ERROR - 2022-06-04 18:19:28 --> 404 Page Not Found: Faviconico/index
DEBUG - 2022-06-04 18:19:29 --> UTF-8 Support Enabled
DEBUG - 2022-06-04 18:19:29 --> No URI present. Default controller set.
DEBUG - 2022-06-04 18:19:29 --> Global POST, GET and COOKIE data sanitized
DEBUG - 2022-06-04 18:19:29 --> Config file loaded: /hwonpark/www/application/config/tree.php
DEBUG - 2022-06-04 18:19:29 --> Total execution time: 0.0582
DEBUG - 2022-06-04 21:10:49 --> UTF-8 Support Enabled
DEBUG - 2022-06-04 21:10:49 --> Global POST, GET and COOKIE data sanitized
DEBUG - 2022-06-04 21:10:49 --> Config file loaded: /hwonpark/www/application/config/tree.php
DEBUG - 2022-06-04 21:10:49 --> Total execution time: 0.1488
DEBUG - 2022-06-04 22:12:49 --> UTF-8 Support Enabled
DEBUG - 2022-06-04 22:12:49 --> No URI present. Default controller set.
DEBUG - 2022-06-04 22:12:49 --> Global POST, GET and COOKIE data sanitized
DEBUG - 2022-06-04 22:12:49 --> Config file loaded: /hwonpark/www/application/config/tree.php
DEBUG - 2022-06-04 22:12:49 --> Total execution time: 0.0346
DEBUG - 2022-06-04 22:12:50 --> UTF-8 Support Enabled
DEBUG - 2022-06-04 22:12:50 --> Global POST, GET and COOKIE data sanitized
ERROR - 2022-06-04 22:12:50 --> 404 Page Not Found: Faviconico/index
DEBUG - 2022-06-04 22:32:26 --> UTF-8 Support Enabled
DEBUG - 2022-06-04 22:32:26 --> Global POST, GET and COOKIE data sanitized
DEBUG - 2022-06-04 22:32:26 --> Config file loaded: /hwonpark/www/application/config/tree.php
DEBUG - 2022-06-04 22:32:26 --> Total execution time: 0.0323
