DEBUG - 2022-11-28 08:30:30 --> UTF-8 Support Enabled
DEBUG - 2022-11-28 08:30:30 --> No URI present. Default controller set.
DEBUG - 2022-11-28 08:30:30 --> Global POST, GET and COOKIE data sanitized
DEBUG - 2022-11-28 08:30:30 --> Config file loaded: /hwonpark/www/application/config/tree.php
DEBUG - 2022-11-28 08:30:30 --> Total execution time: 0.2595
DEBUG - 2022-11-28 08:30:31 --> UTF-8 Support Enabled
DEBUG - 2022-11-28 08:30:31 --> Global POST, GET and COOKIE data sanitized
ERROR - 2022-11-28 08:30:31 --> 404 Page Not Found: Faviconico/index
DEBUG - 2022-11-28 09:09:15 --> UTF-8 Support Enabled
DEBUG - 2022-11-28 09:09:15 --> Global POST, GET and COOKIE data sanitized
DEBUG - 2022-11-28 09:09:15 --> Config file loaded: /hwonpark/www/application/config/tree.php
DEBUG - 2022-11-28 09:09:15 --> Total execution time: 0.0415
DEBUG - 2022-11-28 09:09:16 --> UTF-8 Support Enabled
DEBUG - 2022-11-28 09:09:16 --> Global POST, GET and COOKIE data sanitized
ERROR - 2022-11-28 09:09:16 --> 404 Page Not Found: Faviconico/index
DEBUG - 2022-11-28 09:09:21 --> UTF-8 Support Enabled
DEBUG - 2022-11-28 09:09:21 --> Global POST, GET and COOKIE data sanitized
DEBUG - 2022-11-28 09:09:21 --> Config file loaded: /hwonpark/www/application/config/tree.php
DEBUG - 2022-11-28 09:09:22 --> UTF-8 Support Enabled
DEBUG - 2022-11-28 09:09:22 --> Global POST, GET and COOKIE data sanitized
DEBUG - 2022-11-28 09:09:22 --> Config file loaded: /hwonpark/www/application/config/tree.php
DEBUG - 2022-11-28 09:09:22 --> Total execution time: 0.0302
DEBUG - 2022-11-28 09:09:27 --> UTF-8 Support Enabled
DEBUG - 2022-11-28 09:09:27 --> Global POST, GET and COOKIE data sanitized
DEBUG - 2022-11-28 09:09:27 --> Config file loaded: /hwonpark/www/application/config/tree.php
DEBUG - 2022-11-28 09:09:29 --> UTF-8 Support Enabled
DEBUG - 2022-11-28 09:09:29 --> Global POST, GET and COOKIE data sanitized
DEBUG - 2022-11-28 09:09:29 --> Config file loaded: /hwonpark/www/application/config/tree.php
DEBUG - 2022-11-28 09:09:29 --> Total execution time: 0.0287
DEBUG - 2022-11-28 09:09:35 --> UTF-8 Support Enabled
DEBUG - 2022-11-28 09:09:35 --> Global POST, GET and COOKIE data sanitized
DEBUG - 2022-11-28 09:09:35 --> Config file loaded: /hwonpark/www/application/config/tree.php
DEBUG - 2022-11-28 09:09:36 --> UTF-8 Support Enabled
DEBUG - 2022-11-28 09:09:36 --> Global POST, GET and COOKIE data sanitized
DEBUG - 2022-11-28 09:09:36 --> Config file loaded: /hwonpark/www/application/config/tree.php
DEBUG - 2022-11-28 09:09:36 --> Encryption: Auto-configured driver 'openssl'.
DEBUG - 2022-11-28 09:09:36 --> UTF-8 Support Enabled
DEBUG - 2022-11-28 09:09:36 --> Global POST, GET and COOKIE data sanitized
DEBUG - 2022-11-28 09:09:36 --> Config file loaded: /hwonpark/www/application/config/tree.php
DEBUG - 2022-11-28 09:09:36 --> Encryption: Auto-configured driver 'openssl'.
DEBUG - 2022-11-28 09:09:36 --> Encryption class already loaded. Second attempt ignored.
DEBUG - 2022-11-28 09:09:36 --> Total execution time: 0.0743
DEBUG - 2022-11-28 09:09:38 --> UTF-8 Support Enabled
DEBUG - 2022-11-28 09:09:38 --> Global POST, GET and COOKIE data sanitized
DEBUG - 2022-11-28 09:09:38 --> Config file loaded: /hwonpark/www/application/config/tree.php
DEBUG - 2022-11-28 09:09:38 --> Encryption: Auto-configured driver 'openssl'.
DEBUG - 2022-11-28 09:09:38 --> Total execution time: 0.0708
DEBUG - 2022-11-28 09:09:40 --> UTF-8 Support Enabled
DEBUG - 2022-11-28 09:09:40 --> Global POST, GET and COOKIE data sanitized
DEBUG - 2022-11-28 09:09:40 --> Config file loaded: /hwonpark/www/application/config/tree.php
DEBUG - 2022-11-28 09:09:40 --> Encryption: Auto-configured driver 'openssl'.
DEBUG - 2022-11-28 09:09:40 --> Total execution time: 0.0849
DEBUG - 2022-11-28 09:09:42 --> UTF-8 Support Enabled
DEBUG - 2022-11-28 09:09:42 --> Global POST, GET and COOKIE data sanitized
DEBUG - 2022-11-28 09:09:42 --> Config file loaded: /hwonpark/www/application/config/tree.php
DEBUG - 2022-11-28 09:09:42 --> Encryption: Auto-configured driver 'openssl'.
DEBUG - 2022-11-28 09:09:42 --> Total execution time: 0.0841
DEBUG - 2022-11-28 09:09:44 --> UTF-8 Support Enabled
DEBUG - 2022-11-28 09:09:44 --> Global POST, GET and COOKIE data sanitized
DEBUG - 2022-11-28 09:09:44 --> Config file loaded: /hwonpark/www/application/config/tree.php
DEBUG - 2022-11-28 09:09:44 --> Encryption: Auto-configured driver 'openssl'.
DEBUG - 2022-11-28 09:09:44 --> Total execution time: 0.0448
DEBUG - 2022-11-28 09:09:47 --> UTF-8 Support Enabled
DEBUG - 2022-11-28 09:09:47 --> Global POST, GET and COOKIE data sanitized
DEBUG - 2022-11-28 09:09:47 --> Config file loaded: /hwonpark/www/application/config/tree.php
DEBUG - 2022-11-28 09:09:47 --> Encryption: Auto-configured driver 'openssl'.
DEBUG - 2022-11-28 09:09:47 --> Total execution time: 0.0367
DEBUG - 2022-11-28 09:09:48 --> UTF-8 Support Enabled
DEBUG - 2022-11-28 09:09:48 --> Global POST, GET and COOKIE data sanitized
DEBUG - 2022-11-28 09:09:48 --> Config file loaded: /hwonpark/www/application/config/tree.php
DEBUG - 2022-11-28 09:09:48 --> Encryption: Auto-configured driver 'openssl'.
DEBUG - 2022-11-28 09:09:48 --> Total execution time: 0.0423
DEBUG - 2022-11-28 09:09:53 --> UTF-8 Support Enabled
DEBUG - 2022-11-28 09:09:53 --> Global POST, GET and COOKIE data sanitized
DEBUG - 2022-11-28 09:09:53 --> Config file loaded: /hwonpark/www/application/config/tree.php
DEBUG - 2022-11-28 09:09:53 --> Encryption: Auto-configured driver 'openssl'.
DEBUG - 2022-11-28 09:09:53 --> Total execution time: 0.1046
DEBUG - 2022-11-28 09:09:55 --> UTF-8 Support Enabled
DEBUG - 2022-11-28 09:09:55 --> Global POST, GET and COOKIE data sanitized
DEBUG - 2022-11-28 09:09:55 --> Config file loaded: /hwonpark/www/application/config/tree.php
DEBUG - 2022-11-28 09:09:55 --> Encryption: Auto-configured driver 'openssl'.
DEBUG - 2022-11-28 09:09:55 --> Total execution time: 0.0367
DEBUG - 2022-11-28 09:09:59 --> UTF-8 Support Enabled
DEBUG - 2022-11-28 09:09:59 --> Global POST, GET and COOKIE data sanitized
DEBUG - 2022-11-28 09:09:59 --> Config file loaded: /hwonpark/www/application/config/tree.php
DEBUG - 2022-11-28 09:09:59 --> Encryption: Auto-configured driver 'openssl'.
DEBUG - 2022-11-28 09:09:59 --> Total execution time: 0.0480
DEBUG - 2022-11-28 09:10:08 --> UTF-8 Support Enabled
DEBUG - 2022-11-28 09:10:08 --> Global POST, GET and COOKIE data sanitized
DEBUG - 2022-11-28 09:10:08 --> Config file loaded: /hwonpark/www/application/config/tree.php
DEBUG - 2022-11-28 09:10:08 --> Encryption: Auto-configured driver 'openssl'.
DEBUG - 2022-11-28 09:10:08 --> Total execution time: 0.0482
DEBUG - 2022-11-28 09:10:29 --> UTF-8 Support Enabled
DEBUG - 2022-11-28 09:10:29 --> Global POST, GET and COOKIE data sanitized
DEBUG - 2022-11-28 09:10:29 --> Config file loaded: /hwonpark/www/application/config/tree.php
DEBUG - 2022-11-28 09:10:29 --> Encryption: Auto-configured driver 'openssl'.
DEBUG - 2022-11-28 09:10:29 --> Total execution time: 0.0407
DEBUG - 2022-11-28 09:10:38 --> UTF-8 Support Enabled
DEBUG - 2022-11-28 09:10:38 --> Global POST, GET and COOKIE data sanitized
DEBUG - 2022-11-28 09:10:38 --> Config file loaded: /hwonpark/www/application/config/tree.php
DEBUG - 2022-11-28 09:10:38 --> Encryption: Auto-configured driver 'openssl'.
DEBUG - 2022-11-28 09:10:38 --> Total execution time: 0.0723
DEBUG - 2022-11-28 09:10:41 --> UTF-8 Support Enabled
DEBUG - 2022-11-28 09:10:41 --> Global POST, GET and COOKIE data sanitized
DEBUG - 2022-11-28 09:10:41 --> Config file loaded: /hwonpark/www/application/config/tree.php
DEBUG - 2022-11-28 09:10:41 --> Encryption: Auto-configured driver 'openssl'.
DEBUG - 2022-11-28 09:10:41 --> Total execution time: 0.0360
DEBUG - 2022-11-28 09:11:33 --> UTF-8 Support Enabled
DEBUG - 2022-11-28 09:11:33 --> Global POST, GET and COOKIE data sanitized
DEBUG - 2022-11-28 09:11:33 --> Config file loaded: /hwonpark/www/application/config/tree.php
DEBUG - 2022-11-28 09:11:33 --> Encryption: Auto-configured driver 'openssl'.
DEBUG - 2022-11-28 09:11:33 --> Total execution time: 0.0567
DEBUG - 2022-11-28 09:11:44 --> UTF-8 Support Enabled
DEBUG - 2022-11-28 09:11:44 --> Global POST, GET and COOKIE data sanitized
DEBUG - 2022-11-28 09:11:44 --> Config file loaded: /hwonpark/www/application/config/tree.php
DEBUG - 2022-11-28 09:11:44 --> Encryption: Auto-configured driver 'openssl'.
DEBUG - 2022-11-28 09:11:44 --> Total execution time: 0.0749
DEBUG - 2022-11-28 09:11:45 --> UTF-8 Support Enabled
DEBUG - 2022-11-28 09:11:45 --> Global POST, GET and COOKIE data sanitized
DEBUG - 2022-11-28 09:11:45 --> Config file loaded: /hwonpark/www/application/config/tree.php
DEBUG - 2022-11-28 09:11:45 --> Encryption: Auto-configured driver 'openssl'.
DEBUG - 2022-11-28 09:11:45 --> Total execution time: 0.0526
DEBUG - 2022-11-28 09:11:51 --> UTF-8 Support Enabled
DEBUG - 2022-11-28 09:11:51 --> Global POST, GET and COOKIE data sanitized
DEBUG - 2022-11-28 09:11:51 --> Config file loaded: /hwonpark/www/application/config/tree.php
DEBUG - 2022-11-28 09:11:51 --> Encryption: Auto-configured driver 'openssl'.
DEBUG - 2022-11-28 09:11:51 --> Total execution time: 0.0381
DEBUG - 2022-11-28 09:11:55 --> UTF-8 Support Enabled
DEBUG - 2022-11-28 09:11:55 --> Global POST, GET and COOKIE data sanitized
DEBUG - 2022-11-28 09:11:55 --> Config file loaded: /hwonpark/www/application/config/tree.php
DEBUG - 2022-11-28 09:11:55 --> Encryption: Auto-configured driver 'openssl'.
DEBUG - 2022-11-28 09:11:55 --> Total execution time: 0.0392
DEBUG - 2022-11-28 09:11:57 --> UTF-8 Support Enabled
DEBUG - 2022-11-28 09:11:57 --> Global POST, GET and COOKIE data sanitized
DEBUG - 2022-11-28 09:11:57 --> Config file loaded: /hwonpark/www/application/config/tree.php
DEBUG - 2022-11-28 09:11:57 --> Encryption: Auto-configured driver 'openssl'.
DEBUG - 2022-11-28 09:11:57 --> Total execution time: 0.0352
DEBUG - 2022-11-28 09:12:00 --> UTF-8 Support Enabled
DEBUG - 2022-11-28 09:12:00 --> Global POST, GET and COOKIE data sanitized
DEBUG - 2022-11-28 09:12:00 --> Config file loaded: /hwonpark/www/application/config/tree.php
DEBUG - 2022-11-28 09:12:00 --> Encryption: Auto-configured driver 'openssl'.
DEBUG - 2022-11-28 09:12:00 --> Total execution time: 0.0345
DEBUG - 2022-11-28 09:12:04 --> UTF-8 Support Enabled
DEBUG - 2022-11-28 09:12:04 --> Global POST, GET and COOKIE data sanitized
DEBUG - 2022-11-28 09:12:04 --> Config file loaded: /hwonpark/www/application/config/tree.php
DEBUG - 2022-11-28 09:12:04 --> Encryption: Auto-configured driver 'openssl'.
DEBUG - 2022-11-28 09:12:04 --> Total execution time: 0.0725
DEBUG - 2022-11-28 09:12:06 --> UTF-8 Support Enabled
DEBUG - 2022-11-28 09:12:06 --> Global POST, GET and COOKIE data sanitized
DEBUG - 2022-11-28 09:12:06 --> Config file loaded: /hwonpark/www/application/config/tree.php
DEBUG - 2022-11-28 09:12:06 --> Encryption: Auto-configured driver 'openssl'.
DEBUG - 2022-11-28 09:12:06 --> Total execution time: 0.0697
DEBUG - 2022-11-28 09:21:36 --> UTF-8 Support Enabled
DEBUG - 2022-11-28 09:21:36 --> No URI present. Default controller set.
DEBUG - 2022-11-28 09:21:36 --> Global POST, GET and COOKIE data sanitized
DEBUG - 2022-11-28 09:21:36 --> Config file loaded: /hwonpark/www/application/config/tree.php
DEBUG - 2022-11-28 09:21:36 --> Total execution time: 0.0302
DEBUG - 2022-11-28 09:21:36 --> UTF-8 Support Enabled
DEBUG - 2022-11-28 09:21:36 --> Global POST, GET and COOKIE data sanitized
ERROR - 2022-11-28 09:21:36 --> 404 Page Not Found: Faviconico/index
DEBUG - 2022-11-28 09:28:17 --> UTF-8 Support Enabled
DEBUG - 2022-11-28 09:28:17 --> Global POST, GET and COOKIE data sanitized
DEBUG - 2022-11-28 09:28:17 --> Config file loaded: /hwonpark/www/application/config/tree.php
DEBUG - 2022-11-28 09:28:18 --> UTF-8 Support Enabled
DEBUG - 2022-11-28 09:28:18 --> No URI present. Default controller set.
DEBUG - 2022-11-28 09:28:18 --> Global POST, GET and COOKIE data sanitized
DEBUG - 2022-11-28 09:28:18 --> Config file loaded: /hwonpark/www/application/config/tree.php
DEBUG - 2022-11-28 09:28:18 --> Total execution time: 0.0451
DEBUG - 2022-11-28 09:28:21 --> UTF-8 Support Enabled
DEBUG - 2022-11-28 09:28:21 --> Global POST, GET and COOKIE data sanitized
DEBUG - 2022-11-28 09:28:21 --> Config file loaded: /hwonpark/www/application/config/tree.php
DEBUG - 2022-11-28 09:28:21 --> Total execution time: 0.0269
DEBUG - 2022-11-28 09:28:26 --> UTF-8 Support Enabled
DEBUG - 2022-11-28 09:28:26 --> Global POST, GET and COOKIE data sanitized
DEBUG - 2022-11-28 09:28:26 --> Config file loaded: /hwonpark/www/application/config/tree.php
DEBUG - 2022-11-28 09:28:28 --> UTF-8 Support Enabled
DEBUG - 2022-11-28 09:28:28 --> Global POST, GET and COOKIE data sanitized
DEBUG - 2022-11-28 09:28:28 --> Config file loaded: /hwonpark/www/application/config/tree.php
DEBUG - 2022-11-28 09:28:28 --> Encryption: Auto-configured driver 'openssl'.
DEBUG - 2022-11-28 09:28:28 --> UTF-8 Support Enabled
DEBUG - 2022-11-28 09:28:28 --> Global POST, GET and COOKIE data sanitized
DEBUG - 2022-11-28 09:28:28 --> Config file loaded: /hwonpark/www/application/config/tree.php
DEBUG - 2022-11-28 09:28:28 --> Encryption: Auto-configured driver 'openssl'.
DEBUG - 2022-11-28 09:28:28 --> Encryption class already loaded. Second attempt ignored.
DEBUG - 2022-11-28 09:28:28 --> Total execution time: 0.0376
DEBUG - 2022-11-28 09:28:31 --> UTF-8 Support Enabled
DEBUG - 2022-11-28 09:28:31 --> Global POST, GET and COOKIE data sanitized
DEBUG - 2022-11-28 09:28:31 --> Config file loaded: /hwonpark/www/application/config/tree.php
DEBUG - 2022-11-28 09:28:31 --> Encryption: Auto-configured driver 'openssl'.
DEBUG - 2022-11-28 09:28:31 --> Total execution time: 0.0368
DEBUG - 2022-11-28 09:28:33 --> UTF-8 Support Enabled
DEBUG - 2022-11-28 09:28:33 --> Global POST, GET and COOKIE data sanitized
DEBUG - 2022-11-28 09:28:33 --> Config file loaded: /hwonpark/www/application/config/tree.php
DEBUG - 2022-11-28 09:28:33 --> Encryption: Auto-configured driver 'openssl'.
DEBUG - 2022-11-28 09:28:33 --> Total execution time: 0.0643
DEBUG - 2022-11-28 09:28:35 --> UTF-8 Support Enabled
DEBUG - 2022-11-28 09:28:35 --> Global POST, GET and COOKIE data sanitized
DEBUG - 2022-11-28 09:28:35 --> Config file loaded: /hwonpark/www/application/config/tree.php
DEBUG - 2022-11-28 09:28:35 --> Encryption: Auto-configured driver 'openssl'.
DEBUG - 2022-11-28 09:28:35 --> Total execution time: 0.0377
DEBUG - 2022-11-28 09:40:20 --> UTF-8 Support Enabled
DEBUG - 2022-11-28 09:40:20 --> Global POST, GET and COOKIE data sanitized
DEBUG - 2022-11-28 09:40:20 --> Config file loaded: /hwonpark/www/application/config/tree.php
DEBUG - 2022-11-28 09:40:20 --> UTF-8 Support Enabled
DEBUG - 2022-11-28 09:40:20 --> No URI present. Default controller set.
DEBUG - 2022-11-28 09:40:20 --> Global POST, GET and COOKIE data sanitized
DEBUG - 2022-11-28 09:40:20 --> Config file loaded: /hwonpark/www/application/config/tree.php
DEBUG - 2022-11-28 09:40:20 --> Total execution time: 0.0328
DEBUG - 2022-11-28 09:40:25 --> UTF-8 Support Enabled
DEBUG - 2022-11-28 09:40:25 --> Global POST, GET and COOKIE data sanitized
DEBUG - 2022-11-28 09:40:26 --> Config file loaded: /hwonpark/www/application/config/tree.php
DEBUG - 2022-11-28 09:40:26 --> Total execution time: 0.0590
DEBUG - 2022-11-28 09:40:32 --> UTF-8 Support Enabled
DEBUG - 2022-11-28 09:40:32 --> Global POST, GET and COOKIE data sanitized
DEBUG - 2022-11-28 09:40:32 --> Config file loaded: /hwonpark/www/application/config/tree.php
DEBUG - 2022-11-28 09:40:33 --> UTF-8 Support Enabled
DEBUG - 2022-11-28 09:40:33 --> Global POST, GET and COOKIE data sanitized
DEBUG - 2022-11-28 09:40:33 --> Config file loaded: /hwonpark/www/application/config/tree.php
DEBUG - 2022-11-28 09:40:33 --> Encryption: Auto-configured driver 'openssl'.
DEBUG - 2022-11-28 09:40:33 --> UTF-8 Support Enabled
DEBUG - 2022-11-28 09:40:33 --> Global POST, GET and COOKIE data sanitized
DEBUG - 2022-11-28 09:40:33 --> Config file loaded: /hwonpark/www/application/config/tree.php
DEBUG - 2022-11-28 09:40:33 --> Encryption: Auto-configured driver 'openssl'.
DEBUG - 2022-11-28 09:40:33 --> Encryption class already loaded. Second attempt ignored.
DEBUG - 2022-11-28 09:40:33 --> Total execution time: 0.0415
DEBUG - 2022-11-28 09:40:34 --> UTF-8 Support Enabled
DEBUG - 2022-11-28 09:40:34 --> Global POST, GET and COOKIE data sanitized
DEBUG - 2022-11-28 09:40:34 --> Config file loaded: /hwonpark/www/application/config/tree.php
DEBUG - 2022-11-28 09:40:34 --> Encryption: Auto-configured driver 'openssl'.
DEBUG - 2022-11-28 09:40:34 --> Total execution time: 0.0734
DEBUG - 2022-11-28 09:40:35 --> UTF-8 Support Enabled
DEBUG - 2022-11-28 09:40:35 --> Global POST, GET and COOKIE data sanitized
DEBUG - 2022-11-28 09:40:35 --> Config file loaded: /hwonpark/www/application/config/tree.php
DEBUG - 2022-11-28 09:40:35 --> Encryption: Auto-configured driver 'openssl'.
DEBUG - 2022-11-28 09:40:35 --> Total execution time: 0.0399
DEBUG - 2022-11-28 09:40:38 --> UTF-8 Support Enabled
DEBUG - 2022-11-28 09:40:38 --> Global POST, GET and COOKIE data sanitized
DEBUG - 2022-11-28 09:40:38 --> Config file loaded: /hwonpark/www/application/config/tree.php
DEBUG - 2022-11-28 09:40:38 --> Encryption: Auto-configured driver 'openssl'.
DEBUG - 2022-11-28 09:40:38 --> Total execution time: 0.0532
DEBUG - 2022-11-28 09:40:44 --> UTF-8 Support Enabled
DEBUG - 2022-11-28 09:40:44 --> Global POST, GET and COOKIE data sanitized
DEBUG - 2022-11-28 09:40:44 --> Config file loaded: /hwonpark/www/application/config/tree.php
DEBUG - 2022-11-28 09:40:44 --> Encryption: Auto-configured driver 'openssl'.
DEBUG - 2022-11-28 09:40:44 --> Total execution time: 0.0394
DEBUG - 2022-11-28 09:40:46 --> UTF-8 Support Enabled
DEBUG - 2022-11-28 09:40:46 --> Global POST, GET and COOKIE data sanitized
DEBUG - 2022-11-28 09:40:46 --> Config file loaded: /hwonpark/www/application/config/tree.php
DEBUG - 2022-11-28 09:40:46 --> Encryption: Auto-configured driver 'openssl'.
DEBUG - 2022-11-28 09:40:46 --> Total execution time: 0.0546
DEBUG - 2022-11-28 09:46:47 --> UTF-8 Support Enabled
DEBUG - 2022-11-28 09:46:47 --> Global POST, GET and COOKIE data sanitized
DEBUG - 2022-11-28 09:46:47 --> Config file loaded: /hwonpark/www/application/config/tree.php
DEBUG - 2022-11-28 09:46:47 --> Encryption: Auto-configured driver 'openssl'.
ERROR - 2022-11-28 09:46:47 --> Could not find the language line "imglib_invalid_image"
ERROR - 2022-11-28 09:46:47 --> imglib_invalid_image
DEBUG - 2022-11-28 09:46:47 --> DL_schema class already loaded. Second attempt ignored.
DEBUG - 2022-11-28 09:46:48 --> UTF-8 Support Enabled
DEBUG - 2022-11-28 09:46:48 --> Global POST, GET and COOKIE data sanitized
DEBUG - 2022-11-28 09:46:49 --> Config file loaded: /hwonpark/www/application/config/tree.php
DEBUG - 2022-11-28 09:46:49 --> Encryption: Auto-configured driver 'openssl'.
DEBUG - 2022-11-28 09:46:49 --> Total execution time: 0.0405
DEBUG - 2022-11-28 09:47:09 --> UTF-8 Support Enabled
DEBUG - 2022-11-28 09:47:09 --> Global POST, GET and COOKIE data sanitized
DEBUG - 2022-11-28 09:47:09 --> Config file loaded: /hwonpark/www/application/config/tree.php
DEBUG - 2022-11-28 09:47:09 --> Encryption: Auto-configured driver 'openssl'.
DEBUG - 2022-11-28 09:47:09 --> Total execution time: 0.0345
DEBUG - 2022-11-28 09:56:19 --> UTF-8 Support Enabled
DEBUG - 2022-11-28 09:56:19 --> Global POST, GET and COOKIE data sanitized
DEBUG - 2022-11-28 09:56:19 --> Config file loaded: /hwonpark/www/application/config/tree.php
DEBUG - 2022-11-28 09:56:19 --> Encryption: Auto-configured driver 'openssl'.
DEBUG - 2022-11-28 09:56:19 --> UTF-8 Support Enabled
DEBUG - 2022-11-28 09:56:19 --> Global POST, GET and COOKIE data sanitized
DEBUG - 2022-11-28 09:56:19 --> Config file loaded: /hwonpark/www/application/config/tree.php
DEBUG - 2022-11-28 09:56:19 --> Encryption: Auto-configured driver 'openssl'.
DEBUG - 2022-11-28 09:56:19 --> Encryption class already loaded. Second attempt ignored.
DEBUG - 2022-11-28 09:56:19 --> Total execution time: 0.0375
DEBUG - 2022-11-28 09:56:21 --> UTF-8 Support Enabled
DEBUG - 2022-11-28 09:56:21 --> Global POST, GET and COOKIE data sanitized
DEBUG - 2022-11-28 09:56:21 --> Config file loaded: /hwonpark/www/application/config/tree.php
DEBUG - 2022-11-28 09:56:21 --> Encryption: Auto-configured driver 'openssl'.
DEBUG - 2022-11-28 09:56:21 --> Encryption class already loaded. Second attempt ignored.
DEBUG - 2022-11-28 09:56:21 --> Total execution time: 0.0418
DEBUG - 2022-11-28 09:56:23 --> UTF-8 Support Enabled
DEBUG - 2022-11-28 09:56:23 --> Global POST, GET and COOKIE data sanitized
DEBUG - 2022-11-28 09:56:23 --> Config file loaded: /hwonpark/www/application/config/tree.php
DEBUG - 2022-11-28 09:56:23 --> Encryption: Auto-configured driver 'openssl'.
DEBUG - 2022-11-28 09:56:23 --> Encryption class already loaded. Second attempt ignored.
DEBUG - 2022-11-28 09:56:23 --> Total execution time: 0.0401
DEBUG - 2022-11-28 09:56:30 --> UTF-8 Support Enabled
DEBUG - 2022-11-28 09:56:30 --> Global POST, GET and COOKIE data sanitized
DEBUG - 2022-11-28 09:56:30 --> Total execution time: 0.0216
DEBUG - 2022-11-28 09:56:31 --> UTF-8 Support Enabled
DEBUG - 2022-11-28 09:56:31 --> Global POST, GET and COOKIE data sanitized
DEBUG - 2022-11-28 09:56:31 --> Config file loaded: /hwonpark/www/application/config/tree.php
DEBUG - 2022-11-28 09:56:31 --> Encryption: Auto-configured driver 'openssl'.
DEBUG - 2022-11-28 09:56:31 --> Encryption class already loaded. Second attempt ignored.
DEBUG - 2022-11-28 09:56:31 --> Total execution time: 0.0324
DEBUG - 2022-11-28 09:57:34 --> UTF-8 Support Enabled
DEBUG - 2022-11-28 09:57:34 --> Global POST, GET and COOKIE data sanitized
DEBUG - 2022-11-28 09:57:34 --> Config file loaded: /hwonpark/www/application/config/tree.php
DEBUG - 2022-11-28 09:57:34 --> Encryption: Auto-configured driver 'openssl'.
DEBUG - 2022-11-28 09:57:34 --> Encryption class already loaded. Second attempt ignored.
DEBUG - 2022-11-28 09:57:34 --> Total execution time: 0.0678
DEBUG - 2022-11-28 09:59:47 --> UTF-8 Support Enabled
DEBUG - 2022-11-28 09:59:47 --> Global POST, GET and COOKIE data sanitized
DEBUG - 2022-11-28 09:59:47 --> Config file loaded: /hwonpark/www/application/config/tree.php
DEBUG - 2022-11-28 09:59:47 --> Encryption: Auto-configured driver 'openssl'.
DEBUG - 2022-11-28 09:59:47 --> Encryption class already loaded. Second attempt ignored.
DEBUG - 2022-11-28 09:59:47 --> Total execution time: 0.0481
DEBUG - 2022-11-28 09:59:50 --> UTF-8 Support Enabled
DEBUG - 2022-11-28 09:59:50 --> Global POST, GET and COOKIE data sanitized
DEBUG - 2022-11-28 09:59:50 --> Config file loaded: /hwonpark/www/application/config/tree.php
DEBUG - 2022-11-28 09:59:50 --> Encryption: Auto-configured driver 'openssl'.
DEBUG - 2022-11-28 09:59:50 --> Encryption class already loaded. Second attempt ignored.
DEBUG - 2022-11-28 09:59:50 --> Total execution time: 0.0373
DEBUG - 2022-11-28 09:59:52 --> UTF-8 Support Enabled
DEBUG - 2022-11-28 09:59:52 --> Global POST, GET and COOKIE data sanitized
DEBUG - 2022-11-28 09:59:52 --> Config file loaded: /hwonpark/www/application/config/tree.php
DEBUG - 2022-11-28 09:59:52 --> Encryption: Auto-configured driver 'openssl'.
DEBUG - 2022-11-28 09:59:52 --> Encryption class already loaded. Second attempt ignored.
DEBUG - 2022-11-28 09:59:52 --> Total execution time: 0.0603
DEBUG - 2022-11-28 09:59:54 --> UTF-8 Support Enabled
DEBUG - 2022-11-28 09:59:54 --> Global POST, GET and COOKIE data sanitized
DEBUG - 2022-11-28 09:59:54 --> Config file loaded: /hwonpark/www/application/config/tree.php
DEBUG - 2022-11-28 09:59:54 --> Encryption: Auto-configured driver 'openssl'.
DEBUG - 2022-11-28 09:59:54 --> Encryption class already loaded. Second attempt ignored.
DEBUG - 2022-11-28 09:59:54 --> Total execution time: 0.0378
DEBUG - 2022-11-28 09:59:56 --> UTF-8 Support Enabled
DEBUG - 2022-11-28 09:59:56 --> Global POST, GET and COOKIE data sanitized
DEBUG - 2022-11-28 09:59:56 --> Config file loaded: /hwonpark/www/application/config/tree.php
DEBUG - 2022-11-28 09:59:56 --> Encryption: Auto-configured driver 'openssl'.
DEBUG - 2022-11-28 09:59:56 --> Encryption class already loaded. Second attempt ignored.
DEBUG - 2022-11-28 09:59:56 --> Total execution time: 0.0497
DEBUG - 2022-11-28 10:20:17 --> UTF-8 Support Enabled
DEBUG - 2022-11-28 10:20:17 --> Global POST, GET and COOKIE data sanitized
DEBUG - 2022-11-28 10:20:17 --> Config file loaded: /hwonpark/www/application/config/tree.php
DEBUG - 2022-11-28 10:20:17 --> Total execution time: 0.0323
DEBUG - 2022-11-28 10:20:20 --> UTF-8 Support Enabled
DEBUG - 2022-11-28 10:20:20 --> Global POST, GET and COOKIE data sanitized
DEBUG - 2022-11-28 10:20:20 --> Config file loaded: /hwonpark/www/application/config/tree.php
DEBUG - 2022-11-28 10:20:21 --> Total execution time: 0.0886
DEBUG - 2022-11-28 10:20:30 --> UTF-8 Support Enabled
DEBUG - 2022-11-28 10:20:30 --> Global POST, GET and COOKIE data sanitized
DEBUG - 2022-11-28 10:20:30 --> Config file loaded: /hwonpark/www/application/config/tree.php
DEBUG - 2022-11-28 10:20:32 --> UTF-8 Support Enabled
DEBUG - 2022-11-28 10:20:32 --> Global POST, GET and COOKIE data sanitized
DEBUG - 2022-11-28 10:20:32 --> Config file loaded: /hwonpark/www/application/config/tree.php
DEBUG - 2022-11-28 10:20:32 --> Total execution time: 0.0273
DEBUG - 2022-11-28 10:20:35 --> UTF-8 Support Enabled
DEBUG - 2022-11-28 10:20:35 --> Global POST, GET and COOKIE data sanitized
DEBUG - 2022-11-28 10:20:35 --> Config file loaded: /hwonpark/www/application/config/tree.php
DEBUG - 2022-11-28 10:20:35 --> Total execution time: 0.0362
DEBUG - 2022-11-28 10:20:40 --> UTF-8 Support Enabled
DEBUG - 2022-11-28 10:20:40 --> Global POST, GET and COOKIE data sanitized
DEBUG - 2022-11-28 10:20:40 --> Config file loaded: /hwonpark/www/application/config/tree.php
DEBUG - 2022-11-28 10:20:41 --> UTF-8 Support Enabled
DEBUG - 2022-11-28 10:20:41 --> Global POST, GET and COOKIE data sanitized
DEBUG - 2022-11-28 10:20:41 --> Config file loaded: /hwonpark/www/application/config/tree.php
DEBUG - 2022-11-28 10:20:42 --> Encryption: Auto-configured driver 'openssl'.
DEBUG - 2022-11-28 10:20:42 --> UTF-8 Support Enabled
DEBUG - 2022-11-28 10:20:42 --> Global POST, GET and COOKIE data sanitized
DEBUG - 2022-11-28 10:20:42 --> Config file loaded: /hwonpark/www/application/config/tree.php
DEBUG - 2022-11-28 10:20:42 --> Encryption: Auto-configured driver 'openssl'.
DEBUG - 2022-11-28 10:20:42 --> Encryption class already loaded. Second attempt ignored.
DEBUG - 2022-11-28 10:20:42 --> Total execution time: 0.0405
DEBUG - 2022-11-28 10:20:43 --> UTF-8 Support Enabled
DEBUG - 2022-11-28 10:20:43 --> Global POST, GET and COOKIE data sanitized
DEBUG - 2022-11-28 10:20:43 --> Config file loaded: /hwonpark/www/application/config/tree.php
DEBUG - 2022-11-28 10:20:43 --> Encryption: Auto-configured driver 'openssl'.
DEBUG - 2022-11-28 10:20:43 --> Total execution time: 0.0388
DEBUG - 2022-11-28 10:20:47 --> UTF-8 Support Enabled
DEBUG - 2022-11-28 10:20:47 --> Global POST, GET and COOKIE data sanitized
DEBUG - 2022-11-28 10:20:47 --> Config file loaded: /hwonpark/www/application/config/tree.php
DEBUG - 2022-11-28 10:20:47 --> Encryption: Auto-configured driver 'openssl'.
DEBUG - 2022-11-28 10:20:47 --> Total execution time: 0.0323
DEBUG - 2022-11-28 10:20:49 --> UTF-8 Support Enabled
DEBUG - 2022-11-28 10:20:49 --> Global POST, GET and COOKIE data sanitized
DEBUG - 2022-11-28 10:20:49 --> Config file loaded: /hwonpark/www/application/config/tree.php
DEBUG - 2022-11-28 10:20:49 --> Encryption: Auto-configured driver 'openssl'.
DEBUG - 2022-11-28 10:20:49 --> Total execution time: 0.0680
DEBUG - 2022-11-28 10:20:55 --> UTF-8 Support Enabled
DEBUG - 2022-11-28 10:20:55 --> Global POST, GET and COOKIE data sanitized
DEBUG - 2022-11-28 10:20:55 --> Config file loaded: /hwonpark/www/application/config/tree.php
DEBUG - 2022-11-28 10:20:55 --> Encryption: Auto-configured driver 'openssl'.
DEBUG - 2022-11-28 10:20:55 --> Total execution time: 0.0737
DEBUG - 2022-11-28 10:31:02 --> UTF-8 Support Enabled
DEBUG - 2022-11-28 10:31:02 --> Global POST, GET and COOKIE data sanitized
DEBUG - 2022-11-28 10:31:02 --> Config file loaded: /hwonpark/www/application/config/tree.php
DEBUG - 2022-11-28 10:31:02 --> Total execution time: 0.0442
DEBUG - 2022-11-28 10:31:09 --> UTF-8 Support Enabled
DEBUG - 2022-11-28 10:31:09 --> Global POST, GET and COOKIE data sanitized
DEBUG - 2022-11-28 10:31:09 --> Config file loaded: /hwonpark/www/application/config/tree.php
DEBUG - 2022-11-28 10:31:09 --> Total execution time: 0.0373
DEBUG - 2022-11-28 10:31:48 --> UTF-8 Support Enabled
DEBUG - 2022-11-28 10:31:48 --> Global POST, GET and COOKIE data sanitized
DEBUG - 2022-11-28 10:31:48 --> Config file loaded: /hwonpark/www/application/config/tree.php
DEBUG - 2022-11-28 10:31:49 --> UTF-8 Support Enabled
DEBUG - 2022-11-28 10:31:49 --> Global POST, GET and COOKIE data sanitized
DEBUG - 2022-11-28 10:31:49 --> Config file loaded: /hwonpark/www/application/config/tree.php
DEBUG - 2022-11-28 10:31:49 --> Encryption: Auto-configured driver 'openssl'.
DEBUG - 2022-11-28 10:31:49 --> UTF-8 Support Enabled
DEBUG - 2022-11-28 10:31:49 --> Global POST, GET and COOKIE data sanitized
DEBUG - 2022-11-28 10:31:49 --> Config file loaded: /hwonpark/www/application/config/tree.php
DEBUG - 2022-11-28 10:31:49 --> Encryption: Auto-configured driver 'openssl'.
DEBUG - 2022-11-28 10:31:49 --> Encryption class already loaded. Second attempt ignored.
DEBUG - 2022-11-28 10:31:49 --> Total execution time: 0.0531
DEBUG - 2022-11-28 10:31:51 --> UTF-8 Support Enabled
DEBUG - 2022-11-28 10:31:51 --> Global POST, GET and COOKIE data sanitized
DEBUG - 2022-11-28 10:31:51 --> Config file loaded: /hwonpark/www/application/config/tree.php
DEBUG - 2022-11-28 10:31:51 --> Encryption: Auto-configured driver 'openssl'.
DEBUG - 2022-11-28 10:31:51 --> Total execution time: 0.0361
DEBUG - 2022-11-28 10:31:53 --> UTF-8 Support Enabled
DEBUG - 2022-11-28 10:31:53 --> Global POST, GET and COOKIE data sanitized
DEBUG - 2022-11-28 10:31:53 --> Config file loaded: /hwonpark/www/application/config/tree.php
DEBUG - 2022-11-28 10:31:53 --> Encryption: Auto-configured driver 'openssl'.
DEBUG - 2022-11-28 10:31:53 --> Total execution time: 0.0743
DEBUG - 2022-11-28 10:31:55 --> UTF-8 Support Enabled
DEBUG - 2022-11-28 10:31:55 --> Global POST, GET and COOKIE data sanitized
DEBUG - 2022-11-28 10:31:55 --> Config file loaded: /hwonpark/www/application/config/tree.php
DEBUG - 2022-11-28 10:31:55 --> Encryption: Auto-configured driver 'openssl'.
DEBUG - 2022-11-28 10:31:55 --> Total execution time: 0.0442
DEBUG - 2022-11-28 10:33:53 --> UTF-8 Support Enabled
DEBUG - 2022-11-28 10:33:53 --> Global POST, GET and COOKIE data sanitized
DEBUG - 2022-11-28 10:33:53 --> Config file loaded: /hwonpark/www/application/config/tree.php
DEBUG - 2022-11-28 10:33:53 --> Encryption: Auto-configured driver 'openssl'.
DEBUG - 2022-11-28 10:33:55 --> UTF-8 Support Enabled
DEBUG - 2022-11-28 10:33:55 --> Global POST, GET and COOKIE data sanitized
DEBUG - 2022-11-28 10:33:55 --> Config file loaded: /hwonpark/www/application/config/tree.php
DEBUG - 2022-11-28 10:33:55 --> Encryption: Auto-configured driver 'openssl'.
DEBUG - 2022-11-28 10:33:55 --> Total execution time: 0.0645
DEBUG - 2022-11-28 10:33:56 --> UTF-8 Support Enabled
DEBUG - 2022-11-28 10:33:56 --> Global POST, GET and COOKIE data sanitized
DEBUG - 2022-11-28 10:33:56 --> Config file loaded: /hwonpark/www/application/config/tree.php
DEBUG - 2022-11-28 10:33:56 --> Encryption: Auto-configured driver 'openssl'.
DEBUG - 2022-11-28 10:33:56 --> Total execution time: 0.0398
DEBUG - 2022-11-28 10:33:58 --> UTF-8 Support Enabled
DEBUG - 2022-11-28 10:33:58 --> Global POST, GET and COOKIE data sanitized
DEBUG - 2022-11-28 10:33:58 --> Config file loaded: /hwonpark/www/application/config/tree.php
DEBUG - 2022-11-28 10:33:58 --> Encryption: Auto-configured driver 'openssl'.
DEBUG - 2022-11-28 10:33:58 --> Total execution time: 0.0880
DEBUG - 2022-11-28 10:34:01 --> UTF-8 Support Enabled
DEBUG - 2022-11-28 10:34:01 --> Global POST, GET and COOKIE data sanitized
DEBUG - 2022-11-28 10:34:01 --> Config file loaded: /hwonpark/www/application/config/tree.php
DEBUG - 2022-11-28 10:34:01 --> Encryption: Auto-configured driver 'openssl'.
DEBUG - 2022-11-28 10:34:01 --> Total execution time: 0.0438
DEBUG - 2022-11-28 10:34:05 --> UTF-8 Support Enabled
DEBUG - 2022-11-28 10:34:05 --> Global POST, GET and COOKIE data sanitized
DEBUG - 2022-11-28 10:34:05 --> Config file loaded: /hwonpark/www/application/config/tree.php
DEBUG - 2022-11-28 10:34:05 --> Encryption: Auto-configured driver 'openssl'.
DEBUG - 2022-11-28 10:34:05 --> Total execution time: 0.0492
DEBUG - 2022-11-28 10:34:07 --> UTF-8 Support Enabled
DEBUG - 2022-11-28 10:34:07 --> Global POST, GET and COOKIE data sanitized
DEBUG - 2022-11-28 10:34:07 --> Config file loaded: /hwonpark/www/application/config/tree.php
DEBUG - 2022-11-28 10:34:07 --> Encryption: Auto-configured driver 'openssl'.
DEBUG - 2022-11-28 10:34:07 --> Total execution time: 0.0464
DEBUG - 2022-11-28 10:37:56 --> UTF-8 Support Enabled
DEBUG - 2022-11-28 10:37:56 --> Global POST, GET and COOKIE data sanitized
DEBUG - 2022-11-28 10:37:56 --> Config file loaded: /hwonpark/www/application/config/tree.php
DEBUG - 2022-11-28 10:37:56 --> Encryption: Auto-configured driver 'openssl'.
DEBUG - 2022-11-28 10:37:56 --> UTF-8 Support Enabled
DEBUG - 2022-11-28 10:37:56 --> Global POST, GET and COOKIE data sanitized
DEBUG - 2022-11-28 10:37:56 --> Config file loaded: /hwonpark/www/application/config/tree.php
DEBUG - 2022-11-28 10:37:56 --> Encryption: Auto-configured driver 'openssl'.
DEBUG - 2022-11-28 10:37:56 --> Total execution time: 0.0377
DEBUG - 2022-11-28 10:44:39 --> UTF-8 Support Enabled
DEBUG - 2022-11-28 10:44:39 --> Global POST, GET and COOKIE data sanitized
DEBUG - 2022-11-28 10:44:39 --> Config file loaded: /hwonpark/www/application/config/tree.php
DEBUG - 2022-11-28 10:44:39 --> Encryption: Auto-configured driver 'openssl'.
DEBUG - 2022-11-28 10:44:39 --> Total execution time: 0.0707
DEBUG - 2022-11-28 10:44:44 --> UTF-8 Support Enabled
DEBUG - 2022-11-28 10:44:44 --> Global POST, GET and COOKIE data sanitized
DEBUG - 2022-11-28 10:44:44 --> Config file loaded: /hwonpark/www/application/config/tree.php
DEBUG - 2022-11-28 10:44:44 --> Encryption: Auto-configured driver 'openssl'.
DEBUG - 2022-11-28 10:44:44 --> Total execution time: 0.0537
DEBUG - 2022-11-28 10:45:11 --> UTF-8 Support Enabled
DEBUG - 2022-11-28 10:45:11 --> No URI present. Default controller set.
DEBUG - 2022-11-28 10:45:11 --> Global POST, GET and COOKIE data sanitized
DEBUG - 2022-11-28 10:45:11 --> Config file loaded: /hwonpark/www/application/config/tree.php
DEBUG - 2022-11-28 10:45:11 --> Total execution time: 0.0302
DEBUG - 2022-11-28 10:45:11 --> UTF-8 Support Enabled
DEBUG - 2022-11-28 10:45:11 --> No URI present. Default controller set.
DEBUG - 2022-11-28 10:45:11 --> Global POST, GET and COOKIE data sanitized
DEBUG - 2022-11-28 10:45:11 --> Config file loaded: /hwonpark/www/application/config/tree.php
DEBUG - 2022-11-28 10:45:11 --> Total execution time: 0.0317
DEBUG - 2022-11-28 10:45:12 --> UTF-8 Support Enabled
DEBUG - 2022-11-28 10:45:12 --> Global POST, GET and COOKIE data sanitized
ERROR - 2022-11-28 10:45:12 --> 404 Page Not Found: Faviconico/index
DEBUG - 2022-11-28 10:45:13 --> UTF-8 Support Enabled
DEBUG - 2022-11-28 10:45:13 --> No URI present. Default controller set.
DEBUG - 2022-11-28 10:45:13 --> Global POST, GET and COOKIE data sanitized
DEBUG - 2022-11-28 10:45:13 --> Config file loaded: /hwonpark/www/application/config/tree.php
DEBUG - 2022-11-28 10:45:13 --> Total execution time: 0.0278
DEBUG - 2022-11-28 10:45:21 --> UTF-8 Support Enabled
DEBUG - 2022-11-28 10:45:21 --> No URI present. Default controller set.
DEBUG - 2022-11-28 10:45:21 --> Global POST, GET and COOKIE data sanitized
DEBUG - 2022-11-28 10:45:21 --> Config file loaded: /hwonpark/www/application/config/tree.php
DEBUG - 2022-11-28 10:45:21 --> Total execution time: 0.0279
DEBUG - 2022-11-28 10:45:31 --> UTF-8 Support Enabled
DEBUG - 2022-11-28 10:45:31 --> Global POST, GET and COOKIE data sanitized
DEBUG - 2022-11-28 10:45:31 --> Config file loaded: /hwonpark/www/application/config/tree.php
DEBUG - 2022-11-28 10:45:31 --> Encryption: Auto-configured driver 'openssl'.
DEBUG - 2022-11-28 10:45:31 --> UTF-8 Support Enabled
DEBUG - 2022-11-28 10:45:31 --> Global POST, GET and COOKIE data sanitized
DEBUG - 2022-11-28 10:45:31 --> Config file loaded: /hwonpark/www/application/config/tree.php
DEBUG - 2022-11-28 10:45:31 --> Encryption: Auto-configured driver 'openssl'.
DEBUG - 2022-11-28 10:45:31 --> Total execution time: 0.0365
DEBUG - 2022-11-28 10:46:35 --> UTF-8 Support Enabled
DEBUG - 2022-11-28 10:46:35 --> No URI present. Default controller set.
DEBUG - 2022-11-28 10:46:35 --> Global POST, GET and COOKIE data sanitized
DEBUG - 2022-11-28 10:46:35 --> Config file loaded: /hwonpark/www/application/config/tree.php
DEBUG - 2022-11-28 10:46:35 --> Total execution time: 0.0527
DEBUG - 2022-11-28 10:52:05 --> UTF-8 Support Enabled
DEBUG - 2022-11-28 10:52:05 --> Global POST, GET and COOKIE data sanitized
DEBUG - 2022-11-28 10:52:05 --> Config file loaded: /hwonpark/www/application/config/tree.php
DEBUG - 2022-11-28 10:52:05 --> Encryption: Auto-configured driver 'openssl'.
DEBUG - 2022-11-28 10:52:05 --> Total execution time: 0.0420
DEBUG - 2022-11-28 10:52:09 --> UTF-8 Support Enabled
DEBUG - 2022-11-28 10:52:09 --> Global POST, GET and COOKIE data sanitized
DEBUG - 2022-11-28 10:52:09 --> Config file loaded: /hwonpark/www/application/config/tree.php
DEBUG - 2022-11-28 10:52:10 --> Encryption: Auto-configured driver 'openssl'.
DEBUG - 2022-11-28 10:52:10 --> UTF-8 Support Enabled
DEBUG - 2022-11-28 10:52:10 --> Global POST, GET and COOKIE data sanitized
DEBUG - 2022-11-28 10:52:10 --> Config file loaded: /hwonpark/www/application/config/tree.php
DEBUG - 2022-11-28 10:52:10 --> Encryption: Auto-configured driver 'openssl'.
DEBUG - 2022-11-28 10:52:10 --> Encryption class already loaded. Second attempt ignored.
DEBUG - 2022-11-28 10:52:10 --> Total execution time: 0.0374
DEBUG - 2022-11-28 10:52:11 --> UTF-8 Support Enabled
DEBUG - 2022-11-28 10:52:11 --> Global POST, GET and COOKIE data sanitized
DEBUG - 2022-11-28 10:52:11 --> Config file loaded: /hwonpark/www/application/config/tree.php
DEBUG - 2022-11-28 10:52:11 --> Encryption: Auto-configured driver 'openssl'.
DEBUG - 2022-11-28 10:52:11 --> Total execution time: 0.0705
DEBUG - 2022-11-28 10:52:12 --> UTF-8 Support Enabled
DEBUG - 2022-11-28 10:52:12 --> Global POST, GET and COOKIE data sanitized
DEBUG - 2022-11-28 10:52:12 --> Config file loaded: /hwonpark/www/application/config/tree.php
DEBUG - 2022-11-28 10:52:12 --> Encryption: Auto-configured driver 'openssl'.
DEBUG - 2022-11-28 10:52:12 --> Total execution time: 0.0376
DEBUG - 2022-11-28 10:52:14 --> UTF-8 Support Enabled
DEBUG - 2022-11-28 10:52:14 --> Global POST, GET and COOKIE data sanitized
DEBUG - 2022-11-28 10:52:14 --> Config file loaded: /hwonpark/www/application/config/tree.php
DEBUG - 2022-11-28 10:52:14 --> Encryption: Auto-configured driver 'openssl'.
DEBUG - 2022-11-28 10:52:14 --> Total execution time: 0.0552
DEBUG - 2022-11-28 10:52:59 --> UTF-8 Support Enabled
DEBUG - 2022-11-28 10:52:59 --> Global POST, GET and COOKIE data sanitized
DEBUG - 2022-11-28 10:53:00 --> Config file loaded: /hwonpark/www/application/config/tree.php
DEBUG - 2022-11-28 10:53:00 --> Encryption: Auto-configured driver 'openssl'.
DEBUG - 2022-11-28 10:53:01 --> UTF-8 Support Enabled
DEBUG - 2022-11-28 10:53:01 --> Global POST, GET and COOKIE data sanitized
DEBUG - 2022-11-28 10:53:01 --> Config file loaded: /hwonpark/www/application/config/tree.php
DEBUG - 2022-11-28 10:53:01 --> Encryption: Auto-configured driver 'openssl'.
DEBUG - 2022-11-28 10:53:01 --> Total execution time: 0.0696
DEBUG - 2022-11-28 10:53:28 --> UTF-8 Support Enabled
DEBUG - 2022-11-28 10:53:28 --> Global POST, GET and COOKIE data sanitized
DEBUG - 2022-11-28 10:53:28 --> Config file loaded: /hwonpark/www/application/config/tree.php
DEBUG - 2022-11-28 10:53:28 --> Encryption: Auto-configured driver 'openssl'.
DEBUG - 2022-11-28 10:53:28 --> Total execution time: 0.0570
DEBUG - 2022-11-28 10:53:57 --> UTF-8 Support Enabled
DEBUG - 2022-11-28 10:53:57 --> Global POST, GET and COOKIE data sanitized
DEBUG - 2022-11-28 10:53:57 --> Config file loaded: /hwonpark/www/application/config/tree.php
DEBUG - 2022-11-28 10:53:57 --> Encryption: Auto-configured driver 'openssl'.
DEBUG - 2022-11-28 10:53:59 --> UTF-8 Support Enabled
DEBUG - 2022-11-28 10:53:59 --> Global POST, GET and COOKIE data sanitized
DEBUG - 2022-11-28 10:53:59 --> Config file loaded: /hwonpark/www/application/config/tree.php
DEBUG - 2022-11-28 10:53:59 --> Encryption: Auto-configured driver 'openssl'.
DEBUG - 2022-11-28 10:53:59 --> Total execution time: 0.0380
DEBUG - 2022-11-28 10:55:01 --> UTF-8 Support Enabled
DEBUG - 2022-11-28 10:55:01 --> Global POST, GET and COOKIE data sanitized
DEBUG - 2022-11-28 10:55:01 --> Config file loaded: /hwonpark/www/application/config/tree.php
DEBUG - 2022-11-28 10:55:01 --> Encryption: Auto-configured driver 'openssl'.
DEBUG - 2022-11-28 10:55:01 --> Total execution time: 0.0466
DEBUG - 2022-11-28 10:55:19 --> UTF-8 Support Enabled
DEBUG - 2022-11-28 10:55:19 --> Global POST, GET and COOKIE data sanitized
DEBUG - 2022-11-28 10:55:19 --> Config file loaded: /hwonpark/www/application/config/tree.php
DEBUG - 2022-11-28 10:55:19 --> Encryption: Auto-configured driver 'openssl'.
DEBUG - 2022-11-28 10:55:21 --> UTF-8 Support Enabled
DEBUG - 2022-11-28 10:55:21 --> Global POST, GET and COOKIE data sanitized
DEBUG - 2022-11-28 10:55:21 --> Config file loaded: /hwonpark/www/application/config/tree.php
DEBUG - 2022-11-28 10:55:21 --> Encryption: Auto-configured driver 'openssl'.
DEBUG - 2022-11-28 10:55:21 --> Total execution time: 0.0414
DEBUG - 2022-11-28 10:59:59 --> UTF-8 Support Enabled
DEBUG - 2022-11-28 10:59:59 --> No URI present. Default controller set.
DEBUG - 2022-11-28 10:59:59 --> Global POST, GET and COOKIE data sanitized
DEBUG - 2022-11-28 10:59:59 --> Config file loaded: /hwonpark/www/application/config/tree.php
DEBUG - 2022-11-28 10:59:59 --> Total execution time: 0.0641
DEBUG - 2022-11-28 10:59:59 --> UTF-8 Support Enabled
DEBUG - 2022-11-28 11:00:00 --> Global POST, GET and COOKIE data sanitized
ERROR - 2022-11-28 11:00:00 --> 404 Page Not Found: Faviconico/index
DEBUG - 2022-11-28 11:00:20 --> UTF-8 Support Enabled
DEBUG - 2022-11-28 11:00:20 --> Global POST, GET and COOKIE data sanitized
DEBUG - 2022-11-28 11:00:20 --> Config file loaded: /hwonpark/www/application/config/tree.php
DEBUG - 2022-11-28 11:00:20 --> --------------------DC_common::chk_perm - 1.인가코드요청 시작 -> if 인앱브라우저
DEBUG - 2022-11-28 11:00:21 --> UTF-8 Support Enabled
DEBUG - 2022-11-28 11:00:21 --> Global POST, GET and COOKIE data sanitized
DEBUG - 2022-11-28 11:00:21 --> Config file loaded: /hwonpark/www/application/config/tree.php
DEBUG - 2022-11-28 11:00:21 --> =================== DL_auth-> oauth::CALLBACK - 시작
DEBUG - 2022-11-28 11:00:21 --> =================== DL_auth-> oauth::CALLBACK - kakao param=:: error=
DEBUG - 2022-11-28 11:00:21 --> =================== DL_auth-> oauth::CALLBACK - kakao param=:: state=/ko/brief/view?idx=35
DEBUG - 2022-11-28 11:00:21 --> =================== DL_auth-> oauth::CALLBACK - kakao param=:: code=Zoo5KCOTwtGzlorZWHjwP0rJDqLh9ojawqvzmDFiJ5z7joAglVowW75Y0FxZ07WSOTmNLQo9cxgAAAGEu_bAjQ
DEBUG - 2022-11-28 11:00:21 --> =================== DL_auth -> kakao oauth :2: code=Zoo5KCOTwtGzlorZWHjwP0rJDqLh9ojawqvzmDFiJ5z7joAglVowW75Y0FxZ07WSOTmNLQo9cxgAAAGEu_bAjQ
DEBUG - 2022-11-28 11:00:21 --> ====================Dl_auth -> kakao_login :: 시작
DEBUG - 2022-11-28 11:00:21 --> --------------------Dl_auth::kakao_login - 1.토큰요청 시작
DEBUG - 2022-11-28 11:00:21 --> Dl_auth::kakao_login - get_token 시작 n=2
DEBUG - 2022-11-28 11:00:21 --> --------------------Dl_auth::kakao_login - 1.2.토큰요청 시작 -> 기타브라우저
DEBUG - 2022-11-28 11:00:21 --> --------------------Dl_auth::kakao_login - 1.3.토큰요청
DEBUG - 2022-11-28 11:00:21 --> --------------------Dl_auth::kakao_login - 1.4.토큰요청 -> 성공
DEBUG - 2022-11-28 11:00:21 --> UTF-8 Support Enabled
DEBUG - 2022-11-28 11:00:21 --> Global POST, GET and COOKIE data sanitized
DEBUG - 2022-11-28 11:00:21 --> Config file loaded: /hwonpark/www/application/config/tree.php
DEBUG - 2022-11-28 11:00:21 --> =================== DL_auth-> oauth::CALLBACK - 시작
DEBUG - 2022-11-28 11:00:21 --> =================== DL_auth-> oauth::CALLBACK - kakao param=:: error=
DEBUG - 2022-11-28 11:00:21 --> =================== DL_auth-> oauth::CALLBACK - kakao param=:: state=/ko/brief/view?idx=35
DEBUG - 2022-11-28 11:00:21 --> =================== DL_auth-> oauth::CALLBACK - kakao param=:: code=Zoo5KCOTwtGzlorZWHjwP0rJDqLh9ojawqvzmDFiJ5z7joAglVowW75Y0FxZ07WSOTmNLQo9cxgAAAGEu_bAjQ
DEBUG - 2022-11-28 11:00:21 --> =================== DL_auth -> kakao oauth :2: code=Zoo5KCOTwtGzlorZWHjwP0rJDqLh9ojawqvzmDFiJ5z7joAglVowW75Y0FxZ07WSOTmNLQo9cxgAAAGEu_bAjQ
DEBUG - 2022-11-28 11:00:21 --> ====================Dl_auth -> kakao_login :: 시작
DEBUG - 2022-11-28 11:00:21 --> ====================Dl_auth::kakao_login - 1.3.5- 사이트 회원정보 업데이트 성공(카카오 인증 완료) state=/ko/brief/view?idx=35
DEBUG - 2022-11-28 11:00:22 --> UTF-8 Support Enabled
DEBUG - 2022-11-28 11:00:22 --> Global POST, GET and COOKIE data sanitized
DEBUG - 2022-11-28 11:00:22 --> Config file loaded: /hwonpark/www/application/config/tree.php
DEBUG - 2022-11-28 11:00:22 --> Encryption: Auto-configured driver 'openssl'.
DEBUG - 2022-11-28 11:00:22 --> --------------------DC_common::chk_perm - 1.인가코드요청 시작 -> if 인앱브라우저
DEBUG - 2022-11-28 11:00:22 --> Total execution time: 0.0546
DEBUG - 2022-11-28 11:01:13 --> UTF-8 Support Enabled
DEBUG - 2022-11-28 11:01:13 --> Global POST, GET and COOKIE data sanitized
DEBUG - 2022-11-28 11:01:13 --> Config file loaded: /hwonpark/www/application/config/tree.php
DEBUG - 2022-11-28 11:01:13 --> Encryption: Auto-configured driver 'openssl'.
DEBUG - 2022-11-28 11:01:13 --> --------------------DC_common::chk_perm - 1.인가코드요청 시작 -> if 인앱브라우저
DEBUG - 2022-11-28 11:01:13 --> Total execution time: 0.0806
DEBUG - 2022-11-28 11:01:13 --> UTF-8 Support Enabled
DEBUG - 2022-11-28 11:01:13 --> No URI present. Default controller set.
DEBUG - 2022-11-28 11:01:13 --> Global POST, GET and COOKIE data sanitized
DEBUG - 2022-11-28 11:01:13 --> Config file loaded: /hwonpark/www/application/config/tree.php
DEBUG - 2022-11-28 11:01:13 --> Encryption: Auto-configured driver 'openssl'.
DEBUG - 2022-11-28 11:01:13 --> Total execution time: 0.0279
DEBUG - 2022-11-28 11:10:13 --> UTF-8 Support Enabled
DEBUG - 2022-11-28 11:10:13 --> Global POST, GET and COOKIE data sanitized
DEBUG - 2022-11-28 11:10:13 --> Config file loaded: /hwonpark/www/application/config/tree.php
DEBUG - 2022-11-28 11:10:15 --> UTF-8 Support Enabled
DEBUG - 2022-11-28 11:10:15 --> No URI present. Default controller set.
DEBUG - 2022-11-28 11:10:15 --> Global POST, GET and COOKIE data sanitized
DEBUG - 2022-11-28 11:10:15 --> Config file loaded: /hwonpark/www/application/config/tree.php
DEBUG - 2022-11-28 11:10:15 --> Total execution time: 0.0322
DEBUG - 2022-11-28 11:10:18 --> UTF-8 Support Enabled
DEBUG - 2022-11-28 11:10:18 --> Global POST, GET and COOKIE data sanitized
DEBUG - 2022-11-28 11:10:18 --> Config file loaded: /hwonpark/www/application/config/tree.php
DEBUG - 2022-11-28 11:10:18 --> Total execution time: 0.0447
DEBUG - 2022-11-28 11:10:23 --> UTF-8 Support Enabled
DEBUG - 2022-11-28 11:10:23 --> Global POST, GET and COOKIE data sanitized
DEBUG - 2022-11-28 11:10:23 --> Config file loaded: /hwonpark/www/application/config/tree.php
DEBUG - 2022-11-28 11:10:24 --> UTF-8 Support Enabled
DEBUG - 2022-11-28 11:10:24 --> Global POST, GET and COOKIE data sanitized
DEBUG - 2022-11-28 11:10:24 --> Config file loaded: /hwonpark/www/application/config/tree.php
DEBUG - 2022-11-28 11:10:24 --> Encryption: Auto-configured driver 'openssl'.
DEBUG - 2022-11-28 11:10:24 --> UTF-8 Support Enabled
DEBUG - 2022-11-28 11:10:24 --> Global POST, GET and COOKIE data sanitized
DEBUG - 2022-11-28 11:10:24 --> Config file loaded: /hwonpark/www/application/config/tree.php
DEBUG - 2022-11-28 11:10:24 --> Encryption: Auto-configured driver 'openssl'.
DEBUG - 2022-11-28 11:10:24 --> Encryption class already loaded. Second attempt ignored.
DEBUG - 2022-11-28 11:10:24 --> Total execution time: 0.0382
DEBUG - 2022-11-28 11:10:26 --> UTF-8 Support Enabled
DEBUG - 2022-11-28 11:10:26 --> Global POST, GET and COOKIE data sanitized
DEBUG - 2022-11-28 11:10:26 --> Config file loaded: /hwonpark/www/application/config/tree.php
DEBUG - 2022-11-28 11:10:26 --> Encryption: Auto-configured driver 'openssl'.
DEBUG - 2022-11-28 11:10:26 --> Total execution time: 0.0369
DEBUG - 2022-11-28 11:10:28 --> UTF-8 Support Enabled
DEBUG - 2022-11-28 11:10:28 --> Global POST, GET and COOKIE data sanitized
DEBUG - 2022-11-28 11:10:28 --> Config file loaded: /hwonpark/www/application/config/tree.php
DEBUG - 2022-11-28 11:10:28 --> Encryption: Auto-configured driver 'openssl'.
DEBUG - 2022-11-28 11:10:28 --> Total execution time: 0.0495
DEBUG - 2022-11-28 11:10:30 --> UTF-8 Support Enabled
DEBUG - 2022-11-28 11:10:30 --> Global POST, GET and COOKIE data sanitized
DEBUG - 2022-11-28 11:10:30 --> Config file loaded: /hwonpark/www/application/config/tree.php
DEBUG - 2022-11-28 11:10:30 --> Encryption: Auto-configured driver 'openssl'.
DEBUG - 2022-11-28 11:10:30 --> Total execution time: 0.0391
DEBUG - 2022-11-28 11:11:34 --> UTF-8 Support Enabled
DEBUG - 2022-11-28 11:11:34 --> Global POST, GET and COOKIE data sanitized
DEBUG - 2022-11-28 11:11:34 --> Config file loaded: /hwonpark/www/application/config/tree.php
DEBUG - 2022-11-28 11:11:34 --> Encryption: Auto-configured driver 'openssl'.
DEBUG - 2022-11-28 11:11:34 --> Total execution time: 0.0667
DEBUG - 2022-11-28 11:11:39 --> UTF-8 Support Enabled
DEBUG - 2022-11-28 11:11:39 --> Global POST, GET and COOKIE data sanitized
DEBUG - 2022-11-28 11:11:39 --> Config file loaded: /hwonpark/www/application/config/tree.php
DEBUG - 2022-11-28 11:11:39 --> Encryption: Auto-configured driver 'openssl'.
DEBUG - 2022-11-28 11:11:39 --> Total execution time: 0.0622
DEBUG - 2022-11-28 11:11:41 --> UTF-8 Support Enabled
DEBUG - 2022-11-28 11:11:41 --> Global POST, GET and COOKIE data sanitized
DEBUG - 2022-11-28 11:11:41 --> Config file loaded: /hwonpark/www/application/config/tree.php
DEBUG - 2022-11-28 11:11:41 --> Encryption: Auto-configured driver 'openssl'.
DEBUG - 2022-11-28 11:11:41 --> Total execution time: 0.0350
DEBUG - 2022-11-28 11:16:38 --> UTF-8 Support Enabled
DEBUG - 2022-11-28 11:16:38 --> Global POST, GET and COOKIE data sanitized
DEBUG - 2022-11-28 11:16:38 --> Config file loaded: /hwonpark/www/application/config/tree.php
DEBUG - 2022-11-28 11:16:38 --> Encryption: Auto-configured driver 'openssl'.
ERROR - 2022-11-28 11:16:38 --> Could not find the language line "imglib_invalid_image"
ERROR - 2022-11-28 11:16:38 --> imglib_invalid_image
DEBUG - 2022-11-28 11:16:38 --> DL_schema class already loaded. Second attempt ignored.
DEBUG - 2022-11-28 11:16:40 --> UTF-8 Support Enabled
DEBUG - 2022-11-28 11:16:40 --> Global POST, GET and COOKIE data sanitized
DEBUG - 2022-11-28 11:16:40 --> Config file loaded: /hwonpark/www/application/config/tree.php
DEBUG - 2022-11-28 11:16:40 --> Encryption: Auto-configured driver 'openssl'.
DEBUG - 2022-11-28 11:16:40 --> Total execution time: 0.0482
DEBUG - 2022-11-28 11:16:44 --> UTF-8 Support Enabled
DEBUG - 2022-11-28 11:16:44 --> Global POST, GET and COOKIE data sanitized
DEBUG - 2022-11-28 11:16:44 --> Config file loaded: /hwonpark/www/application/config/tree.php
DEBUG - 2022-11-28 11:16:44 --> Encryption: Auto-configured driver 'openssl'.
DEBUG - 2022-11-28 11:16:44 --> Total execution time: 0.0579
DEBUG - 2022-11-28 11:19:24 --> UTF-8 Support Enabled
DEBUG - 2022-11-28 11:19:24 --> Global POST, GET and COOKIE data sanitized
DEBUG - 2022-11-28 11:19:24 --> Config file loaded: /hwonpark/www/application/config/tree.php
DEBUG - 2022-11-28 11:19:24 --> Encryption: Auto-configured driver 'openssl'.
DEBUG - 2022-11-28 11:19:24 --> Total execution time: 0.1096
DEBUG - 2022-11-28 11:21:35 --> UTF-8 Support Enabled
DEBUG - 2022-11-28 11:21:35 --> Global POST, GET and COOKIE data sanitized
DEBUG - 2022-11-28 11:21:35 --> Config file loaded: /hwonpark/www/application/config/tree.php
DEBUG - 2022-11-28 11:21:35 --> Encryption: Auto-configured driver 'openssl'.
DEBUG - 2022-11-28 11:21:35 --> UTF-8 Support Enabled
DEBUG - 2022-11-28 11:21:35 --> Global POST, GET and COOKIE data sanitized
DEBUG - 2022-11-28 11:21:35 --> Config file loaded: /hwonpark/www/application/config/tree.php
DEBUG - 2022-11-28 11:21:35 --> Encryption: Auto-configured driver 'openssl'.
DEBUG - 2022-11-28 11:21:35 --> Total execution time: 0.0454
DEBUG - 2022-11-28 11:22:03 --> UTF-8 Support Enabled
DEBUG - 2022-11-28 11:22:03 --> Global POST, GET and COOKIE data sanitized
DEBUG - 2022-11-28 11:22:03 --> Config file loaded: /hwonpark/www/application/config/tree.php
DEBUG - 2022-11-28 11:22:03 --> Encryption: Auto-configured driver 'openssl'.
DEBUG - 2022-11-28 11:22:03 --> Total execution time: 0.0560
DEBUG - 2022-11-28 11:22:06 --> UTF-8 Support Enabled
DEBUG - 2022-11-28 11:22:06 --> Global POST, GET and COOKIE data sanitized
DEBUG - 2022-11-28 11:22:06 --> Config file loaded: /hwonpark/www/application/config/tree.php
DEBUG - 2022-11-28 11:22:06 --> Encryption: Auto-configured driver 'openssl'.
DEBUG - 2022-11-28 11:22:06 --> Total execution time: 0.0639
DEBUG - 2022-11-28 11:22:08 --> UTF-8 Support Enabled
DEBUG - 2022-11-28 11:22:08 --> Global POST, GET and COOKIE data sanitized
DEBUG - 2022-11-28 11:22:08 --> Config file loaded: /hwonpark/www/application/config/tree.php
DEBUG - 2022-11-28 11:22:08 --> Encryption: Auto-configured driver 'openssl'.
DEBUG - 2022-11-28 11:22:08 --> Total execution time: 0.0322
DEBUG - 2022-11-28 11:28:07 --> UTF-8 Support Enabled
DEBUG - 2022-11-28 11:28:07 --> Global POST, GET and COOKIE data sanitized
DEBUG - 2022-11-28 11:28:07 --> Config file loaded: /hwonpark/www/application/config/tree.php
DEBUG - 2022-11-28 11:28:07 --> Encryption: Auto-configured driver 'openssl'.
ERROR - 2022-11-28 11:28:07 --> Could not find the language line "imglib_invalid_image"
ERROR - 2022-11-28 11:28:07 --> imglib_invalid_image
DEBUG - 2022-11-28 11:28:07 --> DL_schema class already loaded. Second attempt ignored.
DEBUG - 2022-11-28 11:28:08 --> UTF-8 Support Enabled
DEBUG - 2022-11-28 11:28:08 --> Global POST, GET and COOKIE data sanitized
DEBUG - 2022-11-28 11:28:08 --> Config file loaded: /hwonpark/www/application/config/tree.php
DEBUG - 2022-11-28 11:28:08 --> Encryption: Auto-configured driver 'openssl'.
DEBUG - 2022-11-28 11:28:08 --> Total execution time: 0.0443
DEBUG - 2022-11-28 11:30:48 --> UTF-8 Support Enabled
DEBUG - 2022-11-28 11:30:48 --> Global POST, GET and COOKIE data sanitized
DEBUG - 2022-11-28 11:30:48 --> Config file loaded: /hwonpark/www/application/config/tree.php
DEBUG - 2022-11-28 11:30:48 --> Encryption: Auto-configured driver 'openssl'.
DEBUG - 2022-11-28 11:30:48 --> Total execution time: 0.0506
DEBUG - 2022-11-28 11:30:51 --> UTF-8 Support Enabled
DEBUG - 2022-11-28 11:30:51 --> Global POST, GET and COOKIE data sanitized
DEBUG - 2022-11-28 11:30:51 --> Config file loaded: /hwonpark/www/application/config/tree.php
DEBUG - 2022-11-28 11:30:51 --> Encryption: Auto-configured driver 'openssl'.
DEBUG - 2022-11-28 11:30:51 --> Total execution time: 0.0428
DEBUG - 2022-11-28 11:30:56 --> UTF-8 Support Enabled
DEBUG - 2022-11-28 11:30:56 --> Global POST, GET and COOKIE data sanitized
DEBUG - 2022-11-28 11:30:56 --> Config file loaded: /hwonpark/www/application/config/tree.php
DEBUG - 2022-11-28 11:30:56 --> Encryption: Auto-configured driver 'openssl'.
DEBUG - 2022-11-28 11:30:56 --> Total execution time: 0.0458
DEBUG - 2022-11-28 11:39:38 --> UTF-8 Support Enabled
DEBUG - 2022-11-28 11:39:38 --> No URI present. Default controller set.
DEBUG - 2022-11-28 11:39:38 --> Global POST, GET and COOKIE data sanitized
DEBUG - 2022-11-28 11:39:38 --> Config file loaded: /hwonpark/www/application/config/tree.php
DEBUG - 2022-11-28 11:39:38 --> Total execution time: 0.0319
DEBUG - 2022-11-28 11:39:38 --> UTF-8 Support Enabled
DEBUG - 2022-11-28 11:39:38 --> No URI present. Default controller set.
DEBUG - 2022-11-28 11:39:38 --> Global POST, GET and COOKIE data sanitized
DEBUG - 2022-11-28 11:39:38 --> Config file loaded: /hwonpark/www/application/config/tree.php
DEBUG - 2022-11-28 11:39:38 --> Total execution time: 0.0305
DEBUG - 2022-11-28 11:39:38 --> UTF-8 Support Enabled
DEBUG - 2022-11-28 11:39:38 --> No URI present. Default controller set.
DEBUG - 2022-11-28 11:39:38 --> Global POST, GET and COOKIE data sanitized
DEBUG - 2022-11-28 11:39:38 --> Config file loaded: /hwonpark/www/application/config/tree.php
DEBUG - 2022-11-28 11:39:38 --> Total execution time: 0.0610
DEBUG - 2022-11-28 11:58:05 --> UTF-8 Support Enabled
DEBUG - 2022-11-28 11:58:05 --> No URI present. Default controller set.
DEBUG - 2022-11-28 11:58:05 --> Global POST, GET and COOKIE data sanitized
DEBUG - 2022-11-28 11:58:05 --> Config file loaded: /hwonpark/www/application/config/tree.php
DEBUG - 2022-11-28 11:58:05 --> Total execution time: 0.0371
DEBUG - 2022-11-28 13:15:56 --> UTF-8 Support Enabled
DEBUG - 2022-11-28 13:15:56 --> No URI present. Default controller set.
DEBUG - 2022-11-28 13:15:56 --> Global POST, GET and COOKIE data sanitized
DEBUG - 2022-11-28 13:15:56 --> Config file loaded: /hwonpark/www/application/config/tree.php
DEBUG - 2022-11-28 13:15:56 --> Total execution time: 0.0512
DEBUG - 2022-11-28 13:15:56 --> UTF-8 Support Enabled
DEBUG - 2022-11-28 13:15:56 --> Global POST, GET and COOKIE data sanitized
ERROR - 2022-11-28 13:15:56 --> 404 Page Not Found: Faviconico/index
DEBUG - 2022-11-28 13:57:49 --> UTF-8 Support Enabled
DEBUG - 2022-11-28 13:57:49 --> No URI present. Default controller set.
DEBUG - 2022-11-28 13:57:49 --> Global POST, GET and COOKIE data sanitized
DEBUG - 2022-11-28 13:57:49 --> Config file loaded: /hwonpark/www/application/config/tree.php
DEBUG - 2022-11-28 13:57:49 --> Total execution time: 0.0739
DEBUG - 2022-11-28 13:57:50 --> UTF-8 Support Enabled
DEBUG - 2022-11-28 13:57:50 --> Global POST, GET and COOKIE data sanitized
ERROR - 2022-11-28 13:57:50 --> 404 Page Not Found: Faviconico/index
DEBUG - 2022-11-28 15:55:05 --> UTF-8 Support Enabled
DEBUG - 2022-11-28 15:55:05 --> No URI present. Default controller set.
DEBUG - 2022-11-28 15:55:05 --> Global POST, GET and COOKIE data sanitized
DEBUG - 2022-11-28 15:55:05 --> Config file loaded: /hwonpark/www/application/config/tree.php
DEBUG - 2022-11-28 15:55:05 --> Total execution time: 0.0366
DEBUG - 2022-11-28 15:55:06 --> UTF-8 Support Enabled
DEBUG - 2022-11-28 15:55:06 --> No URI present. Default controller set.
DEBUG - 2022-11-28 15:55:06 --> Global POST, GET and COOKIE data sanitized
DEBUG - 2022-11-28 15:55:06 --> Config file loaded: /hwonpark/www/application/config/tree.php
DEBUG - 2022-11-28 15:55:06 --> Total execution time: 0.0331
DEBUG - 2022-11-28 15:55:08 --> UTF-8 Support Enabled
DEBUG - 2022-11-28 15:55:08 --> Global POST, GET and COOKIE data sanitized
DEBUG - 2022-11-28 15:55:08 --> Config file loaded: /hwonpark/www/application/config/tree.php
DEBUG - 2022-11-28 15:55:08 --> Total execution time: 0.0705
DEBUG - 2022-11-28 15:55:12 --> UTF-8 Support Enabled
DEBUG - 2022-11-28 15:55:12 --> Global POST, GET and COOKIE data sanitized
DEBUG - 2022-11-28 15:55:12 --> Config file loaded: /hwonpark/www/application/config/tree.php
DEBUG - 2022-11-28 15:55:12 --> Total execution time: 0.0362
DEBUG - 2022-11-28 15:55:14 --> UTF-8 Support Enabled
DEBUG - 2022-11-28 15:55:14 --> Global POST, GET and COOKIE data sanitized
DEBUG - 2022-11-28 15:55:14 --> Config file loaded: /hwonpark/www/application/config/tree.php
DEBUG - 2022-11-28 15:55:14 --> =================== DL_auth-> oauth::CALLBACK - 시작
DEBUG - 2022-11-28 15:55:14 --> =================== DL_auth-> oauth::CALLBACK - kakao param=:: error=
DEBUG - 2022-11-28 15:55:14 --> =================== DL_auth-> oauth::CALLBACK - kakao param=:: state=
DEBUG - 2022-11-28 15:55:14 --> =================== DL_auth-> oauth::CALLBACK - kakao param=:: code=7RaVb_2vUeQ1yA9qsP6JHM7DO-6U8EjelKoHzr7BNxm902BKnqRVsbnBbRgrQSKTfRF53QorDKYAAAGEvQS4iw
DEBUG - 2022-11-28 15:55:14 --> =================== DL_auth -> kakao oauth :2: code=7RaVb_2vUeQ1yA9qsP6JHM7DO-6U8EjelKoHzr7BNxm902BKnqRVsbnBbRgrQSKTfRF53QorDKYAAAGEvQS4iw
DEBUG - 2022-11-28 15:55:14 --> ====================Dl_auth -> kakao_login :: 시작
DEBUG - 2022-11-28 15:55:14 --> --------------------Dl_auth::kakao_login - 1.토큰요청 시작
DEBUG - 2022-11-28 15:55:14 --> Dl_auth::kakao_login - get_token 시작 n=2
DEBUG - 2022-11-28 15:55:14 --> --------------------Dl_auth::kakao_login - 1.2.토큰요청 시작 -> 기타브라우저
DEBUG - 2022-11-28 15:55:14 --> --------------------Dl_auth::kakao_login - 1.3.토큰요청
DEBUG - 2022-11-28 15:55:14 --> --------------------Dl_auth::kakao_login - 1.4.토큰요청 -> 성공
DEBUG - 2022-11-28 15:55:14 --> UTF-8 Support Enabled
DEBUG - 2022-11-28 15:55:14 --> Global POST, GET and COOKIE data sanitized
DEBUG - 2022-11-28 15:55:14 --> Config file loaded: /hwonpark/www/application/config/tree.php
DEBUG - 2022-11-28 15:55:14 --> =================== DL_auth-> oauth::CALLBACK - 시작
DEBUG - 2022-11-28 15:55:14 --> =================== DL_auth-> oauth::CALLBACK - kakao param=:: error=
DEBUG - 2022-11-28 15:55:14 --> =================== DL_auth-> oauth::CALLBACK - kakao param=:: state=
DEBUG - 2022-11-28 15:55:14 --> =================== DL_auth-> oauth::CALLBACK - kakao param=:: code=7RaVb_2vUeQ1yA9qsP6JHM7DO-6U8EjelKoHzr7BNxm902BKnqRVsbnBbRgrQSKTfRF53QorDKYAAAGEvQS4iw
DEBUG - 2022-11-28 15:55:14 --> =================== DL_auth -> kakao oauth :2: code=7RaVb_2vUeQ1yA9qsP6JHM7DO-6U8EjelKoHzr7BNxm902BKnqRVsbnBbRgrQSKTfRF53QorDKYAAAGEvQS4iw
DEBUG - 2022-11-28 15:55:14 --> ====================Dl_auth -> kakao_login :: 시작
DEBUG - 2022-11-28 15:55:14 --> ====================Dl_auth::kakao_login - 1.3.5- 사이트 회원정보 업데이트 성공(카카오 인증 완료) state=
DEBUG - 2022-11-28 15:55:15 --> UTF-8 Support Enabled
DEBUG - 2022-11-28 15:55:15 --> Global POST, GET and COOKIE data sanitized
DEBUG - 2022-11-28 15:55:15 --> Config file loaded: /hwonpark/www/application/config/tree.php
DEBUG - 2022-11-28 15:55:15 --> Encryption: Auto-configured driver 'openssl'.
DEBUG - 2022-11-28 15:55:15 --> Total execution time: 0.0713
DEBUG - 2022-11-28 15:55:17 --> UTF-8 Support Enabled
DEBUG - 2022-11-28 15:55:17 --> Global POST, GET and COOKIE data sanitized
DEBUG - 2022-11-28 15:55:17 --> Config file loaded: /hwonpark/www/application/config/tree.php
DEBUG - 2022-11-28 15:55:17 --> Encryption: Auto-configured driver 'openssl'.
DEBUG - 2022-11-28 15:55:17 --> Total execution time: 0.0320
DEBUG - 2022-11-28 15:55:20 --> UTF-8 Support Enabled
DEBUG - 2022-11-28 15:55:20 --> Global POST, GET and COOKIE data sanitized
DEBUG - 2022-11-28 15:55:20 --> Config file loaded: /hwonpark/www/application/config/tree.php
DEBUG - 2022-11-28 15:55:20 --> Encryption: Auto-configured driver 'openssl'.
DEBUG - 2022-11-28 15:55:20 --> Total execution time: 0.0611
DEBUG - 2022-11-28 16:11:20 --> UTF-8 Support Enabled
DEBUG - 2022-11-28 16:11:20 --> No URI present. Default controller set.
DEBUG - 2022-11-28 16:11:20 --> Global POST, GET and COOKIE data sanitized
DEBUG - 2022-11-28 16:11:20 --> Config file loaded: /hwonpark/www/application/config/tree.php
DEBUG - 2022-11-28 16:11:20 --> Total execution time: 0.0339
DEBUG - 2022-11-28 16:11:26 --> UTF-8 Support Enabled
DEBUG - 2022-11-28 16:11:26 --> No URI present. Default controller set.
DEBUG - 2022-11-28 16:11:26 --> Global POST, GET and COOKIE data sanitized
DEBUG - 2022-11-28 16:11:26 --> Config file loaded: /hwonpark/www/application/config/tree.php
DEBUG - 2022-11-28 16:11:26 --> Total execution time: 0.0358
DEBUG - 2022-11-28 16:11:28 --> UTF-8 Support Enabled
DEBUG - 2022-11-28 16:11:28 --> Global POST, GET and COOKIE data sanitized
DEBUG - 2022-11-28 16:11:28 --> Config file loaded: /hwonpark/www/application/config/tree.php
DEBUG - 2022-11-28 16:11:29 --> UTF-8 Support Enabled
DEBUG - 2022-11-28 16:11:29 --> Global POST, GET and COOKIE data sanitized
DEBUG - 2022-11-28 16:11:29 --> Config file loaded: /hwonpark/www/application/config/tree.php
DEBUG - 2022-11-28 16:11:29 --> Total execution time: 0.0291
DEBUG - 2022-11-28 16:27:18 --> UTF-8 Support Enabled
DEBUG - 2022-11-28 16:27:18 --> No URI present. Default controller set.
DEBUG - 2022-11-28 16:27:18 --> Global POST, GET and COOKIE data sanitized
DEBUG - 2022-11-28 16:27:18 --> Config file loaded: /hwonpark/www/application/config/tree.php
DEBUG - 2022-11-28 16:27:18 --> Total execution time: 0.0312
DEBUG - 2022-11-28 16:27:24 --> UTF-8 Support Enabled
DEBUG - 2022-11-28 16:27:24 --> Global POST, GET and COOKIE data sanitized
DEBUG - 2022-11-28 16:27:24 --> Config file loaded: /hwonpark/www/application/config/tree.php
DEBUG - 2022-11-28 16:27:24 --> --------------------DC_common::chk_perm - 1.인가코드요청 시작 -> if 인앱브라우저
DEBUG - 2022-11-28 16:27:25 --> UTF-8 Support Enabled
DEBUG - 2022-11-28 16:27:25 --> Global POST, GET and COOKIE data sanitized
DEBUG - 2022-11-28 16:27:25 --> Config file loaded: /hwonpark/www/application/config/tree.php
DEBUG - 2022-11-28 16:27:25 --> =================== DL_auth-> oauth::CALLBACK - 시작
DEBUG - 2022-11-28 16:27:25 --> =================== DL_auth-> oauth::CALLBACK - kakao param=:: error=
DEBUG - 2022-11-28 16:27:25 --> =================== DL_auth-> oauth::CALLBACK - kakao param=:: state=/ko/brief/view?idx=36
DEBUG - 2022-11-28 16:27:25 --> =================== DL_auth-> oauth::CALLBACK - kakao param=:: code=4huZez7xAB2FO3cgfjKDpHYOAHxfVZuAI7VV-yyTHESXJKYSZj4bUuXaGa0gWDwhdQ2LNQo9cpgAAAGEvSIvoQ
DEBUG - 2022-11-28 16:27:25 --> =================== DL_auth -> kakao oauth :2: code=4huZez7xAB2FO3cgfjKDpHYOAHxfVZuAI7VV-yyTHESXJKYSZj4bUuXaGa0gWDwhdQ2LNQo9cpgAAAGEvSIvoQ
DEBUG - 2022-11-28 16:27:25 --> ====================Dl_auth -> kakao_login :: 시작
DEBUG - 2022-11-28 16:27:25 --> --------------------Dl_auth::kakao_login - 1.토큰요청 시작
DEBUG - 2022-11-28 16:27:25 --> Dl_auth::kakao_login - get_token 시작 n=2
DEBUG - 2022-11-28 16:27:25 --> --------------------Dl_auth::kakao_login - 1.2.토큰요청 시작 -> 기타브라우저
DEBUG - 2022-11-28 16:27:25 --> --------------------Dl_auth::kakao_login - 1.3.토큰요청
DEBUG - 2022-11-28 16:27:25 --> --------------------Dl_auth::kakao_login - 1.4.토큰요청 -> 성공
DEBUG - 2022-11-28 16:27:25 --> UTF-8 Support Enabled
DEBUG - 2022-11-28 16:27:25 --> Global POST, GET and COOKIE data sanitized
DEBUG - 2022-11-28 16:27:25 --> Config file loaded: /hwonpark/www/application/config/tree.php
DEBUG - 2022-11-28 16:27:25 --> =================== DL_auth-> oauth::CALLBACK - 시작
DEBUG - 2022-11-28 16:27:25 --> =================== DL_auth-> oauth::CALLBACK - kakao param=:: error=
DEBUG - 2022-11-28 16:27:25 --> =================== DL_auth-> oauth::CALLBACK - kakao param=:: state=/ko/brief/view?idx=36
DEBUG - 2022-11-28 16:27:25 --> =================== DL_auth-> oauth::CALLBACK - kakao param=:: code=4huZez7xAB2FO3cgfjKDpHYOAHxfVZuAI7VV-yyTHESXJKYSZj4bUuXaGa0gWDwhdQ2LNQo9cpgAAAGEvSIvoQ
DEBUG - 2022-11-28 16:27:25 --> =================== DL_auth -> kakao oauth :2: code=4huZez7xAB2FO3cgfjKDpHYOAHxfVZuAI7VV-yyTHESXJKYSZj4bUuXaGa0gWDwhdQ2LNQo9cpgAAAGEvSIvoQ
DEBUG - 2022-11-28 16:27:25 --> ====================Dl_auth -> kakao_login :: 시작
DEBUG - 2022-11-28 16:27:25 --> ====================Dl_auth::kakao_login - 1.3.5- 사이트 회원정보 업데이트 성공(카카오 인증 완료) state=/ko/brief/view?idx=36
DEBUG - 2022-11-28 16:27:25 --> UTF-8 Support Enabled
DEBUG - 2022-11-28 16:27:25 --> Global POST, GET and COOKIE data sanitized
DEBUG - 2022-11-28 16:27:25 --> Config file loaded: /hwonpark/www/application/config/tree.php
DEBUG - 2022-11-28 16:27:25 --> Encryption: Auto-configured driver 'openssl'.
DEBUG - 2022-11-28 16:27:25 --> --------------------DC_common::chk_perm - 1.인가코드요청 시작 -> if 인앱브라우저
DEBUG - 2022-11-28 16:27:25 --> Total execution time: 0.0600
DEBUG - 2022-11-28 17:00:03 --> UTF-8 Support Enabled
DEBUG - 2022-11-28 17:00:03 --> Global POST, GET and COOKIE data sanitized
DEBUG - 2022-11-28 17:00:03 --> Config file loaded: /hwonpark/www/application/config/tree.php
DEBUG - 2022-11-28 17:00:04 --> Total execution time: 0.8465
DEBUG - 2022-11-28 17:00:09 --> UTF-8 Support Enabled
DEBUG - 2022-11-28 17:00:09 --> Global POST, GET and COOKIE data sanitized
DEBUG - 2022-11-28 17:00:09 --> Config file loaded: /hwonpark/www/application/config/tree.php
DEBUG - 2022-11-28 17:00:10 --> UTF-8 Support Enabled
DEBUG - 2022-11-28 17:00:10 --> Global POST, GET and COOKIE data sanitized
DEBUG - 2022-11-28 17:00:10 --> Config file loaded: /hwonpark/www/application/config/tree.php
DEBUG - 2022-11-28 17:00:10 --> Encryption: Auto-configured driver 'openssl'.
DEBUG - 2022-11-28 17:00:10 --> UTF-8 Support Enabled
DEBUG - 2022-11-28 17:00:10 --> Global POST, GET and COOKIE data sanitized
DEBUG - 2022-11-28 17:00:10 --> Config file loaded: /hwonpark/www/application/config/tree.php
DEBUG - 2022-11-28 17:00:10 --> Encryption: Auto-configured driver 'openssl'.
DEBUG - 2022-11-28 17:00:10 --> Encryption class already loaded. Second attempt ignored.
DEBUG - 2022-11-28 17:00:10 --> Total execution time: 0.0533
DEBUG - 2022-11-28 17:00:13 --> UTF-8 Support Enabled
DEBUG - 2022-11-28 17:00:13 --> Global POST, GET and COOKIE data sanitized
DEBUG - 2022-11-28 17:00:13 --> Config file loaded: /hwonpark/www/application/config/tree.php
DEBUG - 2022-11-28 17:00:13 --> Encryption: Auto-configured driver 'openssl'.
DEBUG - 2022-11-28 17:00:14 --> Total execution time: 0.0394
DEBUG - 2022-11-28 17:00:17 --> UTF-8 Support Enabled
DEBUG - 2022-11-28 17:00:17 --> Global POST, GET and COOKIE data sanitized
DEBUG - 2022-11-28 17:00:17 --> Config file loaded: /hwonpark/www/application/config/tree.php
DEBUG - 2022-11-28 17:00:17 --> Encryption: Auto-configured driver 'openssl'.
DEBUG - 2022-11-28 17:00:17 --> Total execution time: 0.0425
DEBUG - 2022-11-28 17:00:20 --> UTF-8 Support Enabled
DEBUG - 2022-11-28 17:00:20 --> Global POST, GET and COOKIE data sanitized
DEBUG - 2022-11-28 17:00:20 --> Config file loaded: /hwonpark/www/application/config/tree.php
DEBUG - 2022-11-28 17:00:20 --> Encryption: Auto-configured driver 'openssl'.
DEBUG - 2022-11-28 17:00:20 --> Total execution time: 0.0335
DEBUG - 2022-11-28 17:00:41 --> UTF-8 Support Enabled
DEBUG - 2022-11-28 17:00:41 --> Global POST, GET and COOKIE data sanitized
DEBUG - 2022-11-28 17:00:41 --> Config file loaded: /hwonpark/www/application/config/tree.php
DEBUG - 2022-11-28 17:00:41 --> Encryption: Auto-configured driver 'openssl'.
DEBUG - 2022-11-28 17:00:41 --> Total execution time: 0.0334
DEBUG - 2022-11-28 17:34:58 --> UTF-8 Support Enabled
DEBUG - 2022-11-28 17:34:58 --> Global POST, GET and COOKIE data sanitized
DEBUG - 2022-11-28 17:34:58 --> Config file loaded: /hwonpark/www/application/config/tree.php
DEBUG - 2022-11-28 17:34:58 --> Total execution time: 0.0326
DEBUG - 2022-11-28 17:34:59 --> UTF-8 Support Enabled
DEBUG - 2022-11-28 17:34:59 --> Global POST, GET and COOKIE data sanitized
ERROR - 2022-11-28 17:34:59 --> 404 Page Not Found: Faviconico/index
DEBUG - 2022-11-28 17:35:15 --> UTF-8 Support Enabled
DEBUG - 2022-11-28 17:35:15 --> Global POST, GET and COOKIE data sanitized
DEBUG - 2022-11-28 17:35:15 --> Config file loaded: /hwonpark/www/application/config/tree.php
DEBUG - 2022-11-28 17:35:17 --> UTF-8 Support Enabled
DEBUG - 2022-11-28 17:35:17 --> Global POST, GET and COOKIE data sanitized
DEBUG - 2022-11-28 17:35:17 --> Config file loaded: /hwonpark/www/application/config/tree.php
DEBUG - 2022-11-28 17:35:17 --> Encryption: Auto-configured driver 'openssl'.
DEBUG - 2022-11-28 17:35:17 --> UTF-8 Support Enabled
DEBUG - 2022-11-28 17:35:17 --> Global POST, GET and COOKIE data sanitized
DEBUG - 2022-11-28 17:35:17 --> Config file loaded: /hwonpark/www/application/config/tree.php
DEBUG - 2022-11-28 17:35:17 --> Encryption: Auto-configured driver 'openssl'.
DEBUG - 2022-11-28 17:35:17 --> Encryption class already loaded. Second attempt ignored.
DEBUG - 2022-11-28 17:35:17 --> Total execution time: 0.0398
DEBUG - 2022-11-28 17:35:19 --> UTF-8 Support Enabled
DEBUG - 2022-11-28 17:35:19 --> Global POST, GET and COOKIE data sanitized
DEBUG - 2022-11-28 17:35:19 --> Config file loaded: /hwonpark/www/application/config/tree.php
DEBUG - 2022-11-28 17:35:19 --> Encryption: Auto-configured driver 'openssl'.
DEBUG - 2022-11-28 17:35:19 --> Total execution time: 0.0523
DEBUG - 2022-11-28 17:36:26 --> UTF-8 Support Enabled
DEBUG - 2022-11-28 17:36:26 --> Global POST, GET and COOKIE data sanitized
DEBUG - 2022-11-28 17:36:26 --> Config file loaded: /hwonpark/www/application/config/tree.php
DEBUG - 2022-11-28 17:36:26 --> Encryption: Auto-configured driver 'openssl'.
DEBUG - 2022-11-28 17:36:26 --> Total execution time: 0.0450
DEBUG - 2022-11-28 17:36:28 --> UTF-8 Support Enabled
DEBUG - 2022-11-28 17:36:28 --> Global POST, GET and COOKIE data sanitized
DEBUG - 2022-11-28 17:36:28 --> Config file loaded: /hwonpark/www/application/config/tree.php
DEBUG - 2022-11-28 17:36:28 --> Encryption: Auto-configured driver 'openssl'.
DEBUG - 2022-11-28 17:36:28 --> Total execution time: 0.0666
DEBUG - 2022-11-28 17:36:44 --> UTF-8 Support Enabled
DEBUG - 2022-11-28 17:36:44 --> Global POST, GET and COOKIE data sanitized
DEBUG - 2022-11-28 17:36:44 --> Config file loaded: /hwonpark/www/application/config/tree.php
DEBUG - 2022-11-28 17:36:44 --> Encryption: Auto-configured driver 'openssl'.
DEBUG - 2022-11-28 17:36:44 --> Total execution time: 0.0953
