DEBUG - 2022-11-11 06:16:25 --> UTF-8 Support Enabled
DEBUG - 2022-11-11 06:16:25 --> No URI present. Default controller set.
DEBUG - 2022-11-11 06:16:25 --> Global POST, GET and COOKIE data sanitized
DEBUG - 2022-11-11 06:16:26 --> Config file loaded: /hwonpark/www/application/config/tree.php
DEBUG - 2022-11-11 06:16:26 --> Total execution time: 0.2441
DEBUG - 2022-11-11 06:16:28 --> UTF-8 Support Enabled
DEBUG - 2022-11-11 06:16:28 --> Global POST, GET and COOKIE data sanitized
DEBUG - 2022-11-11 06:16:28 --> Config file loaded: /hwonpark/www/application/config/tree.php
DEBUG - 2022-11-11 06:16:28 --> Total execution time: 0.0783
DEBUG - 2022-11-11 06:16:42 --> UTF-8 Support Enabled
DEBUG - 2022-11-11 06:16:42 --> Global POST, GET and COOKIE data sanitized
DEBUG - 2022-11-11 06:16:42 --> Config file loaded: /hwonpark/www/application/config/tree.php
DEBUG - 2022-11-11 06:16:42 --> Total execution time: 0.0369
DEBUG - 2022-11-11 06:17:39 --> UTF-8 Support Enabled
DEBUG - 2022-11-11 06:17:39 --> Global POST, GET and COOKIE data sanitized
DEBUG - 2022-11-11 06:17:39 --> Config file loaded: /hwonpark/www/application/config/tree.php
DEBUG - 2022-11-11 06:17:39 --> --------------------DC_common::chk_perm - 1.인가코드요청 시작 -> if 인앱브라우저
DEBUG - 2022-11-11 06:17:39 --> UTF-8 Support Enabled
DEBUG - 2022-11-11 06:17:39 --> Global POST, GET and COOKIE data sanitized
DEBUG - 2022-11-11 06:17:39 --> Config file loaded: /hwonpark/www/application/config/tree.php
DEBUG - 2022-11-11 06:17:39 --> =================== DL_auth-> oauth::CALLBACK - 시작
DEBUG - 2022-11-11 06:17:39 --> =================== DL_auth-> oauth::CALLBACK - kakao param=:: error=
DEBUG - 2022-11-11 06:17:39 --> =================== DL_auth-> oauth::CALLBACK - kakao param=:: state=/ko/pr/view?idx=96
DEBUG - 2022-11-11 06:17:39 --> =================== DL_auth-> oauth::CALLBACK - kakao param=:: code=rYOrl20pGl7y2a9DmqQqWk1VyRWwrdDtjF0veUYI7RoGY8D2pNCkyBADOHxCAboXWrDRRAo9c-wAAAGEY2fTXA
DEBUG - 2022-11-11 06:17:39 --> =================== DL_auth -> kakao oauth :2: code=rYOrl20pGl7y2a9DmqQqWk1VyRWwrdDtjF0veUYI7RoGY8D2pNCkyBADOHxCAboXWrDRRAo9c-wAAAGEY2fTXA
DEBUG - 2022-11-11 06:17:39 --> ====================Dl_auth -> kakao_login :: 시작
DEBUG - 2022-11-11 06:17:39 --> --------------------Dl_auth::kakao_login - 1.토큰요청 시작
DEBUG - 2022-11-11 06:17:39 --> Dl_auth::kakao_login - get_token 시작 n=2
DEBUG - 2022-11-11 06:17:39 --> --------------------Dl_auth::kakao_login - 1.2.토큰요청 시작 -> 기타브라우저
DEBUG - 2022-11-11 06:17:39 --> --------------------Dl_auth::kakao_login - 1.3.토큰요청
DEBUG - 2022-11-11 06:17:39 --> --------------------Dl_auth::kakao_login - 1.4.토큰요청 -> 성공
DEBUG - 2022-11-11 06:17:39 --> UTF-8 Support Enabled
DEBUG - 2022-11-11 06:17:39 --> Global POST, GET and COOKIE data sanitized
DEBUG - 2022-11-11 06:17:39 --> Config file loaded: /hwonpark/www/application/config/tree.php
DEBUG - 2022-11-11 06:17:39 --> =================== DL_auth-> oauth::CALLBACK - 시작
DEBUG - 2022-11-11 06:17:39 --> =================== DL_auth-> oauth::CALLBACK - kakao param=:: error=
DEBUG - 2022-11-11 06:17:39 --> =================== DL_auth-> oauth::CALLBACK - kakao param=:: state=/ko/pr/view?idx=96
DEBUG - 2022-11-11 06:17:39 --> =================== DL_auth-> oauth::CALLBACK - kakao param=:: code=rYOrl20pGl7y2a9DmqQqWk1VyRWwrdDtjF0veUYI7RoGY8D2pNCkyBADOHxCAboXWrDRRAo9c-wAAAGEY2fTXA
DEBUG - 2022-11-11 06:17:39 --> =================== DL_auth -> kakao oauth :2: code=rYOrl20pGl7y2a9DmqQqWk1VyRWwrdDtjF0veUYI7RoGY8D2pNCkyBADOHxCAboXWrDRRAo9c-wAAAGEY2fTXA
DEBUG - 2022-11-11 06:17:39 --> ====================Dl_auth -> kakao_login :: 시작
DEBUG - 2022-11-11 06:17:39 --> ====================Dl_auth::kakao_login - 1.3.5- 사이트 회원정보 업데이트 성공(카카오 인증 완료) state=/ko/pr/view?idx=96
DEBUG - 2022-11-11 06:17:39 --> UTF-8 Support Enabled
DEBUG - 2022-11-11 06:17:39 --> Global POST, GET and COOKIE data sanitized
DEBUG - 2022-11-11 06:17:39 --> Config file loaded: /hwonpark/www/application/config/tree.php
DEBUG - 2022-11-11 06:17:39 --> Encryption: Auto-configured driver 'openssl'.
DEBUG - 2022-11-11 06:17:39 --> --------------------DC_common::chk_perm - 1.인가코드요청 시작 -> if 인앱브라우저
DEBUG - 2022-11-11 06:17:40 --> Total execution time: 0.0966
DEBUG - 2022-11-11 06:17:51 --> UTF-8 Support Enabled
DEBUG - 2022-11-11 06:17:51 --> Global POST, GET and COOKIE data sanitized
DEBUG - 2022-11-11 06:17:51 --> Config file loaded: /hwonpark/www/application/config/tree.php
DEBUG - 2022-11-11 06:17:51 --> Encryption: Auto-configured driver 'openssl'.
DEBUG - 2022-11-11 06:17:51 --> UTF-8 Support Enabled
DEBUG - 2022-11-11 06:17:51 --> Global POST, GET and COOKIE data sanitized
DEBUG - 2022-11-11 06:17:51 --> Config file loaded: /hwonpark/www/application/config/tree.php
DEBUG - 2022-11-11 06:17:51 --> Encryption: Auto-configured driver 'openssl'.
DEBUG - 2022-11-11 07:53:18 --> UTF-8 Support Enabled
DEBUG - 2022-11-11 07:53:18 --> Global POST, GET and COOKIE data sanitized
DEBUG - 2022-11-11 07:53:18 --> Config file loaded: /hwonpark/www/application/config/tree.php
DEBUG - 2022-11-11 07:53:18 --> --------------------DC_common::chk_perm - 1.인가코드요청 시작 -> if 인앱브라우저
DEBUG - 2022-11-11 07:53:19 --> UTF-8 Support Enabled
DEBUG - 2022-11-11 07:53:19 --> Global POST, GET and COOKIE data sanitized
DEBUG - 2022-11-11 07:53:19 --> Config file loaded: /hwonpark/www/application/config/tree.php
DEBUG - 2022-11-11 07:53:19 --> =================== DL_auth-> oauth::CALLBACK - 시작
DEBUG - 2022-11-11 07:53:19 --> =================== DL_auth-> oauth::CALLBACK - kakao param=:: error=
DEBUG - 2022-11-11 07:53:19 --> =================== DL_auth-> oauth::CALLBACK - kakao param=:: state=/ko/pr/view?idx=96
DEBUG - 2022-11-11 07:53:19 --> =================== DL_auth-> oauth::CALLBACK - kakao param=:: code=2cP1rWCVwwA9VCY-dIMqa1fUT594LqEs1atxTUzkFxok8v-hJYCqQnz6eIZoydWUElmsuwo9dRoAAAGEY79pVg
DEBUG - 2022-11-11 07:53:19 --> =================== DL_auth -> kakao oauth :2: code=2cP1rWCVwwA9VCY-dIMqa1fUT594LqEs1atxTUzkFxok8v-hJYCqQnz6eIZoydWUElmsuwo9dRoAAAGEY79pVg
DEBUG - 2022-11-11 07:53:19 --> ====================Dl_auth -> kakao_login :: 시작
DEBUG - 2022-11-11 07:53:19 --> --------------------Dl_auth::kakao_login - 1.토큰요청 시작
DEBUG - 2022-11-11 07:53:19 --> Dl_auth::kakao_login - get_token 시작 n=2
DEBUG - 2022-11-11 07:53:19 --> --------------------Dl_auth::kakao_login - 1.2.토큰요청 시작 -> 기타브라우저
DEBUG - 2022-11-11 07:53:19 --> --------------------Dl_auth::kakao_login - 1.3.토큰요청
DEBUG - 2022-11-11 07:53:19 --> --------------------Dl_auth::kakao_login - 1.4.토큰요청 -> 성공
DEBUG - 2022-11-11 07:53:20 --> UTF-8 Support Enabled
DEBUG - 2022-11-11 07:53:20 --> Global POST, GET and COOKIE data sanitized
DEBUG - 2022-11-11 07:53:20 --> Config file loaded: /hwonpark/www/application/config/tree.php
DEBUG - 2022-11-11 07:53:20 --> =================== DL_auth-> oauth::CALLBACK - 시작
DEBUG - 2022-11-11 07:53:20 --> =================== DL_auth-> oauth::CALLBACK - kakao param=:: error=
DEBUG - 2022-11-11 07:53:20 --> =================== DL_auth-> oauth::CALLBACK - kakao param=:: state=/ko/pr/view?idx=96
DEBUG - 2022-11-11 07:53:20 --> =================== DL_auth-> oauth::CALLBACK - kakao param=:: code=2cP1rWCVwwA9VCY-dIMqa1fUT594LqEs1atxTUzkFxok8v-hJYCqQnz6eIZoydWUElmsuwo9dRoAAAGEY79pVg
DEBUG - 2022-11-11 07:53:20 --> =================== DL_auth -> kakao oauth :2: code=2cP1rWCVwwA9VCY-dIMqa1fUT594LqEs1atxTUzkFxok8v-hJYCqQnz6eIZoydWUElmsuwo9dRoAAAGEY79pVg
DEBUG - 2022-11-11 07:53:20 --> ====================Dl_auth -> kakao_login :: 시작
DEBUG - 2022-11-11 07:53:20 --> ====================Dl_auth::kakao_login - 1.3.5- 사이트 회원정보 업데이트 성공(카카오 인증 완료) state=/ko/pr/view?idx=96
DEBUG - 2022-11-11 07:53:20 --> UTF-8 Support Enabled
DEBUG - 2022-11-11 07:53:20 --> Global POST, GET and COOKIE data sanitized
DEBUG - 2022-11-11 07:53:20 --> Config file loaded: /hwonpark/www/application/config/tree.php
DEBUG - 2022-11-11 07:53:20 --> Encryption: Auto-configured driver 'openssl'.
DEBUG - 2022-11-11 07:53:20 --> --------------------DC_common::chk_perm - 1.인가코드요청 시작 -> if 인앱브라우저
DEBUG - 2022-11-11 07:53:20 --> Total execution time: 0.0992
DEBUG - 2022-11-11 09:30:46 --> UTF-8 Support Enabled
DEBUG - 2022-11-11 09:30:46 --> Global POST, GET and COOKIE data sanitized
DEBUG - 2022-11-11 09:30:46 --> Config file loaded: /hwonpark/www/application/config/tree.php
DEBUG - 2022-11-11 09:30:46 --> Total execution time: 0.0342
DEBUG - 2022-11-11 09:30:47 --> UTF-8 Support Enabled
DEBUG - 2022-11-11 09:30:47 --> Global POST, GET and COOKIE data sanitized
ERROR - 2022-11-11 09:30:47 --> 404 Page Not Found: Faviconico/index
DEBUG - 2022-11-11 09:30:51 --> UTF-8 Support Enabled
DEBUG - 2022-11-11 09:30:51 --> Global POST, GET and COOKIE data sanitized
DEBUG - 2022-11-11 09:30:51 --> Config file loaded: /hwonpark/www/application/config/tree.php
DEBUG - 2022-11-11 09:30:52 --> UTF-8 Support Enabled
DEBUG - 2022-11-11 09:30:52 --> Global POST, GET and COOKIE data sanitized
DEBUG - 2022-11-11 09:30:52 --> Config file loaded: /hwonpark/www/application/config/tree.php
DEBUG - 2022-11-11 09:30:52 --> Encryption: Auto-configured driver 'openssl'.
DEBUG - 2022-11-11 09:30:52 --> UTF-8 Support Enabled
DEBUG - 2022-11-11 09:30:52 --> Global POST, GET and COOKIE data sanitized
DEBUG - 2022-11-11 09:30:53 --> Config file loaded: /hwonpark/www/application/config/tree.php
DEBUG - 2022-11-11 09:30:53 --> Encryption: Auto-configured driver 'openssl'.
DEBUG - 2022-11-11 09:30:53 --> Encryption class already loaded. Second attempt ignored.
DEBUG - 2022-11-11 09:30:53 --> Total execution time: 0.0762
DEBUG - 2022-11-11 09:31:08 --> UTF-8 Support Enabled
DEBUG - 2022-11-11 09:31:08 --> Global POST, GET and COOKIE data sanitized
DEBUG - 2022-11-11 09:31:08 --> Config file loaded: /hwonpark/www/application/config/tree.php
DEBUG - 2022-11-11 09:31:08 --> Encryption: Auto-configured driver 'openssl'.
DEBUG - 2022-11-11 09:31:08 --> Total execution time: 0.0488
DEBUG - 2022-11-11 09:31:15 --> UTF-8 Support Enabled
DEBUG - 2022-11-11 09:31:15 --> Global POST, GET and COOKIE data sanitized
DEBUG - 2022-11-11 09:31:15 --> Config file loaded: /hwonpark/www/application/config/tree.php
DEBUG - 2022-11-11 09:31:15 --> Encryption: Auto-configured driver 'openssl'.
DEBUG - 2022-11-11 09:31:15 --> Total execution time: 0.0407
DEBUG - 2022-11-11 09:31:20 --> UTF-8 Support Enabled
DEBUG - 2022-11-11 09:31:20 --> Global POST, GET and COOKIE data sanitized
DEBUG - 2022-11-11 09:31:20 --> Config file loaded: /hwonpark/www/application/config/tree.php
DEBUG - 2022-11-11 09:31:20 --> Encryption: Auto-configured driver 'openssl'.
DEBUG - 2022-11-11 09:31:20 --> Total execution time: 0.0441
DEBUG - 2022-11-11 09:31:56 --> UTF-8 Support Enabled
DEBUG - 2022-11-11 09:31:56 --> Global POST, GET and COOKIE data sanitized
DEBUG - 2022-11-11 09:31:56 --> Config file loaded: /hwonpark/www/application/config/tree.php
DEBUG - 2022-11-11 09:31:56 --> Encryption: Auto-configured driver 'openssl'.
DEBUG - 2022-11-11 09:31:56 --> Total execution time: 0.0488
DEBUG - 2022-11-11 09:45:25 --> UTF-8 Support Enabled
DEBUG - 2022-11-11 09:45:25 --> Global POST, GET and COOKIE data sanitized
DEBUG - 2022-11-11 09:45:25 --> Config file loaded: /hwonpark/www/application/config/tree.php
DEBUG - 2022-11-11 09:45:25 --> Total execution time: 0.0641
DEBUG - 2022-11-11 09:45:30 --> UTF-8 Support Enabled
DEBUG - 2022-11-11 09:45:30 --> Global POST, GET and COOKIE data sanitized
DEBUG - 2022-11-11 09:45:30 --> Config file loaded: /hwonpark/www/application/config/tree.php
DEBUG - 2022-11-11 09:45:30 --> Total execution time: 0.0729
DEBUG - 2022-11-11 09:45:39 --> UTF-8 Support Enabled
DEBUG - 2022-11-11 09:45:39 --> Global POST, GET and COOKIE data sanitized
DEBUG - 2022-11-11 09:45:39 --> Config file loaded: /hwonpark/www/application/config/tree.php
DEBUG - 2022-11-11 09:45:40 --> UTF-8 Support Enabled
DEBUG - 2022-11-11 09:45:40 --> Global POST, GET and COOKIE data sanitized
DEBUG - 2022-11-11 09:45:40 --> Config file loaded: /hwonpark/www/application/config/tree.php
DEBUG - 2022-11-11 09:45:40 --> Encryption: Auto-configured driver 'openssl'.
DEBUG - 2022-11-11 09:45:40 --> UTF-8 Support Enabled
DEBUG - 2022-11-11 09:45:40 --> Global POST, GET and COOKIE data sanitized
DEBUG - 2022-11-11 09:45:40 --> Config file loaded: /hwonpark/www/application/config/tree.php
DEBUG - 2022-11-11 09:45:40 --> Encryption: Auto-configured driver 'openssl'.
DEBUG - 2022-11-11 09:45:40 --> Encryption class already loaded. Second attempt ignored.
DEBUG - 2022-11-11 09:45:40 --> Total execution time: 0.0383
DEBUG - 2022-11-11 09:45:44 --> UTF-8 Support Enabled
DEBUG - 2022-11-11 09:45:44 --> Global POST, GET and COOKIE data sanitized
DEBUG - 2022-11-11 09:45:44 --> Config file loaded: /hwonpark/www/application/config/tree.php
DEBUG - 2022-11-11 09:45:44 --> Encryption: Auto-configured driver 'openssl'.
DEBUG - 2022-11-11 09:45:44 --> Total execution time: 0.0374
DEBUG - 2022-11-11 09:45:48 --> UTF-8 Support Enabled
DEBUG - 2022-11-11 09:45:48 --> Global POST, GET and COOKIE data sanitized
DEBUG - 2022-11-11 09:45:48 --> Config file loaded: /hwonpark/www/application/config/tree.php
DEBUG - 2022-11-11 09:45:48 --> Encryption: Auto-configured driver 'openssl'.
DEBUG - 2022-11-11 09:45:48 --> Total execution time: 0.0479
DEBUG - 2022-11-11 09:45:50 --> UTF-8 Support Enabled
DEBUG - 2022-11-11 09:45:50 --> Global POST, GET and COOKIE data sanitized
DEBUG - 2022-11-11 09:45:50 --> Config file loaded: /hwonpark/www/application/config/tree.php
DEBUG - 2022-11-11 09:45:50 --> Encryption: Auto-configured driver 'openssl'.
DEBUG - 2022-11-11 09:45:50 --> Total execution time: 0.0464
DEBUG - 2022-11-11 09:50:32 --> UTF-8 Support Enabled
DEBUG - 2022-11-11 09:50:32 --> Global POST, GET and COOKIE data sanitized
DEBUG - 2022-11-11 09:50:32 --> Config file loaded: /hwonpark/www/application/config/tree.php
DEBUG - 2022-11-11 09:50:32 --> Encryption: Auto-configured driver 'openssl'.
DEBUG - 2022-11-11 09:50:33 --> UTF-8 Support Enabled
DEBUG - 2022-11-11 09:50:33 --> Global POST, GET and COOKIE data sanitized
DEBUG - 2022-11-11 09:50:33 --> Config file loaded: /hwonpark/www/application/config/tree.php
DEBUG - 2022-11-11 09:50:33 --> Encryption: Auto-configured driver 'openssl'.
DEBUG - 2022-11-11 09:50:33 --> Total execution time: 0.0368
DEBUG - 2022-11-11 09:53:45 --> UTF-8 Support Enabled
DEBUG - 2022-11-11 09:53:45 --> Global POST, GET and COOKIE data sanitized
DEBUG - 2022-11-11 09:53:45 --> Config file loaded: /hwonpark/www/application/config/tree.php
DEBUG - 2022-11-11 09:53:45 --> Encryption: Auto-configured driver 'openssl'.
DEBUG - 2022-11-11 09:53:45 --> Total execution time: 0.0462
DEBUG - 2022-11-11 09:54:01 --> UTF-8 Support Enabled
DEBUG - 2022-11-11 09:54:01 --> Global POST, GET and COOKIE data sanitized
DEBUG - 2022-11-11 09:54:01 --> Config file loaded: /hwonpark/www/application/config/tree.php
DEBUG - 2022-11-11 09:54:01 --> Encryption: Auto-configured driver 'openssl'.
DEBUG - 2022-11-11 09:54:01 --> Total execution time: 0.0360
DEBUG - 2022-11-11 09:56:08 --> UTF-8 Support Enabled
DEBUG - 2022-11-11 09:56:08 --> Global POST, GET and COOKIE data sanitized
DEBUG - 2022-11-11 09:56:08 --> Config file loaded: /hwonpark/www/application/config/tree.php
DEBUG - 2022-11-11 09:56:08 --> Encryption: Auto-configured driver 'openssl'.
DEBUG - 2022-11-11 09:56:08 --> Total execution time: 0.0431
DEBUG - 2022-11-11 09:56:32 --> UTF-8 Support Enabled
DEBUG - 2022-11-11 09:56:32 --> Global POST, GET and COOKIE data sanitized
DEBUG - 2022-11-11 09:56:32 --> Config file loaded: /hwonpark/www/application/config/tree.php
DEBUG - 2022-11-11 09:56:32 --> Total execution time: 0.0282
DEBUG - 2022-11-11 09:56:32 --> UTF-8 Support Enabled
DEBUG - 2022-11-11 09:56:32 --> Global POST, GET and COOKIE data sanitized
DEBUG - 2022-11-11 09:56:32 --> Config file loaded: /hwonpark/www/application/config/tree.php
DEBUG - 2022-11-11 09:56:32 --> Encryption: Auto-configured driver 'openssl'.
DEBUG - 2022-11-11 09:56:33 --> UTF-8 Support Enabled
DEBUG - 2022-11-11 09:56:33 --> Global POST, GET and COOKIE data sanitized
ERROR - 2022-11-11 09:56:33 --> 404 Page Not Found: Faviconico/index
DEBUG - 2022-11-11 09:56:34 --> UTF-8 Support Enabled
DEBUG - 2022-11-11 09:56:34 --> No URI present. Default controller set.
DEBUG - 2022-11-11 09:56:34 --> Global POST, GET and COOKIE data sanitized
DEBUG - 2022-11-11 09:56:34 --> Config file loaded: /hwonpark/www/application/config/tree.php
DEBUG - 2022-11-11 09:56:34 --> Total execution time: 0.0836
DEBUG - 2022-11-11 09:56:34 --> UTF-8 Support Enabled
DEBUG - 2022-11-11 09:56:34 --> Global POST, GET and COOKIE data sanitized
DEBUG - 2022-11-11 09:56:34 --> Config file loaded: /hwonpark/www/application/config/tree.php
DEBUG - 2022-11-11 09:56:34 --> Encryption: Auto-configured driver 'openssl'.
DEBUG - 2022-11-11 09:56:34 --> Total execution time: 0.0591
DEBUG - 2022-11-11 09:56:40 --> UTF-8 Support Enabled
DEBUG - 2022-11-11 09:56:40 --> No URI present. Default controller set.
DEBUG - 2022-11-11 09:56:40 --> Global POST, GET and COOKIE data sanitized
DEBUG - 2022-11-11 09:56:40 --> Config file loaded: /hwonpark/www/application/config/tree.php
DEBUG - 2022-11-11 09:56:40 --> Total execution time: 0.0716
DEBUG - 2022-11-11 09:56:48 --> UTF-8 Support Enabled
DEBUG - 2022-11-11 09:56:48 --> Global POST, GET and COOKIE data sanitized
DEBUG - 2022-11-11 09:56:48 --> Config file loaded: /hwonpark/www/application/config/tree.php
DEBUG - 2022-11-11 09:56:48 --> Encryption: Auto-configured driver 'openssl'.
DEBUG - 2022-11-11 09:56:48 --> Total execution time: 0.0348
DEBUG - 2022-11-11 09:57:13 --> UTF-8 Support Enabled
DEBUG - 2022-11-11 09:57:13 --> Global POST, GET and COOKIE data sanitized
DEBUG - 2022-11-11 09:57:13 --> Config file loaded: /hwonpark/www/application/config/tree.php
DEBUG - 2022-11-11 09:57:13 --> Encryption: Auto-configured driver 'openssl'.
DEBUG - 2022-11-11 09:57:15 --> UTF-8 Support Enabled
DEBUG - 2022-11-11 09:57:15 --> Global POST, GET and COOKIE data sanitized
DEBUG - 2022-11-11 09:57:15 --> Config file loaded: /hwonpark/www/application/config/tree.php
DEBUG - 2022-11-11 09:57:15 --> Encryption: Auto-configured driver 'openssl'.
DEBUG - 2022-11-11 09:57:15 --> Total execution time: 0.0381
DEBUG - 2022-11-11 09:57:26 --> UTF-8 Support Enabled
DEBUG - 2022-11-11 09:57:26 --> Global POST, GET and COOKIE data sanitized
ERROR - 2022-11-11 09:57:26 --> 404 Page Not Found: Https:/center-pf.kakao.com
DEBUG - 2022-11-11 09:59:22 --> UTF-8 Support Enabled
DEBUG - 2022-11-11 09:59:22 --> No URI present. Default controller set.
DEBUG - 2022-11-11 09:59:22 --> Global POST, GET and COOKIE data sanitized
DEBUG - 2022-11-11 09:59:22 --> Config file loaded: /hwonpark/www/application/config/tree.php
DEBUG - 2022-11-11 09:59:22 --> Total execution time: 0.0443
DEBUG - 2022-11-11 10:01:26 --> UTF-8 Support Enabled
DEBUG - 2022-11-11 10:01:26 --> No URI present. Default controller set.
DEBUG - 2022-11-11 10:01:26 --> Global POST, GET and COOKIE data sanitized
DEBUG - 2022-11-11 10:01:26 --> Config file loaded: /hwonpark/www/application/config/tree.php
DEBUG - 2022-11-11 10:01:26 --> Total execution time: 0.0316
DEBUG - 2022-11-11 10:02:23 --> UTF-8 Support Enabled
DEBUG - 2022-11-11 10:02:23 --> No URI present. Default controller set.
DEBUG - 2022-11-11 10:02:23 --> Global POST, GET and COOKIE data sanitized
DEBUG - 2022-11-11 10:02:23 --> Config file loaded: /hwonpark/www/application/config/tree.php
DEBUG - 2022-11-11 10:02:23 --> Total execution time: 0.0629
DEBUG - 2022-11-11 10:03:05 --> UTF-8 Support Enabled
DEBUG - 2022-11-11 10:03:05 --> No URI present. Default controller set.
DEBUG - 2022-11-11 10:03:05 --> Global POST, GET and COOKIE data sanitized
DEBUG - 2022-11-11 10:03:05 --> Config file loaded: /hwonpark/www/application/config/tree.php
DEBUG - 2022-11-11 10:03:05 --> UTF-8 Support Enabled
DEBUG - 2022-11-11 10:03:05 --> No URI present. Default controller set.
DEBUG - 2022-11-11 10:03:05 --> Total execution time: 0.0544
DEBUG - 2022-11-11 10:03:05 --> Global POST, GET and COOKIE data sanitized
DEBUG - 2022-11-11 10:03:05 --> Config file loaded: /hwonpark/www/application/config/tree.php
DEBUG - 2022-11-11 10:03:05 --> Total execution time: 0.0323
DEBUG - 2022-11-11 10:03:06 --> UTF-8 Support Enabled
DEBUG - 2022-11-11 10:03:06 --> No URI present. Default controller set.
DEBUG - 2022-11-11 10:03:06 --> Global POST, GET and COOKIE data sanitized
DEBUG - 2022-11-11 10:03:06 --> Config file loaded: /hwonpark/www/application/config/tree.php
DEBUG - 2022-11-11 10:03:06 --> UTF-8 Support Enabled
DEBUG - 2022-11-11 10:03:06 --> No URI present. Default controller set.
DEBUG - 2022-11-11 10:03:06 --> Global POST, GET and COOKIE data sanitized
DEBUG - 2022-11-11 10:03:06 --> Total execution time: 0.0347
DEBUG - 2022-11-11 10:03:06 --> Config file loaded: /hwonpark/www/application/config/tree.php
DEBUG - 2022-11-11 10:03:06 --> Total execution time: 0.0369
DEBUG - 2022-11-11 10:03:06 --> UTF-8 Support Enabled
DEBUG - 2022-11-11 10:03:06 --> No URI present. Default controller set.
DEBUG - 2022-11-11 10:03:06 --> Global POST, GET and COOKIE data sanitized
DEBUG - 2022-11-11 10:03:06 --> Config file loaded: /hwonpark/www/application/config/tree.php
DEBUG - 2022-11-11 10:03:06 --> Total execution time: 0.0283
DEBUG - 2022-11-11 10:03:06 --> UTF-8 Support Enabled
DEBUG - 2022-11-11 10:03:06 --> No URI present. Default controller set.
DEBUG - 2022-11-11 10:03:06 --> Global POST, GET and COOKIE data sanitized
DEBUG - 2022-11-11 10:03:06 --> UTF-8 Support Enabled
DEBUG - 2022-11-11 10:03:06 --> Config file loaded: /hwonpark/www/application/config/tree.php
DEBUG - 2022-11-11 10:03:06 --> No URI present. Default controller set.
DEBUG - 2022-11-11 10:03:06 --> Global POST, GET and COOKIE data sanitized
DEBUG - 2022-11-11 10:03:06 --> Total execution time: 0.0638
DEBUG - 2022-11-11 10:03:06 --> Config file loaded: /hwonpark/www/application/config/tree.php
DEBUG - 2022-11-11 10:03:06 --> Total execution time: 0.0370
DEBUG - 2022-11-11 10:03:06 --> UTF-8 Support Enabled
DEBUG - 2022-11-11 10:03:06 --> No URI present. Default controller set.
DEBUG - 2022-11-11 10:03:06 --> Global POST, GET and COOKIE data sanitized
DEBUG - 2022-11-11 10:03:06 --> Config file loaded: /hwonpark/www/application/config/tree.php
DEBUG - 2022-11-11 10:03:06 --> Total execution time: 0.0543
DEBUG - 2022-11-11 10:03:06 --> UTF-8 Support Enabled
DEBUG - 2022-11-11 10:03:06 --> No URI present. Default controller set.
DEBUG - 2022-11-11 10:03:06 --> Global POST, GET and COOKIE data sanitized
DEBUG - 2022-11-11 10:03:06 --> Config file loaded: /hwonpark/www/application/config/tree.php
DEBUG - 2022-11-11 10:03:06 --> Total execution time: 0.0303
DEBUG - 2022-11-11 10:03:06 --> UTF-8 Support Enabled
DEBUG - 2022-11-11 10:03:06 --> No URI present. Default controller set.
DEBUG - 2022-11-11 10:03:06 --> Global POST, GET and COOKIE data sanitized
DEBUG - 2022-11-11 10:03:06 --> Config file loaded: /hwonpark/www/application/config/tree.php
DEBUG - 2022-11-11 10:03:06 --> UTF-8 Support Enabled
DEBUG - 2022-11-11 10:03:06 --> No URI present. Default controller set.
DEBUG - 2022-11-11 10:03:06 --> Global POST, GET and COOKIE data sanitized
DEBUG - 2022-11-11 10:03:06 --> Total execution time: 0.0305
DEBUG - 2022-11-11 10:03:06 --> Config file loaded: /hwonpark/www/application/config/tree.php
DEBUG - 2022-11-11 10:03:06 --> Total execution time: 0.0316
DEBUG - 2022-11-11 10:03:07 --> UTF-8 Support Enabled
DEBUG - 2022-11-11 10:03:07 --> No URI present. Default controller set.
DEBUG - 2022-11-11 10:03:07 --> Global POST, GET and COOKIE data sanitized
DEBUG - 2022-11-11 10:03:07 --> Config file loaded: /hwonpark/www/application/config/tree.php
DEBUG - 2022-11-11 10:03:07 --> Total execution time: 0.0287
DEBUG - 2022-11-11 10:03:08 --> UTF-8 Support Enabled
DEBUG - 2022-11-11 10:03:08 --> No URI present. Default controller set.
DEBUG - 2022-11-11 10:03:08 --> Global POST, GET and COOKIE data sanitized
DEBUG - 2022-11-11 10:03:08 --> Config file loaded: /hwonpark/www/application/config/tree.php
DEBUG - 2022-11-11 10:03:08 --> Total execution time: 0.0293
DEBUG - 2022-11-11 10:03:10 --> UTF-8 Support Enabled
DEBUG - 2022-11-11 10:03:10 --> Global POST, GET and COOKIE data sanitized
ERROR - 2022-11-11 10:03:10 --> 404 Page Not Found: Faviconico/index
DEBUG - 2022-11-11 10:03:12 --> UTF-8 Support Enabled
DEBUG - 2022-11-11 10:03:12 --> No URI present. Default controller set.
DEBUG - 2022-11-11 10:03:12 --> Global POST, GET and COOKIE data sanitized
DEBUG - 2022-11-11 10:03:12 --> Config file loaded: /hwonpark/www/application/config/tree.php
DEBUG - 2022-11-11 10:03:12 --> Total execution time: 0.0447
DEBUG - 2022-11-11 10:03:17 --> UTF-8 Support Enabled
DEBUG - 2022-11-11 10:03:17 --> No URI present. Default controller set.
DEBUG - 2022-11-11 10:03:17 --> Global POST, GET and COOKIE data sanitized
DEBUG - 2022-11-11 10:03:17 --> Config file loaded: /hwonpark/www/application/config/tree.php
DEBUG - 2022-11-11 10:03:17 --> Total execution time: 0.0427
DEBUG - 2022-11-11 10:04:08 --> UTF-8 Support Enabled
DEBUG - 2022-11-11 10:04:08 --> No URI present. Default controller set.
DEBUG - 2022-11-11 10:04:08 --> Global POST, GET and COOKIE data sanitized
DEBUG - 2022-11-11 10:04:08 --> Config file loaded: /hwonpark/www/application/config/tree.php
DEBUG - 2022-11-11 10:04:08 --> Total execution time: 0.0302
DEBUG - 2022-11-11 10:30:26 --> UTF-8 Support Enabled
DEBUG - 2022-11-11 10:30:26 --> No URI present. Default controller set.
DEBUG - 2022-11-11 10:30:26 --> Global POST, GET and COOKIE data sanitized
DEBUG - 2022-11-11 10:30:26 --> Config file loaded: /hwonpark/www/application/config/tree.php
DEBUG - 2022-11-11 10:30:26 --> Total execution time: 0.0361
DEBUG - 2022-11-11 10:30:28 --> UTF-8 Support Enabled
DEBUG - 2022-11-11 10:30:28 --> Global POST, GET and COOKIE data sanitized
ERROR - 2022-11-11 10:30:28 --> 404 Page Not Found: Faviconico/index
DEBUG - 2022-11-11 10:30:32 --> UTF-8 Support Enabled
DEBUG - 2022-11-11 10:30:32 --> Global POST, GET and COOKIE data sanitized
DEBUG - 2022-11-11 10:30:32 --> Config file loaded: /hwonpark/www/application/config/tree.php
DEBUG - 2022-11-11 10:30:32 --> Total execution time: 0.0309
DEBUG - 2022-11-11 10:30:37 --> UTF-8 Support Enabled
DEBUG - 2022-11-11 10:30:37 --> Global POST, GET and COOKIE data sanitized
DEBUG - 2022-11-11 10:30:37 --> Config file loaded: /hwonpark/www/application/config/tree.php
DEBUG - 2022-11-11 10:30:39 --> UTF-8 Support Enabled
DEBUG - 2022-11-11 10:30:39 --> Global POST, GET and COOKIE data sanitized
DEBUG - 2022-11-11 10:30:39 --> Config file loaded: /hwonpark/www/application/config/tree.php
DEBUG - 2022-11-11 10:30:39 --> Encryption: Auto-configured driver 'openssl'.
DEBUG - 2022-11-11 10:30:39 --> UTF-8 Support Enabled
DEBUG - 2022-11-11 10:30:39 --> Global POST, GET and COOKIE data sanitized
DEBUG - 2022-11-11 10:30:39 --> Config file loaded: /hwonpark/www/application/config/tree.php
DEBUG - 2022-11-11 10:30:39 --> Encryption: Auto-configured driver 'openssl'.
DEBUG - 2022-11-11 10:30:39 --> Encryption class already loaded. Second attempt ignored.
DEBUG - 2022-11-11 10:30:39 --> Total execution time: 0.0378
DEBUG - 2022-11-11 10:30:41 --> UTF-8 Support Enabled
DEBUG - 2022-11-11 10:30:41 --> Global POST, GET and COOKIE data sanitized
DEBUG - 2022-11-11 10:30:41 --> Config file loaded: /hwonpark/www/application/config/tree.php
DEBUG - 2022-11-11 10:30:41 --> Encryption: Auto-configured driver 'openssl'.
DEBUG - 2022-11-11 10:30:41 --> Total execution time: 0.0374
DEBUG - 2022-11-11 10:30:50 --> UTF-8 Support Enabled
DEBUG - 2022-11-11 10:30:50 --> Global POST, GET and COOKIE data sanitized
DEBUG - 2022-11-11 10:30:50 --> Config file loaded: /hwonpark/www/application/config/tree.php
DEBUG - 2022-11-11 10:30:50 --> Encryption: Auto-configured driver 'openssl'.
DEBUG - 2022-11-11 10:30:50 --> Total execution time: 0.0528
DEBUG - 2022-11-11 10:30:56 --> UTF-8 Support Enabled
DEBUG - 2022-11-11 10:30:56 --> Global POST, GET and COOKIE data sanitized
DEBUG - 2022-11-11 10:30:56 --> Config file loaded: /hwonpark/www/application/config/tree.php
DEBUG - 2022-11-11 10:30:56 --> Encryption: Auto-configured driver 'openssl'.
DEBUG - 2022-11-11 10:30:56 --> Total execution time: 0.0414
DEBUG - 2022-11-11 10:31:02 --> UTF-8 Support Enabled
DEBUG - 2022-11-11 10:31:02 --> Global POST, GET and COOKIE data sanitized
DEBUG - 2022-11-11 10:31:02 --> Config file loaded: /hwonpark/www/application/config/tree.php
DEBUG - 2022-11-11 10:31:02 --> Encryption: Auto-configured driver 'openssl'.
DEBUG - 2022-11-11 10:31:02 --> Total execution time: 0.0408
DEBUG - 2022-11-11 10:31:05 --> UTF-8 Support Enabled
DEBUG - 2022-11-11 10:31:05 --> Global POST, GET and COOKIE data sanitized
DEBUG - 2022-11-11 10:31:05 --> Config file loaded: /hwonpark/www/application/config/tree.php
DEBUG - 2022-11-11 10:31:05 --> Encryption: Auto-configured driver 'openssl'.
DEBUG - 2022-11-11 10:31:05 --> Total execution time: 0.1566
DEBUG - 2022-11-11 10:31:20 --> UTF-8 Support Enabled
DEBUG - 2022-11-11 10:31:20 --> Global POST, GET and COOKIE data sanitized
DEBUG - 2022-11-11 10:31:20 --> Config file loaded: /hwonpark/www/application/config/tree.php
DEBUG - 2022-11-11 10:31:20 --> Encryption: Auto-configured driver 'openssl'.
DEBUG - 2022-11-11 10:31:20 --> Total execution time: 0.0358
DEBUG - 2022-11-11 10:31:21 --> UTF-8 Support Enabled
DEBUG - 2022-11-11 10:31:21 --> Global POST, GET and COOKIE data sanitized
DEBUG - 2022-11-11 10:31:22 --> Config file loaded: /hwonpark/www/application/config/tree.php
DEBUG - 2022-11-11 10:31:22 --> Encryption: Auto-configured driver 'openssl'.
DEBUG - 2022-11-11 10:31:22 --> Total execution time: 0.0380
DEBUG - 2022-11-11 10:33:33 --> UTF-8 Support Enabled
DEBUG - 2022-11-11 10:33:33 --> Global POST, GET and COOKIE data sanitized
DEBUG - 2022-11-11 10:33:33 --> Config file loaded: /hwonpark/www/application/config/tree.php
DEBUG - 2022-11-11 10:33:33 --> Encryption: Auto-configured driver 'openssl'.
ERROR - 2022-11-11 10:33:33 --> Could not find the language line "imglib_invalid_image"
ERROR - 2022-11-11 10:33:33 --> imglib_invalid_image
DEBUG - 2022-11-11 10:33:33 --> DL_schema class already loaded. Second attempt ignored.
DEBUG - 2022-11-11 10:33:34 --> UTF-8 Support Enabled
DEBUG - 2022-11-11 10:33:34 --> Global POST, GET and COOKIE data sanitized
DEBUG - 2022-11-11 10:33:34 --> Config file loaded: /hwonpark/www/application/config/tree.php
DEBUG - 2022-11-11 10:33:34 --> Encryption: Auto-configured driver 'openssl'.
DEBUG - 2022-11-11 10:33:34 --> Total execution time: 0.0648
DEBUG - 2022-11-11 10:33:36 --> UTF-8 Support Enabled
DEBUG - 2022-11-11 10:33:36 --> Global POST, GET and COOKIE data sanitized
DEBUG - 2022-11-11 10:33:36 --> Config file loaded: /hwonpark/www/application/config/tree.php
DEBUG - 2022-11-11 10:33:36 --> Encryption: Auto-configured driver 'openssl'.
DEBUG - 2022-11-11 10:33:36 --> Total execution time: 0.0401
DEBUG - 2022-11-11 10:34:37 --> UTF-8 Support Enabled
DEBUG - 2022-11-11 10:34:37 --> Global POST, GET and COOKIE data sanitized
DEBUG - 2022-11-11 10:34:37 --> Config file loaded: /hwonpark/www/application/config/tree.php
DEBUG - 2022-11-11 10:34:37 --> Encryption: Auto-configured driver 'openssl'.
DEBUG - 2022-11-11 10:34:37 --> Total execution time: 0.0778
DEBUG - 2022-11-11 10:34:39 --> UTF-8 Support Enabled
DEBUG - 2022-11-11 10:34:39 --> Global POST, GET and COOKIE data sanitized
DEBUG - 2022-11-11 10:34:39 --> Config file loaded: /hwonpark/www/application/config/tree.php
DEBUG - 2022-11-11 10:34:39 --> Encryption: Auto-configured driver 'openssl'.
DEBUG - 2022-11-11 10:34:39 --> Total execution time: 0.0361
DEBUG - 2022-11-11 10:34:41 --> UTF-8 Support Enabled
DEBUG - 2022-11-11 10:34:41 --> Global POST, GET and COOKIE data sanitized
DEBUG - 2022-11-11 10:34:41 --> Config file loaded: /hwonpark/www/application/config/tree.php
DEBUG - 2022-11-11 10:34:41 --> Encryption: Auto-configured driver 'openssl'.
DEBUG - 2022-11-11 10:34:41 --> Total execution time: 0.0563
DEBUG - 2022-11-11 10:34:44 --> UTF-8 Support Enabled
DEBUG - 2022-11-11 10:34:44 --> Global POST, GET and COOKIE data sanitized
DEBUG - 2022-11-11 10:34:44 --> Config file loaded: /hwonpark/www/application/config/tree.php
DEBUG - 2022-11-11 10:34:44 --> Encryption: Auto-configured driver 'openssl'.
DEBUG - 2022-11-11 10:34:44 --> Total execution time: 0.0371
DEBUG - 2022-11-11 10:34:46 --> UTF-8 Support Enabled
DEBUG - 2022-11-11 10:34:46 --> Global POST, GET and COOKIE data sanitized
DEBUG - 2022-11-11 10:34:46 --> Config file loaded: /hwonpark/www/application/config/tree.php
DEBUG - 2022-11-11 10:34:46 --> Encryption: Auto-configured driver 'openssl'.
DEBUG - 2022-11-11 10:34:46 --> Total execution time: 0.0706
DEBUG - 2022-11-11 10:37:22 --> UTF-8 Support Enabled
DEBUG - 2022-11-11 10:37:22 --> Global POST, GET and COOKIE data sanitized
DEBUG - 2022-11-11 10:37:22 --> Config file loaded: /hwonpark/www/application/config/tree.php
DEBUG - 2022-11-11 10:37:22 --> Encryption: Auto-configured driver 'openssl'.
ERROR - 2022-11-11 10:37:22 --> Could not find the language line "imglib_invalid_image"
ERROR - 2022-11-11 10:37:22 --> imglib_invalid_image
DEBUG - 2022-11-11 10:37:22 --> DL_schema class already loaded. Second attempt ignored.
DEBUG - 2022-11-11 10:37:23 --> UTF-8 Support Enabled
DEBUG - 2022-11-11 10:37:23 --> Global POST, GET and COOKIE data sanitized
DEBUG - 2022-11-11 10:37:23 --> Config file loaded: /hwonpark/www/application/config/tree.php
DEBUG - 2022-11-11 10:37:23 --> Encryption: Auto-configured driver 'openssl'.
DEBUG - 2022-11-11 10:37:23 --> Total execution time: 0.0364
DEBUG - 2022-11-11 10:37:25 --> UTF-8 Support Enabled
DEBUG - 2022-11-11 10:37:25 --> Global POST, GET and COOKIE data sanitized
DEBUG - 2022-11-11 10:37:25 --> Config file loaded: /hwonpark/www/application/config/tree.php
DEBUG - 2022-11-11 10:37:25 --> Encryption: Auto-configured driver 'openssl'.
DEBUG - 2022-11-11 10:37:25 --> Total execution time: 0.0552
DEBUG - 2022-11-11 10:39:08 --> UTF-8 Support Enabled
DEBUG - 2022-11-11 10:39:08 --> Global POST, GET and COOKIE data sanitized
DEBUG - 2022-11-11 10:39:08 --> Config file loaded: /hwonpark/www/application/config/tree.php
DEBUG - 2022-11-11 10:39:08 --> Encryption: Auto-configured driver 'openssl'.
ERROR - 2022-11-11 10:39:08 --> Could not find the language line "imglib_invalid_image"
ERROR - 2022-11-11 10:39:08 --> imglib_invalid_image
DEBUG - 2022-11-11 10:39:08 --> DL_schema class already loaded. Second attempt ignored.
DEBUG - 2022-11-11 10:39:09 --> UTF-8 Support Enabled
DEBUG - 2022-11-11 10:39:09 --> Global POST, GET and COOKIE data sanitized
DEBUG - 2022-11-11 10:39:09 --> Config file loaded: /hwonpark/www/application/config/tree.php
DEBUG - 2022-11-11 10:39:09 --> Encryption: Auto-configured driver 'openssl'.
DEBUG - 2022-11-11 10:39:09 --> Total execution time: 0.0356
DEBUG - 2022-11-11 10:39:24 --> UTF-8 Support Enabled
DEBUG - 2022-11-11 10:39:24 --> Global POST, GET and COOKIE data sanitized
DEBUG - 2022-11-11 10:39:24 --> Config file loaded: /hwonpark/www/application/config/tree.php
DEBUG - 2022-11-11 10:39:24 --> Encryption: Auto-configured driver 'openssl'.
DEBUG - 2022-11-11 10:39:24 --> Total execution time: 0.0479
DEBUG - 2022-11-11 10:41:23 --> UTF-8 Support Enabled
DEBUG - 2022-11-11 10:41:23 --> Global POST, GET and COOKIE data sanitized
DEBUG - 2022-11-11 10:41:23 --> Config file loaded: /hwonpark/www/application/config/tree.php
DEBUG - 2022-11-11 10:41:23 --> Encryption: Auto-configured driver 'openssl'.
ERROR - 2022-11-11 10:41:23 --> Could not find the language line "imglib_invalid_image"
ERROR - 2022-11-11 10:41:23 --> imglib_invalid_image
DEBUG - 2022-11-11 10:41:23 --> DL_schema class already loaded. Second attempt ignored.
DEBUG - 2022-11-11 10:41:24 --> UTF-8 Support Enabled
DEBUG - 2022-11-11 10:41:24 --> Global POST, GET and COOKIE data sanitized
DEBUG - 2022-11-11 10:41:24 --> Config file loaded: /hwonpark/www/application/config/tree.php
DEBUG - 2022-11-11 10:41:24 --> Encryption: Auto-configured driver 'openssl'.
DEBUG - 2022-11-11 10:41:24 --> Total execution time: 0.0479
DEBUG - 2022-11-11 10:41:28 --> UTF-8 Support Enabled
DEBUG - 2022-11-11 10:41:28 --> Global POST, GET and COOKIE data sanitized
DEBUG - 2022-11-11 10:41:29 --> Config file loaded: /hwonpark/www/application/config/tree.php
DEBUG - 2022-11-11 10:41:29 --> Encryption: Auto-configured driver 'openssl'.
DEBUG - 2022-11-11 10:41:29 --> Total execution time: 0.0679
DEBUG - 2022-11-11 10:41:30 --> UTF-8 Support Enabled
DEBUG - 2022-11-11 10:41:30 --> Global POST, GET and COOKIE data sanitized
DEBUG - 2022-11-11 10:41:30 --> Config file loaded: /hwonpark/www/application/config/tree.php
DEBUG - 2022-11-11 10:41:30 --> Encryption: Auto-configured driver 'openssl'.
DEBUG - 2022-11-11 10:41:30 --> Total execution time: 0.0589
DEBUG - 2022-11-11 10:43:12 --> UTF-8 Support Enabled
DEBUG - 2022-11-11 10:43:12 --> Global POST, GET and COOKIE data sanitized
DEBUG - 2022-11-11 10:43:12 --> Config file loaded: /hwonpark/www/application/config/tree.php
DEBUG - 2022-11-11 10:43:12 --> Encryption: Auto-configured driver 'openssl'.
ERROR - 2022-11-11 10:43:12 --> Could not find the language line "imglib_invalid_image"
ERROR - 2022-11-11 10:43:12 --> imglib_invalid_image
DEBUG - 2022-11-11 10:43:12 --> DL_schema class already loaded. Second attempt ignored.
DEBUG - 2022-11-11 10:43:13 --> UTF-8 Support Enabled
DEBUG - 2022-11-11 10:43:13 --> Global POST, GET and COOKIE data sanitized
DEBUG - 2022-11-11 10:43:13 --> Config file loaded: /hwonpark/www/application/config/tree.php
DEBUG - 2022-11-11 10:43:13 --> Encryption: Auto-configured driver 'openssl'.
DEBUG - 2022-11-11 10:43:14 --> Total execution time: 0.0376
DEBUG - 2022-11-11 10:43:16 --> UTF-8 Support Enabled
DEBUG - 2022-11-11 10:43:16 --> Global POST, GET and COOKIE data sanitized
DEBUG - 2022-11-11 10:43:16 --> Config file loaded: /hwonpark/www/application/config/tree.php
DEBUG - 2022-11-11 10:43:16 --> Encryption: Auto-configured driver 'openssl'.
DEBUG - 2022-11-11 10:43:16 --> Total execution time: 0.0786
DEBUG - 2022-11-11 10:44:47 --> UTF-8 Support Enabled
DEBUG - 2022-11-11 10:44:47 --> Global POST, GET and COOKIE data sanitized
DEBUG - 2022-11-11 10:44:47 --> Config file loaded: /hwonpark/www/application/config/tree.php
DEBUG - 2022-11-11 10:44:47 --> Encryption: Auto-configured driver 'openssl'.
ERROR - 2022-11-11 10:44:47 --> Could not find the language line "imglib_invalid_image"
ERROR - 2022-11-11 10:44:47 --> imglib_invalid_image
DEBUG - 2022-11-11 10:44:47 --> DL_schema class already loaded. Second attempt ignored.
DEBUG - 2022-11-11 10:44:49 --> UTF-8 Support Enabled
DEBUG - 2022-11-11 10:44:49 --> Global POST, GET and COOKIE data sanitized
DEBUG - 2022-11-11 10:44:49 --> Config file loaded: /hwonpark/www/application/config/tree.php
DEBUG - 2022-11-11 10:44:49 --> Encryption: Auto-configured driver 'openssl'.
DEBUG - 2022-11-11 10:44:49 --> Total execution time: 0.0522
DEBUG - 2022-11-11 10:44:59 --> UTF-8 Support Enabled
DEBUG - 2022-11-11 10:44:59 --> Global POST, GET and COOKIE data sanitized
DEBUG - 2022-11-11 10:44:59 --> Config file loaded: /hwonpark/www/application/config/tree.php
DEBUG - 2022-11-11 10:44:59 --> Encryption: Auto-configured driver 'openssl'.
DEBUG - 2022-11-11 10:44:59 --> Total execution time: 0.0548
DEBUG - 2022-11-11 10:47:33 --> UTF-8 Support Enabled
DEBUG - 2022-11-11 10:47:33 --> No URI present. Default controller set.
DEBUG - 2022-11-11 10:47:33 --> Global POST, GET and COOKIE data sanitized
DEBUG - 2022-11-11 10:47:33 --> Config file loaded: /hwonpark/www/application/config/tree.php
DEBUG - 2022-11-11 10:47:33 --> Total execution time: 0.0324
DEBUG - 2022-11-11 10:47:34 --> UTF-8 Support Enabled
DEBUG - 2022-11-11 10:47:34 --> Global POST, GET and COOKIE data sanitized
ERROR - 2022-11-11 10:47:34 --> 404 Page Not Found: Faviconico/index
DEBUG - 2022-11-11 10:49:04 --> UTF-8 Support Enabled
DEBUG - 2022-11-11 10:49:04 --> Global POST, GET and COOKIE data sanitized
DEBUG - 2022-11-11 10:49:04 --> Config file loaded: /hwonpark/www/application/config/tree.php
DEBUG - 2022-11-11 10:49:04 --> Encryption: Auto-configured driver 'openssl'.
ERROR - 2022-11-11 10:49:04 --> Could not find the language line "imglib_invalid_image"
ERROR - 2022-11-11 10:49:04 --> imglib_invalid_image
DEBUG - 2022-11-11 10:49:04 --> DL_schema class already loaded. Second attempt ignored.
DEBUG - 2022-11-11 10:49:05 --> UTF-8 Support Enabled
DEBUG - 2022-11-11 10:49:05 --> Global POST, GET and COOKIE data sanitized
DEBUG - 2022-11-11 10:49:05 --> Config file loaded: /hwonpark/www/application/config/tree.php
DEBUG - 2022-11-11 10:49:05 --> Encryption: Auto-configured driver 'openssl'.
DEBUG - 2022-11-11 10:49:05 --> Total execution time: 0.0439
DEBUG - 2022-11-11 10:49:16 --> UTF-8 Support Enabled
DEBUG - 2022-11-11 10:49:16 --> Global POST, GET and COOKIE data sanitized
DEBUG - 2022-11-11 10:49:16 --> Config file loaded: /hwonpark/www/application/config/tree.php
DEBUG - 2022-11-11 10:49:16 --> Encryption: Auto-configured driver 'openssl'.
DEBUG - 2022-11-11 10:49:16 --> Total execution time: 0.0479
DEBUG - 2022-11-11 10:49:18 --> UTF-8 Support Enabled
DEBUG - 2022-11-11 10:49:18 --> Global POST, GET and COOKIE data sanitized
DEBUG - 2022-11-11 10:49:18 --> Config file loaded: /hwonpark/www/application/config/tree.php
DEBUG - 2022-11-11 10:49:18 --> Encryption: Auto-configured driver 'openssl'.
DEBUG - 2022-11-11 10:49:18 --> Total execution time: 0.0463
DEBUG - 2022-11-11 10:50:05 --> UTF-8 Support Enabled
DEBUG - 2022-11-11 10:50:05 --> Global POST, GET and COOKIE data sanitized
DEBUG - 2022-11-11 10:50:05 --> Config file loaded: /hwonpark/www/application/config/tree.php
DEBUG - 2022-11-11 10:50:05 --> Encryption: Auto-configured driver 'openssl'.
DEBUG - 2022-11-11 10:50:05 --> Total execution time: 0.0511
DEBUG - 2022-11-11 10:50:10 --> UTF-8 Support Enabled
DEBUG - 2022-11-11 10:50:10 --> Global POST, GET and COOKIE data sanitized
DEBUG - 2022-11-11 10:50:10 --> Config file loaded: /hwonpark/www/application/config/tree.php
DEBUG - 2022-11-11 10:50:10 --> Encryption: Auto-configured driver 'openssl'.
DEBUG - 2022-11-11 10:50:10 --> Total execution time: 0.0555
DEBUG - 2022-11-11 10:52:50 --> UTF-8 Support Enabled
DEBUG - 2022-11-11 10:52:50 --> Global POST, GET and COOKIE data sanitized
DEBUG - 2022-11-11 10:52:50 --> Config file loaded: /hwonpark/www/application/config/tree.php
DEBUG - 2022-11-11 10:52:50 --> Encryption: Auto-configured driver 'openssl'.
DEBUG - 2022-11-11 10:52:50 --> Total execution time: 0.0471
DEBUG - 2022-11-11 10:52:51 --> UTF-8 Support Enabled
DEBUG - 2022-11-11 10:52:51 --> Global POST, GET and COOKIE data sanitized
DEBUG - 2022-11-11 10:52:51 --> Config file loaded: /hwonpark/www/application/config/tree.php
DEBUG - 2022-11-11 10:52:51 --> Encryption: Auto-configured driver 'openssl'.
DEBUG - 2022-11-11 10:52:51 --> Total execution time: 0.0479
DEBUG - 2022-11-11 10:52:54 --> UTF-8 Support Enabled
DEBUG - 2022-11-11 10:52:54 --> Global POST, GET and COOKIE data sanitized
DEBUG - 2022-11-11 10:52:54 --> Config file loaded: /hwonpark/www/application/config/tree.php
DEBUG - 2022-11-11 10:52:54 --> Encryption: Auto-configured driver 'openssl'.
DEBUG - 2022-11-11 10:52:54 --> Total execution time: 0.0378
DEBUG - 2022-11-11 10:53:00 --> UTF-8 Support Enabled
DEBUG - 2022-11-11 10:53:00 --> Global POST, GET and COOKIE data sanitized
DEBUG - 2022-11-11 10:53:00 --> Config file loaded: /hwonpark/www/application/config/tree.php
DEBUG - 2022-11-11 10:53:00 --> Encryption: Auto-configured driver 'openssl'.
DEBUG - 2022-11-11 10:53:00 --> Total execution time: 0.0640
DEBUG - 2022-11-11 10:53:13 --> UTF-8 Support Enabled
DEBUG - 2022-11-11 10:53:13 --> Global POST, GET and COOKIE data sanitized
DEBUG - 2022-11-11 10:53:13 --> Config file loaded: /hwonpark/www/application/config/tree.php
DEBUG - 2022-11-11 10:53:13 --> Encryption: Auto-configured driver 'openssl'.
DEBUG - 2022-11-11 10:53:13 --> UTF-8 Support Enabled
DEBUG - 2022-11-11 10:53:13 --> Global POST, GET and COOKIE data sanitized
DEBUG - 2022-11-11 10:53:13 --> Config file loaded: /hwonpark/www/application/config/tree.php
DEBUG - 2022-11-11 10:53:13 --> Encryption: Auto-configured driver 'openssl'.
DEBUG - 2022-11-11 10:53:13 --> Total execution time: 0.0472
DEBUG - 2022-11-11 10:53:17 --> UTF-8 Support Enabled
DEBUG - 2022-11-11 10:53:17 --> Global POST, GET and COOKIE data sanitized
DEBUG - 2022-11-11 10:53:17 --> Config file loaded: /hwonpark/www/application/config/tree.php
DEBUG - 2022-11-11 10:53:17 --> Encryption: Auto-configured driver 'openssl'.
DEBUG - 2022-11-11 10:53:17 --> Total execution time: 0.0749
DEBUG - 2022-11-11 10:53:33 --> UTF-8 Support Enabled
DEBUG - 2022-11-11 10:53:33 --> Global POST, GET and COOKIE data sanitized
DEBUG - 2022-11-11 10:53:33 --> Config file loaded: /hwonpark/www/application/config/tree.php
DEBUG - 2022-11-11 10:53:33 --> Encryption: Auto-configured driver 'openssl'.
DEBUG - 2022-11-11 10:53:33 --> Total execution time: 0.0473
DEBUG - 2022-11-11 10:53:48 --> UTF-8 Support Enabled
DEBUG - 2022-11-11 10:53:48 --> Global POST, GET and COOKIE data sanitized
DEBUG - 2022-11-11 10:53:48 --> Config file loaded: /hwonpark/www/application/config/tree.php
DEBUG - 2022-11-11 10:53:48 --> Encryption: Auto-configured driver 'openssl'.
DEBUG - 2022-11-11 10:53:48 --> Total execution time: 0.0508
DEBUG - 2022-11-11 10:54:03 --> UTF-8 Support Enabled
DEBUG - 2022-11-11 10:54:03 --> Global POST, GET and COOKIE data sanitized
DEBUG - 2022-11-11 10:54:03 --> Config file loaded: /hwonpark/www/application/config/tree.php
DEBUG - 2022-11-11 10:54:03 --> Encryption: Auto-configured driver 'openssl'.
DEBUG - 2022-11-11 10:54:03 --> Total execution time: 0.0521
DEBUG - 2022-11-11 10:54:05 --> UTF-8 Support Enabled
DEBUG - 2022-11-11 10:54:05 --> Global POST, GET and COOKIE data sanitized
DEBUG - 2022-11-11 10:54:05 --> Config file loaded: /hwonpark/www/application/config/tree.php
DEBUG - 2022-11-11 10:54:05 --> Encryption: Auto-configured driver 'openssl'.
DEBUG - 2022-11-11 10:54:05 --> Total execution time: 0.0554
DEBUG - 2022-11-11 10:55:57 --> UTF-8 Support Enabled
DEBUG - 2022-11-11 10:55:57 --> No URI present. Default controller set.
DEBUG - 2022-11-11 10:55:57 --> Global POST, GET and COOKIE data sanitized
DEBUG - 2022-11-11 10:55:57 --> Config file loaded: /hwonpark/www/application/config/tree.php
DEBUG - 2022-11-11 10:55:57 --> Total execution time: 0.0617
DEBUG - 2022-11-11 10:56:05 --> UTF-8 Support Enabled
DEBUG - 2022-11-11 10:56:05 --> Global POST, GET and COOKIE data sanitized
ERROR - 2022-11-11 10:56:05 --> 404 Page Not Found: Faviconico/index
DEBUG - 2022-11-11 10:56:34 --> UTF-8 Support Enabled
DEBUG - 2022-11-11 10:56:34 --> Global POST, GET and COOKIE data sanitized
DEBUG - 2022-11-11 10:56:34 --> Config file loaded: /hwonpark/www/application/config/tree.php
DEBUG - 2022-11-11 10:56:34 --> Encryption: Auto-configured driver 'openssl'.
DEBUG - 2022-11-11 10:56:34 --> Total execution time: 0.0594
DEBUG - 2022-11-11 10:56:35 --> UTF-8 Support Enabled
DEBUG - 2022-11-11 10:56:35 --> Global POST, GET and COOKIE data sanitized
DEBUG - 2022-11-11 10:56:35 --> Config file loaded: /hwonpark/www/application/config/tree.php
DEBUG - 2022-11-11 10:56:35 --> Encryption: Auto-configured driver 'openssl'.
DEBUG - 2022-11-11 10:56:35 --> Total execution time: 0.0378
DEBUG - 2022-11-11 10:56:44 --> UTF-8 Support Enabled
DEBUG - 2022-11-11 10:56:44 --> Global POST, GET and COOKIE data sanitized
DEBUG - 2022-11-11 10:56:44 --> Config file loaded: /hwonpark/www/application/config/tree.php
DEBUG - 2022-11-11 10:56:44 --> Encryption: Auto-configured driver 'openssl'.
DEBUG - 2022-11-11 10:56:44 --> Total execution time: 0.0362
DEBUG - 2022-11-11 10:56:46 --> UTF-8 Support Enabled
DEBUG - 2022-11-11 10:56:46 --> Global POST, GET and COOKIE data sanitized
DEBUG - 2022-11-11 10:56:46 --> Config file loaded: /hwonpark/www/application/config/tree.php
DEBUG - 2022-11-11 10:56:46 --> Encryption: Auto-configured driver 'openssl'.
DEBUG - 2022-11-11 10:56:46 --> Total execution time: 0.0879
DEBUG - 2022-11-11 10:56:49 --> UTF-8 Support Enabled
DEBUG - 2022-11-11 10:56:49 --> Global POST, GET and COOKIE data sanitized
DEBUG - 2022-11-11 10:56:49 --> Config file loaded: /hwonpark/www/application/config/tree.php
DEBUG - 2022-11-11 10:56:49 --> Encryption: Auto-configured driver 'openssl'.
DEBUG - 2022-11-11 10:56:49 --> Total execution time: 0.0502
DEBUG - 2022-11-11 10:56:53 --> UTF-8 Support Enabled
DEBUG - 2022-11-11 10:56:53 --> Global POST, GET and COOKIE data sanitized
DEBUG - 2022-11-11 10:56:53 --> Config file loaded: /hwonpark/www/application/config/tree.php
DEBUG - 2022-11-11 10:56:53 --> Encryption: Auto-configured driver 'openssl'.
DEBUG - 2022-11-11 10:56:53 --> Total execution time: 0.0552
DEBUG - 2022-11-11 10:56:58 --> UTF-8 Support Enabled
DEBUG - 2022-11-11 10:56:58 --> Global POST, GET and COOKIE data sanitized
DEBUG - 2022-11-11 10:56:58 --> Config file loaded: /hwonpark/www/application/config/tree.php
DEBUG - 2022-11-11 10:56:58 --> Encryption: Auto-configured driver 'openssl'.
DEBUG - 2022-11-11 10:56:58 --> Total execution time: 0.0485
DEBUG - 2022-11-11 10:56:59 --> UTF-8 Support Enabled
DEBUG - 2022-11-11 10:56:59 --> Global POST, GET and COOKIE data sanitized
DEBUG - 2022-11-11 10:56:59 --> Config file loaded: /hwonpark/www/application/config/tree.php
DEBUG - 2022-11-11 10:56:59 --> Encryption: Auto-configured driver 'openssl'.
DEBUG - 2022-11-11 10:56:59 --> Total execution time: 0.0644
DEBUG - 2022-11-11 10:57:26 --> UTF-8 Support Enabled
DEBUG - 2022-11-11 10:57:26 --> Global POST, GET and COOKIE data sanitized
DEBUG - 2022-11-11 10:57:26 --> Config file loaded: /hwonpark/www/application/config/tree.php
DEBUG - 2022-11-11 10:57:26 --> Encryption: Auto-configured driver 'openssl'.
DEBUG - 2022-11-11 10:57:26 --> Total execution time: 0.0648
DEBUG - 2022-11-11 10:57:28 --> UTF-8 Support Enabled
DEBUG - 2022-11-11 10:57:28 --> Global POST, GET and COOKIE data sanitized
DEBUG - 2022-11-11 10:57:28 --> Config file loaded: /hwonpark/www/application/config/tree.php
DEBUG - 2022-11-11 10:57:28 --> Encryption: Auto-configured driver 'openssl'.
DEBUG - 2022-11-11 10:57:28 --> Total execution time: 0.0794
DEBUG - 2022-11-11 10:57:45 --> UTF-8 Support Enabled
DEBUG - 2022-11-11 10:57:45 --> Global POST, GET and COOKIE data sanitized
DEBUG - 2022-11-11 10:57:45 --> Config file loaded: /hwonpark/www/application/config/tree.php
DEBUG - 2022-11-11 10:57:45 --> Encryption: Auto-configured driver 'openssl'.
DEBUG - 2022-11-11 10:57:45 --> Total execution time: 0.0462
DEBUG - 2022-11-11 10:57:47 --> UTF-8 Support Enabled
DEBUG - 2022-11-11 10:57:47 --> Global POST, GET and COOKIE data sanitized
DEBUG - 2022-11-11 10:57:47 --> Config file loaded: /hwonpark/www/application/config/tree.php
DEBUG - 2022-11-11 10:57:47 --> Encryption: Auto-configured driver 'openssl'.
DEBUG - 2022-11-11 10:57:47 --> Total execution time: 0.0612
DEBUG - 2022-11-11 11:00:36 --> UTF-8 Support Enabled
DEBUG - 2022-11-11 11:00:36 --> Global POST, GET and COOKIE data sanitized
DEBUG - 2022-11-11 11:00:36 --> Config file loaded: /hwonpark/www/application/config/tree.php
DEBUG - 2022-11-11 11:00:36 --> Encryption: Auto-configured driver 'openssl'.
DEBUG - 2022-11-11 11:00:37 --> UTF-8 Support Enabled
DEBUG - 2022-11-11 11:00:37 --> Global POST, GET and COOKIE data sanitized
DEBUG - 2022-11-11 11:00:37 --> Config file loaded: /hwonpark/www/application/config/tree.php
DEBUG - 2022-11-11 11:00:37 --> Encryption: Auto-configured driver 'openssl'.
DEBUG - 2022-11-11 11:00:37 --> Total execution time: 0.0360
DEBUG - 2022-11-11 11:38:52 --> UTF-8 Support Enabled
DEBUG - 2022-11-11 11:38:52 --> Global POST, GET and COOKIE data sanitized
DEBUG - 2022-11-11 11:38:52 --> Config file loaded: /hwonpark/www/application/config/tree.php
DEBUG - 2022-11-11 11:38:52 --> Total execution time: 0.0315
DEBUG - 2022-11-11 11:38:56 --> UTF-8 Support Enabled
DEBUG - 2022-11-11 11:38:56 --> Global POST, GET and COOKIE data sanitized
DEBUG - 2022-11-11 11:38:56 --> Config file loaded: /hwonpark/www/application/config/tree.php
DEBUG - 2022-11-11 11:38:56 --> Total execution time: 0.0319
DEBUG - 2022-11-11 11:39:01 --> UTF-8 Support Enabled
DEBUG - 2022-11-11 11:39:01 --> Global POST, GET and COOKIE data sanitized
DEBUG - 2022-11-11 11:39:01 --> Config file loaded: /hwonpark/www/application/config/tree.php
DEBUG - 2022-11-11 11:39:02 --> UTF-8 Support Enabled
DEBUG - 2022-11-11 11:39:02 --> Global POST, GET and COOKIE data sanitized
DEBUG - 2022-11-11 11:39:02 --> Config file loaded: /hwonpark/www/application/config/tree.php
DEBUG - 2022-11-11 11:39:02 --> Encryption: Auto-configured driver 'openssl'.
DEBUG - 2022-11-11 11:39:02 --> UTF-8 Support Enabled
DEBUG - 2022-11-11 11:39:02 --> Global POST, GET and COOKIE data sanitized
DEBUG - 2022-11-11 11:39:02 --> Config file loaded: /hwonpark/www/application/config/tree.php
DEBUG - 2022-11-11 11:39:02 --> Encryption: Auto-configured driver 'openssl'.
DEBUG - 2022-11-11 11:39:02 --> Encryption class already loaded. Second attempt ignored.
DEBUG - 2022-11-11 11:39:02 --> Total execution time: 0.0367
DEBUG - 2022-11-11 11:39:06 --> UTF-8 Support Enabled
DEBUG - 2022-11-11 11:39:06 --> Global POST, GET and COOKIE data sanitized
DEBUG - 2022-11-11 11:39:06 --> Config file loaded: /hwonpark/www/application/config/tree.php
DEBUG - 2022-11-11 11:39:06 --> Encryption: Auto-configured driver 'openssl'.
DEBUG - 2022-11-11 11:39:06 --> Total execution time: 0.0372
DEBUG - 2022-11-11 11:39:07 --> UTF-8 Support Enabled
DEBUG - 2022-11-11 11:39:07 --> Global POST, GET and COOKIE data sanitized
DEBUG - 2022-11-11 11:39:07 --> Config file loaded: /hwonpark/www/application/config/tree.php
DEBUG - 2022-11-11 11:39:07 --> Encryption: Auto-configured driver 'openssl'.
DEBUG - 2022-11-11 11:39:07 --> Total execution time: 0.0363
DEBUG - 2022-11-11 11:39:14 --> UTF-8 Support Enabled
DEBUG - 2022-11-11 11:39:14 --> Global POST, GET and COOKIE data sanitized
DEBUG - 2022-11-11 11:39:14 --> Config file loaded: /hwonpark/www/application/config/tree.php
DEBUG - 2022-11-11 11:39:14 --> Encryption: Auto-configured driver 'openssl'.
DEBUG - 2022-11-11 11:39:14 --> Total execution time: 0.0392
DEBUG - 2022-11-11 11:39:15 --> UTF-8 Support Enabled
DEBUG - 2022-11-11 11:39:15 --> Global POST, GET and COOKIE data sanitized
DEBUG - 2022-11-11 11:39:15 --> Config file loaded: /hwonpark/www/application/config/tree.php
DEBUG - 2022-11-11 11:39:15 --> Encryption: Auto-configured driver 'openssl'.
DEBUG - 2022-11-11 11:39:15 --> Total execution time: 0.0591
DEBUG - 2022-11-11 11:39:19 --> UTF-8 Support Enabled
DEBUG - 2022-11-11 11:39:19 --> Global POST, GET and COOKIE data sanitized
DEBUG - 2022-11-11 11:39:19 --> Config file loaded: /hwonpark/www/application/config/tree.php
DEBUG - 2022-11-11 11:39:19 --> Encryption: Auto-configured driver 'openssl'.
DEBUG - 2022-11-11 11:39:19 --> Total execution time: 0.0417
DEBUG - 2022-11-11 11:39:21 --> UTF-8 Support Enabled
DEBUG - 2022-11-11 11:39:21 --> Global POST, GET and COOKIE data sanitized
DEBUG - 2022-11-11 11:39:21 --> Config file loaded: /hwonpark/www/application/config/tree.php
DEBUG - 2022-11-11 11:39:21 --> Encryption: Auto-configured driver 'openssl'.
DEBUG - 2022-11-11 11:39:21 --> Total execution time: 0.0599
DEBUG - 2022-11-11 12:13:41 --> UTF-8 Support Enabled
DEBUG - 2022-11-11 12:13:41 --> No URI present. Default controller set.
DEBUG - 2022-11-11 12:13:41 --> Global POST, GET and COOKIE data sanitized
DEBUG - 2022-11-11 12:13:41 --> Config file loaded: /hwonpark/www/application/config/tree.php
DEBUG - 2022-11-11 12:13:41 --> Total execution time: 0.0325
DEBUG - 2022-11-11 12:13:43 --> UTF-8 Support Enabled
DEBUG - 2022-11-11 12:13:43 --> No URI present. Default controller set.
DEBUG - 2022-11-11 12:13:43 --> Global POST, GET and COOKIE data sanitized
DEBUG - 2022-11-11 12:13:43 --> Config file loaded: /hwonpark/www/application/config/tree.php
DEBUG - 2022-11-11 12:13:43 --> Total execution time: 0.0324
DEBUG - 2022-11-11 12:13:44 --> UTF-8 Support Enabled
DEBUG - 2022-11-11 12:13:44 --> Global POST, GET and COOKIE data sanitized
ERROR - 2022-11-11 12:13:44 --> 404 Page Not Found: Faviconico/index
DEBUG - 2022-11-11 12:14:01 --> UTF-8 Support Enabled
DEBUG - 2022-11-11 12:14:01 --> Global POST, GET and COOKIE data sanitized
DEBUG - 2022-11-11 12:14:01 --> Config file loaded: /hwonpark/www/application/config/tree.php
DEBUG - 2022-11-11 12:14:01 --> Total execution time: 0.0448
DEBUG - 2022-11-11 12:14:03 --> UTF-8 Support Enabled
DEBUG - 2022-11-11 12:14:03 --> Global POST, GET and COOKIE data sanitized
DEBUG - 2022-11-11 12:14:03 --> Config file loaded: /hwonpark/www/application/config/tree.php
DEBUG - 2022-11-11 12:14:05 --> UTF-8 Support Enabled
DEBUG - 2022-11-11 12:14:05 --> Global POST, GET and COOKIE data sanitized
DEBUG - 2022-11-11 12:14:05 --> Config file loaded: /hwonpark/www/application/config/tree.php
DEBUG - 2022-11-11 12:14:05 --> Total execution time: 0.0309
DEBUG - 2022-11-11 12:14:06 --> UTF-8 Support Enabled
DEBUG - 2022-11-11 12:14:06 --> Global POST, GET and COOKIE data sanitized
DEBUG - 2022-11-11 12:14:06 --> Config file loaded: /hwonpark/www/application/config/tree.php
DEBUG - 2022-11-11 12:14:06 --> Total execution time: 0.0417
DEBUG - 2022-11-11 12:14:06 --> UTF-8 Support Enabled
DEBUG - 2022-11-11 12:14:07 --> No URI present. Default controller set.
DEBUG - 2022-11-11 12:14:07 --> Global POST, GET and COOKIE data sanitized
DEBUG - 2022-11-11 12:14:07 --> Config file loaded: /hwonpark/www/application/config/tree.php
DEBUG - 2022-11-11 12:14:07 --> Total execution time: 0.0358
DEBUG - 2022-11-11 13:34:11 --> UTF-8 Support Enabled
DEBUG - 2022-11-11 13:34:11 --> No URI present. Default controller set.
DEBUG - 2022-11-11 13:34:11 --> Global POST, GET and COOKIE data sanitized
DEBUG - 2022-11-11 13:34:11 --> Config file loaded: /hwonpark/www/application/config/tree.php
DEBUG - 2022-11-11 13:34:11 --> Total execution time: 0.0501
DEBUG - 2022-11-11 13:34:12 --> UTF-8 Support Enabled
DEBUG - 2022-11-11 13:34:12 --> Global POST, GET and COOKIE data sanitized
ERROR - 2022-11-11 13:34:12 --> 404 Page Not Found: Faviconico/index
DEBUG - 2022-11-11 13:34:15 --> UTF-8 Support Enabled
DEBUG - 2022-11-11 13:34:15 --> Global POST, GET and COOKIE data sanitized
DEBUG - 2022-11-11 13:34:15 --> Config file loaded: /hwonpark/www/application/config/tree.php
DEBUG - 2022-11-11 13:34:15 --> Total execution time: 0.0658
DEBUG - 2022-11-11 13:34:17 --> UTF-8 Support Enabled
DEBUG - 2022-11-11 13:34:17 --> Global POST, GET and COOKIE data sanitized
DEBUG - 2022-11-11 13:34:17 --> Config file loaded: /hwonpark/www/application/config/tree.php
DEBUG - 2022-11-11 13:34:17 --> Total execution time: 0.0670
DEBUG - 2022-11-11 14:04:42 --> UTF-8 Support Enabled
DEBUG - 2022-11-11 14:04:42 --> Global POST, GET and COOKIE data sanitized
DEBUG - 2022-11-11 14:04:42 --> Config file loaded: /hwonpark/www/application/config/tree.php
DEBUG - 2022-11-11 14:04:42 --> --------------------DC_common::chk_perm - 1.인가코드요청 시작 -> if 인앱브라우저
DEBUG - 2022-11-11 14:04:43 --> UTF-8 Support Enabled
DEBUG - 2022-11-11 14:04:43 --> Global POST, GET and COOKIE data sanitized
DEBUG - 2022-11-11 14:04:43 --> Config file loaded: /hwonpark/www/application/config/tree.php
DEBUG - 2022-11-11 14:04:43 --> =================== DL_auth-> oauth::CALLBACK - 시작
DEBUG - 2022-11-11 14:04:43 --> =================== DL_auth-> oauth::CALLBACK - kakao param=:: error=
DEBUG - 2022-11-11 14:04:43 --> =================== DL_auth-> oauth::CALLBACK - kakao param=:: state=/ko/pr/view?idx=96
DEBUG - 2022-11-11 14:04:43 --> =================== DL_auth-> oauth::CALLBACK - kakao param=:: code=E39YczbMGzgwBZyvl5Z85G1zMftWzef1UJjIinvkBNoGm4Kn2cnM6QuvQxtmpo4ygfTARAo9dJgAAAGEZRNwrg
DEBUG - 2022-11-11 14:04:43 --> =================== DL_auth -> kakao oauth :2: code=E39YczbMGzgwBZyvl5Z85G1zMftWzef1UJjIinvkBNoGm4Kn2cnM6QuvQxtmpo4ygfTARAo9dJgAAAGEZRNwrg
DEBUG - 2022-11-11 14:04:43 --> ====================Dl_auth -> kakao_login :: 시작
DEBUG - 2022-11-11 14:04:43 --> --------------------Dl_auth::kakao_login - 1.토큰요청 시작
DEBUG - 2022-11-11 14:04:43 --> Dl_auth::kakao_login - get_token 시작 n=2
DEBUG - 2022-11-11 14:04:43 --> --------------------Dl_auth::kakao_login - 1.2.토큰요청 시작 -> 기타브라우저
DEBUG - 2022-11-11 14:04:43 --> --------------------Dl_auth::kakao_login - 1.3.토큰요청
DEBUG - 2022-11-11 14:04:43 --> --------------------Dl_auth::kakao_login - 1.4.토큰요청 -> 성공
DEBUG - 2022-11-11 14:04:44 --> UTF-8 Support Enabled
DEBUG - 2022-11-11 14:04:44 --> Global POST, GET and COOKIE data sanitized
DEBUG - 2022-11-11 14:04:44 --> Config file loaded: /hwonpark/www/application/config/tree.php
DEBUG - 2022-11-11 14:04:44 --> =================== DL_auth-> oauth::CALLBACK - 시작
DEBUG - 2022-11-11 14:04:44 --> =================== DL_auth-> oauth::CALLBACK - kakao param=:: error=
DEBUG - 2022-11-11 14:04:44 --> =================== DL_auth-> oauth::CALLBACK - kakao param=:: state=/ko/pr/view?idx=96
DEBUG - 2022-11-11 14:04:44 --> =================== DL_auth-> oauth::CALLBACK - kakao param=:: code=E39YczbMGzgwBZyvl5Z85G1zMftWzef1UJjIinvkBNoGm4Kn2cnM6QuvQxtmpo4ygfTARAo9dJgAAAGEZRNwrg
DEBUG - 2022-11-11 14:04:44 --> =================== DL_auth -> kakao oauth :2: code=E39YczbMGzgwBZyvl5Z85G1zMftWzef1UJjIinvkBNoGm4Kn2cnM6QuvQxtmpo4ygfTARAo9dJgAAAGEZRNwrg
DEBUG - 2022-11-11 14:04:44 --> ====================Dl_auth -> kakao_login :: 시작
DEBUG - 2022-11-11 14:04:44 --> ====================Dl_auth::kakao_login - 1.3.5- 사이트 회원정보 업데이트 성공(카카오 인증 완료) state=/ko/pr/view?idx=96
DEBUG - 2022-11-11 14:04:44 --> UTF-8 Support Enabled
DEBUG - 2022-11-11 14:04:44 --> Global POST, GET and COOKIE data sanitized
DEBUG - 2022-11-11 14:04:44 --> Config file loaded: /hwonpark/www/application/config/tree.php
DEBUG - 2022-11-11 14:04:44 --> Encryption: Auto-configured driver 'openssl'.
DEBUG - 2022-11-11 14:04:44 --> --------------------DC_common::chk_perm - 1.인가코드요청 시작 -> if 인앱브라우저
DEBUG - 2022-11-11 14:04:44 --> Total execution time: 0.0581
DEBUG - 2022-11-11 14:05:23 --> UTF-8 Support Enabled
DEBUG - 2022-11-11 14:05:23 --> Global POST, GET and COOKIE data sanitized
DEBUG - 2022-11-11 14:05:23 --> Config file loaded: /hwonpark/www/application/config/tree.php
DEBUG - 2022-11-11 14:05:23 --> Encryption: Auto-configured driver 'openssl'.
DEBUG - 2022-11-11 14:05:23 --> --------------------DC_common::chk_perm - 1.인가코드요청 시작 -> if 인앱브라우저
DEBUG - 2022-11-11 14:05:23 --> Total execution time: 0.0533
DEBUG - 2022-11-11 14:12:22 --> UTF-8 Support Enabled
DEBUG - 2022-11-11 14:12:22 --> Global POST, GET and COOKIE data sanitized
DEBUG - 2022-11-11 14:12:22 --> Config file loaded: /hwonpark/www/application/config/tree.php
DEBUG - 2022-11-11 14:12:22 --> Total execution time: 0.0461
DEBUG - 2022-11-11 14:12:23 --> UTF-8 Support Enabled
DEBUG - 2022-11-11 14:12:23 --> Global POST, GET and COOKIE data sanitized
ERROR - 2022-11-11 14:12:23 --> 404 Page Not Found: Faviconico/index
DEBUG - 2022-11-11 14:17:50 --> UTF-8 Support Enabled
DEBUG - 2022-11-11 14:17:50 --> Global POST, GET and COOKIE data sanitized
DEBUG - 2022-11-11 14:17:50 --> Config file loaded: /hwonpark/www/application/config/tree.php
DEBUG - 2022-11-11 14:17:50 --> --------------------DC_common::chk_perm - 1.인가코드요청 시작 -> if 인앱브라우저
DEBUG - 2022-11-11 14:17:51 --> UTF-8 Support Enabled
DEBUG - 2022-11-11 14:17:51 --> Global POST, GET and COOKIE data sanitized
DEBUG - 2022-11-11 14:17:51 --> Config file loaded: /hwonpark/www/application/config/tree.php
DEBUG - 2022-11-11 14:17:51 --> =================== DL_auth-> oauth::CALLBACK - 시작
DEBUG - 2022-11-11 14:17:51 --> =================== DL_auth-> oauth::CALLBACK - kakao param=:: error=
DEBUG - 2022-11-11 14:17:51 --> =================== DL_auth-> oauth::CALLBACK - kakao param=:: state=/ko/pr/view?idx=96
DEBUG - 2022-11-11 14:17:51 --> =================== DL_auth-> oauth::CALLBACK - kakao param=:: code=A2BxC5NFkDsaUVVZpslGkEtC1FpSo54lP6uEcYmBSNBnwPSL8M0WdfstDivr261RHN8dtwo9c5sAAAGEZR914A
DEBUG - 2022-11-11 14:17:51 --> =================== DL_auth -> kakao oauth :2: code=A2BxC5NFkDsaUVVZpslGkEtC1FpSo54lP6uEcYmBSNBnwPSL8M0WdfstDivr261RHN8dtwo9c5sAAAGEZR914A
DEBUG - 2022-11-11 14:17:51 --> ====================Dl_auth -> kakao_login :: 시작
DEBUG - 2022-11-11 14:17:51 --> --------------------Dl_auth::kakao_login - 1.토큰요청 시작
DEBUG - 2022-11-11 14:17:51 --> Dl_auth::kakao_login - get_token 시작 n=2
DEBUG - 2022-11-11 14:17:51 --> --------------------Dl_auth::kakao_login - 1.2.토큰요청 시작 -> 기타브라우저
DEBUG - 2022-11-11 14:17:51 --> --------------------Dl_auth::kakao_login - 1.3.토큰요청
DEBUG - 2022-11-11 14:17:51 --> --------------------Dl_auth::kakao_login - 1.4.토큰요청 -> 성공
DEBUG - 2022-11-11 14:17:51 --> UTF-8 Support Enabled
DEBUG - 2022-11-11 14:17:51 --> Global POST, GET and COOKIE data sanitized
DEBUG - 2022-11-11 14:17:51 --> Config file loaded: /hwonpark/www/application/config/tree.php
DEBUG - 2022-11-11 14:17:51 --> =================== DL_auth-> oauth::CALLBACK - 시작
DEBUG - 2022-11-11 14:17:51 --> =================== DL_auth-> oauth::CALLBACK - kakao param=:: error=
DEBUG - 2022-11-11 14:17:51 --> =================== DL_auth-> oauth::CALLBACK - kakao param=:: state=/ko/pr/view?idx=96
DEBUG - 2022-11-11 14:17:51 --> =================== DL_auth-> oauth::CALLBACK - kakao param=:: code=A2BxC5NFkDsaUVVZpslGkEtC1FpSo54lP6uEcYmBSNBnwPSL8M0WdfstDivr261RHN8dtwo9c5sAAAGEZR914A
DEBUG - 2022-11-11 14:17:51 --> =================== DL_auth -> kakao oauth :2: code=A2BxC5NFkDsaUVVZpslGkEtC1FpSo54lP6uEcYmBSNBnwPSL8M0WdfstDivr261RHN8dtwo9c5sAAAGEZR914A
DEBUG - 2022-11-11 14:17:51 --> ====================Dl_auth -> kakao_login :: 시작
DEBUG - 2022-11-11 14:17:52 --> ====================Dl_auth::kakao_login - 1.3.5- 사이트 회원정보 업데이트 성공(카카오 인증 완료) state=/ko/pr/view?idx=96
DEBUG - 2022-11-11 14:17:52 --> UTF-8 Support Enabled
DEBUG - 2022-11-11 14:17:52 --> Global POST, GET and COOKIE data sanitized
DEBUG - 2022-11-11 14:17:52 --> Config file loaded: /hwonpark/www/application/config/tree.php
DEBUG - 2022-11-11 14:17:52 --> Encryption: Auto-configured driver 'openssl'.
DEBUG - 2022-11-11 14:17:52 --> --------------------DC_common::chk_perm - 1.인가코드요청 시작 -> if 인앱브라우저
DEBUG - 2022-11-11 14:17:52 --> Total execution time: 0.0546
DEBUG - 2022-11-11 14:17:54 --> UTF-8 Support Enabled
DEBUG - 2022-11-11 14:17:54 --> Global POST, GET and COOKIE data sanitized
DEBUG - 2022-11-11 14:17:54 --> Config file loaded: /hwonpark/www/application/config/tree.php
DEBUG - 2022-11-11 14:17:54 --> Encryption: Auto-configured driver 'openssl'.
DEBUG - 2022-11-11 14:17:54 --> UTF-8 Support Enabled
DEBUG - 2022-11-11 14:17:54 --> Global POST, GET and COOKIE data sanitized
DEBUG - 2022-11-11 14:17:54 --> Config file loaded: /hwonpark/www/application/config/tree.php
DEBUG - 2022-11-11 14:17:54 --> Encryption: Auto-configured driver 'openssl'.
DEBUG - 2022-11-11 14:17:59 --> UTF-8 Support Enabled
DEBUG - 2022-11-11 14:17:59 --> Global POST, GET and COOKIE data sanitized
DEBUG - 2022-11-11 14:17:59 --> Config file loaded: /hwonpark/www/application/config/tree.php
DEBUG - 2022-11-11 14:17:59 --> Encryption: Auto-configured driver 'openssl'.
DEBUG - 2022-11-11 14:18:00 --> UTF-8 Support Enabled
DEBUG - 2022-11-11 14:18:00 --> Global POST, GET and COOKIE data sanitized
DEBUG - 2022-11-11 14:18:00 --> Config file loaded: /hwonpark/www/application/config/tree.php
DEBUG - 2022-11-11 14:18:00 --> Encryption: Auto-configured driver 'openssl'.
DEBUG - 2022-11-11 14:51:54 --> UTF-8 Support Enabled
DEBUG - 2022-11-11 14:51:54 --> No URI present. Default controller set.
DEBUG - 2022-11-11 14:51:54 --> Global POST, GET and COOKIE data sanitized
DEBUG - 2022-11-11 14:51:54 --> Config file loaded: /hwonpark/www/application/config/tree.php
DEBUG - 2022-11-11 14:51:54 --> Total execution time: 0.0595
DEBUG - 2022-11-11 14:51:55 --> UTF-8 Support Enabled
DEBUG - 2022-11-11 14:51:55 --> Global POST, GET and COOKIE data sanitized
ERROR - 2022-11-11 14:51:55 --> 404 Page Not Found: Faviconico/index
DEBUG - 2022-11-11 14:52:00 --> UTF-8 Support Enabled
DEBUG - 2022-11-11 14:52:00 --> Global POST, GET and COOKIE data sanitized
DEBUG - 2022-11-11 14:52:00 --> Config file loaded: /hwonpark/www/application/config/tree.php
DEBUG - 2022-11-11 14:52:00 --> Total execution time: 0.0444
DEBUG - 2022-11-11 14:52:29 --> UTF-8 Support Enabled
DEBUG - 2022-11-11 14:52:29 --> Global POST, GET and COOKIE data sanitized
DEBUG - 2022-11-11 14:52:29 --> Config file loaded: /hwonpark/www/application/config/tree.php
DEBUG - 2022-11-11 14:52:29 --> Total execution time: 0.0330
DEBUG - 2022-11-11 14:52:36 --> UTF-8 Support Enabled
DEBUG - 2022-11-11 14:52:36 --> Global POST, GET and COOKIE data sanitized
DEBUG - 2022-11-11 14:52:36 --> Config file loaded: /hwonpark/www/application/config/tree.php
DEBUG - 2022-11-11 14:52:36 --> Total execution time: 0.0319
DEBUG - 2022-11-11 14:52:50 --> UTF-8 Support Enabled
DEBUG - 2022-11-11 14:52:50 --> Global POST, GET and COOKIE data sanitized
DEBUG - 2022-11-11 14:52:51 --> Config file loaded: /hwonpark/www/application/config/tree.php
DEBUG - 2022-11-11 14:52:51 --> Total execution time: 0.0441
DEBUG - 2022-11-11 14:53:04 --> UTF-8 Support Enabled
DEBUG - 2022-11-11 14:53:04 --> Global POST, GET and COOKIE data sanitized
DEBUG - 2022-11-11 14:53:04 --> Config file loaded: /hwonpark/www/application/config/tree.php
DEBUG - 2022-11-11 14:53:04 --> Total execution time: 0.0593
DEBUG - 2022-11-11 14:53:12 --> UTF-8 Support Enabled
DEBUG - 2022-11-11 14:53:12 --> Global POST, GET and COOKIE data sanitized
DEBUG - 2022-11-11 14:53:12 --> Config file loaded: /hwonpark/www/application/config/tree.php
DEBUG - 2022-11-11 14:53:12 --> Total execution time: 0.0449
DEBUG - 2022-11-11 14:53:17 --> UTF-8 Support Enabled
DEBUG - 2022-11-11 14:53:17 --> Global POST, GET and COOKIE data sanitized
DEBUG - 2022-11-11 14:53:17 --> Config file loaded: /hwonpark/www/application/config/tree.php
DEBUG - 2022-11-11 14:53:17 --> Total execution time: 0.0358
DEBUG - 2022-11-11 14:53:20 --> UTF-8 Support Enabled
DEBUG - 2022-11-11 14:53:20 --> Global POST, GET and COOKIE data sanitized
DEBUG - 2022-11-11 14:53:20 --> Config file loaded: /hwonpark/www/application/config/tree.php
DEBUG - 2022-11-11 14:53:20 --> Total execution time: 0.0471
DEBUG - 2022-11-11 14:53:26 --> UTF-8 Support Enabled
DEBUG - 2022-11-11 14:53:26 --> Global POST, GET and COOKIE data sanitized
DEBUG - 2022-11-11 14:53:26 --> Config file loaded: /hwonpark/www/application/config/tree.php
DEBUG - 2022-11-11 14:53:26 --> Total execution time: 0.0786
DEBUG - 2022-11-11 14:53:32 --> UTF-8 Support Enabled
DEBUG - 2022-11-11 14:53:32 --> Global POST, GET and COOKIE data sanitized
DEBUG - 2022-11-11 14:53:32 --> Config file loaded: /hwonpark/www/application/config/tree.php
DEBUG - 2022-11-11 14:53:32 --> Total execution time: 0.0377
DEBUG - 2022-11-11 15:08:30 --> UTF-8 Support Enabled
DEBUG - 2022-11-11 15:08:30 --> No URI present. Default controller set.
DEBUG - 2022-11-11 15:08:30 --> Global POST, GET and COOKIE data sanitized
DEBUG - 2022-11-11 15:08:30 --> Config file loaded: /hwonpark/www/application/config/tree.php
DEBUG - 2022-11-11 15:08:30 --> Total execution time: 0.0304
DEBUG - 2022-11-11 15:31:09 --> UTF-8 Support Enabled
DEBUG - 2022-11-11 15:31:09 --> No URI present. Default controller set.
DEBUG - 2022-11-11 15:31:09 --> Global POST, GET and COOKIE data sanitized
DEBUG - 2022-11-11 15:31:09 --> Config file loaded: /hwonpark/www/application/config/tree.php
DEBUG - 2022-11-11 15:31:09 --> Total execution time: 0.1995
DEBUG - 2022-11-11 15:31:11 --> UTF-8 Support Enabled
DEBUG - 2022-11-11 15:31:11 --> Global POST, GET and COOKIE data sanitized
DEBUG - 2022-11-11 15:31:11 --> Config file loaded: /hwonpark/www/application/config/tree.php
DEBUG - 2022-11-11 15:31:11 --> Total execution time: 0.0683
DEBUG - 2022-11-11 15:31:15 --> UTF-8 Support Enabled
DEBUG - 2022-11-11 15:31:15 --> Global POST, GET and COOKIE data sanitized
DEBUG - 2022-11-11 15:31:15 --> Config file loaded: /hwonpark/www/application/config/tree.php
DEBUG - 2022-11-11 15:31:15 --> Total execution time: 0.0354
DEBUG - 2022-11-11 15:31:16 --> UTF-8 Support Enabled
DEBUG - 2022-11-11 15:31:16 --> Global POST, GET and COOKIE data sanitized
DEBUG - 2022-11-11 15:31:16 --> Config file loaded: /hwonpark/www/application/config/tree.php
DEBUG - 2022-11-11 15:31:16 --> --------------------DC_common::chk_perm - 1.인가코드요청 시작 -> if 인앱브라우저
DEBUG - 2022-11-11 15:31:17 --> UTF-8 Support Enabled
DEBUG - 2022-11-11 15:31:17 --> Global POST, GET and COOKIE data sanitized
DEBUG - 2022-11-11 15:31:17 --> Config file loaded: /hwonpark/www/application/config/tree.php
DEBUG - 2022-11-11 15:31:17 --> =================== DL_auth-> oauth::CALLBACK - 시작
DEBUG - 2022-11-11 15:31:17 --> =================== DL_auth-> oauth::CALLBACK - kakao param=:: error=
DEBUG - 2022-11-11 15:31:17 --> =================== DL_auth-> oauth::CALLBACK - kakao param=:: state=/ko/brief/view?idx=16
DEBUG - 2022-11-11 15:31:17 --> =================== DL_auth-> oauth::CALLBACK - kakao param=:: code=uJhVj24GjG3Pe0bjHroIp6Fef4f2uCtlnfUR2w7ymo4ecKALNPymn10WtGfJuFiAfVr2wAo9cpgAAAGEZWKxmg
DEBUG - 2022-11-11 15:31:17 --> =================== DL_auth -> kakao oauth :2: code=uJhVj24GjG3Pe0bjHroIp6Fef4f2uCtlnfUR2w7ymo4ecKALNPymn10WtGfJuFiAfVr2wAo9cpgAAAGEZWKxmg
DEBUG - 2022-11-11 15:31:17 --> ====================Dl_auth -> kakao_login :: 시작
DEBUG - 2022-11-11 15:31:17 --> --------------------Dl_auth::kakao_login - 1.토큰요청 시작
DEBUG - 2022-11-11 15:31:17 --> Dl_auth::kakao_login - get_token 시작 n=2
DEBUG - 2022-11-11 15:31:17 --> --------------------Dl_auth::kakao_login - 1.2.토큰요청 시작 -> 기타브라우저
DEBUG - 2022-11-11 15:31:17 --> --------------------Dl_auth::kakao_login - 1.3.토큰요청
DEBUG - 2022-11-11 15:31:17 --> --------------------Dl_auth::kakao_login - 1.4.토큰요청 -> 성공
DEBUG - 2022-11-11 15:31:18 --> UTF-8 Support Enabled
DEBUG - 2022-11-11 15:31:18 --> Global POST, GET and COOKIE data sanitized
DEBUG - 2022-11-11 15:31:18 --> Config file loaded: /hwonpark/www/application/config/tree.php
DEBUG - 2022-11-11 15:31:18 --> =================== DL_auth-> oauth::CALLBACK - 시작
DEBUG - 2022-11-11 15:31:18 --> =================== DL_auth-> oauth::CALLBACK - kakao param=:: error=
DEBUG - 2022-11-11 15:31:18 --> =================== DL_auth-> oauth::CALLBACK - kakao param=:: state=/ko/brief/view?idx=16
DEBUG - 2022-11-11 15:31:18 --> =================== DL_auth-> oauth::CALLBACK - kakao param=:: code=uJhVj24GjG3Pe0bjHroIp6Fef4f2uCtlnfUR2w7ymo4ecKALNPymn10WtGfJuFiAfVr2wAo9cpgAAAGEZWKxmg
DEBUG - 2022-11-11 15:31:18 --> =================== DL_auth -> kakao oauth :2: code=uJhVj24GjG3Pe0bjHroIp6Fef4f2uCtlnfUR2w7ymo4ecKALNPymn10WtGfJuFiAfVr2wAo9cpgAAAGEZWKxmg
DEBUG - 2022-11-11 15:31:18 --> ====================Dl_auth -> kakao_login :: 시작
DEBUG - 2022-11-11 15:31:18 --> ====================Dl_auth::kakao_login - 1.3.5- 사이트 회원정보 업데이트 성공(카카오 인증 완료) state=/ko/brief/view?idx=16
DEBUG - 2022-11-11 15:31:18 --> UTF-8 Support Enabled
DEBUG - 2022-11-11 15:31:18 --> Global POST, GET and COOKIE data sanitized
DEBUG - 2022-11-11 15:31:18 --> Config file loaded: /hwonpark/www/application/config/tree.php
DEBUG - 2022-11-11 15:31:18 --> Encryption: Auto-configured driver 'openssl'.
DEBUG - 2022-11-11 15:31:18 --> --------------------DC_common::chk_perm - 1.인가코드요청 시작 -> if 인앱브라우저
DEBUG - 2022-11-11 15:31:18 --> Total execution time: 0.0534
DEBUG - 2022-11-11 15:45:37 --> UTF-8 Support Enabled
DEBUG - 2022-11-11 15:45:37 --> No URI present. Default controller set.
DEBUG - 2022-11-11 15:45:37 --> Global POST, GET and COOKIE data sanitized
DEBUG - 2022-11-11 15:45:37 --> Config file loaded: /hwonpark/www/application/config/tree.php
DEBUG - 2022-11-11 15:45:37 --> Total execution time: 0.0403
DEBUG - 2022-11-11 15:45:53 --> UTF-8 Support Enabled
DEBUG - 2022-11-11 15:45:53 --> Global POST, GET and COOKIE data sanitized
DEBUG - 2022-11-11 15:45:53 --> Config file loaded: /hwonpark/www/application/config/tree.php
DEBUG - 2022-11-11 15:45:53 --> Total execution time: 0.0715
DEBUG - 2022-11-11 15:46:45 --> UTF-8 Support Enabled
DEBUG - 2022-11-11 15:46:45 --> No URI present. Default controller set.
DEBUG - 2022-11-11 15:46:45 --> Global POST, GET and COOKIE data sanitized
ERROR - 2022-11-11 15:46:45 --> 404 Page Not Found: ERROR : url is wrong
DEBUG - 2022-11-11 15:46:46 --> UTF-8 Support Enabled
DEBUG - 2022-11-11 15:46:46 --> Global POST, GET and COOKIE data sanitized
ERROR - 2022-11-11 15:46:46 --> 404 Page Not Found: Faviconico/index
DEBUG - 2022-11-11 15:46:51 --> UTF-8 Support Enabled
DEBUG - 2022-11-11 15:46:51 --> No URI present. Default controller set.
DEBUG - 2022-11-11 15:46:51 --> Global POST, GET and COOKIE data sanitized
DEBUG - 2022-11-11 15:46:51 --> Config file loaded: /hwonpark/www/application/config/tree.php
DEBUG - 2022-11-11 15:46:51 --> Total execution time: 0.0693
DEBUG - 2022-11-11 15:46:52 --> UTF-8 Support Enabled
DEBUG - 2022-11-11 15:46:52 --> Global POST, GET and COOKIE data sanitized
ERROR - 2022-11-11 15:46:52 --> 404 Page Not Found: Faviconico/index
DEBUG - 2022-11-11 15:47:21 --> UTF-8 Support Enabled
DEBUG - 2022-11-11 15:47:21 --> Global POST, GET and COOKIE data sanitized
DEBUG - 2022-11-11 15:47:21 --> Config file loaded: /hwonpark/www/application/config/tree.php
DEBUG - 2022-11-11 15:47:22 --> Total execution time: 0.0346
DEBUG - 2022-11-11 15:48:12 --> UTF-8 Support Enabled
DEBUG - 2022-11-11 15:48:12 --> Global POST, GET and COOKIE data sanitized
DEBUG - 2022-11-11 15:48:12 --> Config file loaded: /hwonpark/www/application/config/tree.php
DEBUG - 2022-11-11 15:48:12 --> Total execution time: 0.0388
DEBUG - 2022-11-11 15:48:17 --> UTF-8 Support Enabled
DEBUG - 2022-11-11 15:48:17 --> Global POST, GET and COOKIE data sanitized
DEBUG - 2022-11-11 15:48:17 --> Total execution time: 0.0299
DEBUG - 2022-11-11 15:49:37 --> UTF-8 Support Enabled
DEBUG - 2022-11-11 15:49:37 --> Global POST, GET and COOKIE data sanitized
DEBUG - 2022-11-11 15:49:37 --> Config file loaded: /hwonpark/www/application/config/tree.php
DEBUG - 2022-11-11 15:49:37 --> Total execution time: 0.0418
DEBUG - 2022-11-11 15:49:43 --> UTF-8 Support Enabled
DEBUG - 2022-11-11 15:49:43 --> Global POST, GET and COOKIE data sanitized
DEBUG - 2022-11-11 15:49:43 --> Total execution time: 0.0167
DEBUG - 2022-11-11 15:50:45 --> UTF-8 Support Enabled
DEBUG - 2022-11-11 15:50:45 --> Global POST, GET and COOKIE data sanitized
DEBUG - 2022-11-11 15:50:45 --> Config file loaded: /hwonpark/www/application/config/tree.php
DEBUG - 2022-11-11 15:50:45 --> Total execution time: 0.0340
DEBUG - 2022-11-11 15:51:20 --> UTF-8 Support Enabled
DEBUG - 2022-11-11 15:51:20 --> Global POST, GET and COOKIE data sanitized
DEBUG - 2022-11-11 15:51:20 --> Config file loaded: /hwonpark/www/application/config/tree.php
DEBUG - 2022-11-11 15:51:20 --> Total execution time: 0.0312
DEBUG - 2022-11-11 15:51:25 --> UTF-8 Support Enabled
DEBUG - 2022-11-11 15:51:25 --> Global POST, GET and COOKIE data sanitized
DEBUG - 2022-11-11 15:51:25 --> Total execution time: 0.0153
DEBUG - 2022-11-11 15:51:58 --> UTF-8 Support Enabled
DEBUG - 2022-11-11 15:51:58 --> Global POST, GET and COOKIE data sanitized
DEBUG - 2022-11-11 15:51:58 --> Config file loaded: /hwonpark/www/application/config/tree.php
DEBUG - 2022-11-11 15:51:58 --> Total execution time: 0.0403
DEBUG - 2022-11-11 15:52:03 --> UTF-8 Support Enabled
DEBUG - 2022-11-11 15:52:03 --> No URI present. Default controller set.
DEBUG - 2022-11-11 15:52:03 --> Global POST, GET and COOKIE data sanitized
DEBUG - 2022-11-11 15:52:03 --> Config file loaded: /hwonpark/www/application/config/tree.php
DEBUG - 2022-11-11 15:52:03 --> Total execution time: 0.0403
DEBUG - 2022-11-11 16:04:30 --> UTF-8 Support Enabled
DEBUG - 2022-11-11 16:04:30 --> No URI present. Default controller set.
DEBUG - 2022-11-11 16:04:30 --> Global POST, GET and COOKIE data sanitized
DEBUG - 2022-11-11 16:04:30 --> Config file loaded: /hwonpark/www/application/config/tree.php
DEBUG - 2022-11-11 16:04:30 --> Total execution time: 0.0445
DEBUG - 2022-11-11 16:04:55 --> UTF-8 Support Enabled
DEBUG - 2022-11-11 16:04:55 --> No URI present. Default controller set.
DEBUG - 2022-11-11 16:04:55 --> Global POST, GET and COOKIE data sanitized
DEBUG - 2022-11-11 16:04:55 --> Config file loaded: /hwonpark/www/application/config/tree.php
DEBUG - 2022-11-11 16:04:55 --> Total execution time: 0.0329
DEBUG - 2022-11-11 16:04:59 --> UTF-8 Support Enabled
DEBUG - 2022-11-11 16:04:59 --> Global POST, GET and COOKIE data sanitized
DEBUG - 2022-11-11 16:04:59 --> Config file loaded: /hwonpark/www/application/config/tree.php
DEBUG - 2022-11-11 16:04:59 --> Total execution time: 0.0448
DEBUG - 2022-11-11 16:32:50 --> UTF-8 Support Enabled
DEBUG - 2022-11-11 16:32:50 --> No URI present. Default controller set.
DEBUG - 2022-11-11 16:32:50 --> Global POST, GET and COOKIE data sanitized
DEBUG - 2022-11-11 16:32:50 --> Config file loaded: /hwonpark/www/application/config/tree.php
DEBUG - 2022-11-11 16:32:50 --> Total execution time: 0.0360
DEBUG - 2022-11-11 16:53:29 --> UTF-8 Support Enabled
DEBUG - 2022-11-11 16:53:29 --> No URI present. Default controller set.
DEBUG - 2022-11-11 16:53:29 --> Global POST, GET and COOKIE data sanitized
DEBUG - 2022-11-11 16:53:29 --> Config file loaded: /hwonpark/www/application/config/tree.php
DEBUG - 2022-11-11 16:53:29 --> Total execution time: 0.0300
DEBUG - 2022-11-11 16:53:29 --> UTF-8 Support Enabled
DEBUG - 2022-11-11 16:53:29 --> Global POST, GET and COOKIE data sanitized
ERROR - 2022-11-11 16:53:29 --> 404 Page Not Found: Faviconico/index
DEBUG - 2022-11-11 16:53:58 --> UTF-8 Support Enabled
DEBUG - 2022-11-11 16:53:58 --> Global POST, GET and COOKIE data sanitized
DEBUG - 2022-11-11 16:53:59 --> Config file loaded: /hwonpark/www/application/config/tree.php
DEBUG - 2022-11-11 16:53:59 --> Total execution time: 0.0481
DEBUG - 2022-11-11 16:54:03 --> UTF-8 Support Enabled
DEBUG - 2022-11-11 16:54:03 --> Global POST, GET and COOKIE data sanitized
DEBUG - 2022-11-11 16:54:03 --> Config file loaded: /hwonpark/www/application/config/tree.php
DEBUG - 2022-11-11 16:54:03 --> Total execution time: 0.0347
DEBUG - 2022-11-11 16:54:13 --> UTF-8 Support Enabled
DEBUG - 2022-11-11 16:54:13 --> Global POST, GET and COOKIE data sanitized
DEBUG - 2022-11-11 16:54:13 --> Config file loaded: /hwonpark/www/application/config/tree.php
DEBUG - 2022-11-11 16:54:13 --> =================== DL_auth-> oauth::CALLBACK - 시작
DEBUG - 2022-11-11 16:54:13 --> =================== DL_auth-> oauth::CALLBACK - kakao param=:: error=
DEBUG - 2022-11-11 16:54:13 --> =================== DL_auth-> oauth::CALLBACK - kakao param=:: state=
DEBUG - 2022-11-11 16:54:13 --> =================== DL_auth-> oauth::CALLBACK - kakao param=:: code=Wf6QEIsjexCFBm8brccvlv801ldZuLI1lFkIiNwSwOPvMS9tzFBNXHrWvqJDth0kE3xq6go9c5oAAAGEZa6a9A
DEBUG - 2022-11-11 16:54:13 --> =================== DL_auth -> kakao oauth :2: code=Wf6QEIsjexCFBm8brccvlv801ldZuLI1lFkIiNwSwOPvMS9tzFBNXHrWvqJDth0kE3xq6go9c5oAAAGEZa6a9A
DEBUG - 2022-11-11 16:54:13 --> ====================Dl_auth -> kakao_login :: 시작
DEBUG - 2022-11-11 16:54:13 --> --------------------Dl_auth::kakao_login - 1.토큰요청 시작
DEBUG - 2022-11-11 16:54:13 --> Dl_auth::kakao_login - get_token 시작 n=2
DEBUG - 2022-11-11 16:54:13 --> --------------------Dl_auth::kakao_login - 1.2.토큰요청 시작 -> 기타브라우저
DEBUG - 2022-11-11 16:54:13 --> --------------------Dl_auth::kakao_login - 1.3.토큰요청
DEBUG - 2022-11-11 16:54:13 --> --------------------Dl_auth::kakao_login - 1.4.토큰요청 -> 성공
DEBUG - 2022-11-11 16:54:13 --> UTF-8 Support Enabled
DEBUG - 2022-11-11 16:54:13 --> Global POST, GET and COOKIE data sanitized
DEBUG - 2022-11-11 16:54:13 --> Config file loaded: /hwonpark/www/application/config/tree.php
DEBUG - 2022-11-11 16:54:13 --> =================== DL_auth-> oauth::CALLBACK - 시작
DEBUG - 2022-11-11 16:54:13 --> =================== DL_auth-> oauth::CALLBACK - kakao param=:: error=
DEBUG - 2022-11-11 16:54:13 --> =================== DL_auth-> oauth::CALLBACK - kakao param=:: state=
DEBUG - 2022-11-11 16:54:13 --> =================== DL_auth-> oauth::CALLBACK - kakao param=:: code=Wf6QEIsjexCFBm8brccvlv801ldZuLI1lFkIiNwSwOPvMS9tzFBNXHrWvqJDth0kE3xq6go9c5oAAAGEZa6a9A
DEBUG - 2022-11-11 16:54:13 --> =================== DL_auth -> kakao oauth :2: code=Wf6QEIsjexCFBm8brccvlv801ldZuLI1lFkIiNwSwOPvMS9tzFBNXHrWvqJDth0kE3xq6go9c5oAAAGEZa6a9A
DEBUG - 2022-11-11 16:54:13 --> ====================Dl_auth -> kakao_login :: 시작
DEBUG - 2022-11-11 16:54:16 --> UTF-8 Support Enabled
DEBUG - 2022-11-11 16:54:16 --> Global POST, GET and COOKIE data sanitized
DEBUG - 2022-11-11 16:54:16 --> Config file loaded: /hwonpark/www/application/config/tree.php
DEBUG - 2022-11-11 16:54:16 --> Total execution time: 0.0351
DEBUG - 2022-11-11 16:54:23 --> UTF-8 Support Enabled
DEBUG - 2022-11-11 16:54:23 --> Global POST, GET and COOKIE data sanitized
DEBUG - 2022-11-11 16:54:23 --> Session class already loaded. Second attempt ignored.
DEBUG - 2022-11-11 16:54:23 --> Total execution time: 0.0210
DEBUG - 2022-11-11 16:54:24 --> UTF-8 Support Enabled
DEBUG - 2022-11-11 16:54:24 --> Global POST, GET and COOKIE data sanitized
DEBUG - 2022-11-11 16:54:24 --> Config file loaded: /hwonpark/www/application/config/tree.php
DEBUG - 2022-11-11 16:54:24 --> =================== DL_auth-> oauth::CALLBACK - 시작
DEBUG - 2022-11-11 16:54:24 --> =================== DL_auth-> oauth::CALLBACK - kakao param=:: error=
DEBUG - 2022-11-11 16:54:24 --> =================== DL_auth-> oauth::CALLBACK - kakao param=:: state=
DEBUG - 2022-11-11 16:54:24 --> =================== DL_auth-> oauth::CALLBACK - kakao param=:: code=pox5z5Cfbmub-7bjIhZ8BI1isuGn4PKBXCM6ihD_pp_5b4ZHUFypmAP6Jd0PykPN4vK_Tgo9cxcAAAGEZa7FvQ
DEBUG - 2022-11-11 16:54:24 --> =================== DL_auth -> kakao oauth :2: code=pox5z5Cfbmub-7bjIhZ8BI1isuGn4PKBXCM6ihD_pp_5b4ZHUFypmAP6Jd0PykPN4vK_Tgo9cxcAAAGEZa7FvQ
DEBUG - 2022-11-11 16:54:24 --> ====================Dl_auth -> kakao_login :: 시작
DEBUG - 2022-11-11 16:54:24 --> UTF-8 Support Enabled
DEBUG - 2022-11-11 16:54:24 --> Global POST, GET and COOKIE data sanitized
DEBUG - 2022-11-11 16:54:24 --> Config file loaded: /hwonpark/www/application/config/tree.php
DEBUG - 2022-11-11 16:54:24 --> =================== DL_auth -> joinForm :: 시작
DEBUG - 2022-11-11 16:54:24 --> =================== DL_auth -> joinForm :: 끝
DEBUG - 2022-11-11 16:54:24 --> Total execution time: 0.0620
DEBUG - 2022-11-11 16:54:29 --> UTF-8 Support Enabled
DEBUG - 2022-11-11 16:54:29 --> Global POST, GET and COOKIE data sanitized
DEBUG - 2022-11-11 16:54:29 --> Config file loaded: /hwonpark/www/application/config/tree.php
DEBUG - 2022-11-11 16:54:29 --> ====================Dl_auth -> signup :: 시작
DEBUG - 2022-11-11 16:54:29 --> Encryption: Auto-configured driver 'openssl'.
DEBUG - 2022-11-11 16:54:30 --> UTF-8 Support Enabled
DEBUG - 2022-11-11 16:54:30 --> No URI present. Default controller set.
DEBUG - 2022-11-11 16:54:30 --> Global POST, GET and COOKIE data sanitized
DEBUG - 2022-11-11 16:54:30 --> Config file loaded: /hwonpark/www/application/config/tree.php
DEBUG - 2022-11-11 16:54:30 --> Encryption: Auto-configured driver 'openssl'.
DEBUG - 2022-11-11 16:54:30 --> Total execution time: 0.0400
DEBUG - 2022-11-11 16:54:32 --> UTF-8 Support Enabled
DEBUG - 2022-11-11 16:54:32 --> No URI present. Default controller set.
DEBUG - 2022-11-11 16:54:32 --> Global POST, GET and COOKIE data sanitized
DEBUG - 2022-11-11 16:54:32 --> Config file loaded: /hwonpark/www/application/config/tree.php
DEBUG - 2022-11-11 16:54:32 --> Encryption: Auto-configured driver 'openssl'.
DEBUG - 2022-11-11 16:54:32 --> Total execution time: 0.0611
DEBUG - 2022-11-11 16:54:37 --> UTF-8 Support Enabled
DEBUG - 2022-11-11 16:54:37 --> Global POST, GET and COOKIE data sanitized
DEBUG - 2022-11-11 16:54:37 --> Config file loaded: /hwonpark/www/application/config/tree.php
DEBUG - 2022-11-11 16:54:37 --> Encryption: Auto-configured driver 'openssl'.
DEBUG - 2022-11-11 16:54:37 --> Total execution time: 0.0379
DEBUG - 2022-11-11 16:54:38 --> UTF-8 Support Enabled
DEBUG - 2022-11-11 16:54:38 --> Global POST, GET and COOKIE data sanitized
DEBUG - 2022-11-11 16:54:38 --> Config file loaded: /hwonpark/www/application/config/tree.php
DEBUG - 2022-11-11 16:54:38 --> Encryption: Auto-configured driver 'openssl'.
DEBUG - 2022-11-11 16:54:38 --> Total execution time: 0.0828
DEBUG - 2022-11-11 16:55:21 --> UTF-8 Support Enabled
DEBUG - 2022-11-11 16:55:21 --> Global POST, GET and COOKIE data sanitized
DEBUG - 2022-11-11 16:55:21 --> Config file loaded: /hwonpark/www/application/config/tree.php
DEBUG - 2022-11-11 16:55:21 --> Encryption: Auto-configured driver 'openssl'.
DEBUG - 2022-11-11 16:55:21 --> Total execution time: 0.0847
DEBUG - 2022-11-11 16:55:25 --> UTF-8 Support Enabled
DEBUG - 2022-11-11 16:55:25 --> Global POST, GET and COOKIE data sanitized
DEBUG - 2022-11-11 16:55:25 --> Config file loaded: /hwonpark/www/application/config/tree.php
DEBUG - 2022-11-11 16:55:25 --> Encryption: Auto-configured driver 'openssl'.
DEBUG - 2022-11-11 16:55:25 --> Total execution time: 0.0662
DEBUG - 2022-11-11 16:55:26 --> UTF-8 Support Enabled
DEBUG - 2022-11-11 16:55:27 --> No URI present. Default controller set.
DEBUG - 2022-11-11 16:55:27 --> Global POST, GET and COOKIE data sanitized
DEBUG - 2022-11-11 16:55:27 --> Config file loaded: /hwonpark/www/application/config/tree.php
DEBUG - 2022-11-11 16:55:27 --> Encryption: Auto-configured driver 'openssl'.
DEBUG - 2022-11-11 16:55:27 --> Total execution time: 0.0611
DEBUG - 2022-11-11 16:55:31 --> UTF-8 Support Enabled
DEBUG - 2022-11-11 16:55:31 --> Global POST, GET and COOKIE data sanitized
DEBUG - 2022-11-11 16:55:31 --> Config file loaded: /hwonpark/www/application/config/tree.php
DEBUG - 2022-11-11 16:55:31 --> Encryption: Auto-configured driver 'openssl'.
DEBUG - 2022-11-11 16:55:31 --> Total execution time: 0.0448
DEBUG - 2022-11-11 16:55:34 --> UTF-8 Support Enabled
DEBUG - 2022-11-11 16:55:34 --> Global POST, GET and COOKIE data sanitized
DEBUG - 2022-11-11 16:55:34 --> Config file loaded: /hwonpark/www/application/config/tree.php
DEBUG - 2022-11-11 16:55:34 --> Encryption: Auto-configured driver 'openssl'.
DEBUG - 2022-11-11 16:55:34 --> Total execution time: 0.0565
DEBUG - 2022-11-11 19:29:11 --> UTF-8 Support Enabled
DEBUG - 2022-11-11 19:29:11 --> No URI present. Default controller set.
DEBUG - 2022-11-11 19:29:11 --> Global POST, GET and COOKIE data sanitized
DEBUG - 2022-11-11 19:29:11 --> Config file loaded: /hwonpark/www/application/config/tree.php
DEBUG - 2022-11-11 19:29:11 --> Total execution time: 0.0559
DEBUG - 2022-11-11 19:29:13 --> UTF-8 Support Enabled
DEBUG - 2022-11-11 19:29:13 --> Global POST, GET and COOKIE data sanitized
ERROR - 2022-11-11 19:29:13 --> 404 Page Not Found: Faviconico/index
DEBUG - 2022-11-11 23:34:24 --> UTF-8 Support Enabled
DEBUG - 2022-11-11 23:34:24 --> No URI present. Default controller set.
DEBUG - 2022-11-11 23:34:24 --> Global POST, GET and COOKIE data sanitized
DEBUG - 2022-11-11 23:34:24 --> Config file loaded: /hwonpark/www/application/config/tree.php
DEBUG - 2022-11-11 23:34:24 --> Total execution time: 0.2132
DEBUG - 2022-11-11 23:34:25 --> UTF-8 Support Enabled
DEBUG - 2022-11-11 23:34:25 --> Global POST, GET and COOKIE data sanitized
ERROR - 2022-11-11 23:34:25 --> 404 Page Not Found: Faviconico/index
