DEBUG - 2022-12-12 00:24:46 --> UTF-8 Support Enabled
DEBUG - 2022-12-12 00:24:46 --> No URI present. Default controller set.
DEBUG - 2022-12-12 00:24:46 --> Global POST, GET and COOKIE data sanitized
DEBUG - 2022-12-12 00:24:46 --> Config file loaded: /hwonpark/www/application/config/tree.php
DEBUG - 2022-12-12 00:24:46 --> Total execution time: 0.2246
DEBUG - 2022-12-12 00:24:47 --> UTF-8 Support Enabled
DEBUG - 2022-12-12 00:24:47 --> Global POST, GET and COOKIE data sanitized
ERROR - 2022-12-12 00:24:47 --> 404 Page Not Found: Faviconico/index
DEBUG - 2022-12-12 08:58:25 --> UTF-8 Support Enabled
DEBUG - 2022-12-12 08:58:25 --> Global POST, GET and COOKIE data sanitized
DEBUG - 2022-12-12 08:58:25 --> Config file loaded: /hwonpark/www/application/config/tree.php
DEBUG - 2022-12-12 08:58:25 --> Total execution time: 0.2161
DEBUG - 2022-12-12 08:58:31 --> UTF-8 Support Enabled
DEBUG - 2022-12-12 08:58:31 --> Global POST, GET and COOKIE data sanitized
ERROR - 2022-12-12 08:58:31 --> 404 Page Not Found: Faviconico/index
DEBUG - 2022-12-12 09:10:48 --> UTF-8 Support Enabled
DEBUG - 2022-12-12 09:10:48 --> Global POST, GET and COOKIE data sanitized
DEBUG - 2022-12-12 09:10:48 --> Config file loaded: /hwonpark/www/application/config/tree.php
DEBUG - 2022-12-12 09:10:50 --> UTF-8 Support Enabled
DEBUG - 2022-12-12 09:10:50 --> Global POST, GET and COOKIE data sanitized
DEBUG - 2022-12-12 09:10:50 --> Config file loaded: /hwonpark/www/application/config/tree.php
DEBUG - 2022-12-12 09:10:50 --> Encryption: Auto-configured driver 'openssl'.
DEBUG - 2022-12-12 09:10:50 --> UTF-8 Support Enabled
DEBUG - 2022-12-12 09:10:50 --> Global POST, GET and COOKIE data sanitized
DEBUG - 2022-12-12 09:10:50 --> Config file loaded: /hwonpark/www/application/config/tree.php
DEBUG - 2022-12-12 09:10:50 --> Encryption: Auto-configured driver 'openssl'.
DEBUG - 2022-12-12 09:10:50 --> Encryption class already loaded. Second attempt ignored.
DEBUG - 2022-12-12 09:10:50 --> Total execution time: 0.0572
DEBUG - 2022-12-12 09:10:52 --> UTF-8 Support Enabled
DEBUG - 2022-12-12 09:10:52 --> Global POST, GET and COOKIE data sanitized
DEBUG - 2022-12-12 09:10:52 --> Config file loaded: /hwonpark/www/application/config/tree.php
DEBUG - 2022-12-12 09:10:52 --> Encryption: Auto-configured driver 'openssl'.
DEBUG - 2022-12-12 09:10:52 --> Encryption class already loaded. Second attempt ignored.
DEBUG - 2022-12-12 09:10:52 --> Total execution time: 0.0424
DEBUG - 2022-12-12 09:10:55 --> UTF-8 Support Enabled
DEBUG - 2022-12-12 09:10:55 --> Global POST, GET and COOKIE data sanitized
DEBUG - 2022-12-12 09:10:55 --> Config file loaded: /hwonpark/www/application/config/tree.php
DEBUG - 2022-12-12 09:10:55 --> Encryption: Auto-configured driver 'openssl'.
DEBUG - 2022-12-12 09:10:55 --> Total execution time: 0.0510
DEBUG - 2022-12-12 09:10:56 --> UTF-8 Support Enabled
DEBUG - 2022-12-12 09:10:56 --> Global POST, GET and COOKIE data sanitized
DEBUG - 2022-12-12 09:10:56 --> Config file loaded: /hwonpark/www/application/config/tree.php
DEBUG - 2022-12-12 09:10:56 --> Encryption: Auto-configured driver 'openssl'.
DEBUG - 2022-12-12 09:10:56 --> Total execution time: 0.0478
DEBUG - 2022-12-12 09:12:15 --> UTF-8 Support Enabled
DEBUG - 2022-12-12 09:12:15 --> Global POST, GET and COOKIE data sanitized
DEBUG - 2022-12-12 09:12:15 --> Config file loaded: /hwonpark/www/application/config/tree.php
DEBUG - 2022-12-12 09:12:15 --> Encryption: Auto-configured driver 'openssl'.
DEBUG - 2022-12-12 09:12:15 --> Encryption class already loaded. Second attempt ignored.
DEBUG - 2022-12-12 09:12:15 --> Total execution time: 0.0517
DEBUG - 2022-12-12 09:12:20 --> UTF-8 Support Enabled
DEBUG - 2022-12-12 09:12:20 --> Global POST, GET and COOKIE data sanitized
DEBUG - 2022-12-12 09:12:20 --> Config file loaded: /hwonpark/www/application/config/tree.php
DEBUG - 2022-12-12 09:12:21 --> Encryption: Auto-configured driver 'openssl'.
DEBUG - 2022-12-12 09:12:21 --> Encryption class already loaded. Second attempt ignored.
DEBUG - 2022-12-12 09:12:21 --> Total execution time: 0.0696
DEBUG - 2022-12-12 09:12:57 --> UTF-8 Support Enabled
DEBUG - 2022-12-12 09:12:57 --> Global POST, GET and COOKIE data sanitized
DEBUG - 2022-12-12 09:12:57 --> Config file loaded: /hwonpark/www/application/config/tree.php
DEBUG - 2022-12-12 09:12:57 --> Encryption: Auto-configured driver 'openssl'.
DEBUG - 2022-12-12 09:12:57 --> Encryption class already loaded. Second attempt ignored.
DEBUG - 2022-12-12 09:12:57 --> Total execution time: 0.0499
DEBUG - 2022-12-12 09:17:57 --> UTF-8 Support Enabled
DEBUG - 2022-12-12 09:17:57 --> Global POST, GET and COOKIE data sanitized
DEBUG - 2022-12-12 09:17:57 --> Config file loaded: /hwonpark/www/application/config/tree.php
DEBUG - 2022-12-12 09:17:57 --> Encryption: Auto-configured driver 'openssl'.
DEBUG - 2022-12-12 09:17:57 --> Total execution time: 0.0534
DEBUG - 2022-12-12 09:31:46 --> UTF-8 Support Enabled
DEBUG - 2022-12-12 09:31:46 --> Global POST, GET and COOKIE data sanitized
DEBUG - 2022-12-12 09:31:46 --> Config file loaded: /hwonpark/www/application/config/tree.php
DEBUG - 2022-12-12 09:31:47 --> UTF-8 Support Enabled
DEBUG - 2022-12-12 09:31:47 --> No URI present. Default controller set.
DEBUG - 2022-12-12 09:31:47 --> Global POST, GET and COOKIE data sanitized
DEBUG - 2022-12-12 09:31:47 --> Config file loaded: /hwonpark/www/application/config/tree.php
DEBUG - 2022-12-12 09:31:47 --> Total execution time: 0.0326
DEBUG - 2022-12-12 09:31:51 --> UTF-8 Support Enabled
DEBUG - 2022-12-12 09:31:51 --> Global POST, GET and COOKIE data sanitized
DEBUG - 2022-12-12 09:31:51 --> Config file loaded: /hwonpark/www/application/config/tree.php
DEBUG - 2022-12-12 09:31:51 --> Total execution time: 0.0264
DEBUG - 2022-12-12 09:31:56 --> UTF-8 Support Enabled
DEBUG - 2022-12-12 09:31:56 --> Global POST, GET and COOKIE data sanitized
DEBUG - 2022-12-12 09:31:56 --> Config file loaded: /hwonpark/www/application/config/tree.php
DEBUG - 2022-12-12 09:31:58 --> UTF-8 Support Enabled
DEBUG - 2022-12-12 09:31:58 --> Global POST, GET and COOKIE data sanitized
DEBUG - 2022-12-12 09:31:58 --> Config file loaded: /hwonpark/www/application/config/tree.php
DEBUG - 2022-12-12 09:31:58 --> Encryption: Auto-configured driver 'openssl'.
DEBUG - 2022-12-12 09:31:58 --> UTF-8 Support Enabled
DEBUG - 2022-12-12 09:31:58 --> Global POST, GET and COOKIE data sanitized
DEBUG - 2022-12-12 09:31:58 --> Config file loaded: /hwonpark/www/application/config/tree.php
DEBUG - 2022-12-12 09:31:58 --> Encryption: Auto-configured driver 'openssl'.
DEBUG - 2022-12-12 09:31:58 --> Encryption class already loaded. Second attempt ignored.
DEBUG - 2022-12-12 09:31:58 --> Total execution time: 0.0402
DEBUG - 2022-12-12 09:32:00 --> UTF-8 Support Enabled
DEBUG - 2022-12-12 09:32:00 --> Global POST, GET and COOKIE data sanitized
DEBUG - 2022-12-12 09:32:00 --> Config file loaded: /hwonpark/www/application/config/tree.php
DEBUG - 2022-12-12 09:32:00 --> Encryption: Auto-configured driver 'openssl'.
DEBUG - 2022-12-12 09:32:00 --> Total execution time: 0.0531
DEBUG - 2022-12-12 09:32:02 --> UTF-8 Support Enabled
DEBUG - 2022-12-12 09:32:02 --> Global POST, GET and COOKIE data sanitized
DEBUG - 2022-12-12 09:32:02 --> Config file loaded: /hwonpark/www/application/config/tree.php
DEBUG - 2022-12-12 09:32:02 --> Encryption: Auto-configured driver 'openssl'.
DEBUG - 2022-12-12 09:32:02 --> Total execution time: 0.0455
DEBUG - 2022-12-12 09:32:02 --> UTF-8 Support Enabled
DEBUG - 2022-12-12 09:32:02 --> Global POST, GET and COOKIE data sanitized
DEBUG - 2022-12-12 09:32:02 --> Config file loaded: /hwonpark/www/application/config/tree.php
DEBUG - 2022-12-12 09:32:02 --> Encryption: Auto-configured driver 'openssl'.
DEBUG - 2022-12-12 09:32:02 --> Total execution time: 0.0487
DEBUG - 2022-12-12 09:33:27 --> UTF-8 Support Enabled
DEBUG - 2022-12-12 09:33:27 --> Global POST, GET and COOKIE data sanitized
DEBUG - 2022-12-12 09:33:27 --> Config file loaded: /hwonpark/www/application/config/tree.php
DEBUG - 2022-12-12 09:33:27 --> Encryption: Auto-configured driver 'openssl'.
DEBUG - 2022-12-12 09:33:27 --> Total execution time: 0.0545
DEBUG - 2022-12-12 09:33:31 --> UTF-8 Support Enabled
DEBUG - 2022-12-12 09:33:31 --> Global POST, GET and COOKIE data sanitized
DEBUG - 2022-12-12 09:33:31 --> Config file loaded: /hwonpark/www/application/config/tree.php
DEBUG - 2022-12-12 09:33:31 --> Encryption: Auto-configured driver 'openssl'.
DEBUG - 2022-12-12 09:33:31 --> Total execution time: 0.0564
DEBUG - 2022-12-12 09:34:14 --> UTF-8 Support Enabled
DEBUG - 2022-12-12 09:34:14 --> Global POST, GET and COOKIE data sanitized
DEBUG - 2022-12-12 09:34:14 --> Config file loaded: /hwonpark/www/application/config/tree.php
DEBUG - 2022-12-12 09:34:14 --> Encryption: Auto-configured driver 'openssl'.
DEBUG - 2022-12-12 09:34:15 --> UTF-8 Support Enabled
DEBUG - 2022-12-12 09:34:15 --> Global POST, GET and COOKIE data sanitized
DEBUG - 2022-12-12 09:34:15 --> Config file loaded: /hwonpark/www/application/config/tree.php
DEBUG - 2022-12-12 09:34:15 --> Encryption: Auto-configured driver 'openssl'.
DEBUG - 2022-12-12 09:34:16 --> Total execution time: 0.0392
DEBUG - 2022-12-12 09:34:41 --> UTF-8 Support Enabled
DEBUG - 2022-12-12 09:34:41 --> Global POST, GET and COOKIE data sanitized
DEBUG - 2022-12-12 09:34:41 --> Config file loaded: /hwonpark/www/application/config/tree.php
DEBUG - 2022-12-12 09:34:41 --> Encryption: Auto-configured driver 'openssl'.
DEBUG - 2022-12-12 09:34:41 --> Total execution time: 0.0471
DEBUG - 2022-12-12 09:35:02 --> UTF-8 Support Enabled
DEBUG - 2022-12-12 09:35:02 --> Global POST, GET and COOKIE data sanitized
DEBUG - 2022-12-12 09:35:03 --> Config file loaded: /hwonpark/www/application/config/tree.php
DEBUG - 2022-12-12 09:35:03 --> Encryption: Auto-configured driver 'openssl'.
DEBUG - 2022-12-12 09:35:04 --> UTF-8 Support Enabled
DEBUG - 2022-12-12 09:35:04 --> Global POST, GET and COOKIE data sanitized
DEBUG - 2022-12-12 09:35:04 --> Config file loaded: /hwonpark/www/application/config/tree.php
DEBUG - 2022-12-12 09:35:04 --> Encryption: Auto-configured driver 'openssl'.
DEBUG - 2022-12-12 09:35:04 --> Total execution time: 0.0392
DEBUG - 2022-12-12 09:35:26 --> UTF-8 Support Enabled
DEBUG - 2022-12-12 09:35:26 --> Global POST, GET and COOKIE data sanitized
DEBUG - 2022-12-12 09:35:26 --> Config file loaded: /hwonpark/www/application/config/tree.php
DEBUG - 2022-12-12 09:35:26 --> Encryption: Auto-configured driver 'openssl'.
DEBUG - 2022-12-12 09:35:26 --> Total execution time: 0.0582
DEBUG - 2022-12-12 09:35:27 --> UTF-8 Support Enabled
DEBUG - 2022-12-12 09:35:27 --> Global POST, GET and COOKIE data sanitized
DEBUG - 2022-12-12 09:35:27 --> Config file loaded: /hwonpark/www/application/config/tree.php
DEBUG - 2022-12-12 09:35:27 --> Encryption: Auto-configured driver 'openssl'.
DEBUG - 2022-12-12 09:35:27 --> Total execution time: 0.0450
DEBUG - 2022-12-12 09:35:36 --> UTF-8 Support Enabled
DEBUG - 2022-12-12 09:35:36 --> Global POST, GET and COOKIE data sanitized
DEBUG - 2022-12-12 09:35:36 --> Config file loaded: /hwonpark/www/application/config/tree.php
DEBUG - 2022-12-12 09:35:36 --> Encryption: Auto-configured driver 'openssl'.
DEBUG - 2022-12-12 09:35:36 --> UTF-8 Support Enabled
DEBUG - 2022-12-12 09:35:36 --> Global POST, GET and COOKIE data sanitized
DEBUG - 2022-12-12 09:35:36 --> Config file loaded: /hwonpark/www/application/config/tree.php
DEBUG - 2022-12-12 09:35:36 --> Encryption: Auto-configured driver 'openssl'.
DEBUG - 2022-12-12 09:35:36 --> Total execution time: 0.0414
DEBUG - 2022-12-12 09:48:25 --> UTF-8 Support Enabled
DEBUG - 2022-12-12 09:48:25 --> No URI present. Default controller set.
DEBUG - 2022-12-12 09:48:25 --> Global POST, GET and COOKIE data sanitized
DEBUG - 2022-12-12 09:48:25 --> Config file loaded: /hwonpark/www/application/config/tree.php
DEBUG - 2022-12-12 09:48:25 --> Total execution time: 0.0573
DEBUG - 2022-12-12 09:48:25 --> UTF-8 Support Enabled
DEBUG - 2022-12-12 09:48:25 --> No URI present. Default controller set.
DEBUG - 2022-12-12 09:48:25 --> Global POST, GET and COOKIE data sanitized
DEBUG - 2022-12-12 09:48:25 --> Config file loaded: /hwonpark/www/application/config/tree.php
DEBUG - 2022-12-12 09:48:25 --> Total execution time: 0.0375
DEBUG - 2022-12-12 09:48:28 --> UTF-8 Support Enabled
DEBUG - 2022-12-12 09:48:28 --> Global POST, GET and COOKIE data sanitized
ERROR - 2022-12-12 09:48:28 --> 404 Page Not Found: Faviconico/index
DEBUG - 2022-12-12 09:48:34 --> UTF-8 Support Enabled
DEBUG - 2022-12-12 09:48:34 --> No URI present. Default controller set.
DEBUG - 2022-12-12 09:48:34 --> Global POST, GET and COOKIE data sanitized
DEBUG - 2022-12-12 09:48:34 --> Config file loaded: /hwonpark/www/application/config/tree.php
DEBUG - 2022-12-12 09:48:34 --> Total execution time: 0.0565
DEBUG - 2022-12-12 09:48:41 --> UTF-8 Support Enabled
DEBUG - 2022-12-12 09:48:41 --> No URI present. Default controller set.
DEBUG - 2022-12-12 09:48:41 --> Global POST, GET and COOKIE data sanitized
DEBUG - 2022-12-12 09:48:41 --> Config file loaded: /hwonpark/www/application/config/tree.php
DEBUG - 2022-12-12 09:48:41 --> Total execution time: 0.0599
DEBUG - 2022-12-12 09:48:45 --> UTF-8 Support Enabled
DEBUG - 2022-12-12 09:48:45 --> Global POST, GET and COOKIE data sanitized
ERROR - 2022-12-12 09:48:45 --> 404 Page Not Found: Faviconico/index
DEBUG - 2022-12-12 09:50:05 --> UTF-8 Support Enabled
DEBUG - 2022-12-12 09:50:05 --> No URI present. Default controller set.
DEBUG - 2022-12-12 09:50:05 --> Global POST, GET and COOKIE data sanitized
DEBUG - 2022-12-12 09:50:05 --> Config file loaded: /hwonpark/www/application/config/tree.php
DEBUG - 2022-12-12 09:50:05 --> Total execution time: 0.0323
DEBUG - 2022-12-12 09:50:24 --> UTF-8 Support Enabled
DEBUG - 2022-12-12 09:50:24 --> Global POST, GET and COOKIE data sanitized
DEBUG - 2022-12-12 09:50:24 --> Config file loaded: /hwonpark/www/application/config/tree.php
DEBUG - 2022-12-12 09:50:26 --> UTF-8 Support Enabled
DEBUG - 2022-12-12 09:50:26 --> Global POST, GET and COOKIE data sanitized
DEBUG - 2022-12-12 09:50:26 --> Config file loaded: /hwonpark/www/application/config/tree.php
DEBUG - 2022-12-12 09:50:26 --> Total execution time: 0.0351
DEBUG - 2022-12-12 09:50:27 --> UTF-8 Support Enabled
DEBUG - 2022-12-12 09:50:27 --> Global POST, GET and COOKIE data sanitized
ERROR - 2022-12-12 09:50:27 --> 404 Page Not Found: Faviconico/index
DEBUG - 2022-12-12 09:50:28 --> UTF-8 Support Enabled
DEBUG - 2022-12-12 09:50:28 --> Global POST, GET and COOKIE data sanitized
DEBUG - 2022-12-12 09:50:28 --> Config file loaded: /hwonpark/www/application/config/tree.php
DEBUG - 2022-12-12 09:50:28 --> =================== DL_auth-> oauth::CALLBACK - 시작
DEBUG - 2022-12-12 09:50:28 --> =================== DL_auth-> oauth::CALLBACK - kakao param=:: error=
DEBUG - 2022-12-12 09:50:28 --> =================== DL_auth-> oauth::CALLBACK - kakao param=:: state=
DEBUG - 2022-12-12 09:50:28 --> =================== DL_auth-> oauth::CALLBACK - kakao param=:: code=l0_aut22UPjvw9AApBW7KgFOuSzrs-qQRg2NfdM6bSHqqdcQOBuX3Cpptrci-Edrdu13kgopb1QAAAGFA8_Nrg
DEBUG - 2022-12-12 09:50:28 --> =================== DL_auth -> kakao oauth :2: code=l0_aut22UPjvw9AApBW7KgFOuSzrs-qQRg2NfdM6bSHqqdcQOBuX3Cpptrci-Edrdu13kgopb1QAAAGFA8_Nrg
DEBUG - 2022-12-12 09:50:28 --> ====================Dl_auth -> kakao_login :: 시작
DEBUG - 2022-12-12 09:50:28 --> --------------------Dl_auth::kakao_login - 1.토큰요청 시작
DEBUG - 2022-12-12 09:50:28 --> Dl_auth::kakao_login - get_token 시작 n=2
DEBUG - 2022-12-12 09:50:28 --> --------------------Dl_auth::kakao_login - 1.2.토큰요청 시작 -> 기타브라우저
DEBUG - 2022-12-12 09:50:28 --> --------------------Dl_auth::kakao_login - 1.3.토큰요청
DEBUG - 2022-12-12 09:50:28 --> --------------------Dl_auth::kakao_login - 1.4.토큰요청 -> 성공
DEBUG - 2022-12-12 09:50:28 --> UTF-8 Support Enabled
DEBUG - 2022-12-12 09:50:28 --> Global POST, GET and COOKIE data sanitized
DEBUG - 2022-12-12 09:50:28 --> Config file loaded: /hwonpark/www/application/config/tree.php
DEBUG - 2022-12-12 09:50:28 --> =================== DL_auth-> oauth::CALLBACK - 시작
DEBUG - 2022-12-12 09:50:28 --> =================== DL_auth-> oauth::CALLBACK - kakao param=:: error=
DEBUG - 2022-12-12 09:50:28 --> =================== DL_auth-> oauth::CALLBACK - kakao param=:: state=
DEBUG - 2022-12-12 09:50:28 --> =================== DL_auth-> oauth::CALLBACK - kakao param=:: code=l0_aut22UPjvw9AApBW7KgFOuSzrs-qQRg2NfdM6bSHqqdcQOBuX3Cpptrci-Edrdu13kgopb1QAAAGFA8_Nrg
DEBUG - 2022-12-12 09:50:28 --> =================== DL_auth -> kakao oauth :2: code=l0_aut22UPjvw9AApBW7KgFOuSzrs-qQRg2NfdM6bSHqqdcQOBuX3Cpptrci-Edrdu13kgopb1QAAAGFA8_Nrg
DEBUG - 2022-12-12 09:50:28 --> ====================Dl_auth -> kakao_login :: 시작
DEBUG - 2022-12-12 09:50:28 --> ====================Dl_auth::kakao_login - 1.3.5- 사이트 회원정보 업데이트 성공(카카오 인증 완료) state=
DEBUG - 2022-12-12 09:50:30 --> UTF-8 Support Enabled
DEBUG - 2022-12-12 09:50:30 --> Global POST, GET and COOKIE data sanitized
DEBUG - 2022-12-12 09:50:30 --> Config file loaded: /hwonpark/www/application/config/tree.php
DEBUG - 2022-12-12 09:50:30 --> Encryption: Auto-configured driver 'openssl'.
DEBUG - 2022-12-12 09:50:30 --> Total execution time: 0.0333
DEBUG - 2022-12-12 09:50:32 --> UTF-8 Support Enabled
DEBUG - 2022-12-12 09:50:32 --> Global POST, GET and COOKIE data sanitized
DEBUG - 2022-12-12 09:50:32 --> Config file loaded: /hwonpark/www/application/config/tree.php
DEBUG - 2022-12-12 09:50:32 --> Encryption: Auto-configured driver 'openssl'.
DEBUG - 2022-12-12 09:50:32 --> Total execution time: 0.0794
DEBUG - 2022-12-12 09:51:12 --> UTF-8 Support Enabled
DEBUG - 2022-12-12 09:51:12 --> Global POST, GET and COOKIE data sanitized
DEBUG - 2022-12-12 09:51:12 --> Config file loaded: /hwonpark/www/application/config/tree.php
DEBUG - 2022-12-12 09:51:13 --> UTF-8 Support Enabled
DEBUG - 2022-12-12 09:51:13 --> No URI present. Default controller set.
DEBUG - 2022-12-12 09:51:13 --> Global POST, GET and COOKIE data sanitized
DEBUG - 2022-12-12 09:51:13 --> Config file loaded: /hwonpark/www/application/config/tree.php
DEBUG - 2022-12-12 09:51:14 --> Total execution time: 0.1021
DEBUG - 2022-12-12 09:51:17 --> UTF-8 Support Enabled
DEBUG - 2022-12-12 09:51:17 --> Global POST, GET and COOKIE data sanitized
DEBUG - 2022-12-12 09:51:17 --> Config file loaded: /hwonpark/www/application/config/tree.php
DEBUG - 2022-12-12 09:51:17 --> Total execution time: 0.0570
DEBUG - 2022-12-12 09:51:22 --> UTF-8 Support Enabled
DEBUG - 2022-12-12 09:51:22 --> Global POST, GET and COOKIE data sanitized
DEBUG - 2022-12-12 09:51:22 --> Config file loaded: /hwonpark/www/application/config/tree.php
DEBUG - 2022-12-12 09:51:24 --> UTF-8 Support Enabled
DEBUG - 2022-12-12 09:51:24 --> Global POST, GET and COOKIE data sanitized
DEBUG - 2022-12-12 09:51:24 --> Config file loaded: /hwonpark/www/application/config/tree.php
DEBUG - 2022-12-12 09:51:24 --> Encryption: Auto-configured driver 'openssl'.
DEBUG - 2022-12-12 09:51:24 --> UTF-8 Support Enabled
DEBUG - 2022-12-12 09:51:24 --> Global POST, GET and COOKIE data sanitized
DEBUG - 2022-12-12 09:51:24 --> Config file loaded: /hwonpark/www/application/config/tree.php
DEBUG - 2022-12-12 09:51:24 --> Encryption: Auto-configured driver 'openssl'.
DEBUG - 2022-12-12 09:51:24 --> Encryption class already loaded. Second attempt ignored.
DEBUG - 2022-12-12 09:51:24 --> Total execution time: 0.0395
DEBUG - 2022-12-12 09:51:26 --> UTF-8 Support Enabled
DEBUG - 2022-12-12 09:51:26 --> Global POST, GET and COOKIE data sanitized
DEBUG - 2022-12-12 09:51:26 --> Config file loaded: /hwonpark/www/application/config/tree.php
DEBUG - 2022-12-12 09:51:26 --> Encryption: Auto-configured driver 'openssl'.
DEBUG - 2022-12-12 09:51:26 --> Total execution time: 0.0432
DEBUG - 2022-12-12 09:51:29 --> UTF-8 Support Enabled
DEBUG - 2022-12-12 09:51:29 --> Global POST, GET and COOKIE data sanitized
DEBUG - 2022-12-12 09:51:29 --> Config file loaded: /hwonpark/www/application/config/tree.php
DEBUG - 2022-12-12 09:51:29 --> Encryption: Auto-configured driver 'openssl'.
DEBUG - 2022-12-12 09:51:29 --> Total execution time: 0.0347
DEBUG - 2022-12-12 09:51:31 --> UTF-8 Support Enabled
DEBUG - 2022-12-12 09:51:31 --> Global POST, GET and COOKIE data sanitized
DEBUG - 2022-12-12 09:51:31 --> Config file loaded: /hwonpark/www/application/config/tree.php
DEBUG - 2022-12-12 09:51:31 --> Encryption: Auto-configured driver 'openssl'.
DEBUG - 2022-12-12 09:51:31 --> Total execution time: 0.0557
DEBUG - 2022-12-12 09:51:52 --> UTF-8 Support Enabled
DEBUG - 2022-12-12 09:51:52 --> Global POST, GET and COOKIE data sanitized
DEBUG - 2022-12-12 09:51:52 --> Config file loaded: /hwonpark/www/application/config/tree.php
DEBUG - 2022-12-12 09:51:52 --> Encryption: Auto-configured driver 'openssl'.
DEBUG - 2022-12-12 09:51:53 --> UTF-8 Support Enabled
DEBUG - 2022-12-12 09:51:53 --> Global POST, GET and COOKIE data sanitized
DEBUG - 2022-12-12 09:51:53 --> Config file loaded: /hwonpark/www/application/config/tree.php
DEBUG - 2022-12-12 09:51:53 --> Encryption: Auto-configured driver 'openssl'.
DEBUG - 2022-12-12 09:51:53 --> Total execution time: 0.0648
DEBUG - 2022-12-12 10:05:28 --> UTF-8 Support Enabled
DEBUG - 2022-12-12 10:05:28 --> Global POST, GET and COOKIE data sanitized
DEBUG - 2022-12-12 10:05:28 --> Config file loaded: /hwonpark/www/application/config/tree.php
DEBUG - 2022-12-12 10:05:28 --> Total execution time: 0.0313
DEBUG - 2022-12-12 10:05:32 --> UTF-8 Support Enabled
DEBUG - 2022-12-12 10:05:32 --> Global POST, GET and COOKIE data sanitized
DEBUG - 2022-12-12 10:05:32 --> Config file loaded: /hwonpark/www/application/config/tree.php
DEBUG - 2022-12-12 10:05:32 --> Total execution time: 0.0329
DEBUG - 2022-12-12 10:05:39 --> UTF-8 Support Enabled
DEBUG - 2022-12-12 10:05:39 --> Global POST, GET and COOKIE data sanitized
DEBUG - 2022-12-12 10:05:39 --> Config file loaded: /hwonpark/www/application/config/tree.php
DEBUG - 2022-12-12 10:05:40 --> UTF-8 Support Enabled
DEBUG - 2022-12-12 10:05:40 --> Global POST, GET and COOKIE data sanitized
DEBUG - 2022-12-12 10:05:40 --> Config file loaded: /hwonpark/www/application/config/tree.php
DEBUG - 2022-12-12 10:05:40 --> Encryption: Auto-configured driver 'openssl'.
DEBUG - 2022-12-12 10:05:40 --> UTF-8 Support Enabled
DEBUG - 2022-12-12 10:05:40 --> Global POST, GET and COOKIE data sanitized
DEBUG - 2022-12-12 10:05:40 --> Config file loaded: /hwonpark/www/application/config/tree.php
DEBUG - 2022-12-12 10:05:40 --> Encryption: Auto-configured driver 'openssl'.
DEBUG - 2022-12-12 10:05:40 --> Encryption class already loaded. Second attempt ignored.
DEBUG - 2022-12-12 10:05:40 --> Total execution time: 0.0399
DEBUG - 2022-12-12 10:05:58 --> UTF-8 Support Enabled
DEBUG - 2022-12-12 10:05:58 --> Global POST, GET and COOKIE data sanitized
DEBUG - 2022-12-12 10:05:58 --> Config file loaded: /hwonpark/www/application/config/tree.php
DEBUG - 2022-12-12 10:05:58 --> Encryption: Auto-configured driver 'openssl'.
DEBUG - 2022-12-12 10:05:58 --> Total execution time: 0.0397
DEBUG - 2022-12-12 10:06:00 --> UTF-8 Support Enabled
DEBUG - 2022-12-12 10:06:00 --> Global POST, GET and COOKIE data sanitized
DEBUG - 2022-12-12 10:06:00 --> Config file loaded: /hwonpark/www/application/config/tree.php
DEBUG - 2022-12-12 10:06:00 --> Encryption: Auto-configured driver 'openssl'.
DEBUG - 2022-12-12 10:06:00 --> Total execution time: 0.0374
DEBUG - 2022-12-12 10:06:03 --> UTF-8 Support Enabled
DEBUG - 2022-12-12 10:06:03 --> Global POST, GET and COOKIE data sanitized
DEBUG - 2022-12-12 10:06:03 --> Config file loaded: /hwonpark/www/application/config/tree.php
DEBUG - 2022-12-12 10:06:03 --> Encryption: Auto-configured driver 'openssl'.
DEBUG - 2022-12-12 10:06:03 --> Total execution time: 0.0357
DEBUG - 2022-12-12 10:06:26 --> UTF-8 Support Enabled
DEBUG - 2022-12-12 10:06:26 --> Global POST, GET and COOKIE data sanitized
DEBUG - 2022-12-12 10:06:26 --> Config file loaded: /hwonpark/www/application/config/tree.php
DEBUG - 2022-12-12 10:06:26 --> Encryption: Auto-configured driver 'openssl'.
DEBUG - 2022-12-12 10:06:27 --> UTF-8 Support Enabled
DEBUG - 2022-12-12 10:06:27 --> Global POST, GET and COOKIE data sanitized
DEBUG - 2022-12-12 10:06:28 --> Config file loaded: /hwonpark/www/application/config/tree.php
DEBUG - 2022-12-12 10:06:28 --> Encryption: Auto-configured driver 'openssl'.
DEBUG - 2022-12-12 10:06:28 --> Total execution time: 0.0377
DEBUG - 2022-12-12 10:06:58 --> UTF-8 Support Enabled
DEBUG - 2022-12-12 10:06:58 --> Global POST, GET and COOKIE data sanitized
DEBUG - 2022-12-12 10:06:58 --> Config file loaded: /hwonpark/www/application/config/tree.php
DEBUG - 2022-12-12 10:06:58 --> Encryption: Auto-configured driver 'openssl'.
DEBUG - 2022-12-12 10:06:58 --> Total execution time: 0.0537
DEBUG - 2022-12-12 10:07:15 --> UTF-8 Support Enabled
DEBUG - 2022-12-12 10:07:15 --> Global POST, GET and COOKIE data sanitized
DEBUG - 2022-12-12 10:07:15 --> Config file loaded: /hwonpark/www/application/config/tree.php
DEBUG - 2022-12-12 10:07:15 --> Encryption: Auto-configured driver 'openssl'.
DEBUG - 2022-12-12 10:07:17 --> UTF-8 Support Enabled
DEBUG - 2022-12-12 10:07:17 --> Global POST, GET and COOKIE data sanitized
DEBUG - 2022-12-12 10:07:17 --> Config file loaded: /hwonpark/www/application/config/tree.php
DEBUG - 2022-12-12 10:07:17 --> Encryption: Auto-configured driver 'openssl'.
DEBUG - 2022-12-12 10:07:17 --> Total execution time: 0.0408
DEBUG - 2022-12-12 10:14:46 --> UTF-8 Support Enabled
DEBUG - 2022-12-12 10:14:46 --> No URI present. Default controller set.
DEBUG - 2022-12-12 10:14:46 --> Global POST, GET and COOKIE data sanitized
DEBUG - 2022-12-12 10:14:46 --> Config file loaded: /hwonpark/www/application/config/tree.php
DEBUG - 2022-12-12 10:14:46 --> Total execution time: 0.0322
DEBUG - 2022-12-12 10:14:49 --> UTF-8 Support Enabled
DEBUG - 2022-12-12 10:14:49 --> Global POST, GET and COOKIE data sanitized
DEBUG - 2022-12-12 10:14:49 --> Config file loaded: /hwonpark/www/application/config/tree.php
DEBUG - 2022-12-12 10:14:49 --> Total execution time: 0.0411
DEBUG - 2022-12-12 10:14:54 --> UTF-8 Support Enabled
DEBUG - 2022-12-12 10:14:54 --> Global POST, GET and COOKIE data sanitized
DEBUG - 2022-12-12 10:14:54 --> Config file loaded: /hwonpark/www/application/config/tree.php
DEBUG - 2022-12-12 10:14:56 --> UTF-8 Support Enabled
DEBUG - 2022-12-12 10:14:56 --> Global POST, GET and COOKIE data sanitized
DEBUG - 2022-12-12 10:14:56 --> Config file loaded: /hwonpark/www/application/config/tree.php
DEBUG - 2022-12-12 10:14:56 --> Total execution time: 0.0276
DEBUG - 2022-12-12 10:14:57 --> UTF-8 Support Enabled
DEBUG - 2022-12-12 10:14:57 --> Global POST, GET and COOKIE data sanitized
DEBUG - 2022-12-12 10:14:57 --> Config file loaded: /hwonpark/www/application/config/tree.php
DEBUG - 2022-12-12 10:14:57 --> =================== DL_auth-> oauth::CALLBACK - 시작
DEBUG - 2022-12-12 10:14:57 --> =================== DL_auth-> oauth::CALLBACK - kakao param=:: error=
DEBUG - 2022-12-12 10:14:57 --> =================== DL_auth-> oauth::CALLBACK - kakao param=:: state=
DEBUG - 2022-12-12 10:14:57 --> =================== DL_auth-> oauth::CALLBACK - kakao param=:: code=9fddVU6CdmRPaQoe5WMKdtNIocP__qU3jUUIeUG23qjvLT3LPt39oefU1hzhnk33qWx5jgo9c-wAAAGFA-Y53Q
DEBUG - 2022-12-12 10:14:57 --> =================== DL_auth -> kakao oauth :2: code=9fddVU6CdmRPaQoe5WMKdtNIocP__qU3jUUIeUG23qjvLT3LPt39oefU1hzhnk33qWx5jgo9c-wAAAGFA-Y53Q
DEBUG - 2022-12-12 10:14:57 --> ====================Dl_auth -> kakao_login :: 시작
DEBUG - 2022-12-12 10:14:57 --> --------------------Dl_auth::kakao_login - 1.토큰요청 시작
DEBUG - 2022-12-12 10:14:57 --> Dl_auth::kakao_login - get_token 시작 n=2
DEBUG - 2022-12-12 10:14:57 --> --------------------Dl_auth::kakao_login - 1.2.토큰요청 시작 -> 기타브라우저
DEBUG - 2022-12-12 10:14:57 --> --------------------Dl_auth::kakao_login - 1.3.토큰요청
DEBUG - 2022-12-12 10:14:58 --> --------------------Dl_auth::kakao_login - 1.4.토큰요청 -> 성공
DEBUG - 2022-12-12 10:14:58 --> UTF-8 Support Enabled
DEBUG - 2022-12-12 10:14:58 --> Global POST, GET and COOKIE data sanitized
DEBUG - 2022-12-12 10:14:58 --> Config file loaded: /hwonpark/www/application/config/tree.php
DEBUG - 2022-12-12 10:14:58 --> =================== DL_auth-> oauth::CALLBACK - 시작
DEBUG - 2022-12-12 10:14:58 --> =================== DL_auth-> oauth::CALLBACK - kakao param=:: error=
DEBUG - 2022-12-12 10:14:58 --> =================== DL_auth-> oauth::CALLBACK - kakao param=:: state=
DEBUG - 2022-12-12 10:14:58 --> =================== DL_auth-> oauth::CALLBACK - kakao param=:: code=9fddVU6CdmRPaQoe5WMKdtNIocP__qU3jUUIeUG23qjvLT3LPt39oefU1hzhnk33qWx5jgo9c-wAAAGFA-Y53Q
DEBUG - 2022-12-12 10:14:58 --> =================== DL_auth -> kakao oauth :2: code=9fddVU6CdmRPaQoe5WMKdtNIocP__qU3jUUIeUG23qjvLT3LPt39oefU1hzhnk33qWx5jgo9c-wAAAGFA-Y53Q
DEBUG - 2022-12-12 10:14:58 --> ====================Dl_auth -> kakao_login :: 시작
DEBUG - 2022-12-12 10:14:58 --> ====================Dl_auth::kakao_login - 1.3.5- 사이트 회원정보 업데이트 성공(카카오 인증 완료) state=
DEBUG - 2022-12-12 10:14:59 --> UTF-8 Support Enabled
DEBUG - 2022-12-12 10:14:59 --> Global POST, GET and COOKIE data sanitized
DEBUG - 2022-12-12 10:14:59 --> Config file loaded: /hwonpark/www/application/config/tree.php
DEBUG - 2022-12-12 10:14:59 --> Encryption: Auto-configured driver 'openssl'.
DEBUG - 2022-12-12 10:14:59 --> Total execution time: 0.0446
DEBUG - 2022-12-12 10:15:02 --> UTF-8 Support Enabled
DEBUG - 2022-12-12 10:15:02 --> Global POST, GET and COOKIE data sanitized
DEBUG - 2022-12-12 10:15:02 --> Config file loaded: /hwonpark/www/application/config/tree.php
DEBUG - 2022-12-12 10:15:02 --> Encryption: Auto-configured driver 'openssl'.
DEBUG - 2022-12-12 10:15:02 --> Total execution time: 0.0428
DEBUG - 2022-12-12 10:15:04 --> UTF-8 Support Enabled
DEBUG - 2022-12-12 10:15:04 --> Global POST, GET and COOKIE data sanitized
DEBUG - 2022-12-12 10:15:04 --> Config file loaded: /hwonpark/www/application/config/tree.php
DEBUG - 2022-12-12 10:15:04 --> Encryption: Auto-configured driver 'openssl'.
DEBUG - 2022-12-12 10:15:04 --> Total execution time: 0.0582
DEBUG - 2022-12-12 10:43:59 --> UTF-8 Support Enabled
DEBUG - 2022-12-12 10:43:59 --> Global POST, GET and COOKIE data sanitized
DEBUG - 2022-12-12 10:43:59 --> Config file loaded: /hwonpark/www/application/config/tree.php
DEBUG - 2022-12-12 10:44:01 --> UTF-8 Support Enabled
DEBUG - 2022-12-12 10:44:01 --> No URI present. Default controller set.
DEBUG - 2022-12-12 10:44:01 --> Global POST, GET and COOKIE data sanitized
DEBUG - 2022-12-12 10:44:01 --> Config file loaded: /hwonpark/www/application/config/tree.php
DEBUG - 2022-12-12 10:44:01 --> Total execution time: 0.0351
DEBUG - 2022-12-12 10:44:04 --> UTF-8 Support Enabled
DEBUG - 2022-12-12 10:44:04 --> Global POST, GET and COOKIE data sanitized
DEBUG - 2022-12-12 10:44:04 --> Config file loaded: /hwonpark/www/application/config/tree.php
DEBUG - 2022-12-12 10:44:04 --> Total execution time: 0.0288
DEBUG - 2022-12-12 10:44:09 --> UTF-8 Support Enabled
DEBUG - 2022-12-12 10:44:09 --> Global POST, GET and COOKIE data sanitized
DEBUG - 2022-12-12 10:44:09 --> Config file loaded: /hwonpark/www/application/config/tree.php
DEBUG - 2022-12-12 10:44:11 --> UTF-8 Support Enabled
DEBUG - 2022-12-12 10:44:11 --> Global POST, GET and COOKIE data sanitized
DEBUG - 2022-12-12 10:44:11 --> Config file loaded: /hwonpark/www/application/config/tree.php
DEBUG - 2022-12-12 10:44:11 --> Encryption: Auto-configured driver 'openssl'.
DEBUG - 2022-12-12 10:44:11 --> UTF-8 Support Enabled
DEBUG - 2022-12-12 10:44:11 --> Global POST, GET and COOKIE data sanitized
DEBUG - 2022-12-12 10:44:11 --> Config file loaded: /hwonpark/www/application/config/tree.php
DEBUG - 2022-12-12 10:44:11 --> Encryption: Auto-configured driver 'openssl'.
DEBUG - 2022-12-12 10:44:11 --> Encryption class already loaded. Second attempt ignored.
DEBUG - 2022-12-12 10:44:11 --> Total execution time: 0.0392
DEBUG - 2022-12-12 10:44:12 --> UTF-8 Support Enabled
DEBUG - 2022-12-12 10:44:12 --> Global POST, GET and COOKIE data sanitized
DEBUG - 2022-12-12 10:44:12 --> Config file loaded: /hwonpark/www/application/config/tree.php
DEBUG - 2022-12-12 10:44:12 --> Encryption: Auto-configured driver 'openssl'.
DEBUG - 2022-12-12 10:44:12 --> Total execution time: 0.0358
DEBUG - 2022-12-12 10:44:14 --> UTF-8 Support Enabled
DEBUG - 2022-12-12 10:44:14 --> Global POST, GET and COOKIE data sanitized
DEBUG - 2022-12-12 10:44:14 --> Config file loaded: /hwonpark/www/application/config/tree.php
DEBUG - 2022-12-12 10:44:14 --> Encryption: Auto-configured driver 'openssl'.
DEBUG - 2022-12-12 10:44:14 --> Total execution time: 0.0483
DEBUG - 2022-12-12 10:44:20 --> UTF-8 Support Enabled
DEBUG - 2022-12-12 10:44:20 --> Global POST, GET and COOKIE data sanitized
DEBUG - 2022-12-12 10:44:20 --> Config file loaded: /hwonpark/www/application/config/tree.php
DEBUG - 2022-12-12 10:44:20 --> Encryption: Auto-configured driver 'openssl'.
DEBUG - 2022-12-12 10:44:20 --> Total execution time: 0.0795
DEBUG - 2022-12-12 10:44:25 --> UTF-8 Support Enabled
DEBUG - 2022-12-12 10:44:25 --> Global POST, GET and COOKIE data sanitized
DEBUG - 2022-12-12 10:44:25 --> Config file loaded: /hwonpark/www/application/config/tree.php
DEBUG - 2022-12-12 10:44:25 --> Encryption: Auto-configured driver 'openssl'.
DEBUG - 2022-12-12 10:44:25 --> Total execution time: 0.0378
DEBUG - 2022-12-12 10:44:27 --> UTF-8 Support Enabled
DEBUG - 2022-12-12 10:44:27 --> Global POST, GET and COOKIE data sanitized
DEBUG - 2022-12-12 10:44:27 --> Config file loaded: /hwonpark/www/application/config/tree.php
DEBUG - 2022-12-12 10:44:27 --> Encryption: Auto-configured driver 'openssl'.
DEBUG - 2022-12-12 10:44:27 --> Total execution time: 0.0665
DEBUG - 2022-12-12 10:44:44 --> UTF-8 Support Enabled
DEBUG - 2022-12-12 10:44:44 --> Global POST, GET and COOKIE data sanitized
DEBUG - 2022-12-12 10:44:44 --> Config file loaded: /hwonpark/www/application/config/tree.php
DEBUG - 2022-12-12 10:44:46 --> UTF-8 Support Enabled
DEBUG - 2022-12-12 10:44:46 --> Global POST, GET and COOKIE data sanitized
DEBUG - 2022-12-12 10:44:46 --> Config file loaded: /hwonpark/www/application/config/tree.php
DEBUG - 2022-12-12 10:44:46 --> Total execution time: 0.0318
DEBUG - 2022-12-12 10:44:49 --> UTF-8 Support Enabled
DEBUG - 2022-12-12 10:44:49 --> Global POST, GET and COOKIE data sanitized
DEBUG - 2022-12-12 10:44:49 --> Config file loaded: /hwonpark/www/application/config/tree.php
DEBUG - 2022-12-12 10:44:49 --> Total execution time: 0.0300
DEBUG - 2022-12-12 10:44:52 --> UTF-8 Support Enabled
DEBUG - 2022-12-12 10:44:52 --> Global POST, GET and COOKIE data sanitized
DEBUG - 2022-12-12 10:44:52 --> Config file loaded: /hwonpark/www/application/config/tree.php
DEBUG - 2022-12-12 10:44:52 --> Total execution time: 0.0354
DEBUG - 2022-12-12 10:44:56 --> UTF-8 Support Enabled
DEBUG - 2022-12-12 10:44:56 --> Global POST, GET and COOKIE data sanitized
DEBUG - 2022-12-12 10:44:56 --> Config file loaded: /hwonpark/www/application/config/tree.php
DEBUG - 2022-12-12 10:44:57 --> UTF-8 Support Enabled
DEBUG - 2022-12-12 10:44:57 --> Global POST, GET and COOKIE data sanitized
DEBUG - 2022-12-12 10:44:57 --> Config file loaded: /hwonpark/www/application/config/tree.php
DEBUG - 2022-12-12 10:44:57 --> Total execution time: 0.0259
DEBUG - 2022-12-12 10:44:59 --> UTF-8 Support Enabled
DEBUG - 2022-12-12 10:44:59 --> Global POST, GET and COOKIE data sanitized
DEBUG - 2022-12-12 10:44:59 --> Config file loaded: /hwonpark/www/application/config/tree.php
DEBUG - 2022-12-12 10:44:59 --> =================== DL_auth-> oauth::CALLBACK - 시작
DEBUG - 2022-12-12 10:44:59 --> =================== DL_auth-> oauth::CALLBACK - kakao param=:: error=
DEBUG - 2022-12-12 10:44:59 --> =================== DL_auth-> oauth::CALLBACK - kakao param=:: state=
DEBUG - 2022-12-12 10:44:59 --> =================== DL_auth-> oauth::CALLBACK - kakao param=:: code=VQNut_iXITOuizZuZHrz5Gn0ozovbQYJWUvkHqSQe7eOcZmqwUjXvI1Jx0LIkrMaTrvbSAo9dRoAAAGFBAG11A
DEBUG - 2022-12-12 10:44:59 --> =================== DL_auth -> kakao oauth :2: code=VQNut_iXITOuizZuZHrz5Gn0ozovbQYJWUvkHqSQe7eOcZmqwUjXvI1Jx0LIkrMaTrvbSAo9dRoAAAGFBAG11A
DEBUG - 2022-12-12 10:44:59 --> ====================Dl_auth -> kakao_login :: 시작
DEBUG - 2022-12-12 10:44:59 --> --------------------Dl_auth::kakao_login - 1.토큰요청 시작
DEBUG - 2022-12-12 10:44:59 --> Dl_auth::kakao_login - get_token 시작 n=2
DEBUG - 2022-12-12 10:44:59 --> --------------------Dl_auth::kakao_login - 1.2.토큰요청 시작 -> 기타브라우저
DEBUG - 2022-12-12 10:44:59 --> --------------------Dl_auth::kakao_login - 1.3.토큰요청
DEBUG - 2022-12-12 10:44:59 --> --------------------Dl_auth::kakao_login - 1.4.토큰요청 -> 성공
DEBUG - 2022-12-12 10:44:59 --> UTF-8 Support Enabled
DEBUG - 2022-12-12 10:44:59 --> Global POST, GET and COOKIE data sanitized
DEBUG - 2022-12-12 10:44:59 --> Config file loaded: /hwonpark/www/application/config/tree.php
DEBUG - 2022-12-12 10:44:59 --> =================== DL_auth-> oauth::CALLBACK - 시작
DEBUG - 2022-12-12 10:44:59 --> =================== DL_auth-> oauth::CALLBACK - kakao param=:: error=
DEBUG - 2022-12-12 10:44:59 --> =================== DL_auth-> oauth::CALLBACK - kakao param=:: state=
DEBUG - 2022-12-12 10:44:59 --> =================== DL_auth-> oauth::CALLBACK - kakao param=:: code=VQNut_iXITOuizZuZHrz5Gn0ozovbQYJWUvkHqSQe7eOcZmqwUjXvI1Jx0LIkrMaTrvbSAo9dRoAAAGFBAG11A
DEBUG - 2022-12-12 10:44:59 --> =================== DL_auth -> kakao oauth :2: code=VQNut_iXITOuizZuZHrz5Gn0ozovbQYJWUvkHqSQe7eOcZmqwUjXvI1Jx0LIkrMaTrvbSAo9dRoAAAGFBAG11A
DEBUG - 2022-12-12 10:44:59 --> ====================Dl_auth -> kakao_login :: 시작
DEBUG - 2022-12-12 10:44:59 --> ====================Dl_auth::kakao_login - 1.3.5- 사이트 회원정보 업데이트 성공(카카오 인증 완료) state=
DEBUG - 2022-12-12 10:45:00 --> UTF-8 Support Enabled
DEBUG - 2022-12-12 10:45:00 --> Global POST, GET and COOKIE data sanitized
DEBUG - 2022-12-12 10:45:00 --> Config file loaded: /hwonpark/www/application/config/tree.php
DEBUG - 2022-12-12 10:45:00 --> Encryption: Auto-configured driver 'openssl'.
DEBUG - 2022-12-12 10:45:00 --> Total execution time: 0.0483
DEBUG - 2022-12-12 10:45:02 --> UTF-8 Support Enabled
DEBUG - 2022-12-12 10:45:02 --> Global POST, GET and COOKIE data sanitized
DEBUG - 2022-12-12 10:45:02 --> Config file loaded: /hwonpark/www/application/config/tree.php
DEBUG - 2022-12-12 10:45:03 --> Encryption: Auto-configured driver 'openssl'.
DEBUG - 2022-12-12 10:45:03 --> Total execution time: 0.3722
DEBUG - 2022-12-12 10:45:05 --> UTF-8 Support Enabled
DEBUG - 2022-12-12 10:45:05 --> Global POST, GET and COOKIE data sanitized
DEBUG - 2022-12-12 10:45:05 --> Config file loaded: /hwonpark/www/application/config/tree.php
DEBUG - 2022-12-12 10:45:05 --> Encryption: Auto-configured driver 'openssl'.
DEBUG - 2022-12-12 10:45:06 --> Total execution time: 0.0350
DEBUG - 2022-12-12 10:45:08 --> UTF-8 Support Enabled
DEBUG - 2022-12-12 10:45:08 --> Global POST, GET and COOKIE data sanitized
DEBUG - 2022-12-12 10:45:08 --> Config file loaded: /hwonpark/www/application/config/tree.php
DEBUG - 2022-12-12 10:45:08 --> Encryption: Auto-configured driver 'openssl'.
DEBUG - 2022-12-12 10:45:08 --> Total execution time: 0.0512
DEBUG - 2022-12-12 10:45:55 --> UTF-8 Support Enabled
DEBUG - 2022-12-12 10:45:55 --> Global POST, GET and COOKIE data sanitized
DEBUG - 2022-12-12 10:45:55 --> Config file loaded: /hwonpark/www/application/config/tree.php
DEBUG - 2022-12-12 10:45:55 --> Encryption: Auto-configured driver 'openssl'.
ERROR - 2022-12-12 10:45:55 --> Could not find the language line "imglib_invalid_image"
ERROR - 2022-12-12 10:45:55 --> imglib_invalid_image
DEBUG - 2022-12-12 10:45:55 --> DL_schema class already loaded. Second attempt ignored.
DEBUG - 2022-12-12 10:45:56 --> UTF-8 Support Enabled
DEBUG - 2022-12-12 10:45:56 --> Global POST, GET and COOKIE data sanitized
DEBUG - 2022-12-12 10:45:56 --> Config file loaded: /hwonpark/www/application/config/tree.php
DEBUG - 2022-12-12 10:45:56 --> Encryption: Auto-configured driver 'openssl'.
DEBUG - 2022-12-12 10:45:56 --> Total execution time: 0.0560
DEBUG - 2022-12-12 10:46:01 --> UTF-8 Support Enabled
DEBUG - 2022-12-12 10:46:01 --> Global POST, GET and COOKIE data sanitized
DEBUG - 2022-12-12 10:46:01 --> Config file loaded: /hwonpark/www/application/config/tree.php
DEBUG - 2022-12-12 10:46:01 --> Encryption: Auto-configured driver 'openssl'.
DEBUG - 2022-12-12 10:46:01 --> Total execution time: 0.0595
DEBUG - 2022-12-12 10:46:05 --> UTF-8 Support Enabled
DEBUG - 2022-12-12 10:46:05 --> Global POST, GET and COOKIE data sanitized
DEBUG - 2022-12-12 10:46:05 --> Config file loaded: /hwonpark/www/application/config/tree.php
DEBUG - 2022-12-12 10:46:05 --> Encryption: Auto-configured driver 'openssl'.
DEBUG - 2022-12-12 10:46:05 --> Total execution time: 0.0395
DEBUG - 2022-12-12 10:46:06 --> UTF-8 Support Enabled
DEBUG - 2022-12-12 10:46:06 --> Global POST, GET and COOKIE data sanitized
DEBUG - 2022-12-12 10:46:07 --> Config file loaded: /hwonpark/www/application/config/tree.php
DEBUG - 2022-12-12 10:46:07 --> Encryption: Auto-configured driver 'openssl'.
DEBUG - 2022-12-12 10:46:07 --> Total execution time: 0.0446
DEBUG - 2022-12-12 10:46:08 --> UTF-8 Support Enabled
DEBUG - 2022-12-12 10:46:08 --> Global POST, GET and COOKIE data sanitized
DEBUG - 2022-12-12 10:46:08 --> Config file loaded: /hwonpark/www/application/config/tree.php
DEBUG - 2022-12-12 10:46:08 --> Encryption: Auto-configured driver 'openssl'.
DEBUG - 2022-12-12 10:46:08 --> Total execution time: 0.0756
DEBUG - 2022-12-12 11:04:19 --> UTF-8 Support Enabled
DEBUG - 2022-12-12 11:04:19 --> Global POST, GET and COOKIE data sanitized
DEBUG - 2022-12-12 11:04:19 --> Config file loaded: /hwonpark/www/application/config/tree.php
DEBUG - 2022-12-12 11:04:19 --> UTF-8 Support Enabled
DEBUG - 2022-12-12 11:04:19 --> No URI present. Default controller set.
DEBUG - 2022-12-12 11:04:19 --> Global POST, GET and COOKIE data sanitized
DEBUG - 2022-12-12 11:04:19 --> Config file loaded: /hwonpark/www/application/config/tree.php
DEBUG - 2022-12-12 11:04:19 --> Total execution time: 0.0345
DEBUG - 2022-12-12 11:04:24 --> UTF-8 Support Enabled
DEBUG - 2022-12-12 11:04:24 --> Global POST, GET and COOKIE data sanitized
DEBUG - 2022-12-12 11:04:24 --> Config file loaded: /hwonpark/www/application/config/tree.php
DEBUG - 2022-12-12 11:04:24 --> Total execution time: 0.0499
DEBUG - 2022-12-12 11:04:28 --> UTF-8 Support Enabled
DEBUG - 2022-12-12 11:04:28 --> Global POST, GET and COOKIE data sanitized
DEBUG - 2022-12-12 11:04:28 --> Config file loaded: /hwonpark/www/application/config/tree.php
DEBUG - 2022-12-12 11:04:30 --> UTF-8 Support Enabled
DEBUG - 2022-12-12 11:04:30 --> Global POST, GET and COOKIE data sanitized
DEBUG - 2022-12-12 11:04:30 --> Config file loaded: /hwonpark/www/application/config/tree.php
DEBUG - 2022-12-12 11:04:30 --> Total execution time: 0.0285
DEBUG - 2022-12-12 11:04:38 --> UTF-8 Support Enabled
DEBUG - 2022-12-12 11:04:38 --> Global POST, GET and COOKIE data sanitized
DEBUG - 2022-12-12 11:04:38 --> Config file loaded: /hwonpark/www/application/config/tree.php
DEBUG - 2022-12-12 11:04:39 --> UTF-8 Support Enabled
DEBUG - 2022-12-12 11:04:39 --> Global POST, GET and COOKIE data sanitized
DEBUG - 2022-12-12 11:04:39 --> Config file loaded: /hwonpark/www/application/config/tree.php
DEBUG - 2022-12-12 11:04:39 --> Encryption: Auto-configured driver 'openssl'.
DEBUG - 2022-12-12 11:04:39 --> UTF-8 Support Enabled
DEBUG - 2022-12-12 11:04:39 --> Global POST, GET and COOKIE data sanitized
DEBUG - 2022-12-12 11:04:39 --> Config file loaded: /hwonpark/www/application/config/tree.php
DEBUG - 2022-12-12 11:04:39 --> Encryption: Auto-configured driver 'openssl'.
DEBUG - 2022-12-12 11:04:39 --> Encryption class already loaded. Second attempt ignored.
DEBUG - 2022-12-12 11:04:39 --> Total execution time: 0.0608
DEBUG - 2022-12-12 11:04:40 --> UTF-8 Support Enabled
DEBUG - 2022-12-12 11:04:40 --> Global POST, GET and COOKIE data sanitized
DEBUG - 2022-12-12 11:04:40 --> Config file loaded: /hwonpark/www/application/config/tree.php
DEBUG - 2022-12-12 11:04:40 --> Encryption: Auto-configured driver 'openssl'.
DEBUG - 2022-12-12 11:04:40 --> Total execution time: 0.0385
DEBUG - 2022-12-12 11:04:42 --> UTF-8 Support Enabled
DEBUG - 2022-12-12 11:04:42 --> Global POST, GET and COOKIE data sanitized
DEBUG - 2022-12-12 11:04:42 --> Config file loaded: /hwonpark/www/application/config/tree.php
DEBUG - 2022-12-12 11:04:42 --> Encryption: Auto-configured driver 'openssl'.
DEBUG - 2022-12-12 11:04:42 --> Total execution time: 0.0607
DEBUG - 2022-12-12 11:04:44 --> UTF-8 Support Enabled
DEBUG - 2022-12-12 11:04:44 --> Global POST, GET and COOKIE data sanitized
DEBUG - 2022-12-12 11:04:44 --> Config file loaded: /hwonpark/www/application/config/tree.php
DEBUG - 2022-12-12 11:04:44 --> Encryption: Auto-configured driver 'openssl'.
DEBUG - 2022-12-12 11:04:44 --> Total execution time: 0.0502
DEBUG - 2022-12-12 11:04:46 --> UTF-8 Support Enabled
DEBUG - 2022-12-12 11:04:46 --> Global POST, GET and COOKIE data sanitized
DEBUG - 2022-12-12 11:04:46 --> Config file loaded: /hwonpark/www/application/config/tree.php
DEBUG - 2022-12-12 11:04:46 --> Encryption: Auto-configured driver 'openssl'.
DEBUG - 2022-12-12 11:04:46 --> Total execution time: 0.0436
DEBUG - 2022-12-12 11:04:51 --> UTF-8 Support Enabled
DEBUG - 2022-12-12 11:04:51 --> Global POST, GET and COOKIE data sanitized
DEBUG - 2022-12-12 11:04:51 --> Config file loaded: /hwonpark/www/application/config/tree.php
DEBUG - 2022-12-12 11:04:51 --> Encryption: Auto-configured driver 'openssl'.
DEBUG - 2022-12-12 11:04:51 --> UTF-8 Support Enabled
DEBUG - 2022-12-12 11:04:51 --> Global POST, GET and COOKIE data sanitized
DEBUG - 2022-12-12 11:04:52 --> Config file loaded: /hwonpark/www/application/config/tree.php
DEBUG - 2022-12-12 11:04:52 --> Encryption: Auto-configured driver 'openssl'.
DEBUG - 2022-12-12 11:04:52 --> Total execution time: 0.0403
DEBUG - 2022-12-12 12:34:50 --> UTF-8 Support Enabled
DEBUG - 2022-12-12 12:34:50 --> Global POST, GET and COOKIE data sanitized
DEBUG - 2022-12-12 12:34:50 --> Config file loaded: /hwonpark/www/application/config/tree.php
DEBUG - 2022-12-12 12:34:50 --> Total execution time: 0.0336
DEBUG - 2022-12-12 13:10:47 --> UTF-8 Support Enabled
DEBUG - 2022-12-12 13:10:47 --> Global POST, GET and COOKIE data sanitized
DEBUG - 2022-12-12 13:10:47 --> Config file loaded: /hwonpark/www/application/config/tree.php
DEBUG - 2022-12-12 13:10:49 --> UTF-8 Support Enabled
DEBUG - 2022-12-12 13:10:49 --> No URI present. Default controller set.
DEBUG - 2022-12-12 13:10:49 --> Global POST, GET and COOKIE data sanitized
DEBUG - 2022-12-12 13:10:49 --> Config file loaded: /hwonpark/www/application/config/tree.php
DEBUG - 2022-12-12 13:10:49 --> Total execution time: 0.0319
DEBUG - 2022-12-12 13:20:19 --> UTF-8 Support Enabled
DEBUG - 2022-12-12 13:20:19 --> Global POST, GET and COOKIE data sanitized
DEBUG - 2022-12-12 13:20:19 --> Config file loaded: /hwonpark/www/application/config/tree.php
DEBUG - 2022-12-12 13:20:19 --> Total execution time: 0.0454
DEBUG - 2022-12-12 13:20:55 --> UTF-8 Support Enabled
DEBUG - 2022-12-12 13:20:55 --> Global POST, GET and COOKIE data sanitized
DEBUG - 2022-12-12 13:20:55 --> Config file loaded: /hwonpark/www/application/config/tree.php
DEBUG - 2022-12-12 13:20:55 --> Total execution time: 0.0364
DEBUG - 2022-12-12 13:20:57 --> UTF-8 Support Enabled
DEBUG - 2022-12-12 13:20:57 --> Global POST, GET and COOKIE data sanitized
DEBUG - 2022-12-12 13:20:57 --> Config file loaded: /hwonpark/www/application/config/tree.php
DEBUG - 2022-12-12 13:20:57 --> Total execution time: 0.0630
DEBUG - 2022-12-12 13:44:08 --> UTF-8 Support Enabled
DEBUG - 2022-12-12 13:44:08 --> Global POST, GET and COOKIE data sanitized
DEBUG - 2022-12-12 13:44:08 --> Config file loaded: /hwonpark/www/application/config/tree.php
DEBUG - 2022-12-12 13:44:08 --> Total execution time: 0.0450
DEBUG - 2022-12-12 14:06:15 --> UTF-8 Support Enabled
DEBUG - 2022-12-12 14:06:15 --> Global POST, GET and COOKIE data sanitized
DEBUG - 2022-12-12 14:06:15 --> Config file loaded: /hwonpark/www/application/config/tree.php
DEBUG - 2022-12-12 14:06:15 --> Total execution time: 0.0350
DEBUG - 2022-12-12 14:06:20 --> UTF-8 Support Enabled
DEBUG - 2022-12-12 14:06:20 --> Global POST, GET and COOKIE data sanitized
DEBUG - 2022-12-12 14:06:20 --> Config file loaded: /hwonpark/www/application/config/tree.php
DEBUG - 2022-12-12 14:06:22 --> UTF-8 Support Enabled
DEBUG - 2022-12-12 14:06:22 --> Global POST, GET and COOKIE data sanitized
DEBUG - 2022-12-12 14:06:22 --> Config file loaded: /hwonpark/www/application/config/tree.php
DEBUG - 2022-12-12 14:06:22 --> Total execution time: 0.0270
DEBUG - 2022-12-12 14:06:27 --> UTF-8 Support Enabled
DEBUG - 2022-12-12 14:06:27 --> Global POST, GET and COOKIE data sanitized
DEBUG - 2022-12-12 14:06:27 --> Config file loaded: /hwonpark/www/application/config/tree.php
DEBUG - 2022-12-12 14:06:28 --> UTF-8 Support Enabled
DEBUG - 2022-12-12 14:06:28 --> Global POST, GET and COOKIE data sanitized
DEBUG - 2022-12-12 14:06:28 --> Config file loaded: /hwonpark/www/application/config/tree.php
DEBUG - 2022-12-12 14:06:28 --> Encryption: Auto-configured driver 'openssl'.
DEBUG - 2022-12-12 14:06:28 --> UTF-8 Support Enabled
DEBUG - 2022-12-12 14:06:28 --> Global POST, GET and COOKIE data sanitized
DEBUG - 2022-12-12 14:06:28 --> Config file loaded: /hwonpark/www/application/config/tree.php
DEBUG - 2022-12-12 14:06:28 --> Encryption: Auto-configured driver 'openssl'.
DEBUG - 2022-12-12 14:06:28 --> Encryption class already loaded. Second attempt ignored.
DEBUG - 2022-12-12 14:06:28 --> Total execution time: 0.0471
DEBUG - 2022-12-12 14:06:31 --> UTF-8 Support Enabled
DEBUG - 2022-12-12 14:06:31 --> Global POST, GET and COOKIE data sanitized
DEBUG - 2022-12-12 14:06:31 --> Config file loaded: /hwonpark/www/application/config/tree.php
DEBUG - 2022-12-12 14:06:31 --> Encryption: Auto-configured driver 'openssl'.
DEBUG - 2022-12-12 14:06:31 --> Total execution time: 0.0765
DEBUG - 2022-12-12 14:06:33 --> UTF-8 Support Enabled
DEBUG - 2022-12-12 14:06:33 --> Global POST, GET and COOKIE data sanitized
DEBUG - 2022-12-12 14:06:33 --> Config file loaded: /hwonpark/www/application/config/tree.php
DEBUG - 2022-12-12 14:06:33 --> Encryption: Auto-configured driver 'openssl'.
DEBUG - 2022-12-12 14:06:33 --> Total execution time: 0.0344
DEBUG - 2022-12-12 14:10:08 --> UTF-8 Support Enabled
DEBUG - 2022-12-12 14:10:08 --> Global POST, GET and COOKIE data sanitized
DEBUG - 2022-12-12 14:10:08 --> Config file loaded: /hwonpark/www/application/config/tree.php
DEBUG - 2022-12-12 14:10:08 --> Encryption: Auto-configured driver 'openssl'.
DEBUG - 2022-12-12 14:10:08 --> Total execution time: 0.0463
DEBUG - 2022-12-12 14:18:38 --> UTF-8 Support Enabled
DEBUG - 2022-12-12 14:18:38 --> Global POST, GET and COOKIE data sanitized
DEBUG - 2022-12-12 14:18:38 --> Config file loaded: /hwonpark/www/application/config/tree.php
DEBUG - 2022-12-12 14:18:38 --> Encryption: Auto-configured driver 'openssl'.
DEBUG - 2022-12-12 14:18:38 --> Total execution time: 0.0451
DEBUG - 2022-12-12 14:18:40 --> UTF-8 Support Enabled
DEBUG - 2022-12-12 14:18:40 --> Global POST, GET and COOKIE data sanitized
DEBUG - 2022-12-12 14:18:40 --> Config file loaded: /hwonpark/www/application/config/tree.php
DEBUG - 2022-12-12 14:18:40 --> Encryption: Auto-configured driver 'openssl'.
DEBUG - 2022-12-12 14:18:40 --> Total execution time: 0.0468
DEBUG - 2022-12-12 14:18:42 --> UTF-8 Support Enabled
DEBUG - 2022-12-12 14:18:42 --> Global POST, GET and COOKIE data sanitized
DEBUG - 2022-12-12 14:18:42 --> Config file loaded: /hwonpark/www/application/config/tree.php
DEBUG - 2022-12-12 14:18:42 --> Encryption: Auto-configured driver 'openssl'.
DEBUG - 2022-12-12 14:18:42 --> Total execution time: 0.0386
DEBUG - 2022-12-12 14:18:46 --> UTF-8 Support Enabled
DEBUG - 2022-12-12 14:18:46 --> Global POST, GET and COOKIE data sanitized
DEBUG - 2022-12-12 14:18:46 --> Config file loaded: /hwonpark/www/application/config/tree.php
DEBUG - 2022-12-12 14:18:46 --> Encryption: Auto-configured driver 'openssl'.
DEBUG - 2022-12-12 14:18:46 --> UTF-8 Support Enabled
DEBUG - 2022-12-12 14:18:46 --> Global POST, GET and COOKIE data sanitized
DEBUG - 2022-12-12 14:18:46 --> Config file loaded: /hwonpark/www/application/config/tree.php
DEBUG - 2022-12-12 14:18:46 --> Encryption: Auto-configured driver 'openssl'.
DEBUG - 2022-12-12 14:18:46 --> Encryption class already loaded. Second attempt ignored.
DEBUG - 2022-12-12 14:18:46 --> Total execution time: 0.0382
DEBUG - 2022-12-12 14:18:48 --> UTF-8 Support Enabled
DEBUG - 2022-12-12 14:18:48 --> Global POST, GET and COOKIE data sanitized
DEBUG - 2022-12-12 14:18:48 --> Config file loaded: /hwonpark/www/application/config/tree.php
DEBUG - 2022-12-12 14:18:48 --> Encryption: Auto-configured driver 'openssl'.
DEBUG - 2022-12-12 14:18:48 --> Total execution time: 0.0386
DEBUG - 2022-12-12 14:18:50 --> UTF-8 Support Enabled
DEBUG - 2022-12-12 14:18:50 --> Global POST, GET and COOKIE data sanitized
DEBUG - 2022-12-12 14:18:50 --> Config file loaded: /hwonpark/www/application/config/tree.php
DEBUG - 2022-12-12 14:18:50 --> Encryption: Auto-configured driver 'openssl'.
DEBUG - 2022-12-12 14:18:50 --> Total execution time: 0.0371
DEBUG - 2022-12-12 14:18:53 --> UTF-8 Support Enabled
DEBUG - 2022-12-12 14:18:53 --> Global POST, GET and COOKIE data sanitized
DEBUG - 2022-12-12 14:18:53 --> Config file loaded: /hwonpark/www/application/config/tree.php
DEBUG - 2022-12-12 14:18:53 --> Encryption: Auto-configured driver 'openssl'.
DEBUG - 2022-12-12 14:18:53 --> Total execution time: 0.1218
DEBUG - 2022-12-12 14:18:58 --> UTF-8 Support Enabled
DEBUG - 2022-12-12 14:18:58 --> Global POST, GET and COOKIE data sanitized
DEBUG - 2022-12-12 14:18:58 --> Config file loaded: /hwonpark/www/application/config/tree.php
DEBUG - 2022-12-12 14:18:58 --> Encryption: Auto-configured driver 'openssl'.
DEBUG - 2022-12-12 14:18:58 --> Total execution time: 0.0616
DEBUG - 2022-12-12 14:22:37 --> UTF-8 Support Enabled
DEBUG - 2022-12-12 14:22:37 --> No URI present. Default controller set.
DEBUG - 2022-12-12 14:22:37 --> Global POST, GET and COOKIE data sanitized
DEBUG - 2022-12-12 14:22:37 --> Config file loaded: /hwonpark/www/application/config/tree.php
DEBUG - 2022-12-12 14:22:37 --> Total execution time: 0.0615
DEBUG - 2022-12-12 14:22:37 --> UTF-8 Support Enabled
DEBUG - 2022-12-12 14:22:37 --> Global POST, GET and COOKIE data sanitized
ERROR - 2022-12-12 14:22:37 --> 404 Page Not Found: Faviconico/index
DEBUG - 2022-12-12 14:41:26 --> UTF-8 Support Enabled
DEBUG - 2022-12-12 14:41:26 --> Global POST, GET and COOKIE data sanitized
DEBUG - 2022-12-12 14:41:26 --> Config file loaded: /hwonpark/www/application/config/tree.php
DEBUG - 2022-12-12 14:41:28 --> UTF-8 Support Enabled
DEBUG - 2022-12-12 14:41:28 --> No URI present. Default controller set.
DEBUG - 2022-12-12 14:41:28 --> Global POST, GET and COOKIE data sanitized
DEBUG - 2022-12-12 14:41:28 --> Config file loaded: /hwonpark/www/application/config/tree.php
DEBUG - 2022-12-12 14:41:28 --> Total execution time: 0.0328
DEBUG - 2022-12-12 14:53:05 --> UTF-8 Support Enabled
DEBUG - 2022-12-12 14:53:05 --> Global POST, GET and COOKIE data sanitized
DEBUG - 2022-12-12 14:53:05 --> Config file loaded: /hwonpark/www/application/config/tree.php
DEBUG - 2022-12-12 14:53:05 --> Total execution time: 0.0418
DEBUG - 2022-12-12 14:53:12 --> UTF-8 Support Enabled
DEBUG - 2022-12-12 14:53:12 --> Global POST, GET and COOKIE data sanitized
DEBUG - 2022-12-12 14:53:12 --> Config file loaded: /hwonpark/www/application/config/tree.php
DEBUG - 2022-12-12 14:53:12 --> Total execution time: 0.0508
DEBUG - 2022-12-12 15:20:18 --> UTF-8 Support Enabled
DEBUG - 2022-12-12 15:20:18 --> Global POST, GET and COOKIE data sanitized
DEBUG - 2022-12-12 15:20:18 --> Config file loaded: /hwonpark/www/application/config/tree.php
DEBUG - 2022-12-12 15:20:18 --> Total execution time: 0.0384
DEBUG - 2022-12-12 15:20:29 --> UTF-8 Support Enabled
DEBUG - 2022-12-12 15:20:29 --> Global POST, GET and COOKIE data sanitized
DEBUG - 2022-12-12 15:20:29 --> Config file loaded: /hwonpark/www/application/config/tree.php
DEBUG - 2022-12-12 15:20:31 --> UTF-8 Support Enabled
DEBUG - 2022-12-12 15:20:31 --> Global POST, GET and COOKIE data sanitized
DEBUG - 2022-12-12 15:20:31 --> Config file loaded: /hwonpark/www/application/config/tree.php
DEBUG - 2022-12-12 15:20:31 --> Encryption: Auto-configured driver 'openssl'.
DEBUG - 2022-12-12 15:20:31 --> UTF-8 Support Enabled
DEBUG - 2022-12-12 15:20:31 --> Global POST, GET and COOKIE data sanitized
DEBUG - 2022-12-12 15:20:31 --> Config file loaded: /hwonpark/www/application/config/tree.php
DEBUG - 2022-12-12 15:20:31 --> Encryption: Auto-configured driver 'openssl'.
DEBUG - 2022-12-12 15:20:31 --> Encryption class already loaded. Second attempt ignored.
DEBUG - 2022-12-12 15:20:31 --> Total execution time: 0.0410
DEBUG - 2022-12-12 15:20:34 --> UTF-8 Support Enabled
DEBUG - 2022-12-12 15:20:34 --> Global POST, GET and COOKIE data sanitized
DEBUG - 2022-12-12 15:20:34 --> Config file loaded: /hwonpark/www/application/config/tree.php
DEBUG - 2022-12-12 15:20:34 --> Encryption: Auto-configured driver 'openssl'.
DEBUG - 2022-12-12 15:20:34 --> Total execution time: 0.0392
DEBUG - 2022-12-12 15:21:31 --> UTF-8 Support Enabled
DEBUG - 2022-12-12 15:21:31 --> Global POST, GET and COOKIE data sanitized
DEBUG - 2022-12-12 15:21:31 --> Config file loaded: /hwonpark/www/application/config/tree.php
DEBUG - 2022-12-12 15:21:31 --> Encryption: Auto-configured driver 'openssl'.
DEBUG - 2022-12-12 15:21:31 --> Total execution time: 0.0833
DEBUG - 2022-12-12 15:21:33 --> UTF-8 Support Enabled
DEBUG - 2022-12-12 15:21:33 --> Global POST, GET and COOKIE data sanitized
DEBUG - 2022-12-12 15:21:33 --> Config file loaded: /hwonpark/www/application/config/tree.php
DEBUG - 2022-12-12 15:21:33 --> Encryption: Auto-configured driver 'openssl'.
DEBUG - 2022-12-12 15:21:33 --> Total execution time: 0.0362
DEBUG - 2022-12-12 15:21:42 --> UTF-8 Support Enabled
DEBUG - 2022-12-12 15:21:42 --> Global POST, GET and COOKIE data sanitized
DEBUG - 2022-12-12 15:21:42 --> Config file loaded: /hwonpark/www/application/config/tree.php
DEBUG - 2022-12-12 15:21:42 --> Encryption: Auto-configured driver 'openssl'.
DEBUG - 2022-12-12 15:21:42 --> Total execution time: 0.0430
DEBUG - 2022-12-12 15:24:54 --> UTF-8 Support Enabled
DEBUG - 2022-12-12 15:24:54 --> No URI present. Default controller set.
DEBUG - 2022-12-12 15:24:54 --> Global POST, GET and COOKIE data sanitized
DEBUG - 2022-12-12 15:24:54 --> Config file loaded: /hwonpark/www/application/config/tree.php
DEBUG - 2022-12-12 15:24:54 --> Total execution time: 0.0307
DEBUG - 2022-12-12 15:24:55 --> UTF-8 Support Enabled
DEBUG - 2022-12-12 15:24:55 --> Global POST, GET and COOKIE data sanitized
ERROR - 2022-12-12 15:24:55 --> 404 Page Not Found: Faviconico/index
DEBUG - 2022-12-12 15:25:22 --> UTF-8 Support Enabled
DEBUG - 2022-12-12 15:25:22 --> No URI present. Default controller set.
DEBUG - 2022-12-12 15:25:22 --> Global POST, GET and COOKIE data sanitized
DEBUG - 2022-12-12 15:25:22 --> Config file loaded: /hwonpark/www/application/config/tree.php
DEBUG - 2022-12-12 15:25:22 --> Total execution time: 0.0324
DEBUG - 2022-12-12 15:32:42 --> UTF-8 Support Enabled
DEBUG - 2022-12-12 15:32:42 --> Global POST, GET and COOKIE data sanitized
DEBUG - 2022-12-12 15:32:42 --> Config file loaded: /hwonpark/www/application/config/tree.php
DEBUG - 2022-12-12 15:32:42 --> Total execution time: 0.0224
DEBUG - 2022-12-12 16:06:12 --> UTF-8 Support Enabled
DEBUG - 2022-12-12 16:06:12 --> No URI present. Default controller set.
DEBUG - 2022-12-12 16:06:12 --> Global POST, GET and COOKIE data sanitized
DEBUG - 2022-12-12 16:06:13 --> Config file loaded: /hwonpark/www/application/config/tree.php
DEBUG - 2022-12-12 16:06:13 --> Total execution time: 0.0463
DEBUG - 2022-12-12 16:10:14 --> UTF-8 Support Enabled
DEBUG - 2022-12-12 16:10:14 --> No URI present. Default controller set.
DEBUG - 2022-12-12 16:10:14 --> Global POST, GET and COOKIE data sanitized
DEBUG - 2022-12-12 16:10:14 --> Config file loaded: /hwonpark/www/application/config/tree.php
DEBUG - 2022-12-12 16:10:14 --> Total execution time: 0.0309
DEBUG - 2022-12-12 16:10:16 --> UTF-8 Support Enabled
DEBUG - 2022-12-12 16:10:16 --> Global POST, GET and COOKIE data sanitized
DEBUG - 2022-12-12 16:10:16 --> Config file loaded: /hwonpark/www/application/config/tree.php
DEBUG - 2022-12-12 16:10:16 --> Total execution time: 0.0408
DEBUG - 2022-12-12 16:17:34 --> UTF-8 Support Enabled
DEBUG - 2022-12-12 16:17:34 --> No URI present. Default controller set.
DEBUG - 2022-12-12 16:17:34 --> Global POST, GET and COOKIE data sanitized
DEBUG - 2022-12-12 16:17:34 --> Config file loaded: /hwonpark/www/application/config/tree.php
DEBUG - 2022-12-12 16:17:34 --> Total execution time: 0.0647
DEBUG - 2022-12-12 16:17:38 --> UTF-8 Support Enabled
DEBUG - 2022-12-12 16:17:38 --> Global POST, GET and COOKIE data sanitized
ERROR - 2022-12-12 16:17:38 --> 404 Page Not Found: Faviconico/index
DEBUG - 2022-12-12 16:17:51 --> UTF-8 Support Enabled
DEBUG - 2022-12-12 16:17:51 --> No URI present. Default controller set.
DEBUG - 2022-12-12 16:17:51 --> Global POST, GET and COOKIE data sanitized
DEBUG - 2022-12-12 16:17:51 --> Config file loaded: /hwonpark/www/application/config/tree.php
DEBUG - 2022-12-12 16:17:51 --> Total execution time: 0.0450
DEBUG - 2022-12-12 16:41:21 --> UTF-8 Support Enabled
DEBUG - 2022-12-12 16:41:21 --> Global POST, GET and COOKIE data sanitized
DEBUG - 2022-12-12 16:41:21 --> Config file loaded: /hwonpark/www/application/config/tree.php
DEBUG - 2022-12-12 16:41:21 --> Total execution time: 0.0292
DEBUG - 2022-12-12 16:41:22 --> UTF-8 Support Enabled
DEBUG - 2022-12-12 16:41:22 --> Global POST, GET and COOKIE data sanitized
ERROR - 2022-12-12 16:41:22 --> 404 Page Not Found: Faviconico/index
DEBUG - 2022-12-12 16:41:28 --> UTF-8 Support Enabled
DEBUG - 2022-12-12 16:41:28 --> Global POST, GET and COOKIE data sanitized
DEBUG - 2022-12-12 16:41:28 --> Config file loaded: /hwonpark/www/application/config/tree.php
DEBUG - 2022-12-12 16:41:29 --> UTF-8 Support Enabled
DEBUG - 2022-12-12 16:41:29 --> Global POST, GET and COOKIE data sanitized
DEBUG - 2022-12-12 16:41:29 --> Config file loaded: /hwonpark/www/application/config/tree.php
DEBUG - 2022-12-12 16:41:29 --> Encryption: Auto-configured driver 'openssl'.
DEBUG - 2022-12-12 16:41:29 --> UTF-8 Support Enabled
DEBUG - 2022-12-12 16:41:29 --> Global POST, GET and COOKIE data sanitized
DEBUG - 2022-12-12 16:41:29 --> Config file loaded: /hwonpark/www/application/config/tree.php
DEBUG - 2022-12-12 16:41:29 --> Encryption: Auto-configured driver 'openssl'.
DEBUG - 2022-12-12 16:41:29 --> Encryption class already loaded. Second attempt ignored.
DEBUG - 2022-12-12 16:41:29 --> Total execution time: 0.0416
DEBUG - 2022-12-12 16:41:34 --> UTF-8 Support Enabled
DEBUG - 2022-12-12 16:41:34 --> Global POST, GET and COOKIE data sanitized
DEBUG - 2022-12-12 16:41:34 --> Config file loaded: /hwonpark/www/application/config/tree.php
DEBUG - 2022-12-12 16:41:34 --> Encryption: Auto-configured driver 'openssl'.
DEBUG - 2022-12-12 16:41:34 --> Total execution time: 0.0363
DEBUG - 2022-12-12 16:41:36 --> UTF-8 Support Enabled
DEBUG - 2022-12-12 16:41:36 --> Global POST, GET and COOKIE data sanitized
DEBUG - 2022-12-12 16:41:36 --> Config file loaded: /hwonpark/www/application/config/tree.php
DEBUG - 2022-12-12 16:41:36 --> Encryption: Auto-configured driver 'openssl'.
DEBUG - 2022-12-12 16:41:36 --> Total execution time: 0.0743
DEBUG - 2022-12-12 16:45:43 --> UTF-8 Support Enabled
DEBUG - 2022-12-12 16:45:43 --> Global POST, GET and COOKIE data sanitized
DEBUG - 2022-12-12 16:45:43 --> Config file loaded: /hwonpark/www/application/config/tree.php
DEBUG - 2022-12-12 16:45:43 --> Encryption: Auto-configured driver 'openssl'.
DEBUG - 2022-12-12 16:45:43 --> Total execution time: 0.0670
DEBUG - 2022-12-12 17:12:30 --> UTF-8 Support Enabled
DEBUG - 2022-12-12 17:12:30 --> No URI present. Default controller set.
DEBUG - 2022-12-12 17:12:30 --> Global POST, GET and COOKIE data sanitized
DEBUG - 2022-12-12 17:12:30 --> Config file loaded: /hwonpark/www/application/config/tree.php
DEBUG - 2022-12-12 17:12:30 --> Total execution time: 0.0573
DEBUG - 2022-12-12 17:12:39 --> UTF-8 Support Enabled
DEBUG - 2022-12-12 17:12:39 --> Global POST, GET and COOKIE data sanitized
DEBUG - 2022-12-12 17:12:39 --> Config file loaded: /hwonpark/www/application/config/tree.php
DEBUG - 2022-12-12 17:12:40 --> UTF-8 Support Enabled
DEBUG - 2022-12-12 17:12:40 --> Global POST, GET and COOKIE data sanitized
DEBUG - 2022-12-12 17:12:40 --> Config file loaded: /hwonpark/www/application/config/tree.php
DEBUG - 2022-12-12 17:12:40 --> Total execution time: 0.0581
DEBUG - 2022-12-12 17:12:53 --> UTF-8 Support Enabled
DEBUG - 2022-12-12 17:12:53 --> No URI present. Default controller set.
DEBUG - 2022-12-12 17:12:53 --> Global POST, GET and COOKIE data sanitized
DEBUG - 2022-12-12 17:12:53 --> Config file loaded: /hwonpark/www/application/config/tree.php
DEBUG - 2022-12-12 17:12:53 --> Total execution time: 0.0575
DEBUG - 2022-12-12 17:13:26 --> UTF-8 Support Enabled
DEBUG - 2022-12-12 17:13:26 --> Global POST, GET and COOKIE data sanitized
DEBUG - 2022-12-12 17:13:26 --> Config file loaded: /hwonpark/www/application/config/tree.php
DEBUG - 2022-12-12 17:13:26 --> Total execution time: 0.0310
DEBUG - 2022-12-12 17:13:30 --> UTF-8 Support Enabled
DEBUG - 2022-12-12 17:13:30 --> Global POST, GET and COOKIE data sanitized
DEBUG - 2022-12-12 17:13:30 --> Config file loaded: /hwonpark/www/application/config/tree.php
DEBUG - 2022-12-12 17:13:32 --> UTF-8 Support Enabled
DEBUG - 2022-12-12 17:13:32 --> Global POST, GET and COOKIE data sanitized
DEBUG - 2022-12-12 17:13:32 --> Config file loaded: /hwonpark/www/application/config/tree.php
DEBUG - 2022-12-12 17:13:32 --> Total execution time: 0.0597
DEBUG - 2022-12-12 17:13:33 --> UTF-8 Support Enabled
DEBUG - 2022-12-12 17:13:33 --> Global POST, GET and COOKIE data sanitized
DEBUG - 2022-12-12 17:13:33 --> Config file loaded: /hwonpark/www/application/config/tree.php
DEBUG - 2022-12-12 17:13:33 --> Total execution time: 0.0409
DEBUG - 2022-12-12 17:13:50 --> UTF-8 Support Enabled
DEBUG - 2022-12-12 17:13:50 --> Global POST, GET and COOKIE data sanitized
DEBUG - 2022-12-12 17:13:50 --> Config file loaded: /hwonpark/www/application/config/tree.php
DEBUG - 2022-12-12 17:13:50 --> Total execution time: 0.0340
DEBUG - 2022-12-12 17:13:53 --> UTF-8 Support Enabled
DEBUG - 2022-12-12 17:13:53 --> Global POST, GET and COOKIE data sanitized
DEBUG - 2022-12-12 17:13:53 --> Config file loaded: /hwonpark/www/application/config/tree.php
DEBUG - 2022-12-12 17:13:53 --> Total execution time: 0.0357
DEBUG - 2022-12-12 17:13:55 --> UTF-8 Support Enabled
DEBUG - 2022-12-12 17:13:55 --> Global POST, GET and COOKIE data sanitized
DEBUG - 2022-12-12 17:13:55 --> Config file loaded: /hwonpark/www/application/config/tree.php
DEBUG - 2022-12-12 17:13:55 --> Total execution time: 0.0240
DEBUG - 2022-12-12 17:13:57 --> UTF-8 Support Enabled
DEBUG - 2022-12-12 17:13:57 --> Global POST, GET and COOKIE data sanitized
DEBUG - 2022-12-12 17:13:57 --> Config file loaded: /hwonpark/www/application/config/tree.php
DEBUG - 2022-12-12 17:13:57 --> Total execution time: 0.0296
DEBUG - 2022-12-12 17:13:59 --> UTF-8 Support Enabled
DEBUG - 2022-12-12 17:13:59 --> Global POST, GET and COOKIE data sanitized
DEBUG - 2022-12-12 17:13:59 --> Config file loaded: /hwonpark/www/application/config/tree.php
DEBUG - 2022-12-12 17:13:59 --> Total execution time: 0.0462
DEBUG - 2022-12-12 17:14:01 --> UTF-8 Support Enabled
DEBUG - 2022-12-12 17:14:01 --> No URI present. Default controller set.
DEBUG - 2022-12-12 17:14:01 --> Global POST, GET and COOKIE data sanitized
DEBUG - 2022-12-12 17:14:01 --> Config file loaded: /hwonpark/www/application/config/tree.php
DEBUG - 2022-12-12 17:14:01 --> Total execution time: 0.0622
DEBUG - 2022-12-12 17:25:23 --> UTF-8 Support Enabled
DEBUG - 2022-12-12 17:25:23 --> Global POST, GET and COOKIE data sanitized
DEBUG - 2022-12-12 17:25:23 --> Config file loaded: /hwonpark/www/application/config/tree.php
DEBUG - 2022-12-12 17:25:23 --> Total execution time: 0.0583
DEBUG - 2022-12-12 17:25:29 --> UTF-8 Support Enabled
DEBUG - 2022-12-12 17:25:29 --> Global POST, GET and COOKIE data sanitized
DEBUG - 2022-12-12 17:25:29 --> Config file loaded: /hwonpark/www/application/config/tree.php
DEBUG - 2022-12-12 17:25:30 --> UTF-8 Support Enabled
DEBUG - 2022-12-12 17:25:30 --> Global POST, GET and COOKIE data sanitized
DEBUG - 2022-12-12 17:25:30 --> Config file loaded: /hwonpark/www/application/config/tree.php
DEBUG - 2022-12-12 17:25:31 --> Encryption: Auto-configured driver 'openssl'.
DEBUG - 2022-12-12 17:25:31 --> UTF-8 Support Enabled
DEBUG - 2022-12-12 17:25:31 --> Global POST, GET and COOKIE data sanitized
DEBUG - 2022-12-12 17:25:31 --> Config file loaded: /hwonpark/www/application/config/tree.php
DEBUG - 2022-12-12 17:25:31 --> Encryption: Auto-configured driver 'openssl'.
DEBUG - 2022-12-12 17:25:31 --> Encryption class already loaded. Second attempt ignored.
DEBUG - 2022-12-12 17:25:31 --> Total execution time: 0.0399
DEBUG - 2022-12-12 17:25:32 --> UTF-8 Support Enabled
DEBUG - 2022-12-12 17:25:32 --> Global POST, GET and COOKIE data sanitized
DEBUG - 2022-12-12 17:25:32 --> Config file loaded: /hwonpark/www/application/config/tree.php
DEBUG - 2022-12-12 17:25:32 --> Encryption: Auto-configured driver 'openssl'.
DEBUG - 2022-12-12 17:25:32 --> Total execution time: 0.0817
DEBUG - 2022-12-12 17:25:33 --> UTF-8 Support Enabled
DEBUG - 2022-12-12 17:25:33 --> Global POST, GET and COOKIE data sanitized
DEBUG - 2022-12-12 17:25:33 --> Config file loaded: /hwonpark/www/application/config/tree.php
DEBUG - 2022-12-12 17:25:33 --> Encryption: Auto-configured driver 'openssl'.
DEBUG - 2022-12-12 17:25:33 --> Total execution time: 0.0371
DEBUG - 2022-12-12 17:26:46 --> UTF-8 Support Enabled
DEBUG - 2022-12-12 17:26:46 --> No URI present. Default controller set.
DEBUG - 2022-12-12 17:26:46 --> Global POST, GET and COOKIE data sanitized
DEBUG - 2022-12-12 17:26:46 --> Config file loaded: /hwonpark/www/application/config/tree.php
DEBUG - 2022-12-12 17:26:46 --> Total execution time: 0.0302
DEBUG - 2022-12-12 17:42:59 --> UTF-8 Support Enabled
DEBUG - 2022-12-12 17:42:59 --> Global POST, GET and COOKIE data sanitized
DEBUG - 2022-12-12 17:42:59 --> Config file loaded: /hwonpark/www/application/config/tree.php
DEBUG - 2022-12-12 17:44:25 --> UTF-8 Support Enabled
DEBUG - 2022-12-12 17:44:25 --> Global POST, GET and COOKIE data sanitized
DEBUG - 2022-12-12 17:44:25 --> Config file loaded: /hwonpark/www/application/config/tree.php
DEBUG - 2022-12-12 17:44:25 --> Total execution time: 0.0586
DEBUG - 2022-12-12 17:44:30 --> UTF-8 Support Enabled
DEBUG - 2022-12-12 17:44:30 --> No URI present. Default controller set.
DEBUG - 2022-12-12 17:44:30 --> Global POST, GET and COOKIE data sanitized
DEBUG - 2022-12-12 17:44:30 --> Config file loaded: /hwonpark/www/application/config/tree.php
DEBUG - 2022-12-12 17:44:30 --> Total execution time: 0.0649
DEBUG - 2022-12-12 17:44:33 --> UTF-8 Support Enabled
DEBUG - 2022-12-12 17:44:33 --> Global POST, GET and COOKIE data sanitized
DEBUG - 2022-12-12 17:44:33 --> Config file loaded: /hwonpark/www/application/config/tree.php
DEBUG - 2022-12-12 17:44:33 --> Total execution time: 0.0577
DEBUG - 2022-12-12 17:44:35 --> UTF-8 Support Enabled
DEBUG - 2022-12-12 17:44:35 --> Global POST, GET and COOKIE data sanitized
DEBUG - 2022-12-12 17:44:35 --> Config file loaded: /hwonpark/www/application/config/tree.php
DEBUG - 2022-12-12 17:44:35 --> Total execution time: 0.0347
DEBUG - 2022-12-12 17:44:36 --> UTF-8 Support Enabled
DEBUG - 2022-12-12 17:44:36 --> Global POST, GET and COOKIE data sanitized
DEBUG - 2022-12-12 17:44:36 --> Config file loaded: /hwonpark/www/application/config/tree.php
DEBUG - 2022-12-12 17:44:36 --> Total execution time: 0.0653
DEBUG - 2022-12-12 17:44:37 --> UTF-8 Support Enabled
DEBUG - 2022-12-12 17:44:37 --> No URI present. Default controller set.
DEBUG - 2022-12-12 17:44:37 --> Global POST, GET and COOKIE data sanitized
DEBUG - 2022-12-12 17:44:37 --> Config file loaded: /hwonpark/www/application/config/tree.php
DEBUG - 2022-12-12 17:44:37 --> Total execution time: 0.0605
