DEBUG - 2022-10-13 10:03:07 --> UTF-8 Support Enabled
DEBUG - 2022-10-13 10:03:07 --> Global POST, GET and COOKIE data sanitized
DEBUG - 2022-10-13 10:03:07 --> Config file loaded: /hwonpark/www/application/config/tree.php
DEBUG - 2022-10-13 10:03:07 --> Total execution time: 0.2891
DEBUG - 2022-10-13 10:03:11 --> UTF-8 Support Enabled
DEBUG - 2022-10-13 10:03:11 --> No URI present. Default controller set.
DEBUG - 2022-10-13 10:03:11 --> Global POST, GET and COOKIE data sanitized
DEBUG - 2022-10-13 10:03:11 --> Config file loaded: /hwonpark/www/application/config/tree.php
DEBUG - 2022-10-13 10:03:11 --> Total execution time: 0.0522
DEBUG - 2022-10-13 10:03:12 --> UTF-8 Support Enabled
DEBUG - 2022-10-13 10:03:12 --> Global POST, GET and COOKIE data sanitized
ERROR - 2022-10-13 10:03:12 --> 404 Page Not Found: Faviconico/index
DEBUG - 2022-10-13 10:03:20 --> UTF-8 Support Enabled
DEBUG - 2022-10-13 10:03:20 --> No URI present. Default controller set.
DEBUG - 2022-10-13 10:03:20 --> Global POST, GET and COOKIE data sanitized
DEBUG - 2022-10-13 10:03:20 --> Config file loaded: /hwonpark/www/application/config/tree.php
DEBUG - 2022-10-13 10:03:20 --> Total execution time: 0.0280
DEBUG - 2022-10-13 10:05:11 --> UTF-8 Support Enabled
DEBUG - 2022-10-13 10:05:11 --> No URI present. Default controller set.
DEBUG - 2022-10-13 10:05:11 --> Global POST, GET and COOKIE data sanitized
DEBUG - 2022-10-13 10:05:11 --> Config file loaded: /hwonpark/www/application/config/tree.php
DEBUG - 2022-10-13 10:05:11 --> Total execution time: 0.0302
DEBUG - 2022-10-13 10:08:07 --> UTF-8 Support Enabled
DEBUG - 2022-10-13 10:08:07 --> Global POST, GET and COOKIE data sanitized
DEBUG - 2022-10-13 10:08:07 --> Config file loaded: /hwonpark/www/application/config/tree.php
DEBUG - 2022-10-13 10:08:07 --> Total execution time: 0.0299
DEBUG - 2022-10-13 10:08:08 --> UTF-8 Support Enabled
DEBUG - 2022-10-13 10:08:08 --> Global POST, GET and COOKIE data sanitized
ERROR - 2022-10-13 10:08:08 --> 404 Page Not Found: Faviconico/index
DEBUG - 2022-10-13 10:10:54 --> UTF-8 Support Enabled
DEBUG - 2022-10-13 10:10:54 --> Global POST, GET and COOKIE data sanitized
DEBUG - 2022-10-13 10:10:54 --> Config file loaded: /hwonpark/www/application/config/tree.php
DEBUG - 2022-10-13 10:10:56 --> UTF-8 Support Enabled
DEBUG - 2022-10-13 10:10:56 --> Global POST, GET and COOKIE data sanitized
DEBUG - 2022-10-13 10:10:56 --> Config file loaded: /hwonpark/www/application/config/tree.php
DEBUG - 2022-10-13 10:10:56 --> Encryption: Auto-configured driver 'openssl'.
DEBUG - 2022-10-13 10:10:56 --> UTF-8 Support Enabled
DEBUG - 2022-10-13 10:10:56 --> Global POST, GET and COOKIE data sanitized
DEBUG - 2022-10-13 10:10:56 --> Config file loaded: /hwonpark/www/application/config/tree.php
DEBUG - 2022-10-13 10:10:56 --> Encryption: Auto-configured driver 'openssl'.
DEBUG - 2022-10-13 10:10:56 --> Encryption class already loaded. Second attempt ignored.
DEBUG - 2022-10-13 10:10:56 --> Total execution time: 0.0684
DEBUG - 2022-10-13 10:10:58 --> UTF-8 Support Enabled
DEBUG - 2022-10-13 10:10:58 --> Global POST, GET and COOKIE data sanitized
DEBUG - 2022-10-13 10:10:58 --> Config file loaded: /hwonpark/www/application/config/tree.php
DEBUG - 2022-10-13 10:10:58 --> Encryption: Auto-configured driver 'openssl'.
DEBUG - 2022-10-13 10:10:58 --> Total execution time: 0.0422
DEBUG - 2022-10-13 10:11:00 --> UTF-8 Support Enabled
DEBUG - 2022-10-13 10:11:00 --> Global POST, GET and COOKIE data sanitized
DEBUG - 2022-10-13 10:11:00 --> Config file loaded: /hwonpark/www/application/config/tree.php
DEBUG - 2022-10-13 10:11:00 --> Encryption: Auto-configured driver 'openssl'.
DEBUG - 2022-10-13 10:11:00 --> Total execution time: 0.0562
DEBUG - 2022-10-13 10:11:03 --> UTF-8 Support Enabled
DEBUG - 2022-10-13 10:11:03 --> Global POST, GET and COOKIE data sanitized
DEBUG - 2022-10-13 10:11:03 --> Config file loaded: /hwonpark/www/application/config/tree.php
DEBUG - 2022-10-13 10:11:03 --> Encryption: Auto-configured driver 'openssl'.
DEBUG - 2022-10-13 10:11:03 --> Total execution time: 0.0412
DEBUG - 2022-10-13 10:11:04 --> UTF-8 Support Enabled
DEBUG - 2022-10-13 10:11:04 --> Global POST, GET and COOKIE data sanitized
DEBUG - 2022-10-13 10:11:05 --> Config file loaded: /hwonpark/www/application/config/tree.php
DEBUG - 2022-10-13 10:11:05 --> Encryption: Auto-configured driver 'openssl'.
DEBUG - 2022-10-13 10:11:05 --> Total execution time: 0.0458
DEBUG - 2022-10-13 10:11:06 --> UTF-8 Support Enabled
DEBUG - 2022-10-13 10:11:06 --> Global POST, GET and COOKIE data sanitized
DEBUG - 2022-10-13 10:11:06 --> Config file loaded: /hwonpark/www/application/config/tree.php
DEBUG - 2022-10-13 10:11:06 --> Encryption: Auto-configured driver 'openssl'.
DEBUG - 2022-10-13 10:11:06 --> Total execution time: 0.0630
DEBUG - 2022-10-13 10:11:08 --> UTF-8 Support Enabled
DEBUG - 2022-10-13 10:11:08 --> Global POST, GET and COOKIE data sanitized
DEBUG - 2022-10-13 10:11:08 --> Config file loaded: /hwonpark/www/application/config/tree.php
DEBUG - 2022-10-13 10:11:08 --> Encryption: Auto-configured driver 'openssl'.
DEBUG - 2022-10-13 10:11:08 --> Total execution time: 0.0405
DEBUG - 2022-10-13 10:11:11 --> UTF-8 Support Enabled
DEBUG - 2022-10-13 10:11:11 --> Global POST, GET and COOKIE data sanitized
DEBUG - 2022-10-13 10:11:11 --> Config file loaded: /hwonpark/www/application/config/tree.php
DEBUG - 2022-10-13 10:11:11 --> Encryption: Auto-configured driver 'openssl'.
DEBUG - 2022-10-13 10:11:11 --> Total execution time: 0.0597
DEBUG - 2022-10-13 10:18:45 --> UTF-8 Support Enabled
DEBUG - 2022-10-13 10:18:45 --> No URI present. Default controller set.
DEBUG - 2022-10-13 10:18:46 --> Global POST, GET and COOKIE data sanitized
DEBUG - 2022-10-13 10:18:46 --> Config file loaded: /hwonpark/www/application/config/tree.php
DEBUG - 2022-10-13 10:18:46 --> Total execution time: 0.0619
DEBUG - 2022-10-13 10:18:46 --> UTF-8 Support Enabled
DEBUG - 2022-10-13 10:18:46 --> Global POST, GET and COOKIE data sanitized
ERROR - 2022-10-13 10:18:46 --> 404 Page Not Found: Faviconico/index
DEBUG - 2022-10-13 10:40:34 --> UTF-8 Support Enabled
DEBUG - 2022-10-13 10:40:34 --> Global POST, GET and COOKIE data sanitized
DEBUG - 2022-10-13 10:40:34 --> Config file loaded: /hwonpark/www/application/config/tree.php
DEBUG - 2022-10-13 10:40:34 --> Total execution time: 0.0312
DEBUG - 2022-10-13 10:40:39 --> UTF-8 Support Enabled
DEBUG - 2022-10-13 10:40:39 --> Global POST, GET and COOKIE data sanitized
DEBUG - 2022-10-13 10:40:39 --> Config file loaded: /hwonpark/www/application/config/tree.php
DEBUG - 2022-10-13 10:40:39 --> Total execution time: 0.0325
DEBUG - 2022-10-13 10:40:45 --> UTF-8 Support Enabled
DEBUG - 2022-10-13 10:40:45 --> Global POST, GET and COOKIE data sanitized
DEBUG - 2022-10-13 10:40:45 --> Config file loaded: /hwonpark/www/application/config/tree.php
DEBUG - 2022-10-13 10:40:46 --> UTF-8 Support Enabled
DEBUG - 2022-10-13 10:40:46 --> Global POST, GET and COOKIE data sanitized
DEBUG - 2022-10-13 10:40:46 --> Config file loaded: /hwonpark/www/application/config/tree.php
DEBUG - 2022-10-13 10:40:46 --> Encryption: Auto-configured driver 'openssl'.
DEBUG - 2022-10-13 10:40:46 --> UTF-8 Support Enabled
DEBUG - 2022-10-13 10:40:46 --> Global POST, GET and COOKIE data sanitized
DEBUG - 2022-10-13 10:40:46 --> Config file loaded: /hwonpark/www/application/config/tree.php
DEBUG - 2022-10-13 10:40:46 --> Encryption: Auto-configured driver 'openssl'.
DEBUG - 2022-10-13 10:40:46 --> Encryption class already loaded. Second attempt ignored.
DEBUG - 2022-10-13 10:40:46 --> Total execution time: 0.0384
DEBUG - 2022-10-13 10:43:05 --> UTF-8 Support Enabled
DEBUG - 2022-10-13 10:43:05 --> Global POST, GET and COOKIE data sanitized
DEBUG - 2022-10-13 10:43:05 --> Config file loaded: /hwonpark/www/application/config/tree.php
DEBUG - 2022-10-13 10:43:05 --> Encryption: Auto-configured driver 'openssl'.
DEBUG - 2022-10-13 10:43:05 --> Total execution time: 0.0436
DEBUG - 2022-10-13 10:43:07 --> UTF-8 Support Enabled
DEBUG - 2022-10-13 10:43:07 --> Global POST, GET and COOKIE data sanitized
DEBUG - 2022-10-13 10:43:07 --> Config file loaded: /hwonpark/www/application/config/tree.php
DEBUG - 2022-10-13 10:43:07 --> Encryption: Auto-configured driver 'openssl'.
DEBUG - 2022-10-13 10:43:07 --> Total execution time: 0.0355
DEBUG - 2022-10-13 10:43:10 --> UTF-8 Support Enabled
DEBUG - 2022-10-13 10:43:10 --> Global POST, GET and COOKIE data sanitized
DEBUG - 2022-10-13 10:43:10 --> Config file loaded: /hwonpark/www/application/config/tree.php
DEBUG - 2022-10-13 10:43:10 --> Encryption: Auto-configured driver 'openssl'.
DEBUG - 2022-10-13 10:43:10 --> Total execution time: 0.0492
DEBUG - 2022-10-13 10:43:14 --> UTF-8 Support Enabled
DEBUG - 2022-10-13 10:43:14 --> Global POST, GET and COOKIE data sanitized
DEBUG - 2022-10-13 10:43:14 --> Config file loaded: /hwonpark/www/application/config/tree.php
DEBUG - 2022-10-13 10:43:14 --> Encryption: Auto-configured driver 'openssl'.
DEBUG - 2022-10-13 10:43:14 --> Total execution time: 0.0389
DEBUG - 2022-10-13 10:43:45 --> UTF-8 Support Enabled
DEBUG - 2022-10-13 10:43:45 --> Global POST, GET and COOKIE data sanitized
DEBUG - 2022-10-13 10:43:45 --> Config file loaded: /hwonpark/www/application/config/tree.php
DEBUG - 2022-10-13 10:43:45 --> Encryption: Auto-configured driver 'openssl'.
DEBUG - 2022-10-13 10:43:47 --> UTF-8 Support Enabled
DEBUG - 2022-10-13 10:43:47 --> Global POST, GET and COOKIE data sanitized
DEBUG - 2022-10-13 10:43:47 --> Config file loaded: /hwonpark/www/application/config/tree.php
DEBUG - 2022-10-13 10:43:47 --> Encryption: Auto-configured driver 'openssl'.
DEBUG - 2022-10-13 10:43:47 --> Total execution time: 0.0824
DEBUG - 2022-10-13 10:43:48 --> UTF-8 Support Enabled
DEBUG - 2022-10-13 10:43:48 --> Global POST, GET and COOKIE data sanitized
DEBUG - 2022-10-13 10:43:48 --> Config file loaded: /hwonpark/www/application/config/tree.php
DEBUG - 2022-10-13 10:43:48 --> Encryption: Auto-configured driver 'openssl'.
DEBUG - 2022-10-13 10:43:48 --> Total execution time: 0.0360
DEBUG - 2022-10-13 10:43:59 --> UTF-8 Support Enabled
DEBUG - 2022-10-13 10:43:59 --> Global POST, GET and COOKIE data sanitized
DEBUG - 2022-10-13 10:43:59 --> Config file loaded: /hwonpark/www/application/config/tree.php
DEBUG - 2022-10-13 10:43:59 --> Encryption: Auto-configured driver 'openssl'.
DEBUG - 2022-10-13 10:43:59 --> Total execution time: 0.0552
DEBUG - 2022-10-13 10:44:03 --> UTF-8 Support Enabled
DEBUG - 2022-10-13 10:44:03 --> Global POST, GET and COOKIE data sanitized
DEBUG - 2022-10-13 10:44:03 --> Config file loaded: /hwonpark/www/application/config/tree.php
DEBUG - 2022-10-13 10:44:03 --> Encryption: Auto-configured driver 'openssl'.
DEBUG - 2022-10-13 10:44:03 --> Total execution time: 0.0375
DEBUG - 2022-10-13 10:44:06 --> UTF-8 Support Enabled
DEBUG - 2022-10-13 10:44:06 --> Global POST, GET and COOKIE data sanitized
DEBUG - 2022-10-13 10:44:06 --> Config file loaded: /hwonpark/www/application/config/tree.php
DEBUG - 2022-10-13 10:44:06 --> Encryption: Auto-configured driver 'openssl'.
DEBUG - 2022-10-13 10:44:06 --> Total execution time: 0.0573
DEBUG - 2022-10-13 10:44:09 --> UTF-8 Support Enabled
DEBUG - 2022-10-13 10:44:09 --> Global POST, GET and COOKIE data sanitized
DEBUG - 2022-10-13 10:44:09 --> Config file loaded: /hwonpark/www/application/config/tree.php
DEBUG - 2022-10-13 10:44:09 --> Encryption: Auto-configured driver 'openssl'.
DEBUG - 2022-10-13 10:44:09 --> Total execution time: 0.0481
DEBUG - 2022-10-13 10:45:27 --> UTF-8 Support Enabled
DEBUG - 2022-10-13 10:45:27 --> Global POST, GET and COOKIE data sanitized
DEBUG - 2022-10-13 10:45:27 --> Config file loaded: /hwonpark/www/application/config/tree.php
DEBUG - 2022-10-13 10:45:27 --> Encryption: Auto-configured driver 'openssl'.
DEBUG - 2022-10-13 10:45:27 --> UTF-8 Support Enabled
DEBUG - 2022-10-13 10:45:27 --> Global POST, GET and COOKIE data sanitized
DEBUG - 2022-10-13 10:45:27 --> Config file loaded: /hwonpark/www/application/config/tree.php
DEBUG - 2022-10-13 10:45:27 --> Encryption: Auto-configured driver 'openssl'.
DEBUG - 2022-10-13 10:45:27 --> Total execution time: 0.0335
DEBUG - 2022-10-13 10:45:32 --> UTF-8 Support Enabled
DEBUG - 2022-10-13 10:45:32 --> Global POST, GET and COOKIE data sanitized
DEBUG - 2022-10-13 10:45:32 --> Config file loaded: /hwonpark/www/application/config/tree.php
DEBUG - 2022-10-13 10:45:32 --> Encryption: Auto-configured driver 'openssl'.
DEBUG - 2022-10-13 10:45:32 --> Total execution time: 0.0478
DEBUG - 2022-10-13 10:45:33 --> UTF-8 Support Enabled
DEBUG - 2022-10-13 10:45:33 --> Global POST, GET and COOKIE data sanitized
DEBUG - 2022-10-13 10:45:33 --> Config file loaded: /hwonpark/www/application/config/tree.php
DEBUG - 2022-10-13 10:45:33 --> Encryption: Auto-configured driver 'openssl'.
DEBUG - 2022-10-13 10:45:34 --> Total execution time: 0.0500
DEBUG - 2022-10-13 10:45:38 --> UTF-8 Support Enabled
DEBUG - 2022-10-13 10:45:38 --> Global POST, GET and COOKIE data sanitized
DEBUG - 2022-10-13 10:45:38 --> Config file loaded: /hwonpark/www/application/config/tree.php
DEBUG - 2022-10-13 10:45:38 --> Encryption: Auto-configured driver 'openssl'.
DEBUG - 2022-10-13 10:45:38 --> UTF-8 Support Enabled
DEBUG - 2022-10-13 10:45:38 --> Global POST, GET and COOKIE data sanitized
DEBUG - 2022-10-13 10:45:38 --> Config file loaded: /hwonpark/www/application/config/tree.php
DEBUG - 2022-10-13 10:45:38 --> Encryption: Auto-configured driver 'openssl'.
DEBUG - 2022-10-13 10:45:38 --> Total execution time: 0.0337
DEBUG - 2022-10-13 10:45:41 --> UTF-8 Support Enabled
DEBUG - 2022-10-13 10:45:41 --> Global POST, GET and COOKIE data sanitized
DEBUG - 2022-10-13 10:45:41 --> Config file loaded: /hwonpark/www/application/config/tree.php
DEBUG - 2022-10-13 10:45:41 --> Encryption: Auto-configured driver 'openssl'.
DEBUG - 2022-10-13 10:45:41 --> Total execution time: 0.0445
DEBUG - 2022-10-13 10:45:42 --> UTF-8 Support Enabled
DEBUG - 2022-10-13 10:45:42 --> Global POST, GET and COOKIE data sanitized
DEBUG - 2022-10-13 10:45:42 --> Config file loaded: /hwonpark/www/application/config/tree.php
DEBUG - 2022-10-13 10:45:42 --> Encryption: Auto-configured driver 'openssl'.
DEBUG - 2022-10-13 10:45:42 --> Total execution time: 0.0564
DEBUG - 2022-10-13 10:45:50 --> UTF-8 Support Enabled
DEBUG - 2022-10-13 10:45:50 --> Global POST, GET and COOKIE data sanitized
DEBUG - 2022-10-13 10:45:50 --> Config file loaded: /hwonpark/www/application/config/tree.php
DEBUG - 2022-10-13 10:45:50 --> Encryption: Auto-configured driver 'openssl'.
DEBUG - 2022-10-13 10:45:50 --> UTF-8 Support Enabled
DEBUG - 2022-10-13 10:45:50 --> Global POST, GET and COOKIE data sanitized
DEBUG - 2022-10-13 10:45:50 --> Config file loaded: /hwonpark/www/application/config/tree.php
DEBUG - 2022-10-13 10:45:50 --> Encryption: Auto-configured driver 'openssl'.
DEBUG - 2022-10-13 10:45:50 --> Total execution time: 0.0523
DEBUG - 2022-10-13 10:45:53 --> UTF-8 Support Enabled
DEBUG - 2022-10-13 10:45:53 --> Global POST, GET and COOKIE data sanitized
DEBUG - 2022-10-13 10:45:53 --> Config file loaded: /hwonpark/www/application/config/tree.php
DEBUG - 2022-10-13 10:45:53 --> Encryption: Auto-configured driver 'openssl'.
DEBUG - 2022-10-13 10:45:53 --> Total execution time: 0.0473
DEBUG - 2022-10-13 10:45:57 --> UTF-8 Support Enabled
DEBUG - 2022-10-13 10:45:57 --> Global POST, GET and COOKIE data sanitized
DEBUG - 2022-10-13 10:45:57 --> Config file loaded: /hwonpark/www/application/config/tree.php
DEBUG - 2022-10-13 10:45:57 --> Encryption: Auto-configured driver 'openssl'.
DEBUG - 2022-10-13 10:45:57 --> Total execution time: 0.0453
DEBUG - 2022-10-13 10:45:59 --> UTF-8 Support Enabled
DEBUG - 2022-10-13 10:45:59 --> Global POST, GET and COOKIE data sanitized
DEBUG - 2022-10-13 10:45:59 --> Config file loaded: /hwonpark/www/application/config/tree.php
DEBUG - 2022-10-13 10:45:59 --> Encryption: Auto-configured driver 'openssl'.
DEBUG - 2022-10-13 10:45:59 --> Total execution time: 0.0512
DEBUG - 2022-10-13 10:46:57 --> UTF-8 Support Enabled
DEBUG - 2022-10-13 10:46:57 --> Global POST, GET and COOKIE data sanitized
DEBUG - 2022-10-13 10:46:57 --> Config file loaded: /hwonpark/www/application/config/tree.php
DEBUG - 2022-10-13 10:46:57 --> Encryption: Auto-configured driver 'openssl'.
DEBUG - 2022-10-13 10:46:57 --> Total execution time: 0.0579
DEBUG - 2022-10-13 10:47:00 --> UTF-8 Support Enabled
DEBUG - 2022-10-13 10:47:00 --> Global POST, GET and COOKIE data sanitized
DEBUG - 2022-10-13 10:47:00 --> Config file loaded: /hwonpark/www/application/config/tree.php
DEBUG - 2022-10-13 10:47:00 --> Encryption: Auto-configured driver 'openssl'.
DEBUG - 2022-10-13 10:47:00 --> UTF-8 Support Enabled
DEBUG - 2022-10-13 10:47:00 --> Global POST, GET and COOKIE data sanitized
DEBUG - 2022-10-13 10:47:00 --> Config file loaded: /hwonpark/www/application/config/tree.php
DEBUG - 2022-10-13 10:47:00 --> Encryption: Auto-configured driver 'openssl'.
DEBUG - 2022-10-13 10:47:00 --> Encryption class already loaded. Second attempt ignored.
DEBUG - 2022-10-13 10:47:00 --> Total execution time: 0.0374
DEBUG - 2022-10-13 10:47:02 --> UTF-8 Support Enabled
DEBUG - 2022-10-13 10:47:02 --> Global POST, GET and COOKIE data sanitized
DEBUG - 2022-10-13 10:47:02 --> Config file loaded: /hwonpark/www/application/config/tree.php
DEBUG - 2022-10-13 10:47:02 --> Encryption: Auto-configured driver 'openssl'.
DEBUG - 2022-10-13 10:47:02 --> Total execution time: 0.0416
DEBUG - 2022-10-13 10:47:03 --> UTF-8 Support Enabled
DEBUG - 2022-10-13 10:47:03 --> Global POST, GET and COOKIE data sanitized
DEBUG - 2022-10-13 10:47:03 --> Config file loaded: /hwonpark/www/application/config/tree.php
DEBUG - 2022-10-13 10:47:03 --> Encryption: Auto-configured driver 'openssl'.
DEBUG - 2022-10-13 10:47:03 --> Total execution time: 0.0728
DEBUG - 2022-10-13 10:47:06 --> UTF-8 Support Enabled
DEBUG - 2022-10-13 10:47:06 --> Global POST, GET and COOKIE data sanitized
DEBUG - 2022-10-13 10:47:06 --> Config file loaded: /hwonpark/www/application/config/tree.php
DEBUG - 2022-10-13 10:47:06 --> Encryption: Auto-configured driver 'openssl'.
DEBUG - 2022-10-13 10:47:06 --> Total execution time: 0.0685
DEBUG - 2022-10-13 10:47:30 --> UTF-8 Support Enabled
DEBUG - 2022-10-13 10:47:30 --> Global POST, GET and COOKIE data sanitized
DEBUG - 2022-10-13 10:47:30 --> Config file loaded: /hwonpark/www/application/config/tree.php
DEBUG - 2022-10-13 10:47:30 --> Encryption: Auto-configured driver 'openssl'.
DEBUG - 2022-10-13 10:47:32 --> UTF-8 Support Enabled
DEBUG - 2022-10-13 10:47:32 --> Global POST, GET and COOKIE data sanitized
DEBUG - 2022-10-13 10:47:32 --> Config file loaded: /hwonpark/www/application/config/tree.php
DEBUG - 2022-10-13 10:47:32 --> Encryption: Auto-configured driver 'openssl'.
DEBUG - 2022-10-13 10:47:32 --> Total execution time: 0.0345
DEBUG - 2022-10-13 10:48:51 --> UTF-8 Support Enabled
DEBUG - 2022-10-13 10:48:51 --> Global POST, GET and COOKIE data sanitized
DEBUG - 2022-10-13 10:48:51 --> Config file loaded: /hwonpark/www/application/config/tree.php
DEBUG - 2022-10-13 10:48:51 --> Encryption: Auto-configured driver 'openssl'.
DEBUG - 2022-10-13 10:48:51 --> Total execution time: 0.0513
DEBUG - 2022-10-13 10:50:36 --> UTF-8 Support Enabled
DEBUG - 2022-10-13 10:50:36 --> Global POST, GET and COOKIE data sanitized
DEBUG - 2022-10-13 10:50:36 --> Config file loaded: /hwonpark/www/application/config/tree.php
DEBUG - 2022-10-13 10:50:36 --> Encryption: Auto-configured driver 'openssl'.
DEBUG - 2022-10-13 10:50:36 --> Total execution time: 0.0427
DEBUG - 2022-10-13 11:11:18 --> UTF-8 Support Enabled
DEBUG - 2022-10-13 11:11:18 --> Global POST, GET and COOKIE data sanitized
DEBUG - 2022-10-13 11:11:18 --> Config file loaded: /hwonpark/www/application/config/tree.php
DEBUG - 2022-10-13 11:11:18 --> Total execution time: 0.0562
DEBUG - 2022-10-13 11:58:43 --> UTF-8 Support Enabled
DEBUG - 2022-10-13 11:58:43 --> No URI present. Default controller set.
DEBUG - 2022-10-13 11:58:43 --> Global POST, GET and COOKIE data sanitized
DEBUG - 2022-10-13 11:58:43 --> Config file loaded: /hwonpark/www/application/config/tree.php
DEBUG - 2022-10-13 11:58:43 --> Total execution time: 0.0318
DEBUG - 2022-10-13 11:59:28 --> UTF-8 Support Enabled
DEBUG - 2022-10-13 11:59:28 --> Global POST, GET and COOKIE data sanitized
ERROR - 2022-10-13 11:59:28 --> 404 Page Not Found: Faviconico/index
DEBUG - 2022-10-13 12:50:04 --> UTF-8 Support Enabled
DEBUG - 2022-10-13 12:50:04 --> No URI present. Default controller set.
DEBUG - 2022-10-13 12:50:04 --> Global POST, GET and COOKIE data sanitized
DEBUG - 2022-10-13 12:50:04 --> Config file loaded: /hwonpark/www/application/config/tree.php
DEBUG - 2022-10-13 12:50:04 --> Total execution time: 0.0487
DEBUG - 2022-10-13 12:50:05 --> UTF-8 Support Enabled
DEBUG - 2022-10-13 12:50:05 --> Global POST, GET and COOKIE data sanitized
ERROR - 2022-10-13 12:50:05 --> 404 Page Not Found: Faviconico/index
DEBUG - 2022-10-13 13:15:46 --> UTF-8 Support Enabled
DEBUG - 2022-10-13 13:15:46 --> No URI present. Default controller set.
DEBUG - 2022-10-13 13:15:46 --> Global POST, GET and COOKIE data sanitized
DEBUG - 2022-10-13 13:15:46 --> Config file loaded: /hwonpark/www/application/config/tree.php
DEBUG - 2022-10-13 13:15:46 --> Total execution time: 0.0341
DEBUG - 2022-10-13 13:15:47 --> UTF-8 Support Enabled
DEBUG - 2022-10-13 13:15:47 --> No URI present. Default controller set.
DEBUG - 2022-10-13 13:15:47 --> Global POST, GET and COOKIE data sanitized
DEBUG - 2022-10-13 13:15:47 --> Config file loaded: /hwonpark/www/application/config/tree.php
DEBUG - 2022-10-13 13:15:47 --> Total execution time: 0.0611
DEBUG - 2022-10-13 13:15:47 --> UTF-8 Support Enabled
DEBUG - 2022-10-13 13:15:47 --> No URI present. Default controller set.
DEBUG - 2022-10-13 13:15:47 --> Global POST, GET and COOKIE data sanitized
DEBUG - 2022-10-13 13:15:47 --> Config file loaded: /hwonpark/www/application/config/tree.php
DEBUG - 2022-10-13 13:15:47 --> Total execution time: 0.0301
DEBUG - 2022-10-13 13:16:00 --> UTF-8 Support Enabled
DEBUG - 2022-10-13 13:16:00 --> No URI present. Default controller set.
DEBUG - 2022-10-13 13:16:00 --> Global POST, GET and COOKIE data sanitized
DEBUG - 2022-10-13 13:16:00 --> Config file loaded: /hwonpark/www/application/config/tree.php
DEBUG - 2022-10-13 13:16:00 --> Total execution time: 0.0594
DEBUG - 2022-10-13 14:24:59 --> UTF-8 Support Enabled
DEBUG - 2022-10-13 14:24:59 --> Global POST, GET and COOKIE data sanitized
DEBUG - 2022-10-13 14:24:59 --> Config file loaded: /hwonpark/www/application/config/tree.php
DEBUG - 2022-10-13 14:24:59 --> Total execution time: 0.0537
DEBUG - 2022-10-13 14:25:01 --> UTF-8 Support Enabled
DEBUG - 2022-10-13 14:25:01 --> Global POST, GET and COOKIE data sanitized
ERROR - 2022-10-13 14:25:01 --> 404 Page Not Found: Faviconico/index
DEBUG - 2022-10-13 14:25:04 --> UTF-8 Support Enabled
DEBUG - 2022-10-13 14:25:04 --> Global POST, GET and COOKIE data sanitized
DEBUG - 2022-10-13 14:25:04 --> Config file loaded: /hwonpark/www/application/config/tree.php
DEBUG - 2022-10-13 14:25:06 --> UTF-8 Support Enabled
DEBUG - 2022-10-13 14:25:06 --> Global POST, GET and COOKIE data sanitized
DEBUG - 2022-10-13 14:25:06 --> Config file loaded: /hwonpark/www/application/config/tree.php
DEBUG - 2022-10-13 14:25:06 --> Encryption: Auto-configured driver 'openssl'.
DEBUG - 2022-10-13 14:25:06 --> UTF-8 Support Enabled
DEBUG - 2022-10-13 14:25:06 --> Global POST, GET and COOKIE data sanitized
DEBUG - 2022-10-13 14:25:06 --> Config file loaded: /hwonpark/www/application/config/tree.php
DEBUG - 2022-10-13 14:25:06 --> Encryption: Auto-configured driver 'openssl'.
DEBUG - 2022-10-13 14:25:06 --> Encryption class already loaded. Second attempt ignored.
DEBUG - 2022-10-13 14:25:06 --> Total execution time: 0.0556
DEBUG - 2022-10-13 14:25:07 --> UTF-8 Support Enabled
DEBUG - 2022-10-13 14:25:07 --> Global POST, GET and COOKIE data sanitized
DEBUG - 2022-10-13 14:25:07 --> Config file loaded: /hwonpark/www/application/config/tree.php
DEBUG - 2022-10-13 14:25:07 --> Encryption: Auto-configured driver 'openssl'.
DEBUG - 2022-10-13 14:25:08 --> Total execution time: 0.0411
DEBUG - 2022-10-13 14:25:15 --> UTF-8 Support Enabled
DEBUG - 2022-10-13 14:25:15 --> Global POST, GET and COOKIE data sanitized
DEBUG - 2022-10-13 14:25:15 --> Config file loaded: /hwonpark/www/application/config/tree.php
DEBUG - 2022-10-13 14:25:15 --> Encryption: Auto-configured driver 'openssl'.
DEBUG - 2022-10-13 14:25:15 --> Total execution time: 0.0392
DEBUG - 2022-10-13 14:25:17 --> UTF-8 Support Enabled
DEBUG - 2022-10-13 14:25:17 --> Global POST, GET and COOKIE data sanitized
DEBUG - 2022-10-13 14:25:17 --> Config file loaded: /hwonpark/www/application/config/tree.php
DEBUG - 2022-10-13 14:25:17 --> Encryption: Auto-configured driver 'openssl'.
DEBUG - 2022-10-13 14:25:17 --> Total execution time: 0.0456
DEBUG - 2022-10-13 14:27:58 --> UTF-8 Support Enabled
DEBUG - 2022-10-13 14:27:58 --> Global POST, GET and COOKIE data sanitized
DEBUG - 2022-10-13 14:27:58 --> Config file loaded: /hwonpark/www/application/config/tree.php
DEBUG - 2022-10-13 14:27:58 --> Encryption: Auto-configured driver 'openssl'.
DEBUG - 2022-10-13 14:27:58 --> Total execution time: 0.1142
DEBUG - 2022-10-13 14:28:02 --> UTF-8 Support Enabled
DEBUG - 2022-10-13 14:28:02 --> Global POST, GET and COOKIE data sanitized
DEBUG - 2022-10-13 14:28:02 --> Config file loaded: /hwonpark/www/application/config/tree.php
DEBUG - 2022-10-13 14:28:02 --> Encryption: Auto-configured driver 'openssl'.
DEBUG - 2022-10-13 14:28:02 --> Total execution time: 0.0472
DEBUG - 2022-10-13 14:28:06 --> UTF-8 Support Enabled
DEBUG - 2022-10-13 14:28:06 --> Global POST, GET and COOKIE data sanitized
DEBUG - 2022-10-13 14:28:06 --> Config file loaded: /hwonpark/www/application/config/tree.php
DEBUG - 2022-10-13 14:28:06 --> Encryption: Auto-configured driver 'openssl'.
DEBUG - 2022-10-13 14:28:06 --> Total execution time: 0.0435
DEBUG - 2022-10-13 14:31:37 --> UTF-8 Support Enabled
DEBUG - 2022-10-13 14:31:37 --> Global POST, GET and COOKIE data sanitized
DEBUG - 2022-10-13 14:31:37 --> Config file loaded: /hwonpark/www/application/config/tree.php
DEBUG - 2022-10-13 14:31:37 --> Encryption: Auto-configured driver 'openssl'.
ERROR - 2022-10-13 14:31:37 --> Could not find the language line "imglib_invalid_image"
ERROR - 2022-10-13 14:31:37 --> imglib_invalid_image
DEBUG - 2022-10-13 14:31:37 --> DL_schema class already loaded. Second attempt ignored.
DEBUG - 2022-10-13 14:31:38 --> UTF-8 Support Enabled
DEBUG - 2022-10-13 14:31:38 --> Global POST, GET and COOKIE data sanitized
DEBUG - 2022-10-13 14:31:38 --> Config file loaded: /hwonpark/www/application/config/tree.php
DEBUG - 2022-10-13 14:31:38 --> Encryption: Auto-configured driver 'openssl'.
DEBUG - 2022-10-13 14:31:38 --> Total execution time: 0.0398
DEBUG - 2022-10-13 14:31:44 --> UTF-8 Support Enabled
DEBUG - 2022-10-13 14:31:44 --> Global POST, GET and COOKIE data sanitized
DEBUG - 2022-10-13 14:31:44 --> Config file loaded: /hwonpark/www/application/config/tree.php
DEBUG - 2022-10-13 14:31:44 --> Encryption: Auto-configured driver 'openssl'.
DEBUG - 2022-10-13 14:31:44 --> Total execution time: 0.0371
DEBUG - 2022-10-13 14:31:47 --> UTF-8 Support Enabled
DEBUG - 2022-10-13 14:31:47 --> Global POST, GET and COOKIE data sanitized
DEBUG - 2022-10-13 14:31:48 --> Config file loaded: /hwonpark/www/application/config/tree.php
DEBUG - 2022-10-13 14:31:48 --> Encryption: Auto-configured driver 'openssl'.
DEBUG - 2022-10-13 14:31:48 --> Total execution time: 0.0375
DEBUG - 2022-10-13 14:32:08 --> UTF-8 Support Enabled
DEBUG - 2022-10-13 14:32:08 --> Global POST, GET and COOKIE data sanitized
DEBUG - 2022-10-13 14:32:08 --> Config file loaded: /hwonpark/www/application/config/tree.php
DEBUG - 2022-10-13 14:32:08 --> Encryption: Auto-configured driver 'openssl'.
DEBUG - 2022-10-13 14:32:08 --> Total execution time: 0.0292
DEBUG - 2022-10-13 14:41:17 --> UTF-8 Support Enabled
DEBUG - 2022-10-13 14:41:17 --> No URI present. Default controller set.
DEBUG - 2022-10-13 14:41:17 --> Global POST, GET and COOKIE data sanitized
DEBUG - 2022-10-13 14:41:17 --> Config file loaded: /hwonpark/www/application/config/tree.php
DEBUG - 2022-10-13 14:41:17 --> Encryption: Auto-configured driver 'openssl'.
DEBUG - 2022-10-13 14:41:17 --> Total execution time: 0.0382
DEBUG - 2022-10-13 14:41:21 --> UTF-8 Support Enabled
DEBUG - 2022-10-13 14:41:21 --> Global POST, GET and COOKIE data sanitized
DEBUG - 2022-10-13 14:41:21 --> Config file loaded: /hwonpark/www/application/config/tree.php
DEBUG - 2022-10-13 14:41:21 --> Encryption: Auto-configured driver 'openssl'.
DEBUG - 2022-10-13 14:41:21 --> Total execution time: 0.0446
DEBUG - 2022-10-13 14:41:23 --> UTF-8 Support Enabled
DEBUG - 2022-10-13 14:41:23 --> Global POST, GET and COOKIE data sanitized
DEBUG - 2022-10-13 14:41:23 --> Config file loaded: /hwonpark/www/application/config/tree.php
DEBUG - 2022-10-13 14:41:23 --> Total execution time: 0.0643
DEBUG - 2022-10-13 14:41:25 --> UTF-8 Support Enabled
DEBUG - 2022-10-13 14:41:25 --> Global POST, GET and COOKIE data sanitized
DEBUG - 2022-10-13 14:41:25 --> Config file loaded: /hwonpark/www/application/config/tree.php
DEBUG - 2022-10-13 14:41:25 --> Total execution time: 0.0287
DEBUG - 2022-10-13 14:41:30 --> UTF-8 Support Enabled
DEBUG - 2022-10-13 14:41:30 --> Global POST, GET and COOKIE data sanitized
ERROR - 2022-10-13 14:41:30 --> 404 Page Not Found: Faviconico/index
DEBUG - 2022-10-13 14:42:12 --> UTF-8 Support Enabled
DEBUG - 2022-10-13 14:42:12 --> Global POST, GET and COOKIE data sanitized
DEBUG - 2022-10-13 14:42:12 --> Config file loaded: /hwonpark/www/application/config/tree.php
DEBUG - 2022-10-13 14:42:12 --> UTF-8 Support Enabled
DEBUG - 2022-10-13 14:42:12 --> Global POST, GET and COOKIE data sanitized
DEBUG - 2022-10-13 14:42:12 --> Config file loaded: /hwonpark/www/application/config/tree.php
DEBUG - 2022-10-13 14:42:12 --> Encryption: Auto-configured driver 'openssl'.
DEBUG - 2022-10-13 14:42:12 --> UTF-8 Support Enabled
DEBUG - 2022-10-13 14:42:12 --> Global POST, GET and COOKIE data sanitized
DEBUG - 2022-10-13 14:42:12 --> Config file loaded: /hwonpark/www/application/config/tree.php
DEBUG - 2022-10-13 14:42:13 --> Encryption: Auto-configured driver 'openssl'.
DEBUG - 2022-10-13 14:42:13 --> Encryption class already loaded. Second attempt ignored.
DEBUG - 2022-10-13 14:42:13 --> Total execution time: 0.0428
DEBUG - 2022-10-13 14:42:15 --> UTF-8 Support Enabled
DEBUG - 2022-10-13 14:42:15 --> Global POST, GET and COOKIE data sanitized
DEBUG - 2022-10-13 14:42:15 --> Config file loaded: /hwonpark/www/application/config/tree.php
DEBUG - 2022-10-13 14:42:15 --> Encryption: Auto-configured driver 'openssl'.
DEBUG - 2022-10-13 14:42:15 --> Total execution time: 0.0395
DEBUG - 2022-10-13 14:42:17 --> UTF-8 Support Enabled
DEBUG - 2022-10-13 14:42:17 --> Global POST, GET and COOKIE data sanitized
DEBUG - 2022-10-13 14:42:17 --> Config file loaded: /hwonpark/www/application/config/tree.php
DEBUG - 2022-10-13 14:42:17 --> Encryption: Auto-configured driver 'openssl'.
DEBUG - 2022-10-13 14:42:17 --> Total execution time: 0.0400
DEBUG - 2022-10-13 14:42:48 --> UTF-8 Support Enabled
DEBUG - 2022-10-13 14:42:48 --> Global POST, GET and COOKIE data sanitized
DEBUG - 2022-10-13 14:42:48 --> Config file loaded: /hwonpark/www/application/config/tree.php
DEBUG - 2022-10-13 14:42:48 --> Encryption: Auto-configured driver 'openssl'.
DEBUG - 2022-10-13 14:42:48 --> Total execution time: 0.0372
DEBUG - 2022-10-13 14:44:33 --> UTF-8 Support Enabled
DEBUG - 2022-10-13 14:44:33 --> No URI present. Default controller set.
DEBUG - 2022-10-13 14:44:33 --> Global POST, GET and COOKIE data sanitized
DEBUG - 2022-10-13 14:44:34 --> Config file loaded: /hwonpark/www/application/config/tree.php
DEBUG - 2022-10-13 14:44:34 --> Encryption: Auto-configured driver 'openssl'.
DEBUG - 2022-10-13 14:44:34 --> Total execution time: 0.0544
DEBUG - 2022-10-13 14:46:20 --> UTF-8 Support Enabled
DEBUG - 2022-10-13 14:46:20 --> Global POST, GET and COOKIE data sanitized
DEBUG - 2022-10-13 14:46:20 --> Config file loaded: /hwonpark/www/application/config/tree.php
DEBUG - 2022-10-13 14:46:20 --> Encryption: Auto-configured driver 'openssl'.
ERROR - 2022-10-13 14:46:20 --> Could not find the language line "imglib_invalid_image"
ERROR - 2022-10-13 14:46:20 --> imglib_invalid_image
DEBUG - 2022-10-13 14:46:20 --> DL_schema class already loaded. Second attempt ignored.
ERROR - 2022-10-13 14:46:20 --> Could not find the language line "imglib_invalid_image"
ERROR - 2022-10-13 14:46:20 --> imglib_invalid_image
DEBUG - 2022-10-13 14:46:20 --> DL_schema class already loaded. Second attempt ignored.
DEBUG - 2022-10-13 14:46:21 --> UTF-8 Support Enabled
DEBUG - 2022-10-13 14:46:21 --> Global POST, GET and COOKIE data sanitized
DEBUG - 2022-10-13 14:46:21 --> Config file loaded: /hwonpark/www/application/config/tree.php
DEBUG - 2022-10-13 14:46:21 --> Encryption: Auto-configured driver 'openssl'.
DEBUG - 2022-10-13 14:46:21 --> Total execution time: 0.0344
DEBUG - 2022-10-13 14:48:25 --> UTF-8 Support Enabled
DEBUG - 2022-10-13 14:48:25 --> Global POST, GET and COOKIE data sanitized
DEBUG - 2022-10-13 14:48:25 --> Config file loaded: /hwonpark/www/application/config/tree.php
DEBUG - 2022-10-13 14:48:25 --> Encryption: Auto-configured driver 'openssl'.
DEBUG - 2022-10-13 14:48:25 --> Total execution time: 0.0419
DEBUG - 2022-10-13 14:49:31 --> UTF-8 Support Enabled
DEBUG - 2022-10-13 14:49:31 --> Global POST, GET and COOKIE data sanitized
DEBUG - 2022-10-13 14:49:31 --> Config file loaded: /hwonpark/www/application/config/tree.php
DEBUG - 2022-10-13 14:49:31 --> Encryption: Auto-configured driver 'openssl'.
ERROR - 2022-10-13 14:49:32 --> Could not find the language line "imglib_invalid_image"
ERROR - 2022-10-13 14:49:32 --> imglib_invalid_image
DEBUG - 2022-10-13 14:49:32 --> DL_schema class already loaded. Second attempt ignored.
DEBUG - 2022-10-13 14:49:33 --> UTF-8 Support Enabled
DEBUG - 2022-10-13 14:49:33 --> Global POST, GET and COOKIE data sanitized
DEBUG - 2022-10-13 14:49:33 --> Config file loaded: /hwonpark/www/application/config/tree.php
DEBUG - 2022-10-13 14:49:33 --> Encryption: Auto-configured driver 'openssl'.
DEBUG - 2022-10-13 14:49:33 --> Total execution time: 0.0649
DEBUG - 2022-10-13 14:49:58 --> UTF-8 Support Enabled
DEBUG - 2022-10-13 14:49:58 --> Global POST, GET and COOKIE data sanitized
DEBUG - 2022-10-13 14:49:58 --> Config file loaded: /hwonpark/www/application/config/tree.php
DEBUG - 2022-10-13 14:49:58 --> Encryption: Auto-configured driver 'openssl'.
DEBUG - 2022-10-13 14:49:58 --> Total execution time: 0.0808
DEBUG - 2022-10-13 14:53:04 --> UTF-8 Support Enabled
DEBUG - 2022-10-13 14:53:04 --> Global POST, GET and COOKIE data sanitized
DEBUG - 2022-10-13 14:53:04 --> Config file loaded: /hwonpark/www/application/config/tree.php
DEBUG - 2022-10-13 14:53:04 --> Encryption: Auto-configured driver 'openssl'.
DEBUG - 2022-10-13 14:53:04 --> Total execution time: 0.0597
DEBUG - 2022-10-13 14:53:05 --> UTF-8 Support Enabled
DEBUG - 2022-10-13 14:53:05 --> Global POST, GET and COOKIE data sanitized
DEBUG - 2022-10-13 14:53:05 --> Config file loaded: /hwonpark/www/application/config/tree.php
DEBUG - 2022-10-13 14:53:05 --> Encryption: Auto-configured driver 'openssl'.
DEBUG - 2022-10-13 14:53:05 --> Total execution time: 0.0334
DEBUG - 2022-10-13 15:03:33 --> UTF-8 Support Enabled
DEBUG - 2022-10-13 15:03:33 --> Global POST, GET and COOKIE data sanitized
DEBUG - 2022-10-13 15:03:33 --> Config file loaded: /hwonpark/www/application/config/tree.php
DEBUG - 2022-10-13 15:03:34 --> UTF-8 Support Enabled
DEBUG - 2022-10-13 15:03:34 --> No URI present. Default controller set.
DEBUG - 2022-10-13 15:03:34 --> Global POST, GET and COOKIE data sanitized
DEBUG - 2022-10-13 15:03:34 --> Config file loaded: /hwonpark/www/application/config/tree.php
DEBUG - 2022-10-13 15:03:34 --> Total execution time: 0.0331
DEBUG - 2022-10-13 15:03:36 --> UTF-8 Support Enabled
DEBUG - 2022-10-13 15:03:36 --> Global POST, GET and COOKIE data sanitized
DEBUG - 2022-10-13 15:03:36 --> Config file loaded: /hwonpark/www/application/config/tree.php
DEBUG - 2022-10-13 15:03:36 --> Total execution time: 0.0262
DEBUG - 2022-10-13 15:03:42 --> UTF-8 Support Enabled
DEBUG - 2022-10-13 15:03:42 --> Global POST, GET and COOKIE data sanitized
DEBUG - 2022-10-13 15:03:42 --> Config file loaded: /hwonpark/www/application/config/tree.php
DEBUG - 2022-10-13 15:03:43 --> UTF-8 Support Enabled
DEBUG - 2022-10-13 15:03:43 --> Global POST, GET and COOKIE data sanitized
DEBUG - 2022-10-13 15:03:43 --> Config file loaded: /hwonpark/www/application/config/tree.php
DEBUG - 2022-10-13 15:03:43 --> Encryption: Auto-configured driver 'openssl'.
DEBUG - 2022-10-13 15:03:43 --> UTF-8 Support Enabled
DEBUG - 2022-10-13 15:03:43 --> Global POST, GET and COOKIE data sanitized
DEBUG - 2022-10-13 15:03:43 --> Config file loaded: /hwonpark/www/application/config/tree.php
DEBUG - 2022-10-13 15:03:43 --> Encryption: Auto-configured driver 'openssl'.
DEBUG - 2022-10-13 15:03:43 --> Encryption class already loaded. Second attempt ignored.
DEBUG - 2022-10-13 15:03:43 --> Total execution time: 0.0384
DEBUG - 2022-10-13 15:03:45 --> UTF-8 Support Enabled
DEBUG - 2022-10-13 15:03:45 --> Global POST, GET and COOKIE data sanitized
DEBUG - 2022-10-13 15:03:45 --> Config file loaded: /hwonpark/www/application/config/tree.php
DEBUG - 2022-10-13 15:03:45 --> Encryption: Auto-configured driver 'openssl'.
DEBUG - 2022-10-13 15:03:45 --> Total execution time: 0.0377
DEBUG - 2022-10-13 15:03:47 --> UTF-8 Support Enabled
DEBUG - 2022-10-13 15:03:47 --> Global POST, GET and COOKIE data sanitized
DEBUG - 2022-10-13 15:03:47 --> Config file loaded: /hwonpark/www/application/config/tree.php
DEBUG - 2022-10-13 15:03:47 --> Encryption: Auto-configured driver 'openssl'.
DEBUG - 2022-10-13 15:03:47 --> Total execution time: 0.0351
DEBUG - 2022-10-13 15:03:48 --> UTF-8 Support Enabled
DEBUG - 2022-10-13 15:03:48 --> Global POST, GET and COOKIE data sanitized
DEBUG - 2022-10-13 15:03:48 --> Config file loaded: /hwonpark/www/application/config/tree.php
DEBUG - 2022-10-13 15:03:48 --> Encryption: Auto-configured driver 'openssl'.
DEBUG - 2022-10-13 15:03:48 --> Total execution time: 0.0394
DEBUG - 2022-10-13 15:03:49 --> UTF-8 Support Enabled
DEBUG - 2022-10-13 15:03:49 --> Global POST, GET and COOKIE data sanitized
DEBUG - 2022-10-13 15:03:49 --> Config file loaded: /hwonpark/www/application/config/tree.php
DEBUG - 2022-10-13 15:03:49 --> Encryption: Auto-configured driver 'openssl'.
DEBUG - 2022-10-13 15:03:49 --> Total execution time: 0.0335
DEBUG - 2022-10-13 15:03:50 --> UTF-8 Support Enabled
DEBUG - 2022-10-13 15:03:50 --> Global POST, GET and COOKIE data sanitized
DEBUG - 2022-10-13 15:03:50 --> Config file loaded: /hwonpark/www/application/config/tree.php
DEBUG - 2022-10-13 15:03:50 --> Encryption: Auto-configured driver 'openssl'.
DEBUG - 2022-10-13 15:03:50 --> Total execution time: 0.0409
DEBUG - 2022-10-13 15:03:53 --> UTF-8 Support Enabled
DEBUG - 2022-10-13 15:03:53 --> Global POST, GET and COOKIE data sanitized
DEBUG - 2022-10-13 15:03:53 --> Config file loaded: /hwonpark/www/application/config/tree.php
DEBUG - 2022-10-13 15:03:53 --> Encryption: Auto-configured driver 'openssl'.
DEBUG - 2022-10-13 15:03:53 --> Total execution time: 0.0388
DEBUG - 2022-10-13 15:03:54 --> UTF-8 Support Enabled
DEBUG - 2022-10-13 15:03:54 --> Global POST, GET and COOKIE data sanitized
DEBUG - 2022-10-13 15:03:54 --> Config file loaded: /hwonpark/www/application/config/tree.php
DEBUG - 2022-10-13 15:03:54 --> Encryption: Auto-configured driver 'openssl'.
DEBUG - 2022-10-13 15:03:54 --> Total execution time: 0.0337
DEBUG - 2022-10-13 15:03:56 --> UTF-8 Support Enabled
DEBUG - 2022-10-13 15:03:56 --> Global POST, GET and COOKIE data sanitized
DEBUG - 2022-10-13 15:03:56 --> Config file loaded: /hwonpark/www/application/config/tree.php
DEBUG - 2022-10-13 15:03:56 --> Encryption: Auto-configured driver 'openssl'.
DEBUG - 2022-10-13 15:03:56 --> Total execution time: 0.0378
DEBUG - 2022-10-13 15:04:18 --> UTF-8 Support Enabled
DEBUG - 2022-10-13 15:04:18 --> Global POST, GET and COOKIE data sanitized
DEBUG - 2022-10-13 15:04:18 --> Config file loaded: /hwonpark/www/application/config/tree.php
DEBUG - 2022-10-13 15:04:18 --> Encryption: Auto-configured driver 'openssl'.
DEBUG - 2022-10-13 15:04:20 --> UTF-8 Support Enabled
DEBUG - 2022-10-13 15:04:20 --> Global POST, GET and COOKIE data sanitized
DEBUG - 2022-10-13 15:04:20 --> Config file loaded: /hwonpark/www/application/config/tree.php
DEBUG - 2022-10-13 15:04:20 --> Encryption: Auto-configured driver 'openssl'.
DEBUG - 2022-10-13 15:04:20 --> Total execution time: 0.0504
DEBUG - 2022-10-13 15:29:08 --> UTF-8 Support Enabled
DEBUG - 2022-10-13 15:29:08 --> No URI present. Default controller set.
DEBUG - 2022-10-13 15:29:08 --> Global POST, GET and COOKIE data sanitized
DEBUG - 2022-10-13 15:29:09 --> Config file loaded: /hwonpark/www/application/config/tree.php
DEBUG - 2022-10-13 15:29:09 --> Total execution time: 0.1845
DEBUG - 2022-10-13 15:29:11 --> UTF-8 Support Enabled
DEBUG - 2022-10-13 15:29:11 --> Global POST, GET and COOKIE data sanitized
ERROR - 2022-10-13 15:29:11 --> 404 Page Not Found: Faviconico/index
DEBUG - 2022-10-13 15:36:37 --> UTF-8 Support Enabled
DEBUG - 2022-10-13 15:36:37 --> Global POST, GET and COOKIE data sanitized
DEBUG - 2022-10-13 15:36:37 --> Config file loaded: /hwonpark/www/application/config/tree.php
DEBUG - 2022-10-13 15:36:38 --> UTF-8 Support Enabled
DEBUG - 2022-10-13 15:36:38 --> No URI present. Default controller set.
DEBUG - 2022-10-13 15:36:38 --> Global POST, GET and COOKIE data sanitized
DEBUG - 2022-10-13 15:36:38 --> Config file loaded: /hwonpark/www/application/config/tree.php
DEBUG - 2022-10-13 15:36:38 --> Total execution time: 0.0316
DEBUG - 2022-10-13 15:39:45 --> UTF-8 Support Enabled
DEBUG - 2022-10-13 15:39:45 --> No URI present. Default controller set.
DEBUG - 2022-10-13 15:39:45 --> Global POST, GET and COOKIE data sanitized
DEBUG - 2022-10-13 15:39:45 --> Config file loaded: /hwonpark/www/application/config/tree.php
DEBUG - 2022-10-13 15:39:45 --> Total execution time: 0.0548
DEBUG - 2022-10-13 16:01:16 --> UTF-8 Support Enabled
DEBUG - 2022-10-13 16:01:16 --> No URI present. Default controller set.
DEBUG - 2022-10-13 16:01:16 --> Global POST, GET and COOKIE data sanitized
DEBUG - 2022-10-13 16:01:16 --> Config file loaded: /hwonpark/www/application/config/tree.php
DEBUG - 2022-10-13 16:01:16 --> Total execution time: 0.0306
DEBUG - 2022-10-13 16:06:29 --> UTF-8 Support Enabled
DEBUG - 2022-10-13 16:06:29 --> Global POST, GET and COOKIE data sanitized
DEBUG - 2022-10-13 16:06:29 --> Config file loaded: /hwonpark/www/application/config/tree.php
DEBUG - 2022-10-13 16:06:29 --> Total execution time: 0.0407
DEBUG - 2022-10-13 16:06:34 --> UTF-8 Support Enabled
DEBUG - 2022-10-13 16:06:34 --> Global POST, GET and COOKIE data sanitized
DEBUG - 2022-10-13 16:06:34 --> Config file loaded: /hwonpark/www/application/config/tree.php
DEBUG - 2022-10-13 16:06:36 --> UTF-8 Support Enabled
DEBUG - 2022-10-13 16:06:36 --> Global POST, GET and COOKIE data sanitized
DEBUG - 2022-10-13 16:06:36 --> Config file loaded: /hwonpark/www/application/config/tree.php
DEBUG - 2022-10-13 16:06:36 --> Encryption: Auto-configured driver 'openssl'.
DEBUG - 2022-10-13 16:06:36 --> UTF-8 Support Enabled
DEBUG - 2022-10-13 16:06:36 --> Global POST, GET and COOKIE data sanitized
DEBUG - 2022-10-13 16:06:36 --> Config file loaded: /hwonpark/www/application/config/tree.php
DEBUG - 2022-10-13 16:06:36 --> Encryption: Auto-configured driver 'openssl'.
DEBUG - 2022-10-13 16:06:36 --> Encryption class already loaded. Second attempt ignored.
DEBUG - 2022-10-13 16:06:36 --> Total execution time: 0.0541
DEBUG - 2022-10-13 16:06:39 --> UTF-8 Support Enabled
DEBUG - 2022-10-13 16:06:39 --> Global POST, GET and COOKIE data sanitized
DEBUG - 2022-10-13 16:06:39 --> Config file loaded: /hwonpark/www/application/config/tree.php
DEBUG - 2022-10-13 16:06:39 --> Encryption: Auto-configured driver 'openssl'.
DEBUG - 2022-10-13 16:06:39 --> Total execution time: 0.0354
DEBUG - 2022-10-13 16:06:42 --> UTF-8 Support Enabled
DEBUG - 2022-10-13 16:06:42 --> Global POST, GET and COOKIE data sanitized
DEBUG - 2022-10-13 16:06:42 --> Config file loaded: /hwonpark/www/application/config/tree.php
DEBUG - 2022-10-13 16:06:42 --> Encryption: Auto-configured driver 'openssl'.
DEBUG - 2022-10-13 16:06:42 --> Total execution time: 0.0606
DEBUG - 2022-10-13 16:06:59 --> UTF-8 Support Enabled
DEBUG - 2022-10-13 16:06:59 --> Global POST, GET and COOKIE data sanitized
DEBUG - 2022-10-13 16:06:59 --> Config file loaded: /hwonpark/www/application/config/tree.php
DEBUG - 2022-10-13 16:06:59 --> Encryption: Auto-configured driver 'openssl'.
DEBUG - 2022-10-13 16:06:59 --> Total execution time: 0.0700
DEBUG - 2022-10-13 16:07:37 --> UTF-8 Support Enabled
DEBUG - 2022-10-13 16:07:37 --> Global POST, GET and COOKIE data sanitized
DEBUG - 2022-10-13 16:07:37 --> Config file loaded: /hwonpark/www/application/config/tree.php
DEBUG - 2022-10-13 16:07:37 --> Encryption: Auto-configured driver 'openssl'.
DEBUG - 2022-10-13 16:07:37 --> Total execution time: 0.0479
DEBUG - 2022-10-13 16:07:44 --> UTF-8 Support Enabled
DEBUG - 2022-10-13 16:07:44 --> Global POST, GET and COOKIE data sanitized
DEBUG - 2022-10-13 16:07:44 --> Config file loaded: /hwonpark/www/application/config/tree.php
DEBUG - 2022-10-13 16:07:44 --> Encryption: Auto-configured driver 'openssl'.
DEBUG - 2022-10-13 16:07:44 --> Total execution time: 0.0435
DEBUG - 2022-10-13 16:07:49 --> UTF-8 Support Enabled
DEBUG - 2022-10-13 16:07:49 --> Global POST, GET and COOKIE data sanitized
DEBUG - 2022-10-13 16:07:49 --> Config file loaded: /hwonpark/www/application/config/tree.php
DEBUG - 2022-10-13 16:07:49 --> Encryption: Auto-configured driver 'openssl'.
DEBUG - 2022-10-13 16:07:49 --> Total execution time: 0.0702
DEBUG - 2022-10-13 16:07:51 --> UTF-8 Support Enabled
DEBUG - 2022-10-13 16:07:51 --> Global POST, GET and COOKIE data sanitized
DEBUG - 2022-10-13 16:07:51 --> Config file loaded: /hwonpark/www/application/config/tree.php
DEBUG - 2022-10-13 16:07:51 --> Encryption: Auto-configured driver 'openssl'.
DEBUG - 2022-10-13 16:07:51 --> Total execution time: 0.0482
DEBUG - 2022-10-13 16:07:59 --> UTF-8 Support Enabled
DEBUG - 2022-10-13 16:07:59 --> Global POST, GET and COOKIE data sanitized
DEBUG - 2022-10-13 16:07:59 --> Config file loaded: /hwonpark/www/application/config/tree.php
DEBUG - 2022-10-13 16:07:59 --> Encryption: Auto-configured driver 'openssl'.
DEBUG - 2022-10-13 16:07:59 --> Total execution time: 0.0338
DEBUG - 2022-10-13 16:08:06 --> UTF-8 Support Enabled
DEBUG - 2022-10-13 16:08:06 --> Global POST, GET and COOKIE data sanitized
DEBUG - 2022-10-13 16:08:06 --> Config file loaded: /hwonpark/www/application/config/tree.php
DEBUG - 2022-10-13 16:08:06 --> Encryption: Auto-configured driver 'openssl'.
DEBUG - 2022-10-13 16:08:06 --> Total execution time: 0.0534
DEBUG - 2022-10-13 16:08:26 --> UTF-8 Support Enabled
DEBUG - 2022-10-13 16:08:26 --> Global POST, GET and COOKIE data sanitized
DEBUG - 2022-10-13 16:08:26 --> Config file loaded: /hwonpark/www/application/config/tree.php
DEBUG - 2022-10-13 16:08:26 --> Encryption: Auto-configured driver 'openssl'.
DEBUG - 2022-10-13 16:08:26 --> UTF-8 Support Enabled
DEBUG - 2022-10-13 16:08:26 --> Global POST, GET and COOKIE data sanitized
DEBUG - 2022-10-13 16:08:26 --> Config file loaded: /hwonpark/www/application/config/tree.php
DEBUG - 2022-10-13 16:08:26 --> Encryption: Auto-configured driver 'openssl'.
DEBUG - 2022-10-13 16:08:26 --> Encryption class already loaded. Second attempt ignored.
DEBUG - 2022-10-13 16:08:26 --> Total execution time: 0.0436
DEBUG - 2022-10-13 16:08:28 --> UTF-8 Support Enabled
DEBUG - 2022-10-13 16:08:28 --> Global POST, GET and COOKIE data sanitized
DEBUG - 2022-10-13 16:08:28 --> Config file loaded: /hwonpark/www/application/config/tree.php
DEBUG - 2022-10-13 16:08:28 --> Encryption: Auto-configured driver 'openssl'.
DEBUG - 2022-10-13 16:08:28 --> Total execution time: 0.0424
DEBUG - 2022-10-13 16:08:29 --> UTF-8 Support Enabled
DEBUG - 2022-10-13 16:08:29 --> Global POST, GET and COOKIE data sanitized
DEBUG - 2022-10-13 16:08:29 --> Config file loaded: /hwonpark/www/application/config/tree.php
DEBUG - 2022-10-13 16:08:29 --> Encryption: Auto-configured driver 'openssl'.
DEBUG - 2022-10-13 16:08:29 --> Total execution time: 0.0720
DEBUG - 2022-10-13 16:08:31 --> UTF-8 Support Enabled
DEBUG - 2022-10-13 16:08:31 --> Global POST, GET and COOKIE data sanitized
DEBUG - 2022-10-13 16:08:31 --> Config file loaded: /hwonpark/www/application/config/tree.php
DEBUG - 2022-10-13 16:08:31 --> Encryption: Auto-configured driver 'openssl'.
DEBUG - 2022-10-13 16:08:31 --> Total execution time: 0.0792
DEBUG - 2022-10-13 16:08:33 --> UTF-8 Support Enabled
DEBUG - 2022-10-13 16:08:33 --> Global POST, GET and COOKIE data sanitized
DEBUG - 2022-10-13 16:08:33 --> Config file loaded: /hwonpark/www/application/config/tree.php
DEBUG - 2022-10-13 16:08:33 --> Encryption: Auto-configured driver 'openssl'.
DEBUG - 2022-10-13 16:08:33 --> Total execution time: 0.0553
DEBUG - 2022-10-13 16:09:05 --> UTF-8 Support Enabled
DEBUG - 2022-10-13 16:09:05 --> Global POST, GET and COOKIE data sanitized
DEBUG - 2022-10-13 16:09:05 --> Config file loaded: /hwonpark/www/application/config/tree.php
DEBUG - 2022-10-13 16:09:05 --> Encryption: Auto-configured driver 'openssl'.
DEBUG - 2022-10-13 16:09:05 --> UTF-8 Support Enabled
DEBUG - 2022-10-13 16:09:05 --> Global POST, GET and COOKIE data sanitized
DEBUG - 2022-10-13 16:09:05 --> Config file loaded: /hwonpark/www/application/config/tree.php
DEBUG - 2022-10-13 16:09:05 --> Encryption: Auto-configured driver 'openssl'.
DEBUG - 2022-10-13 16:09:05 --> Total execution time: 0.0639
DEBUG - 2022-10-13 16:15:19 --> UTF-8 Support Enabled
DEBUG - 2022-10-13 16:15:19 --> No URI present. Default controller set.
DEBUG - 2022-10-13 16:15:19 --> Global POST, GET and COOKIE data sanitized
DEBUG - 2022-10-13 16:15:19 --> Config file loaded: /hwonpark/www/application/config/tree.php
DEBUG - 2022-10-13 16:15:19 --> Total execution time: 0.0449
DEBUG - 2022-10-13 16:15:19 --> UTF-8 Support Enabled
DEBUG - 2022-10-13 16:15:19 --> Global POST, GET and COOKIE data sanitized
ERROR - 2022-10-13 16:15:19 --> 404 Page Not Found: Faviconico/index
DEBUG - 2022-10-13 16:16:32 --> UTF-8 Support Enabled
DEBUG - 2022-10-13 16:16:32 --> No URI present. Default controller set.
DEBUG - 2022-10-13 16:16:32 --> Global POST, GET and COOKIE data sanitized
DEBUG - 2022-10-13 16:16:32 --> Config file loaded: /hwonpark/www/application/config/tree.php
DEBUG - 2022-10-13 16:16:32 --> Total execution time: 0.0401
DEBUG - 2022-10-13 16:17:01 --> UTF-8 Support Enabled
DEBUG - 2022-10-13 16:17:01 --> Global POST, GET and COOKIE data sanitized
DEBUG - 2022-10-13 16:17:01 --> Config file loaded: /hwonpark/www/application/config/tree.php
DEBUG - 2022-10-13 16:17:01 --> Total execution time: 0.0572
DEBUG - 2022-10-13 16:17:04 --> UTF-8 Support Enabled
DEBUG - 2022-10-13 16:17:04 --> Global POST, GET and COOKIE data sanitized
DEBUG - 2022-10-13 16:17:04 --> Config file loaded: /hwonpark/www/application/config/tree.php
DEBUG - 2022-10-13 16:17:04 --> =================== DL_auth-> oauth::CALLBACK - 
DEBUG - 2022-10-13 16:17:04 --> =================== DL_auth-> oauth::CALLBACK - kakao param=:: error=
DEBUG - 2022-10-13 16:17:04 --> =================== DL_auth-> oauth::CALLBACK - kakao param=:: state=
DEBUG - 2022-10-13 16:17:04 --> =================== DL_auth-> oauth::CALLBACK - kakao param=:: code=DSGWW3h5BUsSLsZeVjZEVPwdDesU41OFIoHSrWJHATKecoutNmFkJkF2YekC_G2IyIk_1gorDKgAAAGD0DQsjw
DEBUG - 2022-10-13 16:17:04 --> =================== DL_auth -> kakao oauth :2: code=DSGWW3h5BUsSLsZeVjZEVPwdDesU41OFIoHSrWJHATKecoutNmFkJkF2YekC_G2IyIk_1gorDKgAAAGD0DQsjw
DEBUG - 2022-10-13 16:17:04 --> ====================Dl_auth -> kakao_login :: 
DEBUG - 2022-10-13 16:17:04 --> --------------------Dl_auth::kakao_login - 1. 
DEBUG - 2022-10-13 16:17:04 --> Dl_auth::kakao_login - get_token  n=2
DEBUG - 2022-10-13 16:17:04 --> --------------------Dl_auth::kakao_login - 1.2.  -> 
DEBUG - 2022-10-13 16:17:04 --> --------------------Dl_auth::kakao_login - 1.3.
DEBUG - 2022-10-13 16:17:04 --> --------------------Dl_auth::kakao_login - 1.4. -> 
DEBUG - 2022-10-13 16:17:04 --> UTF-8 Support Enabled
DEBUG - 2022-10-13 16:17:04 --> Global POST, GET and COOKIE data sanitized
DEBUG - 2022-10-13 16:17:04 --> Config file loaded: /hwonpark/www/application/config/tree.php
DEBUG - 2022-10-13 16:17:04 --> =================== DL_auth-> oauth::CALLBACK - 
DEBUG - 2022-10-13 16:17:04 --> =================== DL_auth-> oauth::CALLBACK - kakao param=:: error=
DEBUG - 2022-10-13 16:17:04 --> =================== DL_auth-> oauth::CALLBACK - kakao param=:: state=
DEBUG - 2022-10-13 16:17:04 --> =================== DL_auth-> oauth::CALLBACK - kakao param=:: code=DSGWW3h5BUsSLsZeVjZEVPwdDesU41OFIoHSrWJHATKecoutNmFkJkF2YekC_G2IyIk_1gorDKgAAAGD0DQsjw
DEBUG - 2022-10-13 16:17:04 --> =================== DL_auth -> kakao oauth :2: code=DSGWW3h5BUsSLsZeVjZEVPwdDesU41OFIoHSrWJHATKecoutNmFkJkF2YekC_G2IyIk_1gorDKgAAAGD0DQsjw
DEBUG - 2022-10-13 16:17:04 --> ====================Dl_auth -> kakao_login :: 
DEBUG - 2022-10-13 16:17:04 --> ====================Dl_auth::kakao_login - 1.3.5-    (  ) state=
DEBUG - 2022-10-13 16:17:06 --> UTF-8 Support Enabled
DEBUG - 2022-10-13 16:17:06 --> Global POST, GET and COOKIE data sanitized
DEBUG - 2022-10-13 16:17:06 --> Config file loaded: /hwonpark/www/application/config/tree.php
DEBUG - 2022-10-13 16:17:06 --> Encryption: Auto-configured driver 'openssl'.
DEBUG - 2022-10-13 16:17:06 --> Total execution time: 0.0635
DEBUG - 2022-10-13 16:17:23 --> UTF-8 Support Enabled
DEBUG - 2022-10-13 16:17:23 --> Global POST, GET and COOKIE data sanitized
DEBUG - 2022-10-13 16:17:23 --> Config file loaded: /hwonpark/www/application/config/tree.php
DEBUG - 2022-10-13 16:17:23 --> Encryption: Auto-configured driver 'openssl'.
DEBUG - 2022-10-13 16:17:23 --> Total execution time: 0.0328
DEBUG - 2022-10-13 16:18:00 --> UTF-8 Support Enabled
DEBUG - 2022-10-13 16:18:00 --> Global POST, GET and COOKIE data sanitized
DEBUG - 2022-10-13 16:18:00 --> Config file loaded: /hwonpark/www/application/config/tree.php
DEBUG - 2022-10-13 16:18:00 --> Encryption: Auto-configured driver 'openssl'.
DEBUG - 2022-10-13 16:18:00 --> Total execution time: 0.0347
DEBUG - 2022-10-13 16:18:14 --> UTF-8 Support Enabled
DEBUG - 2022-10-13 16:18:14 --> Global POST, GET and COOKIE data sanitized
DEBUG - 2022-10-13 16:18:14 --> Config file loaded: /hwonpark/www/application/config/tree.php
DEBUG - 2022-10-13 16:18:14 --> Encryption: Auto-configured driver 'openssl'.
DEBUG - 2022-10-13 16:18:14 --> Total execution time: 0.0359
DEBUG - 2022-10-13 16:18:31 --> UTF-8 Support Enabled
DEBUG - 2022-10-13 16:18:31 --> Global POST, GET and COOKIE data sanitized
DEBUG - 2022-10-13 16:18:31 --> Config file loaded: /hwonpark/www/application/config/tree.php
DEBUG - 2022-10-13 16:18:31 --> Encryption: Auto-configured driver 'openssl'.
DEBUG - 2022-10-13 16:18:31 --> Total execution time: 0.0569
DEBUG - 2022-10-13 16:18:39 --> UTF-8 Support Enabled
DEBUG - 2022-10-13 16:18:39 --> Global POST, GET and COOKIE data sanitized
DEBUG - 2022-10-13 16:18:39 --> Config file loaded: /hwonpark/www/application/config/tree.php
DEBUG - 2022-10-13 16:18:40 --> Encryption: Auto-configured driver 'openssl'.
DEBUG - 2022-10-13 16:18:40 --> Encryption class already loaded. Second attempt ignored.
DEBUG - 2022-10-13 16:18:40 --> Total execution time: 0.0391
DEBUG - 2022-10-13 16:18:53 --> UTF-8 Support Enabled
DEBUG - 2022-10-13 16:18:53 --> Global POST, GET and COOKIE data sanitized
DEBUG - 2022-10-13 16:18:53 --> Config file loaded: /hwonpark/www/application/config/tree.php
DEBUG - 2022-10-13 16:18:53 --> Encryption: Auto-configured driver 'openssl'.
DEBUG - 2022-10-13 16:18:53 --> Encryption class already loaded. Second attempt ignored.
DEBUG - 2022-10-13 16:18:53 --> Total execution time: 0.0308
DEBUG - 2022-10-13 16:19:01 --> UTF-8 Support Enabled
DEBUG - 2022-10-13 16:19:01 --> Global POST, GET and COOKIE data sanitized
DEBUG - 2022-10-13 16:19:01 --> Config file loaded: /hwonpark/www/application/config/tree.php
DEBUG - 2022-10-13 16:19:01 --> Encryption: Auto-configured driver 'openssl'.
DEBUG - 2022-10-13 16:19:01 --> Total execution time: 0.0328
DEBUG - 2022-10-13 16:19:06 --> UTF-8 Support Enabled
DEBUG - 2022-10-13 16:19:06 --> Global POST, GET and COOKIE data sanitized
DEBUG - 2022-10-13 16:19:06 --> Config file loaded: /hwonpark/www/application/config/tree.php
DEBUG - 2022-10-13 16:19:06 --> Encryption: Auto-configured driver 'openssl'.
DEBUG - 2022-10-13 16:19:06 --> Total execution time: 0.0839
DEBUG - 2022-10-13 16:19:12 --> UTF-8 Support Enabled
DEBUG - 2022-10-13 16:19:12 --> Global POST, GET and COOKIE data sanitized
DEBUG - 2022-10-13 16:19:12 --> Config file loaded: /hwonpark/www/application/config/tree.php
DEBUG - 2022-10-13 16:19:12 --> Encryption: Auto-configured driver 'openssl'.
DEBUG - 2022-10-13 16:19:12 --> Total execution time: 0.0383
DEBUG - 2022-10-13 16:19:15 --> UTF-8 Support Enabled
DEBUG - 2022-10-13 16:19:15 --> Global POST, GET and COOKIE data sanitized
DEBUG - 2022-10-13 16:19:15 --> Config file loaded: /hwonpark/www/application/config/tree.php
DEBUG - 2022-10-13 16:19:15 --> Encryption: Auto-configured driver 'openssl'.
DEBUG - 2022-10-13 16:19:15 --> Total execution time: 0.0758
DEBUG - 2022-10-13 16:19:19 --> UTF-8 Support Enabled
DEBUG - 2022-10-13 16:19:19 --> Global POST, GET and COOKIE data sanitized
DEBUG - 2022-10-13 16:19:19 --> Config file loaded: /hwonpark/www/application/config/tree.php
DEBUG - 2022-10-13 16:19:19 --> Encryption: Auto-configured driver 'openssl'.
DEBUG - 2022-10-13 16:19:19 --> Total execution time: 0.0352
DEBUG - 2022-10-13 16:19:22 --> UTF-8 Support Enabled
DEBUG - 2022-10-13 16:19:22 --> Global POST, GET and COOKIE data sanitized
DEBUG - 2022-10-13 16:19:22 --> Config file loaded: /hwonpark/www/application/config/tree.php
DEBUG - 2022-10-13 16:19:22 --> Encryption: Auto-configured driver 'openssl'.
DEBUG - 2022-10-13 16:19:22 --> Encryption class already loaded. Second attempt ignored.
DEBUG - 2022-10-13 16:19:22 --> Total execution time: 0.0728
DEBUG - 2022-10-13 16:19:23 --> UTF-8 Support Enabled
DEBUG - 2022-10-13 16:19:23 --> Global POST, GET and COOKIE data sanitized
DEBUG - 2022-10-13 16:19:23 --> Config file loaded: /hwonpark/www/application/config/tree.php
DEBUG - 2022-10-13 16:19:23 --> Encryption: Auto-configured driver 'openssl'.
DEBUG - 2022-10-13 16:19:23 --> Encryption class already loaded. Second attempt ignored.
DEBUG - 2022-10-13 16:19:23 --> Total execution time: 0.0305
DEBUG - 2022-10-13 16:19:23 --> UTF-8 Support Enabled
DEBUG - 2022-10-13 16:19:23 --> Global POST, GET and COOKIE data sanitized
DEBUG - 2022-10-13 16:19:23 --> Config file loaded: /hwonpark/www/application/config/tree.php
DEBUG - 2022-10-13 16:19:23 --> Encryption: Auto-configured driver 'openssl'.
DEBUG - 2022-10-13 16:19:23 --> Total execution time: 0.0168
DEBUG - 2022-10-13 16:19:23 --> UTF-8 Support Enabled
DEBUG - 2022-10-13 16:19:23 --> Global POST, GET and COOKIE data sanitized
DEBUG - 2022-10-13 16:19:23 --> Config file loaded: /hwonpark/www/application/config/tree.php
DEBUG - 2022-10-13 16:19:23 --> Encryption: Auto-configured driver 'openssl'.
DEBUG - 2022-10-13 16:19:23 --> Total execution time: 0.0202
DEBUG - 2022-10-13 16:19:24 --> UTF-8 Support Enabled
DEBUG - 2022-10-13 16:19:24 --> Global POST, GET and COOKIE data sanitized
DEBUG - 2022-10-13 16:19:24 --> Config file loaded: /hwonpark/www/application/config/tree.php
DEBUG - 2022-10-13 16:19:24 --> Encryption: Auto-configured driver 'openssl'.
DEBUG - 2022-10-13 16:19:24 --> Total execution time: 0.0298
DEBUG - 2022-10-13 16:19:24 --> UTF-8 Support Enabled
DEBUG - 2022-10-13 16:19:24 --> Global POST, GET and COOKIE data sanitized
DEBUG - 2022-10-13 16:19:24 --> Config file loaded: /hwonpark/www/application/config/tree.php
DEBUG - 2022-10-13 16:19:24 --> Encryption: Auto-configured driver 'openssl'.
DEBUG - 2022-10-13 16:19:24 --> UTF-8 Support Enabled
DEBUG - 2022-10-13 16:19:24 --> No URI present. Default controller set.
DEBUG - 2022-10-13 16:19:24 --> Global POST, GET and COOKIE data sanitized
DEBUG - 2022-10-13 16:19:24 --> Config file loaded: /hwonpark/www/application/config/tree.php
DEBUG - 2022-10-13 16:19:24 --> Encryption: Auto-configured driver 'openssl'.
DEBUG - 2022-10-13 16:19:24 --> Total execution time: 0.0304
DEBUG - 2022-10-13 16:19:25 --> UTF-8 Support Enabled
DEBUG - 2022-10-13 16:19:25 --> No URI present. Default controller set.
DEBUG - 2022-10-13 16:19:25 --> Global POST, GET and COOKIE data sanitized
DEBUG - 2022-10-13 16:19:25 --> Config file loaded: /hwonpark/www/application/config/tree.php
DEBUG - 2022-10-13 16:19:25 --> Encryption: Auto-configured driver 'openssl'.
DEBUG - 2022-10-13 16:19:25 --> Total execution time: 0.0587
DEBUG - 2022-10-13 16:41:26 --> UTF-8 Support Enabled
DEBUG - 2022-10-13 16:41:26 --> Global POST, GET and COOKIE data sanitized
DEBUG - 2022-10-13 16:41:26 --> Config file loaded: /hwonpark/www/application/config/tree.php
DEBUG - 2022-10-13 16:41:27 --> UTF-8 Support Enabled
DEBUG - 2022-10-13 16:41:27 --> Global POST, GET and COOKIE data sanitized
DEBUG - 2022-10-13 16:41:27 --> Config file loaded: /hwonpark/www/application/config/tree.php
DEBUG - 2022-10-13 16:41:27 --> Total execution time: 0.0321
DEBUG - 2022-10-13 16:41:29 --> UTF-8 Support Enabled
DEBUG - 2022-10-13 16:41:29 --> Global POST, GET and COOKIE data sanitized
DEBUG - 2022-10-13 16:41:29 --> Config file loaded: /hwonpark/www/application/config/tree.php
DEBUG - 2022-10-13 16:41:29 --> =================== DL_auth-> oauth::CALLBACK - 
DEBUG - 2022-10-13 16:41:29 --> =================== DL_auth-> oauth::CALLBACK - kakao param=:: error=
DEBUG - 2022-10-13 16:41:29 --> =================== DL_auth-> oauth::CALLBACK - kakao param=:: state=
DEBUG - 2022-10-13 16:41:29 --> =================== DL_auth-> oauth::CALLBACK - kakao param=:: code=2PByeDwc6AueKxRWa_CUr3o9QAfbpKG8OPY0GmlQYykqxG_ztMY_Q9MARIj2i3JyA3k2Vwo9dNoAAAGD0EqKIQ
DEBUG - 2022-10-13 16:41:29 --> =================== DL_auth -> kakao oauth :2: code=2PByeDwc6AueKxRWa_CUr3o9QAfbpKG8OPY0GmlQYykqxG_ztMY_Q9MARIj2i3JyA3k2Vwo9dNoAAAGD0EqKIQ
DEBUG - 2022-10-13 16:41:29 --> ====================Dl_auth -> kakao_login :: 
DEBUG - 2022-10-13 16:41:29 --> --------------------Dl_auth::kakao_login - 1. 
DEBUG - 2022-10-13 16:41:29 --> Dl_auth::kakao_login - get_token  n=2
DEBUG - 2022-10-13 16:41:29 --> --------------------Dl_auth::kakao_login - 1.2.  -> 
DEBUG - 2022-10-13 16:41:29 --> --------------------Dl_auth::kakao_login - 1.3.
DEBUG - 2022-10-13 16:41:29 --> --------------------Dl_auth::kakao_login - 1.4. -> 
DEBUG - 2022-10-13 16:41:29 --> UTF-8 Support Enabled
DEBUG - 2022-10-13 16:41:29 --> Global POST, GET and COOKIE data sanitized
DEBUG - 2022-10-13 16:41:29 --> Config file loaded: /hwonpark/www/application/config/tree.php
DEBUG - 2022-10-13 16:41:29 --> =================== DL_auth-> oauth::CALLBACK - 
DEBUG - 2022-10-13 16:41:29 --> =================== DL_auth-> oauth::CALLBACK - kakao param=:: error=
DEBUG - 2022-10-13 16:41:29 --> =================== DL_auth-> oauth::CALLBACK - kakao param=:: state=
DEBUG - 2022-10-13 16:41:29 --> =================== DL_auth-> oauth::CALLBACK - kakao param=:: code=2PByeDwc6AueKxRWa_CUr3o9QAfbpKG8OPY0GmlQYykqxG_ztMY_Q9MARIj2i3JyA3k2Vwo9dNoAAAGD0EqKIQ
DEBUG - 2022-10-13 16:41:29 --> =================== DL_auth -> kakao oauth :2: code=2PByeDwc6AueKxRWa_CUr3o9QAfbpKG8OPY0GmlQYykqxG_ztMY_Q9MARIj2i3JyA3k2Vwo9dNoAAAGD0EqKIQ
DEBUG - 2022-10-13 16:41:29 --> ====================Dl_auth -> kakao_login :: 
DEBUG - 2022-10-13 16:41:29 --> ====================Dl_auth::kakao_login - 1.3.5-    (  ) state=
DEBUG - 2022-10-13 16:41:31 --> UTF-8 Support Enabled
DEBUG - 2022-10-13 16:41:31 --> Global POST, GET and COOKIE data sanitized
DEBUG - 2022-10-13 16:41:31 --> Config file loaded: /hwonpark/www/application/config/tree.php
DEBUG - 2022-10-13 16:41:31 --> Encryption: Auto-configured driver 'openssl'.
DEBUG - 2022-10-13 16:41:31 --> Total execution time: 0.0454
DEBUG - 2022-10-13 17:07:46 --> UTF-8 Support Enabled
DEBUG - 2022-10-13 17:07:46 --> Global POST, GET and COOKIE data sanitized
DEBUG - 2022-10-13 17:07:46 --> Config file loaded: /hwonpark/www/application/config/tree.php
DEBUG - 2022-10-13 17:07:46 --> Total execution time: 0.0449
DEBUG - 2022-10-13 17:07:47 --> UTF-8 Support Enabled
DEBUG - 2022-10-13 17:07:47 --> Global POST, GET and COOKIE data sanitized
ERROR - 2022-10-13 17:07:47 --> 404 Page Not Found: Faviconico/index
DEBUG - 2022-10-13 17:07:51 --> UTF-8 Support Enabled
DEBUG - 2022-10-13 17:07:51 --> Global POST, GET and COOKIE data sanitized
DEBUG - 2022-10-13 17:07:51 --> Config file loaded: /hwonpark/www/application/config/tree.php
DEBUG - 2022-10-13 17:07:52 --> UTF-8 Support Enabled
DEBUG - 2022-10-13 17:07:52 --> Global POST, GET and COOKIE data sanitized
DEBUG - 2022-10-13 17:07:52 --> Config file loaded: /hwonpark/www/application/config/tree.php
DEBUG - 2022-10-13 17:07:52 --> Encryption: Auto-configured driver 'openssl'.
DEBUG - 2022-10-13 17:07:52 --> UTF-8 Support Enabled
DEBUG - 2022-10-13 17:07:52 --> Global POST, GET and COOKIE data sanitized
DEBUG - 2022-10-13 17:07:52 --> Config file loaded: /hwonpark/www/application/config/tree.php
DEBUG - 2022-10-13 17:07:52 --> Encryption: Auto-configured driver 'openssl'.
DEBUG - 2022-10-13 17:07:52 --> Encryption class already loaded. Second attempt ignored.
DEBUG - 2022-10-13 17:07:52 --> Total execution time: 0.0391
DEBUG - 2022-10-13 17:07:54 --> UTF-8 Support Enabled
DEBUG - 2022-10-13 17:07:54 --> Global POST, GET and COOKIE data sanitized
DEBUG - 2022-10-13 17:07:54 --> Config file loaded: /hwonpark/www/application/config/tree.php
DEBUG - 2022-10-13 17:07:54 --> Encryption: Auto-configured driver 'openssl'.
DEBUG - 2022-10-13 17:07:54 --> Total execution time: 0.0363
DEBUG - 2022-10-13 17:07:56 --> UTF-8 Support Enabled
DEBUG - 2022-10-13 17:07:56 --> Global POST, GET and COOKIE data sanitized
DEBUG - 2022-10-13 17:07:56 --> Config file loaded: /hwonpark/www/application/config/tree.php
DEBUG - 2022-10-13 17:07:56 --> Encryption: Auto-configured driver 'openssl'.
DEBUG - 2022-10-13 17:07:56 --> Total execution time: 0.0360
DEBUG - 2022-10-13 17:07:57 --> UTF-8 Support Enabled
DEBUG - 2022-10-13 17:07:57 --> Global POST, GET and COOKIE data sanitized
DEBUG - 2022-10-13 17:07:57 --> Config file loaded: /hwonpark/www/application/config/tree.php
DEBUG - 2022-10-13 17:07:57 --> Encryption: Auto-configured driver 'openssl'.
DEBUG - 2022-10-13 17:07:57 --> Total execution time: 0.0370
DEBUG - 2022-10-13 17:08:20 --> UTF-8 Support Enabled
DEBUG - 2022-10-13 17:08:20 --> Global POST, GET and COOKIE data sanitized
DEBUG - 2022-10-13 17:08:21 --> Config file loaded: /hwonpark/www/application/config/tree.php
DEBUG - 2022-10-13 17:08:21 --> Encryption: Auto-configured driver 'openssl'.
DEBUG - 2022-10-13 17:08:21 --> Total execution time: 0.0381
DEBUG - 2022-10-13 17:08:32 --> UTF-8 Support Enabled
DEBUG - 2022-10-13 17:08:32 --> Global POST, GET and COOKIE data sanitized
DEBUG - 2022-10-13 17:08:32 --> Config file loaded: /hwonpark/www/application/config/tree.php
DEBUG - 2022-10-13 17:08:32 --> Encryption: Auto-configured driver 'openssl'.
DEBUG - 2022-10-13 17:08:32 --> Total execution time: 0.0372
DEBUG - 2022-10-13 17:09:13 --> UTF-8 Support Enabled
DEBUG - 2022-10-13 17:09:13 --> Global POST, GET and COOKIE data sanitized
DEBUG - 2022-10-13 17:09:13 --> Config file loaded: /hwonpark/www/application/config/tree.php
DEBUG - 2022-10-13 17:09:13 --> Encryption: Auto-configured driver 'openssl'.
DEBUG - 2022-10-13 17:09:14 --> UTF-8 Support Enabled
DEBUG - 2022-10-13 17:09:14 --> Global POST, GET and COOKIE data sanitized
DEBUG - 2022-10-13 17:09:14 --> Config file loaded: /hwonpark/www/application/config/tree.php
DEBUG - 2022-10-13 17:09:14 --> Encryption: Auto-configured driver 'openssl'.
DEBUG - 2022-10-13 17:09:14 --> Total execution time: 0.0407
DEBUG - 2022-10-13 17:09:17 --> UTF-8 Support Enabled
DEBUG - 2022-10-13 17:09:17 --> Global POST, GET and COOKIE data sanitized
DEBUG - 2022-10-13 17:09:17 --> Config file loaded: /hwonpark/www/application/config/tree.php
DEBUG - 2022-10-13 17:09:17 --> Encryption: Auto-configured driver 'openssl'.
DEBUG - 2022-10-13 17:09:17 --> Total execution time: 0.0391
DEBUG - 2022-10-13 17:09:34 --> UTF-8 Support Enabled
DEBUG - 2022-10-13 17:09:34 --> Global POST, GET and COOKIE data sanitized
DEBUG - 2022-10-13 17:09:34 --> Config file loaded: /hwonpark/www/application/config/tree.php
DEBUG - 2022-10-13 17:09:34 --> Encryption: Auto-configured driver 'openssl'.
DEBUG - 2022-10-13 17:09:34 --> Total execution time: 0.0405
DEBUG - 2022-10-13 17:09:38 --> UTF-8 Support Enabled
DEBUG - 2022-10-13 17:09:38 --> Global POST, GET and COOKIE data sanitized
DEBUG - 2022-10-13 17:09:38 --> Config file loaded: /hwonpark/www/application/config/tree.php
DEBUG - 2022-10-13 17:09:38 --> Encryption: Auto-configured driver 'openssl'.
DEBUG - 2022-10-13 17:09:38 --> Total execution time: 0.0680
DEBUG - 2022-10-13 17:09:44 --> UTF-8 Support Enabled
DEBUG - 2022-10-13 17:09:44 --> Global POST, GET and COOKIE data sanitized
DEBUG - 2022-10-13 17:09:44 --> Config file loaded: /hwonpark/www/application/config/tree.php
DEBUG - 2022-10-13 17:09:44 --> Encryption: Auto-configured driver 'openssl'.
DEBUG - 2022-10-13 17:09:44 --> Total execution time: 0.0355
DEBUG - 2022-10-13 17:09:46 --> UTF-8 Support Enabled
DEBUG - 2022-10-13 17:09:46 --> Global POST, GET and COOKIE data sanitized
DEBUG - 2022-10-13 17:09:46 --> Config file loaded: /hwonpark/www/application/config/tree.php
DEBUG - 2022-10-13 17:09:46 --> Encryption: Auto-configured driver 'openssl'.
DEBUG - 2022-10-13 17:09:46 --> Total execution time: 0.0674
DEBUG - 2022-10-13 17:09:57 --> UTF-8 Support Enabled
DEBUG - 2022-10-13 17:09:57 --> Global POST, GET and COOKIE data sanitized
DEBUG - 2022-10-13 17:09:57 --> Config file loaded: /hwonpark/www/application/config/tree.php
DEBUG - 2022-10-13 17:09:57 --> Encryption: Auto-configured driver 'openssl'.
DEBUG - 2022-10-13 17:09:57 --> Total execution time: 0.0363
DEBUG - 2022-10-13 17:10:23 --> UTF-8 Support Enabled
DEBUG - 2022-10-13 17:10:23 --> Global POST, GET and COOKIE data sanitized
DEBUG - 2022-10-13 17:10:23 --> Config file loaded: /hwonpark/www/application/config/tree.php
DEBUG - 2022-10-13 17:10:23 --> Encryption: Auto-configured driver 'openssl'.
DEBUG - 2022-10-13 17:10:24 --> UTF-8 Support Enabled
DEBUG - 2022-10-13 17:10:24 --> Global POST, GET and COOKIE data sanitized
DEBUG - 2022-10-13 17:10:24 --> Config file loaded: /hwonpark/www/application/config/tree.php
DEBUG - 2022-10-13 17:10:24 --> Encryption: Auto-configured driver 'openssl'.
DEBUG - 2022-10-13 17:10:24 --> Total execution time: 0.0356
DEBUG - 2022-10-13 17:33:12 --> UTF-8 Support Enabled
DEBUG - 2022-10-13 17:33:12 --> Global POST, GET and COOKIE data sanitized
DEBUG - 2022-10-13 17:33:12 --> Config file loaded: /hwonpark/www/application/config/tree.php
DEBUG - 2022-10-13 17:33:13 --> UTF-8 Support Enabled
DEBUG - 2022-10-13 17:33:13 --> No URI present. Default controller set.
DEBUG - 2022-10-13 17:33:13 --> Global POST, GET and COOKIE data sanitized
DEBUG - 2022-10-13 17:33:13 --> Config file loaded: /hwonpark/www/application/config/tree.php
DEBUG - 2022-10-13 17:33:13 --> Total execution time: 0.0314
DEBUG - 2022-10-13 17:33:49 --> UTF-8 Support Enabled
DEBUG - 2022-10-13 17:33:49 --> Global POST, GET and COOKIE data sanitized
DEBUG - 2022-10-13 17:33:49 --> Config file loaded: /hwonpark/www/application/config/tree.php
DEBUG - 2022-10-13 17:33:49 --> Total execution time: 0.0257
DEBUG - 2022-10-13 17:33:53 --> UTF-8 Support Enabled
DEBUG - 2022-10-13 17:33:53 --> Global POST, GET and COOKIE data sanitized
DEBUG - 2022-10-13 17:33:53 --> Config file loaded: /hwonpark/www/application/config/tree.php
DEBUG - 2022-10-13 17:33:53 --> Total execution time: 0.0598
DEBUG - 2022-10-13 17:34:06 --> UTF-8 Support Enabled
DEBUG - 2022-10-13 17:34:06 --> Global POST, GET and COOKIE data sanitized
DEBUG - 2022-10-13 17:34:06 --> Config file loaded: /hwonpark/www/application/config/tree.php
DEBUG - 2022-10-13 17:34:06 --> Total execution time: 0.0270
DEBUG - 2022-10-13 17:34:11 --> UTF-8 Support Enabled
DEBUG - 2022-10-13 17:34:11 --> Global POST, GET and COOKIE data sanitized
DEBUG - 2022-10-13 17:34:11 --> Config file loaded: /hwonpark/www/application/config/tree.php
DEBUG - 2022-10-13 17:34:13 --> UTF-8 Support Enabled
DEBUG - 2022-10-13 17:34:13 --> Global POST, GET and COOKIE data sanitized
DEBUG - 2022-10-13 17:34:13 --> Config file loaded: /hwonpark/www/application/config/tree.php
DEBUG - 2022-10-13 17:34:13 --> Encryption: Auto-configured driver 'openssl'.
DEBUG - 2022-10-13 17:34:13 --> UTF-8 Support Enabled
DEBUG - 2022-10-13 17:34:13 --> Global POST, GET and COOKIE data sanitized
DEBUG - 2022-10-13 17:34:13 --> Config file loaded: /hwonpark/www/application/config/tree.php
DEBUG - 2022-10-13 17:34:13 --> Encryption: Auto-configured driver 'openssl'.
DEBUG - 2022-10-13 17:34:13 --> Encryption class already loaded. Second attempt ignored.
DEBUG - 2022-10-13 17:34:13 --> Total execution time: 0.0435
DEBUG - 2022-10-13 17:34:14 --> UTF-8 Support Enabled
DEBUG - 2022-10-13 17:34:14 --> Global POST, GET and COOKIE data sanitized
DEBUG - 2022-10-13 17:34:14 --> Config file loaded: /hwonpark/www/application/config/tree.php
DEBUG - 2022-10-13 17:34:14 --> Encryption: Auto-configured driver 'openssl'.
DEBUG - 2022-10-13 17:34:14 --> Total execution time: 0.0371
DEBUG - 2022-10-13 17:34:23 --> UTF-8 Support Enabled
DEBUG - 2022-10-13 17:34:23 --> Global POST, GET and COOKIE data sanitized
DEBUG - 2022-10-13 17:34:23 --> Config file loaded: /hwonpark/www/application/config/tree.php
DEBUG - 2022-10-13 17:34:23 --> Encryption: Auto-configured driver 'openssl'.
DEBUG - 2022-10-13 17:34:23 --> Total execution time: 0.0377
DEBUG - 2022-10-13 17:34:24 --> UTF-8 Support Enabled
DEBUG - 2022-10-13 17:34:24 --> Global POST, GET and COOKIE data sanitized
DEBUG - 2022-10-13 17:34:24 --> Config file loaded: /hwonpark/www/application/config/tree.php
DEBUG - 2022-10-13 17:34:24 --> Encryption: Auto-configured driver 'openssl'.
DEBUG - 2022-10-13 17:34:24 --> Total execution time: 0.0451
DEBUG - 2022-10-13 17:34:25 --> UTF-8 Support Enabled
DEBUG - 2022-10-13 17:34:25 --> Global POST, GET and COOKIE data sanitized
DEBUG - 2022-10-13 17:34:25 --> Config file loaded: /hwonpark/www/application/config/tree.php
DEBUG - 2022-10-13 17:34:25 --> Encryption: Auto-configured driver 'openssl'.
DEBUG - 2022-10-13 17:34:25 --> Total execution time: 0.0385
DEBUG - 2022-10-13 17:34:28 --> UTF-8 Support Enabled
DEBUG - 2022-10-13 17:34:28 --> Global POST, GET and COOKIE data sanitized
DEBUG - 2022-10-13 17:34:28 --> Config file loaded: /hwonpark/www/application/config/tree.php
DEBUG - 2022-10-13 17:34:28 --> Encryption: Auto-configured driver 'openssl'.
DEBUG - 2022-10-13 17:34:28 --> Total execution time: 0.0378
DEBUG - 2022-10-13 17:34:29 --> UTF-8 Support Enabled
DEBUG - 2022-10-13 17:34:29 --> Global POST, GET and COOKIE data sanitized
DEBUG - 2022-10-13 17:34:29 --> Config file loaded: /hwonpark/www/application/config/tree.php
DEBUG - 2022-10-13 17:34:29 --> Encryption: Auto-configured driver 'openssl'.
DEBUG - 2022-10-13 17:34:29 --> Total execution time: 0.0347
DEBUG - 2022-10-13 17:34:49 --> UTF-8 Support Enabled
DEBUG - 2022-10-13 17:34:49 --> Global POST, GET and COOKIE data sanitized
DEBUG - 2022-10-13 17:34:49 --> Config file loaded: /hwonpark/www/application/config/tree.php
DEBUG - 2022-10-13 17:34:49 --> Encryption: Auto-configured driver 'openssl'.
DEBUG - 2022-10-13 17:34:50 --> UTF-8 Support Enabled
DEBUG - 2022-10-13 17:34:50 --> Global POST, GET and COOKIE data sanitized
DEBUG - 2022-10-13 17:34:50 --> Config file loaded: /hwonpark/www/application/config/tree.php
DEBUG - 2022-10-13 17:34:50 --> Encryption: Auto-configured driver 'openssl'.
DEBUG - 2022-10-13 17:34:50 --> Total execution time: 0.0711
DEBUG - 2022-10-13 17:34:52 --> UTF-8 Support Enabled
DEBUG - 2022-10-13 17:34:52 --> Global POST, GET and COOKIE data sanitized
DEBUG - 2022-10-13 17:34:52 --> Config file loaded: /hwonpark/www/application/config/tree.php
DEBUG - 2022-10-13 17:34:52 --> Encryption: Auto-configured driver 'openssl'.
DEBUG - 2022-10-13 17:34:52 --> Total execution time: 0.0381
