DEBUG - 2022-08-26 00:27:47 --> UTF-8 Support Enabled
DEBUG - 2022-08-26 00:27:47 --> Global POST, GET and COOKIE data sanitized
DEBUG - 2022-08-26 00:27:47 --> Config file loaded: /hwonpark/www/application/config/tree.php
DEBUG - 2022-08-26 00:27:47 --> Total execution time: 0.1165
DEBUG - 2022-08-26 00:27:52 --> UTF-8 Support Enabled
DEBUG - 2022-08-26 00:27:52 --> No URI present. Default controller set.
DEBUG - 2022-08-26 00:27:52 --> Global POST, GET and COOKIE data sanitized
DEBUG - 2022-08-26 00:27:52 --> Config file loaded: /hwonpark/www/application/config/tree.php
DEBUG - 2022-08-26 00:27:52 --> Total execution time: 0.0988
DEBUG - 2022-08-26 06:31:48 --> UTF-8 Support Enabled
DEBUG - 2022-08-26 06:31:48 --> No URI present. Default controller set.
DEBUG - 2022-08-26 06:31:49 --> Global POST, GET and COOKIE data sanitized
DEBUG - 2022-08-26 06:31:49 --> Config file loaded: /hwonpark/www/application/config/tree.php
DEBUG - 2022-08-26 06:31:49 --> Total execution time: 0.3303
DEBUG - 2022-08-26 06:31:50 --> UTF-8 Support Enabled
DEBUG - 2022-08-26 06:31:50 --> Global POST, GET and COOKIE data sanitized
ERROR - 2022-08-26 06:31:50 --> 404 Page Not Found: Faviconico/index
DEBUG - 2022-08-26 08:01:41 --> UTF-8 Support Enabled
DEBUG - 2022-08-26 08:01:41 --> No URI present. Default controller set.
DEBUG - 2022-08-26 08:01:41 --> Global POST, GET and COOKIE data sanitized
DEBUG - 2022-08-26 08:01:41 --> Config file loaded: /hwonpark/www/application/config/tree.php
DEBUG - 2022-08-26 08:01:41 --> UTF-8 Support Enabled
DEBUG - 2022-08-26 08:01:41 --> No URI present. Default controller set.
DEBUG - 2022-08-26 08:01:41 --> Global POST, GET and COOKIE data sanitized
DEBUG - 2022-08-26 08:01:41 --> Total execution time: 0.1974
DEBUG - 2022-08-26 08:01:41 --> Config file loaded: /hwonpark/www/application/config/tree.php
DEBUG - 2022-08-26 08:01:41 --> Total execution time: 0.0299
DEBUG - 2022-08-26 08:01:41 --> UTF-8 Support Enabled
DEBUG - 2022-08-26 08:01:41 --> Global POST, GET and COOKIE data sanitized
ERROR - 2022-08-26 08:01:41 --> 404 Page Not Found: Faviconico/index
DEBUG - 2022-08-26 08:01:47 --> UTF-8 Support Enabled
DEBUG - 2022-08-26 08:01:47 --> Global POST, GET and COOKIE data sanitized
DEBUG - 2022-08-26 08:01:47 --> Config file loaded: /hwonpark/www/application/config/tree.php
DEBUG - 2022-08-26 08:01:47 --> Total execution time: 0.1002
DEBUG - 2022-08-26 08:01:52 --> UTF-8 Support Enabled
DEBUG - 2022-08-26 08:01:52 --> No URI present. Default controller set.
DEBUG - 2022-08-26 08:01:52 --> Global POST, GET and COOKIE data sanitized
DEBUG - 2022-08-26 08:01:52 --> Config file loaded: /hwonpark/www/application/config/tree.php
DEBUG - 2022-08-26 08:01:52 --> Total execution time: 0.0638
DEBUG - 2022-08-26 08:02:07 --> UTF-8 Support Enabled
DEBUG - 2022-08-26 08:02:07 --> Global POST, GET and COOKIE data sanitized
DEBUG - 2022-08-26 08:02:07 --> Config file loaded: /hwonpark/www/application/config/tree.php
DEBUG - 2022-08-26 08:02:09 --> UTF-8 Support Enabled
DEBUG - 2022-08-26 08:02:09 --> Global POST, GET and COOKIE data sanitized
DEBUG - 2022-08-26 08:02:09 --> Config file loaded: /hwonpark/www/application/config/tree.php
DEBUG - 2022-08-26 08:02:09 --> Total execution time: 0.0316
DEBUG - 2022-08-26 08:02:10 --> UTF-8 Support Enabled
DEBUG - 2022-08-26 08:02:10 --> Global POST, GET and COOKIE data sanitized
DEBUG - 2022-08-26 08:02:10 --> Config file loaded: /hwonpark/www/application/config/tree.php
DEBUG - 2022-08-26 08:02:10 --> =================== DL_auth-> oauth::CALLBACK - 시작
DEBUG - 2022-08-26 08:02:10 --> =================== DL_auth-> oauth::CALLBACK - kakao param=:: error=
DEBUG - 2022-08-26 08:02:10 --> =================== DL_auth-> oauth::CALLBACK - kakao param=:: state=
DEBUG - 2022-08-26 08:02:10 --> =================== DL_auth-> oauth::CALLBACK - kakao param=:: code=N8k_qaMGYaqMeHyXW8ZGMUGTG0DVx-I5s46Mo27Dmxc92f_C45UtqldBMZEGRTpFz24WEAo9c-sAAAGC1z3W0w
DEBUG - 2022-08-26 08:02:10 --> =================== DL_auth -> kakao oauth :2: code=N8k_qaMGYaqMeHyXW8ZGMUGTG0DVx-I5s46Mo27Dmxc92f_C45UtqldBMZEGRTpFz24WEAo9c-sAAAGC1z3W0w
DEBUG - 2022-08-26 08:02:10 --> ====================Dl_auth -> kakao_login :: 시작
DEBUG - 2022-08-26 08:02:10 --> --------------------Dl_auth::kakao_login - 1.토큰요청 시작
DEBUG - 2022-08-26 08:02:10 --> Dl_auth::kakao_login - get_token 시작 n=2
DEBUG - 2022-08-26 08:02:10 --> --------------------Dl_auth::kakao_login - 1.2.토큰요청 시작 -> 기타브라우저
DEBUG - 2022-08-26 08:02:10 --> --------------------Dl_auth::kakao_login - 1.3.토큰요청
DEBUG - 2022-08-26 08:02:10 --> --------------------Dl_auth::kakao_login - 1.4.토큰요청 -> 성공
DEBUG - 2022-08-26 08:02:10 --> UTF-8 Support Enabled
DEBUG - 2022-08-26 08:02:10 --> Global POST, GET and COOKIE data sanitized
DEBUG - 2022-08-26 08:02:10 --> Config file loaded: /hwonpark/www/application/config/tree.php
DEBUG - 2022-08-26 08:02:10 --> =================== DL_auth-> oauth::CALLBACK - 시작
DEBUG - 2022-08-26 08:02:10 --> =================== DL_auth-> oauth::CALLBACK - kakao param=:: error=
DEBUG - 2022-08-26 08:02:10 --> =================== DL_auth-> oauth::CALLBACK - kakao param=:: state=
DEBUG - 2022-08-26 08:02:10 --> =================== DL_auth-> oauth::CALLBACK - kakao param=:: code=N8k_qaMGYaqMeHyXW8ZGMUGTG0DVx-I5s46Mo27Dmxc92f_C45UtqldBMZEGRTpFz24WEAo9c-sAAAGC1z3W0w
DEBUG - 2022-08-26 08:02:10 --> =================== DL_auth -> kakao oauth :2: code=N8k_qaMGYaqMeHyXW8ZGMUGTG0DVx-I5s46Mo27Dmxc92f_C45UtqldBMZEGRTpFz24WEAo9c-sAAAGC1z3W0w
DEBUG - 2022-08-26 08:02:10 --> ====================Dl_auth -> kakao_login :: 시작
DEBUG - 2022-08-26 08:02:10 --> ====================Dl_auth::kakao_login - 1.3.5- 사이트 회원정보 업데이트 성공(카카오 인증 완료) state=
DEBUG - 2022-08-26 08:02:12 --> UTF-8 Support Enabled
DEBUG - 2022-08-26 08:02:12 --> Global POST, GET and COOKIE data sanitized
DEBUG - 2022-08-26 08:02:12 --> Config file loaded: /hwonpark/www/application/config/tree.php
DEBUG - 2022-08-26 08:02:12 --> Encryption: Auto-configured driver 'openssl'.
DEBUG - 2022-08-26 08:02:12 --> Total execution time: 0.0751
DEBUG - 2022-08-26 08:02:16 --> UTF-8 Support Enabled
DEBUG - 2022-08-26 08:02:16 --> Global POST, GET and COOKIE data sanitized
DEBUG - 2022-08-26 08:02:16 --> Config file loaded: /hwonpark/www/application/config/tree.php
DEBUG - 2022-08-26 08:02:16 --> Encryption: Auto-configured driver 'openssl'.
DEBUG - 2022-08-26 08:02:16 --> Total execution time: 0.1244
DEBUG - 2022-08-26 08:02:46 --> UTF-8 Support Enabled
DEBUG - 2022-08-26 08:02:46 --> No URI present. Default controller set.
DEBUG - 2022-08-26 08:02:46 --> Global POST, GET and COOKIE data sanitized
DEBUG - 2022-08-26 08:02:46 --> Config file loaded: /hwonpark/www/application/config/tree.php
DEBUG - 2022-08-26 08:02:46 --> Encryption: Auto-configured driver 'openssl'.
DEBUG - 2022-08-26 08:02:46 --> Total execution time: 0.0299
DEBUG - 2022-08-26 08:46:31 --> UTF-8 Support Enabled
DEBUG - 2022-08-26 08:46:31 --> No URI present. Default controller set.
DEBUG - 2022-08-26 08:46:31 --> Global POST, GET and COOKIE data sanitized
DEBUG - 2022-08-26 08:46:31 --> Config file loaded: /hwonpark/www/application/config/tree.php
DEBUG - 2022-08-26 08:46:31 --> Total execution time: 0.0318
DEBUG - 2022-08-26 08:46:31 --> UTF-8 Support Enabled
DEBUG - 2022-08-26 08:46:31 --> No URI present. Default controller set.
DEBUG - 2022-08-26 08:46:31 --> Global POST, GET and COOKIE data sanitized
DEBUG - 2022-08-26 08:46:31 --> Config file loaded: /hwonpark/www/application/config/tree.php
DEBUG - 2022-08-26 08:46:31 --> Total execution time: 0.0286
DEBUG - 2022-08-26 08:46:32 --> UTF-8 Support Enabled
DEBUG - 2022-08-26 08:46:32 --> Global POST, GET and COOKIE data sanitized
ERROR - 2022-08-26 08:46:32 --> 404 Page Not Found: Faviconico/index
DEBUG - 2022-08-26 08:46:34 --> UTF-8 Support Enabled
DEBUG - 2022-08-26 08:46:34 --> Global POST, GET and COOKIE data sanitized
DEBUG - 2022-08-26 08:46:34 --> Config file loaded: /hwonpark/www/application/config/tree.php
DEBUG - 2022-08-26 08:46:36 --> UTF-8 Support Enabled
DEBUG - 2022-08-26 08:46:36 --> Global POST, GET and COOKIE data sanitized
DEBUG - 2022-08-26 08:46:36 --> Config file loaded: /hwonpark/www/application/config/tree.php
DEBUG - 2022-08-26 08:46:36 --> Total execution time: 0.0300
DEBUG - 2022-08-26 08:46:50 --> UTF-8 Support Enabled
DEBUG - 2022-08-26 08:46:50 --> Global POST, GET and COOKIE data sanitized
DEBUG - 2022-08-26 08:46:50 --> Config file loaded: /hwonpark/www/application/config/tree.php
DEBUG - 2022-08-26 08:46:50 --> =================== DL_auth-> oauth::CALLBACK - 시작
DEBUG - 2022-08-26 08:46:50 --> =================== DL_auth-> oauth::CALLBACK - kakao param=:: error=
DEBUG - 2022-08-26 08:46:50 --> =================== DL_auth-> oauth::CALLBACK - kakao param=:: state=
DEBUG - 2022-08-26 08:46:50 --> =================== DL_auth-> oauth::CALLBACK - kakao param=:: code=x5lpdvBjqvrMYgUCS20E2c0sK_xpuWHI17XRLRe6meSoxbcy_iYpZb9CtsHt_pXnepm0mgorDKcAAAGC12a7fg
DEBUG - 2022-08-26 08:46:50 --> =================== DL_auth -> kakao oauth :2: code=x5lpdvBjqvrMYgUCS20E2c0sK_xpuWHI17XRLRe6meSoxbcy_iYpZb9CtsHt_pXnepm0mgorDKcAAAGC12a7fg
DEBUG - 2022-08-26 08:46:50 --> ====================Dl_auth -> kakao_login :: 시작
DEBUG - 2022-08-26 08:46:50 --> --------------------Dl_auth::kakao_login - 1.토큰요청 시작
DEBUG - 2022-08-26 08:46:50 --> Dl_auth::kakao_login - get_token 시작 n=2
DEBUG - 2022-08-26 08:46:50 --> --------------------Dl_auth::kakao_login - 1.2.토큰요청 시작 -> 기타브라우저
DEBUG - 2022-08-26 08:46:50 --> --------------------Dl_auth::kakao_login - 1.3.토큰요청
DEBUG - 2022-08-26 08:46:50 --> --------------------Dl_auth::kakao_login - 1.4.토큰요청 -> 성공
DEBUG - 2022-08-26 08:46:50 --> UTF-8 Support Enabled
DEBUG - 2022-08-26 08:46:50 --> Global POST, GET and COOKIE data sanitized
DEBUG - 2022-08-26 08:46:50 --> Config file loaded: /hwonpark/www/application/config/tree.php
DEBUG - 2022-08-26 08:46:50 --> =================== DL_auth-> oauth::CALLBACK - 시작
DEBUG - 2022-08-26 08:46:50 --> =================== DL_auth-> oauth::CALLBACK - kakao param=:: error=
DEBUG - 2022-08-26 08:46:50 --> =================== DL_auth-> oauth::CALLBACK - kakao param=:: state=
DEBUG - 2022-08-26 08:46:50 --> =================== DL_auth-> oauth::CALLBACK - kakao param=:: code=x5lpdvBjqvrMYgUCS20E2c0sK_xpuWHI17XRLRe6meSoxbcy_iYpZb9CtsHt_pXnepm0mgorDKcAAAGC12a7fg
DEBUG - 2022-08-26 08:46:50 --> =================== DL_auth -> kakao oauth :2: code=x5lpdvBjqvrMYgUCS20E2c0sK_xpuWHI17XRLRe6meSoxbcy_iYpZb9CtsHt_pXnepm0mgorDKcAAAGC12a7fg
DEBUG - 2022-08-26 08:46:50 --> ====================Dl_auth -> kakao_login :: 시작
DEBUG - 2022-08-26 08:46:50 --> ====================Dl_auth::kakao_login - 1.3.5- 사이트 회원정보 업데이트 성공(카카오 인증 완료) state=
DEBUG - 2022-08-26 08:46:51 --> UTF-8 Support Enabled
DEBUG - 2022-08-26 08:46:51 --> Global POST, GET and COOKIE data sanitized
DEBUG - 2022-08-26 08:46:51 --> Config file loaded: /hwonpark/www/application/config/tree.php
DEBUG - 2022-08-26 08:46:51 --> Encryption: Auto-configured driver 'openssl'.
DEBUG - 2022-08-26 08:46:51 --> Total execution time: 0.0340
DEBUG - 2022-08-26 08:46:53 --> UTF-8 Support Enabled
DEBUG - 2022-08-26 08:46:53 --> Global POST, GET and COOKIE data sanitized
DEBUG - 2022-08-26 08:46:53 --> Config file loaded: /hwonpark/www/application/config/tree.php
DEBUG - 2022-08-26 08:46:53 --> Encryption: Auto-configured driver 'openssl'.
DEBUG - 2022-08-26 08:46:53 --> Total execution time: 0.0521
DEBUG - 2022-08-26 09:27:28 --> UTF-8 Support Enabled
DEBUG - 2022-08-26 09:27:28 --> Global POST, GET and COOKIE data sanitized
DEBUG - 2022-08-26 09:27:28 --> Config file loaded: /hwonpark/www/application/config/tree.php
DEBUG - 2022-08-26 09:27:28 --> Total execution time: 0.0318
DEBUG - 2022-08-26 09:27:40 --> UTF-8 Support Enabled
DEBUG - 2022-08-26 09:27:40 --> Global POST, GET and COOKIE data sanitized
ERROR - 2022-08-26 09:27:40 --> 404 Page Not Found: Faviconico/index
DEBUG - 2022-08-26 10:08:15 --> UTF-8 Support Enabled
DEBUG - 2022-08-26 10:08:15 --> Global POST, GET and COOKIE data sanitized
DEBUG - 2022-08-26 10:08:15 --> Config file loaded: /hwonpark/www/application/config/tree.php
DEBUG - 2022-08-26 10:08:15 --> Total execution time: 0.0320
DEBUG - 2022-08-26 10:08:16 --> UTF-8 Support Enabled
DEBUG - 2022-08-26 10:08:16 --> Global POST, GET and COOKIE data sanitized
ERROR - 2022-08-26 10:08:16 --> 404 Page Not Found: Faviconico/index
DEBUG - 2022-08-26 10:08:22 --> UTF-8 Support Enabled
DEBUG - 2022-08-26 10:08:22 --> Global POST, GET and COOKIE data sanitized
DEBUG - 2022-08-26 10:08:22 --> Config file loaded: /hwonpark/www/application/config/tree.php
DEBUG - 2022-08-26 10:08:22 --> Total execution time: 0.0910
DEBUG - 2022-08-26 10:08:29 --> UTF-8 Support Enabled
DEBUG - 2022-08-26 10:08:29 --> No URI present. Default controller set.
DEBUG - 2022-08-26 10:08:29 --> Global POST, GET and COOKIE data sanitized
DEBUG - 2022-08-26 10:08:29 --> Config file loaded: /hwonpark/www/application/config/tree.php
DEBUG - 2022-08-26 10:08:29 --> Total execution time: 0.0290
DEBUG - 2022-08-26 10:08:36 --> UTF-8 Support Enabled
DEBUG - 2022-08-26 10:08:36 --> No URI present. Default controller set.
DEBUG - 2022-08-26 10:08:36 --> Global POST, GET and COOKIE data sanitized
DEBUG - 2022-08-26 10:08:36 --> Config file loaded: /hwonpark/www/application/config/tree.php
DEBUG - 2022-08-26 10:08:36 --> Total execution time: 0.0383
DEBUG - 2022-08-26 10:09:25 --> UTF-8 Support Enabled
DEBUG - 2022-08-26 10:09:25 --> No URI present. Default controller set.
DEBUG - 2022-08-26 10:09:25 --> Global POST, GET and COOKIE data sanitized
DEBUG - 2022-08-26 10:09:25 --> Config file loaded: /hwonpark/www/application/config/tree.php
DEBUG - 2022-08-26 10:09:25 --> Total execution time: 0.0594
DEBUG - 2022-08-26 10:12:37 --> UTF-8 Support Enabled
DEBUG - 2022-08-26 10:12:37 --> No URI present. Default controller set.
DEBUG - 2022-08-26 10:12:37 --> Global POST, GET and COOKIE data sanitized
DEBUG - 2022-08-26 10:12:37 --> Config file loaded: /hwonpark/www/application/config/tree.php
DEBUG - 2022-08-26 10:12:37 --> Total execution time: 0.0385
DEBUG - 2022-08-26 11:27:26 --> UTF-8 Support Enabled
DEBUG - 2022-08-26 11:27:26 --> Global POST, GET and COOKIE data sanitized
DEBUG - 2022-08-26 11:27:26 --> Config file loaded: /hwonpark/www/application/config/tree.php
DEBUG - 2022-08-26 11:27:26 --> Total execution time: 0.0324
DEBUG - 2022-08-26 11:27:32 --> UTF-8 Support Enabled
DEBUG - 2022-08-26 11:27:32 --> Global POST, GET and COOKIE data sanitized
DEBUG - 2022-08-26 11:27:32 --> Config file loaded: /hwonpark/www/application/config/tree.php
DEBUG - 2022-08-26 11:27:33 --> UTF-8 Support Enabled
DEBUG - 2022-08-26 11:27:33 --> Global POST, GET and COOKIE data sanitized
DEBUG - 2022-08-26 11:27:33 --> Config file loaded: /hwonpark/www/application/config/tree.php
DEBUG - 2022-08-26 11:27:33 --> Encryption: Auto-configured driver 'openssl'.
DEBUG - 2022-08-26 11:27:33 --> UTF-8 Support Enabled
DEBUG - 2022-08-26 11:27:33 --> Global POST, GET and COOKIE data sanitized
DEBUG - 2022-08-26 11:27:33 --> Config file loaded: /hwonpark/www/application/config/tree.php
DEBUG - 2022-08-26 11:27:33 --> Encryption: Auto-configured driver 'openssl'.
DEBUG - 2022-08-26 11:27:33 --> Encryption class already loaded. Second attempt ignored.
DEBUG - 2022-08-26 11:27:33 --> Total execution time: 0.0557
DEBUG - 2022-08-26 11:27:35 --> UTF-8 Support Enabled
DEBUG - 2022-08-26 11:27:35 --> Global POST, GET and COOKIE data sanitized
DEBUG - 2022-08-26 11:27:35 --> Config file loaded: /hwonpark/www/application/config/tree.php
DEBUG - 2022-08-26 11:27:35 --> Encryption: Auto-configured driver 'openssl'.
DEBUG - 2022-08-26 11:27:35 --> Total execution time: 0.0401
DEBUG - 2022-08-26 11:27:36 --> UTF-8 Support Enabled
DEBUG - 2022-08-26 11:27:36 --> Global POST, GET and COOKIE data sanitized
DEBUG - 2022-08-26 11:27:36 --> Config file loaded: /hwonpark/www/application/config/tree.php
DEBUG - 2022-08-26 11:27:36 --> Encryption: Auto-configured driver 'openssl'.
DEBUG - 2022-08-26 11:27:36 --> Total execution time: 0.0548
DEBUG - 2022-08-26 11:29:49 --> UTF-8 Support Enabled
DEBUG - 2022-08-26 11:29:49 --> Global POST, GET and COOKIE data sanitized
DEBUG - 2022-08-26 11:29:49 --> Config file loaded: /hwonpark/www/application/config/tree.php
DEBUG - 2022-08-26 11:29:49 --> Encryption: Auto-configured driver 'openssl'.
DEBUG - 2022-08-26 11:29:49 --> Total execution time: 0.0396
DEBUG - 2022-08-26 11:29:52 --> UTF-8 Support Enabled
DEBUG - 2022-08-26 11:29:52 --> Global POST, GET and COOKIE data sanitized
DEBUG - 2022-08-26 11:29:52 --> Config file loaded: /hwonpark/www/application/config/tree.php
DEBUG - 2022-08-26 11:29:52 --> Encryption: Auto-configured driver 'openssl'.
DEBUG - 2022-08-26 11:29:52 --> Total execution time: 0.0537
DEBUG - 2022-08-26 11:30:04 --> UTF-8 Support Enabled
DEBUG - 2022-08-26 11:30:04 --> Global POST, GET and COOKIE data sanitized
DEBUG - 2022-08-26 11:30:04 --> Config file loaded: /hwonpark/www/application/config/tree.php
DEBUG - 2022-08-26 11:30:04 --> Encryption: Auto-configured driver 'openssl'.
DEBUG - 2022-08-26 11:30:04 --> Total execution time: 0.0674
DEBUG - 2022-08-26 11:31:29 --> UTF-8 Support Enabled
DEBUG - 2022-08-26 11:31:29 --> Global POST, GET and COOKIE data sanitized
DEBUG - 2022-08-26 11:31:29 --> Config file loaded: /hwonpark/www/application/config/tree.php
DEBUG - 2022-08-26 11:31:29 --> --------------------DC_common::chk_perm - 1.인가코드요청 시작 -> if 인앱브라우저
DEBUG - 2022-08-26 11:31:29 --> UTF-8 Support Enabled
DEBUG - 2022-08-26 11:31:29 --> Global POST, GET and COOKIE data sanitized
DEBUG - 2022-08-26 11:31:29 --> Config file loaded: /hwonpark/www/application/config/tree.php
DEBUG - 2022-08-26 11:31:29 --> =================== DL_auth-> oauth::CALLBACK - 시작
DEBUG - 2022-08-26 11:31:29 --> =================== DL_auth-> oauth::CALLBACK - kakao param=:: error=
DEBUG - 2022-08-26 11:31:29 --> =================== DL_auth-> oauth::CALLBACK - kakao param=:: state=/ko/brief/view?idx=31
DEBUG - 2022-08-26 11:31:29 --> =================== DL_auth-> oauth::CALLBACK - kakao param=:: code=lgGtf9BHVtNofgs4HiyW7LNY5A-toiO6Z25VgAbnnIlqXtJGViBG8M9lWlBW4ng4FFVlAAorDNMAAAGC1_16Wg
DEBUG - 2022-08-26 11:31:29 --> =================== DL_auth -> kakao oauth :2: code=lgGtf9BHVtNofgs4HiyW7LNY5A-toiO6Z25VgAbnnIlqXtJGViBG8M9lWlBW4ng4FFVlAAorDNMAAAGC1_16Wg
DEBUG - 2022-08-26 11:31:29 --> ====================Dl_auth -> kakao_login :: 시작
DEBUG - 2022-08-26 11:31:29 --> --------------------Dl_auth::kakao_login - 1.토큰요청 시작
DEBUG - 2022-08-26 11:31:29 --> Dl_auth::kakao_login - get_token 시작 n=2
DEBUG - 2022-08-26 11:31:29 --> --------------------Dl_auth::kakao_login - 1.2.토큰요청 시작 -> 기타브라우저
DEBUG - 2022-08-26 11:31:29 --> --------------------Dl_auth::kakao_login - 1.3.토큰요청
DEBUG - 2022-08-26 11:31:29 --> --------------------Dl_auth::kakao_login - 1.4.토큰요청 -> 성공
DEBUG - 2022-08-26 11:31:29 --> UTF-8 Support Enabled
DEBUG - 2022-08-26 11:31:29 --> Global POST, GET and COOKIE data sanitized
DEBUG - 2022-08-26 11:31:30 --> Config file loaded: /hwonpark/www/application/config/tree.php
DEBUG - 2022-08-26 11:31:30 --> =================== DL_auth-> oauth::CALLBACK - 시작
DEBUG - 2022-08-26 11:31:30 --> =================== DL_auth-> oauth::CALLBACK - kakao param=:: error=
DEBUG - 2022-08-26 11:31:30 --> =================== DL_auth-> oauth::CALLBACK - kakao param=:: state=/ko/brief/view?idx=31
DEBUG - 2022-08-26 11:31:30 --> =================== DL_auth-> oauth::CALLBACK - kakao param=:: code=lgGtf9BHVtNofgs4HiyW7LNY5A-toiO6Z25VgAbnnIlqXtJGViBG8M9lWlBW4ng4FFVlAAorDNMAAAGC1_16Wg
DEBUG - 2022-08-26 11:31:30 --> =================== DL_auth -> kakao oauth :2: code=lgGtf9BHVtNofgs4HiyW7LNY5A-toiO6Z25VgAbnnIlqXtJGViBG8M9lWlBW4ng4FFVlAAorDNMAAAGC1_16Wg
DEBUG - 2022-08-26 11:31:30 --> ====================Dl_auth -> kakao_login :: 시작
DEBUG - 2022-08-26 11:31:30 --> ====================Dl_auth::kakao_login - 1.3.5- 사이트 회원정보 업데이트 성공(카카오 인증 완료) state=/ko/brief/view?idx=31
DEBUG - 2022-08-26 11:31:30 --> UTF-8 Support Enabled
DEBUG - 2022-08-26 11:31:30 --> Global POST, GET and COOKIE data sanitized
DEBUG - 2022-08-26 11:31:30 --> Config file loaded: /hwonpark/www/application/config/tree.php
DEBUG - 2022-08-26 11:31:30 --> Encryption: Auto-configured driver 'openssl'.
DEBUG - 2022-08-26 11:31:30 --> --------------------DC_common::chk_perm - 1.인가코드요청 시작 -> if 인앱브라우저
DEBUG - 2022-08-26 11:31:30 --> Total execution time: 0.0554
DEBUG - 2022-08-26 13:32:25 --> UTF-8 Support Enabled
DEBUG - 2022-08-26 13:32:25 --> No URI present. Default controller set.
DEBUG - 2022-08-26 13:32:25 --> Global POST, GET and COOKIE data sanitized
DEBUG - 2022-08-26 13:32:25 --> Config file loaded: /hwonpark/www/application/config/tree.php
DEBUG - 2022-08-26 13:32:25 --> Total execution time: 0.0617
DEBUG - 2022-08-26 13:32:25 --> UTF-8 Support Enabled
DEBUG - 2022-08-26 13:32:25 --> No URI present. Default controller set.
DEBUG - 2022-08-26 13:32:25 --> Global POST, GET and COOKIE data sanitized
DEBUG - 2022-08-26 13:32:25 --> Config file loaded: /hwonpark/www/application/config/tree.php
DEBUG - 2022-08-26 13:32:25 --> Total execution time: 0.0346
DEBUG - 2022-08-26 13:32:26 --> UTF-8 Support Enabled
DEBUG - 2022-08-26 13:32:26 --> Global POST, GET and COOKIE data sanitized
ERROR - 2022-08-26 13:32:26 --> 404 Page Not Found: Faviconico/index
DEBUG - 2022-08-26 13:32:29 --> UTF-8 Support Enabled
DEBUG - 2022-08-26 13:32:29 --> Global POST, GET and COOKIE data sanitized
DEBUG - 2022-08-26 13:32:29 --> Config file loaded: /hwonpark/www/application/config/tree.php
DEBUG - 2022-08-26 13:32:29 --> Total execution time: 0.0720
DEBUG - 2022-08-26 14:35:07 --> UTF-8 Support Enabled
DEBUG - 2022-08-26 14:35:07 --> No URI present. Default controller set.
DEBUG - 2022-08-26 14:35:07 --> Global POST, GET and COOKIE data sanitized
DEBUG - 2022-08-26 14:35:07 --> Config file loaded: /hwonpark/www/application/config/tree.php
DEBUG - 2022-08-26 14:35:07 --> Total execution time: 0.0368
DEBUG - 2022-08-26 14:35:15 --> UTF-8 Support Enabled
DEBUG - 2022-08-26 14:35:15 --> Global POST, GET and COOKIE data sanitized
ERROR - 2022-08-26 14:35:15 --> 404 Page Not Found: Faviconico/index
DEBUG - 2022-08-26 14:50:54 --> UTF-8 Support Enabled
DEBUG - 2022-08-26 14:50:54 --> Global POST, GET and COOKIE data sanitized
DEBUG - 2022-08-26 14:50:54 --> Config file loaded: /hwonpark/www/application/config/tree.php
DEBUG - 2022-08-26 14:50:54 --> --------------------DC_common::chk_perm - 1.인가코드요청 시작 -> if 인앱브라우저
DEBUG - 2022-08-26 14:50:54 --> UTF-8 Support Enabled
DEBUG - 2022-08-26 14:50:54 --> Global POST, GET and COOKIE data sanitized
ERROR - 2022-08-26 14:50:54 --> 404 Page Not Found: Faviconico/index
DEBUG - 2022-08-26 14:50:54 --> UTF-8 Support Enabled
DEBUG - 2022-08-26 14:50:54 --> Global POST, GET and COOKIE data sanitized
DEBUG - 2022-08-26 14:50:54 --> Config file loaded: /hwonpark/www/application/config/tree.php
DEBUG - 2022-08-26 14:50:54 --> =================== DL_auth-> oauth::CALLBACK - 시작
DEBUG - 2022-08-26 14:50:54 --> =================== DL_auth-> oauth::CALLBACK - kakao param=:: error=
DEBUG - 2022-08-26 14:50:54 --> =================== DL_auth-> oauth::CALLBACK - kakao param=:: state=/ko/pr/view?idx=66
DEBUG - 2022-08-26 14:50:54 --> =================== DL_auth-> oauth::CALLBACK - kakao param=:: code=cmqGJ7dgZAkckTy1uzq1tsArqRvzAch3fK0ecoIuRvF3E9WZN-yCdfEfMhoOHqhHOYZQ9go9c5sAAAGC2LQNwA
DEBUG - 2022-08-26 14:50:54 --> =================== DL_auth -> kakao oauth :2: code=cmqGJ7dgZAkckTy1uzq1tsArqRvzAch3fK0ecoIuRvF3E9WZN-yCdfEfMhoOHqhHOYZQ9go9c5sAAAGC2LQNwA
DEBUG - 2022-08-26 14:50:54 --> ====================Dl_auth -> kakao_login :: 시작
DEBUG - 2022-08-26 14:50:54 --> --------------------Dl_auth::kakao_login - 1.토큰요청 시작
DEBUG - 2022-08-26 14:50:54 --> Dl_auth::kakao_login - get_token 시작 n=2
DEBUG - 2022-08-26 14:50:54 --> --------------------Dl_auth::kakao_login - 1.2.토큰요청 시작 -> 기타브라우저
DEBUG - 2022-08-26 14:50:54 --> --------------------Dl_auth::kakao_login - 1.3.토큰요청
DEBUG - 2022-08-26 14:50:55 --> --------------------Dl_auth::kakao_login - 1.4.토큰요청 -> 성공
DEBUG - 2022-08-26 14:50:55 --> UTF-8 Support Enabled
DEBUG - 2022-08-26 14:50:55 --> Global POST, GET and COOKIE data sanitized
DEBUG - 2022-08-26 14:50:55 --> Config file loaded: /hwonpark/www/application/config/tree.php
DEBUG - 2022-08-26 14:50:55 --> =================== DL_auth-> oauth::CALLBACK - 시작
DEBUG - 2022-08-26 14:50:55 --> =================== DL_auth-> oauth::CALLBACK - kakao param=:: error=
DEBUG - 2022-08-26 14:50:55 --> =================== DL_auth-> oauth::CALLBACK - kakao param=:: state=/ko/pr/view?idx=66
DEBUG - 2022-08-26 14:50:55 --> =================== DL_auth-> oauth::CALLBACK - kakao param=:: code=cmqGJ7dgZAkckTy1uzq1tsArqRvzAch3fK0ecoIuRvF3E9WZN-yCdfEfMhoOHqhHOYZQ9go9c5sAAAGC2LQNwA
DEBUG - 2022-08-26 14:50:55 --> =================== DL_auth -> kakao oauth :2: code=cmqGJ7dgZAkckTy1uzq1tsArqRvzAch3fK0ecoIuRvF3E9WZN-yCdfEfMhoOHqhHOYZQ9go9c5sAAAGC2LQNwA
DEBUG - 2022-08-26 14:50:55 --> ====================Dl_auth -> kakao_login :: 시작
DEBUG - 2022-08-26 14:50:55 --> ====================Dl_auth::kakao_login - 1.3.5- 사이트 회원정보 업데이트 성공(카카오 인증 완료) state=/ko/pr/view?idx=66
DEBUG - 2022-08-26 14:50:55 --> UTF-8 Support Enabled
DEBUG - 2022-08-26 14:50:55 --> Global POST, GET and COOKIE data sanitized
DEBUG - 2022-08-26 14:50:55 --> Config file loaded: /hwonpark/www/application/config/tree.php
DEBUG - 2022-08-26 14:50:55 --> Encryption: Auto-configured driver 'openssl'.
DEBUG - 2022-08-26 14:50:55 --> --------------------DC_common::chk_perm - 1.인가코드요청 시작 -> if 인앱브라우저
DEBUG - 2022-08-26 14:50:55 --> Total execution time: 0.0849
DEBUG - 2022-08-26 15:34:09 --> UTF-8 Support Enabled
DEBUG - 2022-08-26 15:34:09 --> No URI present. Default controller set.
DEBUG - 2022-08-26 15:34:09 --> Global POST, GET and COOKIE data sanitized
DEBUG - 2022-08-26 15:34:09 --> Config file loaded: /hwonpark/www/application/config/tree.php
DEBUG - 2022-08-26 15:34:09 --> Total execution time: 0.1993
DEBUG - 2022-08-26 15:34:22 --> UTF-8 Support Enabled
DEBUG - 2022-08-26 15:34:22 --> Global POST, GET and COOKIE data sanitized
ERROR - 2022-08-26 15:34:22 --> 404 Page Not Found: Faviconico/index
DEBUG - 2022-08-26 16:23:16 --> UTF-8 Support Enabled
DEBUG - 2022-08-26 16:23:16 --> Global POST, GET and COOKIE data sanitized
DEBUG - 2022-08-26 16:23:16 --> Config file loaded: /hwonpark/www/application/config/tree.php
DEBUG - 2022-08-26 16:23:16 --> Total execution time: 0.0871
DEBUG - 2022-08-26 16:24:03 --> UTF-8 Support Enabled
DEBUG - 2022-08-26 16:24:03 --> Global POST, GET and COOKIE data sanitized
DEBUG - 2022-08-26 16:24:03 --> Config file loaded: /hwonpark/www/application/config/tree.php
DEBUG - 2022-08-26 16:24:05 --> UTF-8 Support Enabled
DEBUG - 2022-08-26 16:24:05 --> Global POST, GET and COOKIE data sanitized
DEBUG - 2022-08-26 16:24:05 --> Config file loaded: /hwonpark/www/application/config/tree.php
DEBUG - 2022-08-26 16:24:05 --> Total execution time: 0.0302
